ARM GAS  C:\Users\adria\AppData\Local\Temp\cci9mC4i.s 			page 1


   1              		.syntax unified
   2              		.cpu cortex-m3
   3              		.fpu softvfp
   4              		.eabi_attribute 20, 1
   5              		.eabi_attribute 21, 1
   6              		.eabi_attribute 23, 3
   7              		.eabi_attribute 24, 1
   8              		.eabi_attribute 25, 1
   9              		.eabi_attribute 26, 1
  10              		.eabi_attribute 30, 1
  11              		.eabi_attribute 34, 1
  12              		.eabi_attribute 18, 4
  13              		.thumb
  14              		.syntax unified
  15              		.file	"cymetadata.c"
  16              		.text
  17              	.Ltext0:
  18              		.cfi_sections	.debug_frame
  19              		.global	cy_metadata
  20              		.global	cy_meta_flashprotect
  21              		.global	cy_meta_wonvl
  22              		.global	cy_meta_custnvl
  23              		.global	cy_meta_configecc
  24              		.section	.cyconfigecc,"a",%progbits
  25              		.align	2
  26              		.type	cy_meta_configecc, %object
  27              		.size	cy_meta_configecc, 612
  28              	cy_meta_configecc:
  29 0000 05       		.byte	5
  30 0001 52       		.byte	82
  31 0002 00       		.byte	0
  32 0003 40       		.byte	64
  33 0004 01       		.byte	1
  34 0005 64       		.byte	100
  35 0006 00       		.byte	0
  36 0007 40       		.byte	64
  37 0008 01       		.byte	1
  38 0009 03       		.byte	3
  39 000a 01       		.byte	1
  40 000b 40       		.byte	64
  41 000c 02       		.byte	2
  42 000d 05       		.byte	5
  43 000e 01       		.byte	1
  44 000f 40       		.byte	64
  45 0010 41       		.byte	65
  46 0011 08       		.byte	8
  47 0012 01       		.byte	1
  48 0013 40       		.byte	64
  49 0014 2F       		.byte	47
  50 0015 09       		.byte	9
  51 0016 01       		.byte	1
  52 0017 40       		.byte	64
  53 0018 0B       		.byte	11
  54 0019 0B       		.byte	11
  55 001a 01       		.byte	1
  56 001b 40       		.byte	64
  57 001c 09       		.byte	9
ARM GAS  C:\Users\adria\AppData\Local\Temp\cci9mC4i.s 			page 2


  58 001d 0C       		.byte	12
  59 001e 01       		.byte	1
  60 001f 40       		.byte	64
  61 0020 0A       		.byte	10
  62 0021 0D       		.byte	13
  63 0022 01       		.byte	1
  64 0023 40       		.byte	64
  65 0024 02       		.byte	2
  66 0025 15       		.byte	21
  67 0026 01       		.byte	1
  68 0027 40       		.byte	64
  69 0028 01       		.byte	1
  70 0029 17       		.byte	23
  71 002a 01       		.byte	1
  72 002b 40       		.byte	64
  73 002c 07       		.byte	7
  74 002d 19       		.byte	25
  75 002e 01       		.byte	1
  76 002f 40       		.byte	64
  77 0030 04       		.byte	4
  78 0031 1B       		.byte	27
  79 0032 01       		.byte	1
  80 0033 40       		.byte	64
  81 0034 06       		.byte	6
  82 0035 40       		.byte	64
  83 0036 01       		.byte	1
  84 0037 40       		.byte	64
  85 0038 05       		.byte	5
  86 0039 41       		.byte	65
  87 003a 01       		.byte	1
  88 003b 40       		.byte	64
  89 003c 04       		.byte	4
  90 003d 42       		.byte	66
  91 003e 01       		.byte	1
  92 003f 40       		.byte	64
  93 0040 0A       		.byte	10
  94 0041 45       		.byte	69
  95 0042 01       		.byte	1
  96 0043 40       		.byte	64
  97 0044 09       		.byte	9
  98 0045 46       		.byte	70
  99 0046 01       		.byte	1
 100 0047 40       		.byte	64
 101 0048 09       		.byte	9
 102 0049 47       		.byte	71
 103 004a 01       		.byte	1
 104 004b 40       		.byte	64
 105 004c 04       		.byte	4
 106 004d 48       		.byte	72
 107 004e 01       		.byte	1
 108 004f 40       		.byte	64
 109 0050 07       		.byte	7
 110 0051 49       		.byte	73
 111 0052 01       		.byte	1
 112 0053 40       		.byte	64
 113 0054 10       		.byte	16
 114 0055 4C       		.byte	76
ARM GAS  C:\Users\adria\AppData\Local\Temp\cci9mC4i.s 			page 3


 115 0056 01       		.byte	1
 116 0057 40       		.byte	64
 117 0058 02       		.byte	2
 118 0059 50       		.byte	80
 119 005a 01       		.byte	1
 120 005b 40       		.byte	64
 121 005c 01       		.byte	1
 122 005d 51       		.byte	81
 123 005e 01       		.byte	1
 124 005f 40       		.byte	64
 125 0060 01       		.byte	1
 126 0061 80       		.byte	-128
 127 0062 08       		.byte	8
 128 0063 94       		.byte	-108
 129 0064 09       		.byte	9
 130 0065 C0       		.byte	-64
 131 0066 10       		.byte	16
 132 0067 9C       		.byte	-100
 133 0068 11       		.byte	17
 134 0069 34       		.byte	52
 135 006a 88       		.byte	-120
 136 006b 0D       		.byte	13
 137 006c EC       		.byte	-20
 138 006d 08       		.byte	8
 139 006e E6       		.byte	-26
 140 006f 10       		.byte	16
 141 0070 EE       		.byte	-18
 142 0071 01       		.byte	1
 143 0072 02       		.byte	2
 144 0073 01       		.byte	1
 145 0074 0E       		.byte	14
 146 0075 02       		.byte	2
 147 0076 16       		.byte	22
 148 0077 0E       		.byte	14
 149 0078 17       		.byte	23
 150 0079 02       		.byte	2
 151 007a 1B       		.byte	27
 152 007b 01       		.byte	1
 153 007c 24       		.byte	36
 154 007d 10       		.byte	16
 155 007e 26       		.byte	38
 156 007f 04       		.byte	4
 157 0080 28       		.byte	40
 158 0081 10       		.byte	16
 159 0082 2A       		.byte	42
 160 0083 08       		.byte	8
 161 0084 2D       		.byte	45
 162 0085 03       		.byte	3
 163 0086 30       		.byte	48
 164 0087 10       		.byte	16
 165 0088 32       		.byte	50
 166 0089 01       		.byte	1
 167 008a 34       		.byte	52
 168 008b 02       		.byte	2
 169 008c 36       		.byte	54
 170 008d 0C       		.byte	12
 171 008e 37       		.byte	55
ARM GAS  C:\Users\adria\AppData\Local\Temp\cci9mC4i.s 			page 4


 172 008f 03       		.byte	3
 173 0090 38       		.byte	56
 174 0091 02       		.byte	2
 175 0092 3E       		.byte	62
 176 0093 10       		.byte	16
 177 0094 40       		.byte	64
 178 0095 30       		.byte	48
 179 0096 41       		.byte	65
 180 0097 05       		.byte	5
 181 0098 49       		.byte	73
 182 0099 FF       		.byte	-1
 183 009a 4A       		.byte	74
 184 009b FF       		.byte	-1
 185 009c 4B       		.byte	75
 186 009d FF       		.byte	-1
 187 009e 4D       		.byte	77
 188 009f A0       		.byte	-96
 189 00a0 4F       		.byte	79
 190 00a1 04       		.byte	4
 191 00a2 50       		.byte	80
 192 00a3 18       		.byte	24
 193 00a4 52       		.byte	82
 194 00a5 80       		.byte	-128
 195 00a6 54       		.byte	84
 196 00a7 05       		.byte	5
 197 00a8 58       		.byte	88
 198 00a9 04       		.byte	4
 199 00aa 59       		.byte	89
 200 00ab 04       		.byte	4
 201 00ac 5A       		.byte	90
 202 00ad 04       		.byte	4
 203 00ae 5B       		.byte	91
 204 00af 04       		.byte	4
 205 00b0 5F       		.byte	95
 206 00b1 01       		.byte	1
 207 00b2 60       		.byte	96
 208 00b3 40       		.byte	64
 209 00b4 62       		.byte	98
 210 00b5 C0       		.byte	-64
 211 00b6 64       		.byte	100
 212 00b7 40       		.byte	64
 213 00b8 65       		.byte	101
 214 00b9 40       		.byte	64
 215 00ba 66       		.byte	102
 216 00bb C0       		.byte	-64
 217 00bc 68       		.byte	104
 218 00bd C0       		.byte	-64
 219 00be 6A       		.byte	106
 220 00bf C0       		.byte	-64
 221 00c0 6C       		.byte	108
 222 00c1 C0       		.byte	-64
 223 00c2 6E       		.byte	110
 224 00c3 C0       		.byte	-64
 225 00c4 C0       		.byte	-64
 226 00c5 30       		.byte	48
 227 00c6 C1       		.byte	-63
 228 00c7 05       		.byte	5
ARM GAS  C:\Users\adria\AppData\Local\Temp\cci9mC4i.s 			page 5


 229 00c8 C5       		.byte	-59
 230 00c9 D0       		.byte	-48
 231 00ca C7       		.byte	-57
 232 00cb 21       		.byte	33
 233 00cc C8       		.byte	-56
 234 00cd 3A       		.byte	58
 235 00ce C9       		.byte	-55
 236 00cf FF       		.byte	-1
 237 00d0 CA       		.byte	-54
 238 00d1 FF       		.byte	-1
 239 00d2 CB       		.byte	-53
 240 00d3 FF       		.byte	-1
 241 00d4 CD       		.byte	-51
 242 00d5 AF       		.byte	-81
 243 00d6 CE       		.byte	-50
 244 00d7 0F       		.byte	15
 245 00d8 CF       		.byte	-49
 246 00d9 04       		.byte	4
 247 00da D0       		.byte	-48
 248 00db 18       		.byte	24
 249 00dc DA       		.byte	-38
 250 00dd 04       		.byte	4
 251 00de DB       		.byte	-37
 252 00df 04       		.byte	4
 253 00e0 DF       		.byte	-33
 254 00e1 01       		.byte	1
 255 00e2 E0       		.byte	-32
 256 00e3 40       		.byte	64
 257 00e4 E2       		.byte	-30
 258 00e5 C0       		.byte	-64
 259 00e6 E4       		.byte	-28
 260 00e7 40       		.byte	64
 261 00e8 E5       		.byte	-27
 262 00e9 40       		.byte	64
 263 00ea E6       		.byte	-26
 264 00eb C0       		.byte	-64
 265 00ec E8       		.byte	-24
 266 00ed C0       		.byte	-64
 267 00ee EA       		.byte	-22
 268 00ef C0       		.byte	-64
 269 00f0 EC       		.byte	-20
 270 00f1 C0       		.byte	-64
 271 00f2 EE       		.byte	-18
 272 00f3 C0       		.byte	-64
 273 00f4 06       		.byte	6
 274 00f5 01       		.byte	1
 275 00f6 07       		.byte	7
 276 00f7 40       		.byte	64
 277 00f8 0D       		.byte	13
 278 00f9 08       		.byte	8
 279 00fa 16       		.byte	22
 280 00fb 14       		.byte	20
 281 00fc 1C       		.byte	28
 282 00fd 01       		.byte	1
 283 00fe 1D       		.byte	29
 284 00ff 08       		.byte	8
 285 0100 1E       		.byte	30
ARM GAS  C:\Users\adria\AppData\Local\Temp\cci9mC4i.s 			page 6


 286 0101 08       		.byte	8
 287 0102 1F       		.byte	31
 288 0103 02       		.byte	2
 289 0104 26       		.byte	38
 290 0105 40       		.byte	64
 291 0106 2F       		.byte	47
 292 0107 02       		.byte	2
 293 0108 36       		.byte	54
 294 0109 28       		.byte	40
 295 010a 41       		.byte	65
 296 010b 08       		.byte	8
 297 010c 45       		.byte	69
 298 010d 08       		.byte	8
 299 010e 49       		.byte	73
 300 010f 02       		.byte	2
 301 0110 4A       		.byte	74
 302 0111 02       		.byte	2
 303 0112 4E       		.byte	78
 304 0113 02       		.byte	2
 305 0114 52       		.byte	82
 306 0115 3F       		.byte	63
 307 0116 58       		.byte	88
 308 0117 40       		.byte	64
 309 0118 5B       		.byte	91
 310 0119 10       		.byte	16
 311 011a 5D       		.byte	93
 312 011b 02       		.byte	2
 313 011c 5E       		.byte	94
 314 011d 88       		.byte	-120
 315 011e 68       		.byte	104
 316 011f 80       		.byte	-128
 317 0120 69       		.byte	105
 318 0121 20       		.byte	32
 319 0122 6B       		.byte	107
 320 0123 22       		.byte	34
 321 0124 70       		.byte	112
 322 0125 04       		.byte	4
 323 0126 71       		.byte	113
 324 0127 80       		.byte	-128
 325 0128 72       		.byte	114
 326 0129 08       		.byte	8
 327 012a 73       		.byte	115
 328 012b 40       		.byte	64
 329 012c 77       		.byte	119
 330 012d 40       		.byte	64
 331 012e 84       		.byte	-124
 332 012f 80       		.byte	-128
 333 0130 87       		.byte	-121
 334 0131 40       		.byte	64
 335 0132 89       		.byte	-119
 336 0133 10       		.byte	16
 337 0134 8C       		.byte	-116
 338 0135 04       		.byte	4
 339 0136 94       		.byte	-108
 340 0137 01       		.byte	1
 341 0138 9F       		.byte	-97
 342 0139 22       		.byte	34
ARM GAS  C:\Users\adria\AppData\Local\Temp\cci9mC4i.s 			page 7


 343 013a A5       		.byte	-91
 344 013b 02       		.byte	2
 345 013c B7       		.byte	-73
 346 013d 20       		.byte	32
 347 013e C0       		.byte	-64
 348 013f 90       		.byte	-112
 349 0140 C2       		.byte	-62
 350 0141 20       		.byte	32
 351 0142 C4       		.byte	-60
 352 0143 60       		.byte	96
 353 0144 CA       		.byte	-54
 354 0145 10       		.byte	16
 355 0146 CC       		.byte	-52
 356 0147 60       		.byte	96
 357 0148 D0       		.byte	-48
 358 0149 42       		.byte	66
 359 014a D2       		.byte	-46
 360 014b 18       		.byte	24
 361 014c D6       		.byte	-42
 362 014d DC       		.byte	-36
 363 014e E0       		.byte	-32
 364 014f 08       		.byte	8
 365 0150 E4       		.byte	-28
 366 0151 02       		.byte	2
 367 0152 87       		.byte	-121
 368 0153 02       		.byte	2
 369 0154 8C       		.byte	-116
 370 0155 01       		.byte	1
 371 0156 A5       		.byte	-91
 372 0157 02       		.byte	2
 373 0158 AA       		.byte	-86
 374 0159 40       		.byte	64
 375 015a AC       		.byte	-84
 376 015b 04       		.byte	4
 377 015c B3       		.byte	-77
 378 015d 80       		.byte	-128
 379 015e B5       		.byte	-75
 380 015f 40       		.byte	64
 381 0160 B7       		.byte	-73
 382 0161 10       		.byte	16
 383 0162 E4       		.byte	-28
 384 0163 02       		.byte	2
 385 0164 E6       		.byte	-26
 386 0165 10       		.byte	16
 387 0166 EC       		.byte	-20
 388 0167 02       		.byte	2
 389 0168 90       		.byte	-112
 390 0169 02       		.byte	2
 391 016a 92       		.byte	-110
 392 016b 01       		.byte	1
 393 016c A8       		.byte	-88
 394 016d 01       		.byte	1
 395 016e AA       		.byte	-86
 396 016f 02       		.byte	2
 397 0170 B0       		.byte	-80
 398 0171 03       		.byte	3
 399 0172 BE       		.byte	-66
ARM GAS  C:\Users\adria\AppData\Local\Temp\cci9mC4i.s 			page 8


 400 0173 01       		.byte	1
 401 0174 D8       		.byte	-40
 402 0175 04       		.byte	4
 403 0176 DB       		.byte	-37
 404 0177 04       		.byte	4
 405 0178 DF       		.byte	-33
 406 0179 01       		.byte	1
 407 017a 09       		.byte	9
 408 017b 02       		.byte	2
 409 017c 11       		.byte	17
 410 017d 10       		.byte	16
 411 017e 1A       		.byte	26
 412 017f 80       		.byte	-128
 413 0180 68       		.byte	104
 414 0181 04       		.byte	4
 415 0182 69       		.byte	105
 416 0183 80       		.byte	-128
 417 0184 6B       		.byte	107
 418 0185 90       		.byte	-112
 419 0186 91       		.byte	-111
 420 0187 10       		.byte	16
 421 0188 AD       		.byte	-83
 422 0189 10       		.byte	16
 423 018a C2       		.byte	-62
 424 018b 08       		.byte	8
 425 018c C4       		.byte	-60
 426 018d 02       		.byte	2
 427 018e E0       		.byte	-32
 428 018f 04       		.byte	4
 429 0190 E4       		.byte	-28
 430 0191 08       		.byte	8
 431 0192 E0       		.byte	-32
 432 0193 01       		.byte	1
 433 0194 81       		.byte	-127
 434 0195 02       		.byte	2
 435 0196 9C       		.byte	-100
 436 0197 40       		.byte	64
 437 0198 9F       		.byte	-97
 438 0199 10       		.byte	16
 439 019a A5       		.byte	-91
 440 019b 02       		.byte	2
 441 019c AE       		.byte	-82
 442 019d 08       		.byte	8
 443 019e B5       		.byte	-75
 444 019f 80       		.byte	-128
 445 01a0 EC       		.byte	-20
 446 01a1 02       		.byte	2
 447 01a2 83       		.byte	-125
 448 01a3 10       		.byte	16
 449 01a4 84       		.byte	-124
 450 01a5 40       		.byte	64
 451 01a6 9C       		.byte	-100
 452 01a7 40       		.byte	64
 453 01a8 9F       		.byte	-97
 454 01a9 10       		.byte	16
 455 01aa 13       		.byte	19
 456 01ab 04       		.byte	4
ARM GAS  C:\Users\adria\AppData\Local\Temp\cci9mC4i.s 			page 9


 457 01ac 14       		.byte	20
 458 01ad 40       		.byte	64
 459 01ae 3B       		.byte	59
 460 01af 04       		.byte	4
 461 01b0 3F       		.byte	63
 462 01b1 20       		.byte	32
 463 01b2 C4       		.byte	-60
 464 01b3 30       		.byte	48
 465 01b4 CE       		.byte	-50
 466 01b5 60       		.byte	96
 467 01b6 62       		.byte	98
 468 01b7 02       		.byte	2
 469 01b8 A7       		.byte	-89
 470 01b9 10       		.byte	16
 471 01ba AC       		.byte	-84
 472 01bb 40       		.byte	64
 473 01bc D8       		.byte	-40
 474 01bd 40       		.byte	64
 475 01be EC       		.byte	-20
 476 01bf 10       		.byte	16
 477 01c0 8E       		.byte	-114
 478 01c1 02       		.byte	2
 479 01c2 A6       		.byte	-90
 480 01c3 02       		.byte	2
 481 01c4 AB       		.byte	-85
 482 01c5 10       		.byte	16
 483 01c6 EE       		.byte	-18
 484 01c7 80       		.byte	-128
 485 01c8 50       		.byte	80
 486 01c9 08       		.byte	8
 487 01ca 57       		.byte	87
 488 01cb 08       		.byte	8
 489 01cc 58       		.byte	88
 490 01cd 01       		.byte	1
 491 01ce 5C       		.byte	92
 492 01cf 01       		.byte	1
 493 01d0 5D       		.byte	93
 494 01d1 80       		.byte	-128
 495 01d2 63       		.byte	99
 496 01d3 40       		.byte	64
 497 01d4 66       		.byte	102
 498 01d5 04       		.byte	4
 499 01d6 D4       		.byte	-44
 500 01d7 06       		.byte	6
 501 01d8 D6       		.byte	-42
 502 01d9 07       		.byte	7
 503 01da D8       		.byte	-40
 504 01db 03       		.byte	3
 505 01dc 87       		.byte	-121
 506 01dd 40       		.byte	64
 507 01de 94       		.byte	-108
 508 01df 01       		.byte	1
 509 01e0 97       		.byte	-105
 510 01e1 40       		.byte	64
 511 01e2 9C       		.byte	-100
 512 01e3 01       		.byte	1
 513 01e4 AF       		.byte	-81
ARM GAS  C:\Users\adria\AppData\Local\Temp\cci9mC4i.s 			page 10


 514 01e5 08       		.byte	8
 515 01e6 B0       		.byte	-80
 516 01e7 08       		.byte	8
 517 01e8 B5       		.byte	-75
 518 01e9 80       		.byte	-128
 519 01ea B6       		.byte	-74
 520 01eb 04       		.byte	4
 521 01ec EC       		.byte	-20
 522 01ed 0E       		.byte	14
 523 01ee 86       		.byte	-122
 524 01ef 20       		.byte	32
 525 01f0 87       		.byte	-121
 526 01f1 10       		.byte	16
 527 01f2 88       		.byte	-120
 528 01f3 01       		.byte	1
 529 01f4 8C       		.byte	-116
 530 01f5 10       		.byte	16
 531 01f6 9C       		.byte	-100
 532 01f7 01       		.byte	1
 533 01f8 B4       		.byte	-76
 534 01f9 01       		.byte	1
 535 01fa E0       		.byte	-32
 536 01fb 08       		.byte	8
 537 01fc E4       		.byte	-28
 538 01fd 04       		.byte	4
 539 01fe EC       		.byte	-20
 540 01ff 08       		.byte	8
 541 0200 23       		.byte	35
 542 0201 20       		.byte	32
 543 0202 83       		.byte	-125
 544 0203 20       		.byte	32
 545 0204 C8       		.byte	-56
 546 0205 40       		.byte	64
 547 0206 E0       		.byte	-32
 548 0207 80       		.byte	-128
 549 0208 03       		.byte	3
 550 0209 20       		.byte	32
 551 020a 07       		.byte	7
 552 020b 10       		.byte	16
 553 020c 83       		.byte	-125
 554 020d 10       		.byte	16
 555 020e 87       		.byte	-121
 556 020f 20       		.byte	32
 557 0210 C0       		.byte	-64
 558 0211 30       		.byte	48
 559 0212 E0       		.byte	-32
 560 0213 20       		.byte	32
 561 0214 E4       		.byte	-28
 562 0215 10       		.byte	16
 563 0216 56       		.byte	86
 564 0217 20       		.byte	32
 565 0218 5A       		.byte	90
 566 0219 02       		.byte	2
 567 021a 5F       		.byte	95
 568 021b 02       		.byte	2
 569 021c 60       		.byte	96
 570 021d 10       		.byte	16
ARM GAS  C:\Users\adria\AppData\Local\Temp\cci9mC4i.s 			page 11


 571 021e 67       		.byte	103
 572 021f 20       		.byte	32
 573 0220 90       		.byte	-112
 574 0221 10       		.byte	16
 575 0222 92       		.byte	-110
 576 0223 02       		.byte	2
 577 0224 93       		.byte	-109
 578 0225 20       		.byte	32
 579 0226 9A       		.byte	-102
 580 0227 20       		.byte	32
 581 0228 9B       		.byte	-101
 582 0229 02       		.byte	2
 583 022a AE       		.byte	-82
 584 022b 01       		.byte	1
 585 022c B7       		.byte	-73
 586 022d 02       		.byte	2
 587 022e D4       		.byte	-44
 588 022f 02       		.byte	2
 589 0230 D6       		.byte	-42
 590 0231 03       		.byte	3
 591 0232 D8       		.byte	-40
 592 0233 03       		.byte	3
 593 0234 E8       		.byte	-24
 594 0235 08       		.byte	8
 595 0236 00       		.byte	0
 596 0237 01       		.byte	1
 597 0238 0C       		.byte	12
 598 0239 01       		.byte	1
 599 023a 10       		.byte	16
 600 023b 0A       		.byte	10
 601 023c 80       		.byte	-128
 602 023d 80       		.byte	-128
 603 023e 80       		.byte	-128
 604 023f 00       		.byte	0
 605 0240 80       		.byte	-128
 606 0241 00       		.byte	0
 607 0242 00       		.byte	0
 608 0243 00       		.byte	0
 609 0244 00       		.byte	0
 610 0245 FF       		.byte	-1
 611 0246 FF       		.byte	-1
 612 0247 00       		.byte	0
 613 0248 F4       		.byte	-12
 614 0249 00       		.byte	0
 615 024a 00       		.byte	0
 616 024b 00       		.byte	0
 617 024c 00       		.byte	0
 618 024d FE       		.byte	-2
 619 024e FE       		.byte	-2
 620 024f 00       		.byte	0
 621 0250 FE       		.byte	-2
 622 0251 00       		.byte	0
 623 0252 00       		.byte	0
 624 0253 00       		.byte	0
 625 0254 03       		.byte	3
 626 0255 00       		.byte	0
 627 0256 00       		.byte	0
ARM GAS  C:\Users\adria\AppData\Local\Temp\cci9mC4i.s 			page 12


 628 0257 03       		.byte	3
 629 0258 00       		.byte	0
 630 0259 00       		.byte	0
 631 025a 00       		.byte	0
 632 025b 00       		.byte	0
 633 025c 00       		.byte	0
 634 025d 00       		.byte	0
 635 025e 00       		.byte	0
 636 025f 00       		.byte	0
 637 0260 00       		.byte	0
 638 0261 01       		.byte	1
 639 0262 00       		.byte	0
 640 0263 00       		.byte	0
 641              		.section	.cywolatch,"a",%progbits
 642              		.align	2
 643              		.type	cy_meta_wonvl, %object
 644              		.size	cy_meta_wonvl, 4
 645              	cy_meta_wonvl:
 646 0000 BC       		.byte	-68
 647 0001 90       		.byte	-112
 648 0002 AC       		.byte	-84
 649 0003 AF       		.byte	-81
 650              		.section	.cycustnvl,"a",%progbits
 651              		.align	2
 652              		.type	cy_meta_custnvl, %object
 653              		.size	cy_meta_custnvl, 4
 654              	cy_meta_custnvl:
 655 0000 00       		.byte	0
 656 0001 00       		.byte	0
 657 0002 40       		.byte	64
 658 0003 05       		.byte	5
 659              		.section	.cymeta,"a",%progbits
 660              		.align	2
 661              		.type	cy_metadata, %object
 662              		.size	cy_metadata, 12
 663              	cy_metadata:
 664 0000 00       		.byte	0
 665 0001 01       		.byte	1
 666 0002 2E       		.byte	46
 667 0003 16       		.byte	22
 668 0004 10       		.byte	16
 669 0005 69       		.byte	105
 670 0006 00       		.byte	0
 671 0007 01       		.byte	1
 672 0008 00       		.byte	0
 673 0009 00       		.byte	0
 674 000a 00       		.byte	0
 675 000b 00       		.byte	0
 676              		.section	.cyflashprotect,"a",%progbits
 677              		.align	2
 678              		.type	cy_meta_flashprotect, %object
 679              		.size	cy_meta_flashprotect, 256
 680              	cy_meta_flashprotect:
 681 0000 00000000 		.space	256
 681      00000000 
 681      00000000 
 681      00000000 
ARM GAS  C:\Users\adria\AppData\Local\Temp\cci9mC4i.s 			page 13


 681      00000000 
 682              		.text
 683              	.Letext0:
 684              		.file 1 "c:\\program files (x86)\\cypress\\psoc creator\\4.4\\psoc creator\\import\\gnu\\arm\\5.4.
 685              		.file 2 "c:\\program files (x86)\\cypress\\psoc creator\\4.4\\psoc creator\\import\\gnu\\arm\\5.4.
 686              		.file 3 "Generated_Source\\PSoC5\\cymetadata.c"
 687              		.section	.debug_info,"",%progbits
 688              	.Ldebug_info0:
 689 0000 31010000 		.4byte	0x131
 690 0004 0400     		.2byte	0x4
 691 0006 00000000 		.4byte	.Ldebug_abbrev0
 692 000a 04       		.byte	0x4
 693 000b 01       		.uleb128 0x1
 694 000c 24000000 		.4byte	.LASF17
 695 0010 0C       		.byte	0xc
 696 0011 BF010000 		.4byte	.LASF18
 697 0015 5F010000 		.4byte	.LASF19
 698 0019 00000000 		.4byte	.Ldebug_line0
 699 001d 02       		.uleb128 0x2
 700 001e 01       		.byte	0x1
 701 001f 06       		.byte	0x6
 702 0020 B3010000 		.4byte	.LASF0
 703 0024 03       		.uleb128 0x3
 704 0025 00000000 		.4byte	.LASF9
 705 0029 01       		.byte	0x1
 706 002a 1D       		.byte	0x1d
 707 002b 2F000000 		.4byte	0x2f
 708 002f 02       		.uleb128 0x2
 709 0030 01       		.byte	0x1
 710 0031 08       		.byte	0x8
 711 0032 16000000 		.4byte	.LASF1
 712 0036 02       		.uleb128 0x2
 713 0037 02       		.byte	0x2
 714 0038 05       		.byte	0x5
 715 0039 A0010000 		.4byte	.LASF2
 716 003d 02       		.uleb128 0x2
 717 003e 02       		.byte	0x2
 718 003f 07       		.byte	0x7
 719 0040 C4000000 		.4byte	.LASF3
 720 0044 02       		.uleb128 0x2
 721 0045 04       		.byte	0x4
 722 0046 05       		.byte	0x5
 723 0047 AA010000 		.4byte	.LASF4
 724 004b 02       		.uleb128 0x2
 725 004c 04       		.byte	0x4
 726 004d 07       		.byte	0x7
 727 004e B2000000 		.4byte	.LASF5
 728 0052 02       		.uleb128 0x2
 729 0053 08       		.byte	0x8
 730 0054 05       		.byte	0x5
 731 0055 51010000 		.4byte	.LASF6
 732 0059 02       		.uleb128 0x2
 733 005a 08       		.byte	0x8
 734 005b 07       		.byte	0x7
 735 005c 06010000 		.4byte	.LASF7
 736 0060 04       		.uleb128 0x4
 737 0061 04       		.byte	0x4
ARM GAS  C:\Users\adria\AppData\Local\Temp\cci9mC4i.s 			page 14


 738 0062 05       		.byte	0x5
 739 0063 696E7400 		.ascii	"int\000"
 740 0067 02       		.uleb128 0x2
 741 0068 04       		.byte	0x4
 742 0069 07       		.byte	0x7
 743 006a F9000000 		.4byte	.LASF8
 744 006e 03       		.uleb128 0x3
 745 006f 1D010000 		.4byte	.LASF10
 746 0073 02       		.byte	0x2
 747 0074 18       		.byte	0x18
 748 0075 24000000 		.4byte	0x24
 749 0079 05       		.uleb128 0x5
 750 007a 91000000 		.4byte	0x91
 751 007e 8A000000 		.4byte	0x8a
 752 0082 06       		.uleb128 0x6
 753 0083 8A000000 		.4byte	0x8a
 754 0087 6302     		.2byte	0x263
 755 0089 00       		.byte	0
 756 008a 02       		.uleb128 0x2
 757 008b 04       		.byte	0x4
 758 008c 07       		.byte	0x7
 759 008d 48010000 		.4byte	.LASF11
 760 0091 07       		.uleb128 0x7
 761 0092 6E000000 		.4byte	0x6e
 762 0096 08       		.uleb128 0x8
 763 0097 E7000000 		.4byte	.LASF12
 764 009b 03       		.byte	0x3
 765 009c 1F       		.byte	0x1f
 766 009d A7000000 		.4byte	0xa7
 767 00a1 05       		.uleb128 0x5
 768 00a2 03       		.byte	0x3
 769 00a3 00000000 		.4byte	cy_meta_configecc
 770 00a7 07       		.uleb128 0x7
 771 00a8 79000000 		.4byte	0x79
 772 00ac 05       		.uleb128 0x5
 773 00ad 91000000 		.4byte	0x91
 774 00b1 BC000000 		.4byte	0xbc
 775 00b5 09       		.uleb128 0x9
 776 00b6 8A000000 		.4byte	0x8a
 777 00ba 03       		.byte	0x3
 778 00bb 00       		.byte	0
 779 00bc 08       		.uleb128 0x8
 780 00bd D7000000 		.4byte	.LASF13
 781 00c1 03       		.byte	0x3
 782 00c2 79       		.byte	0x79
 783 00c3 CD000000 		.4byte	0xcd
 784 00c7 05       		.uleb128 0x5
 785 00c8 03       		.byte	0x3
 786 00c9 00000000 		.4byte	cy_meta_custnvl
 787 00cd 07       		.uleb128 0x7
 788 00ce AC000000 		.4byte	0xac
 789 00d2 08       		.uleb128 0x8
 790 00d3 3A010000 		.4byte	.LASF14
 791 00d7 03       		.byte	0x3
 792 00d8 87       		.byte	0x87
 793 00d9 E3000000 		.4byte	0xe3
 794 00dd 05       		.uleb128 0x5
ARM GAS  C:\Users\adria\AppData\Local\Temp\cci9mC4i.s 			page 15


 795 00de 03       		.byte	0x3
 796 00df 00000000 		.4byte	cy_meta_wonvl
 797 00e3 07       		.uleb128 0x7
 798 00e4 AC000000 		.4byte	0xac
 799 00e8 05       		.uleb128 0x5
 800 00e9 91000000 		.4byte	0x91
 801 00ed F8000000 		.4byte	0xf8
 802 00f1 09       		.uleb128 0x9
 803 00f2 8A000000 		.4byte	0x8a
 804 00f6 FF       		.byte	0xff
 805 00f7 00       		.byte	0
 806 00f8 08       		.uleb128 0x8
 807 00f9 25010000 		.4byte	.LASF15
 808 00fd 03       		.byte	0x3
 809 00fe 95       		.byte	0x95
 810 00ff 09010000 		.4byte	0x109
 811 0103 05       		.uleb128 0x5
 812 0104 03       		.byte	0x3
 813 0105 00000000 		.4byte	cy_meta_flashprotect
 814 0109 07       		.uleb128 0x7
 815 010a E8000000 		.4byte	0xe8
 816 010e 05       		.uleb128 0x5
 817 010f 91000000 		.4byte	0x91
 818 0113 1E010000 		.4byte	0x11e
 819 0117 09       		.uleb128 0x9
 820 0118 8A000000 		.4byte	0x8a
 821 011c 0B       		.byte	0xb
 822 011d 00       		.byte	0
 823 011e 08       		.uleb128 0x8
 824 011f 0A000000 		.4byte	.LASF16
 825 0123 03       		.byte	0x3
 826 0124 C2       		.byte	0xc2
 827 0125 2F010000 		.4byte	0x12f
 828 0129 05       		.uleb128 0x5
 829 012a 03       		.byte	0x3
 830 012b 00000000 		.4byte	cy_metadata
 831 012f 07       		.uleb128 0x7
 832 0130 0E010000 		.4byte	0x10e
 833 0134 00       		.byte	0
 834              		.section	.debug_abbrev,"",%progbits
 835              	.Ldebug_abbrev0:
 836 0000 01       		.uleb128 0x1
 837 0001 11       		.uleb128 0x11
 838 0002 01       		.byte	0x1
 839 0003 25       		.uleb128 0x25
 840 0004 0E       		.uleb128 0xe
 841 0005 13       		.uleb128 0x13
 842 0006 0B       		.uleb128 0xb
 843 0007 03       		.uleb128 0x3
 844 0008 0E       		.uleb128 0xe
 845 0009 1B       		.uleb128 0x1b
 846 000a 0E       		.uleb128 0xe
 847 000b 10       		.uleb128 0x10
 848 000c 17       		.uleb128 0x17
 849 000d 00       		.byte	0
 850 000e 00       		.byte	0
 851 000f 02       		.uleb128 0x2
ARM GAS  C:\Users\adria\AppData\Local\Temp\cci9mC4i.s 			page 16


 852 0010 24       		.uleb128 0x24
 853 0011 00       		.byte	0
 854 0012 0B       		.uleb128 0xb
 855 0013 0B       		.uleb128 0xb
 856 0014 3E       		.uleb128 0x3e
 857 0015 0B       		.uleb128 0xb
 858 0016 03       		.uleb128 0x3
 859 0017 0E       		.uleb128 0xe
 860 0018 00       		.byte	0
 861 0019 00       		.byte	0
 862 001a 03       		.uleb128 0x3
 863 001b 16       		.uleb128 0x16
 864 001c 00       		.byte	0
 865 001d 03       		.uleb128 0x3
 866 001e 0E       		.uleb128 0xe
 867 001f 3A       		.uleb128 0x3a
 868 0020 0B       		.uleb128 0xb
 869 0021 3B       		.uleb128 0x3b
 870 0022 0B       		.uleb128 0xb
 871 0023 49       		.uleb128 0x49
 872 0024 13       		.uleb128 0x13
 873 0025 00       		.byte	0
 874 0026 00       		.byte	0
 875 0027 04       		.uleb128 0x4
 876 0028 24       		.uleb128 0x24
 877 0029 00       		.byte	0
 878 002a 0B       		.uleb128 0xb
 879 002b 0B       		.uleb128 0xb
 880 002c 3E       		.uleb128 0x3e
 881 002d 0B       		.uleb128 0xb
 882 002e 03       		.uleb128 0x3
 883 002f 08       		.uleb128 0x8
 884 0030 00       		.byte	0
 885 0031 00       		.byte	0
 886 0032 05       		.uleb128 0x5
 887 0033 01       		.uleb128 0x1
 888 0034 01       		.byte	0x1
 889 0035 49       		.uleb128 0x49
 890 0036 13       		.uleb128 0x13
 891 0037 01       		.uleb128 0x1
 892 0038 13       		.uleb128 0x13
 893 0039 00       		.byte	0
 894 003a 00       		.byte	0
 895 003b 06       		.uleb128 0x6
 896 003c 21       		.uleb128 0x21
 897 003d 00       		.byte	0
 898 003e 49       		.uleb128 0x49
 899 003f 13       		.uleb128 0x13
 900 0040 2F       		.uleb128 0x2f
 901 0041 05       		.uleb128 0x5
 902 0042 00       		.byte	0
 903 0043 00       		.byte	0
 904 0044 07       		.uleb128 0x7
 905 0045 26       		.uleb128 0x26
 906 0046 00       		.byte	0
 907 0047 49       		.uleb128 0x49
 908 0048 13       		.uleb128 0x13
ARM GAS  C:\Users\adria\AppData\Local\Temp\cci9mC4i.s 			page 17


 909 0049 00       		.byte	0
 910 004a 00       		.byte	0
 911 004b 08       		.uleb128 0x8
 912 004c 34       		.uleb128 0x34
 913 004d 00       		.byte	0
 914 004e 03       		.uleb128 0x3
 915 004f 0E       		.uleb128 0xe
 916 0050 3A       		.uleb128 0x3a
 917 0051 0B       		.uleb128 0xb
 918 0052 3B       		.uleb128 0x3b
 919 0053 0B       		.uleb128 0xb
 920 0054 49       		.uleb128 0x49
 921 0055 13       		.uleb128 0x13
 922 0056 3F       		.uleb128 0x3f
 923 0057 19       		.uleb128 0x19
 924 0058 02       		.uleb128 0x2
 925 0059 18       		.uleb128 0x18
 926 005a 00       		.byte	0
 927 005b 00       		.byte	0
 928 005c 09       		.uleb128 0x9
 929 005d 21       		.uleb128 0x21
 930 005e 00       		.byte	0
 931 005f 49       		.uleb128 0x49
 932 0060 13       		.uleb128 0x13
 933 0061 2F       		.uleb128 0x2f
 934 0062 0B       		.uleb128 0xb
 935 0063 00       		.byte	0
 936 0064 00       		.byte	0
 937 0065 00       		.byte	0
 938              		.section	.debug_aranges,"",%progbits
 939 0000 14000000 		.4byte	0x14
 940 0004 0200     		.2byte	0x2
 941 0006 00000000 		.4byte	.Ldebug_info0
 942 000a 04       		.byte	0x4
 943 000b 00       		.byte	0
 944 000c 0000     		.2byte	0
 945 000e 0000     		.2byte	0
 946 0010 00000000 		.4byte	0
 947 0014 00000000 		.4byte	0
 948              		.section	.debug_line,"",%progbits
 949              	.Ldebug_line0:
 950 0000 3D010000 		.section	.debug_str,"MS",%progbits,1
 950      02003701 
 950      00000201 
 950      FB0E0D00 
 950      01010101 
 951              	.LASF9:
 952 0000 5F5F7569 		.ascii	"__uint8_t\000"
 952      6E74385F 
 952      7400
 953              	.LASF16:
 954 000a 63795F6D 		.ascii	"cy_metadata\000"
 954      65746164 
 954      61746100 
 955              	.LASF1:
 956 0016 756E7369 		.ascii	"unsigned char\000"
 956      676E6564 
ARM GAS  C:\Users\adria\AppData\Local\Temp\cci9mC4i.s 			page 18


 956      20636861 
 956      7200
 957              	.LASF17:
 958 0024 474E5520 		.ascii	"GNU C11 5.4.1 20160609 (release) [ARM/embedded-5-br"
 958      43313120 
 958      352E342E 
 958      31203230 
 958      31363036 
 959 0057 616E6368 		.ascii	"anch revision 237715] -mcpu=cortex-m3 -mthumb -g -O"
 959      20726576 
 959      6973696F 
 959      6E203233 
 959      37373135 
 960 008a 67202D66 		.ascii	"g -ffunction-sections -ffat-lto-objects\000"
 960      66756E63 
 960      74696F6E 
 960      2D736563 
 960      74696F6E 
 961              	.LASF5:
 962 00b2 6C6F6E67 		.ascii	"long unsigned int\000"
 962      20756E73 
 962      69676E65 
 962      6420696E 
 962      7400
 963              	.LASF3:
 964 00c4 73686F72 		.ascii	"short unsigned int\000"
 964      7420756E 
 964      7369676E 
 964      65642069 
 964      6E7400
 965              	.LASF13:
 966 00d7 63795F6D 		.ascii	"cy_meta_custnvl\000"
 966      6574615F 
 966      63757374 
 966      6E766C00 
 967              	.LASF12:
 968 00e7 63795F6D 		.ascii	"cy_meta_configecc\000"
 968      6574615F 
 968      636F6E66 
 968      69676563 
 968      6300
 969              	.LASF8:
 970 00f9 756E7369 		.ascii	"unsigned int\000"
 970      676E6564 
 970      20696E74 
 970      00
 971              	.LASF7:
 972 0106 6C6F6E67 		.ascii	"long long unsigned int\000"
 972      206C6F6E 
 972      6720756E 
 972      7369676E 
 972      65642069 
 973              	.LASF10:
 974 011d 75696E74 		.ascii	"uint8_t\000"
 974      385F7400 
 975              	.LASF15:
 976 0125 63795F6D 		.ascii	"cy_meta_flashprotect\000"
ARM GAS  C:\Users\adria\AppData\Local\Temp\cci9mC4i.s 			page 19


 976      6574615F 
 976      666C6173 
 976      6870726F 
 976      74656374 
 977              	.LASF14:
 978 013a 63795F6D 		.ascii	"cy_meta_wonvl\000"
 978      6574615F 
 978      776F6E76 
 978      6C00
 979              	.LASF11:
 980 0148 73697A65 		.ascii	"sizetype\000"
 980      74797065 
 980      00
 981              	.LASF6:
 982 0151 6C6F6E67 		.ascii	"long long int\000"
 982      206C6F6E 
 982      6720696E 
 982      7400
 983              	.LASF19:
 984 015f 433A5C55 		.ascii	"C:\\Users\\adria\\OneDrive\\Documents\\psoc\\Servo_"
 984      73657273 
 984      5C616472 
 984      69615C4F 
 984      6E654472 
 985 018c 7339305C 		.ascii	"s90\\Servo_s90.cydsn\000"
 985      53657276 
 985      6F5F7339 
 985      302E6379 
 985      64736E00 
 986              	.LASF2:
 987 01a0 73686F72 		.ascii	"short int\000"
 987      7420696E 
 987      7400
 988              	.LASF4:
 989 01aa 6C6F6E67 		.ascii	"long int\000"
 989      20696E74 
 989      00
 990              	.LASF0:
 991 01b3 7369676E 		.ascii	"signed char\000"
 991      65642063 
 991      68617200 
 992              	.LASF18:
 993 01bf 47656E65 		.ascii	"Generated_Source\\PSoC5\\cymetadata.c\000"
 993      72617465 
 993      645F536F 
 993      75726365 
 993      5C50536F 
 994              		.ident	"GCC: (GNU Tools for ARM Embedded Processors) 5.4.1 20160609 (release) [ARM/embedded-5-bran
