ARM GAS  C:\Users\adria\AppData\Local\Temp\ccGzI8v0.s 			page 1


   1              		.syntax unified
   2              		.cpu cortex-m3
   3              		.fpu softvfp
   4              		.eabi_attribute 20, 1
   5              		.eabi_attribute 21, 1
   6              		.eabi_attribute 23, 3
   7              		.eabi_attribute 24, 1
   8              		.eabi_attribute 25, 1
   9              		.eabi_attribute 26, 1
  10              		.eabi_attribute 30, 1
  11              		.eabi_attribute 34, 1
  12              		.eabi_attribute 18, 4
  13              		.thumb
  14              		.syntax unified
  15              		.file	"main.c"
  16              		.text
  17              	.Ltext0:
  18              		.cfi_sections	.debug_frame
  19              		.section	.text.main,"ax",%progbits
  20              		.align	2
  21              		.global	main
  22              		.thumb
  23              		.thumb_func
  24              		.type	main, %function
  25              	main:
  26              	.LFB63:
  27              		.file 1 "main.c"
   1:main.c        **** #include <stdint.h>
   2:main.c        **** #include "project.h"
   3:main.c        **** #include "Lib_servo.h"
   4:main.c        **** 
   5:main.c        **** //Variables globales 
   6:main.c        **** uint16_t cpp, angulo=0;
   7:main.c        **** char bandera = 0x00;//bandera de interrupcion
   8:main.c        **** 
   9:main.c        **** 
  10:main.c        **** int main(void)
  11:main.c        **** {
  28              		.loc 1 11 0
  29              		.cfi_startproc
  30              		@ args = 0, pretend = 0, frame = 0
  31              		@ frame_needed = 0, uses_anonymous_args = 0
  32 0000 10B5     		push	{r4, lr}
  33              		.cfi_def_cfa_offset 8
  34              		.cfi_offset 4, -8
  35              		.cfi_offset 14, -4
  12:main.c        ****     CyGlobalIntEnable; /* Enable global interrupts. */
  36              		.loc 1 12 0
  37              		.syntax unified
  38              	@ 12 "main.c" 1
  39 0002 62B6     		CPSIE   i
  40              	@ 0 "" 2
  13:main.c        **** 
  14:main.c        ****     //Inicializamos perifericos
  15:main.c        ****     PWM_Start();
  41              		.loc 1 15 0
  42              		.thumb
ARM GAS  C:\Users\adria\AppData\Local\Temp\ccGzI8v0.s 			page 2


  43              		.syntax unified
  44 0004 FFF7FEFF 		bl	PWM_Start
  45              	.LVL0:
  16:main.c        ****     LED_Grados_Start();
  46              		.loc 1 16 0
  47 0008 FFF7FEFF 		bl	LED_Grados_Start
  48              	.LVL1:
  17:main.c        ****    
  18:main.c        ****     /*
  19:main.c        ****     //Para debuguear
  20:main.c        ****     for(int i=0; i<=180; i+=45){
  21:main.c        ****         cpp = Ang_Per(i);
  22:main.c        ****         PWM_WriteCompare(cpp);
  23:main.c        ****         CyDelay(1000);
  24:main.c        ****     }
  25:main.c        ****     */
  26:main.c        ****     
  27:main.c        ****     cpp = Ang_Per(angulo);//Actualizamos el capture compare del pwm 
  49              		.loc 1 27 0
  50 000c 1C4B     		ldr	r3, .L8
  51 000e 1888     		ldrh	r0, [r3]
  52 0010 FFF7FEFF 		bl	Ang_Per
  53              	.LVL2:
  54 0014 1B4B     		ldr	r3, .L8+4
  55 0016 1880     		strh	r0, [r3]	@ movhi
  28:main.c        ****     PWM_WriteCompare(cpp);//y cambiamos el DUTYCYCLE
  56              		.loc 1 28 0
  57 0018 FFF7FEFF 		bl	PWM_WriteCompare
  58              	.LVL3:
  59              	.L5:
  60              	.LBB2:
  29:main.c        ****     
  30:main.c        ****     for(;;)
  31:main.c        ****     {
  32:main.c        ****      
  33:main.c        ****         //Chcamos cual se activo
  34:main.c        ****         uint8_t reg_btn = Reg_btn_Read();
  61              		.loc 1 34 0
  62 001c FFF7FEFF 		bl	Reg_btn_Read
  63              	.LVL4:
  35:main.c        ****         
  36:main.c        ****         if(reg_btn != 0x00){//Se precionó un boton?
  64              		.loc 1 36 0
  65 0020 B0B1     		cbz	r0, .L2
  37:main.c        ****             bandera++;
  66              		.loc 1 37 0
  67 0022 1749     		ldr	r1, .L8
  68 0024 8B78     		ldrb	r3, [r1, #2]	@ zero_extendqisi2
  69 0026 0133     		adds	r3, r3, #1
  70 0028 8B70     		strb	r3, [r1, #2]
  38:main.c        ****             
  39:main.c        ****             switch(reg_btn)
  71              		.loc 1 39 0
  72 002a 0128     		cmp	r0, #1
  73 002c 02D0     		beq	.L3
  74 002e 0228     		cmp	r0, #2
  75 0030 08D0     		beq	.L4
ARM GAS  C:\Users\adria\AppData\Local\Temp\ccGzI8v0.s 			page 3


  76 0032 0DE0     		b	.L2
  77              	.L3:
  40:main.c        ****             {
  41:main.c        ****                 case 0x01:
  42:main.c        ****                     if(angulo<=179){
  78              		.loc 1 42 0
  79 0034 124B     		ldr	r3, .L8
  80 0036 1B88     		ldrh	r3, [r3]
  81 0038 B32B     		cmp	r3, #179
  82 003a 09D8     		bhi	.L2
  43:main.c        ****                         angulo++;                       
  83              		.loc 1 43 0
  84 003c 0133     		adds	r3, r3, #1
  85 003e 104A     		ldr	r2, .L8
  86 0040 1380     		strh	r3, [r2]	@ movhi
  87 0042 05E0     		b	.L2
  88              	.L4:
  44:main.c        ****                     }
  45:main.c        ****                     break;
  46:main.c        ****                 case 0x02:
  47:main.c        ****                     if(angulo>=1){
  89              		.loc 1 47 0
  90 0044 0E4B     		ldr	r3, .L8
  91 0046 1B88     		ldrh	r3, [r3]
  92 0048 13B1     		cbz	r3, .L2
  48:main.c        ****                         angulo--;
  93              		.loc 1 48 0
  94 004a 013B     		subs	r3, r3, #1
  95 004c 0C4A     		ldr	r2, .L8
  96 004e 1380     		strh	r3, [r2]	@ movhi
  97              	.L2:
  49:main.c        ****                     }
  50:main.c        ****                     break;
  51:main.c        ****             }
  52:main.c        ****         }
  53:main.c        ****         
  54:main.c        ****         if(bandera){//Revisamos la bandera
  98              		.loc 1 54 0
  99 0050 0B4B     		ldr	r3, .L8
 100 0052 9B78     		ldrb	r3, [r3, #2]	@ zero_extendqisi2
 101 0054 002B     		cmp	r3, #0
 102 0056 E1D0     		beq	.L5
  55:main.c        ****             
  56:main.c        ****             cpp = Ang_Per(angulo);//Actualizamos el capture compare del pwm 
 103              		.loc 1 56 0
 104 0058 094C     		ldr	r4, .L8
 105 005a 2088     		ldrh	r0, [r4]
 106              	.LVL5:
 107 005c FFF7FEFF 		bl	Ang_Per
 108              	.LVL6:
 109 0060 084B     		ldr	r3, .L8+4
 110 0062 1880     		strh	r0, [r3]	@ movhi
  57:main.c        ****             PWM_WriteCompare(cpp);//y cambiamos el DUTYCYCLE
 111              		.loc 1 57 0
 112 0064 FFF7FEFF 		bl	PWM_WriteCompare
 113              	.LVL7:
  58:main.c        ****             LED_Grados_Write7SegNumberDec(angulo,0,4,0);
ARM GAS  C:\Users\adria\AppData\Local\Temp\ccGzI8v0.s 			page 4


 114              		.loc 1 58 0
 115 0068 0023     		movs	r3, #0
 116 006a 0422     		movs	r2, #4
 117 006c 1946     		mov	r1, r3
 118 006e 2088     		ldrh	r0, [r4]
 119 0070 FFF7FEFF 		bl	LED_Grados_Write7SegNumberDec
 120              	.LVL8:
  59:main.c        ****             CyDelay(10);//Tiempo de cambio entre posición
 121              		.loc 1 59 0
 122 0074 0A20     		movs	r0, #10
 123 0076 FFF7FEFF 		bl	CyDelay
 124              	.LVL9:
  60:main.c        ****             
  61:main.c        ****             bandera=0x00;//Reseteamos la bandera
 125              		.loc 1 61 0
 126 007a 0023     		movs	r3, #0
 127 007c A370     		strb	r3, [r4, #2]
 128 007e CDE7     		b	.L5
 129              	.L9:
 130              		.align	2
 131              	.L8:
 132 0080 00000000 		.word	.LANCHOR0
 133 0084 00000000 		.word	cpp
 134              	.LBE2:
 135              		.cfi_endproc
 136              	.LFE63:
 137              		.size	main, .-main
 138              		.global	bandera
 139              		.global	angulo
 140              		.comm	cpp,2,2
 141              		.bss
 142              		.align	1
 143              		.set	.LANCHOR0,. + 0
 144              		.type	angulo, %object
 145              		.size	angulo, 2
 146              	angulo:
 147 0000 0000     		.space	2
 148              		.type	bandera, %object
 149              		.size	bandera, 1
 150              	bandera:
 151 0002 00       		.space	1
 152              		.text
 153              	.Letext0:
 154              		.file 2 "c:\\program files (x86)\\cypress\\psoc creator\\4.4\\psoc creator\\import\\gnu\\arm\\5.4.
 155              		.file 3 "c:\\program files (x86)\\cypress\\psoc creator\\4.4\\psoc creator\\import\\gnu\\arm\\5.4.
 156              		.file 4 "Generated_Source\\PSoC5/core_cm3.h"
 157              		.file 5 "Generated_Source\\PSoC5/Reg_btn.h"
 158              		.file 6 "Lib_servo.h"
 159              		.file 7 "Generated_Source\\PSoC5/PWM.h"
 160              		.file 8 "Generated_Source\\PSoC5/LED_Grados.h"
 161              		.file 9 "Generated_Source\\PSoC5/CyLib.h"
 162              		.section	.debug_info,"",%progbits
 163              	.Ldebug_info0:
 164 0000 00020000 		.4byte	0x200
 165 0004 0400     		.2byte	0x4
 166 0006 00000000 		.4byte	.Ldebug_abbrev0
 167 000a 04       		.byte	0x4
ARM GAS  C:\Users\adria\AppData\Local\Temp\ccGzI8v0.s 			page 5


 168 000b 01       		.uleb128 0x1
 169 000c 7A000000 		.4byte	.LASF30
 170 0010 0C       		.byte	0xc
 171 0011 EC010000 		.4byte	.LASF31
 172 0015 25000000 		.4byte	.LASF32
 173 0019 00000000 		.4byte	.Ldebug_ranges0+0
 174 001d 00000000 		.4byte	0
 175 0021 00000000 		.4byte	.Ldebug_line0
 176 0025 02       		.uleb128 0x2
 177 0026 01       		.byte	0x1
 178 0027 06       		.byte	0x6
 179 0028 28020000 		.4byte	.LASF0
 180 002c 03       		.uleb128 0x3
 181 002d 00000000 		.4byte	.LASF3
 182 0031 02       		.byte	0x2
 183 0032 1D       		.byte	0x1d
 184 0033 37000000 		.4byte	0x37
 185 0037 02       		.uleb128 0x2
 186 0038 01       		.byte	0x1
 187 0039 08       		.byte	0x8
 188 003a 6C000000 		.4byte	.LASF1
 189 003e 02       		.uleb128 0x2
 190 003f 02       		.byte	0x2
 191 0040 05       		.byte	0x5
 192 0041 92010000 		.4byte	.LASF2
 193 0045 03       		.uleb128 0x3
 194 0046 68010000 		.4byte	.LASF4
 195 004a 02       		.byte	0x2
 196 004b 2B       		.byte	0x2b
 197 004c 50000000 		.4byte	0x50
 198 0050 02       		.uleb128 0x2
 199 0051 02       		.byte	0x2
 200 0052 07       		.byte	0x7
 201 0053 1A010000 		.4byte	.LASF5
 202 0057 03       		.uleb128 0x3
 203 0058 1B000000 		.4byte	.LASF6
 204 005c 02       		.byte	0x2
 205 005d 3F       		.byte	0x3f
 206 005e 62000000 		.4byte	0x62
 207 0062 02       		.uleb128 0x2
 208 0063 04       		.byte	0x4
 209 0064 05       		.byte	0x5
 210 0065 0B020000 		.4byte	.LASF7
 211 0069 02       		.uleb128 0x2
 212 006a 04       		.byte	0x4
 213 006b 07       		.byte	0x7
 214 006c 08010000 		.4byte	.LASF8
 215 0070 02       		.uleb128 0x2
 216 0071 08       		.byte	0x8
 217 0072 05       		.byte	0x5
 218 0073 DE010000 		.4byte	.LASF9
 219 0077 02       		.uleb128 0x2
 220 0078 08       		.byte	0x8
 221 0079 07       		.byte	0x7
 222 007a AE010000 		.4byte	.LASF10
 223 007e 04       		.uleb128 0x4
 224 007f 04       		.byte	0x4
ARM GAS  C:\Users\adria\AppData\Local\Temp\ccGzI8v0.s 			page 6


 225 0080 05       		.byte	0x5
 226 0081 696E7400 		.ascii	"int\000"
 227 0085 02       		.uleb128 0x2
 228 0086 04       		.byte	0x4
 229 0087 07       		.byte	0x7
 230 0088 A1010000 		.4byte	.LASF11
 231 008c 03       		.uleb128 0x3
 232 008d C5010000 		.4byte	.LASF12
 233 0091 03       		.byte	0x3
 234 0092 18       		.byte	0x18
 235 0093 2C000000 		.4byte	0x2c
 236 0097 03       		.uleb128 0x3
 237 0098 F8010000 		.4byte	.LASF13
 238 009c 03       		.byte	0x3
 239 009d 24       		.byte	0x24
 240 009e 45000000 		.4byte	0x45
 241 00a2 03       		.uleb128 0x3
 242 00a3 CD010000 		.4byte	.LASF14
 243 00a7 03       		.byte	0x3
 244 00a8 2C       		.byte	0x2c
 245 00a9 57000000 		.4byte	0x57
 246 00ad 02       		.uleb128 0x2
 247 00ae 04       		.byte	0x4
 248 00af 04       		.byte	0x4
 249 00b0 66000000 		.4byte	.LASF15
 250 00b4 02       		.uleb128 0x2
 251 00b5 08       		.byte	0x8
 252 00b6 04       		.byte	0x4
 253 00b7 73010000 		.4byte	.LASF16
 254 00bb 02       		.uleb128 0x2
 255 00bc 01       		.byte	0x1
 256 00bd 08       		.byte	0x8
 257 00be F3010000 		.4byte	.LASF17
 258 00c2 02       		.uleb128 0x2
 259 00c3 08       		.byte	0x8
 260 00c4 04       		.byte	0x4
 261 00c5 1C020000 		.4byte	.LASF18
 262 00c9 02       		.uleb128 0x2
 263 00ca 04       		.byte	0x4
 264 00cb 07       		.byte	0x7
 265 00cc D5010000 		.4byte	.LASF19
 266 00d0 05       		.uleb128 0x5
 267 00d1 9C010000 		.4byte	.LASF33
 268 00d5 01       		.byte	0x1
 269 00d6 0A       		.byte	0xa
 270 00d7 7E000000 		.4byte	0x7e
 271 00db 00000000 		.4byte	.LFB63
 272 00df 88000000 		.4byte	.LFE63-.LFB63
 273 00e3 01       		.uleb128 0x1
 274 00e4 9C       		.byte	0x9c
 275 00e5 72010000 		.4byte	0x172
 276 00e9 06       		.uleb128 0x6
 277 00ea 1C000000 		.4byte	.LBB2
 278 00ee 6C000000 		.4byte	.LBE2-.LBB2
 279 00f2 4D010000 		.4byte	0x14d
 280 00f6 07       		.uleb128 0x7
 281 00f7 60010000 		.4byte	.LASF34
ARM GAS  C:\Users\adria\AppData\Local\Temp\ccGzI8v0.s 			page 7


 282 00fb 01       		.byte	0x1
 283 00fc 22       		.byte	0x22
 284 00fd 8C000000 		.4byte	0x8c
 285 0101 00000000 		.4byte	.LLST0
 286 0105 08       		.uleb128 0x8
 287 0106 20000000 		.4byte	.LVL4
 288 010a B6010000 		.4byte	0x1b6
 289 010e 08       		.uleb128 0x8
 290 010f 60000000 		.4byte	.LVL6
 291 0113 C1010000 		.4byte	0x1c1
 292 0117 08       		.uleb128 0x8
 293 0118 68000000 		.4byte	.LVL7
 294 011c CC010000 		.4byte	0x1cc
 295 0120 09       		.uleb128 0x9
 296 0121 74000000 		.4byte	.LVL8
 297 0125 D7010000 		.4byte	0x1d7
 298 0129 3D010000 		.4byte	0x13d
 299 012d 0A       		.uleb128 0xa
 300 012e 01       		.uleb128 0x1
 301 012f 51       		.byte	0x51
 302 0130 01       		.uleb128 0x1
 303 0131 30       		.byte	0x30
 304 0132 0A       		.uleb128 0xa
 305 0133 01       		.uleb128 0x1
 306 0134 52       		.byte	0x52
 307 0135 01       		.uleb128 0x1
 308 0136 34       		.byte	0x34
 309 0137 0A       		.uleb128 0xa
 310 0138 01       		.uleb128 0x1
 311 0139 53       		.byte	0x53
 312 013a 01       		.uleb128 0x1
 313 013b 30       		.byte	0x30
 314 013c 00       		.byte	0
 315 013d 0B       		.uleb128 0xb
 316 013e 7A000000 		.4byte	.LVL9
 317 0142 E2010000 		.4byte	0x1e2
 318 0146 0A       		.uleb128 0xa
 319 0147 01       		.uleb128 0x1
 320 0148 50       		.byte	0x50
 321 0149 01       		.uleb128 0x1
 322 014a 3A       		.byte	0x3a
 323 014b 00       		.byte	0
 324 014c 00       		.byte	0
 325 014d 08       		.uleb128 0x8
 326 014e 08000000 		.4byte	.LVL0
 327 0152 ED010000 		.4byte	0x1ed
 328 0156 08       		.uleb128 0x8
 329 0157 0C000000 		.4byte	.LVL1
 330 015b F8010000 		.4byte	0x1f8
 331 015f 08       		.uleb128 0x8
 332 0160 14000000 		.4byte	.LVL2
 333 0164 C1010000 		.4byte	0x1c1
 334 0168 08       		.uleb128 0x8
 335 0169 1C000000 		.4byte	.LVL3
 336 016d CC010000 		.4byte	0x1cc
 337 0171 00       		.byte	0
 338 0172 0C       		.uleb128 0xc
ARM GAS  C:\Users\adria\AppData\Local\Temp\ccGzI8v0.s 			page 8


 339 0173 4B010000 		.4byte	.LASF20
 340 0177 04       		.byte	0x4
 341 0178 1207     		.2byte	0x712
 342 017a 7E010000 		.4byte	0x17e
 343 017e 0D       		.uleb128 0xd
 344 017f A2000000 		.4byte	0xa2
 345 0183 0E       		.uleb128 0xe
 346 0184 63707000 		.ascii	"cpp\000"
 347 0188 01       		.byte	0x1
 348 0189 06       		.byte	0x6
 349 018a 97000000 		.4byte	0x97
 350 018e 05       		.uleb128 0x5
 351 018f 03       		.byte	0x3
 352 0190 00000000 		.4byte	cpp
 353 0194 0F       		.uleb128 0xf
 354 0195 8B010000 		.4byte	.LASF21
 355 0199 01       		.byte	0x1
 356 019a 06       		.byte	0x6
 357 019b 97000000 		.4byte	0x97
 358 019f 05       		.uleb128 0x5
 359 01a0 03       		.byte	0x3
 360 01a1 00000000 		.4byte	angulo
 361 01a5 0F       		.uleb128 0xf
 362 01a6 58010000 		.4byte	.LASF22
 363 01aa 01       		.byte	0x1
 364 01ab 07       		.byte	0x7
 365 01ac BB000000 		.4byte	0xbb
 366 01b0 05       		.uleb128 0x5
 367 01b1 03       		.byte	0x3
 368 01b2 00000000 		.4byte	bandera
 369 01b6 10       		.uleb128 0x10
 370 01b7 34020000 		.4byte	.LASF23
 371 01bb 34020000 		.4byte	.LASF23
 372 01bf 05       		.byte	0x5
 373 01c0 30       		.byte	0x30
 374 01c1 10       		.uleb128 0x10
 375 01c2 14020000 		.4byte	.LASF24
 376 01c6 14020000 		.4byte	.LASF24
 377 01ca 06       		.byte	0x6
 378 01cb 0A       		.byte	0xa
 379 01cc 10       		.uleb128 0x10
 380 01cd 7A010000 		.4byte	.LASF25
 381 01d1 7A010000 		.4byte	.LASF25
 382 01d5 07       		.byte	0x7
 383 01d6 C3       		.byte	0xc3
 384 01d7 10       		.uleb128 0x10
 385 01d8 2D010000 		.4byte	.LASF26
 386 01dc 2D010000 		.4byte	.LASF26
 387 01e0 08       		.byte	0x8
 388 01e1 61       		.byte	0x61
 389 01e2 10       		.uleb128 0x10
 390 01e3 41020000 		.4byte	.LASF27
 391 01e7 41020000 		.4byte	.LASF27
 392 01eb 09       		.byte	0x9
 393 01ec 76       		.byte	0x76
 394 01ed 10       		.uleb128 0x10
 395 01ee 01020000 		.4byte	.LASF28
ARM GAS  C:\Users\adria\AppData\Local\Temp\ccGzI8v0.s 			page 9


 396 01f2 01020000 		.4byte	.LASF28
 397 01f6 07       		.byte	0x7
 398 01f7 92       		.byte	0x92
 399 01f8 10       		.uleb128 0x10
 400 01f9 0A000000 		.4byte	.LASF29
 401 01fd 0A000000 		.4byte	.LASF29
 402 0201 08       		.byte	0x8
 403 0202 57       		.byte	0x57
 404 0203 00       		.byte	0
 405              		.section	.debug_abbrev,"",%progbits
 406              	.Ldebug_abbrev0:
 407 0000 01       		.uleb128 0x1
 408 0001 11       		.uleb128 0x11
 409 0002 01       		.byte	0x1
 410 0003 25       		.uleb128 0x25
 411 0004 0E       		.uleb128 0xe
 412 0005 13       		.uleb128 0x13
 413 0006 0B       		.uleb128 0xb
 414 0007 03       		.uleb128 0x3
 415 0008 0E       		.uleb128 0xe
 416 0009 1B       		.uleb128 0x1b
 417 000a 0E       		.uleb128 0xe
 418 000b 55       		.uleb128 0x55
 419 000c 17       		.uleb128 0x17
 420 000d 11       		.uleb128 0x11
 421 000e 01       		.uleb128 0x1
 422 000f 10       		.uleb128 0x10
 423 0010 17       		.uleb128 0x17
 424 0011 00       		.byte	0
 425 0012 00       		.byte	0
 426 0013 02       		.uleb128 0x2
 427 0014 24       		.uleb128 0x24
 428 0015 00       		.byte	0
 429 0016 0B       		.uleb128 0xb
 430 0017 0B       		.uleb128 0xb
 431 0018 3E       		.uleb128 0x3e
 432 0019 0B       		.uleb128 0xb
 433 001a 03       		.uleb128 0x3
 434 001b 0E       		.uleb128 0xe
 435 001c 00       		.byte	0
 436 001d 00       		.byte	0
 437 001e 03       		.uleb128 0x3
 438 001f 16       		.uleb128 0x16
 439 0020 00       		.byte	0
 440 0021 03       		.uleb128 0x3
 441 0022 0E       		.uleb128 0xe
 442 0023 3A       		.uleb128 0x3a
 443 0024 0B       		.uleb128 0xb
 444 0025 3B       		.uleb128 0x3b
 445 0026 0B       		.uleb128 0xb
 446 0027 49       		.uleb128 0x49
 447 0028 13       		.uleb128 0x13
 448 0029 00       		.byte	0
 449 002a 00       		.byte	0
 450 002b 04       		.uleb128 0x4
 451 002c 24       		.uleb128 0x24
 452 002d 00       		.byte	0
ARM GAS  C:\Users\adria\AppData\Local\Temp\ccGzI8v0.s 			page 10


 453 002e 0B       		.uleb128 0xb
 454 002f 0B       		.uleb128 0xb
 455 0030 3E       		.uleb128 0x3e
 456 0031 0B       		.uleb128 0xb
 457 0032 03       		.uleb128 0x3
 458 0033 08       		.uleb128 0x8
 459 0034 00       		.byte	0
 460 0035 00       		.byte	0
 461 0036 05       		.uleb128 0x5
 462 0037 2E       		.uleb128 0x2e
 463 0038 01       		.byte	0x1
 464 0039 3F       		.uleb128 0x3f
 465 003a 19       		.uleb128 0x19
 466 003b 03       		.uleb128 0x3
 467 003c 0E       		.uleb128 0xe
 468 003d 3A       		.uleb128 0x3a
 469 003e 0B       		.uleb128 0xb
 470 003f 3B       		.uleb128 0x3b
 471 0040 0B       		.uleb128 0xb
 472 0041 27       		.uleb128 0x27
 473 0042 19       		.uleb128 0x19
 474 0043 49       		.uleb128 0x49
 475 0044 13       		.uleb128 0x13
 476 0045 8701     		.uleb128 0x87
 477 0047 19       		.uleb128 0x19
 478 0048 11       		.uleb128 0x11
 479 0049 01       		.uleb128 0x1
 480 004a 12       		.uleb128 0x12
 481 004b 06       		.uleb128 0x6
 482 004c 40       		.uleb128 0x40
 483 004d 18       		.uleb128 0x18
 484 004e 9742     		.uleb128 0x2117
 485 0050 19       		.uleb128 0x19
 486 0051 01       		.uleb128 0x1
 487 0052 13       		.uleb128 0x13
 488 0053 00       		.byte	0
 489 0054 00       		.byte	0
 490 0055 06       		.uleb128 0x6
 491 0056 0B       		.uleb128 0xb
 492 0057 01       		.byte	0x1
 493 0058 11       		.uleb128 0x11
 494 0059 01       		.uleb128 0x1
 495 005a 12       		.uleb128 0x12
 496 005b 06       		.uleb128 0x6
 497 005c 01       		.uleb128 0x1
 498 005d 13       		.uleb128 0x13
 499 005e 00       		.byte	0
 500 005f 00       		.byte	0
 501 0060 07       		.uleb128 0x7
 502 0061 34       		.uleb128 0x34
 503 0062 00       		.byte	0
 504 0063 03       		.uleb128 0x3
 505 0064 0E       		.uleb128 0xe
 506 0065 3A       		.uleb128 0x3a
 507 0066 0B       		.uleb128 0xb
 508 0067 3B       		.uleb128 0x3b
 509 0068 0B       		.uleb128 0xb
ARM GAS  C:\Users\adria\AppData\Local\Temp\ccGzI8v0.s 			page 11


 510 0069 49       		.uleb128 0x49
 511 006a 13       		.uleb128 0x13
 512 006b 02       		.uleb128 0x2
 513 006c 17       		.uleb128 0x17
 514 006d 00       		.byte	0
 515 006e 00       		.byte	0
 516 006f 08       		.uleb128 0x8
 517 0070 898201   		.uleb128 0x4109
 518 0073 00       		.byte	0
 519 0074 11       		.uleb128 0x11
 520 0075 01       		.uleb128 0x1
 521 0076 31       		.uleb128 0x31
 522 0077 13       		.uleb128 0x13
 523 0078 00       		.byte	0
 524 0079 00       		.byte	0
 525 007a 09       		.uleb128 0x9
 526 007b 898201   		.uleb128 0x4109
 527 007e 01       		.byte	0x1
 528 007f 11       		.uleb128 0x11
 529 0080 01       		.uleb128 0x1
 530 0081 31       		.uleb128 0x31
 531 0082 13       		.uleb128 0x13
 532 0083 01       		.uleb128 0x1
 533 0084 13       		.uleb128 0x13
 534 0085 00       		.byte	0
 535 0086 00       		.byte	0
 536 0087 0A       		.uleb128 0xa
 537 0088 8A8201   		.uleb128 0x410a
 538 008b 00       		.byte	0
 539 008c 02       		.uleb128 0x2
 540 008d 18       		.uleb128 0x18
 541 008e 9142     		.uleb128 0x2111
 542 0090 18       		.uleb128 0x18
 543 0091 00       		.byte	0
 544 0092 00       		.byte	0
 545 0093 0B       		.uleb128 0xb
 546 0094 898201   		.uleb128 0x4109
 547 0097 01       		.byte	0x1
 548 0098 11       		.uleb128 0x11
 549 0099 01       		.uleb128 0x1
 550 009a 31       		.uleb128 0x31
 551 009b 13       		.uleb128 0x13
 552 009c 00       		.byte	0
 553 009d 00       		.byte	0
 554 009e 0C       		.uleb128 0xc
 555 009f 34       		.uleb128 0x34
 556 00a0 00       		.byte	0
 557 00a1 03       		.uleb128 0x3
 558 00a2 0E       		.uleb128 0xe
 559 00a3 3A       		.uleb128 0x3a
 560 00a4 0B       		.uleb128 0xb
 561 00a5 3B       		.uleb128 0x3b
 562 00a6 05       		.uleb128 0x5
 563 00a7 49       		.uleb128 0x49
 564 00a8 13       		.uleb128 0x13
 565 00a9 3F       		.uleb128 0x3f
 566 00aa 19       		.uleb128 0x19
ARM GAS  C:\Users\adria\AppData\Local\Temp\ccGzI8v0.s 			page 12


 567 00ab 3C       		.uleb128 0x3c
 568 00ac 19       		.uleb128 0x19
 569 00ad 00       		.byte	0
 570 00ae 00       		.byte	0
 571 00af 0D       		.uleb128 0xd
 572 00b0 35       		.uleb128 0x35
 573 00b1 00       		.byte	0
 574 00b2 49       		.uleb128 0x49
 575 00b3 13       		.uleb128 0x13
 576 00b4 00       		.byte	0
 577 00b5 00       		.byte	0
 578 00b6 0E       		.uleb128 0xe
 579 00b7 34       		.uleb128 0x34
 580 00b8 00       		.byte	0
 581 00b9 03       		.uleb128 0x3
 582 00ba 08       		.uleb128 0x8
 583 00bb 3A       		.uleb128 0x3a
 584 00bc 0B       		.uleb128 0xb
 585 00bd 3B       		.uleb128 0x3b
 586 00be 0B       		.uleb128 0xb
 587 00bf 49       		.uleb128 0x49
 588 00c0 13       		.uleb128 0x13
 589 00c1 3F       		.uleb128 0x3f
 590 00c2 19       		.uleb128 0x19
 591 00c3 02       		.uleb128 0x2
 592 00c4 18       		.uleb128 0x18
 593 00c5 00       		.byte	0
 594 00c6 00       		.byte	0
 595 00c7 0F       		.uleb128 0xf
 596 00c8 34       		.uleb128 0x34
 597 00c9 00       		.byte	0
 598 00ca 03       		.uleb128 0x3
 599 00cb 0E       		.uleb128 0xe
 600 00cc 3A       		.uleb128 0x3a
 601 00cd 0B       		.uleb128 0xb
 602 00ce 3B       		.uleb128 0x3b
 603 00cf 0B       		.uleb128 0xb
 604 00d0 49       		.uleb128 0x49
 605 00d1 13       		.uleb128 0x13
 606 00d2 3F       		.uleb128 0x3f
 607 00d3 19       		.uleb128 0x19
 608 00d4 02       		.uleb128 0x2
 609 00d5 18       		.uleb128 0x18
 610 00d6 00       		.byte	0
 611 00d7 00       		.byte	0
 612 00d8 10       		.uleb128 0x10
 613 00d9 2E       		.uleb128 0x2e
 614 00da 00       		.byte	0
 615 00db 3F       		.uleb128 0x3f
 616 00dc 19       		.uleb128 0x19
 617 00dd 3C       		.uleb128 0x3c
 618 00de 19       		.uleb128 0x19
 619 00df 6E       		.uleb128 0x6e
 620 00e0 0E       		.uleb128 0xe
 621 00e1 03       		.uleb128 0x3
 622 00e2 0E       		.uleb128 0xe
 623 00e3 3A       		.uleb128 0x3a
ARM GAS  C:\Users\adria\AppData\Local\Temp\ccGzI8v0.s 			page 13


 624 00e4 0B       		.uleb128 0xb
 625 00e5 3B       		.uleb128 0x3b
 626 00e6 0B       		.uleb128 0xb
 627 00e7 00       		.byte	0
 628 00e8 00       		.byte	0
 629 00e9 00       		.byte	0
 630              		.section	.debug_loc,"",%progbits
 631              	.Ldebug_loc0:
 632              	.LLST0:
 633 0000 20000000 		.4byte	.LVL4
 634 0004 5C000000 		.4byte	.LVL5
 635 0008 0100     		.2byte	0x1
 636 000a 50       		.byte	0x50
 637 000b 00000000 		.4byte	0
 638 000f 00000000 		.4byte	0
 639              		.section	.debug_aranges,"",%progbits
 640 0000 1C000000 		.4byte	0x1c
 641 0004 0200     		.2byte	0x2
 642 0006 00000000 		.4byte	.Ldebug_info0
 643 000a 04       		.byte	0x4
 644 000b 00       		.byte	0
 645 000c 0000     		.2byte	0
 646 000e 0000     		.2byte	0
 647 0010 00000000 		.4byte	.LFB63
 648 0014 88000000 		.4byte	.LFE63-.LFB63
 649 0018 00000000 		.4byte	0
 650 001c 00000000 		.4byte	0
 651              		.section	.debug_ranges,"",%progbits
 652              	.Ldebug_ranges0:
 653 0000 00000000 		.4byte	.LFB63
 654 0004 88000000 		.4byte	.LFE63
 655 0008 00000000 		.4byte	0
 656 000c 00000000 		.4byte	0
 657              		.section	.debug_line,"",%progbits
 658              	.Ldebug_line0:
 659 0000 A9010000 		.section	.debug_str,"MS",%progbits,1
 659      02007F01 
 659      00000201 
 659      FB0E0D00 
 659      01010101 
 660              	.LASF3:
 661 0000 5F5F7569 		.ascii	"__uint8_t\000"
 661      6E74385F 
 661      7400
 662              	.LASF29:
 663 000a 4C45445F 		.ascii	"LED_Grados_Start\000"
 663      47726164 
 663      6F735F53 
 663      74617274 
 663      00
 664              	.LASF6:
 665 001b 5F5F696E 		.ascii	"__int32_t\000"
 665      7433325F 
 665      7400
 666              	.LASF32:
 667 0025 433A5C55 		.ascii	"C:\\Users\\adria\\OneDrive\\Documents\\psoc\\Servo_"
 667      73657273 
ARM GAS  C:\Users\adria\AppData\Local\Temp\ccGzI8v0.s 			page 14


 667      5C616472 
 667      69615C4F 
 667      6E654472 
 668 0052 7339305C 		.ascii	"s90\\Servo_s90.cydsn\000"
 668      53657276 
 668      6F5F7339 
 668      302E6379 
 668      64736E00 
 669              	.LASF15:
 670 0066 666C6F61 		.ascii	"float\000"
 670      7400
 671              	.LASF1:
 672 006c 756E7369 		.ascii	"unsigned char\000"
 672      676E6564 
 672      20636861 
 672      7200
 673              	.LASF30:
 674 007a 474E5520 		.ascii	"GNU C11 5.4.1 20160609 (release) [ARM/embedded-5-br"
 674      43313120 
 674      352E342E 
 674      31203230 
 674      31363036 
 675 00ad 616E6368 		.ascii	"anch revision 237715] -mcpu=cortex-m3 -mthumb -g -O"
 675      20726576 
 675      6973696F 
 675      6E203233 
 675      37373135 
 676 00e0 67202D66 		.ascii	"g -ffunction-sections -ffat-lto-objects\000"
 676      66756E63 
 676      74696F6E 
 676      2D736563 
 676      74696F6E 
 677              	.LASF8:
 678 0108 6C6F6E67 		.ascii	"long unsigned int\000"
 678      20756E73 
 678      69676E65 
 678      6420696E 
 678      7400
 679              	.LASF5:
 680 011a 73686F72 		.ascii	"short unsigned int\000"
 680      7420756E 
 680      7369676E 
 680      65642069 
 680      6E7400
 681              	.LASF26:
 682 012d 4C45445F 		.ascii	"LED_Grados_Write7SegNumberDec\000"
 682      47726164 
 682      6F735F57 
 682      72697465 
 682      37536567 
 683              	.LASF20:
 684 014b 49544D5F 		.ascii	"ITM_RxBuffer\000"
 684      52784275 
 684      66666572 
 684      00
 685              	.LASF22:
 686 0158 62616E64 		.ascii	"bandera\000"
ARM GAS  C:\Users\adria\AppData\Local\Temp\ccGzI8v0.s 			page 15


 686      65726100 
 687              	.LASF34:
 688 0160 7265675F 		.ascii	"reg_btn\000"
 688      62746E00 
 689              	.LASF4:
 690 0168 5F5F7569 		.ascii	"__uint16_t\000"
 690      6E743136 
 690      5F7400
 691              	.LASF16:
 692 0173 646F7562 		.ascii	"double\000"
 692      6C6500
 693              	.LASF25:
 694 017a 50574D5F 		.ascii	"PWM_WriteCompare\000"
 694      57726974 
 694      65436F6D 
 694      70617265 
 694      00
 695              	.LASF21:
 696 018b 616E6775 		.ascii	"angulo\000"
 696      6C6F00
 697              	.LASF2:
 698 0192 73686F72 		.ascii	"short int\000"
 698      7420696E 
 698      7400
 699              	.LASF33:
 700 019c 6D61696E 		.ascii	"main\000"
 700      00
 701              	.LASF11:
 702 01a1 756E7369 		.ascii	"unsigned int\000"
 702      676E6564 
 702      20696E74 
 702      00
 703              	.LASF10:
 704 01ae 6C6F6E67 		.ascii	"long long unsigned int\000"
 704      206C6F6E 
 704      6720756E 
 704      7369676E 
 704      65642069 
 705              	.LASF12:
 706 01c5 75696E74 		.ascii	"uint8_t\000"
 706      385F7400 
 707              	.LASF14:
 708 01cd 696E7433 		.ascii	"int32_t\000"
 708      325F7400 
 709              	.LASF19:
 710 01d5 73697A65 		.ascii	"sizetype\000"
 710      74797065 
 710      00
 711              	.LASF9:
 712 01de 6C6F6E67 		.ascii	"long long int\000"
 712      206C6F6E 
 712      6720696E 
 712      7400
 713              	.LASF31:
 714 01ec 6D61696E 		.ascii	"main.c\000"
 714      2E6300
 715              	.LASF17:
ARM GAS  C:\Users\adria\AppData\Local\Temp\ccGzI8v0.s 			page 16


 716 01f3 63686172 		.ascii	"char\000"
 716      00
 717              	.LASF13:
 718 01f8 75696E74 		.ascii	"uint16_t\000"
 718      31365F74 
 718      00
 719              	.LASF28:
 720 0201 50574D5F 		.ascii	"PWM_Start\000"
 720      53746172 
 720      7400
 721              	.LASF7:
 722 020b 6C6F6E67 		.ascii	"long int\000"
 722      20696E74 
 722      00
 723              	.LASF24:
 724 0214 416E675F 		.ascii	"Ang_Per\000"
 724      50657200 
 725              	.LASF18:
 726 021c 6C6F6E67 		.ascii	"long double\000"
 726      20646F75 
 726      626C6500 
 727              	.LASF0:
 728 0228 7369676E 		.ascii	"signed char\000"
 728      65642063 
 728      68617200 
 729              	.LASF23:
 730 0234 5265675F 		.ascii	"Reg_btn_Read\000"
 730      62746E5F 
 730      52656164 
 730      00
 731              	.LASF27:
 732 0241 43794465 		.ascii	"CyDelay\000"
 732      6C617900 
 733              		.ident	"GCC: (GNU Tools for ARM Embedded Processors) 5.4.1 20160609 (release) [ARM/embedded-5-bran
