ARM GAS  C:\Users\adria\AppData\Local\Temp\cccnb2xD.s 			page 1


   1              		.syntax unified
   2              		.cpu cortex-m3
   3              		.fpu softvfp
   4              		.eabi_attribute 20, 1
   5              		.eabi_attribute 21, 1
   6              		.eabi_attribute 23, 3
   7              		.eabi_attribute 24, 1
   8              		.eabi_attribute 25, 1
   9              		.eabi_attribute 26, 1
  10              		.eabi_attribute 30, 1
  11              		.eabi_attribute 34, 1
  12              		.eabi_attribute 18, 4
  13              		.thumb
  14              		.syntax unified
  15              		.file	"cymetadata.c"
  16              		.text
  17              	.Ltext0:
  18              		.cfi_sections	.debug_frame
  19              		.global	cy_metadata
  20              		.global	cy_meta_flashprotect
  21              		.global	cy_meta_wonvl
  22              		.global	cy_meta_custnvl
  23              		.global	cy_meta_configecc
  24              		.section	.cyconfigecc,"a",%progbits
  25              		.align	2
  26              		.type	cy_meta_configecc, %object
  27              		.size	cy_meta_configecc, 560
  28              	cy_meta_configecc:
  29 0000 02       		.byte	2
  30 0001 52       		.byte	82
  31 0002 00       		.byte	0
  32 0003 40       		.byte	64
  33 0004 01       		.byte	1
  34 0005 65       		.byte	101
  35 0006 00       		.byte	0
  36 0007 40       		.byte	64
  37 0008 05       		.byte	5
  38 0009 15       		.byte	21
  39 000a 01       		.byte	1
  40 000b 40       		.byte	64
  41 000c 02       		.byte	2
  42 000d 17       		.byte	23
  43 000e 01       		.byte	1
  44 000f 40       		.byte	64
  45 0010 03       		.byte	3
  46 0011 19       		.byte	25
  47 0012 01       		.byte	1
  48 0013 40       		.byte	64
  49 0014 58       		.byte	88
  50 0015 1A       		.byte	26
  51 0016 01       		.byte	1
  52 0017 40       		.byte	64
  53 0018 3F       		.byte	63
  54 0019 1B       		.byte	27
  55 001a 01       		.byte	1
  56 001b 40       		.byte	64
  57 001c 02       		.byte	2
ARM GAS  C:\Users\adria\AppData\Local\Temp\cccnb2xD.s 			page 2


  58 001d 40       		.byte	64
  59 001e 01       		.byte	1
  60 001f 40       		.byte	64
  61 0020 01       		.byte	1
  62 0021 41       		.byte	65
  63 0022 01       		.byte	1
  64 0023 40       		.byte	64
  65 0024 03       		.byte	3
  66 0025 42       		.byte	66
  67 0026 01       		.byte	1
  68 0027 40       		.byte	64
  69 0028 02       		.byte	2
  70 0029 43       		.byte	67
  71 002a 01       		.byte	1
  72 002b 40       		.byte	64
  73 002c 04       		.byte	4
  74 002d 48       		.byte	72
  75 002e 01       		.byte	1
  76 002f 40       		.byte	64
  77 0030 1D       		.byte	29
  78 0031 49       		.byte	73
  79 0032 01       		.byte	1
  80 0033 40       		.byte	64
  81 0034 08       		.byte	8
  82 0035 4C       		.byte	76
  83 0036 01       		.byte	1
  84 0037 40       		.byte	64
  85 0038 09       		.byte	9
  86 0039 4D       		.byte	77
  87 003a 01       		.byte	1
  88 003b 40       		.byte	64
  89 003c 02       		.byte	2
  90 003d 50       		.byte	80
  91 003e 01       		.byte	1
  92 003f 40       		.byte	64
  93 0040 02       		.byte	2
  94 0041 51       		.byte	81
  95 0042 01       		.byte	1
  96 0043 40       		.byte	64
  97 0044 18       		.byte	24
  98 0045 64       		.byte	100
  99 0046 19       		.byte	25
 100 0047 A0       		.byte	-96
 101 0048 8A       		.byte	-118
 102 0049 0F       		.byte	15
 103 004a E0       		.byte	-32
 104 004b 01       		.byte	1
 105 004c E2       		.byte	-30
 106 004d 30       		.byte	48
 107 004e E6       		.byte	-26
 108 004f B4       		.byte	-76
 109 0050 E8       		.byte	-24
 110 0051 20       		.byte	32
 111 0052 EA       		.byte	-22
 112 0053 05       		.byte	5
 113 0054 E2       		.byte	-30
 114 0055 20       		.byte	32
ARM GAS  C:\Users\adria\AppData\Local\Temp\cccnb2xD.s 			page 3


 115 0056 E6       		.byte	-26
 116 0057 10       		.byte	16
 117 0058 8B       		.byte	-117
 118 0059 40       		.byte	64
 119 005a E2       		.byte	-30
 120 005b 20       		.byte	32
 121 005c E6       		.byte	-26
 122 005d 10       		.byte	16
 123 005e 04       		.byte	4
 124 005f 33       		.byte	51
 125 0060 06       		.byte	6
 126 0061 04       		.byte	4
 127 0062 08       		.byte	8
 128 0063 33       		.byte	51
 129 0064 0A       		.byte	10
 130 0065 0C       		.byte	12
 131 0066 10       		.byte	16
 132 0067 80       		.byte	-128
 133 0068 18       		.byte	24
 134 0069 03       		.byte	3
 135 006a 1A       		.byte	26
 136 006b 14       		.byte	20
 137 006c 1E       		.byte	30
 138 006d 08       		.byte	8
 139 006e 24       		.byte	36
 140 006f 40       		.byte	64
 141 0070 26       		.byte	38
 142 0071 15       		.byte	21
 143 0072 28       		.byte	40
 144 0073 0A       		.byte	10
 145 0074 2A       		.byte	42
 146 0075 34       		.byte	52
 147 0076 30       		.byte	48
 148 0077 10       		.byte	16
 149 0078 32       		.byte	50
 150 0079 80       		.byte	-128
 151 007a 34       		.byte	52
 152 007b 0F       		.byte	15
 153 007c 36       		.byte	54
 154 007d 60       		.byte	96
 155 007e 38       		.byte	56
 156 007f 80       		.byte	-128
 157 0080 3A       		.byte	58
 158 0081 20       		.byte	32
 159 0082 3E       		.byte	62
 160 0083 05       		.byte	5
 161 0084 40       		.byte	64
 162 0085 63       		.byte	99
 163 0086 41       		.byte	65
 164 0087 02       		.byte	2
 165 0088 46       		.byte	70
 166 0089 CE       		.byte	-50
 167 008a 47       		.byte	71
 168 008b 0B       		.byte	11
 169 008c 48       		.byte	72
 170 008d 1C       		.byte	28
 171 008e 49       		.byte	73
ARM GAS  C:\Users\adria\AppData\Local\Temp\cccnb2xD.s 			page 4


 172 008f FF       		.byte	-1
 173 0090 4A       		.byte	74
 174 0091 FF       		.byte	-1
 175 0092 4B       		.byte	75
 176 0093 FF       		.byte	-1
 177 0094 4E       		.byte	78
 178 0095 F0       		.byte	-16
 179 0096 4F       		.byte	79
 180 0097 44       		.byte	68
 181 0098 50       		.byte	80
 182 0099 0C       		.byte	12
 183 009a 54       		.byte	84
 184 009b 01       		.byte	1
 185 009c 56       		.byte	86
 186 009d 04       		.byte	4
 187 009e 58       		.byte	88
 188 009f 04       		.byte	4
 189 00a0 5A       		.byte	90
 190 00a1 04       		.byte	4
 191 00a2 5B       		.byte	91
 192 00a3 04       		.byte	4
 193 00a4 5F       		.byte	95
 194 00a5 01       		.byte	1
 195 00a6 66       		.byte	102
 196 00a7 C0       		.byte	-64
 197 00a8 6A       		.byte	106
 198 00a9 40       		.byte	64
 199 00aa 6B       		.byte	107
 200 00ab 02       		.byte	2
 201 00ac 84       		.byte	-124
 202 00ad 0C       		.byte	12
 203 00ae 86       		.byte	-122
 204 00af 11       		.byte	17
 205 00b0 87       		.byte	-121
 206 00b1 08       		.byte	8
 207 00b2 88       		.byte	-120
 208 00b3 10       		.byte	16
 209 00b4 8A       		.byte	-118
 210 00b5 0C       		.byte	12
 211 00b6 8B       		.byte	-117
 212 00b7 23       		.byte	35
 213 00b8 8C       		.byte	-116
 214 00b9 09       		.byte	9
 215 00ba 8E       		.byte	-114
 216 00bb 10       		.byte	16
 217 00bc 90       		.byte	-112
 218 00bd 20       		.byte	32
 219 00be 92       		.byte	-110
 220 00bf 03       		.byte	3
 221 00c0 95       		.byte	-107
 222 00c1 61       		.byte	97
 223 00c2 97       		.byte	-105
 224 00c3 0E       		.byte	14
 225 00c4 98       		.byte	-104
 226 00c5 10       		.byte	16
 227 00c6 99       		.byte	-103
 228 00c7 5C       		.byte	92
ARM GAS  C:\Users\adria\AppData\Local\Temp\cccnb2xD.s 			page 5


 229 00c8 9B       		.byte	-101
 230 00c9 03       		.byte	3
 231 00ca A3       		.byte	-93
 232 00cb 1C       		.byte	28
 233 00cc A4       		.byte	-92
 234 00cd 14       		.byte	20
 235 00ce A8       		.byte	-88
 236 00cf 1C       		.byte	28
 237 00d0 A9       		.byte	-87
 238 00d1 61       		.byte	97
 239 00d2 AA       		.byte	-86
 240 00d3 02       		.byte	2
 241 00d4 AB       		.byte	-85
 242 00d5 16       		.byte	22
 243 00d6 B0       		.byte	-80
 244 00d7 1F       		.byte	31
 245 00d8 B1       		.byte	-79
 246 00d9 60       		.byte	96
 247 00da B2       		.byte	-78
 248 00db 20       		.byte	32
 249 00dc B3       		.byte	-77
 250 00dd 0F       		.byte	15
 251 00de B5       		.byte	-75
 252 00df 1A       		.byte	26
 253 00e0 B9       		.byte	-71
 254 00e1 02       		.byte	2
 255 00e2 BB       		.byte	-69
 256 00e3 28       		.byte	40
 257 00e4 BE       		.byte	-66
 258 00e5 04       		.byte	4
 259 00e6 BF       		.byte	-65
 260 00e7 01       		.byte	1
 261 00e8 C0       		.byte	-64
 262 00e9 01       		.byte	1
 263 00ea C5       		.byte	-59
 264 00eb 04       		.byte	4
 265 00ec C9       		.byte	-55
 266 00ed FF       		.byte	-1
 267 00ee CA       		.byte	-54
 268 00ef 07       		.byte	7
 269 00f0 CB       		.byte	-53
 270 00f1 FF       		.byte	-1
 271 00f2 CC       		.byte	-52
 272 00f3 40       		.byte	64
 273 00f4 CD       		.byte	-51
 274 00f5 20       		.byte	32
 275 00f6 CE       		.byte	-50
 276 00f7 F0       		.byte	-16
 277 00f8 CF       		.byte	-49
 278 00f9 05       		.byte	5
 279 00fa D0       		.byte	-48
 280 00fb 08       		.byte	8
 281 00fc D8       		.byte	-40
 282 00fd 04       		.byte	4
 283 00fe D9       		.byte	-39
 284 00ff 04       		.byte	4
 285 0100 DA       		.byte	-38
ARM GAS  C:\Users\adria\AppData\Local\Temp\cccnb2xD.s 			page 6


 286 0101 04       		.byte	4
 287 0102 DB       		.byte	-37
 288 0103 04       		.byte	4
 289 0104 DF       		.byte	-33
 290 0105 01       		.byte	1
 291 0106 E0       		.byte	-32
 292 0107 40       		.byte	64
 293 0108 E1       		.byte	-31
 294 0109 A8       		.byte	-88
 295 010a E2       		.byte	-30
 296 010b 40       		.byte	64
 297 010c E3       		.byte	-29
 298 010d 20       		.byte	32
 299 010e 00       		.byte	0
 300 010f 04       		.byte	4
 301 0110 01       		.byte	1
 302 0111 20       		.byte	32
 303 0112 04       		.byte	4
 304 0113 04       		.byte	4
 305 0114 05       		.byte	5
 306 0115 60       		.byte	96
 307 0116 08       		.byte	8
 308 0117 11       		.byte	17
 309 0118 09       		.byte	9
 310 0119 20       		.byte	32
 311 011a 0A       		.byte	10
 312 011b 02       		.byte	2
 313 011c 0B       		.byte	11
 314 011d 80       		.byte	-128
 315 011e 0E       		.byte	14
 316 011f 80       		.byte	-128
 317 0120 0F       		.byte	15
 318 0121 08       		.byte	8
 319 0122 10       		.byte	16
 320 0123 20       		.byte	32
 321 0124 13       		.byte	19
 322 0125 20       		.byte	32
 323 0126 15       		.byte	21
 324 0127 08       		.byte	8
 325 0128 17       		.byte	23
 326 0129 20       		.byte	32
 327 012a 19       		.byte	25
 328 012b 64       		.byte	100
 329 012c 1A       		.byte	26
 330 012d 42       		.byte	66
 331 012e 1B       		.byte	27
 332 012f 80       		.byte	-128
 333 0130 1E       		.byte	30
 334 0131 A0       		.byte	-96
 335 0132 24       		.byte	36
 336 0133 04       		.byte	4
 337 0134 27       		.byte	39
 338 0135 A8       		.byte	-88
 339 0136 2D       		.byte	45
 340 0137 20       		.byte	32
 341 0138 2F       		.byte	47
 342 0139 80       		.byte	-128
ARM GAS  C:\Users\adria\AppData\Local\Temp\cccnb2xD.s 			page 7


 343 013a 37       		.byte	55
 344 013b 28       		.byte	40
 345 013c 3F       		.byte	63
 346 013d 28       		.byte	40
 347 013e 40       		.byte	64
 348 013f 04       		.byte	4
 349 0140 42       		.byte	66
 350 0141 20       		.byte	32
 351 0142 47       		.byte	71
 352 0143 80       		.byte	-128
 353 0144 49       		.byte	73
 354 0145 20       		.byte	32
 355 0146 4F       		.byte	79
 356 0147 08       		.byte	8
 357 0148 51       		.byte	81
 358 0149 24       		.byte	36
 359 014a 53       		.byte	83
 360 014b 40       		.byte	64
 361 014c 54       		.byte	84
 362 014d 20       		.byte	32
 363 014e 56       		.byte	86
 364 014f 20       		.byte	32
 365 0150 57       		.byte	87
 366 0151 10       		.byte	16
 367 0152 58       		.byte	88
 368 0153 11       		.byte	17
 369 0154 59       		.byte	89
 370 0155 04       		.byte	4
 371 0156 5A       		.byte	90
 372 0157 40       		.byte	64
 373 0158 63       		.byte	99
 374 0159 40       		.byte	64
 375 015a 6C       		.byte	108
 376 015b 44       		.byte	68
 377 015c 6F       		.byte	111
 378 015d 21       		.byte	33
 379 015e 74       		.byte	116
 380 015f 10       		.byte	16
 381 0160 77       		.byte	119
 382 0161 02       		.byte	2
 383 0162 83       		.byte	-125
 384 0163 20       		.byte	32
 385 0164 88       		.byte	-120
 386 0165 10       		.byte	16
 387 0166 8A       		.byte	-118
 388 0167 10       		.byte	16
 389 0168 8B       		.byte	-117
 390 0169 03       		.byte	3
 391 016a 8C       		.byte	-116
 392 016b 44       		.byte	68
 393 016c 97       		.byte	-105
 394 016d 40       		.byte	64
 395 016e C0       		.byte	-64
 396 016f E6       		.byte	-26
 397 0170 C2       		.byte	-62
 398 0171 5B       		.byte	91
 399 0172 C4       		.byte	-60
ARM GAS  C:\Users\adria\AppData\Local\Temp\cccnb2xD.s 			page 8


 400 0173 66       		.byte	102
 401 0174 CA       		.byte	-54
 402 0175 A0       		.byte	-96
 403 0176 CC       		.byte	-52
 404 0177 60       		.byte	96
 405 0178 CE       		.byte	-50
 406 0179 60       		.byte	96
 407 017a D0       		.byte	-48
 408 017b 16       		.byte	22
 409 017c D2       		.byte	-46
 410 017d 04       		.byte	4
 411 017e D6       		.byte	-42
 412 017f 0F       		.byte	15
 413 0180 D8       		.byte	-40
 414 0181 01       		.byte	1
 415 0182 E0       		.byte	-32
 416 0183 01       		.byte	1
 417 0184 E2       		.byte	-30
 418 0185 30       		.byte	48
 419 0186 E6       		.byte	-26
 420 0187 B0       		.byte	-80
 421 0188 E8       		.byte	-24
 422 0189 20       		.byte	32
 423 018a EA       		.byte	-22
 424 018b 05       		.byte	5
 425 018c 30       		.byte	48
 426 018d 10       		.byte	16
 427 018e CC       		.byte	-52
 428 018f 10       		.byte	16
 429 0190 9C       		.byte	-100
 430 0191 10       		.byte	16
 431 0192 3E       		.byte	62
 432 0193 10       		.byte	16
 433 0194 9C       		.byte	-100
 434 0195 10       		.byte	16
 435 0196 CE       		.byte	-50
 436 0197 20       		.byte	32
 437 0198 96       		.byte	-106
 438 0199 10       		.byte	16
 439 019a 9C       		.byte	-100
 440 019b 10       		.byte	16
 441 019c 88       		.byte	-120
 442 019d 10       		.byte	16
 443 019e 8E       		.byte	-114
 444 019f 02       		.byte	2
 445 01a0 96       		.byte	-106
 446 01a1 10       		.byte	16
 447 01a2 9C       		.byte	-100
 448 01a3 10       		.byte	16
 449 01a4 13       		.byte	19
 450 01a5 02       		.byte	2
 451 01a6 17       		.byte	23
 452 01a7 04       		.byte	4
 453 01a8 53       		.byte	83
 454 01a9 10       		.byte	16
 455 01aa 56       		.byte	86
 456 01ab 20       		.byte	32
ARM GAS  C:\Users\adria\AppData\Local\Temp\cccnb2xD.s 			page 9


 457 01ac 5B       		.byte	91
 458 01ad 01       		.byte	1
 459 01ae 62       		.byte	98
 460 01af 04       		.byte	4
 461 01b0 66       		.byte	102
 462 01b1 08       		.byte	8
 463 01b2 67       		.byte	103
 464 01b3 02       		.byte	2
 465 01b4 7B       		.byte	123
 466 01b5 02       		.byte	2
 467 01b6 7E       		.byte	126
 468 01b7 02       		.byte	2
 469 01b8 83       		.byte	-125
 470 01b9 05       		.byte	5
 471 01ba 8A       		.byte	-118
 472 01bb 20       		.byte	32
 473 01bc 8B       		.byte	-117
 474 01bd 11       		.byte	17
 475 01be 8E       		.byte	-114
 476 01bf 0C       		.byte	12
 477 01c0 9F       		.byte	-97
 478 01c1 02       		.byte	2
 479 01c2 A2       		.byte	-94
 480 01c3 02       		.byte	2
 481 01c4 A3       		.byte	-93
 482 01c5 02       		.byte	2
 483 01c6 AA       		.byte	-86
 484 01c7 10       		.byte	16
 485 01c8 AB       		.byte	-85
 486 01c9 02       		.byte	2
 487 01ca B3       		.byte	-77
 488 01cb 02       		.byte	2
 489 01cc C4       		.byte	-60
 490 01cd 30       		.byte	48
 491 01ce D4       		.byte	-44
 492 01cf 60       		.byte	96
 493 01d0 D6       		.byte	-42
 494 01d1 C0       		.byte	-64
 495 01d2 D8       		.byte	-40
 496 01d3 C0       		.byte	-64
 497 01d4 DC       		.byte	-36
 498 01d5 80       		.byte	-128
 499 01d6 DE       		.byte	-34
 500 01d7 20       		.byte	32
 501 01d8 E0       		.byte	-32
 502 01d9 80       		.byte	-128
 503 01da E6       		.byte	-26
 504 01db 20       		.byte	32
 505 01dc EA       		.byte	-22
 506 01dd A0       		.byte	-96
 507 01de 13       		.byte	19
 508 01df 28       		.byte	40
 509 01e0 16       		.byte	22
 510 01e1 80       		.byte	-128
 511 01e2 78       		.byte	120
 512 01e3 10       		.byte	16
 513 01e4 7D       		.byte	125
ARM GAS  C:\Users\adria\AppData\Local\Temp\cccnb2xD.s 			page 10


 514 01e5 20       		.byte	32
 515 01e6 8E       		.byte	-114
 516 01e7 80       		.byte	-128
 517 01e8 C4       		.byte	-60
 518 01e9 0E       		.byte	14
 519 01ea DE       		.byte	-34
 520 01eb 03       		.byte	3
 521 01ec E6       		.byte	-26
 522 01ed 08       		.byte	8
 523 01ee 75       		.byte	117
 524 01ef 02       		.byte	2
 525 01f0 81       		.byte	-127
 526 01f1 10       		.byte	16
 527 01f2 89       		.byte	-119
 528 01f3 02       		.byte	2
 529 01f4 A5       		.byte	-91
 530 01f5 10       		.byte	16
 531 01f6 AB       		.byte	-85
 532 01f7 28       		.byte	40
 533 01f8 B0       		.byte	-80
 534 01f9 10       		.byte	16
 535 01fa DE       		.byte	-34
 536 01fb 04       		.byte	4
 537 01fc E0       		.byte	-32
 538 01fd 01       		.byte	1
 539 01fe E8       		.byte	-24
 540 01ff 04       		.byte	4
 541 0200 10       		.byte	16
 542 0201 01       		.byte	1
 543 0202 1C       		.byte	28
 544 0203 01       		.byte	1
 545 0204 00       		.byte	0
 546 0205 03       		.byte	3
 547 0206 03       		.byte	3
 548 0207 C0       		.byte	-64
 549 0208 82       		.byte	-126
 550 0209 80       		.byte	-128
 551 020a 00       		.byte	0
 552 020b 00       		.byte	0
 553 020c 03       		.byte	3
 554 020d 00       		.byte	0
 555 020e 00       		.byte	0
 556 020f 00       		.byte	0
 557 0210 83       		.byte	-125
 558 0211 00       		.byte	0
 559 0212 00       		.byte	0
 560 0213 80       		.byte	-128
 561 0214 83       		.byte	-125
 562 0215 00       		.byte	0
 563 0216 83       		.byte	-125
 564 0217 00       		.byte	0
 565 0218 00       		.byte	0
 566 0219 00       		.byte	0
 567 021a 00       		.byte	0
 568 021b 00       		.byte	0
 569 021c 00       		.byte	0
 570 021d 0B       		.byte	11
ARM GAS  C:\Users\adria\AppData\Local\Temp\cccnb2xD.s 			page 11


 571 021e 0B       		.byte	11
 572 021f 00       		.byte	0
 573 0220 00       		.byte	0
 574 0221 00       		.byte	0
 575 0222 00       		.byte	0
 576 0223 00       		.byte	0
 577 0224 08       		.byte	8
 578 0225 00       		.byte	0
 579 0226 00       		.byte	0
 580 0227 FC       		.byte	-4
 581 0228 FC       		.byte	-4
 582 0229 00       		.byte	0
 583 022a FC       		.byte	-4
 584 022b 00       		.byte	0
 585 022c 00       		.byte	0
 586 022d 00       		.byte	0
 587 022e 00       		.byte	0
 588 022f 00       		.byte	0
 589              		.section	.cywolatch,"a",%progbits
 590              		.align	2
 591              		.type	cy_meta_wonvl, %object
 592              		.size	cy_meta_wonvl, 4
 593              	cy_meta_wonvl:
 594 0000 BC       		.byte	-68
 595 0001 90       		.byte	-112
 596 0002 AC       		.byte	-84
 597 0003 AF       		.byte	-81
 598              		.section	.cycustnvl,"a",%progbits
 599              		.align	2
 600              		.type	cy_meta_custnvl, %object
 601              		.size	cy_meta_custnvl, 4
 602              	cy_meta_custnvl:
 603 0000 00       		.byte	0
 604 0001 00       		.byte	0
 605 0002 40       		.byte	64
 606 0003 05       		.byte	5
 607              		.section	.cymeta,"a",%progbits
 608              		.align	2
 609              		.type	cy_metadata, %object
 610              		.size	cy_metadata, 12
 611              	cy_metadata:
 612 0000 00       		.byte	0
 613 0001 01       		.byte	1
 614 0002 2E       		.byte	46
 615 0003 16       		.byte	22
 616 0004 10       		.byte	16
 617 0005 69       		.byte	105
 618 0006 00       		.byte	0
 619 0007 01       		.byte	1
 620 0008 00       		.byte	0
 621 0009 00       		.byte	0
 622 000a 00       		.byte	0
 623 000b 00       		.byte	0
 624              		.section	.cyflashprotect,"a",%progbits
 625              		.align	2
 626              		.type	cy_meta_flashprotect, %object
 627              		.size	cy_meta_flashprotect, 256
ARM GAS  C:\Users\adria\AppData\Local\Temp\cccnb2xD.s 			page 12


 628              	cy_meta_flashprotect:
 629 0000 00000000 		.space	256
 629      00000000 
 629      00000000 
 629      00000000 
 629      00000000 
 630              		.text
 631              	.Letext0:
 632              		.file 1 "c:\\program files (x86)\\cypress\\psoc creator\\4.4\\psoc creator\\import\\gnu\\arm\\5.4.
 633              		.file 2 "c:\\program files (x86)\\cypress\\psoc creator\\4.4\\psoc creator\\import\\gnu\\arm\\5.4.
 634              		.file 3 "Generated_Source\\PSoC5\\cymetadata.c"
 635              		.section	.debug_info,"",%progbits
 636              	.Ldebug_info0:
 637 0000 31010000 		.4byte	0x131
 638 0004 0400     		.2byte	0x4
 639 0006 00000000 		.4byte	.Ldebug_abbrev0
 640 000a 04       		.byte	0x4
 641 000b 01       		.uleb128 0x1
 642 000c 24000000 		.4byte	.LASF17
 643 0010 0C       		.byte	0xc
 644 0011 C9010000 		.4byte	.LASF18
 645 0015 69010000 		.4byte	.LASF19
 646 0019 00000000 		.4byte	.Ldebug_line0
 647 001d 02       		.uleb128 0x2
 648 001e 01       		.byte	0x1
 649 001f 06       		.byte	0x6
 650 0020 BD010000 		.4byte	.LASF0
 651 0024 03       		.uleb128 0x3
 652 0025 00000000 		.4byte	.LASF9
 653 0029 01       		.byte	0x1
 654 002a 1D       		.byte	0x1d
 655 002b 2F000000 		.4byte	0x2f
 656 002f 02       		.uleb128 0x2
 657 0030 01       		.byte	0x1
 658 0031 08       		.byte	0x8
 659 0032 16000000 		.4byte	.LASF1
 660 0036 02       		.uleb128 0x2
 661 0037 02       		.byte	0x2
 662 0038 05       		.byte	0x5
 663 0039 5F010000 		.4byte	.LASF2
 664 003d 02       		.uleb128 0x2
 665 003e 02       		.byte	0x2
 666 003f 07       		.byte	0x7
 667 0040 C4000000 		.4byte	.LASF3
 668 0044 02       		.uleb128 0x2
 669 0045 04       		.byte	0x4
 670 0046 05       		.byte	0x5
 671 0047 B4010000 		.4byte	.LASF4
 672 004b 02       		.uleb128 0x2
 673 004c 04       		.byte	0x4
 674 004d 07       		.byte	0x7
 675 004e B2000000 		.4byte	.LASF5
 676 0052 02       		.uleb128 0x2
 677 0053 08       		.byte	0x8
 678 0054 05       		.byte	0x5
 679 0055 51010000 		.4byte	.LASF6
 680 0059 02       		.uleb128 0x2
ARM GAS  C:\Users\adria\AppData\Local\Temp\cccnb2xD.s 			page 13


 681 005a 08       		.byte	0x8
 682 005b 07       		.byte	0x7
 683 005c 06010000 		.4byte	.LASF7
 684 0060 04       		.uleb128 0x4
 685 0061 04       		.byte	0x4
 686 0062 05       		.byte	0x5
 687 0063 696E7400 		.ascii	"int\000"
 688 0067 02       		.uleb128 0x2
 689 0068 04       		.byte	0x4
 690 0069 07       		.byte	0x7
 691 006a F9000000 		.4byte	.LASF8
 692 006e 03       		.uleb128 0x3
 693 006f 1D010000 		.4byte	.LASF10
 694 0073 02       		.byte	0x2
 695 0074 18       		.byte	0x18
 696 0075 24000000 		.4byte	0x24
 697 0079 05       		.uleb128 0x5
 698 007a 91000000 		.4byte	0x91
 699 007e 8A000000 		.4byte	0x8a
 700 0082 06       		.uleb128 0x6
 701 0083 8A000000 		.4byte	0x8a
 702 0087 2F02     		.2byte	0x22f
 703 0089 00       		.byte	0
 704 008a 02       		.uleb128 0x2
 705 008b 04       		.byte	0x4
 706 008c 07       		.byte	0x7
 707 008d 48010000 		.4byte	.LASF11
 708 0091 07       		.uleb128 0x7
 709 0092 6E000000 		.4byte	0x6e
 710 0096 08       		.uleb128 0x8
 711 0097 E7000000 		.4byte	.LASF12
 712 009b 03       		.byte	0x3
 713 009c 1F       		.byte	0x1f
 714 009d A7000000 		.4byte	0xa7
 715 00a1 05       		.uleb128 0x5
 716 00a2 03       		.byte	0x3
 717 00a3 00000000 		.4byte	cy_meta_configecc
 718 00a7 07       		.uleb128 0x7
 719 00a8 79000000 		.4byte	0x79
 720 00ac 05       		.uleb128 0x5
 721 00ad 91000000 		.4byte	0x91
 722 00b1 BC000000 		.4byte	0xbc
 723 00b5 09       		.uleb128 0x9
 724 00b6 8A000000 		.4byte	0x8a
 725 00ba 03       		.byte	0x3
 726 00bb 00       		.byte	0
 727 00bc 08       		.uleb128 0x8
 728 00bd D7000000 		.4byte	.LASF13
 729 00c1 03       		.byte	0x3
 730 00c2 72       		.byte	0x72
 731 00c3 CD000000 		.4byte	0xcd
 732 00c7 05       		.uleb128 0x5
 733 00c8 03       		.byte	0x3
 734 00c9 00000000 		.4byte	cy_meta_custnvl
 735 00cd 07       		.uleb128 0x7
 736 00ce AC000000 		.4byte	0xac
 737 00d2 08       		.uleb128 0x8
ARM GAS  C:\Users\adria\AppData\Local\Temp\cccnb2xD.s 			page 14


 738 00d3 3A010000 		.4byte	.LASF14
 739 00d7 03       		.byte	0x3
 740 00d8 80       		.byte	0x80
 741 00d9 E3000000 		.4byte	0xe3
 742 00dd 05       		.uleb128 0x5
 743 00de 03       		.byte	0x3
 744 00df 00000000 		.4byte	cy_meta_wonvl
 745 00e3 07       		.uleb128 0x7
 746 00e4 AC000000 		.4byte	0xac
 747 00e8 05       		.uleb128 0x5
 748 00e9 91000000 		.4byte	0x91
 749 00ed F8000000 		.4byte	0xf8
 750 00f1 09       		.uleb128 0x9
 751 00f2 8A000000 		.4byte	0x8a
 752 00f6 FF       		.byte	0xff
 753 00f7 00       		.byte	0
 754 00f8 08       		.uleb128 0x8
 755 00f9 25010000 		.4byte	.LASF15
 756 00fd 03       		.byte	0x3
 757 00fe 8E       		.byte	0x8e
 758 00ff 09010000 		.4byte	0x109
 759 0103 05       		.uleb128 0x5
 760 0104 03       		.byte	0x3
 761 0105 00000000 		.4byte	cy_meta_flashprotect
 762 0109 07       		.uleb128 0x7
 763 010a E8000000 		.4byte	0xe8
 764 010e 05       		.uleb128 0x5
 765 010f 91000000 		.4byte	0x91
 766 0113 1E010000 		.4byte	0x11e
 767 0117 09       		.uleb128 0x9
 768 0118 8A000000 		.4byte	0x8a
 769 011c 0B       		.byte	0xb
 770 011d 00       		.byte	0
 771 011e 08       		.uleb128 0x8
 772 011f 0A000000 		.4byte	.LASF16
 773 0123 03       		.byte	0x3
 774 0124 BB       		.byte	0xbb
 775 0125 2F010000 		.4byte	0x12f
 776 0129 05       		.uleb128 0x5
 777 012a 03       		.byte	0x3
 778 012b 00000000 		.4byte	cy_metadata
 779 012f 07       		.uleb128 0x7
 780 0130 0E010000 		.4byte	0x10e
 781 0134 00       		.byte	0
 782              		.section	.debug_abbrev,"",%progbits
 783              	.Ldebug_abbrev0:
 784 0000 01       		.uleb128 0x1
 785 0001 11       		.uleb128 0x11
 786 0002 01       		.byte	0x1
 787 0003 25       		.uleb128 0x25
 788 0004 0E       		.uleb128 0xe
 789 0005 13       		.uleb128 0x13
 790 0006 0B       		.uleb128 0xb
 791 0007 03       		.uleb128 0x3
 792 0008 0E       		.uleb128 0xe
 793 0009 1B       		.uleb128 0x1b
 794 000a 0E       		.uleb128 0xe
ARM GAS  C:\Users\adria\AppData\Local\Temp\cccnb2xD.s 			page 15


 795 000b 10       		.uleb128 0x10
 796 000c 17       		.uleb128 0x17
 797 000d 00       		.byte	0
 798 000e 00       		.byte	0
 799 000f 02       		.uleb128 0x2
 800 0010 24       		.uleb128 0x24
 801 0011 00       		.byte	0
 802 0012 0B       		.uleb128 0xb
 803 0013 0B       		.uleb128 0xb
 804 0014 3E       		.uleb128 0x3e
 805 0015 0B       		.uleb128 0xb
 806 0016 03       		.uleb128 0x3
 807 0017 0E       		.uleb128 0xe
 808 0018 00       		.byte	0
 809 0019 00       		.byte	0
 810 001a 03       		.uleb128 0x3
 811 001b 16       		.uleb128 0x16
 812 001c 00       		.byte	0
 813 001d 03       		.uleb128 0x3
 814 001e 0E       		.uleb128 0xe
 815 001f 3A       		.uleb128 0x3a
 816 0020 0B       		.uleb128 0xb
 817 0021 3B       		.uleb128 0x3b
 818 0022 0B       		.uleb128 0xb
 819 0023 49       		.uleb128 0x49
 820 0024 13       		.uleb128 0x13
 821 0025 00       		.byte	0
 822 0026 00       		.byte	0
 823 0027 04       		.uleb128 0x4
 824 0028 24       		.uleb128 0x24
 825 0029 00       		.byte	0
 826 002a 0B       		.uleb128 0xb
 827 002b 0B       		.uleb128 0xb
 828 002c 3E       		.uleb128 0x3e
 829 002d 0B       		.uleb128 0xb
 830 002e 03       		.uleb128 0x3
 831 002f 08       		.uleb128 0x8
 832 0030 00       		.byte	0
 833 0031 00       		.byte	0
 834 0032 05       		.uleb128 0x5
 835 0033 01       		.uleb128 0x1
 836 0034 01       		.byte	0x1
 837 0035 49       		.uleb128 0x49
 838 0036 13       		.uleb128 0x13
 839 0037 01       		.uleb128 0x1
 840 0038 13       		.uleb128 0x13
 841 0039 00       		.byte	0
 842 003a 00       		.byte	0
 843 003b 06       		.uleb128 0x6
 844 003c 21       		.uleb128 0x21
 845 003d 00       		.byte	0
 846 003e 49       		.uleb128 0x49
 847 003f 13       		.uleb128 0x13
 848 0040 2F       		.uleb128 0x2f
 849 0041 05       		.uleb128 0x5
 850 0042 00       		.byte	0
 851 0043 00       		.byte	0
ARM GAS  C:\Users\adria\AppData\Local\Temp\cccnb2xD.s 			page 16


 852 0044 07       		.uleb128 0x7
 853 0045 26       		.uleb128 0x26
 854 0046 00       		.byte	0
 855 0047 49       		.uleb128 0x49
 856 0048 13       		.uleb128 0x13
 857 0049 00       		.byte	0
 858 004a 00       		.byte	0
 859 004b 08       		.uleb128 0x8
 860 004c 34       		.uleb128 0x34
 861 004d 00       		.byte	0
 862 004e 03       		.uleb128 0x3
 863 004f 0E       		.uleb128 0xe
 864 0050 3A       		.uleb128 0x3a
 865 0051 0B       		.uleb128 0xb
 866 0052 3B       		.uleb128 0x3b
 867 0053 0B       		.uleb128 0xb
 868 0054 49       		.uleb128 0x49
 869 0055 13       		.uleb128 0x13
 870 0056 3F       		.uleb128 0x3f
 871 0057 19       		.uleb128 0x19
 872 0058 02       		.uleb128 0x2
 873 0059 18       		.uleb128 0x18
 874 005a 00       		.byte	0
 875 005b 00       		.byte	0
 876 005c 09       		.uleb128 0x9
 877 005d 21       		.uleb128 0x21
 878 005e 00       		.byte	0
 879 005f 49       		.uleb128 0x49
 880 0060 13       		.uleb128 0x13
 881 0061 2F       		.uleb128 0x2f
 882 0062 0B       		.uleb128 0xb
 883 0063 00       		.byte	0
 884 0064 00       		.byte	0
 885 0065 00       		.byte	0
 886              		.section	.debug_aranges,"",%progbits
 887 0000 14000000 		.4byte	0x14
 888 0004 0200     		.2byte	0x2
 889 0006 00000000 		.4byte	.Ldebug_info0
 890 000a 04       		.byte	0x4
 891 000b 00       		.byte	0
 892 000c 0000     		.2byte	0
 893 000e 0000     		.2byte	0
 894 0010 00000000 		.4byte	0
 895 0014 00000000 		.4byte	0
 896              		.section	.debug_line,"",%progbits
 897              	.Ldebug_line0:
 898 0000 3D010000 		.section	.debug_str,"MS",%progbits,1
 898      02003701 
 898      00000201 
 898      FB0E0D00 
 898      01010101 
 899              	.LASF9:
 900 0000 5F5F7569 		.ascii	"__uint8_t\000"
 900      6E74385F 
 900      7400
 901              	.LASF16:
 902 000a 63795F6D 		.ascii	"cy_metadata\000"
ARM GAS  C:\Users\adria\AppData\Local\Temp\cccnb2xD.s 			page 17


 902      65746164 
 902      61746100 
 903              	.LASF1:
 904 0016 756E7369 		.ascii	"unsigned char\000"
 904      676E6564 
 904      20636861 
 904      7200
 905              	.LASF17:
 906 0024 474E5520 		.ascii	"GNU C11 5.4.1 20160609 (release) [ARM/embedded-5-br"
 906      43313120 
 906      352E342E 
 906      31203230 
 906      31363036 
 907 0057 616E6368 		.ascii	"anch revision 237715] -mcpu=cortex-m3 -mthumb -g -O"
 907      20726576 
 907      6973696F 
 907      6E203233 
 907      37373135 
 908 008a 67202D66 		.ascii	"g -ffunction-sections -ffat-lto-objects\000"
 908      66756E63 
 908      74696F6E 
 908      2D736563 
 908      74696F6E 
 909              	.LASF5:
 910 00b2 6C6F6E67 		.ascii	"long unsigned int\000"
 910      20756E73 
 910      69676E65 
 910      6420696E 
 910      7400
 911              	.LASF3:
 912 00c4 73686F72 		.ascii	"short unsigned int\000"
 912      7420756E 
 912      7369676E 
 912      65642069 
 912      6E7400
 913              	.LASF13:
 914 00d7 63795F6D 		.ascii	"cy_meta_custnvl\000"
 914      6574615F 
 914      63757374 
 914      6E766C00 
 915              	.LASF12:
 916 00e7 63795F6D 		.ascii	"cy_meta_configecc\000"
 916      6574615F 
 916      636F6E66 
 916      69676563 
 916      6300
 917              	.LASF8:
 918 00f9 756E7369 		.ascii	"unsigned int\000"
 918      676E6564 
 918      20696E74 
 918      00
 919              	.LASF7:
 920 0106 6C6F6E67 		.ascii	"long long unsigned int\000"
 920      206C6F6E 
 920      6720756E 
 920      7369676E 
 920      65642069 
ARM GAS  C:\Users\adria\AppData\Local\Temp\cccnb2xD.s 			page 18


 921              	.LASF10:
 922 011d 75696E74 		.ascii	"uint8_t\000"
 922      385F7400 
 923              	.LASF15:
 924 0125 63795F6D 		.ascii	"cy_meta_flashprotect\000"
 924      6574615F 
 924      666C6173 
 924      6870726F 
 924      74656374 
 925              	.LASF14:
 926 013a 63795F6D 		.ascii	"cy_meta_wonvl\000"
 926      6574615F 
 926      776F6E76 
 926      6C00
 927              	.LASF11:
 928 0148 73697A65 		.ascii	"sizetype\000"
 928      74797065 
 928      00
 929              	.LASF6:
 930 0151 6C6F6E67 		.ascii	"long long int\000"
 930      206C6F6E 
 930      6720696E 
 930      7400
 931              	.LASF2:
 932 015f 73686F72 		.ascii	"short int\000"
 932      7420696E 
 932      7400
 933              	.LASF19:
 934 0169 433A5C55 		.ascii	"C:\\Users\\adria\\OneDrive\\Documents\\PSoC Creator"
 934      73657273 
 934      5C616472 
 934      69615C4F 
 934      6E654472 
 935 0197 5C46494E 		.ascii	"\\FINAL_vilchis\\MPU6050.cydsn\000"
 935      414C5F76 
 935      696C6368 
 935      69735C4D 
 935      50553630 
 936              	.LASF4:
 937 01b4 6C6F6E67 		.ascii	"long int\000"
 937      20696E74 
 937      00
 938              	.LASF0:
 939 01bd 7369676E 		.ascii	"signed char\000"
 939      65642063 
 939      68617200 
 940              	.LASF18:
 941 01c9 47656E65 		.ascii	"Generated_Source\\PSoC5\\cymetadata.c\000"
 941      72617465 
 941      645F536F 
 941      75726365 
 941      5C50536F 
 942              		.ident	"GCC: (GNU Tools for ARM Embedded Processors) 5.4.1 20160609 (release) [ARM/embedded-5-bran
