ARM GAS  C:\Users\adria\AppData\Local\Temp\ccaCo47j.s 			page 1


   1              		.syntax unified
   2              		.cpu cortex-m3
   3              		.fpu softvfp
   4              		.eabi_attribute 20, 1
   5              		.eabi_attribute 21, 1
   6              		.eabi_attribute 23, 3
   7              		.eabi_attribute 24, 1
   8              		.eabi_attribute 25, 1
   9              		.eabi_attribute 26, 1
  10              		.eabi_attribute 30, 1
  11              		.eabi_attribute 34, 1
  12              		.eabi_attribute 18, 4
  13              		.thumb
  14              		.syntax unified
  15              		.file	"main.c"
  16              		.text
  17              	.Ltext0:
  18              		.cfi_sections	.debug_frame
  19              		.section	.text.main,"ax",%progbits
  20              		.align	2
  21              		.global	main
  22              		.thumb
  23              		.thumb_func
  24              		.type	main, %function
  25              	main:
  26              	.LFB64:
  27              		.file 1 "main.c"
   1:main.c        **** #include "project.h"
   2:main.c        **** #include "stdio.h"
   3:main.c        **** 
   4:main.c        **** #include "..\..\..\psoc\lcd_7seg\Workspace01\LCD.cydsn\PSOC_LCD.h"
   5:main.c        **** #include "D:\GITHUB\Librerias_PSOC\Libreria_PSOC\LIB_psoc.h"
   6:main.c        **** #include "MPU6050.h"
   7:main.c        **** 
   8:main.c        **** uint8_t address = 0x68; //Direccion I2C del sensor
   9:main.c        **** uint8_t result = 0;
  10:main.c        **** 
  11:main.c        **** int main(void)
  12:main.c        **** {
  28              		.loc 1 12 0
  29              		.cfi_startproc
  30              		@ args = 0, pretend = 0, frame = 48
  31              		@ frame_needed = 0, uses_anonymous_args = 0
  32 0000 00B5     		push	{lr}
  33              		.cfi_def_cfa_offset 4
  34              		.cfi_offset 14, -4
  35 0002 8DB0     		sub	sp, sp, #52
  36              		.cfi_def_cfa_offset 56
  13:main.c        ****     CyGlobalIntEnable; /* Enable global interrupts. */
  37              		.loc 1 13 0
  38              		.syntax unified
  39              	@ 13 "main.c" 1
  40 0004 62B6     		CPSIE   i
  41              	@ 0 "" 2
  14:main.c        ****     //Perifericos
  15:main.c        ****     I2C_Start();
  42              		.loc 1 15 0
ARM GAS  C:\Users\adria\AppData\Local\Temp\ccaCo47j.s 			page 2


  43              		.thumb
  44              		.syntax unified
  45 0006 FFF7FEFF 		bl	I2C_Start
  46              	.LVL0:
  16:main.c        ****     UART_Start();
  47              		.loc 1 16 0
  48 000a FFF7FEFF 		bl	UART_Start
  49              	.LVL1:
  17:main.c        ****     UART_ClearTxBuffer();
  50              		.loc 1 17 0
  51 000e FFF7FEFF 		bl	UART_ClearTxBuffer
  52              	.LVL2:
  18:main.c        ****     LCD_Start();
  53              		.loc 1 18 0
  54 0012 FFF7FEFF 		bl	LCD_Start
  55              	.LVL3:
  19:main.c        ****     LCD_ClearDisplay();
  56              		.loc 1 19 0
  57 0016 FFF7FEFF 		bl	LCD_ClearDisplay
  58              	.LVL4:
  20:main.c        ****     LCD_Position(0,0);
  59              		.loc 1 20 0
  60 001a 0021     		movs	r1, #0
  61 001c 0846     		mov	r0, r1
  62 001e FFF7FEFF 		bl	LCD_Position
  63              	.LVL5:
  21:main.c        ****     
  22:main.c        ****     //Creamos instancia del sensor
  23:main.c        ****     struct MPU6050 acelerometro;
  24:main.c        ****     MPU6050_Start(&acelerometro);
  64              		.loc 1 24 0
  65 0022 04A8     		add	r0, sp, #16
  66 0024 FFF7FEFF 		bl	MPU6050_Start
  67              	.LVL6:
  25:main.c        ****     MPU6050_CONFIG_ACCEL(&acelerometro,2);//Configuracion del sensor -+4g
  68              		.loc 1 25 0
  69 0028 0221     		movs	r1, #2
  70 002a 04A8     		add	r0, sp, #16
  71 002c FFF7FEFF 		bl	MPU6050_CONFIG_ACCEL
  72              	.LVL7:
  73              	.L2:
  26:main.c        ****     
  27:main.c        ****     
  28:main.c        ****     int16 Acc_X,Acc_Y,Acc_Z; //Valores de acelerometro ejex X y Y
  29:main.c        ****     char buffer_tx[16];
  30:main.c        ****     for(;;)
  31:main.c        ****     {
  32:main.c        ****         //Leemos sensor
  33:main.c        ****         MPU6050_REGISTROS(&acelerometro);
  74              		.loc 1 33 0 discriminator 1
  75 0030 04A8     		add	r0, sp, #16
  76 0032 FFF7FEFF 		bl	MPU6050_REGISTROS
  77              	.LVL8:
  34:main.c        ****         
  35:main.c        ****         Acc_X = acelerometro.DATA_SENSADO.ACCEL_XOUT>>4;
  78              		.loc 1 35 0 discriminator 1
  79 0036 BDF92220 		ldrsh	r2, [sp, #34]
ARM GAS  C:\Users\adria\AppData\Local\Temp\ccaCo47j.s 			page 3


  80              	.LVL9:
  36:main.c        ****         Acc_Y = acelerometro.DATA_SENSADO.ACCEL_YOUT>>4;
  37:main.c        ****         Acc_Z = acelerometro.DATA_SENSADO.ACCEL_ZOUT>>4;
  81              		.loc 1 37 0 discriminator 1
  82 003a BDF92630 		ldrsh	r3, [sp, #38]
  83              	.LVL10:
  38:main.c        ****         
  39:main.c        ****         //Imprimimos resultado
  40:main.c        ****         sprintf(buffer_tx,"X%dxZ%dz\n",Acc_X,Acc_Z);
  84              		.loc 1 40 0 discriminator 1
  85 003e 1B11     		asrs	r3, r3, #4
  86              	.LVL11:
  87 0040 1211     		asrs	r2, r2, #4
  88              	.LVL12:
  89 0042 0549     		ldr	r1, .L4
  90 0044 6846     		mov	r0, sp
  91 0046 FFF7FEFF 		bl	sprintf
  92              	.LVL13:
  41:main.c        ****         UART_PutString(buffer_tx);
  93              		.loc 1 41 0 discriminator 1
  94 004a 6846     		mov	r0, sp
  95 004c FFF7FEFF 		bl	UART_PutString
  96              	.LVL14:
  42:main.c        ****         CyDelay(250);//Delay para no saturar el puerto
  97              		.loc 1 42 0 discriminator 1
  98 0050 FA20     		movs	r0, #250
  99 0052 FFF7FEFF 		bl	CyDelay
 100              	.LVL15:
 101 0056 EBE7     		b	.L2
 102              	.L5:
 103              		.align	2
 104              	.L4:
 105 0058 00000000 		.word	.LC0
 106              		.cfi_endproc
 107              	.LFE64:
 108              		.size	main, .-main
 109              		.global	result
 110              		.global	address
 111              		.data
 112              		.type	address, %object
 113              		.size	address, 1
 114              	address:
 115 0000 68       		.byte	104
 116              		.section	.rodata.str1.4,"aMS",%progbits,1
 117              		.align	2
 118              	.LC0:
 119 0000 58256478 		.ascii	"X%dxZ%dz\012\000"
 119      5A25647A 
 119      0A00
 120              		.bss
 121              		.type	result, %object
 122              		.size	result, 1
 123              	result:
 124 0000 00       		.space	1
 125              		.text
 126              	.Letext0:
 127              		.file 2 "c:\\program files (x86)\\cypress\\psoc creator\\4.4\\psoc creator\\import\\gnu\\arm\\5.4.
ARM GAS  C:\Users\adria\AppData\Local\Temp\ccaCo47j.s 			page 4


 128              		.file 3 "c:\\program files (x86)\\cypress\\psoc creator\\4.4\\psoc creator\\import\\gnu\\arm\\5.4.
 129              		.file 4 "Generated_Source\\PSoC5/cytypes.h"
 130              		.file 5 "MPU6050.h"
 131              		.file 6 "Generated_Source\\PSoC5/core_cm3.h"
 132              		.file 7 "Generated_Source\\PSoC5/I2C.h"
 133              		.file 8 "Generated_Source\\PSoC5/UART.h"
 134              		.file 9 "..\\..\\..\\psoc\\lcd_7seg\\Workspace01\\LCD.cydsn\\PSOC_LCD.h"
 135              		.file 10 "c:\\program files (x86)\\cypress\\psoc creator\\4.4\\psoc creator\\import\\gnu\\arm\\5.4
 136              		.file 11 "Generated_Source\\PSoC5/CyLib.h"
 137              		.section	.debug_info,"",%progbits
 138              	.Ldebug_info0:
 139 0000 4D040000 		.4byte	0x44d
 140 0004 0400     		.2byte	0x4
 141 0006 00000000 		.4byte	.Ldebug_abbrev0
 142 000a 04       		.byte	0x4
 143 000b 01       		.uleb128 0x1
 144 000c FA010000 		.4byte	.LASF71
 145 0010 0C       		.byte	0xc
 146 0011 3E030000 		.4byte	.LASF72
 147 0015 F3020000 		.4byte	.LASF73
 148 0019 00000000 		.4byte	.Ldebug_ranges0+0
 149 001d 00000000 		.4byte	0
 150 0021 00000000 		.4byte	.Ldebug_line0
 151 0025 02       		.uleb128 0x2
 152 0026 F1010000 		.4byte	.LASF0
 153 002a 02       		.byte	0x2
 154 002b 1B       		.byte	0x1b
 155 002c 30000000 		.4byte	0x30
 156 0030 03       		.uleb128 0x3
 157 0031 01       		.byte	0x1
 158 0032 06       		.byte	0x6
 159 0033 91010000 		.4byte	.LASF2
 160 0037 02       		.uleb128 0x2
 161 0038 0E040000 		.4byte	.LASF1
 162 003c 02       		.byte	0x2
 163 003d 1D       		.byte	0x1d
 164 003e 42000000 		.4byte	0x42
 165 0042 03       		.uleb128 0x3
 166 0043 01       		.byte	0x1
 167 0044 08       		.byte	0x8
 168 0045 5D010000 		.4byte	.LASF3
 169 0049 02       		.uleb128 0x2
 170 004a 1B000000 		.4byte	.LASF4
 171 004e 02       		.byte	0x2
 172 004f 29       		.byte	0x29
 173 0050 54000000 		.4byte	0x54
 174 0054 03       		.uleb128 0x3
 175 0055 02       		.byte	0x2
 176 0056 05       		.byte	0x5
 177 0057 3A000000 		.4byte	.LASF5
 178 005b 03       		.uleb128 0x3
 179 005c 02       		.byte	0x2
 180 005d 07       		.byte	0x7
 181 005e D3010000 		.4byte	.LASF6
 182 0062 02       		.uleb128 0x2
 183 0063 78030000 		.4byte	.LASF7
 184 0067 02       		.byte	0x2
ARM GAS  C:\Users\adria\AppData\Local\Temp\ccaCo47j.s 			page 5


 185 0068 3F       		.byte	0x3f
 186 0069 6D000000 		.4byte	0x6d
 187 006d 03       		.uleb128 0x3
 188 006e 04       		.byte	0x4
 189 006f 05       		.byte	0x5
 190 0070 1D010000 		.4byte	.LASF8
 191 0074 03       		.uleb128 0x3
 192 0075 04       		.byte	0x4
 193 0076 07       		.byte	0x7
 194 0077 C1010000 		.4byte	.LASF9
 195 007b 03       		.uleb128 0x3
 196 007c 08       		.byte	0x8
 197 007d 05       		.byte	0x5
 198 007e FC000000 		.4byte	.LASF10
 199 0082 03       		.uleb128 0x3
 200 0083 08       		.byte	0x8
 201 0084 07       		.byte	0x7
 202 0085 9D010000 		.4byte	.LASF11
 203 0089 04       		.uleb128 0x4
 204 008a 04       		.byte	0x4
 205 008b 05       		.byte	0x5
 206 008c 696E7400 		.ascii	"int\000"
 207 0090 03       		.uleb128 0x3
 208 0091 04       		.byte	0x4
 209 0092 07       		.byte	0x7
 210 0093 B4010000 		.4byte	.LASF12
 211 0097 02       		.uleb128 0x2
 212 0098 25000000 		.4byte	.LASF13
 213 009c 03       		.byte	0x3
 214 009d 14       		.byte	0x14
 215 009e 25000000 		.4byte	0x25
 216 00a2 02       		.uleb128 0x2
 217 00a3 DC000000 		.4byte	.LASF14
 218 00a7 03       		.byte	0x3
 219 00a8 18       		.byte	0x18
 220 00a9 37000000 		.4byte	0x37
 221 00ad 02       		.uleb128 0x2
 222 00ae BE020000 		.4byte	.LASF15
 223 00b2 03       		.byte	0x3
 224 00b3 20       		.byte	0x20
 225 00b4 49000000 		.4byte	0x49
 226 00b8 02       		.uleb128 0x2
 227 00b9 A9020000 		.4byte	.LASF16
 228 00bd 03       		.byte	0x3
 229 00be 2C       		.byte	0x2c
 230 00bf 62000000 		.4byte	0x62
 231 00c3 05       		.uleb128 0x5
 232 00c4 F0000000 		.4byte	.LASF17
 233 00c8 04       		.byte	0x4
 234 00c9 EC01     		.2byte	0x1ec
 235 00cb 54000000 		.4byte	0x54
 236 00cf 03       		.uleb128 0x3
 237 00d0 04       		.byte	0x4
 238 00d1 04       		.byte	0x4
 239 00d2 F6000000 		.4byte	.LASF18
 240 00d6 03       		.uleb128 0x3
 241 00d7 08       		.byte	0x8
ARM GAS  C:\Users\adria\AppData\Local\Temp\ccaCo47j.s 			page 6


 242 00d8 04       		.byte	0x4
 243 00d9 57030000 		.4byte	.LASF19
 244 00dd 03       		.uleb128 0x3
 245 00de 01       		.byte	0x1
 246 00df 08       		.byte	0x8
 247 00e0 92020000 		.4byte	.LASF20
 248 00e4 03       		.uleb128 0x3
 249 00e5 08       		.byte	0x8
 250 00e6 04       		.byte	0x4
 251 00e7 7F000000 		.4byte	.LASF21
 252 00eb 03       		.uleb128 0x3
 253 00ec 04       		.byte	0x4
 254 00ed 07       		.byte	0x7
 255 00ee 50000000 		.4byte	.LASF22
 256 00f2 06       		.uleb128 0x6
 257 00f3 11       		.byte	0x11
 258 00f4 05       		.byte	0x5
 259 00f5 0D       		.byte	0xd
 260 00f6 C7010000 		.4byte	0x1c7
 261 00fa 07       		.uleb128 0x7
 262 00fb 9C020000 		.4byte	.LASF23
 263 00ff 05       		.byte	0x5
 264 0100 10       		.byte	0x10
 265 0101 97000000 		.4byte	0x97
 266 0105 00       		.byte	0
 267 0106 07       		.uleb128 0x7
 268 0107 B1020000 		.4byte	.LASF24
 269 010b 05       		.byte	0x5
 270 010c 11       		.byte	0x11
 271 010d 97000000 		.4byte	0x97
 272 0111 01       		.byte	0x1
 273 0112 07       		.uleb128 0x7
 274 0113 95030000 		.4byte	.LASF25
 275 0117 05       		.byte	0x5
 276 0118 12       		.byte	0x12
 277 0119 97000000 		.4byte	0x97
 278 011d 02       		.byte	0x2
 279 011e 07       		.uleb128 0x7
 280 011f 5E030000 		.4byte	.LASF26
 281 0123 05       		.byte	0x5
 282 0124 13       		.byte	0x13
 283 0125 97000000 		.4byte	0x97
 284 0129 03       		.byte	0x3
 285 012a 07       		.uleb128 0x7
 286 012b 72000000 		.4byte	.LASF27
 287 012f 05       		.byte	0x5
 288 0130 14       		.byte	0x14
 289 0131 97000000 		.4byte	0x97
 290 0135 04       		.byte	0x4
 291 0136 07       		.uleb128 0x7
 292 0137 8B000000 		.4byte	.LASF28
 293 013b 05       		.byte	0x5
 294 013c 15       		.byte	0x15
 295 013d 97000000 		.4byte	0x97
 296 0141 05       		.byte	0x5
 297 0142 07       		.uleb128 0x7
 298 0143 82030000 		.4byte	.LASF29
ARM GAS  C:\Users\adria\AppData\Local\Temp\ccaCo47j.s 			page 7


 299 0147 05       		.byte	0x5
 300 0148 18       		.byte	0x18
 301 0149 97000000 		.4byte	0x97
 302 014d 06       		.byte	0x6
 303 014e 07       		.uleb128 0x7
 304 014f A2030000 		.4byte	.LASF30
 305 0153 05       		.byte	0x5
 306 0154 19       		.byte	0x19
 307 0155 97000000 		.4byte	0x97
 308 0159 07       		.byte	0x7
 309 015a 07       		.uleb128 0x7
 310 015b C3000000 		.4byte	.LASF31
 311 015f 05       		.byte	0x5
 312 0160 1C       		.byte	0x1c
 313 0161 97000000 		.4byte	0x97
 314 0165 08       		.byte	0x8
 315 0166 07       		.uleb128 0x7
 316 0167 E4000000 		.4byte	.LASF32
 317 016b 05       		.byte	0x5
 318 016c 1D       		.byte	0x1d
 319 016d 97000000 		.4byte	0x97
 320 0171 09       		.byte	0x9
 321 0172 07       		.uleb128 0x7
 322 0173 44000000 		.4byte	.LASF33
 323 0177 05       		.byte	0x5
 324 0178 1E       		.byte	0x1e
 325 0179 97000000 		.4byte	0x97
 326 017d 0A       		.byte	0xa
 327 017e 07       		.uleb128 0x7
 328 017f 66000000 		.4byte	.LASF34
 329 0183 05       		.byte	0x5
 330 0184 1F       		.byte	0x1f
 331 0185 97000000 		.4byte	0x97
 332 0189 0B       		.byte	0xb
 333 018a 07       		.uleb128 0x7
 334 018b D1020000 		.4byte	.LASF35
 335 018f 05       		.byte	0x5
 336 0190 20       		.byte	0x20
 337 0191 97000000 		.4byte	0x97
 338 0195 0C       		.byte	0xc
 339 0196 07       		.uleb128 0x7
 340 0197 E7020000 		.4byte	.LASF36
 341 019b 05       		.byte	0x5
 342 019c 21       		.byte	0x21
 343 019d 97000000 		.4byte	0x97
 344 01a1 0D       		.byte	0xd
 345 01a2 07       		.uleb128 0x7
 346 01a3 CF000000 		.4byte	.LASF37
 347 01a7 05       		.byte	0x5
 348 01a8 24       		.byte	0x24
 349 01a9 A2000000 		.4byte	0xa2
 350 01ad 0E       		.byte	0xe
 351 01ae 07       		.uleb128 0x7
 352 01af BA030000 		.4byte	.LASF38
 353 01b3 05       		.byte	0x5
 354 01b4 27       		.byte	0x27
 355 01b5 A2000000 		.4byte	0xa2
ARM GAS  C:\Users\adria\AppData\Local\Temp\ccaCo47j.s 			page 8


 356 01b9 0F       		.byte	0xf
 357 01ba 07       		.uleb128 0x7
 358 01bb 00000000 		.4byte	.LASF39
 359 01bf 05       		.byte	0x5
 360 01c0 2A       		.byte	0x2a
 361 01c1 A2000000 		.4byte	0xa2
 362 01c5 10       		.byte	0x10
 363 01c6 00       		.byte	0
 364 01c7 02       		.uleb128 0x2
 365 01c8 E7030000 		.4byte	.LASF40
 366 01cc 05       		.byte	0x5
 367 01cd 2C       		.byte	0x2c
 368 01ce F2000000 		.4byte	0xf2
 369 01d2 06       		.uleb128 0x6
 370 01d3 0E       		.byte	0xe
 371 01d4 05       		.byte	0x5
 372 01d5 2F       		.byte	0x2f
 373 01d6 2F020000 		.4byte	0x22f
 374 01da 07       		.uleb128 0x7
 375 01db C6020000 		.4byte	.LASF41
 376 01df 05       		.byte	0x5
 377 01e0 32       		.byte	0x32
 378 01e1 AD000000 		.4byte	0xad
 379 01e5 00       		.byte	0
 380 01e6 07       		.uleb128 0x7
 381 01e7 03040000 		.4byte	.LASF42
 382 01eb 05       		.byte	0x5
 383 01ec 33       		.byte	0x33
 384 01ed AD000000 		.4byte	0xad
 385 01f1 02       		.byte	0x2
 386 01f2 07       		.uleb128 0x7
 387 01f3 E6010000 		.4byte	.LASF43
 388 01f7 05       		.byte	0x5
 389 01f8 34       		.byte	0x34
 390 01f9 AD000000 		.4byte	0xad
 391 01fd 04       		.byte	0x4
 392 01fe 07       		.uleb128 0x7
 393 01ff 88010000 		.4byte	.LASF44
 394 0203 05       		.byte	0x5
 395 0204 37       		.byte	0x37
 396 0205 AD000000 		.4byte	0xad
 397 0209 06       		.byte	0x6
 398 020a 07       		.uleb128 0x7
 399 020b AA000000 		.4byte	.LASF45
 400 020f 05       		.byte	0x5
 401 0210 3A       		.byte	0x3a
 402 0211 AD000000 		.4byte	0xad
 403 0215 08       		.byte	0x8
 404 0216 07       		.uleb128 0x7
 405 0217 42010000 		.4byte	.LASF46
 406 021b 05       		.byte	0x5
 407 021c 3B       		.byte	0x3b
 408 021d AD000000 		.4byte	0xad
 409 0221 0A       		.byte	0xa
 410 0222 07       		.uleb128 0x7
 411 0223 DD020000 		.4byte	.LASF47
 412 0227 05       		.byte	0x5
ARM GAS  C:\Users\adria\AppData\Local\Temp\ccaCo47j.s 			page 9


 413 0228 3C       		.byte	0x3c
 414 0229 AD000000 		.4byte	0xad
 415 022d 0C       		.byte	0xc
 416 022e 00       		.byte	0
 417 022f 02       		.uleb128 0x2
 418 0230 6B030000 		.4byte	.LASF48
 419 0234 05       		.byte	0x5
 420 0235 3E       		.byte	0x3e
 421 0236 D2010000 		.4byte	0x1d2
 422 023a 08       		.uleb128 0x8
 423 023b 8D030000 		.4byte	.LASF74
 424 023f 20       		.byte	0x20
 425 0240 05       		.byte	0x5
 426 0241 42       		.byte	0x42
 427 0242 5F020000 		.4byte	0x25f
 428 0246 07       		.uleb128 0x7
 429 0247 88020000 		.4byte	.LASF49
 430 024b 05       		.byte	0x5
 431 024c 43       		.byte	0x43
 432 024d C7010000 		.4byte	0x1c7
 433 0251 00       		.byte	0
 434 0252 07       		.uleb128 0x7
 435 0253 D2030000 		.4byte	.LASF50
 436 0257 05       		.byte	0x5
 437 0258 44       		.byte	0x44
 438 0259 2F020000 		.4byte	0x22f
 439 025d 12       		.byte	0x12
 440 025e 00       		.byte	0
 441 025f 09       		.uleb128 0x9
 442 0260 97020000 		.4byte	.LASF75
 443 0264 01       		.byte	0x1
 444 0265 0B       		.byte	0xb
 445 0266 89000000 		.4byte	0x89
 446 026a 00000000 		.4byte	.LFB64
 447 026e 5C000000 		.4byte	.LFE64-.LFB64
 448 0272 01       		.uleb128 0x1
 449 0273 9C       		.byte	0x9c
 450 0274 89030000 		.4byte	0x389
 451 0278 0A       		.uleb128 0xa
 452 0279 59000000 		.4byte	.LASF51
 453 027d 01       		.byte	0x1
 454 027e 17       		.byte	0x17
 455 027f 3A020000 		.4byte	0x23a
 456 0283 02       		.uleb128 0x2
 457 0284 91       		.byte	0x91
 458 0285 58       		.sleb128 -40
 459 0286 0B       		.uleb128 0xb
 460 0287 45030000 		.4byte	.LASF52
 461 028b 01       		.byte	0x1
 462 028c 1C       		.byte	0x1c
 463 028d C3000000 		.4byte	0xc3
 464 0291 00000000 		.4byte	.LLST0
 465 0295 0B       		.uleb128 0xb
 466 0296 4B030000 		.4byte	.LASF53
 467 029a 01       		.byte	0x1
 468 029b 1C       		.byte	0x1c
 469 029c C3000000 		.4byte	0xc3
ARM GAS  C:\Users\adria\AppData\Local\Temp\ccaCo47j.s 			page 10


 470 02a0 28000000 		.4byte	.LLST1
 471 02a4 0B       		.uleb128 0xb
 472 02a5 51030000 		.4byte	.LASF54
 473 02a9 01       		.byte	0x1
 474 02aa 1C       		.byte	0x1c
 475 02ab C3000000 		.4byte	0xc3
 476 02af 41000000 		.4byte	.LLST2
 477 02b3 0A       		.uleb128 0xa
 478 02b4 2E010000 		.4byte	.LASF55
 479 02b8 01       		.byte	0x1
 480 02b9 1D       		.byte	0x1d
 481 02ba 89030000 		.4byte	0x389
 482 02be 02       		.uleb128 0x2
 483 02bf 91       		.byte	0x91
 484 02c0 48       		.sleb128 -56
 485 02c1 0C       		.uleb128 0xc
 486 02c2 0A000000 		.4byte	.LVL0
 487 02c6 CC030000 		.4byte	0x3cc
 488 02ca 0C       		.uleb128 0xc
 489 02cb 0E000000 		.4byte	.LVL1
 490 02cf D7030000 		.4byte	0x3d7
 491 02d3 0C       		.uleb128 0xc
 492 02d4 12000000 		.4byte	.LVL2
 493 02d8 E2030000 		.4byte	0x3e2
 494 02dc 0C       		.uleb128 0xc
 495 02dd 16000000 		.4byte	.LVL3
 496 02e1 ED030000 		.4byte	0x3ed
 497 02e5 0C       		.uleb128 0xc
 498 02e6 1A000000 		.4byte	.LVL4
 499 02ea F8030000 		.4byte	0x3f8
 500 02ee 0D       		.uleb128 0xd
 501 02ef 22000000 		.4byte	.LVL5
 502 02f3 03040000 		.4byte	0x403
 503 02f7 06030000 		.4byte	0x306
 504 02fb 0E       		.uleb128 0xe
 505 02fc 01       		.uleb128 0x1
 506 02fd 50       		.byte	0x50
 507 02fe 01       		.uleb128 0x1
 508 02ff 30       		.byte	0x30
 509 0300 0E       		.uleb128 0xe
 510 0301 01       		.uleb128 0x1
 511 0302 51       		.byte	0x51
 512 0303 01       		.uleb128 0x1
 513 0304 30       		.byte	0x30
 514 0305 00       		.byte	0
 515 0306 0D       		.uleb128 0xd
 516 0307 28000000 		.4byte	.LVL6
 517 030b 0E040000 		.4byte	0x40e
 518 030f 1A030000 		.4byte	0x31a
 519 0313 0E       		.uleb128 0xe
 520 0314 01       		.uleb128 0x1
 521 0315 50       		.byte	0x50
 522 0316 02       		.uleb128 0x2
 523 0317 91       		.byte	0x91
 524 0318 58       		.sleb128 -40
 525 0319 00       		.byte	0
 526 031a 0D       		.uleb128 0xd
ARM GAS  C:\Users\adria\AppData\Local\Temp\ccaCo47j.s 			page 11


 527 031b 30000000 		.4byte	.LVL7
 528 031f 19040000 		.4byte	0x419
 529 0323 33030000 		.4byte	0x333
 530 0327 0E       		.uleb128 0xe
 531 0328 01       		.uleb128 0x1
 532 0329 50       		.byte	0x50
 533 032a 02       		.uleb128 0x2
 534 032b 91       		.byte	0x91
 535 032c 58       		.sleb128 -40
 536 032d 0E       		.uleb128 0xe
 537 032e 01       		.uleb128 0x1
 538 032f 51       		.byte	0x51
 539 0330 01       		.uleb128 0x1
 540 0331 32       		.byte	0x32
 541 0332 00       		.byte	0
 542 0333 0D       		.uleb128 0xd
 543 0334 36000000 		.4byte	.LVL8
 544 0338 24040000 		.4byte	0x424
 545 033c 47030000 		.4byte	0x347
 546 0340 0E       		.uleb128 0xe
 547 0341 01       		.uleb128 0x1
 548 0342 50       		.byte	0x50
 549 0343 02       		.uleb128 0x2
 550 0344 91       		.byte	0x91
 551 0345 58       		.sleb128 -40
 552 0346 00       		.byte	0
 553 0347 0D       		.uleb128 0xd
 554 0348 4A000000 		.4byte	.LVL13
 555 034c 2F040000 		.4byte	0x42f
 556 0350 64030000 		.4byte	0x364
 557 0354 0E       		.uleb128 0xe
 558 0355 01       		.uleb128 0x1
 559 0356 50       		.byte	0x50
 560 0357 02       		.uleb128 0x2
 561 0358 7D       		.byte	0x7d
 562 0359 00       		.sleb128 0
 563 035a 0E       		.uleb128 0xe
 564 035b 01       		.uleb128 0x1
 565 035c 51       		.byte	0x51
 566 035d 05       		.uleb128 0x5
 567 035e 03       		.byte	0x3
 568 035f 00000000 		.4byte	.LC0
 569 0363 00       		.byte	0
 570 0364 0D       		.uleb128 0xd
 571 0365 50000000 		.4byte	.LVL14
 572 0369 3A040000 		.4byte	0x43a
 573 036d 78030000 		.4byte	0x378
 574 0371 0E       		.uleb128 0xe
 575 0372 01       		.uleb128 0x1
 576 0373 50       		.byte	0x50
 577 0374 02       		.uleb128 0x2
 578 0375 7D       		.byte	0x7d
 579 0376 00       		.sleb128 0
 580 0377 00       		.byte	0
 581 0378 0F       		.uleb128 0xf
 582 0379 56000000 		.4byte	.LVL15
 583 037d 45040000 		.4byte	0x445
ARM GAS  C:\Users\adria\AppData\Local\Temp\ccaCo47j.s 			page 12


 584 0381 0E       		.uleb128 0xe
 585 0382 01       		.uleb128 0x1
 586 0383 50       		.byte	0x50
 587 0384 02       		.uleb128 0x2
 588 0385 08       		.byte	0x8
 589 0386 FA       		.byte	0xfa
 590 0387 00       		.byte	0
 591 0388 00       		.byte	0
 592 0389 10       		.uleb128 0x10
 593 038a DD000000 		.4byte	0xdd
 594 038e 99030000 		.4byte	0x399
 595 0392 11       		.uleb128 0x11
 596 0393 EB000000 		.4byte	0xeb
 597 0397 0F       		.byte	0xf
 598 0398 00       		.byte	0
 599 0399 12       		.uleb128 0x12
 600 039a C5030000 		.4byte	.LASF56
 601 039e 06       		.byte	0x6
 602 039f 1207     		.2byte	0x712
 603 03a1 A5030000 		.4byte	0x3a5
 604 03a5 13       		.uleb128 0x13
 605 03a6 B8000000 		.4byte	0xb8
 606 03aa 14       		.uleb128 0x14
 607 03ab 26010000 		.4byte	.LASF57
 608 03af 01       		.byte	0x1
 609 03b0 08       		.byte	0x8
 610 03b1 A2000000 		.4byte	0xa2
 611 03b5 05       		.uleb128 0x5
 612 03b6 03       		.byte	0x3
 613 03b7 00000000 		.4byte	address
 614 03bb 14       		.uleb128 0x14
 615 03bc 09000000 		.4byte	.LASF58
 616 03c0 01       		.byte	0x1
 617 03c1 09       		.byte	0x9
 618 03c2 A2000000 		.4byte	0xa2
 619 03c6 05       		.uleb128 0x5
 620 03c7 03       		.byte	0x3
 621 03c8 00000000 		.4byte	result
 622 03cc 15       		.uleb128 0x15
 623 03cd F9030000 		.4byte	.LASF59
 624 03d1 F9030000 		.4byte	.LASF59
 625 03d5 07       		.byte	0x7
 626 03d6 93       		.byte	0x93
 627 03d7 15       		.uleb128 0x15
 628 03d8 10000000 		.4byte	.LASF60
 629 03dc 10000000 		.4byte	.LASF60
 630 03e0 08       		.byte	0x8
 631 03e1 54       		.byte	0x54
 632 03e2 15       		.uleb128 0x15
 633 03e3 0A010000 		.4byte	.LASF61
 634 03e7 0A010000 		.4byte	.LASF61
 635 03eb 08       		.byte	0x8
 636 03ec 8F       		.byte	0x8f
 637 03ed 15       		.uleb128 0x15
 638 03ee 38010000 		.4byte	.LASF62
 639 03f2 38010000 		.4byte	.LASF62
 640 03f6 09       		.byte	0x9
ARM GAS  C:\Users\adria\AppData\Local\Temp\ccaCo47j.s 			page 13


 641 03f7 09       		.byte	0x9
 642 03f8 15       		.uleb128 0x15
 643 03f9 4C010000 		.4byte	.LASF63
 644 03fd 4C010000 		.4byte	.LASF63
 645 0401 09       		.byte	0x9
 646 0402 0A       		.byte	0xa
 647 0403 15       		.uleb128 0x15
 648 0404 AD030000 		.4byte	.LASF64
 649 0408 AD030000 		.4byte	.LASF64
 650 040c 09       		.byte	0x9
 651 040d 0B       		.byte	0xb
 652 040e 15       		.uleb128 0x15
 653 040f 2C000000 		.4byte	.LASF65
 654 0413 2C000000 		.4byte	.LASF65
 655 0417 05       		.byte	0x5
 656 0418 48       		.byte	0x48
 657 0419 15       		.uleb128 0x15
 658 041a 6B010000 		.4byte	.LASF66
 659 041e 6B010000 		.4byte	.LASF66
 660 0422 05       		.byte	0x5
 661 0423 4A       		.byte	0x4a
 662 0424 15       		.uleb128 0x15
 663 0425 98000000 		.4byte	.LASF67
 664 0429 98000000 		.4byte	.LASF67
 665 042d 05       		.byte	0x5
 666 042e 49       		.byte	0x49
 667 042f 15       		.uleb128 0x15
 668 0430 80010000 		.4byte	.LASF68
 669 0434 80010000 		.4byte	.LASF68
 670 0438 0A       		.byte	0xa
 671 0439 E7       		.byte	0xe7
 672 043a 15       		.uleb128 0x15
 673 043b B4000000 		.4byte	.LASF69
 674 043f B4000000 		.4byte	.LASF69
 675 0443 08       		.byte	0x8
 676 0444 8B       		.byte	0x8b
 677 0445 15       		.uleb128 0x15
 678 0446 DF030000 		.4byte	.LASF70
 679 044a DF030000 		.4byte	.LASF70
 680 044e 0B       		.byte	0xb
 681 044f 76       		.byte	0x76
 682 0450 00       		.byte	0
 683              		.section	.debug_abbrev,"",%progbits
 684              	.Ldebug_abbrev0:
 685 0000 01       		.uleb128 0x1
 686 0001 11       		.uleb128 0x11
 687 0002 01       		.byte	0x1
 688 0003 25       		.uleb128 0x25
 689 0004 0E       		.uleb128 0xe
 690 0005 13       		.uleb128 0x13
 691 0006 0B       		.uleb128 0xb
 692 0007 03       		.uleb128 0x3
 693 0008 0E       		.uleb128 0xe
 694 0009 1B       		.uleb128 0x1b
 695 000a 0E       		.uleb128 0xe
 696 000b 55       		.uleb128 0x55
 697 000c 17       		.uleb128 0x17
ARM GAS  C:\Users\adria\AppData\Local\Temp\ccaCo47j.s 			page 14


 698 000d 11       		.uleb128 0x11
 699 000e 01       		.uleb128 0x1
 700 000f 10       		.uleb128 0x10
 701 0010 17       		.uleb128 0x17
 702 0011 00       		.byte	0
 703 0012 00       		.byte	0
 704 0013 02       		.uleb128 0x2
 705 0014 16       		.uleb128 0x16
 706 0015 00       		.byte	0
 707 0016 03       		.uleb128 0x3
 708 0017 0E       		.uleb128 0xe
 709 0018 3A       		.uleb128 0x3a
 710 0019 0B       		.uleb128 0xb
 711 001a 3B       		.uleb128 0x3b
 712 001b 0B       		.uleb128 0xb
 713 001c 49       		.uleb128 0x49
 714 001d 13       		.uleb128 0x13
 715 001e 00       		.byte	0
 716 001f 00       		.byte	0
 717 0020 03       		.uleb128 0x3
 718 0021 24       		.uleb128 0x24
 719 0022 00       		.byte	0
 720 0023 0B       		.uleb128 0xb
 721 0024 0B       		.uleb128 0xb
 722 0025 3E       		.uleb128 0x3e
 723 0026 0B       		.uleb128 0xb
 724 0027 03       		.uleb128 0x3
 725 0028 0E       		.uleb128 0xe
 726 0029 00       		.byte	0
 727 002a 00       		.byte	0
 728 002b 04       		.uleb128 0x4
 729 002c 24       		.uleb128 0x24
 730 002d 00       		.byte	0
 731 002e 0B       		.uleb128 0xb
 732 002f 0B       		.uleb128 0xb
 733 0030 3E       		.uleb128 0x3e
 734 0031 0B       		.uleb128 0xb
 735 0032 03       		.uleb128 0x3
 736 0033 08       		.uleb128 0x8
 737 0034 00       		.byte	0
 738 0035 00       		.byte	0
 739 0036 05       		.uleb128 0x5
 740 0037 16       		.uleb128 0x16
 741 0038 00       		.byte	0
 742 0039 03       		.uleb128 0x3
 743 003a 0E       		.uleb128 0xe
 744 003b 3A       		.uleb128 0x3a
 745 003c 0B       		.uleb128 0xb
 746 003d 3B       		.uleb128 0x3b
 747 003e 05       		.uleb128 0x5
 748 003f 49       		.uleb128 0x49
 749 0040 13       		.uleb128 0x13
 750 0041 00       		.byte	0
 751 0042 00       		.byte	0
 752 0043 06       		.uleb128 0x6
 753 0044 13       		.uleb128 0x13
 754 0045 01       		.byte	0x1
ARM GAS  C:\Users\adria\AppData\Local\Temp\ccaCo47j.s 			page 15


 755 0046 0B       		.uleb128 0xb
 756 0047 0B       		.uleb128 0xb
 757 0048 3A       		.uleb128 0x3a
 758 0049 0B       		.uleb128 0xb
 759 004a 3B       		.uleb128 0x3b
 760 004b 0B       		.uleb128 0xb
 761 004c 01       		.uleb128 0x1
 762 004d 13       		.uleb128 0x13
 763 004e 00       		.byte	0
 764 004f 00       		.byte	0
 765 0050 07       		.uleb128 0x7
 766 0051 0D       		.uleb128 0xd
 767 0052 00       		.byte	0
 768 0053 03       		.uleb128 0x3
 769 0054 0E       		.uleb128 0xe
 770 0055 3A       		.uleb128 0x3a
 771 0056 0B       		.uleb128 0xb
 772 0057 3B       		.uleb128 0x3b
 773 0058 0B       		.uleb128 0xb
 774 0059 49       		.uleb128 0x49
 775 005a 13       		.uleb128 0x13
 776 005b 38       		.uleb128 0x38
 777 005c 0B       		.uleb128 0xb
 778 005d 00       		.byte	0
 779 005e 00       		.byte	0
 780 005f 08       		.uleb128 0x8
 781 0060 13       		.uleb128 0x13
 782 0061 01       		.byte	0x1
 783 0062 03       		.uleb128 0x3
 784 0063 0E       		.uleb128 0xe
 785 0064 0B       		.uleb128 0xb
 786 0065 0B       		.uleb128 0xb
 787 0066 3A       		.uleb128 0x3a
 788 0067 0B       		.uleb128 0xb
 789 0068 3B       		.uleb128 0x3b
 790 0069 0B       		.uleb128 0xb
 791 006a 01       		.uleb128 0x1
 792 006b 13       		.uleb128 0x13
 793 006c 00       		.byte	0
 794 006d 00       		.byte	0
 795 006e 09       		.uleb128 0x9
 796 006f 2E       		.uleb128 0x2e
 797 0070 01       		.byte	0x1
 798 0071 3F       		.uleb128 0x3f
 799 0072 19       		.uleb128 0x19
 800 0073 03       		.uleb128 0x3
 801 0074 0E       		.uleb128 0xe
 802 0075 3A       		.uleb128 0x3a
 803 0076 0B       		.uleb128 0xb
 804 0077 3B       		.uleb128 0x3b
 805 0078 0B       		.uleb128 0xb
 806 0079 27       		.uleb128 0x27
 807 007a 19       		.uleb128 0x19
 808 007b 49       		.uleb128 0x49
 809 007c 13       		.uleb128 0x13
 810 007d 8701     		.uleb128 0x87
 811 007f 19       		.uleb128 0x19
ARM GAS  C:\Users\adria\AppData\Local\Temp\ccaCo47j.s 			page 16


 812 0080 11       		.uleb128 0x11
 813 0081 01       		.uleb128 0x1
 814 0082 12       		.uleb128 0x12
 815 0083 06       		.uleb128 0x6
 816 0084 40       		.uleb128 0x40
 817 0085 18       		.uleb128 0x18
 818 0086 9742     		.uleb128 0x2117
 819 0088 19       		.uleb128 0x19
 820 0089 01       		.uleb128 0x1
 821 008a 13       		.uleb128 0x13
 822 008b 00       		.byte	0
 823 008c 00       		.byte	0
 824 008d 0A       		.uleb128 0xa
 825 008e 34       		.uleb128 0x34
 826 008f 00       		.byte	0
 827 0090 03       		.uleb128 0x3
 828 0091 0E       		.uleb128 0xe
 829 0092 3A       		.uleb128 0x3a
 830 0093 0B       		.uleb128 0xb
 831 0094 3B       		.uleb128 0x3b
 832 0095 0B       		.uleb128 0xb
 833 0096 49       		.uleb128 0x49
 834 0097 13       		.uleb128 0x13
 835 0098 02       		.uleb128 0x2
 836 0099 18       		.uleb128 0x18
 837 009a 00       		.byte	0
 838 009b 00       		.byte	0
 839 009c 0B       		.uleb128 0xb
 840 009d 34       		.uleb128 0x34
 841 009e 00       		.byte	0
 842 009f 03       		.uleb128 0x3
 843 00a0 0E       		.uleb128 0xe
 844 00a1 3A       		.uleb128 0x3a
 845 00a2 0B       		.uleb128 0xb
 846 00a3 3B       		.uleb128 0x3b
 847 00a4 0B       		.uleb128 0xb
 848 00a5 49       		.uleb128 0x49
 849 00a6 13       		.uleb128 0x13
 850 00a7 02       		.uleb128 0x2
 851 00a8 17       		.uleb128 0x17
 852 00a9 00       		.byte	0
 853 00aa 00       		.byte	0
 854 00ab 0C       		.uleb128 0xc
 855 00ac 898201   		.uleb128 0x4109
 856 00af 00       		.byte	0
 857 00b0 11       		.uleb128 0x11
 858 00b1 01       		.uleb128 0x1
 859 00b2 31       		.uleb128 0x31
 860 00b3 13       		.uleb128 0x13
 861 00b4 00       		.byte	0
 862 00b5 00       		.byte	0
 863 00b6 0D       		.uleb128 0xd
 864 00b7 898201   		.uleb128 0x4109
 865 00ba 01       		.byte	0x1
 866 00bb 11       		.uleb128 0x11
 867 00bc 01       		.uleb128 0x1
 868 00bd 31       		.uleb128 0x31
ARM GAS  C:\Users\adria\AppData\Local\Temp\ccaCo47j.s 			page 17


 869 00be 13       		.uleb128 0x13
 870 00bf 01       		.uleb128 0x1
 871 00c0 13       		.uleb128 0x13
 872 00c1 00       		.byte	0
 873 00c2 00       		.byte	0
 874 00c3 0E       		.uleb128 0xe
 875 00c4 8A8201   		.uleb128 0x410a
 876 00c7 00       		.byte	0
 877 00c8 02       		.uleb128 0x2
 878 00c9 18       		.uleb128 0x18
 879 00ca 9142     		.uleb128 0x2111
 880 00cc 18       		.uleb128 0x18
 881 00cd 00       		.byte	0
 882 00ce 00       		.byte	0
 883 00cf 0F       		.uleb128 0xf
 884 00d0 898201   		.uleb128 0x4109
 885 00d3 01       		.byte	0x1
 886 00d4 11       		.uleb128 0x11
 887 00d5 01       		.uleb128 0x1
 888 00d6 31       		.uleb128 0x31
 889 00d7 13       		.uleb128 0x13
 890 00d8 00       		.byte	0
 891 00d9 00       		.byte	0
 892 00da 10       		.uleb128 0x10
 893 00db 01       		.uleb128 0x1
 894 00dc 01       		.byte	0x1
 895 00dd 49       		.uleb128 0x49
 896 00de 13       		.uleb128 0x13
 897 00df 01       		.uleb128 0x1
 898 00e0 13       		.uleb128 0x13
 899 00e1 00       		.byte	0
 900 00e2 00       		.byte	0
 901 00e3 11       		.uleb128 0x11
 902 00e4 21       		.uleb128 0x21
 903 00e5 00       		.byte	0
 904 00e6 49       		.uleb128 0x49
 905 00e7 13       		.uleb128 0x13
 906 00e8 2F       		.uleb128 0x2f
 907 00e9 0B       		.uleb128 0xb
 908 00ea 00       		.byte	0
 909 00eb 00       		.byte	0
 910 00ec 12       		.uleb128 0x12
 911 00ed 34       		.uleb128 0x34
 912 00ee 00       		.byte	0
 913 00ef 03       		.uleb128 0x3
 914 00f0 0E       		.uleb128 0xe
 915 00f1 3A       		.uleb128 0x3a
 916 00f2 0B       		.uleb128 0xb
 917 00f3 3B       		.uleb128 0x3b
 918 00f4 05       		.uleb128 0x5
 919 00f5 49       		.uleb128 0x49
 920 00f6 13       		.uleb128 0x13
 921 00f7 3F       		.uleb128 0x3f
 922 00f8 19       		.uleb128 0x19
 923 00f9 3C       		.uleb128 0x3c
 924 00fa 19       		.uleb128 0x19
 925 00fb 00       		.byte	0
ARM GAS  C:\Users\adria\AppData\Local\Temp\ccaCo47j.s 			page 18


 926 00fc 00       		.byte	0
 927 00fd 13       		.uleb128 0x13
 928 00fe 35       		.uleb128 0x35
 929 00ff 00       		.byte	0
 930 0100 49       		.uleb128 0x49
 931 0101 13       		.uleb128 0x13
 932 0102 00       		.byte	0
 933 0103 00       		.byte	0
 934 0104 14       		.uleb128 0x14
 935 0105 34       		.uleb128 0x34
 936 0106 00       		.byte	0
 937 0107 03       		.uleb128 0x3
 938 0108 0E       		.uleb128 0xe
 939 0109 3A       		.uleb128 0x3a
 940 010a 0B       		.uleb128 0xb
 941 010b 3B       		.uleb128 0x3b
 942 010c 0B       		.uleb128 0xb
 943 010d 49       		.uleb128 0x49
 944 010e 13       		.uleb128 0x13
 945 010f 3F       		.uleb128 0x3f
 946 0110 19       		.uleb128 0x19
 947 0111 02       		.uleb128 0x2
 948 0112 18       		.uleb128 0x18
 949 0113 00       		.byte	0
 950 0114 00       		.byte	0
 951 0115 15       		.uleb128 0x15
 952 0116 2E       		.uleb128 0x2e
 953 0117 00       		.byte	0
 954 0118 3F       		.uleb128 0x3f
 955 0119 19       		.uleb128 0x19
 956 011a 3C       		.uleb128 0x3c
 957 011b 19       		.uleb128 0x19
 958 011c 6E       		.uleb128 0x6e
 959 011d 0E       		.uleb128 0xe
 960 011e 03       		.uleb128 0x3
 961 011f 0E       		.uleb128 0xe
 962 0120 3A       		.uleb128 0x3a
 963 0121 0B       		.uleb128 0xb
 964 0122 3B       		.uleb128 0x3b
 965 0123 0B       		.uleb128 0xb
 966 0124 00       		.byte	0
 967 0125 00       		.byte	0
 968 0126 00       		.byte	0
 969              		.section	.debug_loc,"",%progbits
 970              	.Ldebug_loc0:
 971              	.LLST0:
 972 0000 3A000000 		.4byte	.LVL9
 973 0004 42000000 		.4byte	.LVL12
 974 0008 0500     		.2byte	0x5
 975 000a 72       		.byte	0x72
 976 000b 00       		.sleb128 0
 977 000c 34       		.byte	0x34
 978 000d 26       		.byte	0x26
 979 000e 9F       		.byte	0x9f
 980 000f 42000000 		.4byte	.LVL12
 981 0013 49000000 		.4byte	.LVL13-1
 982 0017 0700     		.2byte	0x7
ARM GAS  C:\Users\adria\AppData\Local\Temp\ccaCo47j.s 			page 19


 983 0019 91       		.byte	0x91
 984 001a 6A       		.sleb128 -22
 985 001b 94       		.byte	0x94
 986 001c 02       		.byte	0x2
 987 001d 34       		.byte	0x34
 988 001e 26       		.byte	0x26
 989 001f 9F       		.byte	0x9f
 990 0020 00000000 		.4byte	0
 991 0024 00000000 		.4byte	0
 992              	.LLST1:
 993 0028 3A000000 		.4byte	.LVL9
 994 002c 49000000 		.4byte	.LVL13-1
 995 0030 0700     		.2byte	0x7
 996 0032 91       		.byte	0x91
 997 0033 6C       		.sleb128 -20
 998 0034 94       		.byte	0x94
 999 0035 02       		.byte	0x2
 1000 0036 34       		.byte	0x34
 1001 0037 26       		.byte	0x26
 1002 0038 9F       		.byte	0x9f
 1003 0039 00000000 		.4byte	0
 1004 003d 00000000 		.4byte	0
 1005              	.LLST2:
 1006 0041 3E000000 		.4byte	.LVL10
 1007 0045 40000000 		.4byte	.LVL11
 1008 0049 0500     		.2byte	0x5
 1009 004b 73       		.byte	0x73
 1010 004c 00       		.sleb128 0
 1011 004d 34       		.byte	0x34
 1012 004e 26       		.byte	0x26
 1013 004f 9F       		.byte	0x9f
 1014 0050 40000000 		.4byte	.LVL11
 1015 0054 49000000 		.4byte	.LVL13-1
 1016 0058 0700     		.2byte	0x7
 1017 005a 91       		.byte	0x91
 1018 005b 6E       		.sleb128 -18
 1019 005c 94       		.byte	0x94
 1020 005d 02       		.byte	0x2
 1021 005e 34       		.byte	0x34
 1022 005f 26       		.byte	0x26
 1023 0060 9F       		.byte	0x9f
 1024 0061 00000000 		.4byte	0
 1025 0065 00000000 		.4byte	0
 1026              		.section	.debug_aranges,"",%progbits
 1027 0000 1C000000 		.4byte	0x1c
 1028 0004 0200     		.2byte	0x2
 1029 0006 00000000 		.4byte	.Ldebug_info0
 1030 000a 04       		.byte	0x4
 1031 000b 00       		.byte	0
 1032 000c 0000     		.2byte	0
 1033 000e 0000     		.2byte	0
 1034 0010 00000000 		.4byte	.LFB64
 1035 0014 5C000000 		.4byte	.LFE64-.LFB64
 1036 0018 00000000 		.4byte	0
 1037 001c 00000000 		.4byte	0
 1038              		.section	.debug_ranges,"",%progbits
 1039              	.Ldebug_ranges0:
ARM GAS  C:\Users\adria\AppData\Local\Temp\ccaCo47j.s 			page 20


 1040 0000 00000000 		.4byte	.LFB64
 1041 0004 5C000000 		.4byte	.LFE64
 1042 0008 00000000 		.4byte	0
 1043 000c 00000000 		.4byte	0
 1044              		.section	.debug_line,"",%progbits
 1045              	.Ldebug_line0:
 1046 0000 61020000 		.section	.debug_str,"MS",%progbits,1
 1046      02002502 
 1046      00000201 
 1046      FB0E0D00 
 1046      01010101 
 1047              	.LASF39:
 1048 0000 57484F5F 		.ascii	"WHO_AM_I\000"
 1048      414D5F49 
 1048      00
 1049              	.LASF58:
 1050 0009 72657375 		.ascii	"result\000"
 1050      6C7400
 1051              	.LASF60:
 1052 0010 55415254 		.ascii	"UART_Start\000"
 1052      5F537461 
 1052      727400
 1053              	.LASF4:
 1054 001b 5F5F696E 		.ascii	"__int16_t\000"
 1054      7431365F 
 1054      7400
 1055              	.LASF13:
 1056 0025 696E7438 		.ascii	"int8_t\000"
 1056      5F7400
 1057              	.LASF65:
 1058 002c 4D505536 		.ascii	"MPU6050_Start\000"
 1058      3035305F 
 1058      53746172 
 1058      7400
 1059              	.LASF5:
 1060 003a 73686F72 		.ascii	"short int\000"
 1060      7420696E 
 1060      7400
 1061              	.LASF33:
 1062 0044 4759524F 		.ascii	"GYRO_YOUT_H\000"
 1062      5F594F55 
 1062      545F4800 
 1063              	.LASF22:
 1064 0050 73697A65 		.ascii	"sizetype\000"
 1064      74797065 
 1064      00
 1065              	.LASF51:
 1066 0059 6163656C 		.ascii	"acelerometro\000"
 1066      65726F6D 
 1066      6574726F 
 1066      00
 1067              	.LASF34:
 1068 0066 4759524F 		.ascii	"GYRO_YOUT_L\000"
 1068      5F594F55 
 1068      545F4C00 
 1069              	.LASF27:
 1070 0072 41434345 		.ascii	"ACCEL_ZOUT_H\000"
ARM GAS  C:\Users\adria\AppData\Local\Temp\ccaCo47j.s 			page 21


 1070      4C5F5A4F 
 1070      55545F48 
 1070      00
 1071              	.LASF21:
 1072 007f 6C6F6E67 		.ascii	"long double\000"
 1072      20646F75 
 1072      626C6500 
 1073              	.LASF28:
 1074 008b 41434345 		.ascii	"ACCEL_ZOUT_L\000"
 1074      4C5F5A4F 
 1074      55545F4C 
 1074      00
 1075              	.LASF67:
 1076 0098 4D505536 		.ascii	"MPU6050_REGISTROS\000"
 1076      3035305F 
 1076      52454749 
 1076      5354524F 
 1076      5300
 1077              	.LASF45:
 1078 00aa 4759524F 		.ascii	"GYRO_XOUT\000"
 1078      5F584F55 
 1078      5400
 1079              	.LASF69:
 1080 00b4 55415254 		.ascii	"UART_PutString\000"
 1080      5F507574 
 1080      53747269 
 1080      6E6700
 1081              	.LASF31:
 1082 00c3 4759524F 		.ascii	"GYRO_XOUT_H\000"
 1082      5F584F55 
 1082      545F4800 
 1083              	.LASF37:
 1084 00cf 41434345 		.ascii	"ACCEL_CONFIG\000"
 1084      4C5F434F 
 1084      4E464947 
 1084      00
 1085              	.LASF14:
 1086 00dc 75696E74 		.ascii	"uint8_t\000"
 1086      385F7400 
 1087              	.LASF32:
 1088 00e4 4759524F 		.ascii	"GYRO_XOUT_L\000"
 1088      5F584F55 
 1088      545F4C00 
 1089              	.LASF17:
 1090 00f0 696E7431 		.ascii	"int16\000"
 1090      3600
 1091              	.LASF18:
 1092 00f6 666C6F61 		.ascii	"float\000"
 1092      7400
 1093              	.LASF10:
 1094 00fc 6C6F6E67 		.ascii	"long long int\000"
 1094      206C6F6E 
 1094      6720696E 
 1094      7400
 1095              	.LASF61:
 1096 010a 55415254 		.ascii	"UART_ClearTxBuffer\000"
 1096      5F436C65 
ARM GAS  C:\Users\adria\AppData\Local\Temp\ccaCo47j.s 			page 22


 1096      61725478 
 1096      42756666 
 1096      657200
 1097              	.LASF8:
 1098 011d 6C6F6E67 		.ascii	"long int\000"
 1098      20696E74 
 1098      00
 1099              	.LASF57:
 1100 0126 61646472 		.ascii	"address\000"
 1100      65737300 
 1101              	.LASF55:
 1102 012e 62756666 		.ascii	"buffer_tx\000"
 1102      65725F74 
 1102      7800
 1103              	.LASF62:
 1104 0138 4C43445F 		.ascii	"LCD_Start\000"
 1104      53746172 
 1104      7400
 1105              	.LASF46:
 1106 0142 4759524F 		.ascii	"GYRO_YOUT\000"
 1106      5F594F55 
 1106      5400
 1107              	.LASF63:
 1108 014c 4C43445F 		.ascii	"LCD_ClearDisplay\000"
 1108      436C6561 
 1108      72446973 
 1108      706C6179 
 1108      00
 1109              	.LASF3:
 1110 015d 756E7369 		.ascii	"unsigned char\000"
 1110      676E6564 
 1110      20636861 
 1110      7200
 1111              	.LASF66:
 1112 016b 4D505536 		.ascii	"MPU6050_CONFIG_ACCEL\000"
 1112      3035305F 
 1112      434F4E46 
 1112      49475F41 
 1112      4343454C 
 1113              	.LASF68:
 1114 0180 73707269 		.ascii	"sprintf\000"
 1114      6E746600 
 1115              	.LASF44:
 1116 0188 54454D50 		.ascii	"TEMP_OUT\000"
 1116      5F4F5554 
 1116      00
 1117              	.LASF2:
 1118 0191 7369676E 		.ascii	"signed char\000"
 1118      65642063 
 1118      68617200 
 1119              	.LASF11:
 1120 019d 6C6F6E67 		.ascii	"long long unsigned int\000"
 1120      206C6F6E 
 1120      6720756E 
 1120      7369676E 
 1120      65642069 
 1121              	.LASF12:
ARM GAS  C:\Users\adria\AppData\Local\Temp\ccaCo47j.s 			page 23


 1122 01b4 756E7369 		.ascii	"unsigned int\000"
 1122      676E6564 
 1122      20696E74 
 1122      00
 1123              	.LASF9:
 1124 01c1 6C6F6E67 		.ascii	"long unsigned int\000"
 1124      20756E73 
 1124      69676E65 
 1124      6420696E 
 1124      7400
 1125              	.LASF6:
 1126 01d3 73686F72 		.ascii	"short unsigned int\000"
 1126      7420756E 
 1126      7369676E 
 1126      65642069 
 1126      6E7400
 1127              	.LASF43:
 1128 01e6 41434345 		.ascii	"ACCEL_ZOUT\000"
 1128      4C5F5A4F 
 1128      555400
 1129              	.LASF0:
 1130 01f1 5F5F696E 		.ascii	"__int8_t\000"
 1130      74385F74 
 1130      00
 1131              	.LASF71:
 1132 01fa 474E5520 		.ascii	"GNU C11 5.4.1 20160609 (release) [ARM/embedded-5-br"
 1132      43313120 
 1132      352E342E 
 1132      31203230 
 1132      31363036 
 1133 022d 616E6368 		.ascii	"anch revision 237715] -mcpu=cortex-m3 -mthumb -g -O"
 1133      20726576 
 1133      6973696F 
 1133      6E203233 
 1133      37373135 
 1134 0260 67202D66 		.ascii	"g -ffunction-sections -ffat-lto-objects\000"
 1134      66756E63 
 1134      74696F6E 
 1134      2D736563 
 1134      74696F6E 
 1135              	.LASF49:
 1136 0288 72656769 		.ascii	"registros\000"
 1136      7374726F 
 1136      7300
 1137              	.LASF20:
 1138 0292 63686172 		.ascii	"char\000"
 1138      00
 1139              	.LASF75:
 1140 0297 6D61696E 		.ascii	"main\000"
 1140      00
 1141              	.LASF23:
 1142 029c 41434345 		.ascii	"ACCEL_XOUT_H\000"
 1142      4C5F584F 
 1142      55545F48 
 1142      00
 1143              	.LASF16:
 1144 02a9 696E7433 		.ascii	"int32_t\000"
ARM GAS  C:\Users\adria\AppData\Local\Temp\ccaCo47j.s 			page 24


 1144      325F7400 
 1145              	.LASF24:
 1146 02b1 41434345 		.ascii	"ACCEL_XOUT_L\000"
 1146      4C5F584F 
 1146      55545F4C 
 1146      00
 1147              	.LASF15:
 1148 02be 696E7431 		.ascii	"int16_t\000"
 1148      365F7400 
 1149              	.LASF41:
 1150 02c6 41434345 		.ascii	"ACCEL_XOUT\000"
 1150      4C5F584F 
 1150      555400
 1151              	.LASF35:
 1152 02d1 4759524F 		.ascii	"GYRO_ZOUT_H\000"
 1152      5F5A4F55 
 1152      545F4800 
 1153              	.LASF47:
 1154 02dd 4759524F 		.ascii	"GYRO_ZOUT\000"
 1154      5F5A4F55 
 1154      5400
 1155              	.LASF36:
 1156 02e7 4759524F 		.ascii	"GYRO_ZOUT_L\000"
 1156      5F5A4F55 
 1156      545F4C00 
 1157              	.LASF73:
 1158 02f3 433A5C55 		.ascii	"C:\\Users\\adria\\OneDrive\\Documents\\PSoC Creator"
 1158      73657273 
 1158      5C616472 
 1158      69615C4F 
 1158      6E654472 
 1159 0321 5C46494E 		.ascii	"\\FINAL_vilchis\\MPU6050.cydsn\000"
 1159      414C5F76 
 1159      696C6368 
 1159      69735C4D 
 1159      50553630 
 1160              	.LASF72:
 1161 033e 6D61696E 		.ascii	"main.c\000"
 1161      2E6300
 1162              	.LASF52:
 1163 0345 4163635F 		.ascii	"Acc_X\000"
 1163      5800
 1164              	.LASF53:
 1165 034b 4163635F 		.ascii	"Acc_Y\000"
 1165      5900
 1166              	.LASF54:
 1167 0351 4163635F 		.ascii	"Acc_Z\000"
 1167      5A00
 1168              	.LASF19:
 1169 0357 646F7562 		.ascii	"double\000"
 1169      6C6500
 1170              	.LASF26:
 1171 035e 41434345 		.ascii	"ACCEL_YOUT_L\000"
 1171      4C5F594F 
 1171      55545F4C 
 1171      00
 1172              	.LASF48:
ARM GAS  C:\Users\adria\AppData\Local\Temp\ccaCo47j.s 			page 25


 1173 036b 4D505536 		.ascii	"MPU6050_DATA\000"
 1173      3035305F 
 1173      44415441 
 1173      00
 1174              	.LASF7:
 1175 0378 5F5F696E 		.ascii	"__int32_t\000"
 1175      7433325F 
 1175      7400
 1176              	.LASF29:
 1177 0382 54454D50 		.ascii	"TEMP_OUT_H\000"
 1177      5F4F5554 
 1177      5F4800
 1178              	.LASF74:
 1179 038d 4D505536 		.ascii	"MPU6050\000"
 1179      30353000 
 1180              	.LASF25:
 1181 0395 41434345 		.ascii	"ACCEL_YOUT_H\000"
 1181      4C5F594F 
 1181      55545F48 
 1181      00
 1182              	.LASF30:
 1183 03a2 54454D50 		.ascii	"TEMP_OUT_L\000"
 1183      5F4F5554 
 1183      5F4C00
 1184              	.LASF64:
 1185 03ad 4C43445F 		.ascii	"LCD_Position\000"
 1185      506F7369 
 1185      74696F6E 
 1185      00
 1186              	.LASF38:
 1187 03ba 5057525F 		.ascii	"PWR_MGMT_1\000"
 1187      4D474D54 
 1187      5F3100
 1188              	.LASF56:
 1189 03c5 49544D5F 		.ascii	"ITM_RxBuffer\000"
 1189      52784275 
 1189      66666572 
 1189      00
 1190              	.LASF50:
 1191 03d2 44415441 		.ascii	"DATA_SENSADO\000"
 1191      5F53454E 
 1191      5341444F 
 1191      00
 1192              	.LASF70:
 1193 03df 43794465 		.ascii	"CyDelay\000"
 1193      6C617900 
 1194              	.LASF40:
 1195 03e7 4D505536 		.ascii	"MPU6050_registros\000"
 1195      3035305F 
 1195      72656769 
 1195      7374726F 
 1195      7300
 1196              	.LASF59:
 1197 03f9 4932435F 		.ascii	"I2C_Start\000"
 1197      53746172 
 1197      7400
 1198              	.LASF42:
ARM GAS  C:\Users\adria\AppData\Local\Temp\ccaCo47j.s 			page 26


 1199 0403 41434345 		.ascii	"ACCEL_YOUT\000"
 1199      4C5F594F 
 1199      555400
 1200              	.LASF1:
 1201 040e 5F5F7569 		.ascii	"__uint8_t\000"
 1201      6E74385F 
 1201      7400
 1202              		.ident	"GCC: (GNU Tools for ARM Embedded Processors) 5.4.1 20160609 (release) [ARM/embedded-5-bran
