ARM GAS  C:\Users\adria\AppData\Local\Temp\ccQoMYzM.s 			page 1


   1              		.syntax unified
   2              		.cpu cortex-m3
   3              		.fpu softvfp
   4              		.eabi_attribute 20, 1
   5              		.eabi_attribute 21, 1
   6              		.eabi_attribute 23, 3
   7              		.eabi_attribute 24, 1
   8              		.eabi_attribute 25, 1
   9              		.eabi_attribute 26, 1
  10              		.eabi_attribute 30, 1
  11              		.eabi_attribute 34, 1
  12              		.eabi_attribute 18, 4
  13              		.thumb
  14              		.syntax unified
  15              		.file	"cymetadata.c"
  16              		.text
  17              	.Ltext0:
  18              		.cfi_sections	.debug_frame
  19              		.global	cy_metadata
  20              		.global	cy_meta_flashprotect
  21              		.global	cy_meta_wonvl
  22              		.global	cy_meta_custnvl
  23              		.global	cy_meta_configecc
  24              		.section	.cyconfigecc,"a",%progbits
  25              		.align	2
  26              		.type	cy_meta_configecc, %object
  27              		.size	cy_meta_configecc, 2060
  28              	cy_meta_configecc:
  29 0000 02       		.byte	2
  30 0001 4F       		.byte	79
  31 0002 00       		.byte	0
  32 0003 40       		.byte	64
  33 0004 03       		.byte	3
  34 0005 52       		.byte	82
  35 0006 00       		.byte	0
  36 0007 40       		.byte	64
  37 0008 03       		.byte	3
  38 0009 64       		.byte	100
  39 000a 00       		.byte	0
  40 000b 40       		.byte	64
  41 000c 01       		.byte	1
  42 000d 65       		.byte	101
  43 000e 00       		.byte	0
  44 000f 40       		.byte	64
  45 0010 6B       		.byte	107
  46 0011 00       		.byte	0
  47 0012 01       		.byte	1
  48 0013 40       		.byte	64
  49 0014 3A       		.byte	58
  50 0015 01       		.byte	1
  51 0016 01       		.byte	1
  52 0017 40       		.byte	64
  53 0018 51       		.byte	81
  54 0019 02       		.byte	2
  55 001a 01       		.byte	1
  56 001b 40       		.byte	64
  57 001c 46       		.byte	70
ARM GAS  C:\Users\adria\AppData\Local\Temp\ccQoMYzM.s 			page 2


  58 001d 03       		.byte	3
  59 001e 01       		.byte	1
  60 001f 40       		.byte	64
  61 0020 53       		.byte	83
  62 0021 04       		.byte	4
  63 0022 01       		.byte	1
  64 0023 40       		.byte	64
  65 0024 54       		.byte	84
  66 0025 05       		.byte	5
  67 0026 01       		.byte	1
  68 0027 40       		.byte	64
  69 0028 50       		.byte	80
  70 0029 06       		.byte	6
  71 002a 01       		.byte	1
  72 002b 40       		.byte	64
  73 002c 50       		.byte	80
  74 002d 07       		.byte	7
  75 002e 01       		.byte	1
  76 002f 40       		.byte	64
  77 0030 01       		.byte	1
  78 0031 0D       		.byte	13
  79 0032 01       		.byte	1
  80 0033 40       		.byte	64
  81 0034 68       		.byte	104
  82 0035 14       		.byte	20
  83 0036 01       		.byte	1
  84 0037 40       		.byte	64
  85 0038 52       		.byte	82
  86 0039 15       		.byte	21
  87 003a 01       		.byte	1
  88 003b 40       		.byte	64
  89 003c 14       		.byte	20
  90 003d 17       		.byte	23
  91 003e 01       		.byte	1
  92 003f 40       		.byte	64
  93 0040 03       		.byte	3
  94 0041 1B       		.byte	27
  95 0042 01       		.byte	1
  96 0043 40       		.byte	64
  97 0044 08       		.byte	8
  98 0045 40       		.byte	64
  99 0046 01       		.byte	1
 100 0047 40       		.byte	64
 101 0048 0C       		.byte	12
 102 0049 41       		.byte	65
 103 004a 01       		.byte	1
 104 004b 40       		.byte	64
 105 004c 0E       		.byte	14
 106 004d 42       		.byte	66
 107 004e 01       		.byte	1
 108 004f 40       		.byte	64
 109 0050 0A       		.byte	10
 110 0051 43       		.byte	67
 111 0052 01       		.byte	1
 112 0053 40       		.byte	64
 113 0054 02       		.byte	2
 114 0055 45       		.byte	69
ARM GAS  C:\Users\adria\AppData\Local\Temp\ccQoMYzM.s 			page 3


 115 0056 01       		.byte	1
 116 0057 40       		.byte	64
 117 0058 01       		.byte	1
 118 0059 46       		.byte	70
 119 005a 01       		.byte	1
 120 005b 40       		.byte	64
 121 005c 01       		.byte	1
 122 005d 47       		.byte	71
 123 005e 01       		.byte	1
 124 005f 40       		.byte	64
 125 0060 08       		.byte	8
 126 0061 48       		.byte	72
 127 0062 01       		.byte	1
 128 0063 40       		.byte	64
 129 0064 08       		.byte	8
 130 0065 49       		.byte	73
 131 0066 01       		.byte	1
 132 0067 40       		.byte	64
 133 0068 07       		.byte	7
 134 0069 4C       		.byte	76
 135 006a 01       		.byte	1
 136 006b 40       		.byte	64
 137 006c 04       		.byte	4
 138 006d 4D       		.byte	77
 139 006e 01       		.byte	1
 140 006f 40       		.byte	64
 141 0070 05       		.byte	5
 142 0071 50       		.byte	80
 143 0072 01       		.byte	1
 144 0073 40       		.byte	64
 145 0074 02       		.byte	2
 146 0075 51       		.byte	81
 147 0076 01       		.byte	1
 148 0077 40       		.byte	64
 149 0078 01       		.byte	1
 150 0079 20       		.byte	32
 151 007a 0A       		.byte	10
 152 007b 1B       		.byte	27
 153 007c 00       		.byte	0
 154 007d 14       		.byte	20
 155 007e 04       		.byte	4
 156 007f 14       		.byte	20
 157 0080 78       		.byte	120
 158 0081 02       		.byte	2
 159 0082 80       		.byte	-128
 160 0083 0F       		.byte	15
 161 0084 84       		.byte	-124
 162 0085 79       		.byte	121
 163 0086 85       		.byte	-123
 164 0087 72       		.byte	114
 165 0088 85       		.byte	-123
 166 0089 0D       		.byte	13
 167 008a 00       		.byte	0
 168 008b 0A       		.byte	10
 169 008c 01       		.byte	1
 170 008d 10       		.byte	16
 171 008e 02       		.byte	2
ARM GAS  C:\Users\adria\AppData\Local\Temp\ccQoMYzM.s 			page 4


 172 008f 34       		.byte	52
 173 0090 04       		.byte	4
 174 0091 33       		.byte	51
 175 0092 05       		.byte	5
 176 0093 14       		.byte	20
 177 0094 06       		.byte	6
 178 0095 0C       		.byte	12
 179 0096 0A       		.byte	10
 180 0097 08       		.byte	8
 181 0098 13       		.byte	19
 182 0099 03       		.byte	3
 183 009a 19       		.byte	25
 184 009b 0C       		.byte	12
 185 009c 1B       		.byte	27
 186 009d 11       		.byte	17
 187 009e 1D       		.byte	29
 188 009f 1C       		.byte	28
 189 00a0 1F       		.byte	31
 190 00a1 02       		.byte	2
 191 00a2 20       		.byte	32
 192 00a3 03       		.byte	3
 193 00a4 22       		.byte	34
 194 00a5 14       		.byte	20
 195 00a6 24       		.byte	36
 196 00a7 33       		.byte	51
 197 00a8 25       		.byte	37
 198 00a9 10       		.byte	16
 199 00aa 26       		.byte	38
 200 00ab 04       		.byte	4
 201 00ac 27       		.byte	39
 202 00ad 0C       		.byte	12
 203 00ae 28       		.byte	40
 204 00af 40       		.byte	64
 205 00b0 29       		.byte	41
 206 00b1 09       		.byte	9
 207 00b2 2A       		.byte	42
 208 00b3 15       		.byte	21
 209 00b4 2B       		.byte	43
 210 00b5 10       		.byte	16
 211 00b6 30       		.byte	48
 212 00b7 10       		.byte	16
 213 00b8 31       		.byte	49
 214 00b9 1F       		.byte	31
 215 00ba 32       		.byte	50
 216 00bb 60       		.byte	96
 217 00bc 34       		.byte	52
 218 00bd 0F       		.byte	15
 219 00be 37       		.byte	55
 220 00bf 1F       		.byte	31
 221 00c0 38       		.byte	56
 222 00c1 08       		.byte	8
 223 00c2 3A       		.byte	58
 224 00c3 20       		.byte	32
 225 00c4 3E       		.byte	62
 226 00c5 01       		.byte	1
 227 00c6 40       		.byte	64
 228 00c7 26       		.byte	38
ARM GAS  C:\Users\adria\AppData\Local\Temp\ccQoMYzM.s 			page 5


 229 00c8 41       		.byte	65
 230 00c9 03       		.byte	3
 231 00ca 45       		.byte	69
 232 00cb E0       		.byte	-32
 233 00cc 46       		.byte	70
 234 00cd 0C       		.byte	12
 235 00ce 47       		.byte	71
 236 00cf 0B       		.byte	11
 237 00d0 48       		.byte	72
 238 00d1 16       		.byte	22
 239 00d2 49       		.byte	73
 240 00d3 FF       		.byte	-1
 241 00d4 4A       		.byte	74
 242 00d5 FF       		.byte	-1
 243 00d6 4B       		.byte	75
 244 00d7 FF       		.byte	-1
 245 00d8 4E       		.byte	78
 246 00d9 F0       		.byte	-16
 247 00da 4F       		.byte	79
 248 00db 44       		.byte	68
 249 00dc 50       		.byte	80
 250 00dd 0C       		.byte	12
 251 00de 54       		.byte	84
 252 00df 01       		.byte	1
 253 00e0 56       		.byte	86
 254 00e1 04       		.byte	4
 255 00e2 58       		.byte	88
 256 00e3 04       		.byte	4
 257 00e4 59       		.byte	89
 258 00e5 04       		.byte	4
 259 00e6 5A       		.byte	90
 260 00e7 04       		.byte	4
 261 00e8 5B       		.byte	91
 262 00e9 04       		.byte	4
 263 00ea 5C       		.byte	92
 264 00eb 11       		.byte	17
 265 00ec 5D       		.byte	93
 266 00ed 11       		.byte	17
 267 00ee 5F       		.byte	95
 268 00ef 01       		.byte	1
 269 00f0 66       		.byte	102
 270 00f1 C0       		.byte	-64
 271 00f2 6A       		.byte	106
 272 00f3 40       		.byte	64
 273 00f4 6B       		.byte	107
 274 00f5 02       		.byte	2
 275 00f6 80       		.byte	-128
 276 00f7 01       		.byte	1
 277 00f8 83       		.byte	-125
 278 00f9 08       		.byte	8
 279 00fa 84       		.byte	-124
 280 00fb 3C       		.byte	60
 281 00fc 88       		.byte	-120
 282 00fd 3C       		.byte	60
 283 00fe 8B       		.byte	-117
 284 00ff 13       		.byte	19
 285 0100 8C       		.byte	-116
ARM GAS  C:\Users\adria\AppData\Local\Temp\ccQoMYzM.s 			page 6


 286 0101 10       		.byte	16
 287 0102 8E       		.byte	-114
 288 0103 04       		.byte	4
 289 0104 90       		.byte	-112
 290 0105 01       		.byte	1
 291 0106 94       		.byte	-108
 292 0107 02       		.byte	2
 293 0108 98       		.byte	-104
 294 0109 08       		.byte	8
 295 010a 99       		.byte	-103
 296 010b 31       		.byte	49
 297 010c 9A       		.byte	-102
 298 010d 04       		.byte	4
 299 010e 9B       		.byte	-101
 300 010f 0E       		.byte	14
 301 0110 9C       		.byte	-100
 302 0111 20       		.byte	32
 303 0112 9D       		.byte	-99
 304 0113 6C       		.byte	108
 305 0114 9F       		.byte	-97
 306 0115 03       		.byte	3
 307 0116 A0       		.byte	-96
 308 0117 01       		.byte	1
 309 0118 A5       		.byte	-91
 310 0119 31       		.byte	49
 311 011a A7       		.byte	-89
 312 011b 46       		.byte	70
 313 011c A8       		.byte	-88
 314 011d 04       		.byte	4
 315 011e AA       		.byte	-86
 316 011f 18       		.byte	24
 317 0120 AB       		.byte	-85
 318 0121 4C       		.byte	76
 319 0122 B0       		.byte	-80
 320 0123 03       		.byte	3
 321 0124 B3       		.byte	-77
 322 0125 30       		.byte	48
 323 0126 B4       		.byte	-76
 324 0127 1C       		.byte	28
 325 0128 B5       		.byte	-75
 326 0129 4A       		.byte	74
 327 012a B6       		.byte	-74
 328 012b 20       		.byte	32
 329 012c B7       		.byte	-73
 330 012d 0F       		.byte	15
 331 012e B8       		.byte	-72
 332 012f 02       		.byte	2
 333 0130 B9       		.byte	-71
 334 0131 08       		.byte	8
 335 0132 BB       		.byte	-69
 336 0133 A0       		.byte	-96
 337 0134 BE       		.byte	-66
 338 0135 01       		.byte	1
 339 0136 BF       		.byte	-65
 340 0137 04       		.byte	4
 341 0138 C0       		.byte	-64
 342 0139 02       		.byte	2
ARM GAS  C:\Users\adria\AppData\Local\Temp\ccQoMYzM.s 			page 7


 343 013a C7       		.byte	-57
 344 013b 40       		.byte	64
 345 013c C9       		.byte	-55
 346 013d FF       		.byte	-1
 347 013e CA       		.byte	-54
 348 013f 07       		.byte	7
 349 0140 CB       		.byte	-53
 350 0141 FF       		.byte	-1
 351 0142 CC       		.byte	-52
 352 0143 40       		.byte	64
 353 0144 CD       		.byte	-51
 354 0145 20       		.byte	32
 355 0146 CE       		.byte	-50
 356 0147 F0       		.byte	-16
 357 0148 CF       		.byte	-49
 358 0149 05       		.byte	5
 359 014a D0       		.byte	-48
 360 014b 08       		.byte	8
 361 014c D8       		.byte	-40
 362 014d 04       		.byte	4
 363 014e D9       		.byte	-39
 364 014f 04       		.byte	4
 365 0150 DA       		.byte	-38
 366 0151 04       		.byte	4
 367 0152 DC       		.byte	-36
 368 0153 11       		.byte	17
 369 0154 DD       		.byte	-35
 370 0155 01       		.byte	1
 371 0156 DF       		.byte	-33
 372 0157 01       		.byte	1
 373 0158 E0       		.byte	-32
 374 0159 40       		.byte	64
 375 015a E1       		.byte	-31
 376 015b A8       		.byte	-88
 377 015c E2       		.byte	-30
 378 015d 40       		.byte	64
 379 015e E3       		.byte	-29
 380 015f 20       		.byte	32
 381 0160 02       		.byte	2
 382 0161 80       		.byte	-128
 383 0162 03       		.byte	3
 384 0163 28       		.byte	40
 385 0164 04       		.byte	4
 386 0165 28       		.byte	40
 387 0166 06       		.byte	6
 388 0167 40       		.byte	64
 389 0168 07       		.byte	7
 390 0169 01       		.byte	1
 391 016a 0C       		.byte	12
 392 016b 10       		.byte	16
 393 016c 0D       		.byte	13
 394 016d 08       		.byte	8
 395 016e 0F       		.byte	15
 396 016f 42       		.byte	66
 397 0170 10       		.byte	16
 398 0171 80       		.byte	-128
 399 0172 12       		.byte	18
ARM GAS  C:\Users\adria\AppData\Local\Temp\ccQoMYzM.s 			page 8


 400 0173 20       		.byte	32
 401 0174 13       		.byte	19
 402 0175 10       		.byte	16
 403 0176 15       		.byte	21
 404 0177 01       		.byte	1
 405 0178 16       		.byte	22
 406 0179 08       		.byte	8
 407 017a 1A       		.byte	26
 408 017b 80       		.byte	-128
 409 017c 1B       		.byte	27
 410 017d 28       		.byte	40
 411 017e 1C       		.byte	28
 412 017f 08       		.byte	8
 413 0180 1D       		.byte	29
 414 0181 40       		.byte	64
 415 0182 1E       		.byte	30
 416 0183 40       		.byte	64
 417 0184 21       		.byte	33
 418 0185 02       		.byte	2
 419 0186 23       		.byte	35
 420 0187 01       		.byte	1
 421 0188 26       		.byte	38
 422 0189 A0       		.byte	-96
 423 018a 27       		.byte	39
 424 018b 20       		.byte	32
 425 018c 2B       		.byte	43
 426 018d 28       		.byte	40
 427 018e 2F       		.byte	47
 428 018f 28       		.byte	40
 429 0190 31       		.byte	49
 430 0191 02       		.byte	2
 431 0192 32       		.byte	50
 432 0193 A0       		.byte	-96
 433 0194 34       		.byte	52
 434 0195 20       		.byte	32
 435 0196 36       		.byte	54
 436 0197 A0       		.byte	-96
 437 0198 39       		.byte	57
 438 0199 08       		.byte	8
 439 019a 3A       		.byte	58
 440 019b 01       		.byte	1
 441 019c 3C       		.byte	60
 442 019d 08       		.byte	8
 443 019e 3E       		.byte	62
 444 019f 0A       		.byte	10
 445 01a0 3F       		.byte	63
 446 01a1 30       		.byte	48
 447 01a2 40       		.byte	64
 448 01a3 20       		.byte	32
 449 01a4 43       		.byte	67
 450 01a5 20       		.byte	32
 451 01a6 47       		.byte	71
 452 01a7 20       		.byte	32
 453 01a8 48       		.byte	72
 454 01a9 40       		.byte	64
 455 01aa 49       		.byte	73
 456 01ab 02       		.byte	2
ARM GAS  C:\Users\adria\AppData\Local\Temp\ccQoMYzM.s 			page 9


 457 01ac 4B       		.byte	75
 458 01ad 10       		.byte	16
 459 01ae 50       		.byte	80
 460 01af 80       		.byte	-128
 461 01b0 51       		.byte	81
 462 01b1 04       		.byte	4
 463 01b2 56       		.byte	86
 464 01b3 03       		.byte	3
 465 01b4 57       		.byte	87
 466 01b5 10       		.byte	16
 467 01b6 59       		.byte	89
 468 01b7 02       		.byte	2
 469 01b8 5A       		.byte	90
 470 01b9 88       		.byte	-120
 471 01ba 5B       		.byte	91
 472 01bb 10       		.byte	16
 473 01bc 62       		.byte	98
 474 01bd 02       		.byte	2
 475 01be 82       		.byte	-126
 476 01bf 02       		.byte	2
 477 01c0 C0       		.byte	-64
 478 01c1 FE       		.byte	-2
 479 01c2 C2       		.byte	-62
 480 01c3 F0       		.byte	-16
 481 01c4 C4       		.byte	-60
 482 01c5 5E       		.byte	94
 483 01c6 CA       		.byte	-54
 484 01c7 66       		.byte	102
 485 01c8 CC       		.byte	-52
 486 01c9 3D       		.byte	61
 487 01ca CE       		.byte	-50
 488 01cb A3       		.byte	-93
 489 01cc D0       		.byte	-48
 490 01cd 26       		.byte	38
 491 01ce D2       		.byte	-46
 492 01cf 04       		.byte	4
 493 01d0 D6       		.byte	-42
 494 01d1 0F       		.byte	15
 495 01d2 D8       		.byte	-40
 496 01d3 01       		.byte	1
 497 01d4 00       		.byte	0
 498 01d5 2C       		.byte	44
 499 01d6 01       		.byte	1
 500 01d7 08       		.byte	8
 501 01d8 02       		.byte	2
 502 01d9 01       		.byte	1
 503 01da 04       		.byte	4
 504 01db 08       		.byte	8
 505 01dc 05       		.byte	5
 506 01dd 01       		.byte	1
 507 01de 0A       		.byte	10
 508 01df 04       		.byte	4
 509 01e0 0C       		.byte	12
 510 01e1 08       		.byte	8
 511 01e2 0F       		.byte	15
 512 01e3 01       		.byte	1
 513 01e4 12       		.byte	18
ARM GAS  C:\Users\adria\AppData\Local\Temp\ccQoMYzM.s 			page 10


 514 01e5 03       		.byte	3
 515 01e6 13       		.byte	19
 516 01e7 01       		.byte	1
 517 01e8 14       		.byte	20
 518 01e9 2F       		.byte	47
 519 01ea 17       		.byte	23
 520 01eb 04       		.byte	4
 521 01ec 18       		.byte	24
 522 01ed 27       		.byte	39
 523 01ee 1A       		.byte	26
 524 01ef 08       		.byte	8
 525 01f0 1D       		.byte	29
 526 01f1 01       		.byte	1
 527 01f2 1E       		.byte	30
 528 01f3 01       		.byte	1
 529 01f4 22       		.byte	34
 530 01f5 01       		.byte	1
 531 01f6 24       		.byte	36
 532 01f7 04       		.byte	4
 533 01f8 26       		.byte	38
 534 01f9 10       		.byte	16
 535 01fa 27       		.byte	39
 536 01fb 02       		.byte	2
 537 01fc 28       		.byte	40
 538 01fd 2C       		.byte	44
 539 01fe 29       		.byte	41
 540 01ff 01       		.byte	1
 541 0200 2A       		.byte	42
 542 0201 02       		.byte	2
 543 0202 2E       		.byte	46
 544 0203 01       		.byte	1
 545 0204 2F       		.byte	47
 546 0205 01       		.byte	1
 547 0206 32       		.byte	50
 548 0207 10       		.byte	16
 549 0208 33       		.byte	51
 550 0209 07       		.byte	7
 551 020a 34       		.byte	52
 552 020b 0F       		.byte	15
 553 020c 35       		.byte	53
 554 020d 08       		.byte	8
 555 020e 36       		.byte	54
 556 020f 20       		.byte	32
 557 0210 3B       		.byte	59
 558 0211 08       		.byte	8
 559 0212 3E       		.byte	62
 560 0213 50       		.byte	80
 561 0214 3F       		.byte	63
 562 0215 10       		.byte	16
 563 0216 58       		.byte	88
 564 0217 04       		.byte	4
 565 0218 59       		.byte	89
 566 0219 04       		.byte	4
 567 021a 5C       		.byte	92
 568 021b 11       		.byte	17
 569 021c 5F       		.byte	95
 570 021d 01       		.byte	1
ARM GAS  C:\Users\adria\AppData\Local\Temp\ccQoMYzM.s 			page 11


 571 021e 80       		.byte	-128
 572 021f 40       		.byte	64
 573 0220 81       		.byte	-127
 574 0221 04       		.byte	4
 575 0222 82       		.byte	-126
 576 0223 0C       		.byte	12
 577 0224 83       		.byte	-125
 578 0225 02       		.byte	2
 579 0226 85       		.byte	-123
 580 0227 3F       		.byte	63
 581 0228 88       		.byte	-120
 582 0229 3F       		.byte	63
 583 022a 89       		.byte	-119
 584 022b 10       		.byte	16
 585 022c 8B       		.byte	-117
 586 022d 20       		.byte	32
 587 022e 8C       		.byte	-116
 588 022f 40       		.byte	64
 589 0230 8D       		.byte	-115
 590 0231 01       		.byte	1
 591 0232 8E       		.byte	-114
 592 0233 03       		.byte	3
 593 0234 8F       		.byte	-113
 594 0235 02       		.byte	2
 595 0236 90       		.byte	-112
 596 0237 40       		.byte	64
 597 0238 92       		.byte	-110
 598 0239 30       		.byte	48
 599 023a 93       		.byte	-109
 600 023b 0F       		.byte	15
 601 023c 96       		.byte	-106
 602 023d 15       		.byte	21
 603 023e 97       		.byte	-105
 604 023f 08       		.byte	8
 605 0240 98       		.byte	-104
 606 0241 3F       		.byte	63
 607 0242 99       		.byte	-103
 608 0243 2F       		.byte	47
 609 0244 9B       		.byte	-101
 610 0245 10       		.byte	16
 611 0246 9C       		.byte	-100
 612 0247 80       		.byte	-128
 613 0248 9F       		.byte	-97
 614 0249 08       		.byte	8
 615 024a A1       		.byte	-95
 616 024b 10       		.byte	16
 617 024c A2       		.byte	-94
 618 024d 2A       		.byte	42
 619 024e A3       		.byte	-93
 620 024f 2F       		.byte	47
 621 0250 A5       		.byte	-91
 622 0251 10       		.byte	16
 623 0252 A6       		.byte	-90
 624 0253 3F       		.byte	63
 625 0254 A9       		.byte	-87
 626 0255 10       		.byte	16
 627 0256 AA       		.byte	-86
ARM GAS  C:\Users\adria\AppData\Local\Temp\ccQoMYzM.s 			page 12


 628 0257 3F       		.byte	63
 629 0258 AD       		.byte	-83
 630 0259 01       		.byte	1
 631 025a AE       		.byte	-82
 632 025b 3F       		.byte	63
 633 025c AF       		.byte	-81
 634 025d 0C       		.byte	12
 635 025e B3       		.byte	-77
 636 025f 1F       		.byte	31
 637 0260 B4       		.byte	-76
 638 0261 C0       		.byte	-64
 639 0262 B6       		.byte	-74
 640 0263 3F       		.byte	63
 641 0264 B7       		.byte	-73
 642 0265 20       		.byte	32
 643 0266 B8       		.byte	-72
 644 0267 20       		.byte	32
 645 0268 B9       		.byte	-71
 646 0269 80       		.byte	-128
 647 026a BE       		.byte	-66
 648 026b 10       		.byte	16
 649 026c BF       		.byte	-65
 650 026d 04       		.byte	4
 651 026e D8       		.byte	-40
 652 026f 04       		.byte	4
 653 0270 D9       		.byte	-39
 654 0271 04       		.byte	4
 655 0272 DC       		.byte	-36
 656 0273 11       		.byte	17
 657 0274 DF       		.byte	-33
 658 0275 01       		.byte	1
 659 0276 01       		.byte	1
 660 0277 41       		.byte	65
 661 0278 02       		.byte	2
 662 0279 04       		.byte	4
 663 027a 04       		.byte	4
 664 027b 10       		.byte	16
 665 027c 05       		.byte	5
 666 027d 09       		.byte	9
 667 027e 06       		.byte	6
 668 027f 02       		.byte	2
 669 0280 08       		.byte	8
 670 0281 05       		.byte	5
 671 0282 09       		.byte	9
 672 0283 20       		.byte	32
 673 0284 0A       		.byte	10
 674 0285 02       		.byte	2
 675 0286 0C       		.byte	12
 676 0287 A2       		.byte	-94
 677 0288 0D       		.byte	13
 678 0289 24       		.byte	36
 679 028a 0E       		.byte	14
 680 028b 08       		.byte	8
 681 028c 0F       		.byte	15
 682 028d 04       		.byte	4
 683 028e 10       		.byte	16
 684 028f 82       		.byte	-126
ARM GAS  C:\Users\adria\AppData\Local\Temp\ccQoMYzM.s 			page 13


 685 0290 11       		.byte	17
 686 0291 10       		.byte	16
 687 0292 13       		.byte	19
 688 0293 08       		.byte	8
 689 0294 14       		.byte	20
 690 0295 30       		.byte	48
 691 0296 15       		.byte	21
 692 0297 10       		.byte	16
 693 0298 16       		.byte	22
 694 0299 40       		.byte	64
 695 029a 17       		.byte	23
 696 029b 50       		.byte	80
 697 029c 1A       		.byte	26
 698 029d 02       		.byte	2
 699 029e 1B       		.byte	27
 700 029f 10       		.byte	16
 701 02a0 1C       		.byte	28
 702 02a1 10       		.byte	16
 703 02a2 1E       		.byte	30
 704 02a3 01       		.byte	1
 705 02a4 1F       		.byte	31
 706 02a5 20       		.byte	32
 707 02a6 21       		.byte	33
 708 02a7 40       		.byte	64
 709 02a8 22       		.byte	34
 710 02a9 08       		.byte	8
 711 02aa 24       		.byte	36
 712 02ab 04       		.byte	4
 713 02ac 27       		.byte	39
 714 02ad 10       		.byte	16
 715 02ae 28       		.byte	40
 716 02af 81       		.byte	-127
 717 02b0 29       		.byte	41
 718 02b1 A9       		.byte	-87
 719 02b2 2A       		.byte	42
 720 02b3 41       		.byte	65
 721 02b4 2C       		.byte	44
 722 02b5 02       		.byte	2
 723 02b6 2F       		.byte	47
 724 02b7 24       		.byte	36
 725 02b8 30       		.byte	48
 726 02b9 26       		.byte	38
 727 02ba 33       		.byte	51
 728 02bb 48       		.byte	72
 729 02bc 35       		.byte	53
 730 02bd 01       		.byte	1
 731 02be 36       		.byte	54
 732 02bf 08       		.byte	8
 733 02c0 37       		.byte	55
 734 02c1 40       		.byte	64
 735 02c2 39       		.byte	57
 736 02c3 59       		.byte	89
 737 02c4 3A       		.byte	58
 738 02c5 04       		.byte	4
 739 02c6 3B       		.byte	59
 740 02c7 48       		.byte	72
 741 02c8 3F       		.byte	63
ARM GAS  C:\Users\adria\AppData\Local\Temp\ccQoMYzM.s 			page 14


 742 02c9 85       		.byte	-123
 743 02ca 48       		.byte	72
 744 02cb 02       		.byte	2
 745 02cc 49       		.byte	73
 746 02cd 40       		.byte	64
 747 02ce 82       		.byte	-126
 748 02cf 01       		.byte	1
 749 02d0 83       		.byte	-125
 750 02d1 08       		.byte	8
 751 02d2 8C       		.byte	-116
 752 02d3 04       		.byte	4
 753 02d4 92       		.byte	-110
 754 02d5 40       		.byte	64
 755 02d6 93       		.byte	-109
 756 02d7 01       		.byte	1
 757 02d8 94       		.byte	-108
 758 02d9 28       		.byte	40
 759 02da 95       		.byte	-107
 760 02db 01       		.byte	1
 761 02dc 96       		.byte	-106
 762 02dd 08       		.byte	8
 763 02de 97       		.byte	-105
 764 02df 40       		.byte	64
 765 02e0 99       		.byte	-103
 766 02e1 40       		.byte	64
 767 02e2 9C       		.byte	-100
 768 02e3 10       		.byte	16
 769 02e4 9E       		.byte	-98
 770 02e5 40       		.byte	64
 771 02e6 9F       		.byte	-97
 772 02e7 01       		.byte	1
 773 02e8 A0       		.byte	-96
 774 02e9 44       		.byte	68
 775 02ea A5       		.byte	-91
 776 02eb 08       		.byte	8
 777 02ec A7       		.byte	-89
 778 02ed 01       		.byte	1
 779 02ee B4       		.byte	-76
 780 02ef 80       		.byte	-128
 781 02f0 B7       		.byte	-73
 782 02f1 10       		.byte	16
 783 02f2 C0       		.byte	-64
 784 02f3 FB       		.byte	-5
 785 02f4 C2       		.byte	-62
 786 02f5 FF       		.byte	-1
 787 02f6 C4       		.byte	-60
 788 02f7 FF       		.byte	-1
 789 02f8 CA       		.byte	-54
 790 02f9 7F       		.byte	127
 791 02fa CC       		.byte	-52
 792 02fb DF       		.byte	-33
 793 02fc CE       		.byte	-50
 794 02fd DF       		.byte	-33
 795 02fe E4       		.byte	-28
 796 02ff 20       		.byte	32
 797 0300 E6       		.byte	-26
 798 0301 40       		.byte	64
ARM GAS  C:\Users\adria\AppData\Local\Temp\ccQoMYzM.s 			page 15


 799 0302 02       		.byte	2
 800 0303 08       		.byte	8
 801 0304 04       		.byte	4
 802 0305 1F       		.byte	31
 803 0306 06       		.byte	6
 804 0307 20       		.byte	32
 805 0308 07       		.byte	7
 806 0309 01       		.byte	1
 807 030a 08       		.byte	8
 808 030b 3F       		.byte	63
 809 030c 0B       		.byte	11
 810 030d 02       		.byte	2
 811 030e 0C       		.byte	12
 812 030f 20       		.byte	32
 813 0310 0E       		.byte	14
 814 0311 08       		.byte	8
 815 0312 0F       		.byte	15
 816 0313 01       		.byte	1
 817 0314 10       		.byte	16
 818 0315 01       		.byte	1
 819 0316 12       		.byte	18
 820 0317 02       		.byte	2
 821 0318 14       		.byte	20
 822 0319 01       		.byte	1
 823 031a 16       		.byte	22
 824 031b 0C       		.byte	12
 825 031c 18       		.byte	24
 826 031d 2F       		.byte	47
 827 031e 1A       		.byte	26
 828 031f 10       		.byte	16
 829 0320 1B       		.byte	27
 830 0321 02       		.byte	2
 831 0322 1E       		.byte	30
 832 0323 2F       		.byte	47
 833 0324 20       		.byte	32
 834 0325 04       		.byte	4
 835 0326 22       		.byte	34
 836 0327 02       		.byte	2
 837 0328 24       		.byte	36
 838 0329 10       		.byte	16
 839 032a 26       		.byte	38
 840 032b 2F       		.byte	47
 841 032c 28       		.byte	40
 842 032d 10       		.byte	16
 843 032e 2C       		.byte	44
 844 032f 10       		.byte	16
 845 0330 30       		.byte	48
 846 0331 1F       		.byte	31
 847 0332 35       		.byte	53
 848 0333 01       		.byte	1
 849 0334 36       		.byte	54
 850 0335 20       		.byte	32
 851 0336 37       		.byte	55
 852 0337 02       		.byte	2
 853 0338 3E       		.byte	62
 854 0339 01       		.byte	1
 855 033a 3F       		.byte	63
ARM GAS  C:\Users\adria\AppData\Local\Temp\ccQoMYzM.s 			page 16


 856 033b 50       		.byte	80
 857 033c 40       		.byte	64
 858 033d 25       		.byte	37
 859 033e 41       		.byte	65
 860 033f 03       		.byte	3
 861 0340 42       		.byte	66
 862 0341 06       		.byte	6
 863 0342 44       		.byte	68
 864 0343 04       		.byte	4
 865 0344 45       		.byte	69
 866 0345 0E       		.byte	14
 867 0346 46       		.byte	70
 868 0347 C4       		.byte	-60
 869 0348 48       		.byte	72
 870 0349 1D       		.byte	29
 871 034a 49       		.byte	73
 872 034b FF       		.byte	-1
 873 034c 4A       		.byte	74
 874 034d FF       		.byte	-1
 875 034e 4B       		.byte	75
 876 034f FF       		.byte	-1
 877 0350 4C       		.byte	76
 878 0351 62       		.byte	98
 879 0352 4D       		.byte	77
 880 0353 A0       		.byte	-96
 881 0354 4E       		.byte	78
 882 0355 F0       		.byte	-16
 883 0356 4F       		.byte	79
 884 0357 41       		.byte	65
 885 0358 50       		.byte	80
 886 0359 0C       		.byte	12
 887 035a 54       		.byte	84
 888 035b 59       		.byte	89
 889 035c 56       		.byte	86
 890 035d 04       		.byte	4
 891 035e 58       		.byte	88
 892 035f 04       		.byte	4
 893 0360 59       		.byte	89
 894 0361 04       		.byte	4
 895 0362 5A       		.byte	90
 896 0363 04       		.byte	4
 897 0364 5B       		.byte	91
 898 0365 04       		.byte	4
 899 0366 5C       		.byte	92
 900 0367 01       		.byte	1
 901 0368 5D       		.byte	93
 902 0369 11       		.byte	17
 903 036a 5F       		.byte	95
 904 036b 01       		.byte	1
 905 036c 66       		.byte	102
 906 036d 40       		.byte	64
 907 036e 67       		.byte	103
 908 036f 02       		.byte	2
 909 0370 69       		.byte	105
 910 0371 10       		.byte	16
 911 0372 6A       		.byte	106
 912 0373 30       		.byte	48
ARM GAS  C:\Users\adria\AppData\Local\Temp\ccQoMYzM.s 			page 17


 913 0374 6B       		.byte	107
 914 0375 10       		.byte	16
 915 0376 6D       		.byte	109
 916 0377 10       		.byte	16
 917 0378 6E       		.byte	110
 918 0379 10       		.byte	16
 919 037a 6F       		.byte	111
 920 037b 12       		.byte	18
 921 037c 83       		.byte	-125
 922 037d 08       		.byte	8
 923 037e 87       		.byte	-121
 924 037f 01       		.byte	1
 925 0380 8B       		.byte	-117
 926 0381 1C       		.byte	28
 927 0382 8F       		.byte	-113
 928 0383 1C       		.byte	28
 929 0384 93       		.byte	-109
 930 0385 02       		.byte	2
 931 0386 95       		.byte	-107
 932 0387 1C       		.byte	28
 933 0388 9B       		.byte	-101
 934 0389 1C       		.byte	28
 935 038a 9F       		.byte	-97
 936 038b 1C       		.byte	28
 937 038c A1       		.byte	-95
 938 038d 1C       		.byte	28
 939 038e A7       		.byte	-89
 940 038f 04       		.byte	4
 941 0390 AB       		.byte	-85
 942 0391 02       		.byte	2
 943 0392 AF       		.byte	-81
 944 0393 10       		.byte	16
 945 0394 B1       		.byte	-79
 946 0395 03       		.byte	3
 947 0396 B3       		.byte	-77
 948 0397 1C       		.byte	28
 949 0398 BF       		.byte	-65
 950 0399 01       		.byte	1
 951 039a D6       		.byte	-42
 952 039b 02       		.byte	2
 953 039c D7       		.byte	-41
 954 039d 13       		.byte	19
 955 039e D9       		.byte	-39
 956 039f 04       		.byte	4
 957 03a0 DB       		.byte	-37
 958 03a1 04       		.byte	4
 959 03a2 DC       		.byte	-36
 960 03a3 10       		.byte	16
 961 03a4 DD       		.byte	-35
 962 03a5 10       		.byte	16
 963 03a6 DF       		.byte	-33
 964 03a7 01       		.byte	1
 965 03a8 00       		.byte	0
 966 03a9 50       		.byte	80
 967 03aa 02       		.byte	2
 968 03ab 80       		.byte	-128
 969 03ac 03       		.byte	3
ARM GAS  C:\Users\adria\AppData\Local\Temp\ccQoMYzM.s 			page 18


 970 03ad 10       		.byte	16
 971 03ae 08       		.byte	8
 972 03af 58       		.byte	88
 973 03b0 09       		.byte	9
 974 03b1 44       		.byte	68
 975 03b2 0B       		.byte	11
 976 03b3 40       		.byte	64
 977 03b4 0C       		.byte	12
 978 03b5 10       		.byte	16
 979 03b6 0E       		.byte	14
 980 03b7 08       		.byte	8
 981 03b8 10       		.byte	16
 982 03b9 08       		.byte	8
 983 03ba 11       		.byte	17
 984 03bb 01       		.byte	1
 985 03bc 12       		.byte	18
 986 03bd 01       		.byte	1
 987 03be 13       		.byte	19
 988 03bf 08       		.byte	8
 989 03c0 19       		.byte	25
 990 03c1 01       		.byte	1
 991 03c2 1A       		.byte	26
 992 03c3 02       		.byte	2
 993 03c4 20       		.byte	32
 994 03c5 04       		.byte	4
 995 03c6 23       		.byte	35
 996 03c7 01       		.byte	1
 997 03c8 24       		.byte	36
 998 03c9 40       		.byte	64
 999 03ca 25       		.byte	37
 1000 03cb 08       		.byte	8
 1001 03cc 26       		.byte	38
 1002 03cd 02       		.byte	2
 1003 03ce 27       		.byte	39
 1004 03cf 40       		.byte	64
 1005 03d0 2D       		.byte	45
 1006 03d1 84       		.byte	-124
 1007 03d2 2F       		.byte	47
 1008 03d3 44       		.byte	68
 1009 03d4 30       		.byte	48
 1010 03d5 40       		.byte	64
 1011 03d6 31       		.byte	49
 1012 03d7 50       		.byte	80
 1013 03d8 32       		.byte	50
 1014 03d9 10       		.byte	16
 1015 03da 34       		.byte	52
 1016 03db 80       		.byte	-128
 1017 03dc 36       		.byte	54
 1018 03dd 04       		.byte	4
 1019 03de 37       		.byte	55
 1020 03df 11       		.byte	17
 1021 03e0 39       		.byte	57
 1022 03e1 A0       		.byte	-96
 1023 03e2 3B       		.byte	59
 1024 03e3 04       		.byte	4
 1025 03e4 3C       		.byte	60
 1026 03e5 28       		.byte	40
ARM GAS  C:\Users\adria\AppData\Local\Temp\ccQoMYzM.s 			page 19


 1027 03e6 3D       		.byte	61
 1028 03e7 81       		.byte	-127
 1029 03e8 40       		.byte	64
 1030 03e9 50       		.byte	80
 1031 03ea 43       		.byte	67
 1032 03eb 20       		.byte	32
 1033 03ec 49       		.byte	73
 1034 03ed 50       		.byte	80
 1035 03ee 4B       		.byte	75
 1036 03ef 04       		.byte	4
 1037 03f0 50       		.byte	80
 1038 03f1 80       		.byte	-128
 1039 03f2 51       		.byte	81
 1040 03f3 10       		.byte	16
 1041 03f4 52       		.byte	82
 1042 03f5 80       		.byte	-128
 1043 03f6 53       		.byte	83
 1044 03f7 08       		.byte	8
 1045 03f8 5A       		.byte	90
 1046 03f9 42       		.byte	66
 1047 03fa 5E       		.byte	94
 1048 03fb 01       		.byte	1
 1049 03fc 60       		.byte	96
 1050 03fd 04       		.byte	4
 1051 03fe 61       		.byte	97
 1052 03ff 02       		.byte	2
 1053 0400 63       		.byte	99
 1054 0401 21       		.byte	33
 1055 0402 6C       		.byte	108
 1056 0403 14       		.byte	20
 1057 0404 6D       		.byte	109
 1058 0405 20       		.byte	32
 1059 0406 6E       		.byte	110
 1060 0407 04       		.byte	4
 1061 0408 6F       		.byte	111
 1062 0409 02       		.byte	2
 1063 040a 74       		.byte	116
 1064 040b 08       		.byte	8
 1065 040c 75       		.byte	117
 1066 040d 28       		.byte	40
 1067 040e 76       		.byte	118
 1068 040f 03       		.byte	3
 1069 0410 7B       		.byte	123
 1070 0411 03       		.byte	3
 1071 0412 85       		.byte	-123
 1072 0413 04       		.byte	4
 1073 0414 87       		.byte	-121
 1074 0415 40       		.byte	64
 1075 0416 91       		.byte	-111
 1076 0417 80       		.byte	-128
 1077 0418 92       		.byte	-110
 1078 0419 41       		.byte	65
 1079 041a 94       		.byte	-108
 1080 041b 28       		.byte	40
 1081 041c 95       		.byte	-107
 1082 041d 09       		.byte	9
 1083 041e 96       		.byte	-106
ARM GAS  C:\Users\adria\AppData\Local\Temp\ccQoMYzM.s 			page 20


 1084 041f 08       		.byte	8
 1085 0420 97       		.byte	-105
 1086 0421 40       		.byte	64
 1087 0422 98       		.byte	-104
 1088 0423 80       		.byte	-128
 1089 0424 99       		.byte	-103
 1090 0425 40       		.byte	64
 1091 0426 9B       		.byte	-101
 1092 0427 10       		.byte	16
 1093 0428 9C       		.byte	-100
 1094 0429 20       		.byte	32
 1095 042a 9D       		.byte	-99
 1096 042b A8       		.byte	-88
 1097 042c 9E       		.byte	-98
 1098 042d 02       		.byte	2
 1099 042e 9F       		.byte	-97
 1100 042f 49       		.byte	73
 1101 0430 A0       		.byte	-96
 1102 0431 44       		.byte	68
 1103 0432 A3       		.byte	-93
 1104 0433 10       		.byte	16
 1105 0434 A4       		.byte	-92
 1106 0435 80       		.byte	-128
 1107 0436 A5       		.byte	-91
 1108 0437 08       		.byte	8
 1109 0438 A6       		.byte	-90
 1110 0439 04       		.byte	4
 1111 043a A7       		.byte	-89
 1112 043b 49       		.byte	73
 1113 043c C0       		.byte	-64
 1114 043d 0F       		.byte	15
 1115 043e C2       		.byte	-62
 1116 043f 0F       		.byte	15
 1117 0440 C4       		.byte	-60
 1118 0441 0F       		.byte	15
 1119 0442 CA       		.byte	-54
 1120 0443 F0       		.byte	-16
 1121 0444 CC       		.byte	-52
 1122 0445 F4       		.byte	-12
 1123 0446 CE       		.byte	-50
 1124 0447 FE       		.byte	-2
 1125 0448 D0       		.byte	-48
 1126 0449 07       		.byte	7
 1127 044a D2       		.byte	-46
 1128 044b 0C       		.byte	12
 1129 044c D6       		.byte	-42
 1130 044d 89       		.byte	-119
 1131 044e D8       		.byte	-40
 1132 044f 0F       		.byte	15
 1133 0450 00       		.byte	0
 1134 0451 09       		.byte	9
 1135 0452 03       		.byte	3
 1136 0453 1C       		.byte	28
 1137 0454 04       		.byte	4
 1138 0455 06       		.byte	6
 1139 0456 05       		.byte	5
 1140 0457 FF       		.byte	-1
ARM GAS  C:\Users\adria\AppData\Local\Temp\ccQoMYzM.s 			page 21


 1141 0458 06       		.byte	6
 1142 0459 09       		.byte	9
 1143 045a 08       		.byte	8
 1144 045b 02       		.byte	2
 1145 045c 09       		.byte	9
 1146 045d 24       		.byte	36
 1147 045e 0B       		.byte	11
 1148 045f DB       		.byte	-37
 1149 0460 0E       		.byte	14
 1150 0461 09       		.byte	9
 1151 0462 0F       		.byte	15
 1152 0463 03       		.byte	3
 1153 0464 11       		.byte	17
 1154 0465 6D       		.byte	109
 1155 0466 12       		.byte	18
 1156 0467 08       		.byte	8
 1157 0468 13       		.byte	19
 1158 0469 92       		.byte	-110
 1159 046a 14       		.byte	20
 1160 046b 06       		.byte	6
 1161 046c 15       		.byte	21
 1162 046d FF       		.byte	-1
 1163 046e 18       		.byte	24
 1164 046f 09       		.byte	9
 1165 0470 19       		.byte	25
 1166 0471 DB       		.byte	-37
 1167 0472 1A       		.byte	26
 1168 0473 06       		.byte	6
 1169 0474 1B       		.byte	27
 1170 0475 24       		.byte	36
 1171 0476 1C       		.byte	28
 1172 0477 0F       		.byte	15
 1173 0478 1F       		.byte	31
 1174 0479 FF       		.byte	-1
 1175 047a 22       		.byte	34
 1176 047b 10       		.byte	16
 1177 047c 24       		.byte	36
 1178 047d 0F       		.byte	15
 1179 047e 29       		.byte	41
 1180 047f 92       		.byte	-110
 1181 0480 2A       		.byte	42
 1182 0481 08       		.byte	8
 1183 0482 2B       		.byte	43
 1184 0483 6D       		.byte	109
 1185 0484 2C       		.byte	44
 1186 0485 04       		.byte	4
 1187 0486 2F       		.byte	47
 1188 0487 E0       		.byte	-32
 1189 0488 32       		.byte	50
 1190 0489 18       		.byte	24
 1191 048a 34       		.byte	52
 1192 048b 07       		.byte	7
 1193 048c 37       		.byte	55
 1194 048d FF       		.byte	-1
 1195 048e 3A       		.byte	58
 1196 048f 28       		.byte	40
 1197 0490 3F       		.byte	63
ARM GAS  C:\Users\adria\AppData\Local\Temp\ccQoMYzM.s 			page 22


 1198 0491 40       		.byte	64
 1199 0492 58       		.byte	88
 1200 0493 04       		.byte	4
 1201 0494 59       		.byte	89
 1202 0495 04       		.byte	4
 1203 0496 5C       		.byte	92
 1204 0497 01       		.byte	1
 1205 0498 5F       		.byte	95
 1206 0499 01       		.byte	1
 1207 049a 80       		.byte	-128
 1208 049b 09       		.byte	9
 1209 049c 82       		.byte	-126
 1210 049d 24       		.byte	36
 1211 049e 83       		.byte	-125
 1212 049f 01       		.byte	1
 1213 04a0 84       		.byte	-124
 1214 04a1 3F       		.byte	63
 1215 04a2 85       		.byte	-123
 1216 04a3 07       		.byte	7
 1217 04a4 88       		.byte	-120
 1218 04a5 09       		.byte	9
 1219 04a6 89       		.byte	-119
 1220 04a7 04       		.byte	4
 1221 04a8 8A       		.byte	-118
 1222 04a9 12       		.byte	18
 1223 04aa 8B       		.byte	-117
 1224 04ab 03       		.byte	3
 1225 04ac 8D       		.byte	-115
 1226 04ad 02       		.byte	2
 1227 04ae 8E       		.byte	-114
 1228 04af 3F       		.byte	63
 1229 04b0 8F       		.byte	-113
 1230 04b1 01       		.byte	1
 1231 04b2 90       		.byte	-112
 1232 04b3 07       		.byte	7
 1233 04b4 92       		.byte	-110
 1234 04b5 38       		.byte	56
 1235 04b6 93       		.byte	-109
 1236 04b7 08       		.byte	8
 1237 04b8 94       		.byte	-108
 1238 04b9 38       		.byte	56
 1239 04ba 95       		.byte	-107
 1240 04bb 04       		.byte	4
 1241 04bc 96       		.byte	-106
 1242 04bd 07       		.byte	7
 1243 04be 98       		.byte	-104
 1244 04bf 3F       		.byte	63
 1245 04c0 99       		.byte	-103
 1246 04c1 03       		.byte	3
 1247 04c2 9B       		.byte	-101
 1248 04c3 04       		.byte	4
 1249 04c4 9C       		.byte	-100
 1250 04c5 38       		.byte	56
 1251 04c6 9E       		.byte	-98
 1252 04c7 07       		.byte	7
 1253 04c8 9F       		.byte	-97
 1254 04c9 03       		.byte	3
ARM GAS  C:\Users\adria\AppData\Local\Temp\ccQoMYzM.s 			page 23


 1255 04ca A2       		.byte	-94
 1256 04cb 3F       		.byte	63
 1257 04cc A3       		.byte	-93
 1258 04cd 02       		.byte	2
 1259 04ce A5       		.byte	-91
 1260 04cf 07       		.byte	7
 1261 04d0 A6       		.byte	-90
 1262 04d1 3F       		.byte	63
 1263 04d2 A8       		.byte	-88
 1264 04d3 3F       		.byte	63
 1265 04d4 A9       		.byte	-87
 1266 04d5 04       		.byte	4
 1267 04d6 AC       		.byte	-84
 1268 04d7 36       		.byte	54
 1269 04d8 AE       		.byte	-82
 1270 04d9 09       		.byte	9
 1271 04da AF       		.byte	-81
 1272 04db 01       		.byte	1
 1273 04dc B5       		.byte	-75
 1274 04dd 0F       		.byte	15
 1275 04de B6       		.byte	-74
 1276 04df 3F       		.byte	63
 1277 04e0 B9       		.byte	-71
 1278 04e1 80       		.byte	-128
 1279 04e2 BA       		.byte	-70
 1280 04e3 80       		.byte	-128
 1281 04e4 BB       		.byte	-69
 1282 04e5 08       		.byte	8
 1283 04e6 BF       		.byte	-65
 1284 04e7 40       		.byte	64
 1285 04e8 D8       		.byte	-40
 1286 04e9 04       		.byte	4
 1287 04ea D9       		.byte	-39
 1288 04eb 04       		.byte	4
 1289 04ec DC       		.byte	-36
 1290 04ed 11       		.byte	17
 1291 04ee DF       		.byte	-33
 1292 04ef 01       		.byte	1
 1293 04f0 00       		.byte	0
 1294 04f1 40       		.byte	64
 1295 04f2 02       		.byte	2
 1296 04f3 80       		.byte	-128
 1297 04f4 03       		.byte	3
 1298 04f5 18       		.byte	24
 1299 04f6 05       		.byte	5
 1300 04f7 60       		.byte	96
 1301 04f8 07       		.byte	7
 1302 04f9 50       		.byte	80
 1303 04fa 0B       		.byte	11
 1304 04fb 56       		.byte	86
 1305 04fc 0C       		.byte	12
 1306 04fd 08       		.byte	8
 1307 04fe 0E       		.byte	14
 1308 04ff 09       		.byte	9
 1309 0500 0F       		.byte	15
 1310 0501 40       		.byte	64
 1311 0502 10       		.byte	16
ARM GAS  C:\Users\adria\AppData\Local\Temp\ccQoMYzM.s 			page 24


 1312 0503 40       		.byte	64
 1313 0504 11       		.byte	17
 1314 0505 40       		.byte	64
 1315 0506 12       		.byte	18
 1316 0507 08       		.byte	8
 1317 0508 13       		.byte	19
 1318 0509 08       		.byte	8
 1319 050a 14       		.byte	20
 1320 050b 04       		.byte	4
 1321 050c 15       		.byte	21
 1322 050d 08       		.byte	8
 1323 050e 16       		.byte	22
 1324 050f 02       		.byte	2
 1325 0510 17       		.byte	23
 1326 0511 02       		.byte	2
 1327 0512 1B       		.byte	27
 1328 0513 40       		.byte	64
 1329 0514 1C       		.byte	28
 1330 0515 20       		.byte	32
 1331 0516 1E       		.byte	30
 1332 0517 08       		.byte	8
 1333 0518 1F       		.byte	31
 1334 0519 24       		.byte	36
 1335 051a 20       		.byte	32
 1336 051b 10       		.byte	16
 1337 051c 21       		.byte	33
 1338 051d 44       		.byte	68
 1339 051e 22       		.byte	34
 1340 051f 10       		.byte	16
 1341 0520 27       		.byte	39
 1342 0521 02       		.byte	2
 1343 0522 28       		.byte	40
 1344 0523 12       		.byte	18
 1345 0524 29       		.byte	41
 1346 0525 20       		.byte	32
 1347 0526 2B       		.byte	43
 1348 0527 40       		.byte	64
 1349 0528 2C       		.byte	44
 1350 0529 04       		.byte	4
 1351 052a 2D       		.byte	45
 1352 052b 80       		.byte	-128
 1353 052c 2F       		.byte	47
 1354 052d 05       		.byte	5
 1355 052e 30       		.byte	48
 1356 052f 08       		.byte	8
 1357 0530 31       		.byte	49
 1358 0531 41       		.byte	65
 1359 0532 33       		.byte	51
 1360 0533 20       		.byte	32
 1361 0534 34       		.byte	52
 1362 0535 10       		.byte	16
 1363 0536 35       		.byte	53
 1364 0537 40       		.byte	64
 1365 0538 36       		.byte	54
 1366 0539 0E       		.byte	14
 1367 053a 37       		.byte	55
 1368 053b 10       		.byte	16
ARM GAS  C:\Users\adria\AppData\Local\Temp\ccQoMYzM.s 			page 25


 1369 053c 38       		.byte	56
 1370 053d 40       		.byte	64
 1371 053e 39       		.byte	57
 1372 053f 08       		.byte	8
 1373 0540 3A       		.byte	58
 1374 0541 20       		.byte	32
 1375 0542 3B       		.byte	59
 1376 0543 06       		.byte	6
 1377 0544 3D       		.byte	61
 1378 0545 01       		.byte	1
 1379 0546 3E       		.byte	62
 1380 0547 20       		.byte	32
 1381 0548 3F       		.byte	63
 1382 0549 44       		.byte	68
 1383 054a 46       		.byte	70
 1384 054b 20       		.byte	32
 1385 054c 47       		.byte	71
 1386 054d 08       		.byte	8
 1387 054e 4D       		.byte	77
 1388 054f 40       		.byte	64
 1389 0550 4F       		.byte	79
 1390 0551 80       		.byte	-128
 1391 0552 86       		.byte	-122
 1392 0553 01       		.byte	1
 1393 0554 87       		.byte	-121
 1394 0555 08       		.byte	8
 1395 0556 90       		.byte	-112
 1396 0557 40       		.byte	64
 1397 0558 92       		.byte	-110
 1398 0559 04       		.byte	4
 1399 055a 94       		.byte	-108
 1400 055b 10       		.byte	16
 1401 055c 95       		.byte	-107
 1402 055d 09       		.byte	9
 1403 055e 96       		.byte	-106
 1404 055f 28       		.byte	40
 1405 0560 97       		.byte	-105
 1406 0561 40       		.byte	64
 1407 0562 98       		.byte	-104
 1408 0563 40       		.byte	64
 1409 0564 99       		.byte	-103
 1410 0565 E1       		.byte	-31
 1411 0566 9A       		.byte	-102
 1412 0567 02       		.byte	2
 1413 0568 9B       		.byte	-101
 1414 0569 50       		.byte	80
 1415 056a 9C       		.byte	-100
 1416 056b 08       		.byte	8
 1417 056c 9F       		.byte	-97
 1418 056d 09       		.byte	9
 1419 056e A0       		.byte	-96
 1420 056f 49       		.byte	73
 1421 0570 A1       		.byte	-95
 1422 0571 10       		.byte	16
 1423 0572 A2       		.byte	-94
 1424 0573 82       		.byte	-126
 1425 0574 A3       		.byte	-93
ARM GAS  C:\Users\adria\AppData\Local\Temp\ccQoMYzM.s 			page 26


 1426 0575 08       		.byte	8
 1427 0576 A4       		.byte	-92
 1428 0577 10       		.byte	16
 1429 0578 A6       		.byte	-90
 1430 0579 04       		.byte	4
 1431 057a A7       		.byte	-89
 1432 057b 60       		.byte	96
 1433 057c A9       		.byte	-87
 1434 057d 84       		.byte	-124
 1435 057e AC       		.byte	-84
 1436 057f 21       		.byte	33
 1437 0580 AD       		.byte	-83
 1438 0581 06       		.byte	6
 1439 0582 AF       		.byte	-81
 1440 0583 44       		.byte	68
 1441 0584 C0       		.byte	-64
 1442 0585 FF       		.byte	-1
 1443 0586 C2       		.byte	-62
 1444 0587 FF       		.byte	-1
 1445 0588 C4       		.byte	-60
 1446 0589 FF       		.byte	-1
 1447 058a CA       		.byte	-54
 1448 058b 3F       		.byte	63
 1449 058c CC       		.byte	-52
 1450 058d FF       		.byte	-1
 1451 058e CE       		.byte	-50
 1452 058f FF       		.byte	-1
 1453 0590 E4       		.byte	-28
 1454 0591 20       		.byte	32
 1455 0592 00       		.byte	0
 1456 0593 01       		.byte	1
 1457 0594 03       		.byte	3
 1458 0595 1F       		.byte	31
 1459 0596 05       		.byte	5
 1460 0597 1F       		.byte	31
 1461 0598 09       		.byte	9
 1462 0599 0C       		.byte	12
 1463 059a 0B       		.byte	11
 1464 059b 03       		.byte	3
 1465 059c 0C       		.byte	12
 1466 059d 04       		.byte	4
 1467 059e 0D       		.byte	13
 1468 059f 02       		.byte	2
 1469 05a0 0F       		.byte	15
 1470 05a1 05       		.byte	5
 1471 05a2 11       		.byte	17
 1472 05a3 03       		.byte	3
 1473 05a4 13       		.byte	19
 1474 05a5 0C       		.byte	12
 1475 05a6 15       		.byte	21
 1476 05a7 0C       		.byte	12
 1477 05a8 17       		.byte	23
 1478 05a9 03       		.byte	3
 1479 05aa 1B       		.byte	27
 1480 05ab 10       		.byte	16
 1481 05ac 1D       		.byte	29
 1482 05ad 01       		.byte	1
ARM GAS  C:\Users\adria\AppData\Local\Temp\ccQoMYzM.s 			page 27


 1483 05ae 21       		.byte	33
 1484 05af 0A       		.byte	10
 1485 05b0 22       		.byte	34
 1486 05b1 03       		.byte	3
 1487 05b2 25       		.byte	37
 1488 05b3 1F       		.byte	31
 1489 05b4 29       		.byte	41
 1490 05b5 01       		.byte	1
 1491 05b6 2F       		.byte	47
 1492 05b7 1F       		.byte	31
 1493 05b8 30       		.byte	48
 1494 05b9 02       		.byte	2
 1495 05ba 34       		.byte	52
 1496 05bb 04       		.byte	4
 1497 05bc 35       		.byte	53
 1498 05bd 1F       		.byte	31
 1499 05be 36       		.byte	54
 1500 05bf 01       		.byte	1
 1501 05c0 3E       		.byte	62
 1502 05c1 10       		.byte	16
 1503 05c2 3F       		.byte	63
 1504 05c3 10       		.byte	16
 1505 05c4 40       		.byte	64
 1506 05c5 30       		.byte	48
 1507 05c6 41       		.byte	65
 1508 05c7 06       		.byte	6
 1509 05c8 49       		.byte	73
 1510 05c9 FF       		.byte	-1
 1511 05ca 4A       		.byte	74
 1512 05cb FF       		.byte	-1
 1513 05cc 4B       		.byte	75
 1514 05cd FF       		.byte	-1
 1515 05ce 4D       		.byte	77
 1516 05cf A0       		.byte	-96
 1517 05d0 4F       		.byte	79
 1518 05d1 04       		.byte	4
 1519 05d2 50       		.byte	80
 1520 05d3 18       		.byte	24
 1521 05d4 52       		.byte	82
 1522 05d5 E0       		.byte	-32
 1523 05d6 58       		.byte	88
 1524 05d7 04       		.byte	4
 1525 05d8 59       		.byte	89
 1526 05d9 04       		.byte	4
 1527 05da 5A       		.byte	90
 1528 05db 04       		.byte	4
 1529 05dc 5B       		.byte	91
 1530 05dd 04       		.byte	4
 1531 05de 5D       		.byte	93
 1532 05df 10       		.byte	16
 1533 05e0 5F       		.byte	95
 1534 05e1 01       		.byte	1
 1535 05e2 60       		.byte	96
 1536 05e3 40       		.byte	64
 1537 05e4 62       		.byte	98
 1538 05e5 C0       		.byte	-64
 1539 05e6 64       		.byte	100
ARM GAS  C:\Users\adria\AppData\Local\Temp\ccQoMYzM.s 			page 28


 1540 05e7 40       		.byte	64
 1541 05e8 65       		.byte	101
 1542 05e9 40       		.byte	64
 1543 05ea 66       		.byte	102
 1544 05eb C0       		.byte	-64
 1545 05ec 68       		.byte	104
 1546 05ed C0       		.byte	-64
 1547 05ee 6A       		.byte	106
 1548 05ef C0       		.byte	-64
 1549 05f0 6C       		.byte	108
 1550 05f1 C0       		.byte	-64
 1551 05f2 6E       		.byte	110
 1552 05f3 C0       		.byte	-64
 1553 05f4 81       		.byte	-127
 1554 05f5 08       		.byte	8
 1555 05f6 83       		.byte	-125
 1556 05f7 10       		.byte	16
 1557 05f8 85       		.byte	-123
 1558 05f9 18       		.byte	24
 1559 05fa 89       		.byte	-119
 1560 05fb 18       		.byte	24
 1561 05fc 8A       		.byte	-118
 1562 05fd 03       		.byte	3
 1563 05fe 8D       		.byte	-115
 1564 05ff 10       		.byte	16
 1565 0600 8F       		.byte	-113
 1566 0601 08       		.byte	8
 1567 0602 91       		.byte	-111
 1568 0603 01       		.byte	1
 1569 0604 95       		.byte	-107
 1570 0605 03       		.byte	3
 1571 0606 9B       		.byte	-101
 1572 0607 04       		.byte	4
 1573 0608 9E       		.byte	-98
 1574 0609 02       		.byte	2
 1575 060a 9F       		.byte	-97
 1576 060b 03       		.byte	3
 1577 060c A1       		.byte	-95
 1578 060d 02       		.byte	2
 1579 060e A5       		.byte	-91
 1580 060f 03       		.byte	3
 1581 0610 A9       		.byte	-87
 1582 0611 03       		.byte	3
 1583 0612 AA       		.byte	-86
 1584 0613 01       		.byte	1
 1585 0614 AD       		.byte	-83
 1586 0615 03       		.byte	3
 1587 0616 AE       		.byte	-82
 1588 0617 04       		.byte	4
 1589 0618 B0       		.byte	-80
 1590 0619 02       		.byte	2
 1591 061a B2       		.byte	-78
 1592 061b 04       		.byte	4
 1593 061c B4       		.byte	-76
 1594 061d 01       		.byte	1
 1595 061e B5       		.byte	-75
 1596 061f 07       		.byte	7
ARM GAS  C:\Users\adria\AppData\Local\Temp\ccQoMYzM.s 			page 29


 1597 0620 B7       		.byte	-73
 1598 0621 18       		.byte	24
 1599 0622 BB       		.byte	-69
 1600 0623 20       		.byte	32
 1601 0624 BE       		.byte	-66
 1602 0625 10       		.byte	16
 1603 0626 C0       		.byte	-64
 1604 0627 30       		.byte	48
 1605 0628 C1       		.byte	-63
 1606 0629 02       		.byte	2
 1607 062a C5       		.byte	-59
 1608 062b D0       		.byte	-48
 1609 062c C6       		.byte	-58
 1610 062d 01       		.byte	1
 1611 062e C7       		.byte	-57
 1612 062f 02       		.byte	2
 1613 0630 C8       		.byte	-56
 1614 0631 16       		.byte	22
 1615 0632 C9       		.byte	-55
 1616 0633 FF       		.byte	-1
 1617 0634 CA       		.byte	-54
 1618 0635 FF       		.byte	-1
 1619 0636 CB       		.byte	-53
 1620 0637 FF       		.byte	-1
 1621 0638 CD       		.byte	-51
 1622 0639 AF       		.byte	-81
 1623 063a CE       		.byte	-50
 1624 063b 0F       		.byte	15
 1625 063c CF       		.byte	-49
 1626 063d 04       		.byte	4
 1627 063e D0       		.byte	-48
 1628 063f 18       		.byte	24
 1629 0640 D2       		.byte	-46
 1630 0641 80       		.byte	-128
 1631 0642 D4       		.byte	-44
 1632 0643 05       		.byte	5
 1633 0644 D8       		.byte	-40
 1634 0645 04       		.byte	4
 1635 0646 D9       		.byte	-39
 1636 0647 04       		.byte	4
 1637 0648 DA       		.byte	-38
 1638 0649 04       		.byte	4
 1639 064a DB       		.byte	-37
 1640 064b 04       		.byte	4
 1641 064c DC       		.byte	-36
 1642 064d 10       		.byte	16
 1643 064e DF       		.byte	-33
 1644 064f 01       		.byte	1
 1645 0650 E0       		.byte	-32
 1646 0651 40       		.byte	64
 1647 0652 E2       		.byte	-30
 1648 0653 C0       		.byte	-64
 1649 0654 E4       		.byte	-28
 1650 0655 40       		.byte	64
 1651 0656 E5       		.byte	-27
 1652 0657 40       		.byte	64
 1653 0658 E6       		.byte	-26
ARM GAS  C:\Users\adria\AppData\Local\Temp\ccQoMYzM.s 			page 30


 1654 0659 C0       		.byte	-64
 1655 065a E8       		.byte	-24
 1656 065b C0       		.byte	-64
 1657 065c EA       		.byte	-22
 1658 065d C0       		.byte	-64
 1659 065e EC       		.byte	-20
 1660 065f C0       		.byte	-64
 1661 0660 EE       		.byte	-18
 1662 0661 C0       		.byte	-64
 1663 0662 00       		.byte	0
 1664 0663 80       		.byte	-128
 1665 0664 01       		.byte	1
 1666 0665 02       		.byte	2
 1667 0666 04       		.byte	4
 1668 0667 10       		.byte	16
 1669 0668 0C       		.byte	12
 1670 0669 80       		.byte	-128
 1671 066a 10       		.byte	16
 1672 066b 80       		.byte	-128
 1673 066c 16       		.byte	22
 1674 066d 08       		.byte	8
 1675 066e 17       		.byte	23
 1676 066f 40       		.byte	64
 1677 0670 19       		.byte	25
 1678 0671 82       		.byte	-126
 1679 0672 1A       		.byte	26
 1680 0673 08       		.byte	8
 1681 0674 1C       		.byte	28
 1682 0675 10       		.byte	16
 1683 0676 1E       		.byte	30
 1684 0677 48       		.byte	72
 1685 0678 22       		.byte	34
 1686 0679 20       		.byte	32
 1687 067a 25       		.byte	37
 1688 067b 40       		.byte	64
 1689 067c 27       		.byte	39
 1690 067d 09       		.byte	9
 1691 067e 29       		.byte	41
 1692 067f 40       		.byte	64
 1693 0680 2B       		.byte	43
 1694 0681 68       		.byte	104
 1695 0682 2C       		.byte	44
 1696 0683 2A       		.byte	42
 1697 0684 2E       		.byte	46
 1698 0685 02       		.byte	2
 1699 0686 30       		.byte	48
 1700 0687 20       		.byte	32
 1701 0688 31       		.byte	49
 1702 0689 09       		.byte	9
 1703 068a 32       		.byte	50
 1704 068b 80       		.byte	-128
 1705 068c 33       		.byte	51
 1706 068d 10       		.byte	16
 1707 068e 34       		.byte	52
 1708 068f 40       		.byte	64
 1709 0690 36       		.byte	54
 1710 0691 20       		.byte	32
ARM GAS  C:\Users\adria\AppData\Local\Temp\ccQoMYzM.s 			page 31


 1711 0692 37       		.byte	55
 1712 0693 0A       		.byte	10
 1713 0694 38       		.byte	56
 1714 0695 60       		.byte	96
 1715 0696 39       		.byte	57
 1716 0697 08       		.byte	8
 1717 0698 3A       		.byte	58
 1718 0699 01       		.byte	1
 1719 069a 3C       		.byte	60
 1720 069b 02       		.byte	2
 1721 069c 3D       		.byte	61
 1722 069d A0       		.byte	-96
 1723 069e 3E       		.byte	62
 1724 069f 04       		.byte	4
 1725 06a0 40       		.byte	64
 1726 06a1 10       		.byte	16
 1727 06a2 43       		.byte	67
 1728 06a3 04       		.byte	4
 1729 06a4 46       		.byte	70
 1730 06a5 08       		.byte	8
 1731 06a6 47       		.byte	71
 1732 06a7 04       		.byte	4
 1733 06a8 48       		.byte	72
 1734 06a9 04       		.byte	4
 1735 06aa 4D       		.byte	77
 1736 06ab 01       		.byte	1
 1737 06ac 54       		.byte	84
 1738 06ad 84       		.byte	-124
 1739 06ae 56       		.byte	86
 1740 06af 08       		.byte	8
 1741 06b0 5D       		.byte	93
 1742 06b1 81       		.byte	-127
 1743 06b2 5E       		.byte	94
 1744 06b3 08       		.byte	8
 1745 06b4 60       		.byte	96
 1746 06b5 08       		.byte	8
 1747 06b6 61       		.byte	97
 1748 06b7 10       		.byte	16
 1749 06b8 70       		.byte	112
 1750 06b9 10       		.byte	16
 1751 06ba 71       		.byte	113
 1752 06bb 19       		.byte	25
 1753 06bc 73       		.byte	115
 1754 06bd 50       		.byte	80
 1755 06be 77       		.byte	119
 1756 06bf 40       		.byte	64
 1757 06c0 81       		.byte	-127
 1758 06c1 20       		.byte	32
 1759 06c2 82       		.byte	-126
 1760 06c3 01       		.byte	1
 1761 06c4 83       		.byte	-125
 1762 06c5 0A       		.byte	10
 1763 06c6 84       		.byte	-124
 1764 06c7 02       		.byte	2
 1765 06c8 85       		.byte	-123
 1766 06c9 04       		.byte	4
 1767 06ca 88       		.byte	-120
ARM GAS  C:\Users\adria\AppData\Local\Temp\ccQoMYzM.s 			page 32


 1768 06cb 40       		.byte	64
 1769 06cc 8B       		.byte	-117
 1770 06cd 20       		.byte	32
 1771 06ce 8E       		.byte	-114
 1772 06cf 40       		.byte	64
 1773 06d0 90       		.byte	-112
 1774 06d1 40       		.byte	64
 1775 06d2 91       		.byte	-111
 1776 06d3 08       		.byte	8
 1777 06d4 92       		.byte	-110
 1778 06d5 04       		.byte	4
 1779 06d6 96       		.byte	-106
 1780 06d7 08       		.byte	8
 1781 06d8 97       		.byte	-105
 1782 06d9 50       		.byte	80
 1783 06da 99       		.byte	-103
 1784 06db 60       		.byte	96
 1785 06dc 9A       		.byte	-102
 1786 06dd 02       		.byte	2
 1787 06de 9B       		.byte	-101
 1788 06df 10       		.byte	16
 1789 06e0 9C       		.byte	-100
 1790 06e1 08       		.byte	8
 1791 06e2 9F       		.byte	-97
 1792 06e3 09       		.byte	9
 1793 06e4 A0       		.byte	-96
 1794 06e5 49       		.byte	73
 1795 06e6 A1       		.byte	-95
 1796 06e7 10       		.byte	16
 1797 06e8 A2       		.byte	-94
 1798 06e9 80       		.byte	-128
 1799 06ea A3       		.byte	-93
 1800 06eb 68       		.byte	104
 1801 06ec C0       		.byte	-64
 1802 06ed 49       		.byte	73
 1803 06ee C2       		.byte	-62
 1804 06ef 80       		.byte	-128
 1805 06f0 C4       		.byte	-60
 1806 06f1 C8       		.byte	-56
 1807 06f2 CA       		.byte	-54
 1808 06f3 FF       		.byte	-1
 1809 06f4 CC       		.byte	-52
 1810 06f5 FF       		.byte	-1
 1811 06f6 CE       		.byte	-50
 1812 06f7 FF       		.byte	-1
 1813 06f8 D0       		.byte	-48
 1814 06f9 62       		.byte	98
 1815 06fa D2       		.byte	-46
 1816 06fb 04       		.byte	4
 1817 06fc D6       		.byte	-42
 1818 06fd D0       		.byte	-48
 1819 06fe E6       		.byte	-26
 1820 06ff 40       		.byte	64
 1821 0700 E8       		.byte	-24
 1822 0701 10       		.byte	16
 1823 0702 EA       		.byte	-22
 1824 0703 09       		.byte	9
ARM GAS  C:\Users\adria\AppData\Local\Temp\ccQoMYzM.s 			page 33


 1825 0704 EE       		.byte	-18
 1826 0705 02       		.byte	2
 1827 0706 85       		.byte	-123
 1828 0707 01       		.byte	1
 1829 0708 87       		.byte	-121
 1830 0709 10       		.byte	16
 1831 070a 90       		.byte	-112
 1832 070b 40       		.byte	64
 1833 070c 91       		.byte	-111
 1834 070d 08       		.byte	8
 1835 070e 92       		.byte	-110
 1836 070f 04       		.byte	4
 1837 0710 95       		.byte	-107
 1838 0711 01       		.byte	1
 1839 0712 96       		.byte	-106
 1840 0713 08       		.byte	8
 1841 0714 97       		.byte	-105
 1842 0715 50       		.byte	80
 1843 0716 99       		.byte	-103
 1844 0717 60       		.byte	96
 1845 0718 9A       		.byte	-102
 1846 0719 02       		.byte	2
 1847 071a 9B       		.byte	-101
 1848 071b 10       		.byte	16
 1849 071c 9C       		.byte	-100
 1850 071d 08       		.byte	8
 1851 071e 9F       		.byte	-97
 1852 071f 09       		.byte	9
 1853 0720 A0       		.byte	-96
 1854 0721 49       		.byte	73
 1855 0722 A1       		.byte	-95
 1856 0723 10       		.byte	16
 1857 0724 A2       		.byte	-94
 1858 0725 80       		.byte	-128
 1859 0726 A3       		.byte	-93
 1860 0727 68       		.byte	104
 1861 0728 A9       		.byte	-87
 1862 0729 40       		.byte	64
 1863 072a AC       		.byte	-84
 1864 072b 02       		.byte	2
 1865 072c AF       		.byte	-81
 1866 072d 08       		.byte	8
 1867 072e E8       		.byte	-24
 1868 072f 10       		.byte	16
 1869 0730 EA       		.byte	-22
 1870 0731 09       		.byte	9
 1871 0732 EE       		.byte	-18
 1872 0733 02       		.byte	2
 1873 0734 30       		.byte	48
 1874 0735 20       		.byte	32
 1875 0736 32       		.byte	50
 1876 0737 02       		.byte	2
 1877 0738 37       		.byte	55
 1878 0739 28       		.byte	40
 1879 073a 83       		.byte	-125
 1880 073b 20       		.byte	32
 1881 073c 88       		.byte	-120
ARM GAS  C:\Users\adria\AppData\Local\Temp\ccQoMYzM.s 			page 34


 1882 073d 20       		.byte	32
 1883 073e 8A       		.byte	-118
 1884 073f 02       		.byte	2
 1885 0740 CC       		.byte	-52
 1886 0741 F0       		.byte	-16
 1887 0742 E2       		.byte	-30
 1888 0743 80       		.byte	-128
 1889 0744 03       		.byte	3
 1890 0745 01       		.byte	1
 1891 0746 09       		.byte	9
 1892 0747 01       		.byte	1
 1893 0748 57       		.byte	87
 1894 0749 08       		.byte	8
 1895 074a 66       		.byte	102
 1896 074b 40       		.byte	64
 1897 074c 8B       		.byte	-117
 1898 074d 01       		.byte	1
 1899 074e 8F       		.byte	-113
 1900 074f 40       		.byte	64
 1901 0750 9F       		.byte	-97
 1902 0751 08       		.byte	8
 1903 0752 A4       		.byte	-92
 1904 0753 20       		.byte	32
 1905 0754 C0       		.byte	-64
 1906 0755 40       		.byte	64
 1907 0756 C2       		.byte	-62
 1908 0757 10       		.byte	16
 1909 0758 D4       		.byte	-44
 1910 0759 40       		.byte	64
 1911 075a D6       		.byte	-42
 1912 075b 80       		.byte	-128
 1913 075c 03       		.byte	3
 1914 075d 20       		.byte	32
 1915 075e 13       		.byte	19
 1916 075f 08       		.byte	8
 1917 0760 3E       		.byte	62
 1918 0761 10       		.byte	16
 1919 0762 57       		.byte	87
 1920 0763 40       		.byte	64
 1921 0764 9E       		.byte	-98
 1922 0765 40       		.byte	64
 1923 0766 9F       		.byte	-97
 1924 0767 08       		.byte	8
 1925 0768 A1       		.byte	-95
 1926 0769 01       		.byte	1
 1927 076a A3       		.byte	-93
 1928 076b 40       		.byte	64
 1929 076c A4       		.byte	-92
 1930 076d 20       		.byte	32
 1931 076e A7       		.byte	-89
 1932 076f 08       		.byte	8
 1933 0770 C0       		.byte	-64
 1934 0771 10       		.byte	16
 1935 0772 C4       		.byte	-60
 1936 0773 10       		.byte	16
 1937 0774 CE       		.byte	-50
 1938 0775 20       		.byte	32
ARM GAS  C:\Users\adria\AppData\Local\Temp\ccQoMYzM.s 			page 35


 1939 0776 D4       		.byte	-44
 1940 0777 40       		.byte	64
 1941 0778 61       		.byte	97
 1942 0779 02       		.byte	2
 1943 077a 96       		.byte	-106
 1944 077b 10       		.byte	16
 1945 077c 9E       		.byte	-98
 1946 077d 40       		.byte	64
 1947 077e A1       		.byte	-95
 1948 077f 01       		.byte	1
 1949 0780 A7       		.byte	-89
 1950 0781 08       		.byte	8
 1951 0782 AC       		.byte	-84
 1952 0783 20       		.byte	32
 1953 0784 AF       		.byte	-81
 1954 0785 20       		.byte	32
 1955 0786 D8       		.byte	-40
 1956 0787 40       		.byte	64
 1957 0788 EA       		.byte	-22
 1958 0789 40       		.byte	64
 1959 078a EC       		.byte	-20
 1960 078b 10       		.byte	16
 1961 078c 88       		.byte	-120
 1962 078d 01       		.byte	1
 1963 078e E4       		.byte	-28
 1964 078f 04       		.byte	4
 1965 0790 98       		.byte	-104
 1966 0791 01       		.byte	1
 1967 0792 98       		.byte	-104
 1968 0793 01       		.byte	1
 1969 0794 56       		.byte	86
 1970 0795 20       		.byte	32
 1971 0796 96       		.byte	-106
 1972 0797 10       		.byte	16
 1973 0798 9E       		.byte	-98
 1974 0799 40       		.byte	64
 1975 079a A1       		.byte	-95
 1976 079b 01       		.byte	1
 1977 079c A7       		.byte	-89
 1978 079d 08       		.byte	8
 1979 079e A9       		.byte	-87
 1980 079f 02       		.byte	2
 1981 07a0 D4       		.byte	-44
 1982 07a1 40       		.byte	64
 1983 07a2 EA       		.byte	-22
 1984 07a3 80       		.byte	-128
 1985 07a4 8E       		.byte	-114
 1986 07a5 20       		.byte	32
 1987 07a6 9E       		.byte	-98
 1988 07a7 20       		.byte	32
 1989 07a8 AA       		.byte	-86
 1990 07a9 10       		.byte	16
 1991 07aa AE       		.byte	-82
 1992 07ab 40       		.byte	64
 1993 07ac AF       		.byte	-81
 1994 07ad 08       		.byte	8
 1995 07ae B5       		.byte	-75
ARM GAS  C:\Users\adria\AppData\Local\Temp\ccQoMYzM.s 			page 36


 1996 07af 01       		.byte	1
 1997 07b0 EA       		.byte	-22
 1998 07b1 90       		.byte	-112
 1999 07b2 EE       		.byte	-18
 2000 07b3 40       		.byte	64
 2001 07b4 13       		.byte	19
 2002 07b5 22       		.byte	34
 2003 07b6 17       		.byte	23
 2004 07b7 08       		.byte	8
 2005 07b8 78       		.byte	120
 2006 07b9 01       		.byte	1
 2007 07ba 7C       		.byte	124
 2008 07bb 10       		.byte	16
 2009 07bc 98       		.byte	-104
 2010 07bd 01       		.byte	1
 2011 07be C4       		.byte	-60
 2012 07bf 0E       		.byte	14
 2013 07c0 DE       		.byte	-34
 2014 07c1 03       		.byte	3
 2015 07c2 AB       		.byte	-85
 2016 07c3 20       		.byte	32
 2017 07c4 AF       		.byte	-81
 2018 07c5 0A       		.byte	10
 2019 07c6 B4       		.byte	-76
 2020 07c7 10       		.byte	16
 2021 07c8 E8       		.byte	-24
 2022 07c9 08       		.byte	8
 2023 07ca 00       		.byte	0
 2024 07cb 02       		.byte	2
 2025 07cc 08       		.byte	8
 2026 07cd 02       		.byte	2
 2027 07ce 0A       		.byte	10
 2028 07cf 02       		.byte	2
 2029 07d0 10       		.byte	16
 2030 07d1 03       		.byte	3
 2031 07d2 1A       		.byte	26
 2032 07d3 03       		.byte	3
 2033 07d4 00       		.byte	0
 2034 07d5 BF       		.byte	-65
 2035 07d6 03       		.byte	3
 2036 07d7 C0       		.byte	-64
 2037 07d8 08       		.byte	8
 2038 07d9 08       		.byte	8
 2039 07da 00       		.byte	0
 2040 07db 00       		.byte	0
 2041 07dc 04       		.byte	4
 2042 07dd 00       		.byte	0
 2043 07de 00       		.byte	0
 2044 07df 00       		.byte	0
 2045 07e0 14       		.byte	20
 2046 07e1 00       		.byte	0
 2047 07e2 00       		.byte	0
 2048 07e3 00       		.byte	0
 2049 07e4 14       		.byte	20
 2050 07e5 00       		.byte	0
 2051 07e6 14       		.byte	20
 2052 07e7 00       		.byte	0
ARM GAS  C:\Users\adria\AppData\Local\Temp\ccQoMYzM.s 			page 37


 2053 07e8 00       		.byte	0
 2054 07e9 00       		.byte	0
 2055 07ea 00       		.byte	0
 2056 07eb 00       		.byte	0
 2057 07ec 08       		.byte	8
 2058 07ed 00       		.byte	0
 2059 07ee 04       		.byte	4
 2060 07ef 08       		.byte	8
 2061 07f0 08       		.byte	8
 2062 07f1 00       		.byte	0
 2063 07f2 08       		.byte	8
 2064 07f3 00       		.byte	0
 2065 07f4 00       		.byte	0
 2066 07f5 00       		.byte	0
 2067 07f6 00       		.byte	0
 2068 07f7 00       		.byte	0
 2069 07f8 02       		.byte	2
 2070 07f9 00       		.byte	0
 2071 07fa 02       		.byte	2
 2072 07fb 02       		.byte	2
 2073 07fc 02       		.byte	2
 2074 07fd 00       		.byte	0
 2075 07fe 02       		.byte	2
 2076 07ff 00       		.byte	0
 2077 0800 00       		.byte	0
 2078 0801 00       		.byte	0
 2079 0802 00       		.byte	0
 2080 0803 00       		.byte	0
 2081 0804 00       		.byte	0
 2082 0805 0B       		.byte	11
 2083 0806 0B       		.byte	11
 2084 0807 00       		.byte	0
 2085 0808 00       		.byte	0
 2086 0809 00       		.byte	0
 2087 080a 00       		.byte	0
 2088 080b 00       		.byte	0
 2089              		.section	.cywolatch,"a",%progbits
 2090              		.align	2
 2091              		.type	cy_meta_wonvl, %object
 2092              		.size	cy_meta_wonvl, 4
 2093              	cy_meta_wonvl:
 2094 0000 BC       		.byte	-68
 2095 0001 90       		.byte	-112
 2096 0002 AC       		.byte	-84
 2097 0003 AF       		.byte	-81
 2098              		.section	.cycustnvl,"a",%progbits
 2099              		.align	2
 2100              		.type	cy_meta_custnvl, %object
 2101              		.size	cy_meta_custnvl, 4
 2102              	cy_meta_custnvl:
 2103 0000 00       		.byte	0
 2104 0001 00       		.byte	0
 2105 0002 40       		.byte	64
 2106 0003 05       		.byte	5
 2107              		.section	.cymeta,"a",%progbits
 2108              		.align	2
 2109              		.type	cy_metadata, %object
ARM GAS  C:\Users\adria\AppData\Local\Temp\ccQoMYzM.s 			page 38


 2110              		.size	cy_metadata, 12
 2111              	cy_metadata:
 2112 0000 00       		.byte	0
 2113 0001 01       		.byte	1
 2114 0002 2E       		.byte	46
 2115 0003 16       		.byte	22
 2116 0004 10       		.byte	16
 2117 0005 69       		.byte	105
 2118 0006 00       		.byte	0
 2119 0007 01       		.byte	1
 2120 0008 00       		.byte	0
 2121 0009 00       		.byte	0
 2122 000a 00       		.byte	0
 2123 000b 00       		.byte	0
 2124              		.section	.cyflashprotect,"a",%progbits
 2125              		.align	2
 2126              		.type	cy_meta_flashprotect, %object
 2127              		.size	cy_meta_flashprotect, 256
 2128              	cy_meta_flashprotect:
 2129 0000 00000000 		.space	256
 2129      00000000 
 2129      00000000 
 2129      00000000 
 2129      00000000 
 2130              		.text
 2131              	.Letext0:
 2132              		.file 1 "c:\\program files (x86)\\cypress\\psoc creator\\4.4\\psoc creator\\import\\gnu\\arm\\5.4.
 2133              		.file 2 "c:\\program files (x86)\\cypress\\psoc creator\\4.4\\psoc creator\\import\\gnu\\arm\\5.4.
 2134              		.file 3 "Generated_Source\\PSoC5\\cymetadata.c"
 2135              		.section	.debug_info,"",%progbits
 2136              	.Ldebug_info0:
 2137 0000 35010000 		.4byte	0x135
 2138 0004 0400     		.2byte	0x4
 2139 0006 00000000 		.4byte	.Ldebug_abbrev0
 2140 000a 04       		.byte	0x4
 2141 000b 01       		.uleb128 0x1
 2142 000c 24000000 		.4byte	.LASF17
 2143 0010 0C       		.byte	0xc
 2144 0011 CA010000 		.4byte	.LASF18
 2145 0015 7E010000 		.4byte	.LASF19
 2146 0019 00000000 		.4byte	.Ldebug_line0
 2147 001d 02       		.uleb128 0x2
 2148 001e 01       		.byte	0x1
 2149 001f 06       		.byte	0x6
 2150 0020 72010000 		.4byte	.LASF0
 2151 0024 03       		.uleb128 0x3
 2152 0025 00000000 		.4byte	.LASF9
 2153 0029 01       		.byte	0x1
 2154 002a 1D       		.byte	0x1d
 2155 002b 2F000000 		.4byte	0x2f
 2156 002f 02       		.uleb128 0x2
 2157 0030 01       		.byte	0x1
 2158 0031 08       		.byte	0x8
 2159 0032 16000000 		.4byte	.LASF1
 2160 0036 02       		.uleb128 0x2
 2161 0037 02       		.byte	0x2
 2162 0038 05       		.byte	0x5
ARM GAS  C:\Users\adria\AppData\Local\Temp\ccQoMYzM.s 			page 39


 2163 0039 5F010000 		.4byte	.LASF2
 2164 003d 02       		.uleb128 0x2
 2165 003e 02       		.byte	0x2
 2166 003f 07       		.byte	0x7
 2167 0040 C4000000 		.4byte	.LASF3
 2168 0044 02       		.uleb128 0x2
 2169 0045 04       		.byte	0x4
 2170 0046 05       		.byte	0x5
 2171 0047 69010000 		.4byte	.LASF4
 2172 004b 02       		.uleb128 0x2
 2173 004c 04       		.byte	0x4
 2174 004d 07       		.byte	0x7
 2175 004e B2000000 		.4byte	.LASF5
 2176 0052 02       		.uleb128 0x2
 2177 0053 08       		.byte	0x8
 2178 0054 05       		.byte	0x5
 2179 0055 51010000 		.4byte	.LASF6
 2180 0059 02       		.uleb128 0x2
 2181 005a 08       		.byte	0x8
 2182 005b 07       		.byte	0x7
 2183 005c 06010000 		.4byte	.LASF7
 2184 0060 04       		.uleb128 0x4
 2185 0061 04       		.byte	0x4
 2186 0062 05       		.byte	0x5
 2187 0063 696E7400 		.ascii	"int\000"
 2188 0067 02       		.uleb128 0x2
 2189 0068 04       		.byte	0x4
 2190 0069 07       		.byte	0x7
 2191 006a F9000000 		.4byte	.LASF8
 2192 006e 03       		.uleb128 0x3
 2193 006f 1D010000 		.4byte	.LASF10
 2194 0073 02       		.byte	0x2
 2195 0074 18       		.byte	0x18
 2196 0075 24000000 		.4byte	0x24
 2197 0079 05       		.uleb128 0x5
 2198 007a 91000000 		.4byte	0x91
 2199 007e 8A000000 		.4byte	0x8a
 2200 0082 06       		.uleb128 0x6
 2201 0083 8A000000 		.4byte	0x8a
 2202 0087 0B08     		.2byte	0x80b
 2203 0089 00       		.byte	0
 2204 008a 02       		.uleb128 0x2
 2205 008b 04       		.byte	0x4
 2206 008c 07       		.byte	0x7
 2207 008d 48010000 		.4byte	.LASF11
 2208 0091 07       		.uleb128 0x7
 2209 0092 6E000000 		.4byte	0x6e
 2210 0096 08       		.uleb128 0x8
 2211 0097 E7000000 		.4byte	.LASF12
 2212 009b 03       		.byte	0x3
 2213 009c 1F       		.byte	0x1f
 2214 009d A7000000 		.4byte	0xa7
 2215 00a1 05       		.uleb128 0x5
 2216 00a2 03       		.byte	0x3
 2217 00a3 00000000 		.4byte	cy_meta_configecc
 2218 00a7 07       		.uleb128 0x7
 2219 00a8 79000000 		.4byte	0x79
ARM GAS  C:\Users\adria\AppData\Local\Temp\ccQoMYzM.s 			page 40


 2220 00ac 05       		.uleb128 0x5
 2221 00ad 91000000 		.4byte	0x91
 2222 00b1 BC000000 		.4byte	0xbc
 2223 00b5 09       		.uleb128 0x9
 2224 00b6 8A000000 		.4byte	0x8a
 2225 00ba 03       		.byte	0x3
 2226 00bb 00       		.byte	0
 2227 00bc 0A       		.uleb128 0xa
 2228 00bd D7000000 		.4byte	.LASF13
 2229 00c1 03       		.byte	0x3
 2230 00c2 2E01     		.2byte	0x12e
 2231 00c4 CE000000 		.4byte	0xce
 2232 00c8 05       		.uleb128 0x5
 2233 00c9 03       		.byte	0x3
 2234 00ca 00000000 		.4byte	cy_meta_custnvl
 2235 00ce 07       		.uleb128 0x7
 2236 00cf AC000000 		.4byte	0xac
 2237 00d3 0A       		.uleb128 0xa
 2238 00d4 3A010000 		.4byte	.LASF14
 2239 00d8 03       		.byte	0x3
 2240 00d9 3C01     		.2byte	0x13c
 2241 00db E5000000 		.4byte	0xe5
 2242 00df 05       		.uleb128 0x5
 2243 00e0 03       		.byte	0x3
 2244 00e1 00000000 		.4byte	cy_meta_wonvl
 2245 00e5 07       		.uleb128 0x7
 2246 00e6 AC000000 		.4byte	0xac
 2247 00ea 05       		.uleb128 0x5
 2248 00eb 91000000 		.4byte	0x91
 2249 00ef FA000000 		.4byte	0xfa
 2250 00f3 09       		.uleb128 0x9
 2251 00f4 8A000000 		.4byte	0x8a
 2252 00f8 FF       		.byte	0xff
 2253 00f9 00       		.byte	0
 2254 00fa 0A       		.uleb128 0xa
 2255 00fb 25010000 		.4byte	.LASF15
 2256 00ff 03       		.byte	0x3
 2257 0100 4A01     		.2byte	0x14a
 2258 0102 0C010000 		.4byte	0x10c
 2259 0106 05       		.uleb128 0x5
 2260 0107 03       		.byte	0x3
 2261 0108 00000000 		.4byte	cy_meta_flashprotect
 2262 010c 07       		.uleb128 0x7
 2263 010d EA000000 		.4byte	0xea
 2264 0111 05       		.uleb128 0x5
 2265 0112 91000000 		.4byte	0x91
 2266 0116 21010000 		.4byte	0x121
 2267 011a 09       		.uleb128 0x9
 2268 011b 8A000000 		.4byte	0x8a
 2269 011f 0B       		.byte	0xb
 2270 0120 00       		.byte	0
 2271 0121 0A       		.uleb128 0xa
 2272 0122 0A000000 		.4byte	.LASF16
 2273 0126 03       		.byte	0x3
 2274 0127 7701     		.2byte	0x177
 2275 0129 33010000 		.4byte	0x133
 2276 012d 05       		.uleb128 0x5
ARM GAS  C:\Users\adria\AppData\Local\Temp\ccQoMYzM.s 			page 41


 2277 012e 03       		.byte	0x3
 2278 012f 00000000 		.4byte	cy_metadata
 2279 0133 07       		.uleb128 0x7
 2280 0134 11010000 		.4byte	0x111
 2281 0138 00       		.byte	0
 2282              		.section	.debug_abbrev,"",%progbits
 2283              	.Ldebug_abbrev0:
 2284 0000 01       		.uleb128 0x1
 2285 0001 11       		.uleb128 0x11
 2286 0002 01       		.byte	0x1
 2287 0003 25       		.uleb128 0x25
 2288 0004 0E       		.uleb128 0xe
 2289 0005 13       		.uleb128 0x13
 2290 0006 0B       		.uleb128 0xb
 2291 0007 03       		.uleb128 0x3
 2292 0008 0E       		.uleb128 0xe
 2293 0009 1B       		.uleb128 0x1b
 2294 000a 0E       		.uleb128 0xe
 2295 000b 10       		.uleb128 0x10
 2296 000c 17       		.uleb128 0x17
 2297 000d 00       		.byte	0
 2298 000e 00       		.byte	0
 2299 000f 02       		.uleb128 0x2
 2300 0010 24       		.uleb128 0x24
 2301 0011 00       		.byte	0
 2302 0012 0B       		.uleb128 0xb
 2303 0013 0B       		.uleb128 0xb
 2304 0014 3E       		.uleb128 0x3e
 2305 0015 0B       		.uleb128 0xb
 2306 0016 03       		.uleb128 0x3
 2307 0017 0E       		.uleb128 0xe
 2308 0018 00       		.byte	0
 2309 0019 00       		.byte	0
 2310 001a 03       		.uleb128 0x3
 2311 001b 16       		.uleb128 0x16
 2312 001c 00       		.byte	0
 2313 001d 03       		.uleb128 0x3
 2314 001e 0E       		.uleb128 0xe
 2315 001f 3A       		.uleb128 0x3a
 2316 0020 0B       		.uleb128 0xb
 2317 0021 3B       		.uleb128 0x3b
 2318 0022 0B       		.uleb128 0xb
 2319 0023 49       		.uleb128 0x49
 2320 0024 13       		.uleb128 0x13
 2321 0025 00       		.byte	0
 2322 0026 00       		.byte	0
 2323 0027 04       		.uleb128 0x4
 2324 0028 24       		.uleb128 0x24
 2325 0029 00       		.byte	0
 2326 002a 0B       		.uleb128 0xb
 2327 002b 0B       		.uleb128 0xb
 2328 002c 3E       		.uleb128 0x3e
 2329 002d 0B       		.uleb128 0xb
 2330 002e 03       		.uleb128 0x3
 2331 002f 08       		.uleb128 0x8
 2332 0030 00       		.byte	0
 2333 0031 00       		.byte	0
ARM GAS  C:\Users\adria\AppData\Local\Temp\ccQoMYzM.s 			page 42


 2334 0032 05       		.uleb128 0x5
 2335 0033 01       		.uleb128 0x1
 2336 0034 01       		.byte	0x1
 2337 0035 49       		.uleb128 0x49
 2338 0036 13       		.uleb128 0x13
 2339 0037 01       		.uleb128 0x1
 2340 0038 13       		.uleb128 0x13
 2341 0039 00       		.byte	0
 2342 003a 00       		.byte	0
 2343 003b 06       		.uleb128 0x6
 2344 003c 21       		.uleb128 0x21
 2345 003d 00       		.byte	0
 2346 003e 49       		.uleb128 0x49
 2347 003f 13       		.uleb128 0x13
 2348 0040 2F       		.uleb128 0x2f
 2349 0041 05       		.uleb128 0x5
 2350 0042 00       		.byte	0
 2351 0043 00       		.byte	0
 2352 0044 07       		.uleb128 0x7
 2353 0045 26       		.uleb128 0x26
 2354 0046 00       		.byte	0
 2355 0047 49       		.uleb128 0x49
 2356 0048 13       		.uleb128 0x13
 2357 0049 00       		.byte	0
 2358 004a 00       		.byte	0
 2359 004b 08       		.uleb128 0x8
 2360 004c 34       		.uleb128 0x34
 2361 004d 00       		.byte	0
 2362 004e 03       		.uleb128 0x3
 2363 004f 0E       		.uleb128 0xe
 2364 0050 3A       		.uleb128 0x3a
 2365 0051 0B       		.uleb128 0xb
 2366 0052 3B       		.uleb128 0x3b
 2367 0053 0B       		.uleb128 0xb
 2368 0054 49       		.uleb128 0x49
 2369 0055 13       		.uleb128 0x13
 2370 0056 3F       		.uleb128 0x3f
 2371 0057 19       		.uleb128 0x19
 2372 0058 02       		.uleb128 0x2
 2373 0059 18       		.uleb128 0x18
 2374 005a 00       		.byte	0
 2375 005b 00       		.byte	0
 2376 005c 09       		.uleb128 0x9
 2377 005d 21       		.uleb128 0x21
 2378 005e 00       		.byte	0
 2379 005f 49       		.uleb128 0x49
 2380 0060 13       		.uleb128 0x13
 2381 0061 2F       		.uleb128 0x2f
 2382 0062 0B       		.uleb128 0xb
 2383 0063 00       		.byte	0
 2384 0064 00       		.byte	0
 2385 0065 0A       		.uleb128 0xa
 2386 0066 34       		.uleb128 0x34
 2387 0067 00       		.byte	0
 2388 0068 03       		.uleb128 0x3
 2389 0069 0E       		.uleb128 0xe
 2390 006a 3A       		.uleb128 0x3a
ARM GAS  C:\Users\adria\AppData\Local\Temp\ccQoMYzM.s 			page 43


 2391 006b 0B       		.uleb128 0xb
 2392 006c 3B       		.uleb128 0x3b
 2393 006d 05       		.uleb128 0x5
 2394 006e 49       		.uleb128 0x49
 2395 006f 13       		.uleb128 0x13
 2396 0070 3F       		.uleb128 0x3f
 2397 0071 19       		.uleb128 0x19
 2398 0072 02       		.uleb128 0x2
 2399 0073 18       		.uleb128 0x18
 2400 0074 00       		.byte	0
 2401 0075 00       		.byte	0
 2402 0076 00       		.byte	0
 2403              		.section	.debug_aranges,"",%progbits
 2404 0000 14000000 		.4byte	0x14
 2405 0004 0200     		.2byte	0x2
 2406 0006 00000000 		.4byte	.Ldebug_info0
 2407 000a 04       		.byte	0x4
 2408 000b 00       		.byte	0
 2409 000c 0000     		.2byte	0
 2410 000e 0000     		.2byte	0
 2411 0010 00000000 		.4byte	0
 2412 0014 00000000 		.4byte	0
 2413              		.section	.debug_line,"",%progbits
 2414              	.Ldebug_line0:
 2415 0000 3D010000 		.section	.debug_str,"MS",%progbits,1
 2415      02003701 
 2415      00000201 
 2415      FB0E0D00 
 2415      01010101 
 2416              	.LASF9:
 2417 0000 5F5F7569 		.ascii	"__uint8_t\000"
 2417      6E74385F 
 2417      7400
 2418              	.LASF16:
 2419 000a 63795F6D 		.ascii	"cy_metadata\000"
 2419      65746164 
 2419      61746100 
 2420              	.LASF1:
 2421 0016 756E7369 		.ascii	"unsigned char\000"
 2421      676E6564 
 2421      20636861 
 2421      7200
 2422              	.LASF17:
 2423 0024 474E5520 		.ascii	"GNU C11 5.4.1 20160609 (release) [ARM/embedded-5-br"
 2423      43313120 
 2423      352E342E 
 2423      31203230 
 2423      31363036 
 2424 0057 616E6368 		.ascii	"anch revision 237715] -mcpu=cortex-m3 -mthumb -g -O"
 2424      20726576 
 2424      6973696F 
 2424      6E203233 
 2424      37373135 
 2425 008a 67202D66 		.ascii	"g -ffunction-sections -ffat-lto-objects\000"
 2425      66756E63 
 2425      74696F6E 
 2425      2D736563 
ARM GAS  C:\Users\adria\AppData\Local\Temp\ccQoMYzM.s 			page 44


 2425      74696F6E 
 2426              	.LASF5:
 2427 00b2 6C6F6E67 		.ascii	"long unsigned int\000"
 2427      20756E73 
 2427      69676E65 
 2427      6420696E 
 2427      7400
 2428              	.LASF3:
 2429 00c4 73686F72 		.ascii	"short unsigned int\000"
 2429      7420756E 
 2429      7369676E 
 2429      65642069 
 2429      6E7400
 2430              	.LASF13:
 2431 00d7 63795F6D 		.ascii	"cy_meta_custnvl\000"
 2431      6574615F 
 2431      63757374 
 2431      6E766C00 
 2432              	.LASF12:
 2433 00e7 63795F6D 		.ascii	"cy_meta_configecc\000"
 2433      6574615F 
 2433      636F6E66 
 2433      69676563 
 2433      6300
 2434              	.LASF8:
 2435 00f9 756E7369 		.ascii	"unsigned int\000"
 2435      676E6564 
 2435      20696E74 
 2435      00
 2436              	.LASF7:
 2437 0106 6C6F6E67 		.ascii	"long long unsigned int\000"
 2437      206C6F6E 
 2437      6720756E 
 2437      7369676E 
 2437      65642069 
 2438              	.LASF10:
 2439 011d 75696E74 		.ascii	"uint8_t\000"
 2439      385F7400 
 2440              	.LASF15:
 2441 0125 63795F6D 		.ascii	"cy_meta_flashprotect\000"
 2441      6574615F 
 2441      666C6173 
 2441      6870726F 
 2441      74656374 
 2442              	.LASF14:
 2443 013a 63795F6D 		.ascii	"cy_meta_wonvl\000"
 2443      6574615F 
 2443      776F6E76 
 2443      6C00
 2444              	.LASF11:
 2445 0148 73697A65 		.ascii	"sizetype\000"
 2445      74797065 
 2445      00
 2446              	.LASF6:
 2447 0151 6C6F6E67 		.ascii	"long long int\000"
 2447      206C6F6E 
 2447      6720696E 
ARM GAS  C:\Users\adria\AppData\Local\Temp\ccQoMYzM.s 			page 45


 2447      7400
 2448              	.LASF2:
 2449 015f 73686F72 		.ascii	"short int\000"
 2449      7420696E 
 2449      7400
 2450              	.LASF4:
 2451 0169 6C6F6E67 		.ascii	"long int\000"
 2451      20696E74 
 2451      00
 2452              	.LASF0:
 2453 0172 7369676E 		.ascii	"signed char\000"
 2453      65642063 
 2453      68617200 
 2454              	.LASF19:
 2455 017e 433A5C55 		.ascii	"C:\\Users\\adria\\OneDrive\\Documents\\PSoC Creator"
 2455      73657273 
 2455      5C616472 
 2455      69615C4F 
 2455      6E654472 
 2456 01ac 5C46494E 		.ascii	"\\FINAL_vilchis\\proyecto.cydsn\000"
 2456      414C5F76 
 2456      696C6368 
 2456      69735C70 
 2456      726F7965 
 2457              	.LASF18:
 2458 01ca 47656E65 		.ascii	"Generated_Source\\PSoC5\\cymetadata.c\000"
 2458      72617465 
 2458      645F536F 
 2458      75726365 
 2458      5C50536F 
 2459              		.ident	"GCC: (GNU Tools for ARM Embedded Processors) 5.4.1 20160609 (release) [ARM/embedded-5-bran
