ARM GAS  C:\Users\adria\AppData\Local\Temp\ccAxdtSc.s 			page 1


   1              		.syntax unified
   2              		.cpu cortex-m3
   3              		.fpu softvfp
   4              		.eabi_attribute 20, 1
   5              		.eabi_attribute 21, 1
   6              		.eabi_attribute 23, 3
   7              		.eabi_attribute 24, 1
   8              		.eabi_attribute 25, 1
   9              		.eabi_attribute 26, 1
  10              		.eabi_attribute 30, 1
  11              		.eabi_attribute 34, 1
  12              		.eabi_attribute 18, 4
  13              		.thumb
  14              		.syntax unified
  15              		.file	"cymetadata.c"
  16              		.text
  17              	.Ltext0:
  18              		.cfi_sections	.debug_frame
  19              		.global	cy_metadata
  20              		.global	cy_meta_flashprotect
  21              		.global	cy_meta_wonvl
  22              		.global	cy_meta_custnvl
  23              		.global	cy_meta_configecc
  24              		.section	.cyconfigecc,"a",%progbits
  25              		.align	2
  26              		.type	cy_meta_configecc, %object
  27              		.size	cy_meta_configecc, 2412
  28              	cy_meta_configecc:
  29 0000 05       		.byte	5
  30 0001 52       		.byte	82
  31 0002 00       		.byte	0
  32 0003 40       		.byte	64
  33 0004 05       		.byte	5
  34 0005 64       		.byte	100
  35 0006 00       		.byte	0
  36 0007 40       		.byte	64
  37 0008 02       		.byte	2
  38 0009 65       		.byte	101
  39 000a 00       		.byte	0
  40 000b 40       		.byte	64
  41 000c 47       		.byte	71
  42 000d 00       		.byte	0
  43 000e 01       		.byte	1
  44 000f 40       		.byte	64
  45 0010 37       		.byte	55
  46 0011 01       		.byte	1
  47 0012 01       		.byte	1
  48 0013 40       		.byte	64
  49 0014 22       		.byte	34
  50 0015 02       		.byte	2
  51 0016 01       		.byte	1
  52 0017 40       		.byte	64
  53 0018 4F       		.byte	79
  54 0019 03       		.byte	3
  55 001a 01       		.byte	1
  56 001b 40       		.byte	64
  57 001c 11       		.byte	17
ARM GAS  C:\Users\adria\AppData\Local\Temp\ccAxdtSc.s 			page 2


  58 001d 04       		.byte	4
  59 001e 01       		.byte	1
  60 001f 40       		.byte	64
  61 0020 4C       		.byte	76
  62 0021 05       		.byte	5
  63 0022 01       		.byte	1
  64 0023 40       		.byte	64
  65 0024 4F       		.byte	79
  66 0025 06       		.byte	6
  67 0026 01       		.byte	1
  68 0027 40       		.byte	64
  69 0028 44       		.byte	68
  70 0029 07       		.byte	7
  71 002a 01       		.byte	1
  72 002b 40       		.byte	64
  73 002c 01       		.byte	1
  74 002d 09       		.byte	9
  75 002e 01       		.byte	1
  76 002f 40       		.byte	64
  77 0030 03       		.byte	3
  78 0031 0D       		.byte	13
  79 0032 01       		.byte	1
  80 0033 40       		.byte	64
  81 0034 01       		.byte	1
  82 0035 0F       		.byte	15
  83 0036 01       		.byte	1
  84 0037 40       		.byte	64
  85 0038 64       		.byte	100
  86 0039 14       		.byte	20
  87 003a 01       		.byte	1
  88 003b 40       		.byte	64
  89 003c 4E       		.byte	78
  90 003d 15       		.byte	21
  91 003e 01       		.byte	1
  92 003f 40       		.byte	64
  93 0040 65       		.byte	101
  94 0041 16       		.byte	22
  95 0042 01       		.byte	1
  96 0043 40       		.byte	64
  97 0044 50       		.byte	80
  98 0045 17       		.byte	23
  99 0046 01       		.byte	1
 100 0047 40       		.byte	64
 101 0048 02       		.byte	2
 102 0049 19       		.byte	25
 103 004a 01       		.byte	1
 104 004b 40       		.byte	64
 105 004c 04       		.byte	4
 106 004d 1B       		.byte	27
 107 004e 01       		.byte	1
 108 004f 40       		.byte	64
 109 0050 05       		.byte	5
 110 0051 40       		.byte	64
 111 0052 01       		.byte	1
 112 0053 40       		.byte	64
 113 0054 05       		.byte	5
 114 0055 41       		.byte	65
ARM GAS  C:\Users\adria\AppData\Local\Temp\ccAxdtSc.s 			page 3


 115 0056 01       		.byte	1
 116 0057 40       		.byte	64
 117 0058 08       		.byte	8
 118 0059 42       		.byte	66
 119 005a 01       		.byte	1
 120 005b 40       		.byte	64
 121 005c 03       		.byte	3
 122 005d 43       		.byte	67
 123 005e 01       		.byte	1
 124 005f 40       		.byte	64
 125 0060 05       		.byte	5
 126 0061 44       		.byte	68
 127 0062 01       		.byte	1
 128 0063 40       		.byte	64
 129 0064 0A       		.byte	10
 130 0065 45       		.byte	69
 131 0066 01       		.byte	1
 132 0067 40       		.byte	64
 133 0068 01       		.byte	1
 134 0069 46       		.byte	70
 135 006a 01       		.byte	1
 136 006b 40       		.byte	64
 137 006c 03       		.byte	3
 138 006d 47       		.byte	71
 139 006e 01       		.byte	1
 140 006f 40       		.byte	64
 141 0070 0B       		.byte	11
 142 0071 48       		.byte	72
 143 0072 01       		.byte	1
 144 0073 40       		.byte	64
 145 0074 22       		.byte	34
 146 0075 49       		.byte	73
 147 0076 01       		.byte	1
 148 0077 40       		.byte	64
 149 0078 0D       		.byte	13
 150 0079 4C       		.byte	76
 151 007a 01       		.byte	1
 152 007b 40       		.byte	64
 153 007c 0B       		.byte	11
 154 007d 4D       		.byte	77
 155 007e 01       		.byte	1
 156 007f 40       		.byte	64
 157 0080 05       		.byte	5
 158 0081 50       		.byte	80
 159 0082 01       		.byte	1
 160 0083 40       		.byte	64
 161 0084 03       		.byte	3
 162 0085 51       		.byte	81
 163 0086 01       		.byte	1
 164 0087 40       		.byte	64
 165 0088 08       		.byte	8
 166 0089 04       		.byte	4
 167 008a 18       		.byte	24
 168 008b 98       		.byte	-104
 169 008c 19       		.byte	25
 170 008d 54       		.byte	84
 171 008e 78       		.byte	120
ARM GAS  C:\Users\adria\AppData\Local\Temp\ccAxdtSc.s 			page 4


 172 008f 02       		.byte	2
 173 0090 7C       		.byte	124
 174 0091 08       		.byte	8
 175 0092 80       		.byte	-128
 176 0093 1F       		.byte	31
 177 0094 81       		.byte	-127
 178 0095 38       		.byte	56
 179 0096 84       		.byte	-124
 180 0097 72       		.byte	114
 181 0098 85       		.byte	-123
 182 0099 38       		.byte	56
 183 009a 86       		.byte	-122
 184 009b 72       		.byte	114
 185 009c 85       		.byte	-123
 186 009d 0F       		.byte	15
 187 009e 87       		.byte	-121
 188 009f 0F       		.byte	15
 189 00a0 01       		.byte	1
 190 00a1 0D       		.byte	13
 191 00a2 04       		.byte	4
 192 00a3 03       		.byte	3
 193 00a4 05       		.byte	5
 194 00a5 62       		.byte	98
 195 00a6 06       		.byte	6
 196 00a7 54       		.byte	84
 197 00a8 07       		.byte	7
 198 00a9 14       		.byte	20
 199 00aa 09       		.byte	9
 200 00ab 0D       		.byte	13
 201 00ac 0D       		.byte	13
 202 00ad 0D       		.byte	13
 203 00ae 0E       		.byte	14
 204 00af 20       		.byte	32
 205 00b0 10       		.byte	16
 206 00b1 41       		.byte	65
 207 00b2 12       		.byte	18
 208 00b3 1A       		.byte	26
 209 00b4 14       		.byte	20
 210 00b5 02       		.byte	2
 211 00b6 15       		.byte	21
 212 00b7 30       		.byte	48
 213 00b8 16       		.byte	22
 214 00b9 1D       		.byte	29
 215 00ba 18       		.byte	24
 216 00bb 43       		.byte	67
 217 00bc 19       		.byte	25
 218 00bd 02       		.byte	2
 219 00be 1A       		.byte	26
 220 00bf 0C       		.byte	12
 221 00c0 1B       		.byte	27
 222 00c1 0D       		.byte	13
 223 00c2 1C       		.byte	28
 224 00c3 30       		.byte	48
 225 00c4 1D       		.byte	29
 226 00c5 0D       		.byte	13
 227 00c6 20       		.byte	32
 228 00c7 30       		.byte	48
ARM GAS  C:\Users\adria\AppData\Local\Temp\ccAxdtSc.s 			page 5


 229 00c8 24       		.byte	36
 230 00c9 30       		.byte	48
 231 00ca 25       		.byte	37
 232 00cb 51       		.byte	81
 233 00cc 27       		.byte	39
 234 00cd 22       		.byte	34
 235 00ce 28       		.byte	40
 236 00cf 30       		.byte	48
 237 00d0 29       		.byte	41
 238 00d1 0D       		.byte	13
 239 00d2 2D       		.byte	45
 240 00d3 02       		.byte	2
 241 00d4 2E       		.byte	46
 242 00d5 30       		.byte	48
 243 00d6 2F       		.byte	47
 244 00d7 48       		.byte	72
 245 00d8 30       		.byte	48
 246 00d9 1F       		.byte	31
 247 00da 32       		.byte	50
 248 00db 40       		.byte	64
 249 00dc 33       		.byte	51
 250 00dd 70       		.byte	112
 251 00de 34       		.byte	52
 252 00df 20       		.byte	32
 253 00e0 35       		.byte	53
 254 00e1 0F       		.byte	15
 255 00e2 39       		.byte	57
 256 00e3 08       		.byte	8
 257 00e4 3A       		.byte	58
 258 00e5 02       		.byte	2
 259 00e6 3B       		.byte	59
 260 00e7 20       		.byte	32
 261 00e8 3E       		.byte	62
 262 00e9 10       		.byte	16
 263 00ea 56       		.byte	86
 264 00eb 02       		.byte	2
 265 00ec 57       		.byte	87
 266 00ed 20       		.byte	32
 267 00ee 58       		.byte	88
 268 00ef 04       		.byte	4
 269 00f0 59       		.byte	89
 270 00f1 04       		.byte	4
 271 00f2 5B       		.byte	91
 272 00f3 04       		.byte	4
 273 00f4 5C       		.byte	92
 274 00f5 22       		.byte	34
 275 00f6 5D       		.byte	93
 276 00f7 20       		.byte	32
 277 00f8 5F       		.byte	95
 278 00f9 01       		.byte	1
 279 00fa 86       		.byte	-122
 280 00fb 08       		.byte	8
 281 00fc 87       		.byte	-121
 282 00fd 01       		.byte	1
 283 00fe 88       		.byte	-120
 284 00ff 04       		.byte	4
 285 0100 8A       		.byte	-118
ARM GAS  C:\Users\adria\AppData\Local\Temp\ccAxdtSc.s 			page 6


 286 0101 08       		.byte	8
 287 0102 8E       		.byte	-114
 288 0103 06       		.byte	6
 289 0104 96       		.byte	-106
 290 0105 01       		.byte	1
 291 0106 9A       		.byte	-102
 292 0107 01       		.byte	1
 293 0108 A0       		.byte	-96
 294 0109 0C       		.byte	12
 295 010a A2       		.byte	-94
 296 010b 02       		.byte	2
 297 010c A4       		.byte	-92
 298 010d 10       		.byte	16
 299 010e A8       		.byte	-88
 300 010f 0A       		.byte	10
 301 0110 AA       		.byte	-86
 302 0111 04       		.byte	4
 303 0112 AB       		.byte	-85
 304 0113 01       		.byte	1
 305 0114 B0       		.byte	-80
 306 0115 0E       		.byte	14
 307 0116 B3       		.byte	-77
 308 0117 01       		.byte	1
 309 0118 B4       		.byte	-76
 310 0119 10       		.byte	16
 311 011a B6       		.byte	-74
 312 011b 01       		.byte	1
 313 011c BE       		.byte	-66
 314 011d 50       		.byte	80
 315 011e BF       		.byte	-65
 316 011f 04       		.byte	4
 317 0120 D4       		.byte	-44
 318 0121 18       		.byte	24
 319 0122 D6       		.byte	-42
 320 0123 04       		.byte	4
 321 0124 D8       		.byte	-40
 322 0125 04       		.byte	4
 323 0126 D9       		.byte	-39
 324 0127 04       		.byte	4
 325 0128 DB       		.byte	-37
 326 0129 04       		.byte	4
 327 012a DC       		.byte	-36
 328 012b 02       		.byte	2
 329 012c DF       		.byte	-33
 330 012d 01       		.byte	1
 331 012e 00       		.byte	0
 332 012f 84       		.byte	-124
 333 0130 04       		.byte	4
 334 0131 48       		.byte	72
 335 0132 07       		.byte	7
 336 0133 08       		.byte	8
 337 0134 08       		.byte	8
 338 0135 19       		.byte	25
 339 0136 09       		.byte	9
 340 0137 80       		.byte	-128
 341 0138 0E       		.byte	14
 342 0139 20       		.byte	32
ARM GAS  C:\Users\adria\AppData\Local\Temp\ccAxdtSc.s 			page 7


 343 013a 0F       		.byte	15
 344 013b 08       		.byte	8
 345 013c 10       		.byte	16
 346 013d 0A       		.byte	10
 347 013e 11       		.byte	17
 348 013f 05       		.byte	5
 349 0140 16       		.byte	22
 350 0141 98       		.byte	-104
 351 0142 1A       		.byte	26
 352 0143 10       		.byte	16
 353 0144 1B       		.byte	27
 354 0145 11       		.byte	17
 355 0146 1C       		.byte	28
 356 0147 40       		.byte	64
 357 0148 1D       		.byte	29
 358 0149 40       		.byte	64
 359 014a 1E       		.byte	30
 360 014b 08       		.byte	8
 361 014c 21       		.byte	33
 362 014d 20       		.byte	32
 363 014e 22       		.byte	34
 364 014f 08       		.byte	8
 365 0150 25       		.byte	37
 366 0151 08       		.byte	8
 367 0152 28       		.byte	40
 368 0153 15       		.byte	21
 369 0154 29       		.byte	41
 370 0155 08       		.byte	8
 371 0156 2A       		.byte	42
 372 0157 08       		.byte	8
 373 0158 2B       		.byte	43
 374 0159 02       		.byte	2
 375 015a 2F       		.byte	47
 376 015b 08       		.byte	8
 377 015c 31       		.byte	49
 378 015d 20       		.byte	32
 379 015e 32       		.byte	50
 380 015f 48       		.byte	72
 381 0160 38       		.byte	56
 382 0161 84       		.byte	-124
 383 0162 39       		.byte	57
 384 0163 11       		.byte	17
 385 0164 3C       		.byte	60
 386 0165 08       		.byte	8
 387 0166 45       		.byte	69
 388 0167 08       		.byte	8
 389 0168 46       		.byte	70
 390 0169 20       		.byte	32
 391 016a 5E       		.byte	94
 392 016b 01       		.byte	1
 393 016c 63       		.byte	99
 394 016d 02       		.byte	2
 395 016e 65       		.byte	101
 396 016f 40       		.byte	64
 397 0170 66       		.byte	102
 398 0171 20       		.byte	32
 399 0172 67       		.byte	103
ARM GAS  C:\Users\adria\AppData\Local\Temp\ccAxdtSc.s 			page 8


 400 0173 80       		.byte	-128
 401 0174 68       		.byte	104
 402 0175 0A       		.byte	10
 403 0176 69       		.byte	105
 404 0177 15       		.byte	21
 405 0178 6A       		.byte	106
 406 0179 80       		.byte	-128
 407 017a 6B       		.byte	107
 408 017b 40       		.byte	64
 409 017c 70       		.byte	112
 410 017d 40       		.byte	64
 411 017e 71       		.byte	113
 412 017f 80       		.byte	-128
 413 0180 78       		.byte	120
 414 0181 04       		.byte	4
 415 0182 79       		.byte	121
 416 0183 04       		.byte	4
 417 0184 82       		.byte	-126
 418 0185 10       		.byte	16
 419 0186 84       		.byte	-124
 420 0187 08       		.byte	8
 421 0188 87       		.byte	-121
 422 0189 01       		.byte	1
 423 018a C0       		.byte	-64
 424 018b E5       		.byte	-27
 425 018c C2       		.byte	-62
 426 018d 6F       		.byte	111
 427 018e C4       		.byte	-60
 428 018f 7F       		.byte	127
 429 0190 CA       		.byte	-54
 430 0191 2E       		.byte	46
 431 0192 CC       		.byte	-52
 432 0193 0E       		.byte	14
 433 0194 CE       		.byte	-50
 434 0195 4F       		.byte	79
 435 0196 D6       		.byte	-42
 436 0197 80       		.byte	-128
 437 0198 D8       		.byte	-40
 438 0199 B8       		.byte	-72
 439 019a E0       		.byte	-32
 440 019b 01       		.byte	1
 441 019c 03       		.byte	3
 442 019d 02       		.byte	2
 443 019e 0B       		.byte	11
 444 019f 01       		.byte	1
 445 01a0 27       		.byte	39
 446 01a1 01       		.byte	1
 447 01a2 29       		.byte	41
 448 01a3 04       		.byte	4
 449 01a4 31       		.byte	49
 450 01a5 04       		.byte	4
 451 01a6 33       		.byte	51
 452 01a7 03       		.byte	3
 453 01a8 3F       		.byte	63
 454 01a9 05       		.byte	5
 455 01aa 40       		.byte	64
 456 01ab 34       		.byte	52
ARM GAS  C:\Users\adria\AppData\Local\Temp\ccAxdtSc.s 			page 9


 457 01ac 41       		.byte	65
 458 01ad 05       		.byte	5
 459 01ae 42       		.byte	66
 460 01af 20       		.byte	32
 461 01b0 44       		.byte	68
 462 01b1 01       		.byte	1
 463 01b2 49       		.byte	73
 464 01b3 FF       		.byte	-1
 465 01b4 4A       		.byte	74
 466 01b5 FF       		.byte	-1
 467 01b6 4B       		.byte	75
 468 01b7 FF       		.byte	-1
 469 01b8 4C       		.byte	76
 470 01b9 02       		.byte	2
 471 01ba 4E       		.byte	78
 472 01bb 70       		.byte	112
 473 01bc 4F       		.byte	79
 474 01bd 0C       		.byte	12
 475 01be 50       		.byte	80
 476 01bf 04       		.byte	4
 477 01c0 59       		.byte	89
 478 01c1 04       		.byte	4
 479 01c2 5A       		.byte	90
 480 01c3 04       		.byte	4
 481 01c4 5D       		.byte	93
 482 01c5 02       		.byte	2
 483 01c6 5F       		.byte	95
 484 01c7 01       		.byte	1
 485 01c8 62       		.byte	98
 486 01c9 C0       		.byte	-64
 487 01ca 64       		.byte	100
 488 01cb 40       		.byte	64
 489 01cc 65       		.byte	101
 490 01cd 01       		.byte	1
 491 01ce 66       		.byte	102
 492 01cf 10       		.byte	16
 493 01d0 67       		.byte	103
 494 01d1 11       		.byte	17
 495 01d2 68       		.byte	104
 496 01d3 C0       		.byte	-64
 497 01d4 69       		.byte	105
 498 01d5 01       		.byte	1
 499 01d6 6B       		.byte	107
 500 01d7 11       		.byte	17
 501 01d8 6C       		.byte	108
 502 01d9 40       		.byte	64
 503 01da 6D       		.byte	109
 504 01db 01       		.byte	1
 505 01dc 6E       		.byte	110
 506 01dd 40       		.byte	64
 507 01de 6F       		.byte	111
 508 01df 01       		.byte	1
 509 01e0 00       		.byte	0
 510 01e1 44       		.byte	68
 511 01e2 03       		.byte	3
 512 01e3 40       		.byte	64
 513 01e4 08       		.byte	8
ARM GAS  C:\Users\adria\AppData\Local\Temp\ccAxdtSc.s 			page 10


 514 01e5 91       		.byte	-111
 515 01e6 10       		.byte	16
 516 01e7 08       		.byte	8
 517 01e8 11       		.byte	17
 518 01e9 04       		.byte	4
 519 01ea 12       		.byte	18
 520 01eb 01       		.byte	1
 521 01ec 18       		.byte	24
 522 01ed 20       		.byte	32
 523 01ee 19       		.byte	25
 524 01ef 48       		.byte	72
 525 01f0 1B       		.byte	27
 526 01f1 02       		.byte	2
 527 01f2 20       		.byte	32
 528 01f3 04       		.byte	4
 529 01f4 21       		.byte	33
 530 01f5 04       		.byte	4
 531 01f6 22       		.byte	34
 532 01f7 50       		.byte	80
 533 01f8 23       		.byte	35
 534 01f9 28       		.byte	40
 535 01fa 25       		.byte	37
 536 01fb 02       		.byte	2
 537 01fc 26       		.byte	38
 538 01fd 08       		.byte	8
 539 01fe 28       		.byte	40
 540 01ff 10       		.byte	16
 541 0200 29       		.byte	41
 542 0201 08       		.byte	8
 543 0202 2B       		.byte	43
 544 0203 02       		.byte	2
 545 0204 2E       		.byte	46
 546 0205 10       		.byte	16
 547 0206 2F       		.byte	47
 548 0207 20       		.byte	32
 549 0208 30       		.byte	48
 550 0209 03       		.byte	3
 551 020a 32       		.byte	50
 552 020b 10       		.byte	16
 553 020c 33       		.byte	51
 554 020d 40       		.byte	64
 555 020e 38       		.byte	56
 556 020f C0       		.byte	-64
 557 0210 39       		.byte	57
 558 0211 14       		.byte	20
 559 0212 3A       		.byte	58
 560 0213 01       		.byte	1
 561 0214 3D       		.byte	61
 562 0215 20       		.byte	32
 563 0216 3F       		.byte	63
 564 0217 02       		.byte	2
 565 0218 40       		.byte	64
 566 0219 86       		.byte	-122
 567 021a 41       		.byte	65
 568 021b 04       		.byte	4
 569 021c 42       		.byte	66
 570 021d 80       		.byte	-128
ARM GAS  C:\Users\adria\AppData\Local\Temp\ccAxdtSc.s 			page 11


 571 021e 43       		.byte	67
 572 021f 02       		.byte	2
 573 0220 44       		.byte	68
 574 0221 02       		.byte	2
 575 0222 46       		.byte	70
 576 0223 80       		.byte	-128
 577 0224 47       		.byte	71
 578 0225 28       		.byte	40
 579 0226 48       		.byte	72
 580 0227 40       		.byte	64
 581 0228 49       		.byte	73
 582 0229 84       		.byte	-124
 583 022a 4A       		.byte	74
 584 022b 80       		.byte	-128
 585 022c 4D       		.byte	77
 586 022d 80       		.byte	-128
 587 022e 50       		.byte	80
 588 022f 05       		.byte	5
 589 0230 51       		.byte	81
 590 0231 20       		.byte	32
 591 0232 52       		.byte	82
 592 0233 01       		.byte	1
 593 0234 58       		.byte	88
 594 0235 20       		.byte	32
 595 0236 59       		.byte	89
 596 0237 04       		.byte	4
 597 0238 5A       		.byte	90
 598 0239 80       		.byte	-128
 599 023a 5B       		.byte	91
 600 023b 01       		.byte	1
 601 023c 61       		.byte	97
 602 023d 40       		.byte	64
 603 023e 6A       		.byte	106
 604 023f 40       		.byte	64
 605 0240 80       		.byte	-128
 606 0241 10       		.byte	16
 607 0242 81       		.byte	-127
 608 0243 80       		.byte	-128
 609 0244 87       		.byte	-121
 610 0245 21       		.byte	33
 611 0246 88       		.byte	-120
 612 0247 02       		.byte	2
 613 0248 8E       		.byte	-114
 614 0249 40       		.byte	64
 615 024a 90       		.byte	-112
 616 024b 80       		.byte	-128
 617 024c 91       		.byte	-111
 618 024d 14       		.byte	20
 619 024e 94       		.byte	-108
 620 024f 0C       		.byte	12
 621 0250 96       		.byte	-106
 622 0251 01       		.byte	1
 623 0252 9B       		.byte	-101
 624 0253 40       		.byte	64
 625 0254 9D       		.byte	-99
 626 0255 08       		.byte	8
 627 0256 9E       		.byte	-98
ARM GAS  C:\Users\adria\AppData\Local\Temp\ccAxdtSc.s 			page 12


 628 0257 90       		.byte	-112
 629 0258 9F       		.byte	-97
 630 0259 08       		.byte	8
 631 025a A0       		.byte	-96
 632 025b 0A       		.byte	10
 633 025c A2       		.byte	-94
 634 025d 04       		.byte	4
 635 025e A3       		.byte	-93
 636 025f 10       		.byte	16
 637 0260 A4       		.byte	-92
 638 0261 44       		.byte	68
 639 0262 A6       		.byte	-90
 640 0263 10       		.byte	16
 641 0264 A7       		.byte	-89
 642 0265 0E       		.byte	14
 643 0266 AF       		.byte	-81
 644 0267 40       		.byte	64
 645 0268 B2       		.byte	-78
 646 0269 08       		.byte	8
 647 026a C0       		.byte	-64
 648 026b 0D       		.byte	13
 649 026c C2       		.byte	-62
 650 026d 0B       		.byte	11
 651 026e C4       		.byte	-60
 652 026f 07       		.byte	7
 653 0270 CA       		.byte	-54
 654 0271 6A       		.byte	106
 655 0272 CC       		.byte	-52
 656 0273 0D       		.byte	13
 657 0274 CE       		.byte	-50
 658 0275 AF       		.byte	-81
 659 0276 D0       		.byte	-48
 660 0277 FF       		.byte	-1
 661 0278 D2       		.byte	-46
 662 0279 18       		.byte	24
 663 027a D6       		.byte	-42
 664 027b 0F       		.byte	15
 665 027c D8       		.byte	-40
 666 027d 08       		.byte	8
 667 027e 93       		.byte	-109
 668 027f 02       		.byte	2
 669 0280 9B       		.byte	-101
 670 0281 02       		.byte	2
 671 0282 9C       		.byte	-100
 672 0283 01       		.byte	1
 673 0284 9F       		.byte	-97
 674 0285 01       		.byte	1
 675 0286 AB       		.byte	-85
 676 0287 01       		.byte	1
 677 0288 B4       		.byte	-76
 678 0289 01       		.byte	1
 679 028a B5       		.byte	-75
 680 028b 01       		.byte	1
 681 028c B7       		.byte	-73
 682 028d 02       		.byte	2
 683 028e BE       		.byte	-66
 684 028f 10       		.byte	16
ARM GAS  C:\Users\adria\AppData\Local\Temp\ccAxdtSc.s 			page 13


 685 0290 BF       		.byte	-65
 686 0291 50       		.byte	80
 687 0292 D4       		.byte	-44
 688 0293 18       		.byte	24
 689 0294 D6       		.byte	-42
 690 0295 04       		.byte	4
 691 0296 D8       		.byte	-40
 692 0297 04       		.byte	4
 693 0298 D9       		.byte	-39
 694 0299 04       		.byte	4
 695 029a DB       		.byte	-37
 696 029b 04       		.byte	4
 697 029c DD       		.byte	-35
 698 029d 10       		.byte	16
 699 029e DF       		.byte	-33
 700 029f 01       		.byte	1
 701 02a0 00       		.byte	0
 702 02a1 04       		.byte	4
 703 02a2 02       		.byte	2
 704 02a3 04       		.byte	4
 705 02a4 03       		.byte	3
 706 02a5 02       		.byte	2
 707 02a6 0A       		.byte	10
 708 02a7 62       		.byte	98
 709 02a8 0B       		.byte	11
 710 02a9 04       		.byte	4
 711 02aa 0F       		.byte	15
 712 02ab 01       		.byte	1
 713 02ac 10       		.byte	16
 714 02ad 80       		.byte	-128
 715 02ae 13       		.byte	19
 716 02af 50       		.byte	80
 717 02b0 19       		.byte	25
 718 02b1 62       		.byte	98
 719 02b2 1A       		.byte	26
 720 02b3 60       		.byte	96
 721 02b4 1E       		.byte	30
 722 02b5 04       		.byte	4
 723 02b6 20       		.byte	32
 724 02b7 04       		.byte	4
 725 02b8 22       		.byte	34
 726 02b9 05       		.byte	5
 727 02ba 23       		.byte	35
 728 02bb 02       		.byte	2
 729 02bc 27       		.byte	39
 730 02bd 09       		.byte	9
 731 02be 28       		.byte	40
 732 02bf 04       		.byte	4
 733 02c0 29       		.byte	41
 734 02c1 02       		.byte	2
 735 02c2 2B       		.byte	43
 736 02c3 02       		.byte	2
 737 02c4 2F       		.byte	47
 738 02c5 04       		.byte	4
 739 02c6 30       		.byte	48
 740 02c7 40       		.byte	64
 741 02c8 31       		.byte	49
ARM GAS  C:\Users\adria\AppData\Local\Temp\ccAxdtSc.s 			page 14


 742 02c9 04       		.byte	4
 743 02ca 32       		.byte	50
 744 02cb 01       		.byte	1
 745 02cc 33       		.byte	51
 746 02cd 20       		.byte	32
 747 02ce 34       		.byte	52
 748 02cf 28       		.byte	40
 749 02d0 35       		.byte	53
 750 02d1 60       		.byte	96
 751 02d2 36       		.byte	54
 752 02d3 02       		.byte	2
 753 02d4 37       		.byte	55
 754 02d5 08       		.byte	8
 755 02d6 38       		.byte	56
 756 02d7 64       		.byte	100
 757 02d8 3A       		.byte	58
 758 02d9 02       		.byte	2
 759 02da 3B       		.byte	59
 760 02db 40       		.byte	64
 761 02dc 40       		.byte	64
 762 02dd 24       		.byte	36
 763 02de 43       		.byte	67
 764 02df 02       		.byte	2
 765 02e0 44       		.byte	68
 766 02e1 04       		.byte	4
 767 02e2 45       		.byte	69
 768 02e3 10       		.byte	16
 769 02e4 46       		.byte	70
 770 02e5 80       		.byte	-128
 771 02e6 47       		.byte	71
 772 02e7 01       		.byte	1
 773 02e8 4A       		.byte	74
 774 02e9 08       		.byte	8
 775 02ea 4B       		.byte	75
 776 02eb 40       		.byte	64
 777 02ec 52       		.byte	82
 778 02ed 02       		.byte	2
 779 02ee 53       		.byte	83
 780 02ef 04       		.byte	4
 781 02f0 5A       		.byte	90
 782 02f1 08       		.byte	8
 783 02f2 5F       		.byte	95
 784 02f3 02       		.byte	2
 785 02f4 64       		.byte	100
 786 02f5 08       		.byte	8
 787 02f6 65       		.byte	101
 788 02f7 01       		.byte	1
 789 02f8 66       		.byte	102
 790 02f9 80       		.byte	-128
 791 02fa 69       		.byte	105
 792 02fb 14       		.byte	20
 793 02fc 6A       		.byte	106
 794 02fd 80       		.byte	-128
 795 02fe 70       		.byte	112
 796 02ff 90       		.byte	-112
 797 0300 71       		.byte	113
 798 0301 04       		.byte	4
ARM GAS  C:\Users\adria\AppData\Local\Temp\ccAxdtSc.s 			page 15


 799 0302 72       		.byte	114
 800 0303 02       		.byte	2
 801 0304 73       		.byte	115
 802 0305 14       		.byte	20
 803 0306 78       		.byte	120
 804 0307 40       		.byte	64
 805 0308 7B       		.byte	123
 806 0309 01       		.byte	1
 807 030a 81       		.byte	-127
 808 030b 01       		.byte	1
 809 030c 96       		.byte	-106
 810 030d 11       		.byte	17
 811 030e 9E       		.byte	-98
 812 030f 10       		.byte	16
 813 0310 A1       		.byte	-95
 814 0311 20       		.byte	32
 815 0312 A2       		.byte	-94
 816 0313 8C       		.byte	-116
 817 0314 A3       		.byte	-93
 818 0315 10       		.byte	16
 819 0316 A4       		.byte	-92
 820 0317 04       		.byte	4
 821 0318 A5       		.byte	-91
 822 0319 10       		.byte	16
 823 031a A6       		.byte	-90
 824 031b 10       		.byte	16
 825 031c A7       		.byte	-89
 826 031d 2D       		.byte	45
 827 031e B1       		.byte	-79
 828 031f 02       		.byte	2
 829 0320 B4       		.byte	-76
 830 0321 21       		.byte	33
 831 0322 C0       		.byte	-64
 832 0323 07       		.byte	7
 833 0324 C2       		.byte	-62
 834 0325 8F       		.byte	-113
 835 0326 C4       		.byte	-60
 836 0327 0B       		.byte	11
 837 0328 CA       		.byte	-54
 838 0329 2D       		.byte	45
 839 032a CC       		.byte	-52
 840 032b BF       		.byte	-65
 841 032c CE       		.byte	-50
 842 032d 0F       		.byte	15
 843 032e D0       		.byte	-48
 844 032f 07       		.byte	7
 845 0330 D2       		.byte	-46
 846 0331 0C       		.byte	12
 847 0332 D6       		.byte	-42
 848 0333 82       		.byte	-126
 849 0334 D8       		.byte	-40
 850 0335 B0       		.byte	-80
 851 0336 EE       		.byte	-18
 852 0337 20       		.byte	32
 853 0338 00       		.byte	0
 854 0339 24       		.byte	36
 855 033a 03       		.byte	3
ARM GAS  C:\Users\adria\AppData\Local\Temp\ccAxdtSc.s 			page 16


 856 033b 63       		.byte	99
 857 033c 04       		.byte	4
 858 033d 1C       		.byte	28
 859 033e 05       		.byte	5
 860 033f 04       		.byte	4
 861 0340 06       		.byte	6
 862 0341 E2       		.byte	-30
 863 0342 08       		.byte	8
 864 0343 08       		.byte	8
 865 0344 09       		.byte	9
 866 0345 0C       		.byte	12
 867 0346 0C       		.byte	12
 868 0347 10       		.byte	16
 869 0348 0D       		.byte	13
 870 0349 1F       		.byte	31
 871 034a 0F       		.byte	15
 872 034b 60       		.byte	96
 873 034c 10       		.byte	16
 874 034d 1C       		.byte	28
 875 034e 11       		.byte	17
 876 034f 73       		.byte	115
 877 0350 12       		.byte	18
 878 0351 E1       		.byte	-31
 879 0352 13       		.byte	19
 880 0353 0C       		.byte	12
 881 0354 14       		.byte	20
 882 0355 FF       		.byte	-1
 883 0356 15       		.byte	21
 884 0357 03       		.byte	3
 885 0358 18       		.byte	24
 886 0359 40       		.byte	64
 887 035a 19       		.byte	25
 888 035b 02       		.byte	2
 889 035c 1E       		.byte	30
 890 035d 04       		.byte	4
 891 035e 20       		.byte	32
 892 035f E7       		.byte	-25
 893 0360 21       		.byte	33
 894 0361 08       		.byte	8
 895 0362 22       		.byte	34
 896 0363 18       		.byte	24
 897 0364 24       		.byte	36
 898 0365 60       		.byte	96
 899 0366 25       		.byte	37
 900 0367 7F       		.byte	127
 901 0368 28       		.byte	40
 902 0369 18       		.byte	24
 903 036a 29       		.byte	41
 904 036b 5C       		.byte	92
 905 036c 2B       		.byte	43
 906 036d 23       		.byte	35
 907 036e 2D       		.byte	45
 908 036f 01       		.byte	1
 909 0370 2E       		.byte	46
 910 0371 63       		.byte	99
 911 0372 30       		.byte	48
 912 0373 60       		.byte	96
ARM GAS  C:\Users\adria\AppData\Local\Temp\ccAxdtSc.s 			page 17


 913 0374 31       		.byte	49
 914 0375 10       		.byte	16
 915 0376 32       		.byte	50
 916 0377 1F       		.byte	31
 917 0378 33       		.byte	51
 918 0379 2C       		.byte	44
 919 037a 34       		.byte	52
 920 037b 80       		.byte	-128
 921 037c 35       		.byte	53
 922 037d 4C       		.byte	76
 923 037e 37       		.byte	55
 924 037f 0F       		.byte	15
 925 0380 38       		.byte	56
 926 0381 20       		.byte	32
 927 0382 3A       		.byte	58
 928 0383 08       		.byte	8
 929 0384 3B       		.byte	59
 930 0385 88       		.byte	-120
 931 0386 3F       		.byte	63
 932 0387 01       		.byte	1
 933 0388 56       		.byte	86
 934 0389 02       		.byte	2
 935 038a 57       		.byte	87
 936 038b 13       		.byte	19
 937 038c 58       		.byte	88
 938 038d 04       		.byte	4
 939 038e 59       		.byte	89
 940 038f 04       		.byte	4
 941 0390 5B       		.byte	91
 942 0391 04       		.byte	4
 943 0392 5F       		.byte	95
 944 0393 01       		.byte	1
 945 0394 80       		.byte	-128
 946 0395 08       		.byte	8
 947 0396 82       		.byte	-126
 948 0397 14       		.byte	20
 949 0398 84       		.byte	-124
 950 0399 12       		.byte	18
 951 039a 86       		.byte	-122
 952 039b 09       		.byte	9
 953 039c 94       		.byte	-108
 954 039d 05       		.byte	5
 955 039e 96       		.byte	-106
 956 039f 0A       		.byte	10
 957 03a0 A4       		.byte	-92
 958 03a1 1F       		.byte	31
 959 03a2 A8       		.byte	-88
 960 03a3 1F       		.byte	31
 961 03a4 B0       		.byte	-80
 962 03a5 1C       		.byte	28
 963 03a6 B4       		.byte	-76
 964 03a7 03       		.byte	3
 965 03a8 BB       		.byte	-69
 966 03a9 02       		.byte	2
 967 03aa C0       		.byte	-64
 968 03ab 02       		.byte	2
 969 03ac C6       		.byte	-58
ARM GAS  C:\Users\adria\AppData\Local\Temp\ccAxdtSc.s 			page 18


 970 03ad 40       		.byte	64
 971 03ae C9       		.byte	-55
 972 03af FF       		.byte	-1
 973 03b0 CA       		.byte	-54
 974 03b1 07       		.byte	7
 975 03b2 CB       		.byte	-53
 976 03b3 FF       		.byte	-1
 977 03b4 CC       		.byte	-52
 978 03b5 40       		.byte	64
 979 03b6 CD       		.byte	-51
 980 03b7 20       		.byte	32
 981 03b8 CE       		.byte	-50
 982 03b9 F0       		.byte	-16
 983 03ba CF       		.byte	-49
 984 03bb 05       		.byte	5
 985 03bc D0       		.byte	-48
 986 03bd 08       		.byte	8
 987 03be D4       		.byte	-44
 988 03bf 40       		.byte	64
 989 03c0 D8       		.byte	-40
 990 03c1 04       		.byte	4
 991 03c2 D9       		.byte	-39
 992 03c3 04       		.byte	4
 993 03c4 DA       		.byte	-38
 994 03c5 04       		.byte	4
 995 03c6 DB       		.byte	-37
 996 03c7 04       		.byte	4
 997 03c8 DC       		.byte	-36
 998 03c9 11       		.byte	17
 999 03ca DD       		.byte	-35
 1000 03cb 21       		.byte	33
 1001 03cc DF       		.byte	-33
 1002 03cd 01       		.byte	1
 1003 03ce E0       		.byte	-32
 1004 03cf 40       		.byte	64
 1005 03d0 E1       		.byte	-31
 1006 03d1 A8       		.byte	-88
 1007 03d2 E2       		.byte	-30
 1008 03d3 40       		.byte	64
 1009 03d4 E3       		.byte	-29
 1010 03d5 20       		.byte	32
 1011 03d6 01       		.byte	1
 1012 03d7 02       		.byte	2
 1013 03d8 03       		.byte	3
 1014 03d9 20       		.byte	32
 1015 03da 05       		.byte	5
 1016 03db 04       		.byte	4
 1017 03dc 06       		.byte	6
 1018 03dd 85       		.byte	-123
 1019 03de 08       		.byte	8
 1020 03df 04       		.byte	4
 1021 03e0 0A       		.byte	10
 1022 03e1 01       		.byte	1
 1023 03e2 0B       		.byte	11
 1024 03e3 02       		.byte	2
 1025 03e4 0C       		.byte	12
 1026 03e5 10       		.byte	16
ARM GAS  C:\Users\adria\AppData\Local\Temp\ccAxdtSc.s 			page 19


 1027 03e6 0D       		.byte	13
 1028 03e7 80       		.byte	-128
 1029 03e8 0E       		.byte	14
 1030 03e9 40       		.byte	64
 1031 03ea 0F       		.byte	15
 1032 03eb 10       		.byte	16
 1033 03ec 11       		.byte	17
 1034 03ed 14       		.byte	20
 1035 03ee 16       		.byte	22
 1036 03ef 02       		.byte	2
 1037 03f0 17       		.byte	23
 1038 03f1 25       		.byte	37
 1039 03f2 19       		.byte	25
 1040 03f3 02       		.byte	2
 1041 03f4 1B       		.byte	27
 1042 03f5 21       		.byte	33
 1043 03f6 1C       		.byte	28
 1044 03f7 08       		.byte	8
 1045 03f8 1D       		.byte	29
 1046 03f9 04       		.byte	4
 1047 03fa 1F       		.byte	31
 1048 03fb 05       		.byte	5
 1049 03fc 20       		.byte	32
 1050 03fd 40       		.byte	64
 1051 03fe 26       		.byte	38
 1052 03ff 19       		.byte	25
 1053 0400 27       		.byte	39
 1054 0401 01       		.byte	1
 1055 0402 2C       		.byte	44
 1056 0403 80       		.byte	-128
 1057 0404 2E       		.byte	46
 1058 0405 80       		.byte	-128
 1059 0406 2F       		.byte	47
 1060 0407 14       		.byte	20
 1061 0408 34       		.byte	52
 1062 0409 10       		.byte	16
 1063 040a 37       		.byte	55
 1064 040b 05       		.byte	5
 1065 040c 3C       		.byte	60
 1066 040d 02       		.byte	2
 1067 040e 3E       		.byte	62
 1068 040f 6A       		.byte	106
 1069 0410 40       		.byte	64
 1070 0411 04       		.byte	4
 1071 0412 4B       		.byte	75
 1072 0413 04       		.byte	4
 1073 0414 51       		.byte	81
 1074 0415 10       		.byte	16
 1075 0416 5E       		.byte	94
 1076 0417 02       		.byte	2
 1077 0418 61       		.byte	97
 1078 0419 20       		.byte	32
 1079 041a 62       		.byte	98
 1080 041b 80       		.byte	-128
 1081 041c 63       		.byte	99
 1082 041d 20       		.byte	32
 1083 041e 6C       		.byte	108
ARM GAS  C:\Users\adria\AppData\Local\Temp\ccAxdtSc.s 			page 20


 1084 041f 08       		.byte	8
 1085 0420 6D       		.byte	109
 1086 0421 48       		.byte	72
 1087 0422 74       		.byte	116
 1088 0423 80       		.byte	-128
 1089 0424 76       		.byte	118
 1090 0425 2D       		.byte	45
 1091 0426 77       		.byte	119
 1092 0427 20       		.byte	32
 1093 0428 78       		.byte	120
 1094 0429 08       		.byte	8
 1095 042a 7A       		.byte	122
 1096 042b 10       		.byte	16
 1097 042c 91       		.byte	-111
 1098 042d 14       		.byte	20
 1099 042e 92       		.byte	-110
 1100 042f 84       		.byte	-124
 1101 0430 94       		.byte	-108
 1102 0431 40       		.byte	64
 1103 0432 96       		.byte	-106
 1104 0433 11       		.byte	17
 1105 0434 97       		.byte	-105
 1106 0435 01       		.byte	1
 1107 0436 98       		.byte	-104
 1108 0437 04       		.byte	4
 1109 0438 9E       		.byte	-98
 1110 0439 10       		.byte	16
 1111 043a A1       		.byte	-95
 1112 043b 20       		.byte	32
 1113 043c A2       		.byte	-94
 1114 043d 84       		.byte	-124
 1115 043e A3       		.byte	-93
 1116 043f 10       		.byte	16
 1117 0440 A4       		.byte	-92
 1118 0441 04       		.byte	4
 1119 0442 A6       		.byte	-90
 1120 0443 10       		.byte	16
 1121 0444 A7       		.byte	-89
 1122 0445 2F       		.byte	47
 1123 0446 A9       		.byte	-87
 1124 0447 10       		.byte	16
 1125 0448 AA       		.byte	-86
 1126 0449 04       		.byte	4
 1127 044a C0       		.byte	-64
 1128 044b FC       		.byte	-4
 1129 044c C2       		.byte	-62
 1130 044d F4       		.byte	-12
 1131 044e C4       		.byte	-60
 1132 044f F6       		.byte	-10
 1133 0450 CA       		.byte	-54
 1134 0451 F0       		.byte	-16
 1135 0452 CC       		.byte	-52
 1136 0453 E0       		.byte	-32
 1137 0454 CE       		.byte	-50
 1138 0455 F0       		.byte	-16
 1139 0456 D0       		.byte	-48
 1140 0457 04       		.byte	4
ARM GAS  C:\Users\adria\AppData\Local\Temp\ccAxdtSc.s 			page 21


 1141 0458 D6       		.byte	-42
 1142 0459 80       		.byte	-128
 1143 045a D8       		.byte	-40
 1144 045b 0E       		.byte	14
 1145 045c EA       		.byte	-22
 1146 045d 01       		.byte	1
 1147 045e EA       		.byte	-22
 1148 045f 01       		.byte	1
 1149 0460 E2       		.byte	-30
 1150 0461 20       		.byte	32
 1151 0462 E4       		.byte	-28
 1152 0463 40       		.byte	64
 1153 0464 EC       		.byte	-20
 1154 0465 80       		.byte	-128
 1155 0466 E0       		.byte	-32
 1156 0467 01       		.byte	1
 1157 0468 02       		.byte	2
 1158 0469 08       		.byte	8
 1159 046a 04       		.byte	4
 1160 046b 5C       		.byte	92
 1161 046c 05       		.byte	5
 1162 046d 60       		.byte	96
 1163 046e 06       		.byte	6
 1164 046f 03       		.byte	3
 1165 0470 07       		.byte	7
 1166 0471 80       		.byte	-128
 1167 0472 0B       		.byte	11
 1168 0473 08       		.byte	8
 1169 0474 0D       		.byte	13
 1170 0475 5C       		.byte	92
 1171 0476 0F       		.byte	15
 1172 0477 83       		.byte	-125
 1173 0478 15       		.byte	21
 1174 0479 61       		.byte	97
 1175 047a 17       		.byte	23
 1176 047b 8E       		.byte	-114
 1177 047c 18       		.byte	24
 1178 047d 61       		.byte	97
 1179 047e 19       		.byte	25
 1180 047f 61       		.byte	97
 1181 0480 1A       		.byte	26
 1182 0481 0E       		.byte	14
 1183 0482 1B       		.byte	27
 1184 0483 96       		.byte	-106
 1185 0484 1F       		.byte	31
 1186 0485 1C       		.byte	28
 1187 0486 22       		.byte	34
 1188 0487 1C       		.byte	28
 1189 0488 26       		.byte	38
 1190 0489 23       		.byte	35
 1191 048a 27       		.byte	39
 1192 048b A3       		.byte	-93
 1193 048c 28       		.byte	40
 1194 048d 61       		.byte	97
 1195 048e 2A       		.byte	42
 1196 048f 16       		.byte	22
 1197 0490 30       		.byte	48
ARM GAS  C:\Users\adria\AppData\Local\Temp\ccAxdtSc.s 			page 22


 1198 0491 60       		.byte	96
 1199 0492 31       		.byte	49
 1200 0493 0F       		.byte	15
 1201 0494 32       		.byte	50
 1202 0495 0F       		.byte	15
 1203 0496 33       		.byte	51
 1204 0497 1A       		.byte	26
 1205 0498 34       		.byte	52
 1206 0499 1A       		.byte	26
 1207 049a 35       		.byte	53
 1208 049b F0       		.byte	-16
 1209 049c 38       		.byte	56
 1210 049d 02       		.byte	2
 1211 049e 3A       		.byte	58
 1212 049f 28       		.byte	40
 1213 04a0 3B       		.byte	59
 1214 04a1 2A       		.byte	42
 1215 04a2 3E       		.byte	62
 1216 04a3 01       		.byte	1
 1217 04a4 40       		.byte	64
 1218 04a5 04       		.byte	4
 1219 04a6 45       		.byte	69
 1220 04a7 40       		.byte	64
 1221 04a8 49       		.byte	73
 1222 04a9 FF       		.byte	-1
 1223 04aa 4A       		.byte	74
 1224 04ab 07       		.byte	7
 1225 04ac 4B       		.byte	75
 1226 04ad FF       		.byte	-1
 1227 04ae 4C       		.byte	76
 1228 04af 40       		.byte	64
 1229 04b0 4D       		.byte	77
 1230 04b1 20       		.byte	32
 1231 04b2 4E       		.byte	78
 1232 04b3 F0       		.byte	-16
 1233 04b4 4F       		.byte	79
 1234 04b5 05       		.byte	5
 1235 04b6 50       		.byte	80
 1236 04b7 08       		.byte	8
 1237 04b8 58       		.byte	88
 1238 04b9 04       		.byte	4
 1239 04ba 59       		.byte	89
 1240 04bb 04       		.byte	4
 1241 04bc 5A       		.byte	90
 1242 04bd 04       		.byte	4
 1243 04be 5C       		.byte	92
 1244 04bf 10       		.byte	16
 1245 04c0 5F       		.byte	95
 1246 04c1 01       		.byte	1
 1247 04c2 60       		.byte	96
 1248 04c3 40       		.byte	64
 1249 04c4 61       		.byte	97
 1250 04c5 A8       		.byte	-88
 1251 04c6 62       		.byte	98
 1252 04c7 40       		.byte	64
 1253 04c8 63       		.byte	99
 1254 04c9 20       		.byte	32
ARM GAS  C:\Users\adria\AppData\Local\Temp\ccAxdtSc.s 			page 23


 1255 04ca 80       		.byte	-128
 1256 04cb 10       		.byte	16
 1257 04cc 81       		.byte	-127
 1258 04cd 03       		.byte	3
 1259 04ce 83       		.byte	-125
 1260 04cf 14       		.byte	20
 1261 04d0 84       		.byte	-124
 1262 04d1 1C       		.byte	28
 1263 04d2 85       		.byte	-123
 1264 04d3 40       		.byte	64
 1265 04d4 86       		.byte	-122
 1266 04d5 02       		.byte	2
 1267 04d6 87       		.byte	-121
 1268 04d7 15       		.byte	21
 1269 04d8 88       		.byte	-120
 1270 04d9 0C       		.byte	12
 1271 04da 89       		.byte	-119
 1272 04db 33       		.byte	51
 1273 04dc 8A       		.byte	-118
 1274 04dd 11       		.byte	17
 1275 04de 8B       		.byte	-117
 1276 04df 0C       		.byte	12
 1277 04e0 8C       		.byte	-116
 1278 04e1 09       		.byte	9
 1279 04e2 8E       		.byte	-114
 1280 04e3 10       		.byte	16
 1281 04e4 93       		.byte	-109
 1282 04e5 08       		.byte	8
 1283 04e6 95       		.byte	-107
 1284 04e7 0A       		.byte	10
 1285 04e8 96       		.byte	-106
 1286 04e9 03       		.byte	3
 1287 04ea 97       		.byte	-105
 1288 04eb 34       		.byte	52
 1289 04ec 98       		.byte	-104
 1290 04ed 14       		.byte	20
 1291 04ee A4       		.byte	-92
 1292 04ef 10       		.byte	16
 1293 04f0 A5       		.byte	-91
 1294 04f1 33       		.byte	51
 1295 04f2 A6       		.byte	-90
 1296 04f3 0C       		.byte	12
 1297 04f4 A7       		.byte	-89
 1298 04f5 04       		.byte	4
 1299 04f6 B1       		.byte	-79
 1300 04f7 10       		.byte	16
 1301 04f8 B2       		.byte	-78
 1302 04f9 1F       		.byte	31
 1303 04fa B5       		.byte	-75
 1304 04fb 0F       		.byte	15
 1305 04fc B7       		.byte	-73
 1306 04fd 60       		.byte	96
 1307 04fe B9       		.byte	-71
 1308 04ff 80       		.byte	-128
 1309 0500 BB       		.byte	-69
 1310 0501 20       		.byte	32
 1311 0502 BF       		.byte	-65
ARM GAS  C:\Users\adria\AppData\Local\Temp\ccAxdtSc.s 			page 24


 1312 0503 01       		.byte	1
 1313 0504 C0       		.byte	-64
 1314 0505 23       		.byte	35
 1315 0506 C1       		.byte	-63
 1316 0507 06       		.byte	6
 1317 0508 C5       		.byte	-59
 1318 0509 EB       		.byte	-21
 1319 050a C6       		.byte	-58
 1320 050b E0       		.byte	-32
 1321 050c C7       		.byte	-57
 1322 050d C0       		.byte	-64
 1323 050e C8       		.byte	-56
 1324 050f 2B       		.byte	43
 1325 0510 C9       		.byte	-55
 1326 0511 FF       		.byte	-1
 1327 0512 CA       		.byte	-54
 1328 0513 FF       		.byte	-1
 1329 0514 CB       		.byte	-53
 1330 0515 FF       		.byte	-1
 1331 0516 CE       		.byte	-50
 1332 0517 F0       		.byte	-16
 1333 0518 CF       		.byte	-49
 1334 0519 44       		.byte	68
 1335 051a D0       		.byte	-48
 1336 051b 0C       		.byte	12
 1337 051c D4       		.byte	-44
 1338 051d 01       		.byte	1
 1339 051e D6       		.byte	-42
 1340 051f 04       		.byte	4
 1341 0520 D8       		.byte	-40
 1342 0521 04       		.byte	4
 1343 0522 D9       		.byte	-39
 1344 0523 04       		.byte	4
 1345 0524 DA       		.byte	-38
 1346 0525 04       		.byte	4
 1347 0526 DB       		.byte	-37
 1348 0527 04       		.byte	4
 1349 0528 DF       		.byte	-33
 1350 0529 01       		.byte	1
 1351 052a E6       		.byte	-26
 1352 052b C0       		.byte	-64
 1353 052c EA       		.byte	-22
 1354 052d 40       		.byte	64
 1355 052e EB       		.byte	-21
 1356 052f 02       		.byte	2
 1357 0530 01       		.byte	1
 1358 0531 0A       		.byte	10
 1359 0532 05       		.byte	5
 1360 0533 19       		.byte	25
 1361 0534 07       		.byte	7
 1362 0535 02       		.byte	2
 1363 0536 0A       		.byte	10
 1364 0537 08       		.byte	8
 1365 0538 0E       		.byte	14
 1366 0539 10       		.byte	16
 1367 053a 0F       		.byte	15
 1368 053b 08       		.byte	8
ARM GAS  C:\Users\adria\AppData\Local\Temp\ccAxdtSc.s 			page 25


 1369 053c 10       		.byte	16
 1370 053d 20       		.byte	32
 1371 053e 11       		.byte	17
 1372 053f 20       		.byte	32
 1373 0540 13       		.byte	19
 1374 0541 0A       		.byte	10
 1375 0542 17       		.byte	23
 1376 0543 04       		.byte	4
 1377 0544 19       		.byte	25
 1378 0545 18       		.byte	24
 1379 0546 1A       		.byte	26
 1380 0547 08       		.byte	8
 1381 0548 1B       		.byte	27
 1382 0549 22       		.byte	34
 1383 054a 1E       		.byte	30
 1384 054b 10       		.byte	16
 1385 054c 20       		.byte	32
 1386 054d E8       		.byte	-24
 1387 054e 21       		.byte	33
 1388 054f 28       		.byte	40
 1389 0550 25       		.byte	37
 1390 0551 10       		.byte	16
 1391 0552 27       		.byte	39
 1392 0553 86       		.byte	-122
 1393 0554 28       		.byte	40
 1394 0555 20       		.byte	32
 1395 0556 2F       		.byte	47
 1396 0557 20       		.byte	32
 1397 0558 31       		.byte	49
 1398 0559 28       		.byte	40
 1399 055a 32       		.byte	50
 1400 055b 80       		.byte	-128
 1401 055c 35       		.byte	53
 1402 055d 08       		.byte	8
 1403 055e 37       		.byte	55
 1404 055f 02       		.byte	2
 1405 0560 38       		.byte	56
 1406 0561 48       		.byte	72
 1407 0562 39       		.byte	57
 1408 0563 20       		.byte	32
 1409 0564 3D       		.byte	61
 1410 0565 20       		.byte	32
 1411 0566 3F       		.byte	63
 1412 0567 06       		.byte	6
 1413 0568 43       		.byte	67
 1414 0569 02       		.byte	2
 1415 056a 45       		.byte	69
 1416 056b 10       		.byte	16
 1417 056c 47       		.byte	71
 1418 056d 08       		.byte	8
 1419 056e 48       		.byte	72
 1420 056f 20       		.byte	32
 1421 0570 49       		.byte	73
 1422 0571 03       		.byte	3
 1423 0572 4B       		.byte	75
 1424 0573 04       		.byte	4
 1425 0574 4D       		.byte	77
ARM GAS  C:\Users\adria\AppData\Local\Temp\ccAxdtSc.s 			page 26


 1426 0575 01       		.byte	1
 1427 0576 4E       		.byte	78
 1428 0577 04       		.byte	4
 1429 0578 4F       		.byte	79
 1430 0579 08       		.byte	8
 1431 057a 56       		.byte	86
 1432 057b 10       		.byte	16
 1433 057c 57       		.byte	87
 1434 057d 01       		.byte	1
 1435 057e 5D       		.byte	93
 1436 057f 11       		.byte	17
 1437 0580 5E       		.byte	94
 1438 0581 08       		.byte	8
 1439 0582 5F       		.byte	95
 1440 0583 80       		.byte	-128
 1441 0584 66       		.byte	102
 1442 0585 01       		.byte	1
 1443 0586 6D       		.byte	109
 1444 0587 04       		.byte	4
 1445 0588 6E       		.byte	110
 1446 0589 60       		.byte	96
 1447 058a 6F       		.byte	111
 1448 058b 40       		.byte	64
 1449 058c 76       		.byte	118
 1450 058d 06       		.byte	6
 1451 058e 82       		.byte	-126
 1452 058f 07       		.byte	7
 1453 0590 86       		.byte	-122
 1454 0591 10       		.byte	16
 1455 0592 89       		.byte	-119
 1456 0593 14       		.byte	20
 1457 0594 8B       		.byte	-117
 1458 0595 01       		.byte	1
 1459 0596 8E       		.byte	-114
 1460 0597 40       		.byte	64
 1461 0598 8F       		.byte	-113
 1462 0599 40       		.byte	64
 1463 059a 90       		.byte	-112
 1464 059b 08       		.byte	8
 1465 059c 91       		.byte	-111
 1466 059d 20       		.byte	32
 1467 059e 96       		.byte	-106
 1468 059f 10       		.byte	16
 1469 05a0 98       		.byte	-104
 1470 05a1 20       		.byte	32
 1471 05a2 9E       		.byte	-98
 1472 05a3 10       		.byte	16
 1473 05a4 A2       		.byte	-94
 1474 05a5 84       		.byte	-124
 1475 05a6 A4       		.byte	-92
 1476 05a7 54       		.byte	84
 1477 05a8 A8       		.byte	-88
 1478 05a9 10       		.byte	16
 1479 05aa AA       		.byte	-86
 1480 05ab 80       		.byte	-128
 1481 05ac C0       		.byte	-64
 1482 05ad FC       		.byte	-4
ARM GAS  C:\Users\adria\AppData\Local\Temp\ccAxdtSc.s 			page 27


 1483 05ae C2       		.byte	-62
 1484 05af 62       		.byte	98
 1485 05b0 C4       		.byte	-60
 1486 05b1 2E       		.byte	46
 1487 05b2 CA       		.byte	-54
 1488 05b3 42       		.byte	66
 1489 05b4 CC       		.byte	-52
 1490 05b5 CE       		.byte	-50
 1491 05b6 CE       		.byte	-50
 1492 05b7 EE       		.byte	-18
 1493 05b8 D0       		.byte	-48
 1494 05b9 61       		.byte	97
 1495 05ba D2       		.byte	-46
 1496 05bb 20       		.byte	32
 1497 05bc D6       		.byte	-42
 1498 05bd F0       		.byte	-16
 1499 05be D8       		.byte	-40
 1500 05bf 80       		.byte	-128
 1501 05c0 E0       		.byte	-32
 1502 05c1 08       		.byte	8
 1503 05c2 E2       		.byte	-30
 1504 05c3 30       		.byte	48
 1505 05c4 E4       		.byte	-28
 1506 05c5 01       		.byte	1
 1507 05c6 E6       		.byte	-26
 1508 05c7 40       		.byte	64
 1509 05c8 E8       		.byte	-24
 1510 05c9 04       		.byte	4
 1511 05ca EA       		.byte	-22
 1512 05cb 02       		.byte	2
 1513 05cc 05       		.byte	5
 1514 05cd 67       		.byte	103
 1515 05ce 14       		.byte	20
 1516 05cf 01       		.byte	1
 1517 05d0 15       		.byte	21
 1518 05d1 01       		.byte	1
 1519 05d2 17       		.byte	23
 1520 05d3 0E       		.byte	14
 1521 05d4 19       		.byte	25
 1522 05d5 44       		.byte	68
 1523 05d6 1B       		.byte	27
 1524 05d7 31       		.byte	49
 1525 05d8 28       		.byte	40
 1526 05d9 01       		.byte	1
 1527 05da 29       		.byte	41
 1528 05db 67       		.byte	103
 1529 05dc 2C       		.byte	44
 1530 05dd 01       		.byte	1
 1531 05de 2D       		.byte	45
 1532 05df 22       		.byte	34
 1533 05e0 2F       		.byte	47
 1534 05e1 D1       		.byte	-47
 1535 05e2 31       		.byte	49
 1536 05e3 18       		.byte	24
 1537 05e4 33       		.byte	51
 1538 05e5 60       		.byte	96
 1539 05e6 35       		.byte	53
ARM GAS  C:\Users\adria\AppData\Local\Temp\ccAxdtSc.s 			page 28


 1540 05e7 07       		.byte	7
 1541 05e8 36       		.byte	54
 1542 05e9 01       		.byte	1
 1543 05ea 37       		.byte	55
 1544 05eb 80       		.byte	-128
 1545 05ec 3A       		.byte	58
 1546 05ed 20       		.byte	32
 1547 05ee 3F       		.byte	63
 1548 05ef 01       		.byte	1
 1549 05f0 40       		.byte	64
 1550 05f1 45       		.byte	69
 1551 05f2 41       		.byte	65
 1552 05f3 06       		.byte	6
 1553 05f4 42       		.byte	66
 1554 05f5 02       		.byte	2
 1555 05f6 44       		.byte	68
 1556 05f7 01       		.byte	1
 1557 05f8 45       		.byte	69
 1558 05f9 0C       		.byte	12
 1559 05fa 47       		.byte	71
 1560 05fb 0E       		.byte	14
 1561 05fc 48       		.byte	72
 1562 05fd 11       		.byte	17
 1563 05fe 49       		.byte	73
 1564 05ff FF       		.byte	-1
 1565 0600 4A       		.byte	74
 1566 0601 FF       		.byte	-1
 1567 0602 4B       		.byte	75
 1568 0603 FF       		.byte	-1
 1569 0604 4C       		.byte	76
 1570 0605 62       		.byte	98
 1571 0606 4D       		.byte	77
 1572 0607 A0       		.byte	-96
 1573 0608 4E       		.byte	78
 1574 0609 F0       		.byte	-16
 1575 060a 4F       		.byte	79
 1576 060b 41       		.byte	65
 1577 060c 50       		.byte	80
 1578 060d 0C       		.byte	12
 1579 060e 58       		.byte	88
 1580 060f 04       		.byte	4
 1581 0610 59       		.byte	89
 1582 0611 04       		.byte	4
 1583 0612 5A       		.byte	90
 1584 0613 04       		.byte	4
 1585 0614 5F       		.byte	95
 1586 0615 01       		.byte	1
 1587 0616 66       		.byte	102
 1588 0617 40       		.byte	64
 1589 0618 67       		.byte	103
 1590 0619 02       		.byte	2
 1591 061a 69       		.byte	105
 1592 061b 10       		.byte	16
 1593 061c 6A       		.byte	106
 1594 061d 30       		.byte	48
 1595 061e 6B       		.byte	107
 1596 061f 10       		.byte	16
ARM GAS  C:\Users\adria\AppData\Local\Temp\ccAxdtSc.s 			page 29


 1597 0620 6D       		.byte	109
 1598 0621 10       		.byte	16
 1599 0622 6E       		.byte	110
 1600 0623 10       		.byte	16
 1601 0624 6F       		.byte	111
 1602 0625 12       		.byte	18
 1603 0626 84       		.byte	-124
 1604 0627 0C       		.byte	12
 1605 0628 87       		.byte	-121
 1606 0629 20       		.byte	32
 1607 062a 88       		.byte	-120
 1608 062b 0C       		.byte	12
 1609 062c 89       		.byte	-119
 1610 062d 10       		.byte	16
 1611 062e 8C       		.byte	-116
 1612 062f 08       		.byte	8
 1613 0630 8D       		.byte	-115
 1614 0631 14       		.byte	20
 1615 0632 90       		.byte	-112
 1616 0633 02       		.byte	2
 1617 0634 94       		.byte	-108
 1618 0635 01       		.byte	1
 1619 0636 95       		.byte	-107
 1620 0637 80       		.byte	-128
 1621 0638 97       		.byte	-105
 1622 0639 20       		.byte	32
 1623 063a 9A       		.byte	-102
 1624 063b 04       		.byte	4
 1625 063c 9B       		.byte	-101
 1626 063d 03       		.byte	3
 1627 063e 9D       		.byte	-99
 1628 063f 09       		.byte	9
 1629 0640 9F       		.byte	-97
 1630 0641 10       		.byte	16
 1631 0642 A4       		.byte	-92
 1632 0643 02       		.byte	2
 1633 0644 A5       		.byte	-91
 1634 0645 70       		.byte	112
 1635 0646 A7       		.byte	-89
 1636 0647 0C       		.byte	12
 1637 0648 A8       		.byte	-88
 1638 0649 02       		.byte	2
 1639 064a A9       		.byte	-87
 1640 064b 6C       		.byte	108
 1641 064c AB       		.byte	-85
 1642 064d 11       		.byte	17
 1643 064e AD       		.byte	-83
 1644 064f 1C       		.byte	28
 1645 0650 AF       		.byte	-81
 1646 0651 62       		.byte	98
 1647 0652 B0       		.byte	-80
 1648 0653 02       		.byte	2
 1649 0654 B2       		.byte	-78
 1650 0655 01       		.byte	1
 1651 0656 B3       		.byte	-77
 1652 0657 20       		.byte	32
 1653 0658 B4       		.byte	-76
ARM GAS  C:\Users\adria\AppData\Local\Temp\ccAxdtSc.s 			page 30


 1654 0659 0C       		.byte	12
 1655 065a B5       		.byte	-75
 1656 065b 1F       		.byte	31
 1657 065c B7       		.byte	-73
 1658 065d C0       		.byte	-64
 1659 065e B8       		.byte	-72
 1660 065f 20       		.byte	32
 1661 0660 B9       		.byte	-71
 1662 0661 80       		.byte	-128
 1663 0662 BE       		.byte	-66
 1664 0663 14       		.byte	20
 1665 0664 BF       		.byte	-65
 1666 0665 04       		.byte	4
 1667 0666 C0       		.byte	-64
 1668 0667 62       		.byte	98
 1669 0668 C1       		.byte	-63
 1670 0669 03       		.byte	3
 1671 066a C5       		.byte	-59
 1672 066b E0       		.byte	-32
 1673 066c C6       		.byte	-58
 1674 066d 0B       		.byte	11
 1675 066e C7       		.byte	-57
 1676 066f 0C       		.byte	12
 1677 0670 C8       		.byte	-56
 1678 0671 16       		.byte	22
 1679 0672 C9       		.byte	-55
 1680 0673 FF       		.byte	-1
 1681 0674 CA       		.byte	-54
 1682 0675 FF       		.byte	-1
 1683 0676 CB       		.byte	-53
 1684 0677 FF       		.byte	-1
 1685 0678 CE       		.byte	-50
 1686 0679 F0       		.byte	-16
 1687 067a CF       		.byte	-49
 1688 067b 44       		.byte	68
 1689 067c D0       		.byte	-48
 1690 067d 0C       		.byte	12
 1691 067e D4       		.byte	-44
 1692 067f 01       		.byte	1
 1693 0680 D6       		.byte	-42
 1694 0681 04       		.byte	4
 1695 0682 D8       		.byte	-40
 1696 0683 04       		.byte	4
 1697 0684 D9       		.byte	-39
 1698 0685 04       		.byte	4
 1699 0686 DA       		.byte	-38
 1700 0687 04       		.byte	4
 1701 0688 DB       		.byte	-37
 1702 0689 04       		.byte	4
 1703 068a DC       		.byte	-36
 1704 068b 11       		.byte	17
 1705 068c DD       		.byte	-35
 1706 068d 11       		.byte	17
 1707 068e DF       		.byte	-33
 1708 068f 01       		.byte	1
 1709 0690 E6       		.byte	-26
 1710 0691 C0       		.byte	-64
ARM GAS  C:\Users\adria\AppData\Local\Temp\ccAxdtSc.s 			page 31


 1711 0692 EA       		.byte	-22
 1712 0693 40       		.byte	64
 1713 0694 EB       		.byte	-21
 1714 0695 02       		.byte	2
 1715 0696 00       		.byte	0
 1716 0697 A8       		.byte	-88
 1717 0698 01       		.byte	1
 1718 0699 88       		.byte	-120
 1719 069a 04       		.byte	4
 1720 069b 08       		.byte	8
 1721 069c 07       		.byte	7
 1722 069d 10       		.byte	16
 1723 069e 08       		.byte	8
 1724 069f 20       		.byte	32
 1725 06a0 09       		.byte	9
 1726 06a1 20       		.byte	32
 1727 06a2 0A       		.byte	10
 1728 06a3 A8       		.byte	-88
 1729 06a4 0B       		.byte	11
 1730 06a5 04       		.byte	4
 1731 06a6 0C       		.byte	12
 1732 06a7 08       		.byte	8
 1733 06a8 11       		.byte	17
 1734 06a9 14       		.byte	20
 1735 06aa 15       		.byte	21
 1736 06ab 40       		.byte	64
 1737 06ac 16       		.byte	22
 1738 06ad 08       		.byte	8
 1739 06ae 18       		.byte	24
 1740 06af 24       		.byte	36
 1741 06b0 1B       		.byte	27
 1742 06b1 02       		.byte	2
 1743 06b2 1C       		.byte	28
 1744 06b3 02       		.byte	2
 1745 06b4 1F       		.byte	31
 1746 06b5 10       		.byte	16
 1747 06b6 22       		.byte	34
 1748 06b7 98       		.byte	-104
 1749 06b8 25       		.byte	37
 1750 06b9 80       		.byte	-128
 1751 06ba 27       		.byte	39
 1752 06bb 64       		.byte	100
 1753 06bc 29       		.byte	41
 1754 06bd 88       		.byte	-120
 1755 06be 2A       		.byte	42
 1756 06bf 20       		.byte	32
 1757 06c0 2C       		.byte	44
 1758 06c1 08       		.byte	8
 1759 06c2 2E       		.byte	46
 1760 06c3 80       		.byte	-128
 1761 06c4 32       		.byte	50
 1762 06c5 94       		.byte	-108
 1763 06c6 34       		.byte	52
 1764 06c7 10       		.byte	16
 1765 06c8 37       		.byte	55
 1766 06c9 24       		.byte	36
 1767 06ca 38       		.byte	56
ARM GAS  C:\Users\adria\AppData\Local\Temp\ccAxdtSc.s 			page 32


 1768 06cb 88       		.byte	-120
 1769 06cc 39       		.byte	57
 1770 06cd 20       		.byte	32
 1771 06ce 3C       		.byte	60
 1772 06cf 20       		.byte	32
 1773 06d0 3D       		.byte	61
 1774 06d1 08       		.byte	8
 1775 06d2 3E       		.byte	62
 1776 06d3 28       		.byte	40
 1777 06d4 41       		.byte	65
 1778 06d5 20       		.byte	32
 1779 06d6 42       		.byte	66
 1780 06d7 20       		.byte	32
 1781 06d8 44       		.byte	68
 1782 06d9 08       		.byte	8
 1783 06da 47       		.byte	71
 1784 06db 41       		.byte	65
 1785 06dc 48       		.byte	72
 1786 06dd 05       		.byte	5
 1787 06de 49       		.byte	73
 1788 06df 01       		.byte	1
 1789 06e0 4A       		.byte	74
 1790 06e1 02       		.byte	2
 1791 06e2 4B       		.byte	75
 1792 06e3 01       		.byte	1
 1793 06e4 4E       		.byte	78
 1794 06e5 02       		.byte	2
 1795 06e6 4F       		.byte	79
 1796 06e7 18       		.byte	24
 1797 06e8 50       		.byte	80
 1798 06e9 44       		.byte	68
 1799 06ea 57       		.byte	87
 1800 06eb 08       		.byte	8
 1801 06ec 59       		.byte	89
 1802 06ed 01       		.byte	1
 1803 06ee 5A       		.byte	90
 1804 06ef 44       		.byte	68
 1805 06f0 5B       		.byte	91
 1806 06f1 10       		.byte	16
 1807 06f2 63       		.byte	99
 1808 06f3 40       		.byte	64
 1809 06f4 67       		.byte	103
 1810 06f5 30       		.byte	48
 1811 06f6 82       		.byte	-126
 1812 06f7 48       		.byte	72
 1813 06f8 87       		.byte	-121
 1814 06f9 40       		.byte	64
 1815 06fa 91       		.byte	-111
 1816 06fb 74       		.byte	116
 1817 06fc 92       		.byte	-110
 1818 06fd 84       		.byte	-124
 1819 06fe 93       		.byte	-109
 1820 06ff 04       		.byte	4
 1821 0700 94       		.byte	-108
 1822 0701 04       		.byte	4
 1823 0702 96       		.byte	-106
 1824 0703 10       		.byte	16
ARM GAS  C:\Users\adria\AppData\Local\Temp\ccAxdtSc.s 			page 33


 1825 0704 97       		.byte	-105
 1826 0705 31       		.byte	49
 1827 0706 98       		.byte	-104
 1828 0707 08       		.byte	8
 1829 0708 9B       		.byte	-101
 1830 0709 01       		.byte	1
 1831 070a 9C       		.byte	-100
 1832 070b 10       		.byte	16
 1833 070c 9E       		.byte	-98
 1834 070d 90       		.byte	-112
 1835 070e 9F       		.byte	-97
 1836 070f 04       		.byte	4
 1837 0710 A0       		.byte	-96
 1838 0711 08       		.byte	8
 1839 0712 A1       		.byte	-95
 1840 0713 04       		.byte	4
 1841 0714 A2       		.byte	-94
 1842 0715 04       		.byte	4
 1843 0716 A4       		.byte	-92
 1844 0717 01       		.byte	1
 1845 0718 A5       		.byte	-91
 1846 0719 80       		.byte	-128
 1847 071a A7       		.byte	-89
 1848 071b 0E       		.byte	14
 1849 071c AA       		.byte	-86
 1850 071d 48       		.byte	72
 1851 071e C0       		.byte	-64
 1852 071f 07       		.byte	7
 1853 0720 C2       		.byte	-62
 1854 0721 2E       		.byte	46
 1855 0722 C4       		.byte	-60
 1856 0723 C6       		.byte	-58
 1857 0724 CA       		.byte	-54
 1858 0725 3E       		.byte	62
 1859 0726 CC       		.byte	-52
 1860 0727 6E       		.byte	110
 1861 0728 CE       		.byte	-50
 1862 0729 4E       		.byte	78
 1863 072a D0       		.byte	-48
 1864 072b B6       		.byte	-74
 1865 072c D2       		.byte	-46
 1866 072d 34       		.byte	52
 1867 072e D6       		.byte	-42
 1868 072f 0F       		.byte	15
 1869 0730 D8       		.byte	-40
 1870 0731 01       		.byte	1
 1871 0732 E6       		.byte	-26
 1872 0733 80       		.byte	-128
 1873 0734 EA       		.byte	-22
 1874 0735 08       		.byte	8
 1875 0736 E6       		.byte	-26
 1876 0737 80       		.byte	-128
 1877 0738 EA       		.byte	-22
 1878 0739 08       		.byte	8
 1879 073a E0       		.byte	-32
 1880 073b 08       		.byte	8
 1881 073c E4       		.byte	-28
ARM GAS  C:\Users\adria\AppData\Local\Temp\ccAxdtSc.s 			page 34


 1882 073d 01       		.byte	1
 1883 073e E8       		.byte	-24
 1884 073f 04       		.byte	4
 1885 0740 EA       		.byte	-22
 1886 0741 02       		.byte	2
 1887 0742 30       		.byte	48
 1888 0743 82       		.byte	-126
 1889 0744 37       		.byte	55
 1890 0745 12       		.byte	18
 1891 0746 3B       		.byte	59
 1892 0747 10       		.byte	16
 1893 0748 CC       		.byte	-52
 1894 0749 F0       		.byte	-16
 1895 074a CE       		.byte	-50
 1896 074b 10       		.byte	16
 1897 074c 9F       		.byte	-97
 1898 074d 12       		.byte	18
 1899 074e A4       		.byte	-92
 1900 074f 02       		.byte	2
 1901 0750 AC       		.byte	-84
 1902 0751 80       		.byte	-128
 1903 0752 AF       		.byte	-81
 1904 0753 10       		.byte	16
 1905 0754 EA       		.byte	-22
 1906 0755 10       		.byte	16
 1907 0756 3C       		.byte	60
 1908 0757 20       		.byte	32
 1909 0758 80       		.byte	-128
 1910 0759 02       		.byte	2
 1911 075a 9A       		.byte	-102
 1912 075b 10       		.byte	16
 1913 075c 9F       		.byte	-97
 1914 075d 12       		.byte	18
 1915 075e A4       		.byte	-92
 1916 075f 02       		.byte	2
 1917 0760 B2       		.byte	-78
 1918 0761 10       		.byte	16
 1919 0762 CE       		.byte	-50
 1920 0763 20       		.byte	32
 1921 0764 E2       		.byte	-30
 1922 0765 20       		.byte	32
 1923 0766 9A       		.byte	-102
 1924 0767 10       		.byte	16
 1925 0768 9F       		.byte	-97
 1926 0769 12       		.byte	18
 1927 076a A4       		.byte	-92
 1928 076b 10       		.byte	16
 1929 076c 14       		.byte	20
 1930 076d 10       		.byte	16
 1931 076e 73       		.byte	115
 1932 076f 80       		.byte	-128
 1933 0770 83       		.byte	-125
 1934 0771 80       		.byte	-128
 1935 0772 C4       		.byte	-60
 1936 0773 04       		.byte	4
 1937 0774 DC       		.byte	-36
 1938 0775 01       		.byte	1
ARM GAS  C:\Users\adria\AppData\Local\Temp\ccAxdtSc.s 			page 35


 1939 0776 50       		.byte	80
 1940 0777 80       		.byte	-128
 1941 0778 88       		.byte	-120
 1942 0779 10       		.byte	16
 1943 077a 8C       		.byte	-116
 1944 077b 80       		.byte	-128
 1945 077c 98       		.byte	-104
 1946 077d 10       		.byte	16
 1947 077e 9A       		.byte	-102
 1948 077f 40       		.byte	64
 1949 0780 B2       		.byte	-78
 1950 0781 40       		.byte	64
 1951 0782 D4       		.byte	-44
 1952 0783 04       		.byte	4
 1953 0784 E2       		.byte	-30
 1954 0785 04       		.byte	4
 1955 0786 E4       		.byte	-28
 1956 0787 02       		.byte	2
 1957 0788 EC       		.byte	-20
 1958 0789 01       		.byte	1
 1959 078a 9A       		.byte	-102
 1960 078b 40       		.byte	64
 1961 078c 97       		.byte	-105
 1962 078d 01       		.byte	1
 1963 078e 9A       		.byte	-102
 1964 078f 40       		.byte	64
 1965 0790 AB       		.byte	-85
 1966 0791 01       		.byte	1
 1967 0792 07       		.byte	7
 1968 0793 04       		.byte	4
 1969 0794 56       		.byte	86
 1970 0795 10       		.byte	16
 1971 0796 87       		.byte	-121
 1972 0797 02       		.byte	2
 1973 0798 8B       		.byte	-117
 1974 0799 02       		.byte	2
 1975 079a 9A       		.byte	-102
 1976 079b 10       		.byte	16
 1977 079c 9F       		.byte	-97
 1978 079d 12       		.byte	18
 1979 079e AC       		.byte	-84
 1980 079f 10       		.byte	16
 1981 07a0 C0       		.byte	-64
 1982 07a1 80       		.byte	-128
 1983 07a2 D4       		.byte	-44
 1984 07a3 40       		.byte	64
 1985 07a4 E6       		.byte	-26
 1986 07a5 40       		.byte	64
 1987 07a6 EA       		.byte	-22
 1988 07a7 10       		.byte	16
 1989 07a8 12       		.byte	18
 1990 07a9 20       		.byte	32
 1991 07aa 16       		.byte	22
 1992 07ab 40       		.byte	64
 1993 07ac 52       		.byte	82
 1994 07ad 02       		.byte	2
 1995 07ae 57       		.byte	87
ARM GAS  C:\Users\adria\AppData\Local\Temp\ccAxdtSc.s 			page 36


 1996 07af 20       		.byte	32
 1997 07b0 5F       		.byte	95
 1998 07b1 02       		.byte	2
 1999 07b2 60       		.byte	96
 2000 07b3 80       		.byte	-128
 2001 07b4 63       		.byte	99
 2002 07b5 02       		.byte	2
 2003 07b6 66       		.byte	102
 2004 07b7 01       		.byte	1
 2005 07b8 7B       		.byte	123
 2006 07b9 02       		.byte	2
 2007 07ba 7D       		.byte	125
 2008 07bb 80       		.byte	-128
 2009 07bc 82       		.byte	-126
 2010 07bd 22       		.byte	34
 2011 07be 83       		.byte	-125
 2012 07bf 30       		.byte	48
 2013 07c0 86       		.byte	-122
 2014 07c1 40       		.byte	64
 2015 07c2 87       		.byte	-121
 2016 07c3 01       		.byte	1
 2017 07c4 88       		.byte	-120
 2018 07c5 80       		.byte	-128
 2019 07c6 8E       		.byte	-114
 2020 07c7 01       		.byte	1
 2021 07c8 8F       		.byte	-113
 2022 07c9 02       		.byte	2
 2023 07ca 9F       		.byte	-97
 2024 07cb 10       		.byte	16
 2025 07cc A1       		.byte	-95
 2026 07cd 40       		.byte	64
 2027 07ce A3       		.byte	-93
 2028 07cf 02       		.byte	2
 2029 07d0 AB       		.byte	-85
 2030 07d1 04       		.byte	4
 2031 07d2 AD       		.byte	-83
 2032 07d3 40       		.byte	64
 2033 07d4 C4       		.byte	-60
 2034 07d5 30       		.byte	48
 2035 07d6 D4       		.byte	-44
 2036 07d7 C0       		.byte	-64
 2037 07d8 D6       		.byte	-42
 2038 07d9 C0       		.byte	-64
 2039 07da D8       		.byte	-40
 2040 07db C0       		.byte	-64
 2041 07dc DC       		.byte	-36
 2042 07dd 80       		.byte	-128
 2043 07de DE       		.byte	-34
 2044 07df 20       		.byte	32
 2045 07e0 E0       		.byte	-32
 2046 07e1 10       		.byte	16
 2047 07e2 E2       		.byte	-30
 2048 07e3 A0       		.byte	-96
 2049 07e4 E4       		.byte	-28
 2050 07e5 80       		.byte	-128
 2051 07e6 E6       		.byte	-26
 2052 07e7 30       		.byte	48
ARM GAS  C:\Users\adria\AppData\Local\Temp\ccAxdtSc.s 			page 37


 2053 07e8 E8       		.byte	-24
 2054 07e9 80       		.byte	-128
 2055 07ea EA       		.byte	-22
 2056 07eb 40       		.byte	64
 2057 07ec 13       		.byte	19
 2058 07ed 18       		.byte	24
 2059 07ee 17       		.byte	23
 2060 07ef 01       		.byte	1
 2061 07f0 56       		.byte	86
 2062 07f1 40       		.byte	64
 2063 07f2 7B       		.byte	123
 2064 07f3 10       		.byte	16
 2065 07f4 7F       		.byte	127
 2066 07f5 40       		.byte	64
 2067 07f6 8B       		.byte	-117
 2068 07f7 08       		.byte	8
 2069 07f8 97       		.byte	-105
 2070 07f9 11       		.byte	17
 2071 07fa 9A       		.byte	-102
 2072 07fb 40       		.byte	64
 2073 07fc AF       		.byte	-81
 2074 07fd 10       		.byte	16
 2075 07fe C4       		.byte	-60
 2076 07ff 0E       		.byte	14
 2077 0800 D4       		.byte	-44
 2078 0801 02       		.byte	2
 2079 0802 DE       		.byte	-34
 2080 0803 03       		.byte	3
 2081 0804 E6       		.byte	-26
 2082 0805 01       		.byte	1
 2083 0806 13       		.byte	19
 2084 0807 01       		.byte	1
 2085 0808 76       		.byte	118
 2086 0809 20       		.byte	32
 2087 080a 83       		.byte	-125
 2088 080b 10       		.byte	16
 2089 080c 87       		.byte	-121
 2090 080d 40       		.byte	64
 2091 080e 97       		.byte	-105
 2092 080f 81       		.byte	-127
 2093 0810 9A       		.byte	-102
 2094 0811 20       		.byte	32
 2095 0812 A7       		.byte	-89
 2096 0813 10       		.byte	16
 2097 0814 AA       		.byte	-86
 2098 0815 20       		.byte	32
 2099 0816 AF       		.byte	-81
 2100 0817 01       		.byte	1
 2101 0818 C4       		.byte	-60
 2102 0819 08       		.byte	8
 2103 081a DE       		.byte	-34
 2104 081b 04       		.byte	4
 2105 081c 00       		.byte	0
 2106 081d 07       		.byte	7
 2107 081e 08       		.byte	8
 2108 081f 05       		.byte	5
 2109 0820 0A       		.byte	10
ARM GAS  C:\Users\adria\AppData\Local\Temp\ccAxdtSc.s 			page 38


 2110 0821 07       		.byte	7
 2111 0822 10       		.byte	16
 2112 0823 03       		.byte	3
 2113 0824 1A       		.byte	26
 2114 0825 03       		.byte	3
 2115 0826 00       		.byte	0
 2116 0827 FF       		.byte	-1
 2117 0828 01       		.byte	1
 2118 0829 03       		.byte	3
 2119 082a 03       		.byte	3
 2120 082b C0       		.byte	-64
 2121 082c 82       		.byte	-126
 2122 082d 80       		.byte	-128
 2123 082e 00       		.byte	0
 2124 082f 00       		.byte	0
 2125 0830 03       		.byte	3
 2126 0831 00       		.byte	0
 2127 0832 00       		.byte	0
 2128 0833 00       		.byte	0
 2129 0834 19       		.byte	25
 2130 0835 02       		.byte	2
 2131 0836 00       		.byte	0
 2132 0837 00       		.byte	0
 2133 0838 24       		.byte	36
 2134 0839 52       		.byte	82
 2135 083a 19       		.byte	25
 2136 083b 00       		.byte	0
 2137 083c 00       		.byte	0
 2138 083d 50       		.byte	80
 2139 083e 00       		.byte	0
 2140 083f 02       		.byte	2
 2141 0840 19       		.byte	25
 2142 0841 52       		.byte	82
 2143 0842 00       		.byte	0
 2144 0843 00       		.byte	0
 2145 0844 18       		.byte	24
 2146 0845 02       		.byte	2
 2147 0846 01       		.byte	1
 2148 0847 50       		.byte	80
 2149 0848 00       		.byte	0
 2150 0849 00       		.byte	0
 2151 084a 00       		.byte	0
 2152 084b 00       		.byte	0
 2153 084c 31       		.byte	49
 2154 084d 21       		.byte	33
 2155 084e 02       		.byte	2
 2156 084f 14       		.byte	20
 2157 0850 3E       		.byte	62
 2158 0851 52       		.byte	82
 2159 0852 01       		.byte	1
 2160 0853 00       		.byte	0
 2161 0854 00       		.byte	0
 2162 0855 00       		.byte	0
 2163 0856 00       		.byte	0
 2164 0857 00       		.byte	0
 2165 0858 19       		.byte	25
 2166 0859 03       		.byte	3
ARM GAS  C:\Users\adria\AppData\Local\Temp\ccAxdtSc.s 			page 39


 2167 085a 00       		.byte	0
 2168 085b 2C       		.byte	44
 2169 085c 01       		.byte	1
 2170 085d 00       		.byte	0
 2171 085e 18       		.byte	24
 2172 085f 00       		.byte	0
 2173 0860 18       		.byte	24
 2174 0861 03       		.byte	3
 2175 0862 04       		.byte	4
 2176 0863 38       		.byte	56
 2177 0864 0F       		.byte	15
 2178 0865 00       		.byte	0
 2179 0866 11       		.byte	17
 2180 0867 40       		.byte	64
 2181 0868 00       		.byte	0
 2182 0869 1F       		.byte	31
 2183 086a 20       		.byte	32
 2184 086b 20       		.byte	32
 2185 086c 00       		.byte	0
 2186 086d 20       		.byte	32
 2187 086e 03       		.byte	3
 2188 086f 00       		.byte	0
 2189 0870 00       		.byte	0
 2190 0871 00       		.byte	0
 2191 0872 40       		.byte	64
 2192 0873 44       		.byte	68
 2193 0874 24       		.byte	36
 2194 0875 05       		.byte	5
 2195 0876 30       		.byte	48
 2196 0877 00       		.byte	0
 2197 0878 01       		.byte	1
 2198 0879 DE       		.byte	-34
 2199 087a F0       		.byte	-16
 2200 087b CB       		.byte	-53
 2201 087c 3B       		.byte	59
 2202 087d FF       		.byte	-1
 2203 087e FF       		.byte	-1
 2204 087f FF       		.byte	-1
 2205 0880 23       		.byte	35
 2206 0881 00       		.byte	0
 2207 0882 F0       		.byte	-16
 2208 0883 0C       		.byte	12
 2209 0884 04       		.byte	4
 2210 0885 00       		.byte	0
 2211 0886 00       		.byte	0
 2212 0887 00       		.byte	0
 2213 0888 09       		.byte	9
 2214 0889 00       		.byte	0
 2215 088a 00       		.byte	0
 2216 088b 00       		.byte	0
 2217 088c 04       		.byte	4
 2218 088d 04       		.byte	4
 2219 088e 04       		.byte	4
 2220 088f 04       		.byte	4
 2221 0890 22       		.byte	34
 2222 0891 22       		.byte	34
 2223 0892 00       		.byte	0
ARM GAS  C:\Users\adria\AppData\Local\Temp\ccAxdtSc.s 			page 40


 2224 0893 01       		.byte	1
 2225 0894 00       		.byte	0
 2226 0895 00       		.byte	0
 2227 0896 C0       		.byte	-64
 2228 0897 00       		.byte	0
 2229 0898 40       		.byte	64
 2230 0899 01       		.byte	1
 2231 089a 10       		.byte	16
 2232 089b 11       		.byte	17
 2233 089c C0       		.byte	-64
 2234 089d 01       		.byte	1
 2235 089e 00       		.byte	0
 2236 089f 11       		.byte	17
 2237 08a0 40       		.byte	64
 2238 08a1 01       		.byte	1
 2239 08a2 40       		.byte	64
 2240 08a3 01       		.byte	1
 2241 08a4 00       		.byte	0
 2242 08a5 00       		.byte	0
 2243 08a6 00       		.byte	0
 2244 08a7 00       		.byte	0
 2245 08a8 00       		.byte	0
 2246 08a9 00       		.byte	0
 2247 08aa 00       		.byte	0
 2248 08ab 00       		.byte	0
 2249 08ac 00       		.byte	0
 2250 08ad 00       		.byte	0
 2251 08ae 00       		.byte	0
 2252 08af 00       		.byte	0
 2253 08b0 00       		.byte	0
 2254 08b1 00       		.byte	0
 2255 08b2 00       		.byte	0
 2256 08b3 00       		.byte	0
 2257 08b4 00       		.byte	0
 2258 08b5 08       		.byte	8
 2259 08b6 00       		.byte	0
 2260 08b7 00       		.byte	0
 2261 08b8 C7       		.byte	-57
 2262 08b9 F3       		.byte	-13
 2263 08ba 18       		.byte	24
 2264 08bb 0C       		.byte	12
 2265 08bc 04       		.byte	4
 2266 08bd 04       		.byte	4
 2267 08be 20       		.byte	32
 2268 08bf 00       		.byte	0
 2269 08c0 00       		.byte	0
 2270 08c1 FF       		.byte	-1
 2271 08c2 83       		.byte	-125
 2272 08c3 00       		.byte	0
 2273 08c4 9C       		.byte	-100
 2274 08c5 4F       		.byte	79
 2275 08c6 42       		.byte	66
 2276 08c7 B0       		.byte	-80
 2277 08c8 00       		.byte	0
 2278 08c9 0C       		.byte	12
 2279 08ca 04       		.byte	4
 2280 08cb 00       		.byte	0
ARM GAS  C:\Users\adria\AppData\Local\Temp\ccAxdtSc.s 			page 41


 2281 08cc 08       		.byte	8
 2282 08cd 22       		.byte	34
 2283 08ce 00       		.byte	0
 2284 08cf 00       		.byte	0
 2285 08d0 1C       		.byte	28
 2286 08d1 33       		.byte	51
 2287 08d2 C1       		.byte	-63
 2288 08d3 00       		.byte	0
 2289 08d4 10       		.byte	16
 2290 08d5 4C       		.byte	76
 2291 08d6 00       		.byte	0
 2292 08d7 B3       		.byte	-77
 2293 08d8 00       		.byte	0
 2294 08d9 00       		.byte	0
 2295 08da 00       		.byte	0
 2296 08db 00       		.byte	0
 2297 08dc 18       		.byte	24
 2298 08dd 11       		.byte	17
 2299 08de 00       		.byte	0
 2300 08df 00       		.byte	0
 2301 08e0 DF       		.byte	-33
 2302 08e1 00       		.byte	0
 2303 08e2 00       		.byte	0
 2304 08e3 B3       		.byte	-77
 2305 08e4 1F       		.byte	31
 2306 08e5 8C       		.byte	-116
 2307 08e6 20       		.byte	32
 2308 08e7 40       		.byte	64
 2309 08e8 98       		.byte	-104
 2310 08e9 0F       		.byte	15
 2311 08ea 40       		.byte	64
 2312 08eb 30       		.byte	48
 2313 08ec 80       		.byte	-128
 2314 08ed 00       		.byte	0
 2315 08ee 02       		.byte	2
 2316 08ef 22       		.byte	34
 2317 08f0 00       		.byte	0
 2318 08f1 00       		.byte	0
 2319 08f2 00       		.byte	0
 2320 08f3 04       		.byte	4
 2321 08f4 24       		.byte	36
 2322 08f5 05       		.byte	5
 2323 08f6 03       		.byte	3
 2324 08f7 00       		.byte	0
 2325 08f8 06       		.byte	6
 2326 08f9 00       		.byte	0
 2327 08fa 00       		.byte	0
 2328 08fb CE       		.byte	-50
 2329 08fc 30       		.byte	48
 2330 08fd FF       		.byte	-1
 2331 08fe FF       		.byte	-1
 2332 08ff FF       		.byte	-1
 2333 0900 62       		.byte	98
 2334 0901 A0       		.byte	-96
 2335 0902 F0       		.byte	-16
 2336 0903 41       		.byte	65
 2337 0904 0C       		.byte	12
ARM GAS  C:\Users\adria\AppData\Local\Temp\ccAxdtSc.s 			page 42


 2338 0905 00       		.byte	0
 2339 0906 00       		.byte	0
 2340 0907 00       		.byte	0
 2341 0908 00       		.byte	0
 2342 0909 00       		.byte	0
 2343 090a 02       		.byte	2
 2344 090b 12       		.byte	18
 2345 090c 04       		.byte	4
 2346 090d 04       		.byte	4
 2347 090e 04       		.byte	4
 2348 090f 04       		.byte	4
 2349 0910 11       		.byte	17
 2350 0911 11       		.byte	17
 2351 0912 00       		.byte	0
 2352 0913 01       		.byte	1
 2353 0914 00       		.byte	0
 2354 0915 00       		.byte	0
 2355 0916 00       		.byte	0
 2356 0917 00       		.byte	0
 2357 0918 00       		.byte	0
 2358 0919 00       		.byte	0
 2359 091a 40       		.byte	64
 2360 091b 02       		.byte	2
 2361 091c 00       		.byte	0
 2362 091d 10       		.byte	16
 2363 091e 30       		.byte	48
 2364 091f 10       		.byte	16
 2365 0920 00       		.byte	0
 2366 0921 10       		.byte	16
 2367 0922 10       		.byte	16
 2368 0923 12       		.byte	18
 2369 0924 00       		.byte	0
 2370 0925 00       		.byte	0
 2371 0926 00       		.byte	0
 2372 0927 00       		.byte	0
 2373 0928 00       		.byte	0
 2374 0929 00       		.byte	0
 2375 092a 00       		.byte	0
 2376 092b 00       		.byte	0
 2377 092c 00       		.byte	0
 2378 092d 00       		.byte	0
 2379 092e 00       		.byte	0
 2380 092f 00       		.byte	0
 2381 0930 00       		.byte	0
 2382 0931 00       		.byte	0
 2383 0932 00       		.byte	0
 2384 0933 00       		.byte	0
 2385 0934 83       		.byte	-125
 2386 0935 00       		.byte	0
 2387 0936 60       		.byte	96
 2388 0937 90       		.byte	-112
 2389 0938 93       		.byte	-109
 2390 0939 00       		.byte	0
 2391 093a 93       		.byte	-109
 2392 093b 00       		.byte	0
 2393 093c 00       		.byte	0
 2394 093d 00       		.byte	0
ARM GAS  C:\Users\adria\AppData\Local\Temp\ccAxdtSc.s 			page 43


 2395 093e 00       		.byte	0
 2396 093f 00       		.byte	0
 2397 0940 02       		.byte	2
 2398 0941 00       		.byte	0
 2399 0942 08       		.byte	8
 2400 0943 02       		.byte	2
 2401 0944 02       		.byte	2
 2402 0945 00       		.byte	0
 2403 0946 02       		.byte	2
 2404 0947 00       		.byte	0
 2405 0948 00       		.byte	0
 2406 0949 00       		.byte	0
 2407 094a 00       		.byte	0
 2408 094b 00       		.byte	0
 2409 094c 04       		.byte	4
 2410 094d 00       		.byte	0
 2411 094e 00       		.byte	0
 2412 094f 0F       		.byte	15
 2413 0950 0B       		.byte	11
 2414 0951 00       		.byte	0
 2415 0952 04       		.byte	4
 2416 0953 00       		.byte	0
 2417 0954 00       		.byte	0
 2418 0955 00       		.byte	0
 2419 0956 00       		.byte	0
 2420 0957 00       		.byte	0
 2421 0958 01       		.byte	1
 2422 0959 00       		.byte	0
 2423 095a 01       		.byte	1
 2424 095b 01       		.byte	1
 2425 095c 01       		.byte	1
 2426 095d 00       		.byte	0
 2427 095e 01       		.byte	1
 2428 095f 00       		.byte	0
 2429 0960 00       		.byte	0
 2430 0961 00       		.byte	0
 2431 0962 00       		.byte	0
 2432 0963 00       		.byte	0
 2433 0964 00       		.byte	0
 2434 0965 FC       		.byte	-4
 2435 0966 FC       		.byte	-4
 2436 0967 00       		.byte	0
 2437 0968 FC       		.byte	-4
 2438 0969 00       		.byte	0
 2439 096a 00       		.byte	0
 2440 096b 00       		.byte	0
 2441              		.section	.cywolatch,"a",%progbits
 2442              		.align	2
 2443              		.type	cy_meta_wonvl, %object
 2444              		.size	cy_meta_wonvl, 4
 2445              	cy_meta_wonvl:
 2446 0000 BC       		.byte	-68
 2447 0001 90       		.byte	-112
 2448 0002 AC       		.byte	-84
 2449 0003 AF       		.byte	-81
 2450              		.section	.cycustnvl,"a",%progbits
 2451              		.align	2
ARM GAS  C:\Users\adria\AppData\Local\Temp\ccAxdtSc.s 			page 44


 2452              		.type	cy_meta_custnvl, %object
 2453              		.size	cy_meta_custnvl, 4
 2454              	cy_meta_custnvl:
 2455 0000 00       		.byte	0
 2456 0001 00       		.byte	0
 2457 0002 40       		.byte	64
 2458 0003 05       		.byte	5
 2459              		.section	.cymeta,"a",%progbits
 2460              		.align	2
 2461              		.type	cy_metadata, %object
 2462              		.size	cy_metadata, 12
 2463              	cy_metadata:
 2464 0000 00       		.byte	0
 2465 0001 01       		.byte	1
 2466 0002 2E       		.byte	46
 2467 0003 16       		.byte	22
 2468 0004 10       		.byte	16
 2469 0005 69       		.byte	105
 2470 0006 00       		.byte	0
 2471 0007 01       		.byte	1
 2472 0008 00       		.byte	0
 2473 0009 00       		.byte	0
 2474 000a 00       		.byte	0
 2475 000b 00       		.byte	0
 2476              		.section	.cyflashprotect,"a",%progbits
 2477              		.align	2
 2478              		.type	cy_meta_flashprotect, %object
 2479              		.size	cy_meta_flashprotect, 256
 2480              	cy_meta_flashprotect:
 2481 0000 00000000 		.space	256
 2481      00000000 
 2481      00000000 
 2481      00000000 
 2481      00000000 
 2482              		.text
 2483              	.Letext0:
 2484              		.file 1 "c:\\program files (x86)\\cypress\\psoc creator\\4.4\\psoc creator\\import\\gnu\\arm\\5.4.
 2485              		.file 2 "c:\\program files (x86)\\cypress\\psoc creator\\4.4\\psoc creator\\import\\gnu\\arm\\5.4.
 2486              		.file 3 "Generated_Source\\PSoC5\\cymetadata.c"
 2487              		.section	.debug_info,"",%progbits
 2488              	.Ldebug_info0:
 2489 0000 35010000 		.4byte	0x135
 2490 0004 0400     		.2byte	0x4
 2491 0006 00000000 		.4byte	.Ldebug_abbrev0
 2492 000a 04       		.byte	0x4
 2493 000b 01       		.uleb128 0x1
 2494 000c 70000000 		.4byte	.LASF17
 2495 0010 0C       		.byte	0xc
 2496 0011 CA010000 		.4byte	.LASF18
 2497 0015 0A000000 		.4byte	.LASF19
 2498 0019 00000000 		.4byte	.Ldebug_line0
 2499 001d 02       		.uleb128 0x2
 2500 001e 01       		.byte	0x1
 2501 001f 06       		.byte	0x6
 2502 0020 BE010000 		.4byte	.LASF0
 2503 0024 03       		.uleb128 0x3
 2504 0025 00000000 		.4byte	.LASF9
ARM GAS  C:\Users\adria\AppData\Local\Temp\ccAxdtSc.s 			page 45


 2505 0029 01       		.byte	0x1
 2506 002a 1D       		.byte	0x1d
 2507 002b 2F000000 		.4byte	0x2f
 2508 002f 02       		.uleb128 0x2
 2509 0030 01       		.byte	0x1
 2510 0031 08       		.byte	0x8
 2511 0032 62000000 		.4byte	.LASF1
 2512 0036 02       		.uleb128 0x2
 2513 0037 02       		.byte	0x2
 2514 0038 05       		.byte	0x5
 2515 0039 AB010000 		.4byte	.LASF2
 2516 003d 02       		.uleb128 0x2
 2517 003e 02       		.byte	0x2
 2518 003f 07       		.byte	0x7
 2519 0040 10010000 		.4byte	.LASF3
 2520 0044 02       		.uleb128 0x2
 2521 0045 04       		.byte	0x4
 2522 0046 05       		.byte	0x5
 2523 0047 B5010000 		.4byte	.LASF4
 2524 004b 02       		.uleb128 0x2
 2525 004c 04       		.byte	0x4
 2526 004d 07       		.byte	0x7
 2527 004e FE000000 		.4byte	.LASF5
 2528 0052 02       		.uleb128 0x2
 2529 0053 08       		.byte	0x8
 2530 0054 05       		.byte	0x5
 2531 0055 9D010000 		.4byte	.LASF6
 2532 0059 02       		.uleb128 0x2
 2533 005a 08       		.byte	0x8
 2534 005b 07       		.byte	0x7
 2535 005c 52010000 		.4byte	.LASF7
 2536 0060 04       		.uleb128 0x4
 2537 0061 04       		.byte	0x4
 2538 0062 05       		.byte	0x5
 2539 0063 696E7400 		.ascii	"int\000"
 2540 0067 02       		.uleb128 0x2
 2541 0068 04       		.byte	0x4
 2542 0069 07       		.byte	0x7
 2543 006a 45010000 		.4byte	.LASF8
 2544 006e 03       		.uleb128 0x3
 2545 006f 69010000 		.4byte	.LASF10
 2546 0073 02       		.byte	0x2
 2547 0074 18       		.byte	0x18
 2548 0075 24000000 		.4byte	0x24
 2549 0079 05       		.uleb128 0x5
 2550 007a 91000000 		.4byte	0x91
 2551 007e 8A000000 		.4byte	0x8a
 2552 0082 06       		.uleb128 0x6
 2553 0083 8A000000 		.4byte	0x8a
 2554 0087 6B09     		.2byte	0x96b
 2555 0089 00       		.byte	0
 2556 008a 02       		.uleb128 0x2
 2557 008b 04       		.byte	0x4
 2558 008c 07       		.byte	0x7
 2559 008d 94010000 		.4byte	.LASF11
 2560 0091 07       		.uleb128 0x7
 2561 0092 6E000000 		.4byte	0x6e
ARM GAS  C:\Users\adria\AppData\Local\Temp\ccAxdtSc.s 			page 46


 2562 0096 08       		.uleb128 0x8
 2563 0097 33010000 		.4byte	.LASF12
 2564 009b 03       		.byte	0x3
 2565 009c 1F       		.byte	0x1f
 2566 009d A7000000 		.4byte	0xa7
 2567 00a1 05       		.uleb128 0x5
 2568 00a2 03       		.byte	0x3
 2569 00a3 00000000 		.4byte	cy_meta_configecc
 2570 00a7 07       		.uleb128 0x7
 2571 00a8 79000000 		.4byte	0x79
 2572 00ac 05       		.uleb128 0x5
 2573 00ad 91000000 		.4byte	0x91
 2574 00b1 BC000000 		.4byte	0xbc
 2575 00b5 09       		.uleb128 0x9
 2576 00b6 8A000000 		.4byte	0x8a
 2577 00ba 03       		.byte	0x3
 2578 00bb 00       		.byte	0
 2579 00bc 0A       		.uleb128 0xa
 2580 00bd 23010000 		.4byte	.LASF13
 2581 00c1 03       		.byte	0x3
 2582 00c2 5A01     		.2byte	0x15a
 2583 00c4 CE000000 		.4byte	0xce
 2584 00c8 05       		.uleb128 0x5
 2585 00c9 03       		.byte	0x3
 2586 00ca 00000000 		.4byte	cy_meta_custnvl
 2587 00ce 07       		.uleb128 0x7
 2588 00cf AC000000 		.4byte	0xac
 2589 00d3 0A       		.uleb128 0xa
 2590 00d4 86010000 		.4byte	.LASF14
 2591 00d8 03       		.byte	0x3
 2592 00d9 6801     		.2byte	0x168
 2593 00db E5000000 		.4byte	0xe5
 2594 00df 05       		.uleb128 0x5
 2595 00e0 03       		.byte	0x3
 2596 00e1 00000000 		.4byte	cy_meta_wonvl
 2597 00e5 07       		.uleb128 0x7
 2598 00e6 AC000000 		.4byte	0xac
 2599 00ea 05       		.uleb128 0x5
 2600 00eb 91000000 		.4byte	0x91
 2601 00ef FA000000 		.4byte	0xfa
 2602 00f3 09       		.uleb128 0x9
 2603 00f4 8A000000 		.4byte	0x8a
 2604 00f8 FF       		.byte	0xff
 2605 00f9 00       		.byte	0
 2606 00fa 0A       		.uleb128 0xa
 2607 00fb 71010000 		.4byte	.LASF15
 2608 00ff 03       		.byte	0x3
 2609 0100 7601     		.2byte	0x176
 2610 0102 0C010000 		.4byte	0x10c
 2611 0106 05       		.uleb128 0x5
 2612 0107 03       		.byte	0x3
 2613 0108 00000000 		.4byte	cy_meta_flashprotect
 2614 010c 07       		.uleb128 0x7
 2615 010d EA000000 		.4byte	0xea
 2616 0111 05       		.uleb128 0x5
 2617 0112 91000000 		.4byte	0x91
 2618 0116 21010000 		.4byte	0x121
ARM GAS  C:\Users\adria\AppData\Local\Temp\ccAxdtSc.s 			page 47


 2619 011a 09       		.uleb128 0x9
 2620 011b 8A000000 		.4byte	0x8a
 2621 011f 0B       		.byte	0xb
 2622 0120 00       		.byte	0
 2623 0121 0A       		.uleb128 0xa
 2624 0122 56000000 		.4byte	.LASF16
 2625 0126 03       		.byte	0x3
 2626 0127 A301     		.2byte	0x1a3
 2627 0129 33010000 		.4byte	0x133
 2628 012d 05       		.uleb128 0x5
 2629 012e 03       		.byte	0x3
 2630 012f 00000000 		.4byte	cy_metadata
 2631 0133 07       		.uleb128 0x7
 2632 0134 11010000 		.4byte	0x111
 2633 0138 00       		.byte	0
 2634              		.section	.debug_abbrev,"",%progbits
 2635              	.Ldebug_abbrev0:
 2636 0000 01       		.uleb128 0x1
 2637 0001 11       		.uleb128 0x11
 2638 0002 01       		.byte	0x1
 2639 0003 25       		.uleb128 0x25
 2640 0004 0E       		.uleb128 0xe
 2641 0005 13       		.uleb128 0x13
 2642 0006 0B       		.uleb128 0xb
 2643 0007 03       		.uleb128 0x3
 2644 0008 0E       		.uleb128 0xe
 2645 0009 1B       		.uleb128 0x1b
 2646 000a 0E       		.uleb128 0xe
 2647 000b 10       		.uleb128 0x10
 2648 000c 17       		.uleb128 0x17
 2649 000d 00       		.byte	0
 2650 000e 00       		.byte	0
 2651 000f 02       		.uleb128 0x2
 2652 0010 24       		.uleb128 0x24
 2653 0011 00       		.byte	0
 2654 0012 0B       		.uleb128 0xb
 2655 0013 0B       		.uleb128 0xb
 2656 0014 3E       		.uleb128 0x3e
 2657 0015 0B       		.uleb128 0xb
 2658 0016 03       		.uleb128 0x3
 2659 0017 0E       		.uleb128 0xe
 2660 0018 00       		.byte	0
 2661 0019 00       		.byte	0
 2662 001a 03       		.uleb128 0x3
 2663 001b 16       		.uleb128 0x16
 2664 001c 00       		.byte	0
 2665 001d 03       		.uleb128 0x3
 2666 001e 0E       		.uleb128 0xe
 2667 001f 3A       		.uleb128 0x3a
 2668 0020 0B       		.uleb128 0xb
 2669 0021 3B       		.uleb128 0x3b
 2670 0022 0B       		.uleb128 0xb
 2671 0023 49       		.uleb128 0x49
 2672 0024 13       		.uleb128 0x13
 2673 0025 00       		.byte	0
 2674 0026 00       		.byte	0
 2675 0027 04       		.uleb128 0x4
ARM GAS  C:\Users\adria\AppData\Local\Temp\ccAxdtSc.s 			page 48


 2676 0028 24       		.uleb128 0x24
 2677 0029 00       		.byte	0
 2678 002a 0B       		.uleb128 0xb
 2679 002b 0B       		.uleb128 0xb
 2680 002c 3E       		.uleb128 0x3e
 2681 002d 0B       		.uleb128 0xb
 2682 002e 03       		.uleb128 0x3
 2683 002f 08       		.uleb128 0x8
 2684 0030 00       		.byte	0
 2685 0031 00       		.byte	0
 2686 0032 05       		.uleb128 0x5
 2687 0033 01       		.uleb128 0x1
 2688 0034 01       		.byte	0x1
 2689 0035 49       		.uleb128 0x49
 2690 0036 13       		.uleb128 0x13
 2691 0037 01       		.uleb128 0x1
 2692 0038 13       		.uleb128 0x13
 2693 0039 00       		.byte	0
 2694 003a 00       		.byte	0
 2695 003b 06       		.uleb128 0x6
 2696 003c 21       		.uleb128 0x21
 2697 003d 00       		.byte	0
 2698 003e 49       		.uleb128 0x49
 2699 003f 13       		.uleb128 0x13
 2700 0040 2F       		.uleb128 0x2f
 2701 0041 05       		.uleb128 0x5
 2702 0042 00       		.byte	0
 2703 0043 00       		.byte	0
 2704 0044 07       		.uleb128 0x7
 2705 0045 26       		.uleb128 0x26
 2706 0046 00       		.byte	0
 2707 0047 49       		.uleb128 0x49
 2708 0048 13       		.uleb128 0x13
 2709 0049 00       		.byte	0
 2710 004a 00       		.byte	0
 2711 004b 08       		.uleb128 0x8
 2712 004c 34       		.uleb128 0x34
 2713 004d 00       		.byte	0
 2714 004e 03       		.uleb128 0x3
 2715 004f 0E       		.uleb128 0xe
 2716 0050 3A       		.uleb128 0x3a
 2717 0051 0B       		.uleb128 0xb
 2718 0052 3B       		.uleb128 0x3b
 2719 0053 0B       		.uleb128 0xb
 2720 0054 49       		.uleb128 0x49
 2721 0055 13       		.uleb128 0x13
 2722 0056 3F       		.uleb128 0x3f
 2723 0057 19       		.uleb128 0x19
 2724 0058 02       		.uleb128 0x2
 2725 0059 18       		.uleb128 0x18
 2726 005a 00       		.byte	0
 2727 005b 00       		.byte	0
 2728 005c 09       		.uleb128 0x9
 2729 005d 21       		.uleb128 0x21
 2730 005e 00       		.byte	0
 2731 005f 49       		.uleb128 0x49
 2732 0060 13       		.uleb128 0x13
ARM GAS  C:\Users\adria\AppData\Local\Temp\ccAxdtSc.s 			page 49


 2733 0061 2F       		.uleb128 0x2f
 2734 0062 0B       		.uleb128 0xb
 2735 0063 00       		.byte	0
 2736 0064 00       		.byte	0
 2737 0065 0A       		.uleb128 0xa
 2738 0066 34       		.uleb128 0x34
 2739 0067 00       		.byte	0
 2740 0068 03       		.uleb128 0x3
 2741 0069 0E       		.uleb128 0xe
 2742 006a 3A       		.uleb128 0x3a
 2743 006b 0B       		.uleb128 0xb
 2744 006c 3B       		.uleb128 0x3b
 2745 006d 05       		.uleb128 0x5
 2746 006e 49       		.uleb128 0x49
 2747 006f 13       		.uleb128 0x13
 2748 0070 3F       		.uleb128 0x3f
 2749 0071 19       		.uleb128 0x19
 2750 0072 02       		.uleb128 0x2
 2751 0073 18       		.uleb128 0x18
 2752 0074 00       		.byte	0
 2753 0075 00       		.byte	0
 2754 0076 00       		.byte	0
 2755              		.section	.debug_aranges,"",%progbits
 2756 0000 14000000 		.4byte	0x14
 2757 0004 0200     		.2byte	0x2
 2758 0006 00000000 		.4byte	.Ldebug_info0
 2759 000a 04       		.byte	0x4
 2760 000b 00       		.byte	0
 2761 000c 0000     		.2byte	0
 2762 000e 0000     		.2byte	0
 2763 0010 00000000 		.4byte	0
 2764 0014 00000000 		.4byte	0
 2765              		.section	.debug_line,"",%progbits
 2766              	.Ldebug_line0:
 2767 0000 3D010000 		.section	.debug_str,"MS",%progbits,1
 2767      02003701 
 2767      00000201 
 2767      FB0E0D00 
 2767      01010101 
 2768              	.LASF9:
 2769 0000 5F5F7569 		.ascii	"__uint8_t\000"
 2769      6E74385F 
 2769      7400
 2770              	.LASF19:
 2771 000a 433A5C55 		.ascii	"C:\\Users\\adria\\OneDrive\\Documents\\psoc\\PROYEC"
 2771      73657273 
 2771      5C616472 
 2771      69615C4F 
 2771      6E654472 
 2772 0037 544F5F49 		.ascii	"TO_IOT\\DOMOTICA_PROYECTO.cydsn\000"
 2772      4F545C44 
 2772      4F4D4F54 
 2772      4943415F 
 2772      50524F59 
 2773              	.LASF16:
 2774 0056 63795F6D 		.ascii	"cy_metadata\000"
 2774      65746164 
ARM GAS  C:\Users\adria\AppData\Local\Temp\ccAxdtSc.s 			page 50


 2774      61746100 
 2775              	.LASF1:
 2776 0062 756E7369 		.ascii	"unsigned char\000"
 2776      676E6564 
 2776      20636861 
 2776      7200
 2777              	.LASF17:
 2778 0070 474E5520 		.ascii	"GNU C11 5.4.1 20160609 (release) [ARM/embedded-5-br"
 2778      43313120 
 2778      352E342E 
 2778      31203230 
 2778      31363036 
 2779 00a3 616E6368 		.ascii	"anch revision 237715] -mcpu=cortex-m3 -mthumb -g -O"
 2779      20726576 
 2779      6973696F 
 2779      6E203233 
 2779      37373135 
 2780 00d6 67202D66 		.ascii	"g -ffunction-sections -ffat-lto-objects\000"
 2780      66756E63 
 2780      74696F6E 
 2780      2D736563 
 2780      74696F6E 
 2781              	.LASF5:
 2782 00fe 6C6F6E67 		.ascii	"long unsigned int\000"
 2782      20756E73 
 2782      69676E65 
 2782      6420696E 
 2782      7400
 2783              	.LASF3:
 2784 0110 73686F72 		.ascii	"short unsigned int\000"
 2784      7420756E 
 2784      7369676E 
 2784      65642069 
 2784      6E7400
 2785              	.LASF13:
 2786 0123 63795F6D 		.ascii	"cy_meta_custnvl\000"
 2786      6574615F 
 2786      63757374 
 2786      6E766C00 
 2787              	.LASF12:
 2788 0133 63795F6D 		.ascii	"cy_meta_configecc\000"
 2788      6574615F 
 2788      636F6E66 
 2788      69676563 
 2788      6300
 2789              	.LASF8:
 2790 0145 756E7369 		.ascii	"unsigned int\000"
 2790      676E6564 
 2790      20696E74 
 2790      00
 2791              	.LASF7:
 2792 0152 6C6F6E67 		.ascii	"long long unsigned int\000"
 2792      206C6F6E 
 2792      6720756E 
 2792      7369676E 
 2792      65642069 
 2793              	.LASF10:
ARM GAS  C:\Users\adria\AppData\Local\Temp\ccAxdtSc.s 			page 51


 2794 0169 75696E74 		.ascii	"uint8_t\000"
 2794      385F7400 
 2795              	.LASF15:
 2796 0171 63795F6D 		.ascii	"cy_meta_flashprotect\000"
 2796      6574615F 
 2796      666C6173 
 2796      6870726F 
 2796      74656374 
 2797              	.LASF14:
 2798 0186 63795F6D 		.ascii	"cy_meta_wonvl\000"
 2798      6574615F 
 2798      776F6E76 
 2798      6C00
 2799              	.LASF11:
 2800 0194 73697A65 		.ascii	"sizetype\000"
 2800      74797065 
 2800      00
 2801              	.LASF6:
 2802 019d 6C6F6E67 		.ascii	"long long int\000"
 2802      206C6F6E 
 2802      6720696E 
 2802      7400
 2803              	.LASF2:
 2804 01ab 73686F72 		.ascii	"short int\000"
 2804      7420696E 
 2804      7400
 2805              	.LASF4:
 2806 01b5 6C6F6E67 		.ascii	"long int\000"
 2806      20696E74 
 2806      00
 2807              	.LASF0:
 2808 01be 7369676E 		.ascii	"signed char\000"
 2808      65642063 
 2808      68617200 
 2809              	.LASF18:
 2810 01ca 47656E65 		.ascii	"Generated_Source\\PSoC5\\cymetadata.c\000"
 2810      72617465 
 2810      645F536F 
 2810      75726365 
 2810      5C50536F 
 2811              		.ident	"GCC: (GNU Tools for ARM Embedded Processors) 5.4.1 20160609 (release) [ARM/embedded-5-bran
