ARM GAS  C:\Users\adria\AppData\Local\Temp\cce8aatr.s 			page 1


   1              		.syntax unified
   2              		.cpu cortex-m3
   3              		.fpu softvfp
   4              		.eabi_attribute 20, 1
   5              		.eabi_attribute 21, 1
   6              		.eabi_attribute 23, 3
   7              		.eabi_attribute 24, 1
   8              		.eabi_attribute 25, 1
   9              		.eabi_attribute 26, 1
  10              		.eabi_attribute 30, 1
  11              		.eabi_attribute 34, 1
  12              		.eabi_attribute 18, 4
  13              		.thumb
  14              		.syntax unified
  15              		.file	"espU1.c"
  16              		.text
  17              	.Ltext0:
  18              		.cfi_sections	.debug_frame
  19              		.section	.text.esp_wifi_Start,"ax",%progbits
  20              		.align	2
  21              		.global	esp_wifi_Start
  22              		.thumb
  23              		.thumb_func
  24              		.type	esp_wifi_Start, %function
  25              	esp_wifi_Start:
  26              	.LFB64:
  27              		.file 1 "..\\ESP_wifi_module.cydsn\\espU1.c"
   1:..\ESP_wifi_module.cydsn/espU1.c **** #include "espU1.h"
   2:..\ESP_wifi_module.cydsn/espU1.c **** #include <stdio.h>
   3:..\ESP_wifi_module.cydsn/espU1.c **** /*
   4:..\ESP_wifi_module.cydsn/espU1.c **** --- Ejemplo UDP ---
   5:..\ESP_wifi_module.cydsn/espU1.c **** 
   6:..\ESP_wifi_module.cydsn/espU1.c **** 1. Configuración del Modo de Operación:
   7:..\ESP_wifi_module.cydsn/espU1.c **** AT+CWMODE=3: Este comando configura el módulo en modo tanto cliente como punto de acceso, permitie
   8:..\ESP_wifi_module.cydsn/espU1.c **** 
   9:..\ESP_wifi_module.cydsn/espU1.c **** 2. Conexión a la Red WiFi:
  10:..\ESP_wifi_module.cydsn/espU1.c **** AT+CWJAP="nombre_de_tu_red","contraseña_de_tu_red": Este comando conecta el módulo a tu red WiFi.
  11:..\ESP_wifi_module.cydsn/espU1.c **** AT+CWJAP="MiHotspot","Pass123"
  12:..\ESP_wifi_module.cydsn/espU1.c **** AT+CIFSR: Para consultar la dirección IP del dispositivo.
  13:..\ESP_wifi_module.cydsn/espU1.c **** 
  14:..\ESP_wifi_module.cydsn/espU1.c **** 3. Inicio de la Conexión UDP:
  15:..\ESP_wifi_module.cydsn/espU1.c **** AT+CIPSTART="UDP","ip_destino",puerto_destino,puerto_local,modo:
  16:..\ESP_wifi_module.cydsn/espU1.c **** Reemplaza "ip_destino" con la dirección IP del dispositivo al que deseas enviar datos,
  17:..\ESP_wifi_module.cydsn/espU1.c **** "puerto_destino" con el puerto del dispositivo destino,
  18:..\ESP_wifi_module.cydsn/espU1.c **** "puerto_local" con un puerto local en el ESP8266 para recibir datos,
  19:..\ESP_wifi_module.cydsn/espU1.c **** y "modo" con 2 para permitir enviar y recibir datos sin cambiar la conexión.
  20:..\ESP_wifi_module.cydsn/espU1.c **** AT+CIPSTART="UDP","192.168.100.55",8080,8081,2
  21:..\ESP_wifi_module.cydsn/espU1.c **** 
  22:..\ESP_wifi_module.cydsn/espU1.c **** 4. Envío de Datos:
  23:..\ESP_wifi_module.cydsn/espU1.c **** AT+CIPSEND=tamaño_del_mensaje: Este comando especifica el tamaño del mensaje que deseas enviar.
  24:..\ESP_wifi_module.cydsn/espU1.c **** Luego, ingresa los datos que deseas enviar.
  25:..\ESP_wifi_module.cydsn/espU1.c **** AT+CIPSEND=4
  26:..\ESP_wifi_module.cydsn/espU1.c **** > Hola
  27:..\ESP_wifi_module.cydsn/espU1.c **** 
  28:..\ESP_wifi_module.cydsn/espU1.c **** 5. Recepción de Datos:
  29:..\ESP_wifi_module.cydsn/espU1.c **** Los datos recibidos serán mostrados en la interfaz serial automáticamente si el módulo está cor
  30:..\ESP_wifi_module.cydsn/espU1.c **** 
ARM GAS  C:\Users\adria\AppData\Local\Temp\cce8aatr.s 			page 2


  31:..\ESP_wifi_module.cydsn/espU1.c **** 6. Cierre de la Conexión:
  32:..\ESP_wifi_module.cydsn/espU1.c **** AT+CIPCLOSE: Este comando cerrará la conexión UDP.
  33:..\ESP_wifi_module.cydsn/espU1.c **** */
  34:..\ESP_wifi_module.cydsn/espU1.c **** //Funcion de inicializacion sin tanto shitpost
  35:..\ESP_wifi_module.cydsn/espU1.c **** 
  36:..\ESP_wifi_module.cydsn/espU1.c **** 
  37:..\ESP_wifi_module.cydsn/espU1.c **** uint8_t esp_wifi_Start(uint8_t ROUTER){
  28              		.loc 1 37 0
  29              		.cfi_startproc
  30              		@ args = 0, pretend = 0, frame = 0
  31              		@ frame_needed = 0, uses_anonymous_args = 0
  32              	.LVL0:
  33 0000 10B5     		push	{r4, lr}
  34              		.cfi_def_cfa_offset 8
  35              		.cfi_offset 4, -8
  36              		.cfi_offset 14, -4
  37 0002 0446     		mov	r4, r0
  38:..\ESP_wifi_module.cydsn/espU1.c ****     
  39:..\ESP_wifi_module.cydsn/espU1.c ****     UART_PutString("AT+CIPCLOSE\r\n");
  38              		.loc 1 39 0
  39 0004 1548     		ldr	r0, .L4
  40              	.LVL1:
  41 0006 FFF7FEFF 		bl	UART_PutString
  42              	.LVL2:
  40:..\ESP_wifi_module.cydsn/espU1.c ****     CyDelay(3000);
  43              		.loc 1 40 0
  44 000a 40F6B830 		movw	r0, #3000
  45 000e FFF7FEFF 		bl	CyDelay
  46              	.LVL3:
  41:..\ESP_wifi_module.cydsn/espU1.c ****     UART_PutString("AT+CWMODE=3\r\n");
  47              		.loc 1 41 0
  48 0012 1348     		ldr	r0, .L4+4
  49 0014 FFF7FEFF 		bl	UART_PutString
  50              	.LVL4:
  42:..\ESP_wifi_module.cydsn/espU1.c ****     CyDelay(3000);
  51              		.loc 1 42 0
  52 0018 40F6B830 		movw	r0, #3000
  53 001c FFF7FEFF 		bl	CyDelay
  54              	.LVL5:
  43:..\ESP_wifi_module.cydsn/espU1.c ****     
  44:..\ESP_wifi_module.cydsn/espU1.c ****     if (ROUTER ==0){//VILCHIS
  45:..\ESP_wifi_module.cydsn/espU1.c ****     }
  46:..\ESP_wifi_module.cydsn/espU1.c ****     
  47:..\ESP_wifi_module.cydsn/espU1.c ****     if (ROUTER ==1){//cuernofono
  48:..\ESP_wifi_module.cydsn/espU1.c ****     }
  49:..\ESP_wifi_module.cydsn/espU1.c ****     
  50:..\ESP_wifi_module.cydsn/espU1.c ****     if(ROUTER ==2){//CANTON
  55              		.loc 1 50 0
  56 0020 022C     		cmp	r4, #2
  57 0022 10D1     		bne	.L2
  51:..\ESP_wifi_module.cydsn/espU1.c ****         UART_PutString("AT+CWJAP=\"FOCOS\",\"focointeligente\"\r\n");
  58              		.loc 1 51 0
  59 0024 0F48     		ldr	r0, .L4+8
  60 0026 FFF7FEFF 		bl	UART_PutString
  61              	.LVL6:
  52:..\ESP_wifi_module.cydsn/espU1.c ****         CyDelay(10000);
  62              		.loc 1 52 0
ARM GAS  C:\Users\adria\AppData\Local\Temp\cce8aatr.s 			page 3


  63 002a 42F21070 		movw	r0, #10000
  64 002e FFF7FEFF 		bl	CyDelay
  65              	.LVL7:
  53:..\ESP_wifi_module.cydsn/espU1.c ****         
  54:..\ESP_wifi_module.cydsn/espU1.c ****         UART_PutString("AT+CIFSR\r\n");
  66              		.loc 1 54 0
  67 0032 0D48     		ldr	r0, .L4+12
  68 0034 FFF7FEFF 		bl	UART_PutString
  69              	.LVL8:
  55:..\ESP_wifi_module.cydsn/espU1.c ****         CyDelay(1000);
  70              		.loc 1 55 0
  71 0038 4FF47A70 		mov	r0, #1000
  72 003c FFF7FEFF 		bl	CyDelay
  73              	.LVL9:
  56:..\ESP_wifi_module.cydsn/espU1.c ****         
  57:..\ESP_wifi_module.cydsn/espU1.c ****         UART_PutString("AT+CIPSTART=\"UDP\",\"192.168.0.25\",8501,8081,2\r\n");
  74              		.loc 1 57 0
  75 0040 0A48     		ldr	r0, .L4+16
  76 0042 FFF7FEFF 		bl	UART_PutString
  77              	.LVL10:
  78              	.L2:
  58:..\ESP_wifi_module.cydsn/espU1.c ****     }
  59:..\ESP_wifi_module.cydsn/espU1.c **** 
  60:..\ESP_wifi_module.cydsn/espU1.c ****     INDICADORES_Write(BIT0);//El buzzer indica el fin de la inicializacion
  79              		.loc 1 60 0
  80 0046 0120     		movs	r0, #1
  81 0048 FFF7FEFF 		bl	INDICADORES_Write
  82              	.LVL11:
  61:..\ESP_wifi_module.cydsn/espU1.c ****     CyDelay(150);
  83              		.loc 1 61 0
  84 004c 9620     		movs	r0, #150
  85 004e FFF7FEFF 		bl	CyDelay
  86              	.LVL12:
  62:..\ESP_wifi_module.cydsn/espU1.c ****     INDICADORES_Write(~BIT0);//El buzzer indica el fin de la inicializacion
  87              		.loc 1 62 0
  88 0052 FE20     		movs	r0, #254
  89 0054 FFF7FEFF 		bl	INDICADORES_Write
  90              	.LVL13:
  63:..\ESP_wifi_module.cydsn/espU1.c ****     
  64:..\ESP_wifi_module.cydsn/espU1.c ****     return 0;
  65:..\ESP_wifi_module.cydsn/espU1.c **** }
  91              		.loc 1 65 0
  92 0058 0020     		movs	r0, #0
  93 005a 10BD     		pop	{r4, pc}
  94              	.L5:
  95              		.align	2
  96              	.L4:
  97 005c 00000000 		.word	.LC0
  98 0060 10000000 		.word	.LC1
  99 0064 20000000 		.word	.LC2
 100 0068 48000000 		.word	.LC3
 101 006c 54000000 		.word	.LC4
 102              		.cfi_endproc
 103              	.LFE64:
 104              		.size	esp_wifi_Start, .-esp_wifi_Start
 105              		.section	.text.send,"ax",%progbits
 106              		.align	2
ARM GAS  C:\Users\adria\AppData\Local\Temp\cce8aatr.s 			page 4


 107              		.global	send
 108              		.thumb
 109              		.thumb_func
 110              		.type	send, %function
 111              	send:
 112              	.LFB65:
  66:..\ESP_wifi_module.cydsn/espU1.c **** 
  67:..\ESP_wifi_module.cydsn/espU1.c **** void send(uint8_t len, char *msg){
 113              		.loc 1 67 0
 114              		.cfi_startproc
 115              		@ args = 0, pretend = 0, frame = 0
 116              		@ frame_needed = 0, uses_anonymous_args = 0
 117              	.LVL14:
 118 0000 38B5     		push	{r3, r4, r5, lr}
 119              		.cfi_def_cfa_offset 16
 120              		.cfi_offset 3, -16
 121              		.cfi_offset 4, -12
 122              		.cfi_offset 5, -8
 123              		.cfi_offset 14, -4
 124 0002 0D46     		mov	r5, r1
  68:..\ESP_wifi_module.cydsn/espU1.c ****     char *send;
  69:..\ESP_wifi_module.cydsn/espU1.c ****     sprintf(send,"AT+CIPSEND=%d\r\n",len);
 125              		.loc 1 69 0
 126 0004 0246     		mov	r2, r0
 127 0006 0949     		ldr	r1, .L8
 128              	.LVL15:
 129 0008 0024     		movs	r4, #0
 130 000a 2046     		mov	r0, r4
 131              	.LVL16:
 132 000c FFF7FEFF 		bl	sprintf
 133              	.LVL17:
  70:..\ESP_wifi_module.cydsn/espU1.c ****     
  71:..\ESP_wifi_module.cydsn/espU1.c ****     UART_PutString(send);
 134              		.loc 1 71 0
 135 0010 2046     		mov	r0, r4
 136 0012 FFF7FEFF 		bl	UART_PutString
 137              	.LVL18:
  72:..\ESP_wifi_module.cydsn/espU1.c ****     CyDelay(5000);
 138              		.loc 1 72 0
 139 0016 41F28830 		movw	r0, #5000
 140 001a FFF7FEFF 		bl	CyDelay
 141              	.LVL19:
  73:..\ESP_wifi_module.cydsn/espU1.c ****     UART_PutString(msg);
 142              		.loc 1 73 0
 143 001e 2846     		mov	r0, r5
 144 0020 FFF7FEFF 		bl	UART_PutString
 145              	.LVL20:
  74:..\ESP_wifi_module.cydsn/espU1.c ****     UART_PutString("\r\n");
 146              		.loc 1 74 0
 147 0024 0248     		ldr	r0, .L8+4
 148 0026 FFF7FEFF 		bl	UART_PutString
 149              	.LVL21:
 150 002a 38BD     		pop	{r3, r4, r5, pc}
 151              	.LVL22:
 152              	.L9:
 153              		.align	2
 154              	.L8:
ARM GAS  C:\Users\adria\AppData\Local\Temp\cce8aatr.s 			page 5


 155 002c 84000000 		.word	.LC5
 156 0030 94000000 		.word	.LC6
 157              		.cfi_endproc
 158              	.LFE65:
 159              		.size	send, .-send
 160              		.section	.rodata.str1.4,"aMS",%progbits,1
 161              		.align	2
 162              	.LC0:
 163 0000 41542B43 		.ascii	"AT+CIPCLOSE\015\012\000"
 163      4950434C 
 163      4F53450D 
 163      0A00
 164 000e 0000     		.space	2
 165              	.LC1:
 166 0010 41542B43 		.ascii	"AT+CWMODE=3\015\012\000"
 166      574D4F44 
 166      453D330D 
 166      0A00
 167 001e 0000     		.space	2
 168              	.LC2:
 169 0020 41542B43 		.ascii	"AT+CWJAP=\"FOCOS\",\"focointeligente\"\015\012\000"
 169      574A4150 
 169      3D22464F 
 169      434F5322 
 169      2C22666F 
 170 0045 000000   		.space	3
 171              	.LC3:
 172 0048 41542B43 		.ascii	"AT+CIFSR\015\012\000"
 172      49465352 
 172      0D0A00
 173 0053 00       		.space	1
 174              	.LC4:
 175 0054 41542B43 		.ascii	"AT+CIPSTART=\"UDP\",\"192.168.0.25\",8501,8081,2\015"
 175      49505354 
 175      4152543D 
 175      22554450 
 175      222C2231 
 176 0081 0A00     		.ascii	"\012\000"
 177 0083 00       		.space	1
 178              	.LC5:
 179 0084 41542B43 		.ascii	"AT+CIPSEND=%d\015\012\000"
 179      49505345 
 179      4E443D25 
 179      640D0A00 
 180              	.LC6:
 181 0094 0D0A00   		.ascii	"\015\012\000"
 182              		.text
 183              	.Letext0:
 184              		.file 2 "c:\\program files (x86)\\cypress\\psoc creator\\4.4\\psoc creator\\import\\gnu\\arm\\5.4.
 185              		.file 3 "c:\\program files (x86)\\cypress\\psoc creator\\4.4\\psoc creator\\import\\gnu\\arm\\5.4.
 186              		.file 4 "Generated_Source\\PSoC5/UART.h"
 187              		.file 5 "Generated_Source\\PSoC5/CyLib.h"
 188              		.file 6 "Generated_Source\\PSoC5/INDICADORES.h"
 189              		.file 7 "c:\\program files (x86)\\cypress\\psoc creator\\4.4\\psoc creator\\import\\gnu\\arm\\5.4.
 190              		.file 8 "Generated_Source\\PSoC5/core_cm3.h"
 191              		.section	.debug_info,"",%progbits
 192              	.Ldebug_info0:
ARM GAS  C:\Users\adria\AppData\Local\Temp\cce8aatr.s 			page 6


 193 0000 CF020000 		.4byte	0x2cf
 194 0004 0400     		.2byte	0x4
 195 0006 00000000 		.4byte	.Ldebug_abbrev0
 196 000a 04       		.byte	0x4
 197 000b 01       		.uleb128 0x1
 198 000c 96000000 		.4byte	.LASF23
 199 0010 0C       		.byte	0xc
 200 0011 36010000 		.4byte	.LASF24
 201 0015 27000000 		.4byte	.LASF25
 202 0019 00000000 		.4byte	.Ldebug_ranges0+0
 203 001d 00000000 		.4byte	0
 204 0021 00000000 		.4byte	.Ldebug_line0
 205 0025 02       		.uleb128 0x2
 206 0026 01       		.byte	0x1
 207 0027 06       		.byte	0x6
 208 0028 F8010000 		.4byte	.LASF0
 209 002c 03       		.uleb128 0x3
 210 002d 00000000 		.4byte	.LASF4
 211 0031 02       		.byte	0x2
 212 0032 1D       		.byte	0x1d
 213 0033 37000000 		.4byte	0x37
 214 0037 02       		.uleb128 0x2
 215 0038 01       		.byte	0x1
 216 0039 08       		.byte	0x8
 217 003a 88000000 		.4byte	.LASF1
 218 003e 02       		.uleb128 0x2
 219 003f 02       		.byte	0x2
 220 0040 05       		.byte	0x5
 221 0041 D9010000 		.4byte	.LASF2
 222 0045 02       		.uleb128 0x2
 223 0046 02       		.byte	0x2
 224 0047 07       		.byte	0x7
 225 0048 14000000 		.4byte	.LASF3
 226 004c 03       		.uleb128 0x3
 227 004d 0A000000 		.4byte	.LASF5
 228 0051 02       		.byte	0x2
 229 0052 3F       		.byte	0x3f
 230 0053 57000000 		.4byte	0x57
 231 0057 02       		.uleb128 0x2
 232 0058 04       		.byte	0x4
 233 0059 05       		.byte	0x5
 234 005a E3010000 		.4byte	.LASF6
 235 005e 02       		.uleb128 0x2
 236 005f 04       		.byte	0x4
 237 0060 07       		.byte	0x7
 238 0061 24010000 		.4byte	.LASF7
 239 0065 02       		.uleb128 0x2
 240 0066 08       		.byte	0x8
 241 0067 05       		.byte	0x5
 242 0068 C6010000 		.4byte	.LASF8
 243 006c 02       		.uleb128 0x2
 244 006d 08       		.byte	0x8
 245 006e 07       		.byte	0x7
 246 006f 96010000 		.4byte	.LASF9
 247 0073 04       		.uleb128 0x4
 248 0074 04       		.byte	0x4
 249 0075 05       		.byte	0x5
ARM GAS  C:\Users\adria\AppData\Local\Temp\cce8aatr.s 			page 7


 250 0076 696E7400 		.ascii	"int\000"
 251 007a 02       		.uleb128 0x2
 252 007b 04       		.byte	0x4
 253 007c 07       		.byte	0x7
 254 007d 84010000 		.4byte	.LASF10
 255 0081 03       		.uleb128 0x3
 256 0082 AD010000 		.4byte	.LASF11
 257 0086 03       		.byte	0x3
 258 0087 18       		.byte	0x18
 259 0088 2C000000 		.4byte	0x2c
 260 008c 03       		.uleb128 0x3
 261 008d B5010000 		.4byte	.LASF12
 262 0091 03       		.byte	0x3
 263 0092 2C       		.byte	0x2c
 264 0093 4C000000 		.4byte	0x4c
 265 0097 02       		.uleb128 0x2
 266 0098 04       		.byte	0x4
 267 0099 04       		.byte	0x4
 268 009a 82000000 		.4byte	.LASF13
 269 009e 02       		.uleb128 0x2
 270 009f 08       		.byte	0x8
 271 00a0 04       		.byte	0x4
 272 00a1 76010000 		.4byte	.LASF14
 273 00a5 02       		.uleb128 0x2
 274 00a6 01       		.byte	0x1
 275 00a7 08       		.byte	0x8
 276 00a8 D4010000 		.4byte	.LASF15
 277 00ac 02       		.uleb128 0x2
 278 00ad 08       		.byte	0x8
 279 00ae 04       		.byte	0x4
 280 00af EC010000 		.4byte	.LASF16
 281 00b3 02       		.uleb128 0x2
 282 00b4 04       		.byte	0x4
 283 00b5 07       		.byte	0x7
 284 00b6 BD010000 		.4byte	.LASF17
 285 00ba 05       		.uleb128 0x5
 286 00bb 04       		.byte	0x4
 287 00bc A5000000 		.4byte	0xa5
 288 00c0 06       		.uleb128 0x6
 289 00c1 73000000 		.4byte	.LASF26
 290 00c5 01       		.byte	0x1
 291 00c6 25       		.byte	0x25
 292 00c7 81000000 		.4byte	0x81
 293 00cb 00000000 		.4byte	.LFB64
 294 00cf 70000000 		.4byte	.LFE64-.LFB64
 295 00d3 01       		.uleb128 0x1
 296 00d4 9C       		.byte	0x9c
 297 00d5 E7010000 		.4byte	0x1e7
 298 00d9 07       		.uleb128 0x7
 299 00da 7D010000 		.4byte	.LASF18
 300 00de 01       		.byte	0x1
 301 00df 25       		.byte	0x25
 302 00e0 81000000 		.4byte	0x81
 303 00e4 00000000 		.4byte	.LLST0
 304 00e8 08       		.uleb128 0x8
 305 00e9 0A000000 		.4byte	.LVL2
 306 00ed A6020000 		.4byte	0x2a6
ARM GAS  C:\Users\adria\AppData\Local\Temp\cce8aatr.s 			page 8


 307 00f1 FF000000 		.4byte	0xff
 308 00f5 09       		.uleb128 0x9
 309 00f6 01       		.uleb128 0x1
 310 00f7 50       		.byte	0x50
 311 00f8 05       		.uleb128 0x5
 312 00f9 03       		.byte	0x3
 313 00fa 00000000 		.4byte	.LC0
 314 00fe 00       		.byte	0
 315 00ff 08       		.uleb128 0x8
 316 0100 12000000 		.4byte	.LVL3
 317 0104 B1020000 		.4byte	0x2b1
 318 0108 14010000 		.4byte	0x114
 319 010c 09       		.uleb128 0x9
 320 010d 01       		.uleb128 0x1
 321 010e 50       		.byte	0x50
 322 010f 03       		.uleb128 0x3
 323 0110 0A       		.byte	0xa
 324 0111 B80B     		.2byte	0xbb8
 325 0113 00       		.byte	0
 326 0114 08       		.uleb128 0x8
 327 0115 18000000 		.4byte	.LVL4
 328 0119 A6020000 		.4byte	0x2a6
 329 011d 2B010000 		.4byte	0x12b
 330 0121 09       		.uleb128 0x9
 331 0122 01       		.uleb128 0x1
 332 0123 50       		.byte	0x50
 333 0124 05       		.uleb128 0x5
 334 0125 03       		.byte	0x3
 335 0126 10000000 		.4byte	.LC1
 336 012a 00       		.byte	0
 337 012b 08       		.uleb128 0x8
 338 012c 20000000 		.4byte	.LVL5
 339 0130 B1020000 		.4byte	0x2b1
 340 0134 40010000 		.4byte	0x140
 341 0138 09       		.uleb128 0x9
 342 0139 01       		.uleb128 0x1
 343 013a 50       		.byte	0x50
 344 013b 03       		.uleb128 0x3
 345 013c 0A       		.byte	0xa
 346 013d B80B     		.2byte	0xbb8
 347 013f 00       		.byte	0
 348 0140 08       		.uleb128 0x8
 349 0141 2A000000 		.4byte	.LVL6
 350 0145 A6020000 		.4byte	0x2a6
 351 0149 57010000 		.4byte	0x157
 352 014d 09       		.uleb128 0x9
 353 014e 01       		.uleb128 0x1
 354 014f 50       		.byte	0x50
 355 0150 05       		.uleb128 0x5
 356 0151 03       		.byte	0x3
 357 0152 20000000 		.4byte	.LC2
 358 0156 00       		.byte	0
 359 0157 08       		.uleb128 0x8
 360 0158 32000000 		.4byte	.LVL7
 361 015c B1020000 		.4byte	0x2b1
 362 0160 6C010000 		.4byte	0x16c
 363 0164 09       		.uleb128 0x9
ARM GAS  C:\Users\adria\AppData\Local\Temp\cce8aatr.s 			page 9


 364 0165 01       		.uleb128 0x1
 365 0166 50       		.byte	0x50
 366 0167 03       		.uleb128 0x3
 367 0168 0A       		.byte	0xa
 368 0169 1027     		.2byte	0x2710
 369 016b 00       		.byte	0
 370 016c 08       		.uleb128 0x8
 371 016d 38000000 		.4byte	.LVL8
 372 0171 A6020000 		.4byte	0x2a6
 373 0175 83010000 		.4byte	0x183
 374 0179 09       		.uleb128 0x9
 375 017a 01       		.uleb128 0x1
 376 017b 50       		.byte	0x50
 377 017c 05       		.uleb128 0x5
 378 017d 03       		.byte	0x3
 379 017e 48000000 		.4byte	.LC3
 380 0182 00       		.byte	0
 381 0183 08       		.uleb128 0x8
 382 0184 40000000 		.4byte	.LVL9
 383 0188 B1020000 		.4byte	0x2b1
 384 018c 98010000 		.4byte	0x198
 385 0190 09       		.uleb128 0x9
 386 0191 01       		.uleb128 0x1
 387 0192 50       		.byte	0x50
 388 0193 03       		.uleb128 0x3
 389 0194 0A       		.byte	0xa
 390 0195 E803     		.2byte	0x3e8
 391 0197 00       		.byte	0
 392 0198 08       		.uleb128 0x8
 393 0199 46000000 		.4byte	.LVL10
 394 019d A6020000 		.4byte	0x2a6
 395 01a1 AF010000 		.4byte	0x1af
 396 01a5 09       		.uleb128 0x9
 397 01a6 01       		.uleb128 0x1
 398 01a7 50       		.byte	0x50
 399 01a8 05       		.uleb128 0x5
 400 01a9 03       		.byte	0x3
 401 01aa 54000000 		.4byte	.LC4
 402 01ae 00       		.byte	0
 403 01af 08       		.uleb128 0x8
 404 01b0 4C000000 		.4byte	.LVL11
 405 01b4 BC020000 		.4byte	0x2bc
 406 01b8 C2010000 		.4byte	0x1c2
 407 01bc 09       		.uleb128 0x9
 408 01bd 01       		.uleb128 0x1
 409 01be 50       		.byte	0x50
 410 01bf 01       		.uleb128 0x1
 411 01c0 31       		.byte	0x31
 412 01c1 00       		.byte	0
 413 01c2 08       		.uleb128 0x8
 414 01c3 52000000 		.4byte	.LVL12
 415 01c7 B1020000 		.4byte	0x2b1
 416 01cb D6010000 		.4byte	0x1d6
 417 01cf 09       		.uleb128 0x9
 418 01d0 01       		.uleb128 0x1
 419 01d1 50       		.byte	0x50
 420 01d2 02       		.uleb128 0x2
ARM GAS  C:\Users\adria\AppData\Local\Temp\cce8aatr.s 			page 10


 421 01d3 08       		.byte	0x8
 422 01d4 96       		.byte	0x96
 423 01d5 00       		.byte	0
 424 01d6 0A       		.uleb128 0xa
 425 01d7 58000000 		.4byte	.LVL13
 426 01db BC020000 		.4byte	0x2bc
 427 01df 09       		.uleb128 0x9
 428 01e0 01       		.uleb128 0x1
 429 01e1 50       		.byte	0x50
 430 01e2 02       		.uleb128 0x2
 431 01e3 09       		.byte	0x9
 432 01e4 FE       		.byte	0xfe
 433 01e5 00       		.byte	0
 434 01e6 00       		.byte	0
 435 01e7 0B       		.uleb128 0xb
 436 01e8 91010000 		.4byte	.LASF27
 437 01ec 01       		.byte	0x1
 438 01ed 43       		.byte	0x43
 439 01ee 00000000 		.4byte	.LFB65
 440 01f2 34000000 		.4byte	.LFE65-.LFB65
 441 01f6 01       		.uleb128 0x1
 442 01f7 9C       		.byte	0x9c
 443 01f8 95020000 		.4byte	0x295
 444 01fc 0C       		.uleb128 0xc
 445 01fd 6C656E00 		.ascii	"len\000"
 446 0201 01       		.byte	0x1
 447 0202 43       		.byte	0x43
 448 0203 81000000 		.4byte	0x81
 449 0207 21000000 		.4byte	.LLST1
 450 020b 0C       		.uleb128 0xc
 451 020c 6D736700 		.ascii	"msg\000"
 452 0210 01       		.byte	0x1
 453 0211 43       		.byte	0x43
 454 0212 BA000000 		.4byte	0xba
 455 0216 42000000 		.4byte	.LLST2
 456 021a 0D       		.uleb128 0xd
 457 021b 91010000 		.4byte	.LASF27
 458 021f 01       		.byte	0x1
 459 0220 44       		.byte	0x44
 460 0221 BA000000 		.4byte	0xba
 461 0225 01       		.uleb128 0x1
 462 0226 54       		.byte	0x54
 463 0227 08       		.uleb128 0x8
 464 0228 10000000 		.4byte	.LVL17
 465 022c C7020000 		.4byte	0x2c7
 466 0230 44020000 		.4byte	0x244
 467 0234 09       		.uleb128 0x9
 468 0235 01       		.uleb128 0x1
 469 0236 50       		.byte	0x50
 470 0237 02       		.uleb128 0x2
 471 0238 74       		.byte	0x74
 472 0239 00       		.sleb128 0
 473 023a 09       		.uleb128 0x9
 474 023b 01       		.uleb128 0x1
 475 023c 51       		.byte	0x51
 476 023d 05       		.uleb128 0x5
 477 023e 03       		.byte	0x3
ARM GAS  C:\Users\adria\AppData\Local\Temp\cce8aatr.s 			page 11


 478 023f 84000000 		.4byte	.LC5
 479 0243 00       		.byte	0
 480 0244 08       		.uleb128 0x8
 481 0245 16000000 		.4byte	.LVL18
 482 0249 A6020000 		.4byte	0x2a6
 483 024d 58020000 		.4byte	0x258
 484 0251 09       		.uleb128 0x9
 485 0252 01       		.uleb128 0x1
 486 0253 50       		.byte	0x50
 487 0254 02       		.uleb128 0x2
 488 0255 74       		.byte	0x74
 489 0256 00       		.sleb128 0
 490 0257 00       		.byte	0
 491 0258 08       		.uleb128 0x8
 492 0259 1E000000 		.4byte	.LVL19
 493 025d B1020000 		.4byte	0x2b1
 494 0261 6D020000 		.4byte	0x26d
 495 0265 09       		.uleb128 0x9
 496 0266 01       		.uleb128 0x1
 497 0267 50       		.byte	0x50
 498 0268 03       		.uleb128 0x3
 499 0269 0A       		.byte	0xa
 500 026a 8813     		.2byte	0x1388
 501 026c 00       		.byte	0
 502 026d 08       		.uleb128 0x8
 503 026e 24000000 		.4byte	.LVL20
 504 0272 A6020000 		.4byte	0x2a6
 505 0276 81020000 		.4byte	0x281
 506 027a 09       		.uleb128 0x9
 507 027b 01       		.uleb128 0x1
 508 027c 50       		.byte	0x50
 509 027d 02       		.uleb128 0x2
 510 027e 75       		.byte	0x75
 511 027f 00       		.sleb128 0
 512 0280 00       		.byte	0
 513 0281 0A       		.uleb128 0xa
 514 0282 2A000000 		.4byte	.LVL21
 515 0286 A6020000 		.4byte	0x2a6
 516 028a 09       		.uleb128 0x9
 517 028b 01       		.uleb128 0x1
 518 028c 50       		.byte	0x50
 519 028d 05       		.uleb128 0x5
 520 028e 03       		.byte	0x3
 521 028f 94000000 		.4byte	.LC6
 522 0293 00       		.byte	0
 523 0294 00       		.byte	0
 524 0295 0E       		.uleb128 0xe
 525 0296 69010000 		.4byte	.LASF28
 526 029a 08       		.byte	0x8
 527 029b 1207     		.2byte	0x712
 528 029d A1020000 		.4byte	0x2a1
 529 02a1 0F       		.uleb128 0xf
 530 02a2 8C000000 		.4byte	0x8c
 531 02a6 10       		.uleb128 0x10
 532 02a7 04020000 		.4byte	.LASF19
 533 02ab 04020000 		.4byte	.LASF19
 534 02af 04       		.byte	0x4
ARM GAS  C:\Users\adria\AppData\Local\Temp\cce8aatr.s 			page 12


 535 02b0 8B       		.byte	0x8b
 536 02b1 10       		.uleb128 0x10
 537 02b2 1B020000 		.4byte	.LASF20
 538 02b6 1B020000 		.4byte	.LASF20
 539 02ba 05       		.byte	0x5
 540 02bb 76       		.byte	0x76
 541 02bc 10       		.uleb128 0x10
 542 02bd 57010000 		.4byte	.LASF21
 543 02c1 57010000 		.4byte	.LASF21
 544 02c5 06       		.byte	0x6
 545 02c6 2F       		.byte	0x2f
 546 02c7 10       		.uleb128 0x10
 547 02c8 13020000 		.4byte	.LASF22
 548 02cc 13020000 		.4byte	.LASF22
 549 02d0 07       		.byte	0x7
 550 02d1 E7       		.byte	0xe7
 551 02d2 00       		.byte	0
 552              		.section	.debug_abbrev,"",%progbits
 553              	.Ldebug_abbrev0:
 554 0000 01       		.uleb128 0x1
 555 0001 11       		.uleb128 0x11
 556 0002 01       		.byte	0x1
 557 0003 25       		.uleb128 0x25
 558 0004 0E       		.uleb128 0xe
 559 0005 13       		.uleb128 0x13
 560 0006 0B       		.uleb128 0xb
 561 0007 03       		.uleb128 0x3
 562 0008 0E       		.uleb128 0xe
 563 0009 1B       		.uleb128 0x1b
 564 000a 0E       		.uleb128 0xe
 565 000b 55       		.uleb128 0x55
 566 000c 17       		.uleb128 0x17
 567 000d 11       		.uleb128 0x11
 568 000e 01       		.uleb128 0x1
 569 000f 10       		.uleb128 0x10
 570 0010 17       		.uleb128 0x17
 571 0011 00       		.byte	0
 572 0012 00       		.byte	0
 573 0013 02       		.uleb128 0x2
 574 0014 24       		.uleb128 0x24
 575 0015 00       		.byte	0
 576 0016 0B       		.uleb128 0xb
 577 0017 0B       		.uleb128 0xb
 578 0018 3E       		.uleb128 0x3e
 579 0019 0B       		.uleb128 0xb
 580 001a 03       		.uleb128 0x3
 581 001b 0E       		.uleb128 0xe
 582 001c 00       		.byte	0
 583 001d 00       		.byte	0
 584 001e 03       		.uleb128 0x3
 585 001f 16       		.uleb128 0x16
 586 0020 00       		.byte	0
 587 0021 03       		.uleb128 0x3
 588 0022 0E       		.uleb128 0xe
 589 0023 3A       		.uleb128 0x3a
 590 0024 0B       		.uleb128 0xb
 591 0025 3B       		.uleb128 0x3b
ARM GAS  C:\Users\adria\AppData\Local\Temp\cce8aatr.s 			page 13


 592 0026 0B       		.uleb128 0xb
 593 0027 49       		.uleb128 0x49
 594 0028 13       		.uleb128 0x13
 595 0029 00       		.byte	0
 596 002a 00       		.byte	0
 597 002b 04       		.uleb128 0x4
 598 002c 24       		.uleb128 0x24
 599 002d 00       		.byte	0
 600 002e 0B       		.uleb128 0xb
 601 002f 0B       		.uleb128 0xb
 602 0030 3E       		.uleb128 0x3e
 603 0031 0B       		.uleb128 0xb
 604 0032 03       		.uleb128 0x3
 605 0033 08       		.uleb128 0x8
 606 0034 00       		.byte	0
 607 0035 00       		.byte	0
 608 0036 05       		.uleb128 0x5
 609 0037 0F       		.uleb128 0xf
 610 0038 00       		.byte	0
 611 0039 0B       		.uleb128 0xb
 612 003a 0B       		.uleb128 0xb
 613 003b 49       		.uleb128 0x49
 614 003c 13       		.uleb128 0x13
 615 003d 00       		.byte	0
 616 003e 00       		.byte	0
 617 003f 06       		.uleb128 0x6
 618 0040 2E       		.uleb128 0x2e
 619 0041 01       		.byte	0x1
 620 0042 3F       		.uleb128 0x3f
 621 0043 19       		.uleb128 0x19
 622 0044 03       		.uleb128 0x3
 623 0045 0E       		.uleb128 0xe
 624 0046 3A       		.uleb128 0x3a
 625 0047 0B       		.uleb128 0xb
 626 0048 3B       		.uleb128 0x3b
 627 0049 0B       		.uleb128 0xb
 628 004a 27       		.uleb128 0x27
 629 004b 19       		.uleb128 0x19
 630 004c 49       		.uleb128 0x49
 631 004d 13       		.uleb128 0x13
 632 004e 11       		.uleb128 0x11
 633 004f 01       		.uleb128 0x1
 634 0050 12       		.uleb128 0x12
 635 0051 06       		.uleb128 0x6
 636 0052 40       		.uleb128 0x40
 637 0053 18       		.uleb128 0x18
 638 0054 9742     		.uleb128 0x2117
 639 0056 19       		.uleb128 0x19
 640 0057 01       		.uleb128 0x1
 641 0058 13       		.uleb128 0x13
 642 0059 00       		.byte	0
 643 005a 00       		.byte	0
 644 005b 07       		.uleb128 0x7
 645 005c 05       		.uleb128 0x5
 646 005d 00       		.byte	0
 647 005e 03       		.uleb128 0x3
 648 005f 0E       		.uleb128 0xe
ARM GAS  C:\Users\adria\AppData\Local\Temp\cce8aatr.s 			page 14


 649 0060 3A       		.uleb128 0x3a
 650 0061 0B       		.uleb128 0xb
 651 0062 3B       		.uleb128 0x3b
 652 0063 0B       		.uleb128 0xb
 653 0064 49       		.uleb128 0x49
 654 0065 13       		.uleb128 0x13
 655 0066 02       		.uleb128 0x2
 656 0067 17       		.uleb128 0x17
 657 0068 00       		.byte	0
 658 0069 00       		.byte	0
 659 006a 08       		.uleb128 0x8
 660 006b 898201   		.uleb128 0x4109
 661 006e 01       		.byte	0x1
 662 006f 11       		.uleb128 0x11
 663 0070 01       		.uleb128 0x1
 664 0071 31       		.uleb128 0x31
 665 0072 13       		.uleb128 0x13
 666 0073 01       		.uleb128 0x1
 667 0074 13       		.uleb128 0x13
 668 0075 00       		.byte	0
 669 0076 00       		.byte	0
 670 0077 09       		.uleb128 0x9
 671 0078 8A8201   		.uleb128 0x410a
 672 007b 00       		.byte	0
 673 007c 02       		.uleb128 0x2
 674 007d 18       		.uleb128 0x18
 675 007e 9142     		.uleb128 0x2111
 676 0080 18       		.uleb128 0x18
 677 0081 00       		.byte	0
 678 0082 00       		.byte	0
 679 0083 0A       		.uleb128 0xa
 680 0084 898201   		.uleb128 0x4109
 681 0087 01       		.byte	0x1
 682 0088 11       		.uleb128 0x11
 683 0089 01       		.uleb128 0x1
 684 008a 31       		.uleb128 0x31
 685 008b 13       		.uleb128 0x13
 686 008c 00       		.byte	0
 687 008d 00       		.byte	0
 688 008e 0B       		.uleb128 0xb
 689 008f 2E       		.uleb128 0x2e
 690 0090 01       		.byte	0x1
 691 0091 3F       		.uleb128 0x3f
 692 0092 19       		.uleb128 0x19
 693 0093 03       		.uleb128 0x3
 694 0094 0E       		.uleb128 0xe
 695 0095 3A       		.uleb128 0x3a
 696 0096 0B       		.uleb128 0xb
 697 0097 3B       		.uleb128 0x3b
 698 0098 0B       		.uleb128 0xb
 699 0099 27       		.uleb128 0x27
 700 009a 19       		.uleb128 0x19
 701 009b 11       		.uleb128 0x11
 702 009c 01       		.uleb128 0x1
 703 009d 12       		.uleb128 0x12
 704 009e 06       		.uleb128 0x6
 705 009f 40       		.uleb128 0x40
ARM GAS  C:\Users\adria\AppData\Local\Temp\cce8aatr.s 			page 15


 706 00a0 18       		.uleb128 0x18
 707 00a1 9742     		.uleb128 0x2117
 708 00a3 19       		.uleb128 0x19
 709 00a4 01       		.uleb128 0x1
 710 00a5 13       		.uleb128 0x13
 711 00a6 00       		.byte	0
 712 00a7 00       		.byte	0
 713 00a8 0C       		.uleb128 0xc
 714 00a9 05       		.uleb128 0x5
 715 00aa 00       		.byte	0
 716 00ab 03       		.uleb128 0x3
 717 00ac 08       		.uleb128 0x8
 718 00ad 3A       		.uleb128 0x3a
 719 00ae 0B       		.uleb128 0xb
 720 00af 3B       		.uleb128 0x3b
 721 00b0 0B       		.uleb128 0xb
 722 00b1 49       		.uleb128 0x49
 723 00b2 13       		.uleb128 0x13
 724 00b3 02       		.uleb128 0x2
 725 00b4 17       		.uleb128 0x17
 726 00b5 00       		.byte	0
 727 00b6 00       		.byte	0
 728 00b7 0D       		.uleb128 0xd
 729 00b8 34       		.uleb128 0x34
 730 00b9 00       		.byte	0
 731 00ba 03       		.uleb128 0x3
 732 00bb 0E       		.uleb128 0xe
 733 00bc 3A       		.uleb128 0x3a
 734 00bd 0B       		.uleb128 0xb
 735 00be 3B       		.uleb128 0x3b
 736 00bf 0B       		.uleb128 0xb
 737 00c0 49       		.uleb128 0x49
 738 00c1 13       		.uleb128 0x13
 739 00c2 02       		.uleb128 0x2
 740 00c3 18       		.uleb128 0x18
 741 00c4 00       		.byte	0
 742 00c5 00       		.byte	0
 743 00c6 0E       		.uleb128 0xe
 744 00c7 34       		.uleb128 0x34
 745 00c8 00       		.byte	0
 746 00c9 03       		.uleb128 0x3
 747 00ca 0E       		.uleb128 0xe
 748 00cb 3A       		.uleb128 0x3a
 749 00cc 0B       		.uleb128 0xb
 750 00cd 3B       		.uleb128 0x3b
 751 00ce 05       		.uleb128 0x5
 752 00cf 49       		.uleb128 0x49
 753 00d0 13       		.uleb128 0x13
 754 00d1 3F       		.uleb128 0x3f
 755 00d2 19       		.uleb128 0x19
 756 00d3 3C       		.uleb128 0x3c
 757 00d4 19       		.uleb128 0x19
 758 00d5 00       		.byte	0
 759 00d6 00       		.byte	0
 760 00d7 0F       		.uleb128 0xf
 761 00d8 35       		.uleb128 0x35
 762 00d9 00       		.byte	0
ARM GAS  C:\Users\adria\AppData\Local\Temp\cce8aatr.s 			page 16


 763 00da 49       		.uleb128 0x49
 764 00db 13       		.uleb128 0x13
 765 00dc 00       		.byte	0
 766 00dd 00       		.byte	0
 767 00de 10       		.uleb128 0x10
 768 00df 2E       		.uleb128 0x2e
 769 00e0 00       		.byte	0
 770 00e1 3F       		.uleb128 0x3f
 771 00e2 19       		.uleb128 0x19
 772 00e3 3C       		.uleb128 0x3c
 773 00e4 19       		.uleb128 0x19
 774 00e5 6E       		.uleb128 0x6e
 775 00e6 0E       		.uleb128 0xe
 776 00e7 03       		.uleb128 0x3
 777 00e8 0E       		.uleb128 0xe
 778 00e9 3A       		.uleb128 0x3a
 779 00ea 0B       		.uleb128 0xb
 780 00eb 3B       		.uleb128 0x3b
 781 00ec 0B       		.uleb128 0xb
 782 00ed 00       		.byte	0
 783 00ee 00       		.byte	0
 784 00ef 00       		.byte	0
 785              		.section	.debug_loc,"",%progbits
 786              	.Ldebug_loc0:
 787              	.LLST0:
 788 0000 00000000 		.4byte	.LVL0
 789 0004 06000000 		.4byte	.LVL1
 790 0008 0100     		.2byte	0x1
 791 000a 50       		.byte	0x50
 792 000b 06000000 		.4byte	.LVL1
 793 000f 70000000 		.4byte	.LFE64
 794 0013 0400     		.2byte	0x4
 795 0015 F3       		.byte	0xf3
 796 0016 01       		.uleb128 0x1
 797 0017 50       		.byte	0x50
 798 0018 9F       		.byte	0x9f
 799 0019 00000000 		.4byte	0
 800 001d 00000000 		.4byte	0
 801              	.LLST1:
 802 0021 00000000 		.4byte	.LVL14
 803 0025 0C000000 		.4byte	.LVL16
 804 0029 0100     		.2byte	0x1
 805 002b 50       		.byte	0x50
 806 002c 0C000000 		.4byte	.LVL16
 807 0030 34000000 		.4byte	.LFE65
 808 0034 0400     		.2byte	0x4
 809 0036 F3       		.byte	0xf3
 810 0037 01       		.uleb128 0x1
 811 0038 50       		.byte	0x50
 812 0039 9F       		.byte	0x9f
 813 003a 00000000 		.4byte	0
 814 003e 00000000 		.4byte	0
 815              	.LLST2:
 816 0042 00000000 		.4byte	.LVL14
 817 0046 08000000 		.4byte	.LVL15
 818 004a 0100     		.2byte	0x1
 819 004c 51       		.byte	0x51
ARM GAS  C:\Users\adria\AppData\Local\Temp\cce8aatr.s 			page 17


 820 004d 08000000 		.4byte	.LVL15
 821 0051 2C000000 		.4byte	.LVL22
 822 0055 0100     		.2byte	0x1
 823 0057 55       		.byte	0x55
 824 0058 2C000000 		.4byte	.LVL22
 825 005c 34000000 		.4byte	.LFE65
 826 0060 0400     		.2byte	0x4
 827 0062 F3       		.byte	0xf3
 828 0063 01       		.uleb128 0x1
 829 0064 51       		.byte	0x51
 830 0065 9F       		.byte	0x9f
 831 0066 00000000 		.4byte	0
 832 006a 00000000 		.4byte	0
 833              		.section	.debug_aranges,"",%progbits
 834 0000 24000000 		.4byte	0x24
 835 0004 0200     		.2byte	0x2
 836 0006 00000000 		.4byte	.Ldebug_info0
 837 000a 04       		.byte	0x4
 838 000b 00       		.byte	0
 839 000c 0000     		.2byte	0
 840 000e 0000     		.2byte	0
 841 0010 00000000 		.4byte	.LFB64
 842 0014 70000000 		.4byte	.LFE64-.LFB64
 843 0018 00000000 		.4byte	.LFB65
 844 001c 34000000 		.4byte	.LFE65-.LFB65
 845 0020 00000000 		.4byte	0
 846 0024 00000000 		.4byte	0
 847              		.section	.debug_ranges,"",%progbits
 848              	.Ldebug_ranges0:
 849 0000 00000000 		.4byte	.LFB64
 850 0004 70000000 		.4byte	.LFE64
 851 0008 00000000 		.4byte	.LFB65
 852 000c 34000000 		.4byte	.LFE65
 853 0010 00000000 		.4byte	0
 854 0014 00000000 		.4byte	0
 855              		.section	.debug_line,"",%progbits
 856              	.Ldebug_line0:
 857 0000 2A020000 		.section	.debug_str,"MS",%progbits,1
 857      0200F201 
 857      00000201 
 857      FB0E0D00 
 857      01010101 
 858              	.LASF4:
 859 0000 5F5F7569 		.ascii	"__uint8_t\000"
 859      6E74385F 
 859      7400
 860              	.LASF5:
 861 000a 5F5F696E 		.ascii	"__int32_t\000"
 861      7433325F 
 861      7400
 862              	.LASF3:
 863 0014 73686F72 		.ascii	"short unsigned int\000"
 863      7420756E 
 863      7369676E 
 863      65642069 
 863      6E7400
 864              	.LASF25:
ARM GAS  C:\Users\adria\AppData\Local\Temp\cce8aatr.s 			page 18


 865 0027 433A5C55 		.ascii	"C:\\Users\\adria\\OneDrive\\Documents\\psoc\\PROYEC"
 865      73657273 
 865      5C616472 
 865      69615C4F 
 865      6E654472 
 866 0054 544F5F49 		.ascii	"TO_IOT\\DOMOTICA_PROYECTO.cydsn\000"
 866      4F545C44 
 866      4F4D4F54 
 866      4943415F 
 866      50524F59 
 867              	.LASF26:
 868 0073 6573705F 		.ascii	"esp_wifi_Start\000"
 868      77696669 
 868      5F537461 
 868      727400
 869              	.LASF13:
 870 0082 666C6F61 		.ascii	"float\000"
 870      7400
 871              	.LASF1:
 872 0088 756E7369 		.ascii	"unsigned char\000"
 872      676E6564 
 872      20636861 
 872      7200
 873              	.LASF23:
 874 0096 474E5520 		.ascii	"GNU C11 5.4.1 20160609 (release) [ARM/embedded-5-br"
 874      43313120 
 874      352E342E 
 874      31203230 
 874      31363036 
 875 00c9 616E6368 		.ascii	"anch revision 237715] -mcpu=cortex-m3 -mthumb -g -O"
 875      20726576 
 875      6973696F 
 875      6E203233 
 875      37373135 
 876 00fc 67202D66 		.ascii	"g -ffunction-sections -ffat-lto-objects\000"
 876      66756E63 
 876      74696F6E 
 876      2D736563 
 876      74696F6E 
 877              	.LASF7:
 878 0124 6C6F6E67 		.ascii	"long unsigned int\000"
 878      20756E73 
 878      69676E65 
 878      6420696E 
 878      7400
 879              	.LASF24:
 880 0136 2E2E5C45 		.ascii	"..\\ESP_wifi_module.cydsn\\espU1.c\000"
 880      53505F77 
 880      6966695F 
 880      6D6F6475 
 880      6C652E63 
 881              	.LASF21:
 882 0157 494E4449 		.ascii	"INDICADORES_Write\000"
 882      4341444F 
 882      5245535F 
 882      57726974 
 882      6500
ARM GAS  C:\Users\adria\AppData\Local\Temp\cce8aatr.s 			page 19


 883              	.LASF28:
 884 0169 49544D5F 		.ascii	"ITM_RxBuffer\000"
 884      52784275 
 884      66666572 
 884      00
 885              	.LASF14:
 886 0176 646F7562 		.ascii	"double\000"
 886      6C6500
 887              	.LASF18:
 888 017d 524F5554 		.ascii	"ROUTER\000"
 888      455200
 889              	.LASF10:
 890 0184 756E7369 		.ascii	"unsigned int\000"
 890      676E6564 
 890      20696E74 
 890      00
 891              	.LASF27:
 892 0191 73656E64 		.ascii	"send\000"
 892      00
 893              	.LASF9:
 894 0196 6C6F6E67 		.ascii	"long long unsigned int\000"
 894      206C6F6E 
 894      6720756E 
 894      7369676E 
 894      65642069 
 895              	.LASF11:
 896 01ad 75696E74 		.ascii	"uint8_t\000"
 896      385F7400 
 897              	.LASF12:
 898 01b5 696E7433 		.ascii	"int32_t\000"
 898      325F7400 
 899              	.LASF17:
 900 01bd 73697A65 		.ascii	"sizetype\000"
 900      74797065 
 900      00
 901              	.LASF8:
 902 01c6 6C6F6E67 		.ascii	"long long int\000"
 902      206C6F6E 
 902      6720696E 
 902      7400
 903              	.LASF15:
 904 01d4 63686172 		.ascii	"char\000"
 904      00
 905              	.LASF2:
 906 01d9 73686F72 		.ascii	"short int\000"
 906      7420696E 
 906      7400
 907              	.LASF6:
 908 01e3 6C6F6E67 		.ascii	"long int\000"
 908      20696E74 
 908      00
 909              	.LASF16:
 910 01ec 6C6F6E67 		.ascii	"long double\000"
 910      20646F75 
 910      626C6500 
 911              	.LASF0:
 912 01f8 7369676E 		.ascii	"signed char\000"
ARM GAS  C:\Users\adria\AppData\Local\Temp\cce8aatr.s 			page 20


 912      65642063 
 912      68617200 
 913              	.LASF19:
 914 0204 55415254 		.ascii	"UART_PutString\000"
 914      5F507574 
 914      53747269 
 914      6E6700
 915              	.LASF22:
 916 0213 73707269 		.ascii	"sprintf\000"
 916      6E746600 
 917              	.LASF20:
 918 021b 43794465 		.ascii	"CyDelay\000"
 918      6C617900 
 919              		.ident	"GCC: (GNU Tools for ARM Embedded Processors) 5.4.1 20160609 (release) [ARM/embedded-5-bran
