ARM GAS  C:\Users\adria\AppData\Local\Temp\cc0yRyQf.s 			page 1


   1              		.syntax unified
   2              		.cpu cortex-m3
   3              		.fpu softvfp
   4              		.eabi_attribute 20, 1
   5              		.eabi_attribute 21, 1
   6              		.eabi_attribute 23, 3
   7              		.eabi_attribute 24, 1
   8              		.eabi_attribute 25, 1
   9              		.eabi_attribute 26, 1
  10              		.eabi_attribute 30, 1
  11              		.eabi_attribute 34, 1
  12              		.eabi_attribute 18, 4
  13              		.thumb
  14              		.syntax unified
  15              		.file	"cymetadata.c"
  16              		.text
  17              	.Ltext0:
  18              		.cfi_sections	.debug_frame
  19              		.global	cy_metadata
  20              		.global	cy_meta_flashprotect
  21              		.global	cy_meta_wonvl
  22              		.global	cy_meta_custnvl
  23              		.global	cy_meta_configecc
  24              		.section	.cyconfigecc,"a",%progbits
  25              		.align	2
  26              		.type	cy_meta_configecc, %object
  27              		.size	cy_meta_configecc, 1012
  28              	cy_meta_configecc:
  29 0000 02       		.byte	2
  30 0001 52       		.byte	82
  31 0002 00       		.byte	0
  32 0003 40       		.byte	64
  33 0004 02       		.byte	2
  34 0005 65       		.byte	101
  35 0006 00       		.byte	0
  36 0007 40       		.byte	64
  37 0008 53       		.byte	83
  38 0009 06       		.byte	6
  39 000a 01       		.byte	1
  40 000b 40       		.byte	64
  41 000c 2E       		.byte	46
  42 000d 07       		.byte	7
  43 000e 01       		.byte	1
  44 000f 40       		.byte	64
  45 0010 50       		.byte	80
  46 0011 14       		.byte	20
  47 0012 01       		.byte	1
  48 0013 40       		.byte	64
  49 0014 40       		.byte	64
  50 0015 15       		.byte	21
  51 0016 01       		.byte	1
  52 0017 40       		.byte	64
  53 0018 1D       		.byte	29
  54 0019 16       		.byte	22
  55 001a 01       		.byte	1
  56 001b 40       		.byte	64
  57 001c 3D       		.byte	61
ARM GAS  C:\Users\adria\AppData\Local\Temp\cc0yRyQf.s 			page 2


  58 001d 17       		.byte	23
  59 001e 01       		.byte	1
  60 001f 40       		.byte	64
  61 0020 01       		.byte	1
  62 0021 1B       		.byte	27
  63 0022 01       		.byte	1
  64 0023 40       		.byte	64
  65 0024 02       		.byte	2
  66 0025 40       		.byte	64
  67 0026 01       		.byte	1
  68 0027 40       		.byte	64
  69 0028 01       		.byte	1
  70 0029 41       		.byte	65
  71 002a 01       		.byte	1
  72 002b 40       		.byte	64
  73 002c 01       		.byte	1
  74 002d 42       		.byte	66
  75 002e 01       		.byte	1
  76 002f 40       		.byte	64
  77 0030 01       		.byte	1
  78 0031 43       		.byte	67
  79 0032 01       		.byte	1
  80 0033 40       		.byte	64
  81 0034 02       		.byte	2
  82 0035 48       		.byte	72
  83 0036 01       		.byte	1
  84 0037 40       		.byte	64
  85 0038 09       		.byte	9
  86 0039 49       		.byte	73
  87 003a 01       		.byte	1
  88 003b 40       		.byte	64
  89 003c 03       		.byte	3
  90 003d 4D       		.byte	77
  91 003e 01       		.byte	1
  92 003f 40       		.byte	64
  93 0040 04       		.byte	4
  94 0041 50       		.byte	80
  95 0042 01       		.byte	1
  96 0043 40       		.byte	64
  97 0044 01       		.byte	1
  98 0045 51       		.byte	81
  99 0046 01       		.byte	1
 100 0047 40       		.byte	64
 101 0048 19       		.byte	25
 102 0049 01       		.byte	1
 103 004a 61       		.byte	97
 104 004b 80       		.byte	-128
 105 004c 84       		.byte	-124
 106 004d 0F       		.byte	15
 107 004e 86       		.byte	-122
 108 004f 1F       		.byte	31
 109 0050 00       		.byte	0
 110 0051 04       		.byte	4
 111 0052 04       		.byte	4
 112 0053 07       		.byte	7
 113 0054 06       		.byte	6
 114 0055 38       		.byte	56
ARM GAS  C:\Users\adria\AppData\Local\Temp\cc0yRyQf.s 			page 3


 115 0056 0A       		.byte	10
 116 0057 04       		.byte	4
 117 0058 0D       		.byte	13
 118 0059 E0       		.byte	-32
 119 005a 10       		.byte	16
 120 005b 04       		.byte	4
 121 005c 14       		.byte	20
 122 005d 01       		.byte	1
 123 005e 15       		.byte	21
 124 005f 49       		.byte	73
 125 0060 17       		.byte	23
 126 0061 96       		.byte	-106
 127 0062 18       		.byte	24
 128 0063 0A       		.byte	10
 129 0064 19       		.byte	25
 130 0065 02       		.byte	2
 131 0066 1A       		.byte	26
 132 0067 10       		.byte	16
 133 0068 1B       		.byte	27
 134 0069 0D       		.byte	13
 135 006a 1C       		.byte	28
 136 006b 04       		.byte	4
 137 006c 20       		.byte	32
 138 006d 04       		.byte	4
 139 006e 24       		.byte	36
 140 006f 56       		.byte	86
 141 0070 25       		.byte	37
 142 0071 55       		.byte	85
 143 0072 26       		.byte	38
 144 0073 09       		.byte	9
 145 0074 27       		.byte	39
 146 0075 AA       		.byte	-86
 147 0076 28       		.byte	40
 148 0077 60       		.byte	96
 149 0078 29       		.byte	41
 150 0079 33       		.byte	51
 151 007a 2B       		.byte	43
 152 007b 4C       		.byte	76
 153 007c 2C       		.byte	44
 154 007d 04       		.byte	4
 155 007e 32       		.byte	50
 156 007f 7F       		.byte	127
 157 0080 33       		.byte	51
 158 0081 0F       		.byte	15
 159 0082 36       		.byte	54
 160 0083 02       		.byte	2
 161 0084 37       		.byte	55
 162 0085 F0       		.byte	-16
 163 0086 38       		.byte	56
 164 0087 08       		.byte	8
 165 0088 39       		.byte	57
 166 0089 80       		.byte	-128
 167 008a 3B       		.byte	59
 168 008b 08       		.byte	8
 169 008c 3E       		.byte	62
 170 008d 40       		.byte	64
 171 008e 54       		.byte	84
ARM GAS  C:\Users\adria\AppData\Local\Temp\cc0yRyQf.s 			page 4


 172 008f 09       		.byte	9
 173 0090 58       		.byte	88
 174 0091 04       		.byte	4
 175 0092 59       		.byte	89
 176 0093 04       		.byte	4
 177 0094 5B       		.byte	91
 178 0095 04       		.byte	4
 179 0096 5F       		.byte	95
 180 0097 01       		.byte	1
 181 0098 86       		.byte	-122
 182 0099 06       		.byte	6
 183 009a 87       		.byte	-121
 184 009b 08       		.byte	8
 185 009c 88       		.byte	-120
 186 009d 06       		.byte	6
 187 009e 89       		.byte	-119
 188 009f 2C       		.byte	44
 189 00a0 8A       		.byte	-118
 190 00a1 01       		.byte	1
 191 00a2 8B       		.byte	-117
 192 00a3 43       		.byte	67
 193 00a4 8D       		.byte	-115
 194 00a5 80       		.byte	-128
 195 00a6 8F       		.byte	-113
 196 00a7 13       		.byte	19
 197 00a8 92       		.byte	-110
 198 00a9 03       		.byte	3
 199 00aa 95       		.byte	-107
 200 00ab 71       		.byte	113
 201 00ac 96       		.byte	-106
 202 00ad 05       		.byte	5
 203 00ae 97       		.byte	-105
 204 00af 06       		.byte	6
 205 00b0 9A       		.byte	-102
 206 00b1 02       		.byte	2
 207 00b2 9B       		.byte	-101
 208 00b3 0C       		.byte	12
 209 00b4 A1       		.byte	-95
 210 00b5 71       		.byte	113
 211 00b6 A2       		.byte	-94
 212 00b7 01       		.byte	1
 213 00b8 A3       		.byte	-93
 214 00b9 0E       		.byte	14
 215 00ba B0       		.byte	-80
 216 00bb 07       		.byte	7
 217 00bc B1       		.byte	-79
 218 00bd 30       		.byte	48
 219 00be B3       		.byte	-77
 220 00bf 0F       		.byte	15
 221 00c0 B5       		.byte	-75
 222 00c1 C0       		.byte	-64
 223 00c2 B9       		.byte	-71
 224 00c3 22       		.byte	34
 225 00c4 BA       		.byte	-70
 226 00c5 02       		.byte	2
 227 00c6 BB       		.byte	-69
 228 00c7 08       		.byte	8
ARM GAS  C:\Users\adria\AppData\Local\Temp\cc0yRyQf.s 			page 5


 229 00c8 BF       		.byte	-65
 230 00c9 01       		.byte	1
 231 00ca C0       		.byte	-64
 232 00cb 04       		.byte	4
 233 00cc C5       		.byte	-59
 234 00cd 04       		.byte	4
 235 00ce C9       		.byte	-55
 236 00cf FF       		.byte	-1
 237 00d0 CA       		.byte	-54
 238 00d1 07       		.byte	7
 239 00d2 CB       		.byte	-53
 240 00d3 FF       		.byte	-1
 241 00d4 CC       		.byte	-52
 242 00d5 40       		.byte	64
 243 00d6 CD       		.byte	-51
 244 00d7 20       		.byte	32
 245 00d8 CE       		.byte	-50
 246 00d9 F0       		.byte	-16
 247 00da CF       		.byte	-49
 248 00db 05       		.byte	5
 249 00dc D0       		.byte	-48
 250 00dd 08       		.byte	8
 251 00de D4       		.byte	-44
 252 00df 40       		.byte	64
 253 00e0 D8       		.byte	-40
 254 00e1 04       		.byte	4
 255 00e2 D9       		.byte	-39
 256 00e3 04       		.byte	4
 257 00e4 DA       		.byte	-38
 258 00e5 04       		.byte	4
 259 00e6 DB       		.byte	-37
 260 00e7 04       		.byte	4
 261 00e8 DC       		.byte	-36
 262 00e9 11       		.byte	17
 263 00ea DD       		.byte	-35
 264 00eb 01       		.byte	1
 265 00ec DF       		.byte	-33
 266 00ed 01       		.byte	1
 267 00ee E0       		.byte	-32
 268 00ef 40       		.byte	64
 269 00f0 E1       		.byte	-31
 270 00f1 A8       		.byte	-88
 271 00f2 E2       		.byte	-30
 272 00f3 40       		.byte	64
 273 00f4 E3       		.byte	-29
 274 00f5 20       		.byte	32
 275 00f6 00       		.byte	0
 276 00f7 18       		.byte	24
 277 00f8 05       		.byte	5
 278 00f9 04       		.byte	4
 279 00fa 07       		.byte	7
 280 00fb 44       		.byte	68
 281 00fc 08       		.byte	8
 282 00fd 04       		.byte	4
 283 00fe 0A       		.byte	10
 284 00ff 80       		.byte	-128
 285 0100 0B       		.byte	11
ARM GAS  C:\Users\adria\AppData\Local\Temp\cc0yRyQf.s 			page 6


 286 0101 08       		.byte	8
 287 0102 0E       		.byte	14
 288 0103 2A       		.byte	42
 289 0104 0F       		.byte	15
 290 0105 40       		.byte	64
 291 0106 10       		.byte	16
 292 0107 80       		.byte	-128
 293 0108 13       		.byte	19
 294 0109 30       		.byte	48
 295 010a 16       		.byte	22
 296 010b 06       		.byte	6
 297 010c 17       		.byte	23
 298 010d 09       		.byte	9
 299 010e 19       		.byte	25
 300 010f 01       		.byte	1
 301 0110 1A       		.byte	26
 302 0111 80       		.byte	-128
 303 0112 1D       		.byte	29
 304 0113 40       		.byte	64
 305 0114 1E       		.byte	30
 306 0115 20       		.byte	32
 307 0116 20       		.byte	32
 308 0117 58       		.byte	88
 309 0118 22       		.byte	34
 310 0119 10       		.byte	16
 311 011a 25       		.byte	37
 312 011b 40       		.byte	64
 313 011c 27       		.byte	39
 314 011d 20       		.byte	32
 315 011e 29       		.byte	41
 316 011f 01       		.byte	1
 317 0120 2F       		.byte	47
 318 0121 28       		.byte	40
 319 0122 30       		.byte	48
 320 0123 04       		.byte	4
 321 0124 32       		.byte	50
 322 0125 14       		.byte	20
 323 0126 37       		.byte	55
 324 0127 28       		.byte	40
 325 0128 38       		.byte	56
 326 0129 90       		.byte	-112
 327 012a 3B       		.byte	59
 328 012b 08       		.byte	8
 329 012c 3D       		.byte	61
 330 012d 80       		.byte	-128
 331 012e 40       		.byte	64
 332 012f 40       		.byte	64
 333 0130 4B       		.byte	75
 334 0131 08       		.byte	8
 335 0132 50       		.byte	80
 336 0133 C0       		.byte	-64
 337 0134 5D       		.byte	93
 338 0135 20       		.byte	32
 339 0136 5E       		.byte	94
 340 0137 41       		.byte	65
 341 0138 5F       		.byte	95
 342 0139 04       		.byte	4
ARM GAS  C:\Users\adria\AppData\Local\Temp\cc0yRyQf.s 			page 7


 343 013a 62       		.byte	98
 344 013b 18       		.byte	24
 345 013c 63       		.byte	99
 346 013d 02       		.byte	2
 347 013e 65       		.byte	101
 348 013f 40       		.byte	64
 349 0140 C0       		.byte	-64
 350 0141 76       		.byte	118
 351 0142 C2       		.byte	-62
 352 0143 FE       		.byte	-2
 353 0144 C4       		.byte	-60
 354 0145 F8       		.byte	-8
 355 0146 CA       		.byte	-54
 356 0147 61       		.byte	97
 357 0148 CC       		.byte	-52
 358 0149 66       		.byte	102
 359 014a CE       		.byte	-50
 360 014b 1E       		.byte	30
 361 014c D0       		.byte	-48
 362 014d 01       		.byte	1
 363 014e D6       		.byte	-42
 364 014f F0       		.byte	-16
 365 0150 D8       		.byte	-40
 366 0151 1E       		.byte	30
 367 0152 00       		.byte	0
 368 0153 02       		.byte	2
 369 0154 07       		.byte	7
 370 0155 08       		.byte	8
 371 0156 09       		.byte	9
 372 0157 0A       		.byte	10
 373 0158 0A       		.byte	10
 374 0159 01       		.byte	1
 375 015a 0B       		.byte	11
 376 015b 04       		.byte	4
 377 015c 0F       		.byte	15
 378 015d 05       		.byte	5
 379 015e 10       		.byte	16
 380 015f 01       		.byte	1
 381 0160 15       		.byte	21
 382 0161 03       		.byte	3
 383 0162 17       		.byte	23
 384 0163 0C       		.byte	12
 385 0164 19       		.byte	25
 386 0165 03       		.byte	3
 387 0166 1B       		.byte	27
 388 0167 04       		.byte	4
 389 0168 1D       		.byte	29
 390 0169 03       		.byte	3
 391 016a 1F       		.byte	31
 392 016b 04       		.byte	4
 393 016c 22       		.byte	34
 394 016d 01       		.byte	1
 395 016e 26       		.byte	38
 396 016f 01       		.byte	1
 397 0170 28       		.byte	40
 398 0171 01       		.byte	1
 399 0172 32       		.byte	50
ARM GAS  C:\Users\adria\AppData\Local\Temp\cc0yRyQf.s 			page 8


 400 0173 02       		.byte	2
 401 0174 33       		.byte	51
 402 0175 0F       		.byte	15
 403 0176 36       		.byte	54
 404 0177 01       		.byte	1
 405 0178 3B       		.byte	59
 406 0179 08       		.byte	8
 407 017a 3E       		.byte	62
 408 017b 44       		.byte	68
 409 017c 40       		.byte	64
 410 017d 65       		.byte	101
 411 017e 41       		.byte	65
 412 017f 01       		.byte	1
 413 0180 45       		.byte	69
 414 0181 0C       		.byte	12
 415 0182 46       		.byte	70
 416 0183 BE       		.byte	-66
 417 0184 48       		.byte	72
 418 0185 0D       		.byte	13
 419 0186 49       		.byte	73
 420 0187 FF       		.byte	-1
 421 0188 4A       		.byte	74
 422 0189 FF       		.byte	-1
 423 018a 4B       		.byte	75
 424 018b FF       		.byte	-1
 425 018c 4E       		.byte	78
 426 018d F0       		.byte	-16
 427 018e 4F       		.byte	79
 428 018f 44       		.byte	68
 429 0190 50       		.byte	80
 430 0191 0C       		.byte	12
 431 0192 54       		.byte	84
 432 0193 01       		.byte	1
 433 0194 56       		.byte	86
 434 0195 04       		.byte	4
 435 0196 58       		.byte	88
 436 0197 04       		.byte	4
 437 0198 59       		.byte	89
 438 0199 04       		.byte	4
 439 019a 5A       		.byte	90
 440 019b 04       		.byte	4
 441 019c 5B       		.byte	91
 442 019d 04       		.byte	4
 443 019e 5C       		.byte	92
 444 019f 10       		.byte	16
 445 01a0 5D       		.byte	93
 446 01a1 11       		.byte	17
 447 01a2 5F       		.byte	95
 448 01a3 01       		.byte	1
 449 01a4 66       		.byte	102
 450 01a5 C0       		.byte	-64
 451 01a6 6A       		.byte	106
 452 01a7 40       		.byte	64
 453 01a8 6B       		.byte	107
 454 01a9 02       		.byte	2
 455 01aa 80       		.byte	-128
 456 01ab 40       		.byte	64
ARM GAS  C:\Users\adria\AppData\Local\Temp\cc0yRyQf.s 			page 9


 457 01ac 84       		.byte	-124
 458 01ad 21       		.byte	33
 459 01ae 85       		.byte	-123
 460 01af 09       		.byte	9
 461 01b0 86       		.byte	-122
 462 01b1 02       		.byte	2
 463 01b2 87       		.byte	-121
 464 01b3 10       		.byte	16
 465 01b4 88       		.byte	-120
 466 01b5 02       		.byte	2
 467 01b6 89       		.byte	-119
 468 01b7 1C       		.byte	28
 469 01b8 8A       		.byte	-118
 470 01b9 38       		.byte	56
 471 01ba 8B       		.byte	-117
 472 01bb 02       		.byte	2
 473 01bc 8C       		.byte	-116
 474 01bd 0D       		.byte	13
 475 01be 90       		.byte	-112
 476 01bf 02       		.byte	2
 477 01c0 91       		.byte	-111
 478 01c1 0C       		.byte	12
 479 01c2 92       		.byte	-110
 480 01c3 34       		.byte	52
 481 01c4 93       		.byte	-109
 482 01c5 11       		.byte	17
 483 01c6 94       		.byte	-108
 484 01c7 02       		.byte	2
 485 01c8 95       		.byte	-107
 486 01c9 10       		.byte	16
 487 01ca 96       		.byte	-106
 488 01cb 0D       		.byte	13
 489 01cc 97       		.byte	-105
 490 01cd 0C       		.byte	12
 491 01ce 99       		.byte	-103
 492 01cf 14       		.byte	20
 493 01d0 9A       		.byte	-102
 494 01d1 10       		.byte	16
 495 01d2 9C       		.byte	-100
 496 01d3 0D       		.byte	13
 497 01d4 9F       		.byte	-97
 498 01d5 03       		.byte	3
 499 01d6 A0       		.byte	-96
 500 01d7 0D       		.byte	13
 501 01d8 A4       		.byte	-92
 502 01d9 0D       		.byte	13
 503 01da A8       		.byte	-88
 504 01db 0D       		.byte	13
 505 01dc A9       		.byte	-87
 506 01dd 10       		.byte	16
 507 01de B1       		.byte	-79
 508 01df 1F       		.byte	31
 509 01e0 B2       		.byte	-78
 510 01e1 0F       		.byte	15
 511 01e2 B4       		.byte	-76
 512 01e3 30       		.byte	48
 513 01e4 B6       		.byte	-74
ARM GAS  C:\Users\adria\AppData\Local\Temp\cc0yRyQf.s 			page 10


 514 01e5 40       		.byte	64
 515 01e6 BA       		.byte	-70
 516 01e7 08       		.byte	8
 517 01e8 BE       		.byte	-66
 518 01e9 40       		.byte	64
 519 01ea D8       		.byte	-40
 520 01eb 04       		.byte	4
 521 01ec D9       		.byte	-39
 522 01ed 04       		.byte	4
 523 01ee DC       		.byte	-36
 524 01ef 10       		.byte	16
 525 01f0 DF       		.byte	-33
 526 01f1 01       		.byte	1
 527 01f2 00       		.byte	0
 528 01f3 10       		.byte	16
 529 01f4 01       		.byte	1
 530 01f5 02       		.byte	2
 531 01f6 02       		.byte	2
 532 01f7 40       		.byte	64
 533 01f8 05       		.byte	5
 534 01f9 04       		.byte	4
 535 01fa 06       		.byte	6
 536 01fb 02       		.byte	2
 537 01fc 07       		.byte	7
 538 01fd 48       		.byte	72
 539 01fe 08       		.byte	8
 540 01ff 02       		.byte	2
 541 0200 0A       		.byte	10
 542 0201 80       		.byte	-128
 543 0202 0D       		.byte	13
 544 0203 02       		.byte	2
 545 0204 0E       		.byte	14
 546 0205 2A       		.byte	42
 547 0206 10       		.byte	16
 548 0207 A0       		.byte	-96
 549 0208 12       		.byte	18
 550 0209 08       		.byte	8
 551 020a 17       		.byte	23
 552 020b 15       		.byte	21
 553 020c 19       		.byte	25
 554 020d 48       		.byte	72
 555 020e 1E       		.byte	30
 556 020f 28       		.byte	40
 557 0210 1F       		.byte	31
 558 0211 80       		.byte	-128
 559 0212 22       		.byte	34
 560 0213 0C       		.byte	12
 561 0214 27       		.byte	39
 562 0215 40       		.byte	64
 563 0216 2C       		.byte	44
 564 0217 80       		.byte	-128
 565 0218 2F       		.byte	47
 566 0219 44       		.byte	68
 567 021a 30       		.byte	48
 568 021b 30       		.byte	48
 569 021c 32       		.byte	50
 570 021d 44       		.byte	68
ARM GAS  C:\Users\adria\AppData\Local\Temp\cc0yRyQf.s 			page 11


 571 021e 34       		.byte	52
 572 021f 02       		.byte	2
 573 0220 36       		.byte	54
 574 0221 28       		.byte	40
 575 0222 37       		.byte	55
 576 0223 40       		.byte	64
 577 0224 38       		.byte	56
 578 0225 10       		.byte	16
 579 0226 39       		.byte	57
 580 0227 04       		.byte	4
 581 0228 3B       		.byte	59
 582 0229 80       		.byte	-128
 583 022a 3C       		.byte	60
 584 022b 18       		.byte	24
 585 022c 3D       		.byte	61
 586 022d 04       		.byte	4
 587 022e 40       		.byte	64
 588 022f 02       		.byte	2
 589 0230 48       		.byte	72
 590 0231 20       		.byte	32
 591 0232 4A       		.byte	74
 592 0233 08       		.byte	8
 593 0234 4B       		.byte	75
 594 0235 80       		.byte	-128
 595 0236 52       		.byte	82
 596 0237 60       		.byte	96
 597 0238 58       		.byte	88
 598 0239 10       		.byte	16
 599 023a 59       		.byte	89
 600 023b 4A       		.byte	74
 601 023c 63       		.byte	99
 602 023d 80       		.byte	-128
 603 023e 83       		.byte	-125
 604 023f C0       		.byte	-64
 605 0240 8E       		.byte	-114
 606 0241 04       		.byte	4
 607 0242 90       		.byte	-112
 608 0243 10       		.byte	16
 609 0244 92       		.byte	-110
 610 0245 80       		.byte	-128
 611 0246 93       		.byte	-109
 612 0247 08       		.byte	8
 613 0248 96       		.byte	-106
 614 0249 08       		.byte	8
 615 024a 99       		.byte	-103
 616 024b 04       		.byte	4
 617 024c 9A       		.byte	-102
 618 024d 02       		.byte	2
 619 024e 9B       		.byte	-101
 620 024f 1D       		.byte	29
 621 0250 A0       		.byte	-96
 622 0251 84       		.byte	-124
 623 0252 A1       		.byte	-95
 624 0253 02       		.byte	2
 625 0254 A2       		.byte	-94
 626 0255 01       		.byte	1
 627 0256 AD       		.byte	-83
ARM GAS  C:\Users\adria\AppData\Local\Temp\cc0yRyQf.s 			page 12


 628 0257 22       		.byte	34
 629 0258 AE       		.byte	-82
 630 0259 44       		.byte	68
 631 025a C0       		.byte	-64
 632 025b FA       		.byte	-6
 633 025c C2       		.byte	-62
 634 025d F8       		.byte	-8
 635 025e C4       		.byte	-60
 636 025f 7E       		.byte	126
 637 0260 CA       		.byte	-54
 638 0261 20       		.byte	32
 639 0262 CC       		.byte	-52
 640 0263 FE       		.byte	-2
 641 0264 CE       		.byte	-50
 642 0265 6E       		.byte	110
 643 0266 D0       		.byte	-48
 644 0267 08       		.byte	8
 645 0268 D2       		.byte	-46
 646 0269 0C       		.byte	12
 647 026a D6       		.byte	-42
 648 026b 0F       		.byte	15
 649 026c D8       		.byte	-40
 650 026d 01       		.byte	1
 651 026e E2       		.byte	-30
 652 026f 40       		.byte	64
 653 0270 E4       		.byte	-28
 654 0271 04       		.byte	4
 655 0272 C0       		.byte	-64
 656 0273 62       		.byte	98
 657 0274 C1       		.byte	-63
 658 0275 03       		.byte	3
 659 0276 C2       		.byte	-62
 660 0277 50       		.byte	80
 661 0278 C4       		.byte	-60
 662 0279 01       		.byte	1
 663 027a C5       		.byte	-59
 664 027b CE       		.byte	-50
 665 027c C6       		.byte	-58
 666 027d F0       		.byte	-16
 667 027e C7       		.byte	-57
 668 027f DB       		.byte	-37
 669 0280 C8       		.byte	-56
 670 0281 3B       		.byte	59
 671 0282 C9       		.byte	-55
 672 0283 FF       		.byte	-1
 673 0284 CA       		.byte	-54
 674 0285 FF       		.byte	-1
 675 0286 CB       		.byte	-53
 676 0287 FF       		.byte	-1
 677 0288 CC       		.byte	-52
 678 0289 23       		.byte	35
 679 028a CE       		.byte	-50
 680 028b F0       		.byte	-16
 681 028c CF       		.byte	-49
 682 028d 08       		.byte	8
 683 028e D0       		.byte	-48
 684 028f 04       		.byte	4
ARM GAS  C:\Users\adria\AppData\Local\Temp\cc0yRyQf.s 			page 13


 685 0290 DA       		.byte	-38
 686 0291 04       		.byte	4
 687 0292 DF       		.byte	-33
 688 0293 01       		.byte	1
 689 0294 E2       		.byte	-30
 690 0295 C0       		.byte	-64
 691 0296 E4       		.byte	-28
 692 0297 40       		.byte	64
 693 0298 E5       		.byte	-27
 694 0299 01       		.byte	1
 695 029a E6       		.byte	-26
 696 029b 10       		.byte	16
 697 029c E7       		.byte	-25
 698 029d 11       		.byte	17
 699 029e E8       		.byte	-24
 700 029f C0       		.byte	-64
 701 02a0 E9       		.byte	-23
 702 02a1 01       		.byte	1
 703 02a2 EB       		.byte	-21
 704 02a3 11       		.byte	17
 705 02a4 EC       		.byte	-20
 706 02a5 40       		.byte	64
 707 02a6 ED       		.byte	-19
 708 02a7 01       		.byte	1
 709 02a8 EE       		.byte	-18
 710 02a9 40       		.byte	64
 711 02aa EF       		.byte	-17
 712 02ab 01       		.byte	1
 713 02ac 06       		.byte	6
 714 02ad 02       		.byte	2
 715 02ae 07       		.byte	7
 716 02af 48       		.byte	72
 717 02b0 0E       		.byte	14
 718 02b1 AA       		.byte	-86
 719 02b2 15       		.byte	21
 720 02b3 14       		.byte	20
 721 02b4 17       		.byte	23
 722 02b5 01       		.byte	1
 723 02b6 1C       		.byte	28
 724 02b7 02       		.byte	2
 725 02b8 1D       		.byte	29
 726 02b9 AC       		.byte	-84
 727 02ba 1E       		.byte	30
 728 02bb 6D       		.byte	109
 729 02bc 1F       		.byte	31
 730 02bd 28       		.byte	40
 731 02be 24       		.byte	36
 732 02bf 0C       		.byte	12
 733 02c0 26       		.byte	38
 734 02c1 08       		.byte	8
 735 02c2 27       		.byte	39
 736 02c3 48       		.byte	72
 737 02c4 2D       		.byte	45
 738 02c5 02       		.byte	2
 739 02c6 2F       		.byte	47
 740 02c7 2A       		.byte	42
 741 02c8 37       		.byte	55
ARM GAS  C:\Users\adria\AppData\Local\Temp\cc0yRyQf.s 			page 14


 742 02c9 49       		.byte	73
 743 02ca 3C       		.byte	60
 744 02cb 80       		.byte	-128
 745 02cc 3D       		.byte	61
 746 02cd 16       		.byte	22
 747 02ce 40       		.byte	64
 748 02cf 04       		.byte	4
 749 02d0 41       		.byte	65
 750 02d1 08       		.byte	8
 751 02d2 43       		.byte	67
 752 02d3 80       		.byte	-128
 753 02d4 45       		.byte	69
 754 02d5 A8       		.byte	-88
 755 02d6 48       		.byte	72
 756 02d7 01       		.byte	1
 757 02d8 49       		.byte	73
 758 02d9 02       		.byte	2
 759 02da 4A       		.byte	74
 760 02db 44       		.byte	68
 761 02dc 4B       		.byte	75
 762 02dd 04       		.byte	4
 763 02de 4C       		.byte	76
 764 02df 04       		.byte	4
 765 02e0 4D       		.byte	77
 766 02e1 40       		.byte	64
 767 02e2 52       		.byte	82
 768 02e3 14       		.byte	20
 769 02e4 53       		.byte	83
 770 02e5 02       		.byte	2
 771 02e6 67       		.byte	103
 772 02e7 10       		.byte	16
 773 02e8 6D       		.byte	109
 774 02e9 16       		.byte	22
 775 02ea 6E       		.byte	110
 776 02eb 02       		.byte	2
 777 02ec 6F       		.byte	111
 778 02ed 15       		.byte	21
 779 02ee 74       		.byte	116
 780 02ef 40       		.byte	64
 781 02f0 76       		.byte	118
 782 02f1 02       		.byte	2
 783 02f2 7B       		.byte	123
 784 02f3 03       		.byte	3
 785 02f4 85       		.byte	-123
 786 02f5 04       		.byte	4
 787 02f6 87       		.byte	-121
 788 02f7 40       		.byte	64
 789 02f8 8D       		.byte	-115
 790 02f9 40       		.byte	64
 791 02fa 8F       		.byte	-113
 792 02fb 80       		.byte	-128
 793 02fc 90       		.byte	-112
 794 02fd 10       		.byte	16
 795 02fe 92       		.byte	-110
 796 02ff 80       		.byte	-128
 797 0300 93       		.byte	-109
 798 0301 18       		.byte	24
ARM GAS  C:\Users\adria\AppData\Local\Temp\cc0yRyQf.s 			page 15


 799 0302 96       		.byte	-106
 800 0303 49       		.byte	73
 801 0304 97       		.byte	-105
 802 0305 44       		.byte	68
 803 0306 9D       		.byte	-99
 804 0307 24       		.byte	36
 805 0308 9E       		.byte	-98
 806 0309 16       		.byte	22
 807 030a 9F       		.byte	-97
 808 030b 4D       		.byte	77
 809 030c A0       		.byte	-96
 810 030d 84       		.byte	-124
 811 030e A6       		.byte	-90
 812 030f 0D       		.byte	13
 813 0310 A7       		.byte	-89
 814 0311 29       		.byte	41
 815 0312 C0       		.byte	-64
 816 0313 D0       		.byte	-48
 817 0314 C2       		.byte	-62
 818 0315 F0       		.byte	-16
 819 0316 C4       		.byte	-60
 820 0317 70       		.byte	112
 821 0318 CA       		.byte	-54
 822 0319 F0       		.byte	-16
 823 031a CC       		.byte	-52
 824 031b D0       		.byte	-48
 825 031c CE       		.byte	-50
 826 031d F0       		.byte	-16
 827 031e D0       		.byte	-48
 828 031f 7E       		.byte	126
 829 0320 D2       		.byte	-46
 830 0321 3C       		.byte	60
 831 0322 D8       		.byte	-40
 832 0323 40       		.byte	64
 833 0324 E0       		.byte	-32
 834 0325 40       		.byte	64
 835 0326 E4       		.byte	-28
 836 0327 04       		.byte	4
 837 0328 33       		.byte	51
 838 0329 10       		.byte	16
 839 032a CC       		.byte	-52
 840 032b 10       		.byte	16
 841 032c 9F       		.byte	-97
 842 032d 10       		.byte	16
 843 032e 9F       		.byte	-97
 844 032f 10       		.byte	16
 845 0330 9F       		.byte	-97
 846 0331 10       		.byte	16
 847 0332 8C       		.byte	-116
 848 0333 40       		.byte	64
 849 0334 9F       		.byte	-97
 850 0335 10       		.byte	16
 851 0336 00       		.byte	0
 852 0337 40       		.byte	64
 853 0338 5A       		.byte	90
 854 0339 20       		.byte	32
 855 033a 83       		.byte	-125
ARM GAS  C:\Users\adria\AppData\Local\Temp\cc0yRyQf.s 			page 16


 856 033b 10       		.byte	16
 857 033c 8E       		.byte	-114
 858 033d 10       		.byte	16
 859 033e 94       		.byte	-108
 860 033f 40       		.byte	64
 861 0340 9F       		.byte	-97
 862 0341 10       		.byte	16
 863 0342 C0       		.byte	-64
 864 0343 40       		.byte	64
 865 0344 D4       		.byte	-44
 866 0345 80       		.byte	-128
 867 0346 E2       		.byte	-30
 868 0347 20       		.byte	32
 869 0348 70       		.byte	112
 870 0349 01       		.byte	1
 871 034a 80       		.byte	-128
 872 034b 01       		.byte	1
 873 034c DC       		.byte	-36
 874 034d 01       		.byte	1
 875 034e 00       		.byte	0
 876 034f 03       		.byte	3
 877 0350 0A       		.byte	10
 878 0351 03       		.byte	3
 879 0352 10       		.byte	16
 880 0353 03       		.byte	3
 881 0354 1A       		.byte	26
 882 0355 03       		.byte	3
 883 0356 00       		.byte	0
 884 0357 03       		.byte	3
 885 0358 30       		.byte	48
 886 0359 44       		.byte	68
 887 035a 00       		.byte	0
 888 035b 00       		.byte	0
 889 035c 00       		.byte	0
 890 035d 44       		.byte	68
 891 035e 00       		.byte	0
 892 035f 00       		.byte	0
 893 0360 38       		.byte	56
 894 0361 40       		.byte	64
 895 0362 46       		.byte	70
 896 0363 04       		.byte	4
 897 0364 35       		.byte	53
 898 0365 44       		.byte	68
 899 0366 00       		.byte	0
 900 0367 00       		.byte	0
 901 0368 04       		.byte	4
 902 0369 04       		.byte	4
 903 036a 00       		.byte	0
 904 036b 40       		.byte	64
 905 036c 26       		.byte	38
 906 036d 27       		.byte	39
 907 036e 48       		.byte	72
 908 036f 00       		.byte	0
 909 0370 42       		.byte	66
 910 0371 00       		.byte	0
 911 0372 30       		.byte	48
 912 0373 00       		.byte	0
ARM GAS  C:\Users\adria\AppData\Local\Temp\cc0yRyQf.s 			page 17


 913 0374 35       		.byte	53
 914 0375 01       		.byte	1
 915 0376 00       		.byte	0
 916 0377 06       		.byte	6
 917 0378 30       		.byte	48
 918 0379 20       		.byte	32
 919 037a 05       		.byte	5
 920 037b 00       		.byte	0
 921 037c 31       		.byte	49
 922 037d 31       		.byte	49
 923 037e 04       		.byte	4
 924 037f 0E       		.byte	14
 925 0380 05       		.byte	5
 926 0381 08       		.byte	8
 927 0382 30       		.byte	48
 928 0383 13       		.byte	19
 929 0384 00       		.byte	0
 930 0385 00       		.byte	0
 931 0386 00       		.byte	0
 932 0387 40       		.byte	64
 933 0388 40       		.byte	64
 934 0389 07       		.byte	7
 935 038a 26       		.byte	38
 936 038b 40       		.byte	64
 937 038c 1E       		.byte	30
 938 038d 38       		.byte	56
 939 038e 01       		.byte	1
 940 038f 00       		.byte	0
 941 0390 00       		.byte	0
 942 0391 00       		.byte	0
 943 0392 20       		.byte	32
 944 0393 22       		.byte	34
 945 0394 00       		.byte	0
 946 0395 00       		.byte	0
 947 0396 41       		.byte	65
 948 0397 04       		.byte	4
 949 0398 26       		.byte	38
 950 0399 03       		.byte	3
 951 039a 10       		.byte	16
 952 039b 00       		.byte	0
 953 039c 05       		.byte	5
 954 039d 00       		.byte	0
 955 039e 00       		.byte	0
 956 039f 00       		.byte	0
 957 03a0 00       		.byte	0
 958 03a1 FF       		.byte	-1
 959 03a2 FF       		.byte	-1
 960 03a3 FF       		.byte	-1
 961 03a4 02       		.byte	2
 962 03a5 00       		.byte	0
 963 03a6 70       		.byte	112
 964 03a7 08       		.byte	8
 965 03a8 04       		.byte	4
 966 03a9 00       		.byte	0
 967 03aa 00       		.byte	0
 968 03ab 00       		.byte	0
 969 03ac 00       		.byte	0
ARM GAS  C:\Users\adria\AppData\Local\Temp\cc0yRyQf.s 			page 18


 970 03ad 00       		.byte	0
 971 03ae 02       		.byte	2
 972 03af 28       		.byte	40
 973 03b0 04       		.byte	4
 974 03b1 04       		.byte	4
 975 03b2 04       		.byte	4
 976 03b3 04       		.byte	4
 977 03b4 00       		.byte	0
 978 03b5 00       		.byte	0
 979 03b6 00       		.byte	0
 980 03b7 01       		.byte	1
 981 03b8 00       		.byte	0
 982 03b9 00       		.byte	0
 983 03ba C0       		.byte	-64
 984 03bb 00       		.byte	0
 985 03bc 40       		.byte	64
 986 03bd 01       		.byte	1
 987 03be 10       		.byte	16
 988 03bf 11       		.byte	17
 989 03c0 C0       		.byte	-64
 990 03c1 01       		.byte	1
 991 03c2 00       		.byte	0
 992 03c3 11       		.byte	17
 993 03c4 40       		.byte	64
 994 03c5 01       		.byte	1
 995 03c6 40       		.byte	64
 996 03c7 01       		.byte	1
 997 03c8 00       		.byte	0
 998 03c9 00       		.byte	0
 999 03ca 00       		.byte	0
 1000 03cb 00       		.byte	0
 1001 03cc 00       		.byte	0
 1002 03cd 00       		.byte	0
 1003 03ce 00       		.byte	0
 1004 03cf 00       		.byte	0
 1005 03d0 00       		.byte	0
 1006 03d1 00       		.byte	0
 1007 03d2 00       		.byte	0
 1008 03d3 00       		.byte	0
 1009 03d4 00       		.byte	0
 1010 03d5 00       		.byte	0
 1011 03d6 00       		.byte	0
 1012 03d7 00       		.byte	0
 1013 03d8 80       		.byte	-128
 1014 03d9 00       		.byte	0
 1015 03da 00       		.byte	0
 1016 03db 80       		.byte	-128
 1017 03dc 80       		.byte	-128
 1018 03dd 00       		.byte	0
 1019 03de 80       		.byte	-128
 1020 03df 00       		.byte	0
 1021 03e0 00       		.byte	0
 1022 03e1 00       		.byte	0
 1023 03e2 00       		.byte	0
 1024 03e3 00       		.byte	0
 1025 03e4 00       		.byte	0
 1026 03e5 0B       		.byte	11
ARM GAS  C:\Users\adria\AppData\Local\Temp\cc0yRyQf.s 			page 19


 1027 03e6 0B       		.byte	11
 1028 03e7 00       		.byte	0
 1029 03e8 00       		.byte	0
 1030 03e9 00       		.byte	0
 1031 03ea 00       		.byte	0
 1032 03eb 00       		.byte	0
 1033 03ec 00       		.byte	0
 1034 03ed 05       		.byte	5
 1035 03ee 05       		.byte	5
 1036 03ef 00       		.byte	0
 1037 03f0 01       		.byte	1
 1038 03f1 00       		.byte	0
 1039 03f2 00       		.byte	0
 1040 03f3 00       		.byte	0
 1041              		.section	.cywolatch,"a",%progbits
 1042              		.align	2
 1043              		.type	cy_meta_wonvl, %object
 1044              		.size	cy_meta_wonvl, 4
 1045              	cy_meta_wonvl:
 1046 0000 BC       		.byte	-68
 1047 0001 90       		.byte	-112
 1048 0002 AC       		.byte	-84
 1049 0003 AF       		.byte	-81
 1050              		.section	.cycustnvl,"a",%progbits
 1051              		.align	2
 1052              		.type	cy_meta_custnvl, %object
 1053              		.size	cy_meta_custnvl, 4
 1054              	cy_meta_custnvl:
 1055 0000 00       		.byte	0
 1056 0001 00       		.byte	0
 1057 0002 40       		.byte	64
 1058 0003 05       		.byte	5
 1059              		.section	.cymeta,"a",%progbits
 1060              		.align	2
 1061              		.type	cy_metadata, %object
 1062              		.size	cy_metadata, 12
 1063              	cy_metadata:
 1064 0000 00       		.byte	0
 1065 0001 01       		.byte	1
 1066 0002 2E       		.byte	46
 1067 0003 16       		.byte	22
 1068 0004 10       		.byte	16
 1069 0005 69       		.byte	105
 1070 0006 00       		.byte	0
 1071 0007 01       		.byte	1
 1072 0008 00       		.byte	0
 1073 0009 00       		.byte	0
 1074 000a 00       		.byte	0
 1075 000b 00       		.byte	0
 1076              		.section	.cyflashprotect,"a",%progbits
 1077              		.align	2
 1078              		.type	cy_meta_flashprotect, %object
 1079              		.size	cy_meta_flashprotect, 256
 1080              	cy_meta_flashprotect:
 1081 0000 00000000 		.space	256
 1081      00000000 
 1081      00000000 
ARM GAS  C:\Users\adria\AppData\Local\Temp\cc0yRyQf.s 			page 20


 1081      00000000 
 1081      00000000 
 1082              		.text
 1083              	.Letext0:
 1084              		.file 1 "c:\\program files (x86)\\cypress\\psoc creator\\4.4\\psoc creator\\import\\gnu\\arm\\5.4.
 1085              		.file 2 "c:\\program files (x86)\\cypress\\psoc creator\\4.4\\psoc creator\\import\\gnu\\arm\\5.4.
 1086              		.file 3 "Generated_Source\\PSoC5\\cymetadata.c"
 1087              		.section	.debug_info,"",%progbits
 1088              	.Ldebug_info0:
 1089 0000 31010000 		.4byte	0x131
 1090 0004 0400     		.2byte	0x4
 1091 0006 00000000 		.4byte	.Ldebug_abbrev0
 1092 000a 04       		.byte	0x4
 1093 000b 01       		.uleb128 0x1
 1094 000c 24000000 		.4byte	.LASF17
 1095 0010 0C       		.byte	0xc
 1096 0011 C8010000 		.4byte	.LASF18
 1097 0015 7E010000 		.4byte	.LASF19
 1098 0019 00000000 		.4byte	.Ldebug_line0
 1099 001d 02       		.uleb128 0x2
 1100 001e 01       		.byte	0x1
 1101 001f 06       		.byte	0x6
 1102 0020 72010000 		.4byte	.LASF0
 1103 0024 03       		.uleb128 0x3
 1104 0025 00000000 		.4byte	.LASF9
 1105 0029 01       		.byte	0x1
 1106 002a 1D       		.byte	0x1d
 1107 002b 2F000000 		.4byte	0x2f
 1108 002f 02       		.uleb128 0x2
 1109 0030 01       		.byte	0x1
 1110 0031 08       		.byte	0x8
 1111 0032 16000000 		.4byte	.LASF1
 1112 0036 02       		.uleb128 0x2
 1113 0037 02       		.byte	0x2
 1114 0038 05       		.byte	0x5
 1115 0039 5F010000 		.4byte	.LASF2
 1116 003d 02       		.uleb128 0x2
 1117 003e 02       		.byte	0x2
 1118 003f 07       		.byte	0x7
 1119 0040 C4000000 		.4byte	.LASF3
 1120 0044 02       		.uleb128 0x2
 1121 0045 04       		.byte	0x4
 1122 0046 05       		.byte	0x5
 1123 0047 69010000 		.4byte	.LASF4
 1124 004b 02       		.uleb128 0x2
 1125 004c 04       		.byte	0x4
 1126 004d 07       		.byte	0x7
 1127 004e B2000000 		.4byte	.LASF5
 1128 0052 02       		.uleb128 0x2
 1129 0053 08       		.byte	0x8
 1130 0054 05       		.byte	0x5
 1131 0055 51010000 		.4byte	.LASF6
 1132 0059 02       		.uleb128 0x2
 1133 005a 08       		.byte	0x8
 1134 005b 07       		.byte	0x7
 1135 005c 06010000 		.4byte	.LASF7
 1136 0060 04       		.uleb128 0x4
ARM GAS  C:\Users\adria\AppData\Local\Temp\cc0yRyQf.s 			page 21


 1137 0061 04       		.byte	0x4
 1138 0062 05       		.byte	0x5
 1139 0063 696E7400 		.ascii	"int\000"
 1140 0067 02       		.uleb128 0x2
 1141 0068 04       		.byte	0x4
 1142 0069 07       		.byte	0x7
 1143 006a F9000000 		.4byte	.LASF8
 1144 006e 03       		.uleb128 0x3
 1145 006f 1D010000 		.4byte	.LASF10
 1146 0073 02       		.byte	0x2
 1147 0074 18       		.byte	0x18
 1148 0075 24000000 		.4byte	0x24
 1149 0079 05       		.uleb128 0x5
 1150 007a 91000000 		.4byte	0x91
 1151 007e 8A000000 		.4byte	0x8a
 1152 0082 06       		.uleb128 0x6
 1153 0083 8A000000 		.4byte	0x8a
 1154 0087 F303     		.2byte	0x3f3
 1155 0089 00       		.byte	0
 1156 008a 02       		.uleb128 0x2
 1157 008b 04       		.byte	0x4
 1158 008c 07       		.byte	0x7
 1159 008d 48010000 		.4byte	.LASF11
 1160 0091 07       		.uleb128 0x7
 1161 0092 6E000000 		.4byte	0x6e
 1162 0096 08       		.uleb128 0x8
 1163 0097 E7000000 		.4byte	.LASF12
 1164 009b 03       		.byte	0x3
 1165 009c 1F       		.byte	0x1f
 1166 009d A7000000 		.4byte	0xa7
 1167 00a1 05       		.uleb128 0x5
 1168 00a2 03       		.byte	0x3
 1169 00a3 00000000 		.4byte	cy_meta_configecc
 1170 00a7 07       		.uleb128 0x7
 1171 00a8 79000000 		.4byte	0x79
 1172 00ac 05       		.uleb128 0x5
 1173 00ad 91000000 		.4byte	0x91
 1174 00b1 BC000000 		.4byte	0xbc
 1175 00b5 09       		.uleb128 0x9
 1176 00b6 8A000000 		.4byte	0x8a
 1177 00ba 03       		.byte	0x3
 1178 00bb 00       		.byte	0
 1179 00bc 08       		.uleb128 0x8
 1180 00bd D7000000 		.4byte	.LASF13
 1181 00c1 03       		.byte	0x3
 1182 00c2 AB       		.byte	0xab
 1183 00c3 CD000000 		.4byte	0xcd
 1184 00c7 05       		.uleb128 0x5
 1185 00c8 03       		.byte	0x3
 1186 00c9 00000000 		.4byte	cy_meta_custnvl
 1187 00cd 07       		.uleb128 0x7
 1188 00ce AC000000 		.4byte	0xac
 1189 00d2 08       		.uleb128 0x8
 1190 00d3 3A010000 		.4byte	.LASF14
 1191 00d7 03       		.byte	0x3
 1192 00d8 B9       		.byte	0xb9
 1193 00d9 E3000000 		.4byte	0xe3
ARM GAS  C:\Users\adria\AppData\Local\Temp\cc0yRyQf.s 			page 22


 1194 00dd 05       		.uleb128 0x5
 1195 00de 03       		.byte	0x3
 1196 00df 00000000 		.4byte	cy_meta_wonvl
 1197 00e3 07       		.uleb128 0x7
 1198 00e4 AC000000 		.4byte	0xac
 1199 00e8 05       		.uleb128 0x5
 1200 00e9 91000000 		.4byte	0x91
 1201 00ed F8000000 		.4byte	0xf8
 1202 00f1 09       		.uleb128 0x9
 1203 00f2 8A000000 		.4byte	0x8a
 1204 00f6 FF       		.byte	0xff
 1205 00f7 00       		.byte	0
 1206 00f8 08       		.uleb128 0x8
 1207 00f9 25010000 		.4byte	.LASF15
 1208 00fd 03       		.byte	0x3
 1209 00fe C7       		.byte	0xc7
 1210 00ff 09010000 		.4byte	0x109
 1211 0103 05       		.uleb128 0x5
 1212 0104 03       		.byte	0x3
 1213 0105 00000000 		.4byte	cy_meta_flashprotect
 1214 0109 07       		.uleb128 0x7
 1215 010a E8000000 		.4byte	0xe8
 1216 010e 05       		.uleb128 0x5
 1217 010f 91000000 		.4byte	0x91
 1218 0113 1E010000 		.4byte	0x11e
 1219 0117 09       		.uleb128 0x9
 1220 0118 8A000000 		.4byte	0x8a
 1221 011c 0B       		.byte	0xb
 1222 011d 00       		.byte	0
 1223 011e 08       		.uleb128 0x8
 1224 011f 0A000000 		.4byte	.LASF16
 1225 0123 03       		.byte	0x3
 1226 0124 F4       		.byte	0xf4
 1227 0125 2F010000 		.4byte	0x12f
 1228 0129 05       		.uleb128 0x5
 1229 012a 03       		.byte	0x3
 1230 012b 00000000 		.4byte	cy_metadata
 1231 012f 07       		.uleb128 0x7
 1232 0130 0E010000 		.4byte	0x10e
 1233 0134 00       		.byte	0
 1234              		.section	.debug_abbrev,"",%progbits
 1235              	.Ldebug_abbrev0:
 1236 0000 01       		.uleb128 0x1
 1237 0001 11       		.uleb128 0x11
 1238 0002 01       		.byte	0x1
 1239 0003 25       		.uleb128 0x25
 1240 0004 0E       		.uleb128 0xe
 1241 0005 13       		.uleb128 0x13
 1242 0006 0B       		.uleb128 0xb
 1243 0007 03       		.uleb128 0x3
 1244 0008 0E       		.uleb128 0xe
 1245 0009 1B       		.uleb128 0x1b
 1246 000a 0E       		.uleb128 0xe
 1247 000b 10       		.uleb128 0x10
 1248 000c 17       		.uleb128 0x17
 1249 000d 00       		.byte	0
 1250 000e 00       		.byte	0
ARM GAS  C:\Users\adria\AppData\Local\Temp\cc0yRyQf.s 			page 23


 1251 000f 02       		.uleb128 0x2
 1252 0010 24       		.uleb128 0x24
 1253 0011 00       		.byte	0
 1254 0012 0B       		.uleb128 0xb
 1255 0013 0B       		.uleb128 0xb
 1256 0014 3E       		.uleb128 0x3e
 1257 0015 0B       		.uleb128 0xb
 1258 0016 03       		.uleb128 0x3
 1259 0017 0E       		.uleb128 0xe
 1260 0018 00       		.byte	0
 1261 0019 00       		.byte	0
 1262 001a 03       		.uleb128 0x3
 1263 001b 16       		.uleb128 0x16
 1264 001c 00       		.byte	0
 1265 001d 03       		.uleb128 0x3
 1266 001e 0E       		.uleb128 0xe
 1267 001f 3A       		.uleb128 0x3a
 1268 0020 0B       		.uleb128 0xb
 1269 0021 3B       		.uleb128 0x3b
 1270 0022 0B       		.uleb128 0xb
 1271 0023 49       		.uleb128 0x49
 1272 0024 13       		.uleb128 0x13
 1273 0025 00       		.byte	0
 1274 0026 00       		.byte	0
 1275 0027 04       		.uleb128 0x4
 1276 0028 24       		.uleb128 0x24
 1277 0029 00       		.byte	0
 1278 002a 0B       		.uleb128 0xb
 1279 002b 0B       		.uleb128 0xb
 1280 002c 3E       		.uleb128 0x3e
 1281 002d 0B       		.uleb128 0xb
 1282 002e 03       		.uleb128 0x3
 1283 002f 08       		.uleb128 0x8
 1284 0030 00       		.byte	0
 1285 0031 00       		.byte	0
 1286 0032 05       		.uleb128 0x5
 1287 0033 01       		.uleb128 0x1
 1288 0034 01       		.byte	0x1
 1289 0035 49       		.uleb128 0x49
 1290 0036 13       		.uleb128 0x13
 1291 0037 01       		.uleb128 0x1
 1292 0038 13       		.uleb128 0x13
 1293 0039 00       		.byte	0
 1294 003a 00       		.byte	0
 1295 003b 06       		.uleb128 0x6
 1296 003c 21       		.uleb128 0x21
 1297 003d 00       		.byte	0
 1298 003e 49       		.uleb128 0x49
 1299 003f 13       		.uleb128 0x13
 1300 0040 2F       		.uleb128 0x2f
 1301 0041 05       		.uleb128 0x5
 1302 0042 00       		.byte	0
 1303 0043 00       		.byte	0
 1304 0044 07       		.uleb128 0x7
 1305 0045 26       		.uleb128 0x26
 1306 0046 00       		.byte	0
 1307 0047 49       		.uleb128 0x49
ARM GAS  C:\Users\adria\AppData\Local\Temp\cc0yRyQf.s 			page 24


 1308 0048 13       		.uleb128 0x13
 1309 0049 00       		.byte	0
 1310 004a 00       		.byte	0
 1311 004b 08       		.uleb128 0x8
 1312 004c 34       		.uleb128 0x34
 1313 004d 00       		.byte	0
 1314 004e 03       		.uleb128 0x3
 1315 004f 0E       		.uleb128 0xe
 1316 0050 3A       		.uleb128 0x3a
 1317 0051 0B       		.uleb128 0xb
 1318 0052 3B       		.uleb128 0x3b
 1319 0053 0B       		.uleb128 0xb
 1320 0054 49       		.uleb128 0x49
 1321 0055 13       		.uleb128 0x13
 1322 0056 3F       		.uleb128 0x3f
 1323 0057 19       		.uleb128 0x19
 1324 0058 02       		.uleb128 0x2
 1325 0059 18       		.uleb128 0x18
 1326 005a 00       		.byte	0
 1327 005b 00       		.byte	0
 1328 005c 09       		.uleb128 0x9
 1329 005d 21       		.uleb128 0x21
 1330 005e 00       		.byte	0
 1331 005f 49       		.uleb128 0x49
 1332 0060 13       		.uleb128 0x13
 1333 0061 2F       		.uleb128 0x2f
 1334 0062 0B       		.uleb128 0xb
 1335 0063 00       		.byte	0
 1336 0064 00       		.byte	0
 1337 0065 00       		.byte	0
 1338              		.section	.debug_aranges,"",%progbits
 1339 0000 14000000 		.4byte	0x14
 1340 0004 0200     		.2byte	0x2
 1341 0006 00000000 		.4byte	.Ldebug_info0
 1342 000a 04       		.byte	0x4
 1343 000b 00       		.byte	0
 1344 000c 0000     		.2byte	0
 1345 000e 0000     		.2byte	0
 1346 0010 00000000 		.4byte	0
 1347 0014 00000000 		.4byte	0
 1348              		.section	.debug_line,"",%progbits
 1349              	.Ldebug_line0:
 1350 0000 3D010000 		.section	.debug_str,"MS",%progbits,1
 1350      02003701 
 1350      00000201 
 1350      FB0E0D00 
 1350      01010101 
 1351              	.LASF9:
 1352 0000 5F5F7569 		.ascii	"__uint8_t\000"
 1352      6E74385F 
 1352      7400
 1353              	.LASF16:
 1354 000a 63795F6D 		.ascii	"cy_metadata\000"
 1354      65746164 
 1354      61746100 
 1355              	.LASF1:
 1356 0016 756E7369 		.ascii	"unsigned char\000"
ARM GAS  C:\Users\adria\AppData\Local\Temp\cc0yRyQf.s 			page 25


 1356      676E6564 
 1356      20636861 
 1356      7200
 1357              	.LASF17:
 1358 0024 474E5520 		.ascii	"GNU C11 5.4.1 20160609 (release) [ARM/embedded-5-br"
 1358      43313120 
 1358      352E342E 
 1358      31203230 
 1358      31363036 
 1359 0057 616E6368 		.ascii	"anch revision 237715] -mcpu=cortex-m3 -mthumb -g -O"
 1359      20726576 
 1359      6973696F 
 1359      6E203233 
 1359      37373135 
 1360 008a 67202D66 		.ascii	"g -ffunction-sections -ffat-lto-objects\000"
 1360      66756E63 
 1360      74696F6E 
 1360      2D736563 
 1360      74696F6E 
 1361              	.LASF5:
 1362 00b2 6C6F6E67 		.ascii	"long unsigned int\000"
 1362      20756E73 
 1362      69676E65 
 1362      6420696E 
 1362      7400
 1363              	.LASF3:
 1364 00c4 73686F72 		.ascii	"short unsigned int\000"
 1364      7420756E 
 1364      7369676E 
 1364      65642069 
 1364      6E7400
 1365              	.LASF13:
 1366 00d7 63795F6D 		.ascii	"cy_meta_custnvl\000"
 1366      6574615F 
 1366      63757374 
 1366      6E766C00 
 1367              	.LASF12:
 1368 00e7 63795F6D 		.ascii	"cy_meta_configecc\000"
 1368      6574615F 
 1368      636F6E66 
 1368      69676563 
 1368      6300
 1369              	.LASF8:
 1370 00f9 756E7369 		.ascii	"unsigned int\000"
 1370      676E6564 
 1370      20696E74 
 1370      00
 1371              	.LASF7:
 1372 0106 6C6F6E67 		.ascii	"long long unsigned int\000"
 1372      206C6F6E 
 1372      6720756E 
 1372      7369676E 
 1372      65642069 
 1373              	.LASF10:
 1374 011d 75696E74 		.ascii	"uint8_t\000"
 1374      385F7400 
 1375              	.LASF15:
ARM GAS  C:\Users\adria\AppData\Local\Temp\cc0yRyQf.s 			page 26


 1376 0125 63795F6D 		.ascii	"cy_meta_flashprotect\000"
 1376      6574615F 
 1376      666C6173 
 1376      6870726F 
 1376      74656374 
 1377              	.LASF14:
 1378 013a 63795F6D 		.ascii	"cy_meta_wonvl\000"
 1378      6574615F 
 1378      776F6E76 
 1378      6C00
 1379              	.LASF11:
 1380 0148 73697A65 		.ascii	"sizetype\000"
 1380      74797065 
 1380      00
 1381              	.LASF6:
 1382 0151 6C6F6E67 		.ascii	"long long int\000"
 1382      206C6F6E 
 1382      6720696E 
 1382      7400
 1383              	.LASF2:
 1384 015f 73686F72 		.ascii	"short int\000"
 1384      7420696E 
 1384      7400
 1385              	.LASF4:
 1386 0169 6C6F6E67 		.ascii	"long int\000"
 1386      20696E74 
 1386      00
 1387              	.LASF0:
 1388 0172 7369676E 		.ascii	"signed char\000"
 1388      65642063 
 1388      68617200 
 1389              	.LASF19:
 1390 017e 433A5C55 		.ascii	"C:\\Users\\adria\\OneDrive\\Documents\\PSoC Creator"
 1390      73657273 
 1390      5C616472 
 1390      69615C4F 
 1390      6E654472 
 1391 01ac 5C50524F 		.ascii	"\\PROYECTO_IOT\\MAX6675.cydsn\000"
 1391      59454354 
 1391      4F5F494F 
 1391      545C4D41 
 1391      58363637 
 1392              	.LASF18:
 1393 01c8 47656E65 		.ascii	"Generated_Source\\PSoC5\\cymetadata.c\000"
 1393      72617465 
 1393      645F536F 
 1393      75726365 
 1393      5C50536F 
 1394              		.ident	"GCC: (GNU Tools for ARM Embedded Processors) 5.4.1 20160609 (release) [ARM/embedded-5-bran
