ARM GAS  C:\Users\adria\AppData\Local\Temp\ccrSuFgc.s 			page 1


   1              		.syntax unified
   2              		.cpu cortex-m3
   3              		.fpu softvfp
   4              		.eabi_attribute 20, 1
   5              		.eabi_attribute 21, 1
   6              		.eabi_attribute 23, 3
   7              		.eabi_attribute 24, 1
   8              		.eabi_attribute 25, 1
   9              		.eabi_attribute 26, 1
  10              		.eabi_attribute 30, 1
  11              		.eabi_attribute 34, 1
  12              		.eabi_attribute 18, 4
  13              		.thumb
  14              		.syntax unified
  15              		.file	"LIB_psoc.c"
  16              		.text
  17              	.Ltext0:
  18              		.cfi_sections	.debug_frame
  19              		.section	.text.map,"ax",%progbits
  20              		.align	2
  21              		.global	map
  22              		.thumb
  23              		.thumb_func
  24              		.type	map, %function
  25              	map:
  26              	.LFB0:
  27              		.file 1 "D:\\GITHUB\\Librerias_PSOC\\Libreria_PSOC\\LIB_psoc.c"
   1:D:\GITHUB\Librerias_PSOC\Libreria_PSOC\LIB_psoc.c **** #include "LIB_psoc.h"
   2:D:\GITHUB\Librerias_PSOC\Libreria_PSOC\LIB_psoc.c **** 
   3:D:\GITHUB\Librerias_PSOC\Libreria_PSOC\LIB_psoc.c **** long map(long x, long in_min, long in_max, long out_min, long out_max) {
  28              		.loc 1 3 0
  29              		.cfi_startproc
  30              		@ args = 4, pretend = 0, frame = 0
  31              		@ frame_needed = 0, uses_anonymous_args = 0
  32              		@ link register save eliminated.
  33              	.LVL0:
  34 0000 10B4     		push	{r4}
  35              		.cfi_def_cfa_offset 4
  36              		.cfi_offset 4, -4
   4:D:\GITHUB\Librerias_PSOC\Libreria_PSOC\LIB_psoc.c ****   return (x - in_min) * (out_max - out_min) / (in_max - in_min) + out_min;
  37              		.loc 1 4 0
  38 0002 401A     		subs	r0, r0, r1
  39              	.LVL1:
  40 0004 019C     		ldr	r4, [sp, #4]
  41 0006 E41A     		subs	r4, r4, r3
  42 0008 04FB00F0 		mul	r0, r4, r0
  43 000c 521A     		subs	r2, r2, r1
  44              	.LVL2:
  45 000e 90FBF2F0 		sdiv	r0, r0, r2
   5:D:\GITHUB\Librerias_PSOC\Libreria_PSOC\LIB_psoc.c **** }...
  46              		.loc 1 5 0
  47 0012 1844     		add	r0, r0, r3
  48 0014 10BC     		pop	{r4}
  49              		.cfi_restore 4
  50              		.cfi_def_cfa_offset 0
  51              	.LVL3:
  52 0016 7047     		bx	lr
ARM GAS  C:\Users\adria\AppData\Local\Temp\ccrSuFgc.s 			page 2


  53              		.cfi_endproc
  54              	.LFE0:
  55              		.size	map, .-map
  56              		.text
  57              	.Letext0:
  58              		.section	.debug_info,"",%progbits
  59              	.Ldebug_info0:
  60 0000 84000000 		.4byte	0x84
  61 0004 0400     		.2byte	0x4
  62 0006 00000000 		.4byte	.Ldebug_abbrev0
  63 000a 04       		.byte	0x4
  64 000b 01       		.uleb128 0x1
  65 000c 18000000 		.4byte	.LASF4
  66 0010 0C       		.byte	0xc
  67 0011 B5000000 		.4byte	.LASF5
  68 0015 00000000 		.4byte	.Ldebug_ranges0+0
  69 0019 00000000 		.4byte	0
  70 001d 00000000 		.4byte	.Ldebug_line0
  71 0021 02       		.uleb128 0x2
  72 0022 6D617000 		.ascii	"map\000"
  73 0026 01       		.byte	0x1
  74 0027 03       		.byte	0x3
  75 0028 80000000 		.4byte	0x80
  76 002c 00000000 		.4byte	.LFB0
  77 0030 18000000 		.4byte	.LFE0-.LFB0
  78 0034 01       		.uleb128 0x1
  79 0035 9C       		.byte	0x9c
  80 0036 80000000 		.4byte	0x80
  81 003a 03       		.uleb128 0x3
  82 003b 7800     		.ascii	"x\000"
  83 003d 01       		.byte	0x1
  84 003e 03       		.byte	0x3
  85 003f 80000000 		.4byte	0x80
  86 0043 00000000 		.4byte	.LLST0
  87 0047 04       		.uleb128 0x4
  88 0048 09000000 		.4byte	.LASF0
  89 004c 01       		.byte	0x1
  90 004d 03       		.byte	0x3
  91 004e 80000000 		.4byte	0x80
  92 0052 01       		.uleb128 0x1
  93 0053 51       		.byte	0x51
  94 0054 05       		.uleb128 0x5
  95 0055 A6000000 		.4byte	.LASF1
  96 0059 01       		.byte	0x1
  97 005a 03       		.byte	0x3
  98 005b 80000000 		.4byte	0x80
  99 005f 21000000 		.4byte	.LLST1
 100 0063 04       		.uleb128 0x4
 101 0064 10000000 		.4byte	.LASF2
 102 0068 01       		.byte	0x1
 103 0069 03       		.byte	0x3
 104 006a 80000000 		.4byte	0x80
 105 006e 01       		.uleb128 0x1
 106 006f 53       		.byte	0x53
 107 0070 05       		.uleb128 0x5
 108 0071 AD000000 		.4byte	.LASF3
 109 0075 01       		.byte	0x1
ARM GAS  C:\Users\adria\AppData\Local\Temp\ccrSuFgc.s 			page 3


 110 0076 03       		.byte	0x3
 111 0077 80000000 		.4byte	0x80
 112 007b 42000000 		.4byte	.LLST2
 113 007f 00       		.byte	0
 114 0080 06       		.uleb128 0x6
 115 0081 04       		.byte	0x4
 116 0082 05       		.byte	0x5
 117 0083 00000000 		.4byte	.LASF6
 118 0087 00       		.byte	0
 119              		.section	.debug_abbrev,"",%progbits
 120              	.Ldebug_abbrev0:
 121 0000 01       		.uleb128 0x1
 122 0001 11       		.uleb128 0x11
 123 0002 01       		.byte	0x1
 124 0003 25       		.uleb128 0x25
 125 0004 0E       		.uleb128 0xe
 126 0005 13       		.uleb128 0x13
 127 0006 0B       		.uleb128 0xb
 128 0007 03       		.uleb128 0x3
 129 0008 0E       		.uleb128 0xe
 130 0009 55       		.uleb128 0x55
 131 000a 17       		.uleb128 0x17
 132 000b 11       		.uleb128 0x11
 133 000c 01       		.uleb128 0x1
 134 000d 10       		.uleb128 0x10
 135 000e 17       		.uleb128 0x17
 136 000f 00       		.byte	0
 137 0010 00       		.byte	0
 138 0011 02       		.uleb128 0x2
 139 0012 2E       		.uleb128 0x2e
 140 0013 01       		.byte	0x1
 141 0014 3F       		.uleb128 0x3f
 142 0015 19       		.uleb128 0x19
 143 0016 03       		.uleb128 0x3
 144 0017 08       		.uleb128 0x8
 145 0018 3A       		.uleb128 0x3a
 146 0019 0B       		.uleb128 0xb
 147 001a 3B       		.uleb128 0x3b
 148 001b 0B       		.uleb128 0xb
 149 001c 27       		.uleb128 0x27
 150 001d 19       		.uleb128 0x19
 151 001e 49       		.uleb128 0x49
 152 001f 13       		.uleb128 0x13
 153 0020 11       		.uleb128 0x11
 154 0021 01       		.uleb128 0x1
 155 0022 12       		.uleb128 0x12
 156 0023 06       		.uleb128 0x6
 157 0024 40       		.uleb128 0x40
 158 0025 18       		.uleb128 0x18
 159 0026 9742     		.uleb128 0x2117
 160 0028 19       		.uleb128 0x19
 161 0029 01       		.uleb128 0x1
 162 002a 13       		.uleb128 0x13
 163 002b 00       		.byte	0
 164 002c 00       		.byte	0
 165 002d 03       		.uleb128 0x3
 166 002e 05       		.uleb128 0x5
ARM GAS  C:\Users\adria\AppData\Local\Temp\ccrSuFgc.s 			page 4


 167 002f 00       		.byte	0
 168 0030 03       		.uleb128 0x3
 169 0031 08       		.uleb128 0x8
 170 0032 3A       		.uleb128 0x3a
 171 0033 0B       		.uleb128 0xb
 172 0034 3B       		.uleb128 0x3b
 173 0035 0B       		.uleb128 0xb
 174 0036 49       		.uleb128 0x49
 175 0037 13       		.uleb128 0x13
 176 0038 02       		.uleb128 0x2
 177 0039 17       		.uleb128 0x17
 178 003a 00       		.byte	0
 179 003b 00       		.byte	0
 180 003c 04       		.uleb128 0x4
 181 003d 05       		.uleb128 0x5
 182 003e 00       		.byte	0
 183 003f 03       		.uleb128 0x3
 184 0040 0E       		.uleb128 0xe
 185 0041 3A       		.uleb128 0x3a
 186 0042 0B       		.uleb128 0xb
 187 0043 3B       		.uleb128 0x3b
 188 0044 0B       		.uleb128 0xb
 189 0045 49       		.uleb128 0x49
 190 0046 13       		.uleb128 0x13
 191 0047 02       		.uleb128 0x2
 192 0048 18       		.uleb128 0x18
 193 0049 00       		.byte	0
 194 004a 00       		.byte	0
 195 004b 05       		.uleb128 0x5
 196 004c 05       		.uleb128 0x5
 197 004d 00       		.byte	0
 198 004e 03       		.uleb128 0x3
 199 004f 0E       		.uleb128 0xe
 200 0050 3A       		.uleb128 0x3a
 201 0051 0B       		.uleb128 0xb
 202 0052 3B       		.uleb128 0x3b
 203 0053 0B       		.uleb128 0xb
 204 0054 49       		.uleb128 0x49
 205 0055 13       		.uleb128 0x13
 206 0056 02       		.uleb128 0x2
 207 0057 17       		.uleb128 0x17
 208 0058 00       		.byte	0
 209 0059 00       		.byte	0
 210 005a 06       		.uleb128 0x6
 211 005b 24       		.uleb128 0x24
 212 005c 00       		.byte	0
 213 005d 0B       		.uleb128 0xb
 214 005e 0B       		.uleb128 0xb
 215 005f 3E       		.uleb128 0x3e
 216 0060 0B       		.uleb128 0xb
 217 0061 03       		.uleb128 0x3
 218 0062 0E       		.uleb128 0xe
 219 0063 00       		.byte	0
 220 0064 00       		.byte	0
 221 0065 00       		.byte	0
 222              		.section	.debug_loc,"",%progbits
 223              	.Ldebug_loc0:
ARM GAS  C:\Users\adria\AppData\Local\Temp\ccrSuFgc.s 			page 5


 224              	.LLST0:
 225 0000 00000000 		.4byte	.LVL0
 226 0004 04000000 		.4byte	.LVL1
 227 0008 0100     		.2byte	0x1
 228 000a 50       		.byte	0x50
 229 000b 04000000 		.4byte	.LVL1
 230 000f 18000000 		.4byte	.LFE0
 231 0013 0400     		.2byte	0x4
 232 0015 F3       		.byte	0xf3
 233 0016 01       		.uleb128 0x1
 234 0017 50       		.byte	0x50
 235 0018 9F       		.byte	0x9f
 236 0019 00000000 		.4byte	0
 237 001d 00000000 		.4byte	0
 238              	.LLST1:
 239 0021 00000000 		.4byte	.LVL0
 240 0025 0E000000 		.4byte	.LVL2
 241 0029 0100     		.2byte	0x1
 242 002b 52       		.byte	0x52
 243 002c 0E000000 		.4byte	.LVL2
 244 0030 18000000 		.4byte	.LFE0
 245 0034 0400     		.2byte	0x4
 246 0036 F3       		.byte	0xf3
 247 0037 01       		.uleb128 0x1
 248 0038 52       		.byte	0x52
 249 0039 9F       		.byte	0x9f
 250 003a 00000000 		.4byte	0
 251 003e 00000000 		.4byte	0
 252              	.LLST2:
 253 0042 00000000 		.4byte	.LVL0
 254 0046 16000000 		.4byte	.LVL3
 255 004a 0200     		.2byte	0x2
 256 004c 91       		.byte	0x91
 257 004d 00       		.sleb128 0
 258 004e 16000000 		.4byte	.LVL3
 259 0052 18000000 		.4byte	.LFE0
 260 0056 0200     		.2byte	0x2
 261 0058 7D       		.byte	0x7d
 262 0059 00       		.sleb128 0
 263 005a 00000000 		.4byte	0
 264 005e 00000000 		.4byte	0
 265              		.section	.debug_aranges,"",%progbits
 266 0000 1C000000 		.4byte	0x1c
 267 0004 0200     		.2byte	0x2
 268 0006 00000000 		.4byte	.Ldebug_info0
 269 000a 04       		.byte	0x4
 270 000b 00       		.byte	0
 271 000c 0000     		.2byte	0
 272 000e 0000     		.2byte	0
 273 0010 00000000 		.4byte	.LFB0
 274 0014 18000000 		.4byte	.LFE0-.LFB0
 275 0018 00000000 		.4byte	0
 276 001c 00000000 		.4byte	0
 277              		.section	.debug_ranges,"",%progbits
 278              	.Ldebug_ranges0:
 279 0000 00000000 		.4byte	.LFB0
 280 0004 18000000 		.4byte	.LFE0
ARM GAS  C:\Users\adria\AppData\Local\Temp\ccrSuFgc.s 			page 6


 281 0008 00000000 		.4byte	0
 282 000c 00000000 		.4byte	0
 283              		.section	.debug_line,"",%progbits
 284              	.Ldebug_line0:
 285 0000 5D000000 		.section	.debug_str,"MS",%progbits,1
 285      02004800 
 285      00000201 
 285      FB0E0D00 
 285      01010101 
 286              	.LASF6:
 287 0000 6C6F6E67 		.ascii	"long int\000"
 287      20696E74 
 287      00
 288              	.LASF0:
 289 0009 696E5F6D 		.ascii	"in_min\000"
 289      696E00
 290              	.LASF2:
 291 0010 6F75745F 		.ascii	"out_min\000"
 291      6D696E00 
 292              	.LASF4:
 293 0018 474E5520 		.ascii	"GNU C11 5.4.1 20160609 (release) [ARM/embedded-5-br"
 293      43313120 
 293      352E342E 
 293      31203230 
 293      31363036 
 294 004b 616E6368 		.ascii	"anch revision 237715] -mcpu=cortex-m3 -mthumb -g -O"
 294      20726576 
 294      6973696F 
 294      6E203233 
 294      37373135 
 295 007e 67202D66 		.ascii	"g -ffunction-sections -ffat-lto-objects\000"
 295      66756E63 
 295      74696F6E 
 295      2D736563 
 295      74696F6E 
 296              	.LASF1:
 297 00a6 696E5F6D 		.ascii	"in_max\000"
 297      617800
 298              	.LASF3:
 299 00ad 6F75745F 		.ascii	"out_max\000"
 299      6D617800 
 300              	.LASF5:
 301 00b5 443A5C47 		.ascii	"D:\\GITHUB\\Librerias_PSOC\\Libreria_PSOC\\LIB_psoc"
 301      49544855 
 301      425C4C69 
 301      62726572 
 301      6961735F 
 302 00e4 2E6300   		.ascii	".c\000"
 303              		.ident	"GCC: (GNU Tools for ARM Embedded Processors) 5.4.1 20160609 (release) [ARM/embedded-5-bran
