ARM GAS  C:\Users\adria\AppData\Local\Temp\ccnFiIhF.s 			page 1


   1              		.syntax unified
   2              		.cpu cortex-m3
   3              		.fpu softvfp
   4              		.eabi_attribute 20, 1
   5              		.eabi_attribute 21, 1
   6              		.eabi_attribute 23, 3
   7              		.eabi_attribute 24, 1
   8              		.eabi_attribute 25, 1
   9              		.eabi_attribute 26, 1
  10              		.eabi_attribute 30, 1
  11              		.eabi_attribute 34, 1
  12              		.eabi_attribute 18, 4
  13              		.thumb
  14              		.syntax unified
  15              		.file	"main.c"
  16              		.text
  17              	.Ltext0:
  18              		.cfi_sections	.debug_frame
  19              		.section	.text.main,"ax",%progbits
  20              		.align	2
  21              		.global	main
  22              		.thumb
  23              		.thumb_func
  24              		.type	main, %function
  25              	main:
  26              	.LFB64:
  27              		.file 1 "main.c"
   1:main.c        **** #include "project.h"
   2:main.c        **** #include "stdio.h"
   3:main.c        **** #include "..\..\..\psoc\lcd_7seg\Workspace01\LCD.cydsn\PSOC_LCD.h"//LCD
   4:main.c        **** #include "max6675.h"
   5:main.c        **** 
   6:main.c        **** int main(void)
   7:main.c        **** {
  28              		.loc 1 7 0
  29              		.cfi_startproc
  30              		@ args = 0, pretend = 0, frame = 16
  31              		@ frame_needed = 0, uses_anonymous_args = 0
  32 0000 30B5     		push	{r4, r5, lr}
  33              		.cfi_def_cfa_offset 12
  34              		.cfi_offset 4, -12
  35              		.cfi_offset 5, -8
  36              		.cfi_offset 14, -4
  37 0002 85B0     		sub	sp, sp, #20
  38              		.cfi_def_cfa_offset 32
   8:main.c        ****     CyGlobalIntEnable;
  39              		.loc 1 8 0
  40              		.syntax unified
  41              	@ 8 "main.c" 1
  42 0004 62B6     		CPSIE   i
  43              	@ 0 "" 2
   9:main.c        ****     UART_Start();
  44              		.loc 1 9 0
  45              		.thumb
  46              		.syntax unified
  47 0006 FFF7FEFF 		bl	UART_Start
  48              	.LVL0:
ARM GAS  C:\Users\adria\AppData\Local\Temp\ccnFiIhF.s 			page 2


  10:main.c        ****     UART_ClearTxBuffer();
  49              		.loc 1 10 0
  50 000a FFF7FEFF 		bl	UART_ClearTxBuffer
  51              	.LVL1:
  11:main.c        ****     LCD_Start();
  52              		.loc 1 11 0
  53 000e FFF7FEFF 		bl	LCD_Start
  54              	.LVL2:
  12:main.c        ****     SPIM_Start();
  55              		.loc 1 12 0
  56 0012 FFF7FEFF 		bl	SPIM_Start
  57              	.LVL3:
  58              	.L2:
  13:main.c        ****     
  14:main.c        ****     //Variables
  15:main.c        ****     uint16_t temp,error;//Variable alamacena la temperatura 
  16:main.c        ****     
  17:main.c        ****     char lec[16];//Buffer a mostrar en pantalla
  18:main.c        ****     
  19:main.c        ****     for(;;)
  20:main.c        ****     {
  21:main.c        ****         //SENSAMOS 
  22:main.c        ****         CyDelay(250);
  59              		.loc 1 22 0
  60 0016 FA20     		movs	r0, #250
  61 0018 FFF7FEFF 		bl	CyDelay
  62              	.LVL4:
  23:main.c        ****         error = MAX_INIT();
  63              		.loc 1 23 0
  64 001c FFF7FEFF 		bl	MAX_INIT
  65              	.LVL5:
  66 0020 0446     		mov	r4, r0
  67              	.LVL6:
  24:main.c        ****         temp = sens();
  68              		.loc 1 24 0
  69 0022 FFF7FEFF 		bl	sens
  70              	.LVL7:
  71 0026 0546     		mov	r5, r0
  72              	.LVL8:
  25:main.c        ****         
  26:main.c        ****         if (error == 0){
  73              		.loc 1 26 0
  74 0028 B4B9     		cbnz	r4, .L3
  27:main.c        ****             //Mostramos temp si no hay errror de comunicacion
  28:main.c        ****             LCD_Position(0,0);
  75              		.loc 1 28 0
  76 002a 0021     		movs	r1, #0
  77 002c 0846     		mov	r0, r1
  78 002e FFF7FEFF 		bl	LCD_Position
  79              	.LVL9:
  29:main.c        ****             LCD_PrintString("TEMPERATURA");
  80              		.loc 1 29 0
  81 0032 1448     		ldr	r0, .L6
  82 0034 FFF7FEFF 		bl	LCD_PrintString
  83              	.LVL10:
  30:main.c        ****             LCD_Position(1,0);
  84              		.loc 1 30 0
ARM GAS  C:\Users\adria\AppData\Local\Temp\ccnFiIhF.s 			page 3


  85 0038 0021     		movs	r1, #0
  86 003a 0120     		movs	r0, #1
  87 003c FFF7FEFF 		bl	LCD_Position
  88              	.LVL11:
  31:main.c        ****             LCD_PrintNumber(temp);
  89              		.loc 1 31 0
  90 0040 2846     		mov	r0, r5
  91 0042 FFF7FEFF 		bl	LCD_PrintNumber
  92              	.LVL12:
  32:main.c        ****             sprintf(lec,"%d\n\r",temp);
  93              		.loc 1 32 0
  94 0046 2A46     		mov	r2, r5
  95 0048 0F49     		ldr	r1, .L6+4
  96 004a 6846     		mov	r0, sp
  97 004c FFF7FEFF 		bl	sprintf
  98              	.LVL13:
  33:main.c        ****             UART_PutString(lec);
  99              		.loc 1 33 0
 100 0050 6846     		mov	r0, sp
 101 0052 FFF7FEFF 		bl	UART_PutString
 102              	.LVL14:
 103 0056 DEE7     		b	.L2
 104              	.L3:
  34:main.c        ****         }else{
  35:main.c        ****             //MOSTRAMOS ERROR 
  36:main.c        ****             LCD_ClearDisplay();
 105              		.loc 1 36 0
 106 0058 FFF7FEFF 		bl	LCD_ClearDisplay
 107              	.LVL15:
  37:main.c        ****             LCD_Position(0,0);
 108              		.loc 1 37 0
 109 005c 0021     		movs	r1, #0
 110 005e 0846     		mov	r0, r1
 111 0060 FFF7FEFF 		bl	LCD_Position
 112              	.LVL16:
  38:main.c        ****             LCD_PrintString("ERRORES:");
 113              		.loc 1 38 0
 114 0064 0948     		ldr	r0, .L6+8
 115 0066 FFF7FEFF 		bl	LCD_PrintString
 116              	.LVL17:
  39:main.c        ****             LCD_Position(1,0);
 117              		.loc 1 39 0
 118 006a 0021     		movs	r1, #0
 119 006c 0120     		movs	r0, #1
 120 006e FFF7FEFF 		bl	LCD_Position
 121              	.LVL18:
  40:main.c        ****             LCD_PrintHex8(error);
 122              		.loc 1 40 0
 123 0072 2046     		mov	r0, r4
 124 0074 FFF7FEFF 		bl	LCD_PrintHex8
 125              	.LVL19:
  41:main.c        ****             CyDelay(3000);
 126              		.loc 1 41 0
 127 0078 40F6B830 		movw	r0, #3000
 128 007c FFF7FEFF 		bl	CyDelay
 129              	.LVL20:
 130 0080 C9E7     		b	.L2
ARM GAS  C:\Users\adria\AppData\Local\Temp\ccnFiIhF.s 			page 4


 131              	.L7:
 132 0082 00BF     		.align	2
 133              	.L6:
 134 0084 00000000 		.word	.LC0
 135 0088 0C000000 		.word	.LC1
 136 008c 14000000 		.word	.LC2
 137              		.cfi_endproc
 138              	.LFE64:
 139              		.size	main, .-main
 140              		.section	.rodata.str1.4,"aMS",%progbits,1
 141              		.align	2
 142              	.LC0:
 143 0000 54454D50 		.ascii	"TEMPERATURA\000"
 143      45524154 
 143      55524100 
 144              	.LC1:
 145 000c 25640A0D 		.ascii	"%d\012\015\000"
 145      00
 146 0011 000000   		.space	3
 147              	.LC2:
 148 0014 4552524F 		.ascii	"ERRORES:\000"
 148      5245533A 
 148      00
 149              		.text
 150              	.Letext0:
 151              		.file 2 "c:\\program files (x86)\\cypress\\psoc creator\\4.4\\psoc creator\\import\\gnu\\arm\\5.4.
 152              		.file 3 "c:\\program files (x86)\\cypress\\psoc creator\\4.4\\psoc creator\\import\\gnu\\arm\\5.4.
 153              		.file 4 "Generated_Source\\PSoC5/UART.h"
 154              		.file 5 "..\\..\\..\\psoc\\lcd_7seg\\Workspace01\\LCD.cydsn\\PSOC_LCD.h"
 155              		.file 6 "Generated_Source\\PSoC5/SPIM.h"
 156              		.file 7 "Generated_Source\\PSoC5/CyLib.h"
 157              		.file 8 "max6675.h"
 158              		.file 9 "c:\\program files (x86)\\cypress\\psoc creator\\4.4\\psoc creator\\import\\gnu\\arm\\5.4.
 159              		.file 10 "Generated_Source\\PSoC5/core_cm3.h"
 160              		.section	.debug_info,"",%progbits
 161              	.Ldebug_info0:
 162 0000 0A030000 		.4byte	0x30a
 163 0004 0400     		.2byte	0x4
 164 0006 00000000 		.4byte	.Ldebug_abbrev0
 165 000a 04       		.byte	0x4
 166 000b 01       		.uleb128 0x1
 167 000c 8E000000 		.4byte	.LASF34
 168 0010 0C       		.byte	0xc
 169 0011 EE010000 		.4byte	.LASF35
 170 0015 00000000 		.4byte	.LASF36
 171 0019 00000000 		.4byte	.Ldebug_ranges0+0
 172 001d 00000000 		.4byte	0
 173 0021 00000000 		.4byte	.Ldebug_line0
 174 0025 02       		.uleb128 0x2
 175 0026 01       		.byte	0x1
 176 0027 06       		.byte	0x6
 177 0028 3E020000 		.4byte	.LASF0
 178 002c 02       		.uleb128 0x2
 179 002d 01       		.byte	0x1
 180 002e 08       		.byte	0x8
 181 002f 80000000 		.4byte	.LASF1
 182 0033 02       		.uleb128 0x2
ARM GAS  C:\Users\adria\AppData\Local\Temp\ccnFiIhF.s 			page 5


 183 0034 02       		.byte	0x2
 184 0035 05       		.byte	0x5
 185 0036 03020000 		.4byte	.LASF2
 186 003a 03       		.uleb128 0x3
 187 003b 6C010000 		.4byte	.LASF4
 188 003f 02       		.byte	0x2
 189 0040 2B       		.byte	0x2b
 190 0041 45000000 		.4byte	0x45
 191 0045 02       		.uleb128 0x2
 192 0046 02       		.byte	0x2
 193 0047 07       		.byte	0x7
 194 0048 33010000 		.4byte	.LASF3
 195 004c 03       		.uleb128 0x3
 196 004d 5B000000 		.4byte	.LASF5
 197 0051 02       		.byte	0x2
 198 0052 3F       		.byte	0x3f
 199 0053 57000000 		.4byte	0x57
 200 0057 02       		.uleb128 0x2
 201 0058 04       		.byte	0x4
 202 0059 05       		.byte	0x5
 203 005a 29020000 		.4byte	.LASF6
 204 005e 02       		.uleb128 0x2
 205 005f 04       		.byte	0x4
 206 0060 07       		.byte	0x7
 207 0061 1C010000 		.4byte	.LASF7
 208 0065 02       		.uleb128 0x2
 209 0066 08       		.byte	0x8
 210 0067 05       		.byte	0x5
 211 0068 E0010000 		.4byte	.LASF8
 212 006c 02       		.uleb128 0x2
 213 006d 08       		.byte	0x8
 214 006e 07       		.byte	0x7
 215 006f A0010000 		.4byte	.LASF9
 216 0073 04       		.uleb128 0x4
 217 0074 04       		.byte	0x4
 218 0075 05       		.byte	0x5
 219 0076 696E7400 		.ascii	"int\000"
 220 007a 02       		.uleb128 0x2
 221 007b 04       		.byte	0x4
 222 007c 07       		.byte	0x7
 223 007d 93010000 		.4byte	.LASF10
 224 0081 03       		.uleb128 0x3
 225 0082 20020000 		.4byte	.LASF11
 226 0086 03       		.byte	0x3
 227 0087 24       		.byte	0x24
 228 0088 3A000000 		.4byte	0x3a
 229 008c 03       		.uleb128 0x3
 230 008d C4010000 		.4byte	.LASF12
 231 0091 03       		.byte	0x3
 232 0092 2C       		.byte	0x2c
 233 0093 4C000000 		.4byte	0x4c
 234 0097 02       		.uleb128 0x2
 235 0098 04       		.byte	0x4
 236 0099 04       		.byte	0x4
 237 009a 70000000 		.4byte	.LASF13
 238 009e 02       		.uleb128 0x2
 239 009f 08       		.byte	0x8
ARM GAS  C:\Users\adria\AppData\Local\Temp\ccnFiIhF.s 			page 6


 240 00a0 04       		.byte	0x4
 241 00a1 77010000 		.4byte	.LASF14
 242 00a5 02       		.uleb128 0x2
 243 00a6 01       		.byte	0x1
 244 00a7 08       		.byte	0x8
 245 00a8 F5010000 		.4byte	.LASF15
 246 00ac 02       		.uleb128 0x2
 247 00ad 08       		.byte	0x8
 248 00ae 04       		.byte	0x4
 249 00af 32020000 		.4byte	.LASF16
 250 00b3 02       		.uleb128 0x2
 251 00b4 04       		.byte	0x4
 252 00b5 07       		.byte	0x7
 253 00b6 CC010000 		.4byte	.LASF17
 254 00ba 05       		.uleb128 0x5
 255 00bb 7E010000 		.4byte	.LASF37
 256 00bf 01       		.byte	0x1
 257 00c0 06       		.byte	0x6
 258 00c1 73000000 		.4byte	0x73
 259 00c5 00000000 		.4byte	.LFB64
 260 00c9 90000000 		.4byte	.LFE64-.LFB64
 261 00cd 01       		.uleb128 0x1
 262 00ce 9C       		.byte	0x9c
 263 00cf 52020000 		.4byte	0x252
 264 00d3 06       		.uleb128 0x6
 265 00d4 2E010000 		.4byte	.LASF18
 266 00d8 01       		.byte	0x1
 267 00d9 0F       		.byte	0xf
 268 00da 81000000 		.4byte	0x81
 269 00de 01       		.uleb128 0x1
 270 00df 55       		.byte	0x55
 271 00e0 06       		.uleb128 0x6
 272 00e1 DA010000 		.4byte	.LASF19
 273 00e5 01       		.byte	0x1
 274 00e6 0F       		.byte	0xf
 275 00e7 81000000 		.4byte	0x81
 276 00eb 06       		.uleb128 0x6
 277 00ec 74       		.byte	0x74
 278 00ed 00       		.sleb128 0
 279 00ee 08       		.byte	0x8
 280 00ef FF       		.byte	0xff
 281 00f0 1A       		.byte	0x1a
 282 00f1 9F       		.byte	0x9f
 283 00f2 07       		.uleb128 0x7
 284 00f3 6C656300 		.ascii	"lec\000"
 285 00f7 01       		.byte	0x1
 286 00f8 11       		.byte	0x11
 287 00f9 52020000 		.4byte	0x252
 288 00fd 02       		.uleb128 0x2
 289 00fe 91       		.byte	0x91
 290 00ff 60       		.sleb128 -32
 291 0100 08       		.uleb128 0x8
 292 0101 0A000000 		.4byte	.LVL0
 293 0105 73020000 		.4byte	0x273
 294 0109 08       		.uleb128 0x8
 295 010a 0E000000 		.4byte	.LVL1
 296 010e 7E020000 		.4byte	0x27e
ARM GAS  C:\Users\adria\AppData\Local\Temp\ccnFiIhF.s 			page 7


 297 0112 08       		.uleb128 0x8
 298 0113 12000000 		.4byte	.LVL2
 299 0117 89020000 		.4byte	0x289
 300 011b 08       		.uleb128 0x8
 301 011c 16000000 		.4byte	.LVL3
 302 0120 94020000 		.4byte	0x294
 303 0124 09       		.uleb128 0x9
 304 0125 1C000000 		.4byte	.LVL4
 305 0129 9F020000 		.4byte	0x29f
 306 012d 38010000 		.4byte	0x138
 307 0131 0A       		.uleb128 0xa
 308 0132 01       		.uleb128 0x1
 309 0133 50       		.byte	0x50
 310 0134 02       		.uleb128 0x2
 311 0135 08       		.byte	0x8
 312 0136 FA       		.byte	0xfa
 313 0137 00       		.byte	0
 314 0138 08       		.uleb128 0x8
 315 0139 20000000 		.4byte	.LVL5
 316 013d AA020000 		.4byte	0x2aa
 317 0141 08       		.uleb128 0x8
 318 0142 26000000 		.4byte	.LVL7
 319 0146 B5020000 		.4byte	0x2b5
 320 014a 09       		.uleb128 0x9
 321 014b 32000000 		.4byte	.LVL9
 322 014f C0020000 		.4byte	0x2c0
 323 0153 62010000 		.4byte	0x162
 324 0157 0A       		.uleb128 0xa
 325 0158 01       		.uleb128 0x1
 326 0159 50       		.byte	0x50
 327 015a 01       		.uleb128 0x1
 328 015b 30       		.byte	0x30
 329 015c 0A       		.uleb128 0xa
 330 015d 01       		.uleb128 0x1
 331 015e 51       		.byte	0x51
 332 015f 01       		.uleb128 0x1
 333 0160 30       		.byte	0x30
 334 0161 00       		.byte	0
 335 0162 09       		.uleb128 0x9
 336 0163 38000000 		.4byte	.LVL10
 337 0167 CB020000 		.4byte	0x2cb
 338 016b 79010000 		.4byte	0x179
 339 016f 0A       		.uleb128 0xa
 340 0170 01       		.uleb128 0x1
 341 0171 50       		.byte	0x50
 342 0172 05       		.uleb128 0x5
 343 0173 03       		.byte	0x3
 344 0174 00000000 		.4byte	.LC0
 345 0178 00       		.byte	0
 346 0179 09       		.uleb128 0x9
 347 017a 40000000 		.4byte	.LVL11
 348 017e C0020000 		.4byte	0x2c0
 349 0182 91010000 		.4byte	0x191
 350 0186 0A       		.uleb128 0xa
 351 0187 01       		.uleb128 0x1
 352 0188 50       		.byte	0x50
 353 0189 01       		.uleb128 0x1
ARM GAS  C:\Users\adria\AppData\Local\Temp\ccnFiIhF.s 			page 8


 354 018a 31       		.byte	0x31
 355 018b 0A       		.uleb128 0xa
 356 018c 01       		.uleb128 0x1
 357 018d 51       		.byte	0x51
 358 018e 01       		.uleb128 0x1
 359 018f 30       		.byte	0x30
 360 0190 00       		.byte	0
 361 0191 09       		.uleb128 0x9
 362 0192 46000000 		.4byte	.LVL12
 363 0196 D6020000 		.4byte	0x2d6
 364 019a A5010000 		.4byte	0x1a5
 365 019e 0A       		.uleb128 0xa
 366 019f 01       		.uleb128 0x1
 367 01a0 50       		.byte	0x50
 368 01a1 02       		.uleb128 0x2
 369 01a2 75       		.byte	0x75
 370 01a3 00       		.sleb128 0
 371 01a4 00       		.byte	0
 372 01a5 09       		.uleb128 0x9
 373 01a6 50000000 		.4byte	.LVL13
 374 01aa E1020000 		.4byte	0x2e1
 375 01ae C8010000 		.4byte	0x1c8
 376 01b2 0A       		.uleb128 0xa
 377 01b3 01       		.uleb128 0x1
 378 01b4 50       		.byte	0x50
 379 01b5 02       		.uleb128 0x2
 380 01b6 7D       		.byte	0x7d
 381 01b7 00       		.sleb128 0
 382 01b8 0A       		.uleb128 0xa
 383 01b9 01       		.uleb128 0x1
 384 01ba 51       		.byte	0x51
 385 01bb 05       		.uleb128 0x5
 386 01bc 03       		.byte	0x3
 387 01bd 0C000000 		.4byte	.LC1
 388 01c1 0A       		.uleb128 0xa
 389 01c2 01       		.uleb128 0x1
 390 01c3 52       		.byte	0x52
 391 01c4 02       		.uleb128 0x2
 392 01c5 75       		.byte	0x75
 393 01c6 00       		.sleb128 0
 394 01c7 00       		.byte	0
 395 01c8 09       		.uleb128 0x9
 396 01c9 56000000 		.4byte	.LVL14
 397 01cd EC020000 		.4byte	0x2ec
 398 01d1 DC010000 		.4byte	0x1dc
 399 01d5 0A       		.uleb128 0xa
 400 01d6 01       		.uleb128 0x1
 401 01d7 50       		.byte	0x50
 402 01d8 02       		.uleb128 0x2
 403 01d9 7D       		.byte	0x7d
 404 01da 00       		.sleb128 0
 405 01db 00       		.byte	0
 406 01dc 08       		.uleb128 0x8
 407 01dd 5C000000 		.4byte	.LVL15
 408 01e1 F7020000 		.4byte	0x2f7
 409 01e5 09       		.uleb128 0x9
 410 01e6 64000000 		.4byte	.LVL16
ARM GAS  C:\Users\adria\AppData\Local\Temp\ccnFiIhF.s 			page 9


 411 01ea C0020000 		.4byte	0x2c0
 412 01ee FD010000 		.4byte	0x1fd
 413 01f2 0A       		.uleb128 0xa
 414 01f3 01       		.uleb128 0x1
 415 01f4 50       		.byte	0x50
 416 01f5 01       		.uleb128 0x1
 417 01f6 30       		.byte	0x30
 418 01f7 0A       		.uleb128 0xa
 419 01f8 01       		.uleb128 0x1
 420 01f9 51       		.byte	0x51
 421 01fa 01       		.uleb128 0x1
 422 01fb 30       		.byte	0x30
 423 01fc 00       		.byte	0
 424 01fd 09       		.uleb128 0x9
 425 01fe 6A000000 		.4byte	.LVL17
 426 0202 CB020000 		.4byte	0x2cb
 427 0206 14020000 		.4byte	0x214
 428 020a 0A       		.uleb128 0xa
 429 020b 01       		.uleb128 0x1
 430 020c 50       		.byte	0x50
 431 020d 05       		.uleb128 0x5
 432 020e 03       		.byte	0x3
 433 020f 14000000 		.4byte	.LC2
 434 0213 00       		.byte	0
 435 0214 09       		.uleb128 0x9
 436 0215 72000000 		.4byte	.LVL18
 437 0219 C0020000 		.4byte	0x2c0
 438 021d 2C020000 		.4byte	0x22c
 439 0221 0A       		.uleb128 0xa
 440 0222 01       		.uleb128 0x1
 441 0223 50       		.byte	0x50
 442 0224 01       		.uleb128 0x1
 443 0225 31       		.byte	0x31
 444 0226 0A       		.uleb128 0xa
 445 0227 01       		.uleb128 0x1
 446 0228 51       		.byte	0x51
 447 0229 01       		.uleb128 0x1
 448 022a 30       		.byte	0x30
 449 022b 00       		.byte	0
 450 022c 09       		.uleb128 0x9
 451 022d 78000000 		.4byte	.LVL19
 452 0231 02030000 		.4byte	0x302
 453 0235 40020000 		.4byte	0x240
 454 0239 0A       		.uleb128 0xa
 455 023a 01       		.uleb128 0x1
 456 023b 50       		.byte	0x50
 457 023c 02       		.uleb128 0x2
 458 023d 74       		.byte	0x74
 459 023e 00       		.sleb128 0
 460 023f 00       		.byte	0
 461 0240 0B       		.uleb128 0xb
 462 0241 80000000 		.4byte	.LVL20
 463 0245 9F020000 		.4byte	0x29f
 464 0249 0A       		.uleb128 0xa
 465 024a 01       		.uleb128 0x1
 466 024b 50       		.byte	0x50
 467 024c 03       		.uleb128 0x3
ARM GAS  C:\Users\adria\AppData\Local\Temp\ccnFiIhF.s 			page 10


 468 024d 0A       		.byte	0xa
 469 024e B80B     		.2byte	0xbb8
 470 0250 00       		.byte	0
 471 0251 00       		.byte	0
 472 0252 0C       		.uleb128 0xc
 473 0253 A5000000 		.4byte	0xa5
 474 0257 62020000 		.4byte	0x262
 475 025b 0D       		.uleb128 0xd
 476 025c B3000000 		.4byte	0xb3
 477 0260 0F       		.byte	0xf
 478 0261 00       		.byte	0
 479 0262 0E       		.uleb128 0xe
 480 0263 5F010000 		.4byte	.LASF38
 481 0267 0A       		.byte	0xa
 482 0268 1207     		.2byte	0x712
 483 026a 6E020000 		.4byte	0x26e
 484 026e 0F       		.uleb128 0xf
 485 026f 8C000000 		.4byte	0x8c
 486 0273 10       		.uleb128 0x10
 487 0274 46010000 		.4byte	.LASF20
 488 0278 46010000 		.4byte	.LASF20
 489 027c 04       		.byte	0x4
 490 027d 54       		.byte	0x54
 491 027e 10       		.uleb128 0x10
 492 027f 0D020000 		.4byte	.LASF21
 493 0283 0D020000 		.4byte	.LASF21
 494 0287 04       		.byte	0x4
 495 0288 8F       		.byte	0x8f
 496 0289 10       		.uleb128 0x10
 497 028a 76000000 		.4byte	.LASF22
 498 028e 76000000 		.4byte	.LASF22
 499 0292 05       		.byte	0x5
 500 0293 09       		.byte	0x9
 501 0294 10       		.uleb128 0x10
 502 0295 65000000 		.4byte	.LASF23
 503 0299 65000000 		.4byte	.LASF23
 504 029d 06       		.byte	0x6
 505 029e 4D       		.byte	0x4d
 506 029f 10       		.uleb128 0x10
 507 02a0 71020000 		.4byte	.LASF24
 508 02a4 71020000 		.4byte	.LASF24
 509 02a8 07       		.byte	0x7
 510 02a9 76       		.byte	0x76
 511 02aa 10       		.uleb128 0x10
 512 02ab FA010000 		.4byte	.LASF25
 513 02af FA010000 		.4byte	.LASF25
 514 02b3 08       		.byte	0x8
 515 02b4 19       		.byte	0x19
 516 02b5 10       		.uleb128 0x10
 517 02b6 D5010000 		.4byte	.LASF26
 518 02ba D5010000 		.4byte	.LASF26
 519 02be 08       		.byte	0x8
 520 02bf 1B       		.byte	0x1b
 521 02c0 10       		.uleb128 0x10
 522 02c1 B7010000 		.4byte	.LASF27
 523 02c5 B7010000 		.4byte	.LASF27
 524 02c9 05       		.byte	0x5
ARM GAS  C:\Users\adria\AppData\Local\Temp\ccnFiIhF.s 			page 11


 525 02ca 0B       		.byte	0xb
 526 02cb 10       		.uleb128 0x10
 527 02cc 83010000 		.4byte	.LASF28
 528 02d0 83010000 		.4byte	.LASF28
 529 02d4 05       		.byte	0x5
 530 02d5 11       		.byte	0x11
 531 02d6 10       		.uleb128 0x10
 532 02d7 59020000 		.4byte	.LASF29
 533 02db 59020000 		.4byte	.LASF29
 534 02df 05       		.byte	0x5
 535 02e0 10       		.byte	0x10
 536 02e1 10       		.uleb128 0x10
 537 02e2 69020000 		.4byte	.LASF30
 538 02e6 69020000 		.4byte	.LASF30
 539 02ea 09       		.byte	0x9
 540 02eb E7       		.byte	0xe7
 541 02ec 10       		.uleb128 0x10
 542 02ed 4A020000 		.4byte	.LASF31
 543 02f1 4A020000 		.4byte	.LASF31
 544 02f5 04       		.byte	0x4
 545 02f6 8B       		.byte	0x8b
 546 02f7 10       		.uleb128 0x10
 547 02f8 4A000000 		.4byte	.LASF32
 548 02fc 4A000000 		.4byte	.LASF32
 549 0300 05       		.byte	0x5
 550 0301 0A       		.byte	0xa
 551 0302 10       		.uleb128 0x10
 552 0303 51010000 		.4byte	.LASF33
 553 0307 51010000 		.4byte	.LASF33
 554 030b 05       		.byte	0x5
 555 030c 0D       		.byte	0xd
 556 030d 00       		.byte	0
 557              		.section	.debug_abbrev,"",%progbits
 558              	.Ldebug_abbrev0:
 559 0000 01       		.uleb128 0x1
 560 0001 11       		.uleb128 0x11
 561 0002 01       		.byte	0x1
 562 0003 25       		.uleb128 0x25
 563 0004 0E       		.uleb128 0xe
 564 0005 13       		.uleb128 0x13
 565 0006 0B       		.uleb128 0xb
 566 0007 03       		.uleb128 0x3
 567 0008 0E       		.uleb128 0xe
 568 0009 1B       		.uleb128 0x1b
 569 000a 0E       		.uleb128 0xe
 570 000b 55       		.uleb128 0x55
 571 000c 17       		.uleb128 0x17
 572 000d 11       		.uleb128 0x11
 573 000e 01       		.uleb128 0x1
 574 000f 10       		.uleb128 0x10
 575 0010 17       		.uleb128 0x17
 576 0011 00       		.byte	0
 577 0012 00       		.byte	0
 578 0013 02       		.uleb128 0x2
 579 0014 24       		.uleb128 0x24
 580 0015 00       		.byte	0
 581 0016 0B       		.uleb128 0xb
ARM GAS  C:\Users\adria\AppData\Local\Temp\ccnFiIhF.s 			page 12


 582 0017 0B       		.uleb128 0xb
 583 0018 3E       		.uleb128 0x3e
 584 0019 0B       		.uleb128 0xb
 585 001a 03       		.uleb128 0x3
 586 001b 0E       		.uleb128 0xe
 587 001c 00       		.byte	0
 588 001d 00       		.byte	0
 589 001e 03       		.uleb128 0x3
 590 001f 16       		.uleb128 0x16
 591 0020 00       		.byte	0
 592 0021 03       		.uleb128 0x3
 593 0022 0E       		.uleb128 0xe
 594 0023 3A       		.uleb128 0x3a
 595 0024 0B       		.uleb128 0xb
 596 0025 3B       		.uleb128 0x3b
 597 0026 0B       		.uleb128 0xb
 598 0027 49       		.uleb128 0x49
 599 0028 13       		.uleb128 0x13
 600 0029 00       		.byte	0
 601 002a 00       		.byte	0
 602 002b 04       		.uleb128 0x4
 603 002c 24       		.uleb128 0x24
 604 002d 00       		.byte	0
 605 002e 0B       		.uleb128 0xb
 606 002f 0B       		.uleb128 0xb
 607 0030 3E       		.uleb128 0x3e
 608 0031 0B       		.uleb128 0xb
 609 0032 03       		.uleb128 0x3
 610 0033 08       		.uleb128 0x8
 611 0034 00       		.byte	0
 612 0035 00       		.byte	0
 613 0036 05       		.uleb128 0x5
 614 0037 2E       		.uleb128 0x2e
 615 0038 01       		.byte	0x1
 616 0039 3F       		.uleb128 0x3f
 617 003a 19       		.uleb128 0x19
 618 003b 03       		.uleb128 0x3
 619 003c 0E       		.uleb128 0xe
 620 003d 3A       		.uleb128 0x3a
 621 003e 0B       		.uleb128 0xb
 622 003f 3B       		.uleb128 0x3b
 623 0040 0B       		.uleb128 0xb
 624 0041 27       		.uleb128 0x27
 625 0042 19       		.uleb128 0x19
 626 0043 49       		.uleb128 0x49
 627 0044 13       		.uleb128 0x13
 628 0045 8701     		.uleb128 0x87
 629 0047 19       		.uleb128 0x19
 630 0048 11       		.uleb128 0x11
 631 0049 01       		.uleb128 0x1
 632 004a 12       		.uleb128 0x12
 633 004b 06       		.uleb128 0x6
 634 004c 40       		.uleb128 0x40
 635 004d 18       		.uleb128 0x18
 636 004e 9742     		.uleb128 0x2117
 637 0050 19       		.uleb128 0x19
 638 0051 01       		.uleb128 0x1
ARM GAS  C:\Users\adria\AppData\Local\Temp\ccnFiIhF.s 			page 13


 639 0052 13       		.uleb128 0x13
 640 0053 00       		.byte	0
 641 0054 00       		.byte	0
 642 0055 06       		.uleb128 0x6
 643 0056 34       		.uleb128 0x34
 644 0057 00       		.byte	0
 645 0058 03       		.uleb128 0x3
 646 0059 0E       		.uleb128 0xe
 647 005a 3A       		.uleb128 0x3a
 648 005b 0B       		.uleb128 0xb
 649 005c 3B       		.uleb128 0x3b
 650 005d 0B       		.uleb128 0xb
 651 005e 49       		.uleb128 0x49
 652 005f 13       		.uleb128 0x13
 653 0060 02       		.uleb128 0x2
 654 0061 18       		.uleb128 0x18
 655 0062 00       		.byte	0
 656 0063 00       		.byte	0
 657 0064 07       		.uleb128 0x7
 658 0065 34       		.uleb128 0x34
 659 0066 00       		.byte	0
 660 0067 03       		.uleb128 0x3
 661 0068 08       		.uleb128 0x8
 662 0069 3A       		.uleb128 0x3a
 663 006a 0B       		.uleb128 0xb
 664 006b 3B       		.uleb128 0x3b
 665 006c 0B       		.uleb128 0xb
 666 006d 49       		.uleb128 0x49
 667 006e 13       		.uleb128 0x13
 668 006f 02       		.uleb128 0x2
 669 0070 18       		.uleb128 0x18
 670 0071 00       		.byte	0
 671 0072 00       		.byte	0
 672 0073 08       		.uleb128 0x8
 673 0074 898201   		.uleb128 0x4109
 674 0077 00       		.byte	0
 675 0078 11       		.uleb128 0x11
 676 0079 01       		.uleb128 0x1
 677 007a 31       		.uleb128 0x31
 678 007b 13       		.uleb128 0x13
 679 007c 00       		.byte	0
 680 007d 00       		.byte	0
 681 007e 09       		.uleb128 0x9
 682 007f 898201   		.uleb128 0x4109
 683 0082 01       		.byte	0x1
 684 0083 11       		.uleb128 0x11
 685 0084 01       		.uleb128 0x1
 686 0085 31       		.uleb128 0x31
 687 0086 13       		.uleb128 0x13
 688 0087 01       		.uleb128 0x1
 689 0088 13       		.uleb128 0x13
 690 0089 00       		.byte	0
 691 008a 00       		.byte	0
 692 008b 0A       		.uleb128 0xa
 693 008c 8A8201   		.uleb128 0x410a
 694 008f 00       		.byte	0
 695 0090 02       		.uleb128 0x2
ARM GAS  C:\Users\adria\AppData\Local\Temp\ccnFiIhF.s 			page 14


 696 0091 18       		.uleb128 0x18
 697 0092 9142     		.uleb128 0x2111
 698 0094 18       		.uleb128 0x18
 699 0095 00       		.byte	0
 700 0096 00       		.byte	0
 701 0097 0B       		.uleb128 0xb
 702 0098 898201   		.uleb128 0x4109
 703 009b 01       		.byte	0x1
 704 009c 11       		.uleb128 0x11
 705 009d 01       		.uleb128 0x1
 706 009e 31       		.uleb128 0x31
 707 009f 13       		.uleb128 0x13
 708 00a0 00       		.byte	0
 709 00a1 00       		.byte	0
 710 00a2 0C       		.uleb128 0xc
 711 00a3 01       		.uleb128 0x1
 712 00a4 01       		.byte	0x1
 713 00a5 49       		.uleb128 0x49
 714 00a6 13       		.uleb128 0x13
 715 00a7 01       		.uleb128 0x1
 716 00a8 13       		.uleb128 0x13
 717 00a9 00       		.byte	0
 718 00aa 00       		.byte	0
 719 00ab 0D       		.uleb128 0xd
 720 00ac 21       		.uleb128 0x21
 721 00ad 00       		.byte	0
 722 00ae 49       		.uleb128 0x49
 723 00af 13       		.uleb128 0x13
 724 00b0 2F       		.uleb128 0x2f
 725 00b1 0B       		.uleb128 0xb
 726 00b2 00       		.byte	0
 727 00b3 00       		.byte	0
 728 00b4 0E       		.uleb128 0xe
 729 00b5 34       		.uleb128 0x34
 730 00b6 00       		.byte	0
 731 00b7 03       		.uleb128 0x3
 732 00b8 0E       		.uleb128 0xe
 733 00b9 3A       		.uleb128 0x3a
 734 00ba 0B       		.uleb128 0xb
 735 00bb 3B       		.uleb128 0x3b
 736 00bc 05       		.uleb128 0x5
 737 00bd 49       		.uleb128 0x49
 738 00be 13       		.uleb128 0x13
 739 00bf 3F       		.uleb128 0x3f
 740 00c0 19       		.uleb128 0x19
 741 00c1 3C       		.uleb128 0x3c
 742 00c2 19       		.uleb128 0x19
 743 00c3 00       		.byte	0
 744 00c4 00       		.byte	0
 745 00c5 0F       		.uleb128 0xf
 746 00c6 35       		.uleb128 0x35
 747 00c7 00       		.byte	0
 748 00c8 49       		.uleb128 0x49
 749 00c9 13       		.uleb128 0x13
 750 00ca 00       		.byte	0
 751 00cb 00       		.byte	0
 752 00cc 10       		.uleb128 0x10
ARM GAS  C:\Users\adria\AppData\Local\Temp\ccnFiIhF.s 			page 15


 753 00cd 2E       		.uleb128 0x2e
 754 00ce 00       		.byte	0
 755 00cf 3F       		.uleb128 0x3f
 756 00d0 19       		.uleb128 0x19
 757 00d1 3C       		.uleb128 0x3c
 758 00d2 19       		.uleb128 0x19
 759 00d3 6E       		.uleb128 0x6e
 760 00d4 0E       		.uleb128 0xe
 761 00d5 03       		.uleb128 0x3
 762 00d6 0E       		.uleb128 0xe
 763 00d7 3A       		.uleb128 0x3a
 764 00d8 0B       		.uleb128 0xb
 765 00d9 3B       		.uleb128 0x3b
 766 00da 0B       		.uleb128 0xb
 767 00db 00       		.byte	0
 768 00dc 00       		.byte	0
 769 00dd 00       		.byte	0
 770              		.section	.debug_aranges,"",%progbits
 771 0000 1C000000 		.4byte	0x1c
 772 0004 0200     		.2byte	0x2
 773 0006 00000000 		.4byte	.Ldebug_info0
 774 000a 04       		.byte	0x4
 775 000b 00       		.byte	0
 776 000c 0000     		.2byte	0
 777 000e 0000     		.2byte	0
 778 0010 00000000 		.4byte	.LFB64
 779 0014 90000000 		.4byte	.LFE64-.LFB64
 780 0018 00000000 		.4byte	0
 781 001c 00000000 		.4byte	0
 782              		.section	.debug_ranges,"",%progbits
 783              	.Ldebug_ranges0:
 784 0000 00000000 		.4byte	.LFB64
 785 0004 90000000 		.4byte	.LFE64
 786 0008 00000000 		.4byte	0
 787 000c 00000000 		.4byte	0
 788              		.section	.debug_line,"",%progbits
 789              	.Ldebug_line0:
 790 0000 43020000 		.section	.debug_str,"MS",%progbits,1
 790      02001902 
 790      00000201 
 790      FB0E0D00 
 790      01010101 
 791              	.LASF36:
 792 0000 433A5C55 		.ascii	"C:\\Users\\adria\\OneDrive\\Documents\\PSoC Creator"
 792      73657273 
 792      5C616472 
 792      69615C4F 
 792      6E654472 
 793 002e 5C50524F 		.ascii	"\\PROYECTO_IOT\\MAX6675.cydsn\000"
 793      59454354 
 793      4F5F494F 
 793      545C4D41 
 793      58363637 
 794              	.LASF32:
 795 004a 4C43445F 		.ascii	"LCD_ClearDisplay\000"
 795      436C6561 
 795      72446973 
ARM GAS  C:\Users\adria\AppData\Local\Temp\ccnFiIhF.s 			page 16


 795      706C6179 
 795      00
 796              	.LASF5:
 797 005b 5F5F696E 		.ascii	"__int32_t\000"
 797      7433325F 
 797      7400
 798              	.LASF23:
 799 0065 5350494D 		.ascii	"SPIM_Start\000"
 799      5F537461 
 799      727400
 800              	.LASF13:
 801 0070 666C6F61 		.ascii	"float\000"
 801      7400
 802              	.LASF22:
 803 0076 4C43445F 		.ascii	"LCD_Start\000"
 803      53746172 
 803      7400
 804              	.LASF1:
 805 0080 756E7369 		.ascii	"unsigned char\000"
 805      676E6564 
 805      20636861 
 805      7200
 806              	.LASF34:
 807 008e 474E5520 		.ascii	"GNU C11 5.4.1 20160609 (release) [ARM/embedded-5-br"
 807      43313120 
 807      352E342E 
 807      31203230 
 807      31363036 
 808 00c1 616E6368 		.ascii	"anch revision 237715] -mcpu=cortex-m3 -mthumb -g -O"
 808      20726576 
 808      6973696F 
 808      6E203233 
 808      37373135 
 809 00f4 67202D66 		.ascii	"g -ffunction-sections -ffat-lto-objects\000"
 809      66756E63 
 809      74696F6E 
 809      2D736563 
 809      74696F6E 
 810              	.LASF7:
 811 011c 6C6F6E67 		.ascii	"long unsigned int\000"
 811      20756E73 
 811      69676E65 
 811      6420696E 
 811      7400
 812              	.LASF18:
 813 012e 74656D70 		.ascii	"temp\000"
 813      00
 814              	.LASF3:
 815 0133 73686F72 		.ascii	"short unsigned int\000"
 815      7420756E 
 815      7369676E 
 815      65642069 
 815      6E7400
 816              	.LASF20:
 817 0146 55415254 		.ascii	"UART_Start\000"
 817      5F537461 
 817      727400
ARM GAS  C:\Users\adria\AppData\Local\Temp\ccnFiIhF.s 			page 17


 818              	.LASF33:
 819 0151 4C43445F 		.ascii	"LCD_PrintHex8\000"
 819      5072696E 
 819      74486578 
 819      3800
 820              	.LASF38:
 821 015f 49544D5F 		.ascii	"ITM_RxBuffer\000"
 821      52784275 
 821      66666572 
 821      00
 822              	.LASF4:
 823 016c 5F5F7569 		.ascii	"__uint16_t\000"
 823      6E743136 
 823      5F7400
 824              	.LASF14:
 825 0177 646F7562 		.ascii	"double\000"
 825      6C6500
 826              	.LASF37:
 827 017e 6D61696E 		.ascii	"main\000"
 827      00
 828              	.LASF28:
 829 0183 4C43445F 		.ascii	"LCD_PrintString\000"
 829      5072696E 
 829      74537472 
 829      696E6700 
 830              	.LASF10:
 831 0193 756E7369 		.ascii	"unsigned int\000"
 831      676E6564 
 831      20696E74 
 831      00
 832              	.LASF9:
 833 01a0 6C6F6E67 		.ascii	"long long unsigned int\000"
 833      206C6F6E 
 833      6720756E 
 833      7369676E 
 833      65642069 
 834              	.LASF27:
 835 01b7 4C43445F 		.ascii	"LCD_Position\000"
 835      506F7369 
 835      74696F6E 
 835      00
 836              	.LASF12:
 837 01c4 696E7433 		.ascii	"int32_t\000"
 837      325F7400 
 838              	.LASF17:
 839 01cc 73697A65 		.ascii	"sizetype\000"
 839      74797065 
 839      00
 840              	.LASF26:
 841 01d5 73656E73 		.ascii	"sens\000"
 841      00
 842              	.LASF19:
 843 01da 6572726F 		.ascii	"error\000"
 843      7200
 844              	.LASF8:
 845 01e0 6C6F6E67 		.ascii	"long long int\000"
 845      206C6F6E 
ARM GAS  C:\Users\adria\AppData\Local\Temp\ccnFiIhF.s 			page 18


 845      6720696E 
 845      7400
 846              	.LASF35:
 847 01ee 6D61696E 		.ascii	"main.c\000"
 847      2E6300
 848              	.LASF15:
 849 01f5 63686172 		.ascii	"char\000"
 849      00
 850              	.LASF25:
 851 01fa 4D41585F 		.ascii	"MAX_INIT\000"
 851      494E4954 
 851      00
 852              	.LASF2:
 853 0203 73686F72 		.ascii	"short int\000"
 853      7420696E 
 853      7400
 854              	.LASF21:
 855 020d 55415254 		.ascii	"UART_ClearTxBuffer\000"
 855      5F436C65 
 855      61725478 
 855      42756666 
 855      657200
 856              	.LASF11:
 857 0220 75696E74 		.ascii	"uint16_t\000"
 857      31365F74 
 857      00
 858              	.LASF6:
 859 0229 6C6F6E67 		.ascii	"long int\000"
 859      20696E74 
 859      00
 860              	.LASF16:
 861 0232 6C6F6E67 		.ascii	"long double\000"
 861      20646F75 
 861      626C6500 
 862              	.LASF0:
 863 023e 7369676E 		.ascii	"signed char\000"
 863      65642063 
 863      68617200 
 864              	.LASF31:
 865 024a 55415254 		.ascii	"UART_PutString\000"
 865      5F507574 
 865      53747269 
 865      6E6700
 866              	.LASF29:
 867 0259 4C43445F 		.ascii	"LCD_PrintNumber\000"
 867      5072696E 
 867      744E756D 
 867      62657200 
 868              	.LASF30:
 869 0269 73707269 		.ascii	"sprintf\000"
 869      6E746600 
 870              	.LASF24:
 871 0271 43794465 		.ascii	"CyDelay\000"
 871      6C617900 
 872              		.ident	"GCC: (GNU Tools for ARM Embedded Processors) 5.4.1 20160609 (release) [ARM/embedded-5-bran
