ARM GAS  C:\Users\adria\AppData\Local\Temp\ccXtyvYV.s 			page 1


   1              		.syntax unified
   2              		.cpu cortex-m3
   3              		.fpu softvfp
   4              		.eabi_attribute 20, 1
   5              		.eabi_attribute 21, 1
   6              		.eabi_attribute 23, 3
   7              		.eabi_attribute 24, 1
   8              		.eabi_attribute 25, 1
   9              		.eabi_attribute 26, 1
  10              		.eabi_attribute 30, 1
  11              		.eabi_attribute 34, 1
  12              		.eabi_attribute 18, 4
  13              		.thumb
  14              		.syntax unified
  15              		.file	"max6675.c"
  16              		.text
  17              	.Ltext0:
  18              		.cfi_sections	.debug_frame
  19              		.section	.text.MAX_INIT,"ax",%progbits
  20              		.align	2
  21              		.global	MAX_INIT
  22              		.thumb
  23              		.thumb_func
  24              		.type	MAX_INIT, %function
  25              	MAX_INIT:
  26              	.LFB63:
  27              		.file 1 "max6675.c"
   1:max6675.c     **** #include "max6675.h"
   2:max6675.c     **** #include "D:\GITHUB\Librerias_PSOC\Libreria_PSOC\LIB_psoc.h"
   3:max6675.c     **** 
   4:max6675.c     **** uint8_t MAX_INIT(void){
  28              		.loc 1 4 0
  29              		.cfi_startproc
  30              		@ args = 0, pretend = 0, frame = 0
  31              		@ frame_needed = 0, uses_anonymous_args = 0
  32 0000 08B5     		push	{r3, lr}
  33              		.cfi_def_cfa_offset 8
  34              		.cfi_offset 3, -8
  35              		.cfi_offset 14, -4
  36              	.LVL0:
   5:max6675.c     ****     char ERROR=OK;// Si cero al final todo está bien
   6:max6675.c     ****     uint16_t bit[3] = {0x0000,0x0000,0x0000},word=0x0000;//Lectura recuperada del sensor
   7:max6675.c     ****     //Variable temporal de lectura
   8:max6675.c     ****     
   9:max6675.c     ****     //Por comunicacion ISP
  10:max6675.c     ****     SPIM_ClearRxBuffer();
  37              		.loc 1 10 0
  38 0002 FFF7FEFF 		bl	SPIM_ClearRxBuffer
  39              	.LVL1:
  11:max6675.c     ****     
  12:max6675.c     ****     //CS_Write(0x00);//De 1 --> 0 COMENZAMOS COMUNICACION
  13:max6675.c     ****     //CyDelay(1);
  14:max6675.c     ****     word = SPIM_ReadRxData();
  40              		.loc 1 14 0
  41 0006 FFF7FEFF 		bl	SPIM_ReadRxData
  42              	.LVL2:
  15:max6675.c     ****     
ARM GAS  C:\Users\adria\AppData\Local\Temp\ccXtyvYV.s 			page 2


  16:max6675.c     ****     //Separamos los bits Dummy,Th_input,ID
  17:max6675.c     ****     bit[0] = (word & DUMMY) >> 14;
  43              		.loc 1 17 0
  44 000a 8313     		asrs	r3, r0, #14
  45 000c 03F00203 		and	r3, r3, #2
  46 0010 9BB2     		uxth	r3, r3
  18:max6675.c     ****     bit[1] = (word & Th_input) >> 2;
  47              		.loc 1 18 0
  48 0012 C0F38001 		ubfx	r1, r0, #2, #1
  19:max6675.c     ****     bit[2] = (word & ID) >> 1;
  49              		.loc 1 19 0
  50 0016 C0F34002 		ubfx	r2, r0, #1, #1
  20:max6675.c     ****     
  21:max6675.c     ****     //EVALUAMOS
  22:max6675.c     ****     if(bit[0] == 0){//Error en el Dummy signed??
  51              		.loc 1 22 0
  52 001a 03B1     		cbz	r3, .L2
  23:max6675.c     ****         ERROR = OK;
  24:max6675.c     ****     }else{
  25:max6675.c     ****         ERROR |= dummy;
  53              		.loc 1 25 0
  54 001c 0123     		movs	r3, #1
  55              	.L2:
  56              	.LVL3:
  26:max6675.c     ****     }
  27:max6675.c     ****     
  28:max6675.c     ****     if(bit[1] == 0){//Hay o no cupla conectada?
  57              		.loc 1 28 0
  58 001e 19B1     		cbz	r1, .L6
  29:max6675.c     ****         ERROR = OK;
  30:max6675.c     ****     }else{
  31:max6675.c     ****         ERROR |= Cupla;
  59              		.loc 1 31 0
  60 0020 43F00200 		orr	r0, r3, #2
  61              	.LVL4:
  62 0024 C0B2     		uxtb	r0, r0
  63              	.LVL5:
  64 0026 00E0     		b	.L3
  65              	.LVL6:
  66              	.L6:
  29:max6675.c     ****         ERROR = OK;
  67              		.loc 1 29 0
  68 0028 0020     		movs	r0, #0
  69              	.LVL7:
  70              	.L3:
  32:max6675.c     ****     }
  33:max6675.c     ****     
  34:max6675.c     ****     if(bit[2] == 0){//Id correcto?
  71              		.loc 1 34 0
  72 002a 12B1     		cbz	r2, .L7
  35:max6675.c     ****         ERROR = OK;
  36:max6675.c     ****     }else{
  37:max6675.c     ****         ERROR |= id;
  73              		.loc 1 37 0
  74 002c 40F00400 		orr	r0, r0, #4
  75              	.LVL8:
  76 0030 08BD     		pop	{r3, pc}
ARM GAS  C:\Users\adria\AppData\Local\Temp\ccXtyvYV.s 			page 3


  77              	.L7:
  35:max6675.c     ****         ERROR = OK;
  78              		.loc 1 35 0
  79 0032 0020     		movs	r0, #0
  80              	.LVL9:
  38:max6675.c     ****     }
  39:max6675.c     ****     
  40:max6675.c     ****     //CS_Write(0x01);//De 0 --> 1 //Acabamos lectura
  41:max6675.c     ****     return ERROR;
  42:max6675.c     **** }
  81              		.loc 1 42 0
  82 0034 08BD     		pop	{r3, pc}
  83              		.cfi_endproc
  84              	.LFE63:
  85              		.size	MAX_INIT, .-MAX_INIT
  86 0036 00BF     		.section	.text.sens,"ax",%progbits
  87              		.align	2
  88              		.global	sens
  89              		.thumb
  90              		.thumb_func
  91              		.type	sens, %function
  92              	sens:
  93              	.LFB64:
  43:max6675.c     **** 
  44:max6675.c     **** //Captura de temperatura
  45:max6675.c     **** uint16_t sens(void){
  94              		.loc 1 45 0
  95              		.cfi_startproc
  96              		@ args = 0, pretend = 0, frame = 0
  97              		@ frame_needed = 0, uses_anonymous_args = 0
  98 0000 00B5     		push	{lr}
  99              		.cfi_def_cfa_offset 4
 100              		.cfi_offset 14, -4
 101 0002 83B0     		sub	sp, sp, #12
 102              		.cfi_def_cfa_offset 16
 103              	.LVL10:
  46:max6675.c     ****     uint16_t temp=0x0000,word=0x0000;//Lectura recuperada del sensor
  47:max6675.c     ****     //Variable temporal de lectura
  48:max6675.c     ****     
  49:max6675.c     ****     uint8_t error = MAX_INIT();
 104              		.loc 1 49 0
 105 0004 FFF7FEFF 		bl	MAX_INIT
 106              	.LVL11:
  50:max6675.c     ****     if(error){//Si hay algun error no se ejecuta la lectura
 107              		.loc 1 50 0
 108 0008 80B1     		cbz	r0, .L11
  51:max6675.c     ****         SPIM_ClearRxBuffer();
 109              		.loc 1 51 0
 110 000a FFF7FEFF 		bl	SPIM_ClearRxBuffer
 111              	.LVL12:
  52:max6675.c     ****     
  53:max6675.c     ****         //Por comunicacion ISP
  54:max6675.c     ****         //CS_Write(0x00);//De 1 --> 0 COMENZAMOS COMUNICACION
  55:max6675.c     ****         //CyDelay(1);
  56:max6675.c     ****         word = SPIM_ReadRxData();
 112              		.loc 1 56 0
 113 000e FFF7FEFF 		bl	SPIM_ReadRxData
ARM GAS  C:\Users\adria\AppData\Local\Temp\ccXtyvYV.s 			page 4


 114              	.LVL13:
  57:max6675.c     ****         
  58:max6675.c     ****         //Separamos los bits BIT14--BIT3
  59:max6675.c     ****         temp = (word & READING) >> 3;
  60:max6675.c     ****         temp = map(temp,0,4095,0,1023);
 115              		.loc 1 60 0
 116 0012 40F2FF33 		movw	r3, #1023
 117 0016 0093     		str	r3, [sp]
 118 0018 0023     		movs	r3, #0
 119 001a 40F6FF72 		movw	r2, #4095
 120 001e 1946     		mov	r1, r3
 121 0020 C0F3CB00 		ubfx	r0, r0, #3, #12
 122              	.LVL14:
 123 0024 FFF7FEFF 		bl	map
 124              	.LVL15:
 125 0028 80B2     		uxth	r0, r0
 126              	.LVL16:
 127 002a 00E0     		b	.L10
 128              	.LVL17:
 129              	.L11:
  46:max6675.c     ****     //Variable temporal de lectura
 130              		.loc 1 46 0
 131 002c 0020     		movs	r0, #0
 132              	.LVL18:
 133              	.L10:
  61:max6675.c     ****         
  62:max6675.c     ****         //CS_Write(0x01);//De 0 --> 1 //Acabamos lectura
  63:max6675.c     ****     }
  64:max6675.c     ****     return temp;
  65:max6675.c     **** }
 134              		.loc 1 65 0
 135 002e 03B0     		add	sp, sp, #12
 136              		.cfi_def_cfa_offset 4
 137              		@ sp needed
 138 0030 5DF804FB 		ldr	pc, [sp], #4
 139              		.cfi_endproc
 140              	.LFE64:
 141              		.size	sens, .-sens
 142              		.text
 143              	.Letext0:
 144              		.file 2 "c:\\program files (x86)\\cypress\\psoc creator\\4.4\\psoc creator\\import\\gnu\\arm\\5.4.
 145              		.file 3 "c:\\program files (x86)\\cypress\\psoc creator\\4.4\\psoc creator\\import\\gnu\\arm\\5.4.
 146              		.file 4 "Generated_Source\\PSoC5/SPIM.h"
 147              		.file 5 "Generated_Source\\PSoC5/core_cm3.h"
 148              		.file 6 "D:\\GITHUB\\Librerias_PSOC\\Libreria_PSOC\\LIB_psoc.h"
 149              		.section	.debug_info,"",%progbits
 150              	.Ldebug_info0:
 151 0000 E9010000 		.4byte	0x1e9
 152 0004 0400     		.2byte	0x4
 153 0006 00000000 		.4byte	.Ldebug_abbrev0
 154 000a 04       		.byte	0x4
 155 000b 01       		.uleb128 0x1
 156 000c 49000000 		.4byte	.LASF28
 157 0010 0C       		.byte	0xc
 158 0011 65010000 		.4byte	.LASF29
 159 0015 CF010000 		.4byte	.LASF30
 160 0019 00000000 		.4byte	.Ldebug_ranges0+0
ARM GAS  C:\Users\adria\AppData\Local\Temp\ccXtyvYV.s 			page 5


 161 001d 00000000 		.4byte	0
 162 0021 00000000 		.4byte	.Ldebug_line0
 163 0025 02       		.uleb128 0x2
 164 0026 01       		.byte	0x1
 165 0027 06       		.byte	0x6
 166 0028 C3010000 		.4byte	.LASF0
 167 002c 03       		.uleb128 0x3
 168 002d 05000000 		.4byte	.LASF3
 169 0031 02       		.byte	0x2
 170 0032 1D       		.byte	0x1d
 171 0033 37000000 		.4byte	0x37
 172 0037 02       		.uleb128 0x2
 173 0038 01       		.byte	0x1
 174 0039 08       		.byte	0x8
 175 003a 3B000000 		.4byte	.LASF1
 176 003e 02       		.uleb128 0x2
 177 003f 02       		.byte	0x2
 178 0040 05       		.byte	0x5
 179 0041 9E010000 		.4byte	.LASF2
 180 0045 03       		.uleb128 0x3
 181 0046 1E010000 		.4byte	.LASF4
 182 004a 02       		.byte	0x2
 183 004b 2B       		.byte	0x2b
 184 004c 50000000 		.4byte	0x50
 185 0050 02       		.uleb128 0x2
 186 0051 02       		.byte	0x2
 187 0052 07       		.byte	0x7
 188 0053 EE000000 		.4byte	.LASF5
 189 0057 03       		.uleb128 0x3
 190 0058 0F000000 		.4byte	.LASF6
 191 005c 02       		.byte	0x2
 192 005d 3F       		.byte	0x3f
 193 005e 62000000 		.4byte	0x62
 194 0062 02       		.uleb128 0x2
 195 0063 04       		.byte	0x4
 196 0064 05       		.byte	0x5
 197 0065 19000000 		.4byte	.LASF7
 198 0069 02       		.uleb128 0x2
 199 006a 04       		.byte	0x4
 200 006b 07       		.byte	0x7
 201 006c D7000000 		.4byte	.LASF8
 202 0070 02       		.uleb128 0x2
 203 0071 08       		.byte	0x8
 204 0072 05       		.byte	0x5
 205 0073 8B010000 		.4byte	.LASF9
 206 0077 02       		.uleb128 0x2
 207 0078 08       		.byte	0x8
 208 0079 07       		.byte	0x7
 209 007a 46010000 		.4byte	.LASF10
 210 007e 04       		.uleb128 0x4
 211 007f 04       		.byte	0x4
 212 0080 05       		.byte	0x5
 213 0081 696E7400 		.ascii	"int\000"
 214 0085 02       		.uleb128 0x2
 215 0086 04       		.byte	0x4
 216 0087 07       		.byte	0x7
 217 0088 39010000 		.4byte	.LASF11
ARM GAS  C:\Users\adria\AppData\Local\Temp\ccXtyvYV.s 			page 6


 218 008c 03       		.uleb128 0x3
 219 008d 5D010000 		.4byte	.LASF12
 220 0091 03       		.byte	0x3
 221 0092 18       		.byte	0x18
 222 0093 2C000000 		.4byte	0x2c
 223 0097 03       		.uleb128 0x3
 224 0098 A8010000 		.4byte	.LASF13
 225 009c 03       		.byte	0x3
 226 009d 24       		.byte	0x24
 227 009e 45000000 		.4byte	0x45
 228 00a2 03       		.uleb128 0x3
 229 00a3 6F010000 		.4byte	.LASF14
 230 00a7 03       		.byte	0x3
 231 00a8 2C       		.byte	0x2c
 232 00a9 57000000 		.4byte	0x57
 233 00ad 02       		.uleb128 0x2
 234 00ae 04       		.byte	0x4
 235 00af 04       		.byte	0x4
 236 00b0 22000000 		.4byte	.LASF15
 237 00b4 02       		.uleb128 0x2
 238 00b5 08       		.byte	0x8
 239 00b6 04       		.byte	0x4
 240 00b7 29010000 		.4byte	.LASF16
 241 00bb 02       		.uleb128 0x2
 242 00bc 01       		.byte	0x1
 243 00bd 08       		.byte	0x8
 244 00be 99010000 		.4byte	.LASF17
 245 00c2 02       		.uleb128 0x2
 246 00c3 08       		.byte	0x8
 247 00c4 04       		.byte	0x4
 248 00c5 B7010000 		.4byte	.LASF18
 249 00c9 02       		.uleb128 0x2
 250 00ca 04       		.byte	0x4
 251 00cb 07       		.byte	0x7
 252 00cc 77010000 		.4byte	.LASF19
 253 00d0 05       		.uleb128 0x5
 254 00d1 30010000 		.4byte	.LASF22
 255 00d5 01       		.byte	0x1
 256 00d6 04       		.byte	0x4
 257 00d7 8C000000 		.4byte	0x8c
 258 00db 00000000 		.4byte	.LFB63
 259 00df 36000000 		.4byte	.LFE63-.LFB63
 260 00e3 01       		.uleb128 0x1
 261 00e4 9C       		.byte	0x9c
 262 00e5 25010000 		.4byte	0x125
 263 00e9 06       		.uleb128 0x6
 264 00ea B1010000 		.4byte	.LASF20
 265 00ee 01       		.byte	0x1
 266 00ef 05       		.byte	0x5
 267 00f0 BB000000 		.4byte	0xbb
 268 00f4 00000000 		.4byte	.LLST0
 269 00f8 07       		.uleb128 0x7
 270 00f9 62697400 		.ascii	"bit\000"
 271 00fd 01       		.byte	0x1
 272 00fe 06       		.byte	0x6
 273 00ff 25010000 		.4byte	0x125
 274 0103 06       		.uleb128 0x6
ARM GAS  C:\Users\adria\AppData\Local\Temp\ccXtyvYV.s 			page 7


 275 0104 00000000 		.4byte	.LASF21
 276 0108 01       		.byte	0x1
 277 0109 06       		.byte	0x6
 278 010a 97000000 		.4byte	0x97
 279 010e 40000000 		.4byte	.LLST1
 280 0112 08       		.uleb128 0x8
 281 0113 06000000 		.4byte	.LVL1
 282 0117 CB010000 		.4byte	0x1cb
 283 011b 08       		.uleb128 0x8
 284 011c 0A000000 		.4byte	.LVL2
 285 0120 D6010000 		.4byte	0x1d6
 286 0124 00       		.byte	0
 287 0125 09       		.uleb128 0x9
 288 0126 97000000 		.4byte	0x97
 289 012a 35010000 		.4byte	0x135
 290 012e 0A       		.uleb128 0xa
 291 012f C9000000 		.4byte	0xc9
 292 0133 02       		.byte	0x2
 293 0134 00       		.byte	0
 294 0135 05       		.uleb128 0x5
 295 0136 80010000 		.4byte	.LASF23
 296 013a 01       		.byte	0x1
 297 013b 2D       		.byte	0x2d
 298 013c 97000000 		.4byte	0x97
 299 0140 00000000 		.4byte	.LFB64
 300 0144 34000000 		.4byte	.LFE64-.LFB64
 301 0148 01       		.uleb128 0x1
 302 0149 9C       		.byte	0x9c
 303 014a BA010000 		.4byte	0x1ba
 304 014e 06       		.uleb128 0x6
 305 014f E9000000 		.4byte	.LASF24
 306 0153 01       		.byte	0x1
 307 0154 2E       		.byte	0x2e
 308 0155 97000000 		.4byte	0x97
 309 0159 6A000000 		.4byte	.LLST2
 310 015d 06       		.uleb128 0x6
 311 015e 00000000 		.4byte	.LASF21
 312 0162 01       		.byte	0x1
 313 0163 2E       		.byte	0x2e
 314 0164 97000000 		.4byte	0x97
 315 0168 B3000000 		.4byte	.LLST3
 316 016c 06       		.uleb128 0x6
 317 016d 85010000 		.4byte	.LASF25
 318 0171 01       		.byte	0x1
 319 0172 31       		.byte	0x31
 320 0173 8C000000 		.4byte	0x8c
 321 0177 DE000000 		.4byte	.LLST4
 322 017b 08       		.uleb128 0x8
 323 017c 08000000 		.4byte	.LVL11
 324 0180 D0000000 		.4byte	0xd0
 325 0184 08       		.uleb128 0x8
 326 0185 0E000000 		.4byte	.LVL12
 327 0189 CB010000 		.4byte	0x1cb
 328 018d 08       		.uleb128 0x8
 329 018e 12000000 		.4byte	.LVL13
 330 0192 D6010000 		.4byte	0x1d6
 331 0196 0B       		.uleb128 0xb
ARM GAS  C:\Users\adria\AppData\Local\Temp\ccXtyvYV.s 			page 8


 332 0197 28000000 		.4byte	.LVL15
 333 019b E1010000 		.4byte	0x1e1
 334 019f 0C       		.uleb128 0xc
 335 01a0 01       		.uleb128 0x1
 336 01a1 51       		.byte	0x51
 337 01a2 01       		.uleb128 0x1
 338 01a3 30       		.byte	0x30
 339 01a4 0C       		.uleb128 0xc
 340 01a5 01       		.uleb128 0x1
 341 01a6 52       		.byte	0x52
 342 01a7 03       		.uleb128 0x3
 343 01a8 0A       		.byte	0xa
 344 01a9 FF0F     		.2byte	0xfff
 345 01ab 0C       		.uleb128 0xc
 346 01ac 01       		.uleb128 0x1
 347 01ad 53       		.byte	0x53
 348 01ae 01       		.uleb128 0x1
 349 01af 30       		.byte	0x30
 350 01b0 0C       		.uleb128 0xc
 351 01b1 02       		.uleb128 0x2
 352 01b2 7D       		.byte	0x7d
 353 01b3 00       		.sleb128 0
 354 01b4 03       		.uleb128 0x3
 355 01b5 0A       		.byte	0xa
 356 01b6 FF03     		.2byte	0x3ff
 357 01b8 00       		.byte	0
 358 01b9 00       		.byte	0
 359 01ba 0D       		.uleb128 0xd
 360 01bb 01010000 		.4byte	.LASF31
 361 01bf 05       		.byte	0x5
 362 01c0 1207     		.2byte	0x712
 363 01c2 C6010000 		.4byte	0x1c6
 364 01c6 0E       		.uleb128 0xe
 365 01c7 A2000000 		.4byte	0xa2
 366 01cb 0F       		.uleb128 0xf
 367 01cc 28000000 		.4byte	.LASF26
 368 01d0 28000000 		.4byte	.LASF26
 369 01d4 04       		.byte	0x4
 370 01d5 64       		.byte	0x64
 371 01d6 0F       		.uleb128 0xf
 372 01d7 0E010000 		.4byte	.LASF27
 373 01db 0E010000 		.4byte	.LASF27
 374 01df 04       		.byte	0x4
 375 01e0 60       		.byte	0x60
 376 01e1 10       		.uleb128 0x10
 377 01e2 6D617000 		.ascii	"map\000"
 378 01e6 6D617000 		.ascii	"map\000"
 379 01ea 06       		.byte	0x6
 380 01eb 18       		.byte	0x18
 381 01ec 00       		.byte	0
 382              		.section	.debug_abbrev,"",%progbits
 383              	.Ldebug_abbrev0:
 384 0000 01       		.uleb128 0x1
 385 0001 11       		.uleb128 0x11
 386 0002 01       		.byte	0x1
 387 0003 25       		.uleb128 0x25
 388 0004 0E       		.uleb128 0xe
ARM GAS  C:\Users\adria\AppData\Local\Temp\ccXtyvYV.s 			page 9


 389 0005 13       		.uleb128 0x13
 390 0006 0B       		.uleb128 0xb
 391 0007 03       		.uleb128 0x3
 392 0008 0E       		.uleb128 0xe
 393 0009 1B       		.uleb128 0x1b
 394 000a 0E       		.uleb128 0xe
 395 000b 55       		.uleb128 0x55
 396 000c 17       		.uleb128 0x17
 397 000d 11       		.uleb128 0x11
 398 000e 01       		.uleb128 0x1
 399 000f 10       		.uleb128 0x10
 400 0010 17       		.uleb128 0x17
 401 0011 00       		.byte	0
 402 0012 00       		.byte	0
 403 0013 02       		.uleb128 0x2
 404 0014 24       		.uleb128 0x24
 405 0015 00       		.byte	0
 406 0016 0B       		.uleb128 0xb
 407 0017 0B       		.uleb128 0xb
 408 0018 3E       		.uleb128 0x3e
 409 0019 0B       		.uleb128 0xb
 410 001a 03       		.uleb128 0x3
 411 001b 0E       		.uleb128 0xe
 412 001c 00       		.byte	0
 413 001d 00       		.byte	0
 414 001e 03       		.uleb128 0x3
 415 001f 16       		.uleb128 0x16
 416 0020 00       		.byte	0
 417 0021 03       		.uleb128 0x3
 418 0022 0E       		.uleb128 0xe
 419 0023 3A       		.uleb128 0x3a
 420 0024 0B       		.uleb128 0xb
 421 0025 3B       		.uleb128 0x3b
 422 0026 0B       		.uleb128 0xb
 423 0027 49       		.uleb128 0x49
 424 0028 13       		.uleb128 0x13
 425 0029 00       		.byte	0
 426 002a 00       		.byte	0
 427 002b 04       		.uleb128 0x4
 428 002c 24       		.uleb128 0x24
 429 002d 00       		.byte	0
 430 002e 0B       		.uleb128 0xb
 431 002f 0B       		.uleb128 0xb
 432 0030 3E       		.uleb128 0x3e
 433 0031 0B       		.uleb128 0xb
 434 0032 03       		.uleb128 0x3
 435 0033 08       		.uleb128 0x8
 436 0034 00       		.byte	0
 437 0035 00       		.byte	0
 438 0036 05       		.uleb128 0x5
 439 0037 2E       		.uleb128 0x2e
 440 0038 01       		.byte	0x1
 441 0039 3F       		.uleb128 0x3f
 442 003a 19       		.uleb128 0x19
 443 003b 03       		.uleb128 0x3
 444 003c 0E       		.uleb128 0xe
 445 003d 3A       		.uleb128 0x3a
ARM GAS  C:\Users\adria\AppData\Local\Temp\ccXtyvYV.s 			page 10


 446 003e 0B       		.uleb128 0xb
 447 003f 3B       		.uleb128 0x3b
 448 0040 0B       		.uleb128 0xb
 449 0041 27       		.uleb128 0x27
 450 0042 19       		.uleb128 0x19
 451 0043 49       		.uleb128 0x49
 452 0044 13       		.uleb128 0x13
 453 0045 11       		.uleb128 0x11
 454 0046 01       		.uleb128 0x1
 455 0047 12       		.uleb128 0x12
 456 0048 06       		.uleb128 0x6
 457 0049 40       		.uleb128 0x40
 458 004a 18       		.uleb128 0x18
 459 004b 9742     		.uleb128 0x2117
 460 004d 19       		.uleb128 0x19
 461 004e 01       		.uleb128 0x1
 462 004f 13       		.uleb128 0x13
 463 0050 00       		.byte	0
 464 0051 00       		.byte	0
 465 0052 06       		.uleb128 0x6
 466 0053 34       		.uleb128 0x34
 467 0054 00       		.byte	0
 468 0055 03       		.uleb128 0x3
 469 0056 0E       		.uleb128 0xe
 470 0057 3A       		.uleb128 0x3a
 471 0058 0B       		.uleb128 0xb
 472 0059 3B       		.uleb128 0x3b
 473 005a 0B       		.uleb128 0xb
 474 005b 49       		.uleb128 0x49
 475 005c 13       		.uleb128 0x13
 476 005d 02       		.uleb128 0x2
 477 005e 17       		.uleb128 0x17
 478 005f 00       		.byte	0
 479 0060 00       		.byte	0
 480 0061 07       		.uleb128 0x7
 481 0062 34       		.uleb128 0x34
 482 0063 00       		.byte	0
 483 0064 03       		.uleb128 0x3
 484 0065 08       		.uleb128 0x8
 485 0066 3A       		.uleb128 0x3a
 486 0067 0B       		.uleb128 0xb
 487 0068 3B       		.uleb128 0x3b
 488 0069 0B       		.uleb128 0xb
 489 006a 49       		.uleb128 0x49
 490 006b 13       		.uleb128 0x13
 491 006c 00       		.byte	0
 492 006d 00       		.byte	0
 493 006e 08       		.uleb128 0x8
 494 006f 898201   		.uleb128 0x4109
 495 0072 00       		.byte	0
 496 0073 11       		.uleb128 0x11
 497 0074 01       		.uleb128 0x1
 498 0075 31       		.uleb128 0x31
 499 0076 13       		.uleb128 0x13
 500 0077 00       		.byte	0
 501 0078 00       		.byte	0
 502 0079 09       		.uleb128 0x9
ARM GAS  C:\Users\adria\AppData\Local\Temp\ccXtyvYV.s 			page 11


 503 007a 01       		.uleb128 0x1
 504 007b 01       		.byte	0x1
 505 007c 49       		.uleb128 0x49
 506 007d 13       		.uleb128 0x13
 507 007e 01       		.uleb128 0x1
 508 007f 13       		.uleb128 0x13
 509 0080 00       		.byte	0
 510 0081 00       		.byte	0
 511 0082 0A       		.uleb128 0xa
 512 0083 21       		.uleb128 0x21
 513 0084 00       		.byte	0
 514 0085 49       		.uleb128 0x49
 515 0086 13       		.uleb128 0x13
 516 0087 2F       		.uleb128 0x2f
 517 0088 0B       		.uleb128 0xb
 518 0089 00       		.byte	0
 519 008a 00       		.byte	0
 520 008b 0B       		.uleb128 0xb
 521 008c 898201   		.uleb128 0x4109
 522 008f 01       		.byte	0x1
 523 0090 11       		.uleb128 0x11
 524 0091 01       		.uleb128 0x1
 525 0092 31       		.uleb128 0x31
 526 0093 13       		.uleb128 0x13
 527 0094 00       		.byte	0
 528 0095 00       		.byte	0
 529 0096 0C       		.uleb128 0xc
 530 0097 8A8201   		.uleb128 0x410a
 531 009a 00       		.byte	0
 532 009b 02       		.uleb128 0x2
 533 009c 18       		.uleb128 0x18
 534 009d 9142     		.uleb128 0x2111
 535 009f 18       		.uleb128 0x18
 536 00a0 00       		.byte	0
 537 00a1 00       		.byte	0
 538 00a2 0D       		.uleb128 0xd
 539 00a3 34       		.uleb128 0x34
 540 00a4 00       		.byte	0
 541 00a5 03       		.uleb128 0x3
 542 00a6 0E       		.uleb128 0xe
 543 00a7 3A       		.uleb128 0x3a
 544 00a8 0B       		.uleb128 0xb
 545 00a9 3B       		.uleb128 0x3b
 546 00aa 05       		.uleb128 0x5
 547 00ab 49       		.uleb128 0x49
 548 00ac 13       		.uleb128 0x13
 549 00ad 3F       		.uleb128 0x3f
 550 00ae 19       		.uleb128 0x19
 551 00af 3C       		.uleb128 0x3c
 552 00b0 19       		.uleb128 0x19
 553 00b1 00       		.byte	0
 554 00b2 00       		.byte	0
 555 00b3 0E       		.uleb128 0xe
 556 00b4 35       		.uleb128 0x35
 557 00b5 00       		.byte	0
 558 00b6 49       		.uleb128 0x49
 559 00b7 13       		.uleb128 0x13
ARM GAS  C:\Users\adria\AppData\Local\Temp\ccXtyvYV.s 			page 12


 560 00b8 00       		.byte	0
 561 00b9 00       		.byte	0
 562 00ba 0F       		.uleb128 0xf
 563 00bb 2E       		.uleb128 0x2e
 564 00bc 00       		.byte	0
 565 00bd 3F       		.uleb128 0x3f
 566 00be 19       		.uleb128 0x19
 567 00bf 3C       		.uleb128 0x3c
 568 00c0 19       		.uleb128 0x19
 569 00c1 6E       		.uleb128 0x6e
 570 00c2 0E       		.uleb128 0xe
 571 00c3 03       		.uleb128 0x3
 572 00c4 0E       		.uleb128 0xe
 573 00c5 3A       		.uleb128 0x3a
 574 00c6 0B       		.uleb128 0xb
 575 00c7 3B       		.uleb128 0x3b
 576 00c8 0B       		.uleb128 0xb
 577 00c9 00       		.byte	0
 578 00ca 00       		.byte	0
 579 00cb 10       		.uleb128 0x10
 580 00cc 2E       		.uleb128 0x2e
 581 00cd 00       		.byte	0
 582 00ce 3F       		.uleb128 0x3f
 583 00cf 19       		.uleb128 0x19
 584 00d0 3C       		.uleb128 0x3c
 585 00d1 19       		.uleb128 0x19
 586 00d2 6E       		.uleb128 0x6e
 587 00d3 08       		.uleb128 0x8
 588 00d4 03       		.uleb128 0x3
 589 00d5 08       		.uleb128 0x8
 590 00d6 3A       		.uleb128 0x3a
 591 00d7 0B       		.uleb128 0xb
 592 00d8 3B       		.uleb128 0x3b
 593 00d9 0B       		.uleb128 0xb
 594 00da 00       		.byte	0
 595 00db 00       		.byte	0
 596 00dc 00       		.byte	0
 597              		.section	.debug_loc,"",%progbits
 598              	.Ldebug_loc0:
 599              	.LLST0:
 600 0000 02000000 		.4byte	.LVL0
 601 0004 1E000000 		.4byte	.LVL3
 602 0008 0200     		.2byte	0x2
 603 000a 30       		.byte	0x30
 604 000b 9F       		.byte	0x9f
 605 000c 1E000000 		.4byte	.LVL3
 606 0010 26000000 		.4byte	.LVL5
 607 0014 0100     		.2byte	0x1
 608 0016 53       		.byte	0x53
 609 0017 26000000 		.4byte	.LVL5
 610 001b 28000000 		.4byte	.LVL6
 611 001f 0100     		.2byte	0x1
 612 0021 50       		.byte	0x50
 613 0022 28000000 		.4byte	.LVL6
 614 0026 2A000000 		.4byte	.LVL7
 615 002a 0100     		.2byte	0x1
 616 002c 53       		.byte	0x53
ARM GAS  C:\Users\adria\AppData\Local\Temp\ccXtyvYV.s 			page 13


 617 002d 2A000000 		.4byte	.LVL7
 618 0031 36000000 		.4byte	.LFE63
 619 0035 0100     		.2byte	0x1
 620 0037 50       		.byte	0x50
 621 0038 00000000 		.4byte	0
 622 003c 00000000 		.4byte	0
 623              	.LLST1:
 624 0040 02000000 		.4byte	.LVL0
 625 0044 0A000000 		.4byte	.LVL2
 626 0048 0200     		.2byte	0x2
 627 004a 30       		.byte	0x30
 628 004b 9F       		.byte	0x9f
 629 004c 0A000000 		.4byte	.LVL2
 630 0050 24000000 		.4byte	.LVL4
 631 0054 0100     		.2byte	0x1
 632 0056 50       		.byte	0x50
 633 0057 28000000 		.4byte	.LVL6
 634 005b 2A000000 		.4byte	.LVL7
 635 005f 0100     		.2byte	0x1
 636 0061 50       		.byte	0x50
 637 0062 00000000 		.4byte	0
 638 0066 00000000 		.4byte	0
 639              	.LLST2:
 640 006a 04000000 		.4byte	.LVL10
 641 006e 12000000 		.4byte	.LVL13
 642 0072 0200     		.2byte	0x2
 643 0074 30       		.byte	0x30
 644 0075 9F       		.byte	0x9f
 645 0076 12000000 		.4byte	.LVL13
 646 007a 24000000 		.4byte	.LVL14
 647 007e 0900     		.2byte	0x9
 648 0080 70       		.byte	0x70
 649 0081 00       		.sleb128 0
 650 0082 09       		.byte	0x9
 651 0083 F5       		.byte	0xf5
 652 0084 24       		.byte	0x24
 653 0085 09       		.byte	0x9
 654 0086 F8       		.byte	0xf8
 655 0087 25       		.byte	0x25
 656 0088 9F       		.byte	0x9f
 657 0089 2A000000 		.4byte	.LVL16
 658 008d 2C000000 		.4byte	.LVL17
 659 0091 0100     		.2byte	0x1
 660 0093 50       		.byte	0x50
 661 0094 2C000000 		.4byte	.LVL17
 662 0098 2E000000 		.4byte	.LVL18
 663 009c 0200     		.2byte	0x2
 664 009e 30       		.byte	0x30
 665 009f 9F       		.byte	0x9f
 666 00a0 2E000000 		.4byte	.LVL18
 667 00a4 34000000 		.4byte	.LFE64
 668 00a8 0100     		.2byte	0x1
 669 00aa 50       		.byte	0x50
 670 00ab 00000000 		.4byte	0
 671 00af 00000000 		.4byte	0
 672              	.LLST3:
 673 00b3 04000000 		.4byte	.LVL10
ARM GAS  C:\Users\adria\AppData\Local\Temp\ccXtyvYV.s 			page 14


 674 00b7 12000000 		.4byte	.LVL13
 675 00bb 0200     		.2byte	0x2
 676 00bd 30       		.byte	0x30
 677 00be 9F       		.byte	0x9f
 678 00bf 12000000 		.4byte	.LVL13
 679 00c3 24000000 		.4byte	.LVL14
 680 00c7 0100     		.2byte	0x1
 681 00c9 50       		.byte	0x50
 682 00ca 2C000000 		.4byte	.LVL17
 683 00ce 2E000000 		.4byte	.LVL18
 684 00d2 0200     		.2byte	0x2
 685 00d4 30       		.byte	0x30
 686 00d5 9F       		.byte	0x9f
 687 00d6 00000000 		.4byte	0
 688 00da 00000000 		.4byte	0
 689              	.LLST4:
 690 00de 08000000 		.4byte	.LVL11
 691 00e2 0D000000 		.4byte	.LVL12-1
 692 00e6 0100     		.2byte	0x1
 693 00e8 50       		.byte	0x50
 694 00e9 2C000000 		.4byte	.LVL17
 695 00ed 2E000000 		.4byte	.LVL18
 696 00f1 0100     		.2byte	0x1
 697 00f3 50       		.byte	0x50
 698 00f4 00000000 		.4byte	0
 699 00f8 00000000 		.4byte	0
 700              		.section	.debug_aranges,"",%progbits
 701 0000 24000000 		.4byte	0x24
 702 0004 0200     		.2byte	0x2
 703 0006 00000000 		.4byte	.Ldebug_info0
 704 000a 04       		.byte	0x4
 705 000b 00       		.byte	0
 706 000c 0000     		.2byte	0
 707 000e 0000     		.2byte	0
 708 0010 00000000 		.4byte	.LFB63
 709 0014 36000000 		.4byte	.LFE63-.LFB63
 710 0018 00000000 		.4byte	.LFB64
 711 001c 34000000 		.4byte	.LFE64-.LFB64
 712 0020 00000000 		.4byte	0
 713 0024 00000000 		.4byte	0
 714              		.section	.debug_ranges,"",%progbits
 715              	.Ldebug_ranges0:
 716 0000 00000000 		.4byte	.LFB63
 717 0004 36000000 		.4byte	.LFE63
 718 0008 00000000 		.4byte	.LFB64
 719 000c 34000000 		.4byte	.LFE64
 720 0010 00000000 		.4byte	0
 721 0014 00000000 		.4byte	0
 722              		.section	.debug_line,"",%progbits
 723              	.Ldebug_line0:
 724 0000 BC010000 		.section	.debug_str,"MS",%progbits,1
 724      02008101 
 724      00000201 
 724      FB0E0D00 
 724      01010101 
 725              	.LASF21:
 726 0000 776F7264 		.ascii	"word\000"
ARM GAS  C:\Users\adria\AppData\Local\Temp\ccXtyvYV.s 			page 15


 726      00
 727              	.LASF3:
 728 0005 5F5F7569 		.ascii	"__uint8_t\000"
 728      6E74385F 
 728      7400
 729              	.LASF6:
 730 000f 5F5F696E 		.ascii	"__int32_t\000"
 730      7433325F 
 730      7400
 731              	.LASF7:
 732 0019 6C6F6E67 		.ascii	"long int\000"
 732      20696E74 
 732      00
 733              	.LASF15:
 734 0022 666C6F61 		.ascii	"float\000"
 734      7400
 735              	.LASF26:
 736 0028 5350494D 		.ascii	"SPIM_ClearRxBuffer\000"
 736      5F436C65 
 736      61725278 
 736      42756666 
 736      657200
 737              	.LASF1:
 738 003b 756E7369 		.ascii	"unsigned char\000"
 738      676E6564 
 738      20636861 
 738      7200
 739              	.LASF28:
 740 0049 474E5520 		.ascii	"GNU C11 5.4.1 20160609 (release) [ARM/embedded-5-br"
 740      43313120 
 740      352E342E 
 740      31203230 
 740      31363036 
 741 007c 616E6368 		.ascii	"anch revision 237715] -mcpu=cortex-m3 -mthumb -g -O"
 741      20726576 
 741      6973696F 
 741      6E203233 
 741      37373135 
 742 00af 67202D66 		.ascii	"g -ffunction-sections -ffat-lto-objects\000"
 742      66756E63 
 742      74696F6E 
 742      2D736563 
 742      74696F6E 
 743              	.LASF8:
 744 00d7 6C6F6E67 		.ascii	"long unsigned int\000"
 744      20756E73 
 744      69676E65 
 744      6420696E 
 744      7400
 745              	.LASF24:
 746 00e9 74656D70 		.ascii	"temp\000"
 746      00
 747              	.LASF5:
 748 00ee 73686F72 		.ascii	"short unsigned int\000"
 748      7420756E 
 748      7369676E 
 748      65642069 
ARM GAS  C:\Users\adria\AppData\Local\Temp\ccXtyvYV.s 			page 16


 748      6E7400
 749              	.LASF31:
 750 0101 49544D5F 		.ascii	"ITM_RxBuffer\000"
 750      52784275 
 750      66666572 
 750      00
 751              	.LASF27:
 752 010e 5350494D 		.ascii	"SPIM_ReadRxData\000"
 752      5F526561 
 752      64527844 
 752      61746100 
 753              	.LASF4:
 754 011e 5F5F7569 		.ascii	"__uint16_t\000"
 754      6E743136 
 754      5F7400
 755              	.LASF16:
 756 0129 646F7562 		.ascii	"double\000"
 756      6C6500
 757              	.LASF22:
 758 0130 4D41585F 		.ascii	"MAX_INIT\000"
 758      494E4954 
 758      00
 759              	.LASF11:
 760 0139 756E7369 		.ascii	"unsigned int\000"
 760      676E6564 
 760      20696E74 
 760      00
 761              	.LASF10:
 762 0146 6C6F6E67 		.ascii	"long long unsigned int\000"
 762      206C6F6E 
 762      6720756E 
 762      7369676E 
 762      65642069 
 763              	.LASF12:
 764 015d 75696E74 		.ascii	"uint8_t\000"
 764      385F7400 
 765              	.LASF29:
 766 0165 6D617836 		.ascii	"max6675.c\000"
 766      3637352E 
 766      6300
 767              	.LASF14:
 768 016f 696E7433 		.ascii	"int32_t\000"
 768      325F7400 
 769              	.LASF19:
 770 0177 73697A65 		.ascii	"sizetype\000"
 770      74797065 
 770      00
 771              	.LASF23:
 772 0180 73656E73 		.ascii	"sens\000"
 772      00
 773              	.LASF25:
 774 0185 6572726F 		.ascii	"error\000"
 774      7200
 775              	.LASF9:
 776 018b 6C6F6E67 		.ascii	"long long int\000"
 776      206C6F6E 
 776      6720696E 
ARM GAS  C:\Users\adria\AppData\Local\Temp\ccXtyvYV.s 			page 17


 776      7400
 777              	.LASF17:
 778 0199 63686172 		.ascii	"char\000"
 778      00
 779              	.LASF2:
 780 019e 73686F72 		.ascii	"short int\000"
 780      7420696E 
 780      7400
 781              	.LASF13:
 782 01a8 75696E74 		.ascii	"uint16_t\000"
 782      31365F74 
 782      00
 783              	.LASF20:
 784 01b1 4552524F 		.ascii	"ERROR\000"
 784      5200
 785              	.LASF18:
 786 01b7 6C6F6E67 		.ascii	"long double\000"
 786      20646F75 
 786      626C6500 
 787              	.LASF0:
 788 01c3 7369676E 		.ascii	"signed char\000"
 788      65642063 
 788      68617200 
 789              	.LASF30:
 790 01cf 433A5C55 		.ascii	"C:\\Users\\adria\\OneDrive\\Documents\\PSoC Creator"
 790      73657273 
 790      5C616472 
 790      69615C4F 
 790      6E654472 
 791 01fd 5C50524F 		.ascii	"\\PROYECTO_IOT\\MAX6675.cydsn\000"
 791      59454354 
 791      4F5F494F 
 791      545C4D41 
 791      58363637 
 792              		.ident	"GCC: (GNU Tools for ARM Embedded Processors) 5.4.1 20160609 (release) [ARM/embedded-5-bran
