ARM GAS  C:\Users\adria\AppData\Local\Temp\cciv77Wg.s 			page 1


   1              		.syntax unified
   2              		.cpu cortex-m3
   3              		.fpu softvfp
   4              		.eabi_attribute 20, 1
   5              		.eabi_attribute 21, 1
   6              		.eabi_attribute 23, 3
   7              		.eabi_attribute 24, 1
   8              		.eabi_attribute 25, 1
   9              		.eabi_attribute 26, 1
  10              		.eabi_attribute 30, 1
  11              		.eabi_attribute 34, 1
  12              		.eabi_attribute 18, 4
  13              		.thumb
  14              		.syntax unified
  15              		.file	"cymetadata.c"
  16              		.text
  17              	.Ltext0:
  18              		.cfi_sections	.debug_frame
  19              		.global	cy_metadata
  20              		.global	cy_meta_flashprotect
  21              		.global	cy_meta_wonvl
  22              		.global	cy_meta_custnvl
  23              		.global	cy_meta_configecc
  24              		.section	.cyconfigecc,"a",%progbits
  25              		.align	2
  26              		.type	cy_meta_configecc, %object
  27              		.size	cy_meta_configecc, 472
  28              	cy_meta_configecc:
  29 0000 02       		.byte	2
  30 0001 52       		.byte	82
  31 0002 00       		.byte	0
  32 0003 40       		.byte	64
  33 0004 01       		.byte	1
  34 0005 5B       		.byte	91
  35 0006 00       		.byte	0
  36 0007 40       		.byte	64
  37 0008 01       		.byte	1
  38 0009 65       		.byte	101
  39 000a 00       		.byte	0
  40 000b 40       		.byte	64
  41 000c 01       		.byte	1
  42 000d 07       		.byte	7
  43 000e 01       		.byte	1
  44 000f 40       		.byte	64
  45 0010 01       		.byte	1
  46 0011 09       		.byte	9
  47 0012 01       		.byte	1
  48 0013 40       		.byte	64
  49 0014 02       		.byte	2
  50 0015 15       		.byte	21
  51 0016 01       		.byte	1
  52 0017 40       		.byte	64
  53 0018 59       		.byte	89
  54 0019 1A       		.byte	26
  55 001a 01       		.byte	1
  56 001b 40       		.byte	64
  57 001c 31       		.byte	49
ARM GAS  C:\Users\adria\AppData\Local\Temp\cciv77Wg.s 			page 2


  58 001d 1B       		.byte	27
  59 001e 01       		.byte	1
  60 001f 40       		.byte	64
  61 0020 03       		.byte	3
  62 0021 40       		.byte	64
  63 0022 01       		.byte	1
  64 0023 40       		.byte	64
  65 0024 02       		.byte	2
  66 0025 41       		.byte	65
  67 0026 01       		.byte	1
  68 0027 40       		.byte	64
  69 0028 02       		.byte	2
  70 0029 42       		.byte	66
  71 002a 01       		.byte	1
  72 002b 40       		.byte	64
  73 002c 04       		.byte	4
  74 002d 43       		.byte	67
  75 002e 01       		.byte	1
  76 002f 40       		.byte	64
  77 0030 02       		.byte	2
  78 0031 46       		.byte	70
  79 0032 01       		.byte	1
  80 0033 40       		.byte	64
  81 0034 01       		.byte	1
  82 0035 47       		.byte	71
  83 0036 01       		.byte	1
  84 0037 40       		.byte	64
  85 0038 02       		.byte	2
  86 0039 48       		.byte	72
  87 003a 01       		.byte	1
  88 003b 40       		.byte	64
  89 003c 05       		.byte	5
  90 003d 49       		.byte	73
  91 003e 01       		.byte	1
  92 003f 40       		.byte	64
  93 0040 02       		.byte	2
  94 0041 4C       		.byte	76
  95 0042 01       		.byte	1
  96 0043 40       		.byte	64
  97 0044 05       		.byte	5
  98 0045 4D       		.byte	77
  99 0046 01       		.byte	1
 100 0047 40       		.byte	64
 101 0048 02       		.byte	2
 102 0049 50       		.byte	80
 103 004a 01       		.byte	1
 104 004b 40       		.byte	64
 105 004c 01       		.byte	1
 106 004d 51       		.byte	81
 107 004e 01       		.byte	1
 108 004f 40       		.byte	64
 109 0050 60       		.byte	96
 110 0051 80       		.byte	-128
 111 0052 61       		.byte	97
 112 0053 80       		.byte	-128
 113 0054 2F       		.byte	47
 114 0055 21       		.byte	33
ARM GAS  C:\Users\adria\AppData\Local\Temp\cciv77Wg.s 			page 3


 115 0056 8B       		.byte	-117
 116 0057 0F       		.byte	15
 117 0058 EE       		.byte	-18
 118 0059 04       		.byte	4
 119 005a EE       		.byte	-18
 120 005b 04       		.byte	4
 121 005c E6       		.byte	-26
 122 005d 02       		.byte	2
 123 005e EE       		.byte	-18
 124 005f 08       		.byte	8
 125 0060 04       		.byte	4
 126 0061 09       		.byte	9
 127 0062 06       		.byte	6
 128 0063 10       		.byte	16
 129 0064 07       		.byte	7
 130 0065 0C       		.byte	12
 131 0066 09       		.byte	9
 132 0067 80       		.byte	-128
 133 0068 0A       		.byte	10
 134 0069 03       		.byte	3
 135 006a 0B       		.byte	11
 136 006b 13       		.byte	19
 137 006c 0C       		.byte	12
 138 006d 14       		.byte	20
 139 006e 0F       		.byte	15
 140 006f 08       		.byte	8
 141 0070 10       		.byte	16
 142 0071 30       		.byte	48
 143 0072 12       		.byte	18
 144 0073 0C       		.byte	12
 145 0074 14       		.byte	20
 146 0075 1C       		.byte	28
 147 0076 15       		.byte	21
 148 0077 2C       		.byte	44
 149 0078 16       		.byte	22
 150 0079 22       		.byte	34
 151 007a 17       		.byte	23
 152 007b 43       		.byte	67
 153 007c 1C       		.byte	28
 154 007d 2C       		.byte	44
 155 007e 1E       		.byte	30
 156 007f 11       		.byte	17
 157 0080 20       		.byte	32
 158 0081 10       		.byte	16
 159 0082 21       		.byte	33
 160 0083 71       		.byte	113
 161 0084 23       		.byte	35
 162 0085 06       		.byte	6
 163 0086 26       		.byte	38
 164 0087 20       		.byte	32
 165 0088 2A       		.byte	42
 166 0089 20       		.byte	32
 167 008a 2D       		.byte	45
 168 008b 71       		.byte	113
 169 008c 2F       		.byte	47
 170 008d 0E       		.byte	14
 171 008e 30       		.byte	48
ARM GAS  C:\Users\adria\AppData\Local\Temp\cciv77Wg.s 			page 4


 172 008f 20       		.byte	32
 173 0090 32       		.byte	50
 174 0091 1F       		.byte	31
 175 0092 33       		.byte	51
 176 0093 0F       		.byte	15
 177 0094 35       		.byte	53
 178 0095 C0       		.byte	-64
 179 0096 37       		.byte	55
 180 0097 30       		.byte	48
 181 0098 39       		.byte	57
 182 0099 A0       		.byte	-96
 183 009a 3B       		.byte	59
 184 009b 08       		.byte	8
 185 009c 3E       		.byte	62
 186 009d 01       		.byte	1
 187 009e 3F       		.byte	63
 188 009f 40       		.byte	64
 189 00a0 40       		.byte	64
 190 00a1 01       		.byte	1
 191 00a2 46       		.byte	70
 192 00a3 04       		.byte	4
 193 00a4 49       		.byte	73
 194 00a5 FF       		.byte	-1
 195 00a6 4A       		.byte	74
 196 00a7 07       		.byte	7
 197 00a8 4B       		.byte	75
 198 00a9 FF       		.byte	-1
 199 00aa 4C       		.byte	76
 200 00ab 40       		.byte	64
 201 00ac 4D       		.byte	77
 202 00ad 20       		.byte	32
 203 00ae 4E       		.byte	78
 204 00af F0       		.byte	-16
 205 00b0 4F       		.byte	79
 206 00b1 05       		.byte	5
 207 00b2 50       		.byte	80
 208 00b3 08       		.byte	8
 209 00b4 58       		.byte	88
 210 00b5 04       		.byte	4
 211 00b6 59       		.byte	89
 212 00b7 04       		.byte	4
 213 00b8 5A       		.byte	90
 214 00b9 04       		.byte	4
 215 00ba 5F       		.byte	95
 216 00bb 01       		.byte	1
 217 00bc 60       		.byte	96
 218 00bd 40       		.byte	64
 219 00be 61       		.byte	97
 220 00bf A8       		.byte	-88
 221 00c0 62       		.byte	98
 222 00c1 40       		.byte	64
 223 00c2 63       		.byte	99
 224 00c3 20       		.byte	32
 225 00c4 82       		.byte	-126
 226 00c5 20       		.byte	32
 227 00c6 86       		.byte	-122
 228 00c7 15       		.byte	21
ARM GAS  C:\Users\adria\AppData\Local\Temp\cciv77Wg.s 			page 5


 229 00c8 88       		.byte	-120
 230 00c9 40       		.byte	64
 231 00ca 8C       		.byte	-116
 232 00cb 03       		.byte	3
 233 00cc 8E       		.byte	-114
 234 00cd 1C       		.byte	28
 235 00ce 90       		.byte	-112
 236 00cf 80       		.byte	-128
 237 00d0 94       		.byte	-108
 238 00d1 03       		.byte	3
 239 00d2 96       		.byte	-106
 240 00d3 04       		.byte	4
 241 00d4 9C       		.byte	-100
 242 00d5 03       		.byte	3
 243 00d6 9E       		.byte	-98
 244 00d7 34       		.byte	52
 245 00d8 A4       		.byte	-92
 246 00d9 2A       		.byte	42
 247 00da A6       		.byte	-90
 248 00db 14       		.byte	20
 249 00dc AA       		.byte	-86
 250 00dd 28       		.byte	40
 251 00de B0       		.byte	-80
 252 00df 0F       		.byte	15
 253 00e0 B2       		.byte	-78
 254 00e1 40       		.byte	64
 255 00e2 B4       		.byte	-76
 256 00e3 80       		.byte	-128
 257 00e4 B6       		.byte	-74
 258 00e5 38       		.byte	56
 259 00e6 BA       		.byte	-70
 260 00e7 82       		.byte	-126
 261 00e8 BE       		.byte	-66
 262 00e9 14       		.byte	20
 263 00ea C0       		.byte	-64
 264 00eb 43       		.byte	67
 265 00ec C1       		.byte	-63
 266 00ed 01       		.byte	1
 267 00ee C6       		.byte	-58
 268 00ef CE       		.byte	-50
 269 00f0 C7       		.byte	-57
 270 00f1 B0       		.byte	-80
 271 00f2 C8       		.byte	-56
 272 00f3 2C       		.byte	44
 273 00f4 C9       		.byte	-55
 274 00f5 FF       		.byte	-1
 275 00f6 CA       		.byte	-54
 276 00f7 FF       		.byte	-1
 277 00f8 CB       		.byte	-53
 278 00f9 FF       		.byte	-1
 279 00fa CE       		.byte	-50
 280 00fb F0       		.byte	-16
 281 00fc CF       		.byte	-49
 282 00fd 44       		.byte	68
 283 00fe D0       		.byte	-48
 284 00ff 0C       		.byte	12
 285 0100 D4       		.byte	-44
ARM GAS  C:\Users\adria\AppData\Local\Temp\cciv77Wg.s 			page 6


 286 0101 01       		.byte	1
 287 0102 D6       		.byte	-42
 288 0103 04       		.byte	4
 289 0104 D8       		.byte	-40
 290 0105 04       		.byte	4
 291 0106 DA       		.byte	-38
 292 0107 04       		.byte	4
 293 0108 DB       		.byte	-37
 294 0109 04       		.byte	4
 295 010a DF       		.byte	-33
 296 010b 01       		.byte	1
 297 010c E6       		.byte	-26
 298 010d C0       		.byte	-64
 299 010e EA       		.byte	-22
 300 010f 40       		.byte	64
 301 0110 EB       		.byte	-21
 302 0111 02       		.byte	2
 303 0112 00       		.byte	0
 304 0113 14       		.byte	20
 305 0114 02       		.byte	2
 306 0115 01       		.byte	1
 307 0116 04       		.byte	4
 308 0117 50       		.byte	80
 309 0118 06       		.byte	6
 310 0119 50       		.byte	80
 311 011a 09       		.byte	9
 312 011b 8A       		.byte	-118
 313 011c 0D       		.byte	13
 314 011d 80       		.byte	-128
 315 011e 0F       		.byte	15
 316 011f A0       		.byte	-96
 317 0120 10       		.byte	16
 318 0121 20       		.byte	32
 319 0122 11       		.byte	17
 320 0123 20       		.byte	32
 321 0124 12       		.byte	18
 322 0125 40       		.byte	64
 323 0126 13       		.byte	19
 324 0127 20       		.byte	32
 325 0128 15       		.byte	21
 326 0129 28       		.byte	40
 327 012a 18       		.byte	24
 328 012b 10       		.byte	16
 329 012c 1A       		.byte	26
 330 012d 40       		.byte	64
 331 012e 1C       		.byte	28
 332 012f 40       		.byte	64
 333 0130 1D       		.byte	29
 334 0131 C3       		.byte	-61
 335 0132 1E       		.byte	30
 336 0133 24       		.byte	36
 337 0134 20       		.byte	32
 338 0135 05       		.byte	5
 339 0136 21       		.byte	33
 340 0137 1C       		.byte	28
 341 0138 29       		.byte	41
 342 0139 41       		.byte	65
ARM GAS  C:\Users\adria\AppData\Local\Temp\cciv77Wg.s 			page 7


 343 013a 31       		.byte	49
 344 013b 08       		.byte	8
 345 013c 38       		.byte	56
 346 013d 24       		.byte	36
 347 013e 3A       		.byte	58
 348 013f 40       		.byte	64
 349 0140 40       		.byte	64
 350 0141 01       		.byte	1
 351 0142 45       		.byte	69
 352 0143 82       		.byte	-126
 353 0144 46       		.byte	70
 354 0145 10       		.byte	16
 355 0146 50       		.byte	80
 356 0147 30       		.byte	48
 357 0148 52       		.byte	82
 358 0149 50       		.byte	80
 359 014a 55       		.byte	85
 360 014b 10       		.byte	16
 361 014c 56       		.byte	86
 362 014d 01       		.byte	1
 363 014e 57       		.byte	87
 364 014f 50       		.byte	80
 365 0150 5D       		.byte	93
 366 0151 01       		.byte	1
 367 0152 5E       		.byte	94
 368 0153 44       		.byte	68
 369 0154 5F       		.byte	95
 370 0155 20       		.byte	32
 371 0156 67       		.byte	103
 372 0157 40       		.byte	64
 373 0158 79       		.byte	121
 374 0159 01       		.byte	1
 375 015a 7B       		.byte	123
 376 015b 40       		.byte	64
 377 015c 87       		.byte	-121
 378 015d 40       		.byte	64
 379 015e 8A       		.byte	-118
 380 015f 10       		.byte	16
 381 0160 C0       		.byte	-64
 382 0161 F7       		.byte	-9
 383 0162 C2       		.byte	-62
 384 0163 BD       		.byte	-67
 385 0164 C4       		.byte	-60
 386 0165 6E       		.byte	110
 387 0166 CA       		.byte	-54
 388 0167 09       		.byte	9
 389 0168 CC       		.byte	-52
 390 0169 02       		.byte	2
 391 016a CE       		.byte	-50
 392 016b 0E       		.byte	14
 393 016c D0       		.byte	-48
 394 016d D8       		.byte	-40
 395 016e D6       		.byte	-42
 396 016f F0       		.byte	-16
 397 0170 D8       		.byte	-40
 398 0171 80       		.byte	-128
 399 0172 EE       		.byte	-18
ARM GAS  C:\Users\adria\AppData\Local\Temp\cciv77Wg.s 			page 8


 400 0173 08       		.byte	8
 401 0174 33       		.byte	51
 402 0175 28       		.byte	40
 403 0176 36       		.byte	54
 404 0177 80       		.byte	-128
 405 0178 CC       		.byte	-52
 406 0179 70       		.byte	112
 407 017a A6       		.byte	-90
 408 017b 80       		.byte	-128
 409 017c A7       		.byte	-89
 410 017d 28       		.byte	40
 411 017e A6       		.byte	-90
 412 017f 80       		.byte	-128
 413 0180 A7       		.byte	-89
 414 0181 28       		.byte	40
 415 0182 A6       		.byte	-90
 416 0183 80       		.byte	-128
 417 0184 A7       		.byte	-89
 418 0185 08       		.byte	8
 419 0186 AB       		.byte	-85
 420 0187 20       		.byte	32
 421 0188 EE       		.byte	-18
 422 0189 20       		.byte	32
 423 018a 1B       		.byte	27
 424 018b 04       		.byte	4
 425 018c C6       		.byte	-58
 426 018d 08       		.byte	8
 427 018e AB       		.byte	-85
 428 018f 04       		.byte	4
 429 0190 A6       		.byte	-90
 430 0191 80       		.byte	-128
 431 0192 A7       		.byte	-89
 432 0193 08       		.byte	8
 433 0194 87       		.byte	-121
 434 0195 08       		.byte	8
 435 0196 A7       		.byte	-89
 436 0197 08       		.byte	8
 437 0198 AE       		.byte	-82
 438 0199 80       		.byte	-128
 439 019a E6       		.byte	-26
 440 019b 40       		.byte	64
 441 019c EE       		.byte	-18
 442 019d 10       		.byte	16
 443 019e 1F       		.byte	31
 444 019f 80       		.byte	-128
 445 01a0 C6       		.byte	-58
 446 01a1 01       		.byte	1
 447 01a2 75       		.byte	117
 448 01a3 02       		.byte	2
 449 01a4 89       		.byte	-119
 450 01a5 02       		.byte	2
 451 01a6 AF       		.byte	-81
 452 01a7 80       		.byte	-128
 453 01a8 DE       		.byte	-34
 454 01a9 04       		.byte	4
 455 01aa E0       		.byte	-32
 456 01ab 01       		.byte	1
ARM GAS  C:\Users\adria\AppData\Local\Temp\cciv77Wg.s 			page 9


 457 01ac 10       		.byte	16
 458 01ad 01       		.byte	1
 459 01ae 1C       		.byte	28
 460 01af 01       		.byte	1
 461 01b0 00       		.byte	0
 462 01b1 3F       		.byte	63
 463 01b2 00       		.byte	0
 464 01b3 00       		.byte	0
 465 01b4 80       		.byte	-128
 466 01b5 00       		.byte	0
 467 01b6 00       		.byte	0
 468 01b7 80       		.byte	-128
 469 01b8 80       		.byte	-128
 470 01b9 00       		.byte	0
 471 01ba 80       		.byte	-128
 472 01bb 00       		.byte	0
 473 01bc 00       		.byte	0
 474 01bd 00       		.byte	0
 475 01be 00       		.byte	0
 476 01bf 00       		.byte	0
 477 01c0 00       		.byte	0
 478 01c1 0B       		.byte	11
 479 01c2 0B       		.byte	11
 480 01c3 00       		.byte	0
 481 01c4 00       		.byte	0
 482 01c5 00       		.byte	0
 483 01c6 00       		.byte	0
 484 01c7 00       		.byte	0
 485 01c8 00       		.byte	0
 486 01c9 00       		.byte	0
 487 01ca 00       		.byte	0
 488 01cb 00       		.byte	0
 489 01cc 00       		.byte	0
 490 01cd 00       		.byte	0
 491 01ce 60       		.byte	96
 492 01cf 00       		.byte	0
 493 01d0 17       		.byte	23
 494 01d1 00       		.byte	0
 495 01d2 18       		.byte	24
 496 01d3 01       		.byte	1
 497 01d4 17       		.byte	23
 498 01d5 00       		.byte	0
 499 01d6 18       		.byte	24
 500 01d7 01       		.byte	1
 501              		.section	.cywolatch,"a",%progbits
 502              		.align	2
 503              		.type	cy_meta_wonvl, %object
 504              		.size	cy_meta_wonvl, 4
 505              	cy_meta_wonvl:
 506 0000 BC       		.byte	-68
 507 0001 90       		.byte	-112
 508 0002 AC       		.byte	-84
 509 0003 AF       		.byte	-81
 510              		.section	.cycustnvl,"a",%progbits
 511              		.align	2
 512              		.type	cy_meta_custnvl, %object
 513              		.size	cy_meta_custnvl, 4
ARM GAS  C:\Users\adria\AppData\Local\Temp\cciv77Wg.s 			page 10


 514              	cy_meta_custnvl:
 515 0000 00       		.byte	0
 516 0001 00       		.byte	0
 517 0002 40       		.byte	64
 518 0003 05       		.byte	5
 519              		.section	.cymeta,"a",%progbits
 520              		.align	2
 521              		.type	cy_metadata, %object
 522              		.size	cy_metadata, 12
 523              	cy_metadata:
 524 0000 00       		.byte	0
 525 0001 01       		.byte	1
 526 0002 2E       		.byte	46
 527 0003 16       		.byte	22
 528 0004 10       		.byte	16
 529 0005 69       		.byte	105
 530 0006 00       		.byte	0
 531 0007 01       		.byte	1
 532 0008 00       		.byte	0
 533 0009 00       		.byte	0
 534 000a 00       		.byte	0
 535 000b 00       		.byte	0
 536              		.section	.cyflashprotect,"a",%progbits
 537              		.align	2
 538              		.type	cy_meta_flashprotect, %object
 539              		.size	cy_meta_flashprotect, 256
 540              	cy_meta_flashprotect:
 541 0000 00000000 		.space	256
 541      00000000 
 541      00000000 
 541      00000000 
 541      00000000 
 542              		.text
 543              	.Letext0:
 544              		.file 1 "c:\\program files (x86)\\cypress\\psoc creator\\4.4\\psoc creator\\import\\gnu\\arm\\5.4.
 545              		.file 2 "c:\\program files (x86)\\cypress\\psoc creator\\4.4\\psoc creator\\import\\gnu\\arm\\5.4.
 546              		.file 3 "Generated_Source\\PSoC5\\cymetadata.c"
 547              		.section	.debug_info,"",%progbits
 548              	.Ldebug_info0:
 549 0000 31010000 		.4byte	0x131
 550 0004 0400     		.2byte	0x4
 551 0006 00000000 		.4byte	.Ldebug_abbrev0
 552 000a 04       		.byte	0x4
 553 000b 01       		.uleb128 0x1
 554 000c 24000000 		.4byte	.LASF17
 555 0010 0C       		.byte	0xc
 556 0011 D8010000 		.4byte	.LASF18
 557 0015 D7000000 		.4byte	.LASF19
 558 0019 00000000 		.4byte	.Ldebug_line0
 559 001d 02       		.uleb128 0x2
 560 001e 01       		.byte	0x1
 561 001f 06       		.byte	0x6
 562 0020 CC010000 		.4byte	.LASF0
 563 0024 03       		.uleb128 0x3
 564 0025 00000000 		.4byte	.LASF9
 565 0029 01       		.byte	0x1
 566 002a 1D       		.byte	0x1d
ARM GAS  C:\Users\adria\AppData\Local\Temp\cciv77Wg.s 			page 11


 567 002b 2F000000 		.4byte	0x2f
 568 002f 02       		.uleb128 0x2
 569 0030 01       		.byte	0x1
 570 0031 08       		.byte	0x8
 571 0032 16000000 		.4byte	.LASF1
 572 0036 02       		.uleb128 0x2
 573 0037 02       		.byte	0x2
 574 0038 05       		.byte	0x5
 575 0039 B9010000 		.4byte	.LASF2
 576 003d 02       		.uleb128 0x2
 577 003e 02       		.byte	0x2
 578 003f 07       		.byte	0x7
 579 0040 C4000000 		.4byte	.LASF3
 580 0044 02       		.uleb128 0x2
 581 0045 04       		.byte	0x4
 582 0046 05       		.byte	0x5
 583 0047 C3010000 		.4byte	.LASF4
 584 004b 02       		.uleb128 0x2
 585 004c 04       		.byte	0x4
 586 004d 07       		.byte	0x7
 587 004e B2000000 		.4byte	.LASF5
 588 0052 02       		.uleb128 0x2
 589 0053 08       		.byte	0x8
 590 0054 05       		.byte	0x5
 591 0055 AB010000 		.4byte	.LASF6
 592 0059 02       		.uleb128 0x2
 593 005a 08       		.byte	0x8
 594 005b 07       		.byte	0x7
 595 005c 60010000 		.4byte	.LASF7
 596 0060 04       		.uleb128 0x4
 597 0061 04       		.byte	0x4
 598 0062 05       		.byte	0x5
 599 0063 696E7400 		.ascii	"int\000"
 600 0067 02       		.uleb128 0x2
 601 0068 04       		.byte	0x4
 602 0069 07       		.byte	0x7
 603 006a 53010000 		.4byte	.LASF8
 604 006e 03       		.uleb128 0x3
 605 006f 77010000 		.4byte	.LASF10
 606 0073 02       		.byte	0x2
 607 0074 18       		.byte	0x18
 608 0075 24000000 		.4byte	0x24
 609 0079 05       		.uleb128 0x5
 610 007a 91000000 		.4byte	0x91
 611 007e 8A000000 		.4byte	0x8a
 612 0082 06       		.uleb128 0x6
 613 0083 8A000000 		.4byte	0x8a
 614 0087 D701     		.2byte	0x1d7
 615 0089 00       		.byte	0
 616 008a 02       		.uleb128 0x2
 617 008b 04       		.byte	0x4
 618 008c 07       		.byte	0x7
 619 008d A2010000 		.4byte	.LASF11
 620 0091 07       		.uleb128 0x7
 621 0092 6E000000 		.4byte	0x6e
 622 0096 08       		.uleb128 0x8
 623 0097 41010000 		.4byte	.LASF12
ARM GAS  C:\Users\adria\AppData\Local\Temp\cciv77Wg.s 			page 12


 624 009b 03       		.byte	0x3
 625 009c 1F       		.byte	0x1f
 626 009d A7000000 		.4byte	0xa7
 627 00a1 05       		.uleb128 0x5
 628 00a2 03       		.byte	0x3
 629 00a3 00000000 		.4byte	cy_meta_configecc
 630 00a7 07       		.uleb128 0x7
 631 00a8 79000000 		.4byte	0x79
 632 00ac 05       		.uleb128 0x5
 633 00ad 91000000 		.4byte	0x91
 634 00b1 BC000000 		.4byte	0xbc
 635 00b5 09       		.uleb128 0x9
 636 00b6 8A000000 		.4byte	0x8a
 637 00ba 03       		.byte	0x3
 638 00bb 00       		.byte	0
 639 00bc 08       		.uleb128 0x8
 640 00bd 31010000 		.4byte	.LASF13
 641 00c1 03       		.byte	0x3
 642 00c2 67       		.byte	0x67
 643 00c3 CD000000 		.4byte	0xcd
 644 00c7 05       		.uleb128 0x5
 645 00c8 03       		.byte	0x3
 646 00c9 00000000 		.4byte	cy_meta_custnvl
 647 00cd 07       		.uleb128 0x7
 648 00ce AC000000 		.4byte	0xac
 649 00d2 08       		.uleb128 0x8
 650 00d3 94010000 		.4byte	.LASF14
 651 00d7 03       		.byte	0x3
 652 00d8 75       		.byte	0x75
 653 00d9 E3000000 		.4byte	0xe3
 654 00dd 05       		.uleb128 0x5
 655 00de 03       		.byte	0x3
 656 00df 00000000 		.4byte	cy_meta_wonvl
 657 00e3 07       		.uleb128 0x7
 658 00e4 AC000000 		.4byte	0xac
 659 00e8 05       		.uleb128 0x5
 660 00e9 91000000 		.4byte	0x91
 661 00ed F8000000 		.4byte	0xf8
 662 00f1 09       		.uleb128 0x9
 663 00f2 8A000000 		.4byte	0x8a
 664 00f6 FF       		.byte	0xff
 665 00f7 00       		.byte	0
 666 00f8 08       		.uleb128 0x8
 667 00f9 7F010000 		.4byte	.LASF15
 668 00fd 03       		.byte	0x3
 669 00fe 83       		.byte	0x83
 670 00ff 09010000 		.4byte	0x109
 671 0103 05       		.uleb128 0x5
 672 0104 03       		.byte	0x3
 673 0105 00000000 		.4byte	cy_meta_flashprotect
 674 0109 07       		.uleb128 0x7
 675 010a E8000000 		.4byte	0xe8
 676 010e 05       		.uleb128 0x5
 677 010f 91000000 		.4byte	0x91
 678 0113 1E010000 		.4byte	0x11e
 679 0117 09       		.uleb128 0x9
 680 0118 8A000000 		.4byte	0x8a
ARM GAS  C:\Users\adria\AppData\Local\Temp\cciv77Wg.s 			page 13


 681 011c 0B       		.byte	0xb
 682 011d 00       		.byte	0
 683 011e 08       		.uleb128 0x8
 684 011f 0A000000 		.4byte	.LASF16
 685 0123 03       		.byte	0x3
 686 0124 B0       		.byte	0xb0
 687 0125 2F010000 		.4byte	0x12f
 688 0129 05       		.uleb128 0x5
 689 012a 03       		.byte	0x3
 690 012b 00000000 		.4byte	cy_metadata
 691 012f 07       		.uleb128 0x7
 692 0130 0E010000 		.4byte	0x10e
 693 0134 00       		.byte	0
 694              		.section	.debug_abbrev,"",%progbits
 695              	.Ldebug_abbrev0:
 696 0000 01       		.uleb128 0x1
 697 0001 11       		.uleb128 0x11
 698 0002 01       		.byte	0x1
 699 0003 25       		.uleb128 0x25
 700 0004 0E       		.uleb128 0xe
 701 0005 13       		.uleb128 0x13
 702 0006 0B       		.uleb128 0xb
 703 0007 03       		.uleb128 0x3
 704 0008 0E       		.uleb128 0xe
 705 0009 1B       		.uleb128 0x1b
 706 000a 0E       		.uleb128 0xe
 707 000b 10       		.uleb128 0x10
 708 000c 17       		.uleb128 0x17
 709 000d 00       		.byte	0
 710 000e 00       		.byte	0
 711 000f 02       		.uleb128 0x2
 712 0010 24       		.uleb128 0x24
 713 0011 00       		.byte	0
 714 0012 0B       		.uleb128 0xb
 715 0013 0B       		.uleb128 0xb
 716 0014 3E       		.uleb128 0x3e
 717 0015 0B       		.uleb128 0xb
 718 0016 03       		.uleb128 0x3
 719 0017 0E       		.uleb128 0xe
 720 0018 00       		.byte	0
 721 0019 00       		.byte	0
 722 001a 03       		.uleb128 0x3
 723 001b 16       		.uleb128 0x16
 724 001c 00       		.byte	0
 725 001d 03       		.uleb128 0x3
 726 001e 0E       		.uleb128 0xe
 727 001f 3A       		.uleb128 0x3a
 728 0020 0B       		.uleb128 0xb
 729 0021 3B       		.uleb128 0x3b
 730 0022 0B       		.uleb128 0xb
 731 0023 49       		.uleb128 0x49
 732 0024 13       		.uleb128 0x13
 733 0025 00       		.byte	0
 734 0026 00       		.byte	0
 735 0027 04       		.uleb128 0x4
 736 0028 24       		.uleb128 0x24
 737 0029 00       		.byte	0
ARM GAS  C:\Users\adria\AppData\Local\Temp\cciv77Wg.s 			page 14


 738 002a 0B       		.uleb128 0xb
 739 002b 0B       		.uleb128 0xb
 740 002c 3E       		.uleb128 0x3e
 741 002d 0B       		.uleb128 0xb
 742 002e 03       		.uleb128 0x3
 743 002f 08       		.uleb128 0x8
 744 0030 00       		.byte	0
 745 0031 00       		.byte	0
 746 0032 05       		.uleb128 0x5
 747 0033 01       		.uleb128 0x1
 748 0034 01       		.byte	0x1
 749 0035 49       		.uleb128 0x49
 750 0036 13       		.uleb128 0x13
 751 0037 01       		.uleb128 0x1
 752 0038 13       		.uleb128 0x13
 753 0039 00       		.byte	0
 754 003a 00       		.byte	0
 755 003b 06       		.uleb128 0x6
 756 003c 21       		.uleb128 0x21
 757 003d 00       		.byte	0
 758 003e 49       		.uleb128 0x49
 759 003f 13       		.uleb128 0x13
 760 0040 2F       		.uleb128 0x2f
 761 0041 05       		.uleb128 0x5
 762 0042 00       		.byte	0
 763 0043 00       		.byte	0
 764 0044 07       		.uleb128 0x7
 765 0045 26       		.uleb128 0x26
 766 0046 00       		.byte	0
 767 0047 49       		.uleb128 0x49
 768 0048 13       		.uleb128 0x13
 769 0049 00       		.byte	0
 770 004a 00       		.byte	0
 771 004b 08       		.uleb128 0x8
 772 004c 34       		.uleb128 0x34
 773 004d 00       		.byte	0
 774 004e 03       		.uleb128 0x3
 775 004f 0E       		.uleb128 0xe
 776 0050 3A       		.uleb128 0x3a
 777 0051 0B       		.uleb128 0xb
 778 0052 3B       		.uleb128 0x3b
 779 0053 0B       		.uleb128 0xb
 780 0054 49       		.uleb128 0x49
 781 0055 13       		.uleb128 0x13
 782 0056 3F       		.uleb128 0x3f
 783 0057 19       		.uleb128 0x19
 784 0058 02       		.uleb128 0x2
 785 0059 18       		.uleb128 0x18
 786 005a 00       		.byte	0
 787 005b 00       		.byte	0
 788 005c 09       		.uleb128 0x9
 789 005d 21       		.uleb128 0x21
 790 005e 00       		.byte	0
 791 005f 49       		.uleb128 0x49
 792 0060 13       		.uleb128 0x13
 793 0061 2F       		.uleb128 0x2f
 794 0062 0B       		.uleb128 0xb
ARM GAS  C:\Users\adria\AppData\Local\Temp\cciv77Wg.s 			page 15


 795 0063 00       		.byte	0
 796 0064 00       		.byte	0
 797 0065 00       		.byte	0
 798              		.section	.debug_aranges,"",%progbits
 799 0000 14000000 		.4byte	0x14
 800 0004 0200     		.2byte	0x2
 801 0006 00000000 		.4byte	.Ldebug_info0
 802 000a 04       		.byte	0x4
 803 000b 00       		.byte	0
 804 000c 0000     		.2byte	0
 805 000e 0000     		.2byte	0
 806 0010 00000000 		.4byte	0
 807 0014 00000000 		.4byte	0
 808              		.section	.debug_line,"",%progbits
 809              	.Ldebug_line0:
 810 0000 3D010000 		.section	.debug_str,"MS",%progbits,1
 810      02003701 
 810      00000201 
 810      FB0E0D00 
 810      01010101 
 811              	.LASF9:
 812 0000 5F5F7569 		.ascii	"__uint8_t\000"
 812      6E74385F 
 812      7400
 813              	.LASF16:
 814 000a 63795F6D 		.ascii	"cy_metadata\000"
 814      65746164 
 814      61746100 
 815              	.LASF1:
 816 0016 756E7369 		.ascii	"unsigned char\000"
 816      676E6564 
 816      20636861 
 816      7200
 817              	.LASF17:
 818 0024 474E5520 		.ascii	"GNU C11 5.4.1 20160609 (release) [ARM/embedded-5-br"
 818      43313120 
 818      352E342E 
 818      31203230 
 818      31363036 
 819 0057 616E6368 		.ascii	"anch revision 237715] -mcpu=cortex-m3 -mthumb -g -O"
 819      20726576 
 819      6973696F 
 819      6E203233 
 819      37373135 
 820 008a 67202D66 		.ascii	"g -ffunction-sections -ffat-lto-objects\000"
 820      66756E63 
 820      74696F6E 
 820      2D736563 
 820      74696F6E 
 821              	.LASF5:
 822 00b2 6C6F6E67 		.ascii	"long unsigned int\000"
 822      20756E73 
 822      69676E65 
 822      6420696E 
 822      7400
 823              	.LASF3:
 824 00c4 73686F72 		.ascii	"short unsigned int\000"
ARM GAS  C:\Users\adria\AppData\Local\Temp\cciv77Wg.s 			page 16


 824      7420756E 
 824      7369676E 
 824      65642069 
 824      6E7400
 825              	.LASF19:
 826 00d7 433A5C55 		.ascii	"C:\\Users\\adria\\OneDrive\\Documents\\psoc\\Filtro"
 826      73657273 
 826      5C616472 
 826      69615C4F 
 826      6E654472 
 827 0104 735F4649 		.ascii	"s_FIR_Ponderiado_Exponencial\\DobleSars.cydsn\000"
 827      525F506F 
 827      6E646572 
 827      6961646F 
 827      5F457870 
 828              	.LASF13:
 829 0131 63795F6D 		.ascii	"cy_meta_custnvl\000"
 829      6574615F 
 829      63757374 
 829      6E766C00 
 830              	.LASF12:
 831 0141 63795F6D 		.ascii	"cy_meta_configecc\000"
 831      6574615F 
 831      636F6E66 
 831      69676563 
 831      6300
 832              	.LASF8:
 833 0153 756E7369 		.ascii	"unsigned int\000"
 833      676E6564 
 833      20696E74 
 833      00
 834              	.LASF7:
 835 0160 6C6F6E67 		.ascii	"long long unsigned int\000"
 835      206C6F6E 
 835      6720756E 
 835      7369676E 
 835      65642069 
 836              	.LASF10:
 837 0177 75696E74 		.ascii	"uint8_t\000"
 837      385F7400 
 838              	.LASF15:
 839 017f 63795F6D 		.ascii	"cy_meta_flashprotect\000"
 839      6574615F 
 839      666C6173 
 839      6870726F 
 839      74656374 
 840              	.LASF14:
 841 0194 63795F6D 		.ascii	"cy_meta_wonvl\000"
 841      6574615F 
 841      776F6E76 
 841      6C00
 842              	.LASF11:
 843 01a2 73697A65 		.ascii	"sizetype\000"
 843      74797065 
 843      00
 844              	.LASF6:
 845 01ab 6C6F6E67 		.ascii	"long long int\000"
ARM GAS  C:\Users\adria\AppData\Local\Temp\cciv77Wg.s 			page 17


 845      206C6F6E 
 845      6720696E 
 845      7400
 846              	.LASF2:
 847 01b9 73686F72 		.ascii	"short int\000"
 847      7420696E 
 847      7400
 848              	.LASF4:
 849 01c3 6C6F6E67 		.ascii	"long int\000"
 849      20696E74 
 849      00
 850              	.LASF0:
 851 01cc 7369676E 		.ascii	"signed char\000"
 851      65642063 
 851      68617200 
 852              	.LASF18:
 853 01d8 47656E65 		.ascii	"Generated_Source\\PSoC5\\cymetadata.c\000"
 853      72617465 
 853      645F536F 
 853      75726365 
 853      5C50536F 
 854              		.ident	"GCC: (GNU Tools for ARM Embedded Processors) 5.4.1 20160609 (release) [ARM/embedded-5-bran
