ARM GAS  C:\Users\adria\AppData\Local\Temp\ccMUTpIw.s 			page 1


   1              		.syntax unified
   2              		.cpu cortex-m3
   3              		.fpu softvfp
   4              		.eabi_attribute 20, 1
   5              		.eabi_attribute 21, 1
   6              		.eabi_attribute 23, 3
   7              		.eabi_attribute 24, 1
   8              		.eabi_attribute 25, 1
   9              		.eabi_attribute 26, 1
  10              		.eabi_attribute 30, 1
  11              		.eabi_attribute 34, 1
  12              		.eabi_attribute 18, 4
  13              		.thumb
  14              		.syntax unified
  15              		.file	"cymetadata.c"
  16              		.text
  17              	.Ltext0:
  18              		.cfi_sections	.debug_frame
  19              		.global	cy_metadata
  20              		.global	cy_meta_flashprotect
  21              		.global	cy_meta_wonvl
  22              		.global	cy_meta_custnvl
  23              		.global	cy_meta_configecc
  24              		.section	.cyconfigecc,"a",%progbits
  25              		.align	2
  26              		.type	cy_meta_configecc, %object
  27              		.size	cy_meta_configecc, 708
  28              	cy_meta_configecc:
  29 0000 06       		.byte	6
  30 0001 52       		.byte	82
  31 0002 00       		.byte	0
  32 0003 40       		.byte	64
  33 0004 01       		.byte	1
  34 0005 64       		.byte	100
  35 0006 00       		.byte	0
  36 0007 40       		.byte	64
  37 0008 2B       		.byte	43
  38 0009 02       		.byte	2
  39 000a 01       		.byte	1
  40 000b 40       		.byte	64
  41 000c 1C       		.byte	28
  42 000d 03       		.byte	3
  43 000e 01       		.byte	1
  44 000f 40       		.byte	64
  45 0010 05       		.byte	5
  46 0011 05       		.byte	5
  47 0012 01       		.byte	1
  48 0013 40       		.byte	64
  49 0014 19       		.byte	25
  50 0015 08       		.byte	8
  51 0016 01       		.byte	1
  52 0017 40       		.byte	64
  53 0018 24       		.byte	36
  54 0019 09       		.byte	9
  55 001a 01       		.byte	1
  56 001b 40       		.byte	64
  57 001c 10       		.byte	16
ARM GAS  C:\Users\adria\AppData\Local\Temp\ccMUTpIw.s 			page 2


  58 001d 0B       		.byte	11
  59 001e 01       		.byte	1
  60 001f 40       		.byte	64
  61 0020 02       		.byte	2
  62 0021 0D       		.byte	13
  63 0022 01       		.byte	1
  64 0023 40       		.byte	64
  65 0024 03       		.byte	3
  66 0025 15       		.byte	21
  67 0026 01       		.byte	1
  68 0027 40       		.byte	64
  69 0028 02       		.byte	2
  70 0029 17       		.byte	23
  71 002a 01       		.byte	1
  72 002b 40       		.byte	64
  73 002c 0D       		.byte	13
  74 002d 19       		.byte	25
  75 002e 01       		.byte	1
  76 002f 40       		.byte	64
  77 0030 07       		.byte	7
  78 0031 1B       		.byte	27
  79 0032 01       		.byte	1
  80 0033 40       		.byte	64
  81 0034 06       		.byte	6
  82 0035 40       		.byte	64
  83 0036 01       		.byte	1
  84 0037 40       		.byte	64
  85 0038 0D       		.byte	13
  86 0039 41       		.byte	65
  87 003a 01       		.byte	1
  88 003b 40       		.byte	64
  89 003c 07       		.byte	7
  90 003d 42       		.byte	66
  91 003e 01       		.byte	1
  92 003f 40       		.byte	64
  93 0040 09       		.byte	9
  94 0041 45       		.byte	69
  95 0042 01       		.byte	1
  96 0043 40       		.byte	64
  97 0044 0C       		.byte	12
  98 0045 46       		.byte	70
  99 0046 01       		.byte	1
 100 0047 40       		.byte	64
 101 0048 02       		.byte	2
 102 0049 47       		.byte	71
 103 004a 01       		.byte	1
 104 004b 40       		.byte	64
 105 004c 09       		.byte	9
 106 004d 48       		.byte	72
 107 004e 01       		.byte	1
 108 004f 40       		.byte	64
 109 0050 09       		.byte	9
 110 0051 49       		.byte	73
 111 0052 01       		.byte	1
 112 0053 40       		.byte	64
 113 0054 10       		.byte	16
 114 0055 4C       		.byte	76
ARM GAS  C:\Users\adria\AppData\Local\Temp\ccMUTpIw.s 			page 3


 115 0056 01       		.byte	1
 116 0057 40       		.byte	64
 117 0058 01       		.byte	1
 118 0059 4D       		.byte	77
 119 005a 01       		.byte	1
 120 005b 40       		.byte	64
 121 005c 03       		.byte	3
 122 005d 50       		.byte	80
 123 005e 01       		.byte	1
 124 005f 40       		.byte	64
 125 0060 01       		.byte	1
 126 0061 51       		.byte	81
 127 0062 01       		.byte	1
 128 0063 40       		.byte	64
 129 0064 00       		.byte	0
 130 0065 14       		.byte	20
 131 0066 01       		.byte	1
 132 0067 54       		.byte	84
 133 0068 08       		.byte	8
 134 0069 90       		.byte	-112
 135 006a 09       		.byte	9
 136 006b C0       		.byte	-64
 137 006c 10       		.byte	16
 138 006d AA       		.byte	-86
 139 006e 11       		.byte	17
 140 006f 36       		.byte	54
 141 0070 83       		.byte	-125
 142 0071 0D       		.byte	13
 143 0072 5B       		.byte	91
 144 0073 04       		.byte	4
 145 0074 5F       		.byte	95
 146 0075 01       		.byte	1
 147 0076 92       		.byte	-110
 148 0077 02       		.byte	2
 149 0078 95       		.byte	-107
 150 0079 01       		.byte	1
 151 007a 99       		.byte	-103
 152 007b 01       		.byte	1
 153 007c 9E       		.byte	-98
 154 007d 05       		.byte	5
 155 007e A4       		.byte	-92
 156 007f 09       		.byte	9
 157 0080 A8       		.byte	-88
 158 0081 09       		.byte	9
 159 0082 A9       		.byte	-87
 160 0083 01       		.byte	1
 161 0084 AE       		.byte	-82
 162 0085 04       		.byte	4
 163 0086 B0       		.byte	-80
 164 0087 01       		.byte	1
 165 0088 B2       		.byte	-78
 166 0089 04       		.byte	4
 167 008a B4       		.byte	-76
 168 008b 08       		.byte	8
 169 008c B6       		.byte	-74
 170 008d 02       		.byte	2
 171 008e B7       		.byte	-73
ARM GAS  C:\Users\adria\AppData\Local\Temp\ccMUTpIw.s 			page 4


 172 008f 01       		.byte	1
 173 0090 BE       		.byte	-66
 174 0091 04       		.byte	4
 175 0092 C0       		.byte	-64
 176 0093 10       		.byte	16
 177 0094 C1       		.byte	-63
 178 0095 05       		.byte	5
 179 0096 C5       		.byte	-59
 180 0097 D1       		.byte	-47
 181 0098 C7       		.byte	-57
 182 0099 20       		.byte	32
 183 009a C8       		.byte	-56
 184 009b 33       		.byte	51
 185 009c C9       		.byte	-55
 186 009d FF       		.byte	-1
 187 009e CA       		.byte	-54
 188 009f FF       		.byte	-1
 189 00a0 CB       		.byte	-53
 190 00a1 FF       		.byte	-1
 191 00a2 CD       		.byte	-51
 192 00a3 A0       		.byte	-96
 193 00a4 CF       		.byte	-49
 194 00a5 04       		.byte	4
 195 00a6 D0       		.byte	-48
 196 00a7 18       		.byte	24
 197 00a8 D2       		.byte	-46
 198 00a9 80       		.byte	-128
 199 00aa D4       		.byte	-44
 200 00ab 05       		.byte	5
 201 00ac D8       		.byte	-40
 202 00ad 04       		.byte	4
 203 00ae D9       		.byte	-39
 204 00af 04       		.byte	4
 205 00b0 DA       		.byte	-38
 206 00b1 04       		.byte	4
 207 00b2 DB       		.byte	-37
 208 00b3 04       		.byte	4
 209 00b4 DF       		.byte	-33
 210 00b5 01       		.byte	1
 211 00b6 E0       		.byte	-32
 212 00b7 40       		.byte	64
 213 00b8 E2       		.byte	-30
 214 00b9 C0       		.byte	-64
 215 00ba E4       		.byte	-28
 216 00bb 40       		.byte	64
 217 00bc E5       		.byte	-27
 218 00bd 40       		.byte	64
 219 00be E6       		.byte	-26
 220 00bf C0       		.byte	-64
 221 00c0 E8       		.byte	-24
 222 00c1 C0       		.byte	-64
 223 00c2 EA       		.byte	-22
 224 00c3 C0       		.byte	-64
 225 00c4 EC       		.byte	-20
 226 00c5 C0       		.byte	-64
 227 00c6 EE       		.byte	-18
 228 00c7 C0       		.byte	-64
ARM GAS  C:\Users\adria\AppData\Local\Temp\ccMUTpIw.s 			page 5


 229 00c8 09       		.byte	9
 230 00c9 02       		.byte	2
 231 00ca 0A       		.byte	10
 232 00cb 01       		.byte	1
 233 00cc 10       		.byte	16
 234 00cd 2A       		.byte	42
 235 00ce 19       		.byte	25
 236 00cf 14       		.byte	20
 237 00d0 1A       		.byte	26
 238 00d1 01       		.byte	1
 239 00d2 1B       		.byte	27
 240 00d3 01       		.byte	1
 241 00d4 22       		.byte	34
 242 00d5 40       		.byte	64
 243 00d6 29       		.byte	41
 244 00d7 10       		.byte	16
 245 00d8 30       		.byte	48
 246 00d9 28       		.byte	40
 247 00da 42       		.byte	66
 248 00db 01       		.byte	1
 249 00dc 48       		.byte	72
 250 00dd 22       		.byte	34
 251 00de 49       		.byte	73
 252 00df 02       		.byte	2
 253 00e0 50       		.byte	80
 254 00e1 0A       		.byte	10
 255 00e2 59       		.byte	89
 256 00e3 06       		.byte	6
 257 00e4 5A       		.byte	90
 258 00e5 80       		.byte	-128
 259 00e6 6D       		.byte	109
 260 00e7 80       		.byte	-128
 261 00e8 6E       		.byte	110
 262 00e9 20       		.byte	32
 263 00ea 6F       		.byte	111
 264 00eb 10       		.byte	16
 265 00ec 71       		.byte	113
 266 00ed 02       		.byte	2
 267 00ee 86       		.byte	-122
 268 00ef 10       		.byte	16
 269 00f0 C2       		.byte	-62
 270 00f1 09       		.byte	9
 271 00f2 C4       		.byte	-60
 272 00f3 07       		.byte	7
 273 00f4 CA       		.byte	-54
 274 00f5 04       		.byte	4
 275 00f6 CC       		.byte	-52
 276 00f7 06       		.byte	6
 277 00f8 D0       		.byte	-48
 278 00f9 08       		.byte	8
 279 00fa D2       		.byte	-46
 280 00fb 08       		.byte	8
 281 00fc D6       		.byte	-42
 282 00fd 0B       		.byte	11
 283 00fe EC       		.byte	-20
 284 00ff 08       		.byte	8
 285 0100 AB       		.byte	-85
ARM GAS  C:\Users\adria\AppData\Local\Temp\ccMUTpIw.s 			page 6


 286 0101 10       		.byte	16
 287 0102 AD       		.byte	-83
 288 0103 40       		.byte	64
 289 0104 AF       		.byte	-81
 290 0105 01       		.byte	1
 291 0106 EA       		.byte	-22
 292 0107 80       		.byte	-128
 293 0108 EC       		.byte	-20
 294 0109 01       		.byte	1
 295 010a 12       		.byte	18
 296 010b 01       		.byte	1
 297 010c 32       		.byte	50
 298 010d 01       		.byte	1
 299 010e 58       		.byte	88
 300 010f 04       		.byte	4
 301 0110 5B       		.byte	91
 302 0111 04       		.byte	4
 303 0112 5C       		.byte	92
 304 0113 02       		.byte	2
 305 0114 5F       		.byte	95
 306 0115 01       		.byte	1
 307 0116 8E       		.byte	-114
 308 0117 10       		.byte	16
 309 0118 90       		.byte	-112
 310 0119 02       		.byte	2
 311 011a 92       		.byte	-110
 312 011b 01       		.byte	1
 313 011c 9E       		.byte	-98
 314 011d 08       		.byte	8
 315 011e A2       		.byte	-94
 316 011f 04       		.byte	4
 317 0120 A8       		.byte	-88
 318 0121 01       		.byte	1
 319 0122 AA       		.byte	-86
 320 0123 02       		.byte	2
 321 0124 AF       		.byte	-81
 322 0125 01       		.byte	1
 323 0126 B0       		.byte	-80
 324 0127 03       		.byte	3
 325 0128 B2       		.byte	-78
 326 0129 04       		.byte	4
 327 012a B3       		.byte	-77
 328 012b 01       		.byte	1
 329 012c B4       		.byte	-76
 330 012d 10       		.byte	16
 331 012e B6       		.byte	-74
 332 012f 08       		.byte	8
 333 0130 BE       		.byte	-66
 334 0131 01       		.byte	1
 335 0132 D8       		.byte	-40
 336 0133 04       		.byte	4
 337 0134 D9       		.byte	-39
 338 0135 04       		.byte	4
 339 0136 DB       		.byte	-37
 340 0137 04       		.byte	4
 341 0138 DC       		.byte	-36
 342 0139 22       		.byte	34
ARM GAS  C:\Users\adria\AppData\Local\Temp\ccMUTpIw.s 			page 7


 343 013a DF       		.byte	-33
 344 013b 01       		.byte	1
 345 013c 03       		.byte	3
 346 013d 02       		.byte	2
 347 013e 08       		.byte	8
 348 013f 80       		.byte	-128
 349 0140 09       		.byte	9
 350 0141 02       		.byte	2
 351 0142 0F       		.byte	15
 352 0143 40       		.byte	64
 353 0144 11       		.byte	17
 354 0145 12       		.byte	18
 355 0146 18       		.byte	24
 356 0147 05       		.byte	5
 357 0148 1B       		.byte	27
 358 0149 09       		.byte	9
 359 014a 1E       		.byte	30
 360 014b 10       		.byte	16
 361 014c 22       		.byte	34
 362 014d 04       		.byte	4
 363 014e 2A       		.byte	42
 364 014f 40       		.byte	64
 365 0150 59       		.byte	89
 366 0151 01       		.byte	1
 367 0152 5A       		.byte	90
 368 0153 18       		.byte	24
 369 0154 5B       		.byte	91
 370 0155 40       		.byte	64
 371 0156 60       		.byte	96
 372 0157 01       		.byte	1
 373 0158 68       		.byte	104
 374 0159 04       		.byte	4
 375 015a 6A       		.byte	106
 376 015b 04       		.byte	4
 377 015c 6B       		.byte	107
 378 015d 82       		.byte	-126
 379 015e 6E       		.byte	110
 380 015f 48       		.byte	72
 381 0160 6F       		.byte	111
 382 0161 84       		.byte	-124
 383 0162 71       		.byte	113
 384 0163 88       		.byte	-120
 385 0164 72       		.byte	114
 386 0165 88       		.byte	-120
 387 0166 82       		.byte	-126
 388 0167 40       		.byte	64
 389 0168 91       		.byte	-111
 390 0169 10       		.byte	16
 391 016a 96       		.byte	-106
 392 016b 04       		.byte	4
 393 016c 98       		.byte	-104
 394 016d 80       		.byte	-128
 395 016e 9F       		.byte	-97
 396 016f 06       		.byte	6
 397 0170 A4       		.byte	-92
 398 0171 04       		.byte	4
 399 0172 A6       		.byte	-90
ARM GAS  C:\Users\adria\AppData\Local\Temp\ccMUTpIw.s 			page 8


 400 0173 04       		.byte	4
 401 0174 A7       		.byte	-89
 402 0175 81       		.byte	-127
 403 0176 C0       		.byte	-64
 404 0177 01       		.byte	1
 405 0178 C2       		.byte	-62
 406 0179 19       		.byte	25
 407 017a C4       		.byte	-60
 408 017b 0A       		.byte	10
 409 017c CA       		.byte	-54
 410 017d 08       		.byte	8
 411 017e D6       		.byte	-42
 412 017f 0F       		.byte	15
 413 0180 D8       		.byte	-40
 414 0181 08       		.byte	8
 415 0182 E0       		.byte	-32
 416 0183 04       		.byte	4
 417 0184 84       		.byte	-124
 418 0185 04       		.byte	4
 419 0186 86       		.byte	-122
 420 0187 04       		.byte	4
 421 0188 87       		.byte	-121
 422 0189 80       		.byte	-128
 423 018a 8E       		.byte	-114
 424 018b 04       		.byte	4
 425 018c 8F       		.byte	-113
 426 018d 04       		.byte	4
 427 018e 91       		.byte	-111
 428 018f 10       		.byte	16
 429 0190 98       		.byte	-104
 430 0191 80       		.byte	-128
 431 0192 9F       		.byte	-97
 432 0193 02       		.byte	2
 433 0194 A7       		.byte	-89
 434 0195 01       		.byte	1
 435 0196 A8       		.byte	-88
 436 0197 80       		.byte	-128
 437 0198 AF       		.byte	-81
 438 0199 02       		.byte	2
 439 019a B3       		.byte	-77
 440 019b 01       		.byte	1
 441 019c E0       		.byte	-32
 442 019d 02       		.byte	2
 443 019e E4       		.byte	-28
 444 019f 0A       		.byte	10
 445 01a0 EA       		.byte	-22
 446 01a1 80       		.byte	-128
 447 01a2 EC       		.byte	-20
 448 01a3 02       		.byte	2
 449 01a4 91       		.byte	-111
 450 01a5 10       		.byte	16
 451 01a6 AD       		.byte	-83
 452 01a7 10       		.byte	16
 453 01a8 E0       		.byte	-32
 454 01a9 08       		.byte	8
 455 01aa E8       		.byte	-24
 456 01ab 10       		.byte	16
ARM GAS  C:\Users\adria\AppData\Local\Temp\ccMUTpIw.s 			page 9


 457 01ac EC       		.byte	-20
 458 01ad 02       		.byte	2
 459 01ae E0       		.byte	-32
 460 01af 01       		.byte	1
 461 01b0 EC       		.byte	-20
 462 01b1 80       		.byte	-128
 463 01b2 81       		.byte	-127
 464 01b3 02       		.byte	2
 465 01b4 8D       		.byte	-115
 466 01b5 08       		.byte	8
 467 01b6 97       		.byte	-105
 468 01b7 40       		.byte	64
 469 01b8 9E       		.byte	-98
 470 01b9 40       		.byte	64
 471 01ba A1       		.byte	-95
 472 01bb 88       		.byte	-120
 473 01bc A5       		.byte	-91
 474 01bd 03       		.byte	3
 475 01be AE       		.byte	-82
 476 01bf 88       		.byte	-120
 477 01c0 B3       		.byte	-77
 478 01c1 82       		.byte	-126
 479 01c2 B4       		.byte	-76
 480 01c3 04       		.byte	4
 481 01c4 B5       		.byte	-75
 482 01c5 01       		.byte	1
 483 01c6 B7       		.byte	-73
 484 01c7 48       		.byte	72
 485 01c8 E8       		.byte	-24
 486 01c9 02       		.byte	2
 487 01ca EC       		.byte	-20
 488 01cb 82       		.byte	-126
 489 01cc 86       		.byte	-122
 490 01cd 40       		.byte	64
 491 01ce 9E       		.byte	-98
 492 01cf 40       		.byte	64
 493 01d0 A9       		.byte	-87
 494 01d1 80       		.byte	-128
 495 01d2 AF       		.byte	-81
 496 01d3 40       		.byte	64
 497 01d4 B5       		.byte	-75
 498 01d5 01       		.byte	1
 499 01d6 E8       		.byte	-24
 500 01d7 10       		.byte	16
 501 01d8 EC       		.byte	-20
 502 01d9 01       		.byte	1
 503 01da 13       		.byte	19
 504 01db 04       		.byte	4
 505 01dc 14       		.byte	20
 506 01dd 40       		.byte	64
 507 01de 3B       		.byte	59
 508 01df 04       		.byte	4
 509 01e0 3D       		.byte	61
 510 01e1 10       		.byte	16
 511 01e2 C4       		.byte	-60
 512 01e3 30       		.byte	48
 513 01e4 CE       		.byte	-50
ARM GAS  C:\Users\adria\AppData\Local\Temp\ccMUTpIw.s 			page 10


 514 01e5 60       		.byte	96
 515 01e6 07       		.byte	7
 516 01e7 02       		.byte	2
 517 01e8 5F       		.byte	95
 518 01e9 20       		.byte	32
 519 01ea 62       		.byte	98
 520 01eb 01       		.byte	1
 521 01ec 63       		.byte	99
 522 01ed 02       		.byte	2
 523 01ee 67       		.byte	103
 524 01ef 08       		.byte	8
 525 01f0 87       		.byte	-121
 526 01f1 01       		.byte	1
 527 01f2 95       		.byte	-107
 528 01f3 10       		.byte	16
 529 01f4 AC       		.byte	-84
 530 01f5 40       		.byte	64
 531 01f6 C0       		.byte	-64
 532 01f7 80       		.byte	-128
 533 01f8 D6       		.byte	-42
 534 01f9 60       		.byte	96
 535 01fa D8       		.byte	-40
 536 01fb C0       		.byte	-64
 537 01fc E6       		.byte	-26
 538 01fd 10       		.byte	16
 539 01fe EC       		.byte	-20
 540 01ff 10       		.byte	16
 541 0200 AA       		.byte	-86
 542 0201 01       		.byte	1
 543 0202 AB       		.byte	-85
 544 0203 02       		.byte	2
 545 0204 AF       		.byte	-81
 546 0205 24       		.byte	36
 547 0206 B1       		.byte	-79
 548 0207 10       		.byte	16
 549 0208 EA       		.byte	-22
 550 0209 60       		.byte	96
 551 020a EC       		.byte	-20
 552 020b 80       		.byte	-128
 553 020c EE       		.byte	-18
 554 020d 10       		.byte	16
 555 020e 56       		.byte	86
 556 020f 80       		.byte	-128
 557 0210 57       		.byte	87
 558 0211 01       		.byte	1
 559 0212 58       		.byte	88
 560 0213 20       		.byte	32
 561 0214 61       		.byte	97
 562 0215 80       		.byte	-128
 563 0216 62       		.byte	98
 564 0217 01       		.byte	1
 565 0218 64       		.byte	100
 566 0219 11       		.byte	17
 567 021a D4       		.byte	-44
 568 021b 03       		.byte	3
 569 021c D6       		.byte	-42
 570 021d 07       		.byte	7
ARM GAS  C:\Users\adria\AppData\Local\Temp\ccMUTpIw.s 			page 11


 571 021e D8       		.byte	-40
 572 021f 03       		.byte	3
 573 0220 84       		.byte	-124
 574 0221 01       		.byte	1
 575 0222 85       		.byte	-123
 576 0223 80       		.byte	-128
 577 0224 87       		.byte	-121
 578 0225 01       		.byte	1
 579 0226 8C       		.byte	-116
 580 0227 20       		.byte	32
 581 0228 8E       		.byte	-114
 582 0229 80       		.byte	-128
 583 022a 9C       		.byte	-100
 584 022b 21       		.byte	33
 585 022c 9E       		.byte	-98
 586 022d 81       		.byte	-127
 587 022e A5       		.byte	-91
 588 022f 80       		.byte	-128
 589 0230 A7       		.byte	-89
 590 0231 01       		.byte	1
 591 0232 AC       		.byte	-84
 592 0233 10       		.byte	16
 593 0234 E0       		.byte	-32
 594 0235 02       		.byte	2
 595 0236 E4       		.byte	-28
 596 0237 08       		.byte	8
 597 0238 82       		.byte	-126
 598 0239 01       		.byte	1
 599 023a 9E       		.byte	-98
 600 023b 01       		.byte	1
 601 023c 02       		.byte	2
 602 023d 20       		.byte	32
 603 023e 04       		.byte	4
 604 023f 08       		.byte	8
 605 0240 23       		.byte	35
 606 0241 20       		.byte	32
 607 0242 83       		.byte	-125
 608 0243 20       		.byte	32
 609 0244 95       		.byte	-107
 610 0245 01       		.byte	1
 611 0246 B1       		.byte	-79
 612 0247 01       		.byte	1
 613 0248 C0       		.byte	-64
 614 0249 30       		.byte	48
 615 024a C8       		.byte	-56
 616 024b 40       		.byte	64
 617 024c E0       		.byte	-32
 618 024d 80       		.byte	-128
 619 024e 01       		.byte	1
 620 024f 01       		.byte	1
 621 0250 06       		.byte	6
 622 0251 40       		.byte	64
 623 0252 86       		.byte	-122
 624 0253 40       		.byte	64
 625 0254 95       		.byte	-107
 626 0255 01       		.byte	1
 627 0256 AE       		.byte	-82
ARM GAS  C:\Users\adria\AppData\Local\Temp\ccMUTpIw.s 			page 12


 628 0257 20       		.byte	32
 629 0258 B4       		.byte	-76
 630 0259 04       		.byte	4
 631 025a C0       		.byte	-64
 632 025b 30       		.byte	48
 633 025c E0       		.byte	-32
 634 025d 10       		.byte	16
 635 025e EC       		.byte	-20
 636 025f 40       		.byte	64
 637 0260 51       		.byte	81
 638 0261 10       		.byte	16
 639 0262 5A       		.byte	90
 640 0263 02       		.byte	2
 641 0264 5F       		.byte	95
 642 0265 02       		.byte	2
 643 0266 62       		.byte	98
 644 0267 04       		.byte	4
 645 0268 66       		.byte	102
 646 0269 10       		.byte	16
 647 026a 8E       		.byte	-114
 648 026b 04       		.byte	4
 649 026c 91       		.byte	-111
 650 026d 20       		.byte	32
 651 026e 92       		.byte	-110
 652 026f 02       		.byte	2
 653 0270 9A       		.byte	-102
 654 0271 10       		.byte	16
 655 0272 AE       		.byte	-82
 656 0273 11       		.byte	17
 657 0274 B1       		.byte	-79
 658 0275 10       		.byte	16
 659 0276 D4       		.byte	-44
 660 0277 04       		.byte	4
 661 0278 D6       		.byte	-42
 662 0279 03       		.byte	3
 663 027a D8       		.byte	-40
 664 027b 03       		.byte	3
 665 027c E4       		.byte	-28
 666 027d 08       		.byte	8
 667 027e EC       		.byte	-20
 668 027f 04       		.byte	4
 669 0280 AB       		.byte	-85
 670 0281 02       		.byte	2
 671 0282 00       		.byte	0
 672 0283 05       		.byte	5
 673 0284 08       		.byte	8
 674 0285 01       		.byte	1
 675 0286 0C       		.byte	12
 676 0287 04       		.byte	4
 677 0288 10       		.byte	16
 678 0289 0A       		.byte	10
 679 028a 00       		.byte	0
 680 028b 00       		.byte	0
 681 028c CC       		.byte	-52
 682 028d 00       		.byte	0
 683 028e 00       		.byte	0
 684 028f DC       		.byte	-36
ARM GAS  C:\Users\adria\AppData\Local\Temp\ccMUTpIw.s 			page 13


 685 0290 D4       		.byte	-44
 686 0291 00       		.byte	0
 687 0292 D4       		.byte	-44
 688 0293 00       		.byte	0
 689 0294 00       		.byte	0
 690 0295 00       		.byte	0
 691 0296 00       		.byte	0
 692 0297 00       		.byte	0
 693 0298 03       		.byte	3
 694 0299 00       		.byte	0
 695 029a 00       		.byte	0
 696 029b 03       		.byte	3
 697 029c 00       		.byte	0
 698 029d 00       		.byte	0
 699 029e 00       		.byte	0
 700 029f 00       		.byte	0
 701 02a0 00       		.byte	0
 702 02a1 00       		.byte	0
 703 02a2 00       		.byte	0
 704 02a3 00       		.byte	0
 705 02a4 00       		.byte	0
 706 02a5 FF       		.byte	-1
 707 02a6 FF       		.byte	-1
 708 02a7 00       		.byte	0
 709 02a8 F4       		.byte	-12
 710 02a9 00       		.byte	0
 711 02aa 00       		.byte	0
 712 02ab 00       		.byte	0
 713 02ac 00       		.byte	0
 714 02ad FE       		.byte	-2
 715 02ae FE       		.byte	-2
 716 02af 00       		.byte	0
 717 02b0 FE       		.byte	-2
 718 02b1 00       		.byte	0
 719 02b2 00       		.byte	0
 720 02b3 00       		.byte	0
 721 02b4 03       		.byte	3
 722 02b5 00       		.byte	0
 723 02b6 00       		.byte	0
 724 02b7 03       		.byte	3
 725 02b8 00       		.byte	0
 726 02b9 00       		.byte	0
 727 02ba 00       		.byte	0
 728 02bb 00       		.byte	0
 729 02bc 00       		.byte	0
 730 02bd 00       		.byte	0
 731 02be 00       		.byte	0
 732 02bf 00       		.byte	0
 733 02c0 00       		.byte	0
 734 02c1 01       		.byte	1
 735 02c2 00       		.byte	0
 736 02c3 00       		.byte	0
 737              		.section	.cywolatch,"a",%progbits
 738              		.align	2
 739              		.type	cy_meta_wonvl, %object
 740              		.size	cy_meta_wonvl, 4
 741              	cy_meta_wonvl:
ARM GAS  C:\Users\adria\AppData\Local\Temp\ccMUTpIw.s 			page 14


 742 0000 BC       		.byte	-68
 743 0001 90       		.byte	-112
 744 0002 AC       		.byte	-84
 745 0003 AF       		.byte	-81
 746              		.section	.cycustnvl,"a",%progbits
 747              		.align	2
 748              		.type	cy_meta_custnvl, %object
 749              		.size	cy_meta_custnvl, 4
 750              	cy_meta_custnvl:
 751 0000 00       		.byte	0
 752 0001 00       		.byte	0
 753 0002 40       		.byte	64
 754 0003 05       		.byte	5
 755              		.section	.cymeta,"a",%progbits
 756              		.align	2
 757              		.type	cy_metadata, %object
 758              		.size	cy_metadata, 12
 759              	cy_metadata:
 760 0000 00       		.byte	0
 761 0001 01       		.byte	1
 762 0002 2E       		.byte	46
 763 0003 16       		.byte	22
 764 0004 10       		.byte	16
 765 0005 69       		.byte	105
 766 0006 00       		.byte	0
 767 0007 01       		.byte	1
 768 0008 00       		.byte	0
 769 0009 00       		.byte	0
 770 000a 00       		.byte	0
 771 000b 00       		.byte	0
 772              		.section	.cyflashprotect,"a",%progbits
 773              		.align	2
 774              		.type	cy_meta_flashprotect, %object
 775              		.size	cy_meta_flashprotect, 256
 776              	cy_meta_flashprotect:
 777 0000 00000000 		.space	256
 777      00000000 
 777      00000000 
 777      00000000 
 777      00000000 
 778              		.text
 779              	.Letext0:
 780              		.file 1 "c:\\program files (x86)\\cypress\\psoc creator\\4.4\\psoc creator\\import\\gnu\\arm\\5.4.
 781              		.file 2 "c:\\program files (x86)\\cypress\\psoc creator\\4.4\\psoc creator\\import\\gnu\\arm\\5.4.
 782              		.file 3 "Generated_Source\\PSoC5\\cymetadata.c"
 783              		.section	.debug_info,"",%progbits
 784              	.Ldebug_info0:
 785 0000 31010000 		.4byte	0x131
 786 0004 0400     		.2byte	0x4
 787 0006 00000000 		.4byte	.Ldebug_abbrev0
 788 000a 04       		.byte	0x4
 789 000b 01       		.uleb128 0x1
 790 000c 24000000 		.4byte	.LASF17
 791 0010 0C       		.byte	0xc
 792 0011 FD010000 		.4byte	.LASF18
 793 0015 D7000000 		.4byte	.LASF19
 794 0019 00000000 		.4byte	.Ldebug_line0
ARM GAS  C:\Users\adria\AppData\Local\Temp\ccMUTpIw.s 			page 15


 795 001d 02       		.uleb128 0x2
 796 001e 01       		.byte	0x1
 797 001f 06       		.byte	0x6
 798 0020 F1010000 		.4byte	.LASF0
 799 0024 03       		.uleb128 0x3
 800 0025 00000000 		.4byte	.LASF9
 801 0029 01       		.byte	0x1
 802 002a 1D       		.byte	0x1d
 803 002b 2F000000 		.4byte	0x2f
 804 002f 02       		.uleb128 0x2
 805 0030 01       		.byte	0x1
 806 0031 08       		.byte	0x8
 807 0032 16000000 		.4byte	.LASF1
 808 0036 02       		.uleb128 0x2
 809 0037 02       		.byte	0x2
 810 0038 05       		.byte	0x5
 811 0039 DE010000 		.4byte	.LASF2
 812 003d 02       		.uleb128 0x2
 813 003e 02       		.byte	0x2
 814 003f 07       		.byte	0x7
 815 0040 C4000000 		.4byte	.LASF3
 816 0044 02       		.uleb128 0x2
 817 0045 04       		.byte	0x4
 818 0046 05       		.byte	0x5
 819 0047 E8010000 		.4byte	.LASF4
 820 004b 02       		.uleb128 0x2
 821 004c 04       		.byte	0x4
 822 004d 07       		.byte	0x7
 823 004e B2000000 		.4byte	.LASF5
 824 0052 02       		.uleb128 0x2
 825 0053 08       		.byte	0x8
 826 0054 05       		.byte	0x5
 827 0055 D0010000 		.4byte	.LASF6
 828 0059 02       		.uleb128 0x2
 829 005a 08       		.byte	0x8
 830 005b 07       		.byte	0x7
 831 005c 85010000 		.4byte	.LASF7
 832 0060 04       		.uleb128 0x4
 833 0061 04       		.byte	0x4
 834 0062 05       		.byte	0x5
 835 0063 696E7400 		.ascii	"int\000"
 836 0067 02       		.uleb128 0x2
 837 0068 04       		.byte	0x4
 838 0069 07       		.byte	0x7
 839 006a 78010000 		.4byte	.LASF8
 840 006e 03       		.uleb128 0x3
 841 006f 9C010000 		.4byte	.LASF10
 842 0073 02       		.byte	0x2
 843 0074 18       		.byte	0x18
 844 0075 24000000 		.4byte	0x24
 845 0079 05       		.uleb128 0x5
 846 007a 91000000 		.4byte	0x91
 847 007e 8A000000 		.4byte	0x8a
 848 0082 06       		.uleb128 0x6
 849 0083 8A000000 		.4byte	0x8a
 850 0087 C302     		.2byte	0x2c3
 851 0089 00       		.byte	0
ARM GAS  C:\Users\adria\AppData\Local\Temp\ccMUTpIw.s 			page 16


 852 008a 02       		.uleb128 0x2
 853 008b 04       		.byte	0x4
 854 008c 07       		.byte	0x7
 855 008d C7010000 		.4byte	.LASF11
 856 0091 07       		.uleb128 0x7
 857 0092 6E000000 		.4byte	0x6e
 858 0096 08       		.uleb128 0x8
 859 0097 66010000 		.4byte	.LASF12
 860 009b 03       		.byte	0x3
 861 009c 1F       		.byte	0x1f
 862 009d A7000000 		.4byte	0xa7
 863 00a1 05       		.uleb128 0x5
 864 00a2 03       		.byte	0x3
 865 00a3 00000000 		.4byte	cy_meta_configecc
 866 00a7 07       		.uleb128 0x7
 867 00a8 79000000 		.4byte	0x79
 868 00ac 05       		.uleb128 0x5
 869 00ad 91000000 		.4byte	0x91
 870 00b1 BC000000 		.4byte	0xbc
 871 00b5 09       		.uleb128 0x9
 872 00b6 8A000000 		.4byte	0x8a
 873 00ba 03       		.byte	0x3
 874 00bb 00       		.byte	0
 875 00bc 08       		.uleb128 0x8
 876 00bd 56010000 		.4byte	.LASF13
 877 00c1 03       		.byte	0x3
 878 00c2 85       		.byte	0x85
 879 00c3 CD000000 		.4byte	0xcd
 880 00c7 05       		.uleb128 0x5
 881 00c8 03       		.byte	0x3
 882 00c9 00000000 		.4byte	cy_meta_custnvl
 883 00cd 07       		.uleb128 0x7
 884 00ce AC000000 		.4byte	0xac
 885 00d2 08       		.uleb128 0x8
 886 00d3 B9010000 		.4byte	.LASF14
 887 00d7 03       		.byte	0x3
 888 00d8 93       		.byte	0x93
 889 00d9 E3000000 		.4byte	0xe3
 890 00dd 05       		.uleb128 0x5
 891 00de 03       		.byte	0x3
 892 00df 00000000 		.4byte	cy_meta_wonvl
 893 00e3 07       		.uleb128 0x7
 894 00e4 AC000000 		.4byte	0xac
 895 00e8 05       		.uleb128 0x5
 896 00e9 91000000 		.4byte	0x91
 897 00ed F8000000 		.4byte	0xf8
 898 00f1 09       		.uleb128 0x9
 899 00f2 8A000000 		.4byte	0x8a
 900 00f6 FF       		.byte	0xff
 901 00f7 00       		.byte	0
 902 00f8 08       		.uleb128 0x8
 903 00f9 A4010000 		.4byte	.LASF15
 904 00fd 03       		.byte	0x3
 905 00fe A1       		.byte	0xa1
 906 00ff 09010000 		.4byte	0x109
 907 0103 05       		.uleb128 0x5
 908 0104 03       		.byte	0x3
ARM GAS  C:\Users\adria\AppData\Local\Temp\ccMUTpIw.s 			page 17


 909 0105 00000000 		.4byte	cy_meta_flashprotect
 910 0109 07       		.uleb128 0x7
 911 010a E8000000 		.4byte	0xe8
 912 010e 05       		.uleb128 0x5
 913 010f 91000000 		.4byte	0x91
 914 0113 1E010000 		.4byte	0x11e
 915 0117 09       		.uleb128 0x9
 916 0118 8A000000 		.4byte	0x8a
 917 011c 0B       		.byte	0xb
 918 011d 00       		.byte	0
 919 011e 08       		.uleb128 0x8
 920 011f 0A000000 		.4byte	.LASF16
 921 0123 03       		.byte	0x3
 922 0124 CE       		.byte	0xce
 923 0125 2F010000 		.4byte	0x12f
 924 0129 05       		.uleb128 0x5
 925 012a 03       		.byte	0x3
 926 012b 00000000 		.4byte	cy_metadata
 927 012f 07       		.uleb128 0x7
 928 0130 0E010000 		.4byte	0x10e
 929 0134 00       		.byte	0
 930              		.section	.debug_abbrev,"",%progbits
 931              	.Ldebug_abbrev0:
 932 0000 01       		.uleb128 0x1
 933 0001 11       		.uleb128 0x11
 934 0002 01       		.byte	0x1
 935 0003 25       		.uleb128 0x25
 936 0004 0E       		.uleb128 0xe
 937 0005 13       		.uleb128 0x13
 938 0006 0B       		.uleb128 0xb
 939 0007 03       		.uleb128 0x3
 940 0008 0E       		.uleb128 0xe
 941 0009 1B       		.uleb128 0x1b
 942 000a 0E       		.uleb128 0xe
 943 000b 10       		.uleb128 0x10
 944 000c 17       		.uleb128 0x17
 945 000d 00       		.byte	0
 946 000e 00       		.byte	0
 947 000f 02       		.uleb128 0x2
 948 0010 24       		.uleb128 0x24
 949 0011 00       		.byte	0
 950 0012 0B       		.uleb128 0xb
 951 0013 0B       		.uleb128 0xb
 952 0014 3E       		.uleb128 0x3e
 953 0015 0B       		.uleb128 0xb
 954 0016 03       		.uleb128 0x3
 955 0017 0E       		.uleb128 0xe
 956 0018 00       		.byte	0
 957 0019 00       		.byte	0
 958 001a 03       		.uleb128 0x3
 959 001b 16       		.uleb128 0x16
 960 001c 00       		.byte	0
 961 001d 03       		.uleb128 0x3
 962 001e 0E       		.uleb128 0xe
 963 001f 3A       		.uleb128 0x3a
 964 0020 0B       		.uleb128 0xb
 965 0021 3B       		.uleb128 0x3b
ARM GAS  C:\Users\adria\AppData\Local\Temp\ccMUTpIw.s 			page 18


 966 0022 0B       		.uleb128 0xb
 967 0023 49       		.uleb128 0x49
 968 0024 13       		.uleb128 0x13
 969 0025 00       		.byte	0
 970 0026 00       		.byte	0
 971 0027 04       		.uleb128 0x4
 972 0028 24       		.uleb128 0x24
 973 0029 00       		.byte	0
 974 002a 0B       		.uleb128 0xb
 975 002b 0B       		.uleb128 0xb
 976 002c 3E       		.uleb128 0x3e
 977 002d 0B       		.uleb128 0xb
 978 002e 03       		.uleb128 0x3
 979 002f 08       		.uleb128 0x8
 980 0030 00       		.byte	0
 981 0031 00       		.byte	0
 982 0032 05       		.uleb128 0x5
 983 0033 01       		.uleb128 0x1
 984 0034 01       		.byte	0x1
 985 0035 49       		.uleb128 0x49
 986 0036 13       		.uleb128 0x13
 987 0037 01       		.uleb128 0x1
 988 0038 13       		.uleb128 0x13
 989 0039 00       		.byte	0
 990 003a 00       		.byte	0
 991 003b 06       		.uleb128 0x6
 992 003c 21       		.uleb128 0x21
 993 003d 00       		.byte	0
 994 003e 49       		.uleb128 0x49
 995 003f 13       		.uleb128 0x13
 996 0040 2F       		.uleb128 0x2f
 997 0041 05       		.uleb128 0x5
 998 0042 00       		.byte	0
 999 0043 00       		.byte	0
 1000 0044 07       		.uleb128 0x7
 1001 0045 26       		.uleb128 0x26
 1002 0046 00       		.byte	0
 1003 0047 49       		.uleb128 0x49
 1004 0048 13       		.uleb128 0x13
 1005 0049 00       		.byte	0
 1006 004a 00       		.byte	0
 1007 004b 08       		.uleb128 0x8
 1008 004c 34       		.uleb128 0x34
 1009 004d 00       		.byte	0
 1010 004e 03       		.uleb128 0x3
 1011 004f 0E       		.uleb128 0xe
 1012 0050 3A       		.uleb128 0x3a
 1013 0051 0B       		.uleb128 0xb
 1014 0052 3B       		.uleb128 0x3b
 1015 0053 0B       		.uleb128 0xb
 1016 0054 49       		.uleb128 0x49
 1017 0055 13       		.uleb128 0x13
 1018 0056 3F       		.uleb128 0x3f
 1019 0057 19       		.uleb128 0x19
 1020 0058 02       		.uleb128 0x2
 1021 0059 18       		.uleb128 0x18
 1022 005a 00       		.byte	0
ARM GAS  C:\Users\adria\AppData\Local\Temp\ccMUTpIw.s 			page 19


 1023 005b 00       		.byte	0
 1024 005c 09       		.uleb128 0x9
 1025 005d 21       		.uleb128 0x21
 1026 005e 00       		.byte	0
 1027 005f 49       		.uleb128 0x49
 1028 0060 13       		.uleb128 0x13
 1029 0061 2F       		.uleb128 0x2f
 1030 0062 0B       		.uleb128 0xb
 1031 0063 00       		.byte	0
 1032 0064 00       		.byte	0
 1033 0065 00       		.byte	0
 1034              		.section	.debug_aranges,"",%progbits
 1035 0000 14000000 		.4byte	0x14
 1036 0004 0200     		.2byte	0x2
 1037 0006 00000000 		.4byte	.Ldebug_info0
 1038 000a 04       		.byte	0x4
 1039 000b 00       		.byte	0
 1040 000c 0000     		.2byte	0
 1041 000e 0000     		.2byte	0
 1042 0010 00000000 		.4byte	0
 1043 0014 00000000 		.4byte	0
 1044              		.section	.debug_line,"",%progbits
 1045              	.Ldebug_line0:
 1046 0000 3D010000 		.section	.debug_str,"MS",%progbits,1
 1046      02003701 
 1046      00000201 
 1046      FB0E0D00 
 1046      01010101 
 1047              	.LASF9:
 1048 0000 5F5F7569 		.ascii	"__uint8_t\000"
 1048      6E74385F 
 1048      7400
 1049              	.LASF16:
 1050 000a 63795F6D 		.ascii	"cy_metadata\000"
 1050      65746164 
 1050      61746100 
 1051              	.LASF1:
 1052 0016 756E7369 		.ascii	"unsigned char\000"
 1052      676E6564 
 1052      20636861 
 1052      7200
 1053              	.LASF17:
 1054 0024 474E5520 		.ascii	"GNU C11 5.4.1 20160609 (release) [ARM/embedded-5-br"
 1054      43313120 
 1054      352E342E 
 1054      31203230 
 1054      31363036 
 1055 0057 616E6368 		.ascii	"anch revision 237715] -mcpu=cortex-m3 -mthumb -g -O"
 1055      20726576 
 1055      6973696F 
 1055      6E203233 
 1055      37373135 
 1056 008a 67202D66 		.ascii	"g -ffunction-sections -ffat-lto-objects\000"
 1056      66756E63 
 1056      74696F6E 
 1056      2D736563 
 1056      74696F6E 
ARM GAS  C:\Users\adria\AppData\Local\Temp\ccMUTpIw.s 			page 20


 1057              	.LASF5:
 1058 00b2 6C6F6E67 		.ascii	"long unsigned int\000"
 1058      20756E73 
 1058      69676E65 
 1058      6420696E 
 1058      7400
 1059              	.LASF3:
 1060 00c4 73686F72 		.ascii	"short unsigned int\000"
 1060      7420756E 
 1060      7369676E 
 1060      65642069 
 1060      6E7400
 1061              	.LASF19:
 1062 00d7 433A5C55 		.ascii	"C:\\Users\\adria\\OneDrive\\Documents\\psoc\\Contro"
 1062      73657273 
 1062      5C616472 
 1062      69615C4F 
 1062      6E654472 
 1063 0104 6C5F6465 		.ascii	"l_delocidad_direccion_motorDC_180V\\Control_delocid"
 1063      6C6F6369 
 1063      6461645F 
 1063      64697265 
 1063      6363696F 
 1064 0136 61645F64 		.ascii	"ad_direccion_motorDC_180V.cydsn\000"
 1064      69726563 
 1064      63696F6E 
 1064      5F6D6F74 
 1064      6F724443 
 1065              	.LASF13:
 1066 0156 63795F6D 		.ascii	"cy_meta_custnvl\000"
 1066      6574615F 
 1066      63757374 
 1066      6E766C00 
 1067              	.LASF12:
 1068 0166 63795F6D 		.ascii	"cy_meta_configecc\000"
 1068      6574615F 
 1068      636F6E66 
 1068      69676563 
 1068      6300
 1069              	.LASF8:
 1070 0178 756E7369 		.ascii	"unsigned int\000"
 1070      676E6564 
 1070      20696E74 
 1070      00
 1071              	.LASF7:
 1072 0185 6C6F6E67 		.ascii	"long long unsigned int\000"
 1072      206C6F6E 
 1072      6720756E 
 1072      7369676E 
 1072      65642069 
 1073              	.LASF10:
 1074 019c 75696E74 		.ascii	"uint8_t\000"
 1074      385F7400 
 1075              	.LASF15:
 1076 01a4 63795F6D 		.ascii	"cy_meta_flashprotect\000"
 1076      6574615F 
 1076      666C6173 
ARM GAS  C:\Users\adria\AppData\Local\Temp\ccMUTpIw.s 			page 21


 1076      6870726F 
 1076      74656374 
 1077              	.LASF14:
 1078 01b9 63795F6D 		.ascii	"cy_meta_wonvl\000"
 1078      6574615F 
 1078      776F6E76 
 1078      6C00
 1079              	.LASF11:
 1080 01c7 73697A65 		.ascii	"sizetype\000"
 1080      74797065 
 1080      00
 1081              	.LASF6:
 1082 01d0 6C6F6E67 		.ascii	"long long int\000"
 1082      206C6F6E 
 1082      6720696E 
 1082      7400
 1083              	.LASF2:
 1084 01de 73686F72 		.ascii	"short int\000"
 1084      7420696E 
 1084      7400
 1085              	.LASF4:
 1086 01e8 6C6F6E67 		.ascii	"long int\000"
 1086      20696E74 
 1086      00
 1087              	.LASF0:
 1088 01f1 7369676E 		.ascii	"signed char\000"
 1088      65642063 
 1088      68617200 
 1089              	.LASF18:
 1090 01fd 47656E65 		.ascii	"Generated_Source\\PSoC5\\cymetadata.c\000"
 1090      72617465 
 1090      645F536F 
 1090      75726365 
 1090      5C50536F 
 1091              		.ident	"GCC: (GNU Tools for ARM Embedded Processors) 5.4.1 20160609 (release) [ARM/embedded-5-bran
