ARM GAS  C:\Users\adria\AppData\Local\Temp\ccMLiJ3e.s 			page 1


   1              		.syntax unified
   2              		.cpu cortex-m3
   3              		.fpu softvfp
   4              		.eabi_attribute 20, 1
   5              		.eabi_attribute 21, 1
   6              		.eabi_attribute 23, 3
   7              		.eabi_attribute 24, 1
   8              		.eabi_attribute 25, 1
   9              		.eabi_attribute 26, 1
  10              		.eabi_attribute 30, 1
  11              		.eabi_attribute 34, 1
  12              		.eabi_attribute 18, 4
  13              		.thumb
  14              		.syntax unified
  15              		.file	"main.c"
  16              		.text
  17              	.Ltext0:
  18              		.cfi_sections	.debug_frame
  19              		.section	.text.main,"ax",%progbits
  20              		.align	2
  21              		.global	main
  22              		.thumb
  23              		.thumb_func
  24              		.type	main, %function
  25              	main:
  26              	.LFB63:
  27              		.file 1 "main.c"
   1:main.c        **** 
   2:main.c        **** #include "project.h"
   3:main.c        **** #include "Maniobras.h"
   4:main.c        **** 
   5:main.c        **** //Variables globales
   6:main.c        **** uint8_t mando, mando_anterior=Paro;//Contiene los estados de las entradas de control
   7:main.c        **** uint8_t Potenccia=0;//Numero de conteo comparación del PWM
   8:main.c        **** 
   9:main.c        **** int main(void)
  10:main.c        **** {
  28              		.loc 1 10 0
  29              		.cfi_startproc
  30              		@ Volatile: function does not return.
  31              		@ args = 0, pretend = 0, frame = 0
  32              		@ frame_needed = 0, uses_anonymous_args = 0
  33 0000 08B5     		push	{r3, lr}
  34              		.cfi_def_cfa_offset 8
  35              		.cfi_offset 3, -8
  36              		.cfi_offset 14, -4
  11:main.c        ****     CyGlobalIntEnable;
  37              		.loc 1 11 0
  38              		.syntax unified
  39              	@ 11 "main.c" 1
  40 0002 62B6     		CPSIE   i
  41              	@ 0 "" 2
  12:main.c        ****     //Perifericos
  13:main.c        ****     PWM_Mosfet_Start();
  42              		.loc 1 13 0
  43              		.thumb
  44              		.syntax unified
ARM GAS  C:\Users\adria\AppData\Local\Temp\ccMLiJ3e.s 			page 2


  45 0004 FFF7FEFF 		bl	PWM_Mosfet_Start
  46              	.LVL0:
  14:main.c        ****     LED_VELOCIDAD_Start();
  47              		.loc 1 14 0
  48 0008 FFF7FEFF 		bl	LED_VELOCIDAD_Start
  49              	.LVL1:
  15:main.c        ****     
  16:main.c        ****     //Condiciones iniciales
  17:main.c        ****     LED_VELOCIDAD_Write7SegNumberDec(0,0,4,0);//Mostramos la potecia inicial                       
  50              		.loc 1 17 0
  51 000c 0023     		movs	r3, #0
  52 000e 0422     		movs	r2, #4
  53 0010 1946     		mov	r1, r3
  54 0012 1846     		mov	r0, r3
  55 0014 FFF7FEFF 		bl	LED_VELOCIDAD_Write7SegNumberDec
  56              	.LVL2:
  18:main.c        ****     PWM_Mosfet_WriteCompare(255);//Reteamos velocidad a 0
  57              		.loc 1 18 0
  58 0018 FF20     		movs	r0, #255
  59 001a FFF7FEFF 		bl	PWM_Mosfet_WriteCompare
  60              	.LVL3:
  19:main.c        ****     Driver_RELAY_Write(paro_total);//sETEAMOS LA SALIDA A PARO TOTAL
  61              		.loc 1 19 0
  62 001e 0120     		movs	r0, #1
  63 0020 FFF7FEFF 		bl	Driver_RELAY_Write
  64              	.LVL4:
  65              	.L2:
  20:main.c        ****     
  21:main.c        ****     for(;;)
  22:main.c        ****     {
  23:main.c        ****       //checamos el registro de control
  24:main.c        ****        mando = Control_manual_Read();
  66              		.loc 1 24 0
  67 0024 FFF7FEFF 		bl	Control_manual_Read
  68              	.LVL5:
  69 0028 1C4B     		ldr	r3, .L12
  70 002a 1870     		strb	r0, [r3]
  25:main.c        ****        
  26:main.c        ****       //Existió algún cambio del registro con su estado normal??
  27:main.c        ****     /*
  28:main.c        ****         El registro de control en los botones es
  29:main.c        ****         0b00011111  --> 0x1F
  30:main.c        ****       */
  31:main.c        ****       if(mando != 0x1F){
  71              		.loc 1 31 0
  72 002c 1F28     		cmp	r0, #31
  73 002e F9D0     		beq	.L2
  32:main.c        ****         
  33:main.c        ****           if(mando != mando_anterior){//Revisamos si la nueva accion no es el estado actual
  74              		.loc 1 33 0
  75 0030 1B4B     		ldr	r3, .L12+4
  76 0032 1B78     		ldrb	r3, [r3]	@ zero_extendqisi2
  77 0034 9842     		cmp	r0, r3
  78 0036 2CD0     		beq	.L3
  34:main.c        ****             switch(mando){
  79              		.loc 1 34 0
  80 0038 0F38     		subs	r0, r0, #15
ARM GAS  C:\Users\adria\AppData\Local\Temp\ccMLiJ3e.s 			page 3


  81 003a 0F28     		cmp	r0, #15
  82 003c 29D8     		bhi	.L3
  83 003e DFE800F0 		tbb	[pc, r0]
  84              	.L5:
  85 0042 08       		.byte	(.L4-.L5)/2
  86 0043 28       		.byte	(.L3-.L5)/2
  87 0044 28       		.byte	(.L3-.L5)/2
  88 0045 28       		.byte	(.L3-.L5)/2
  89 0046 28       		.byte	(.L3-.L5)/2
  90 0047 28       		.byte	(.L3-.L5)/2
  91 0048 28       		.byte	(.L3-.L5)/2
  92 0049 28       		.byte	(.L3-.L5)/2
  93 004a 10       		.byte	(.L6-.L5)/2
  94 004b 28       		.byte	(.L3-.L5)/2
  95 004c 28       		.byte	(.L3-.L5)/2
  96 004d 28       		.byte	(.L3-.L5)/2
  97 004e 0C       		.byte	(.L7-.L5)/2
  98 004f 28       		.byte	(.L3-.L5)/2
  99 0050 14       		.byte	(.L8-.L5)/2
 100 0051 1F       		.byte	(.L9-.L5)/2
 101              		.p2align 1
 102              	.L4:
  35:main.c        ****             case Paro:
  36:main.c        ****                 SENTIDO(paro_total);
 103              		.loc 1 36 0
 104 0052 0120     		movs	r0, #1
 105 0054 FFF7FEFF 		bl	SENTIDO
 106              	.LVL6:
  37:main.c        ****                 break;
 107              		.loc 1 37 0
 108 0058 1BE0     		b	.L3
 109              	.L7:
  38:main.c        ****             case Der:
  39:main.c        ****                 SENTIDO(Derecha);
 110              		.loc 1 39 0
 111 005a 0220     		movs	r0, #2
 112 005c FFF7FEFF 		bl	SENTIDO
 113              	.LVL7:
  40:main.c        ****                 break;
 114              		.loc 1 40 0
 115 0060 17E0     		b	.L3
 116              	.L6:
  41:main.c        ****             case Izq:
  42:main.c        ****                 SENTIDO(Izquierda);
 117              		.loc 1 42 0
 118 0062 0420     		movs	r0, #4
 119 0064 FFF7FEFF 		bl	SENTIDO
 120              	.LVL8:
  43:main.c        ****                 break;
 121              		.loc 1 43 0
 122 0068 13E0     		b	.L3
 123              	.L8:
  44:main.c        ****             case Vmas:
  45:main.c        ****                 if(Potenccia<100){
 124              		.loc 1 45 0
 125 006a 0E4B     		ldr	r3, .L12+8
 126 006c 1B78     		ldrb	r3, [r3]	@ zero_extendqisi2
ARM GAS  C:\Users\adria\AppData\Local\Temp\ccMLiJ3e.s 			page 4


 127 006e 632B     		cmp	r3, #99
 128 0070 0FD8     		bhi	.L3
  46:main.c        ****                     Potenccia++;//Aumentamos potencia
 129              		.loc 1 46 0
 130 0072 0133     		adds	r3, r3, #1
 131 0074 D8B2     		uxtb	r0, r3
 132 0076 0B4B     		ldr	r3, .L12+8
 133 0078 1870     		strb	r0, [r3]
  47:main.c        ****                     Velocidad(Potenccia);
 134              		.loc 1 47 0
 135 007a FFF7FEFF 		bl	Velocidad
 136              	.LVL9:
 137 007e 08E0     		b	.L3
 138              	.L9:
  48:main.c        ****                 }
  49:main.c        ****                 break;
  50:main.c        ****             case Vmenos:
  51:main.c        ****                 if(Potenccia>0){
 139              		.loc 1 51 0
 140 0080 084B     		ldr	r3, .L12+8
 141 0082 1B78     		ldrb	r3, [r3]	@ zero_extendqisi2
 142 0084 2BB1     		cbz	r3, .L3
  52:main.c        ****                     Potenccia--;//Disminuimos potencia potencia
 143              		.loc 1 52 0
 144 0086 013B     		subs	r3, r3, #1
 145 0088 D8B2     		uxtb	r0, r3
 146 008a 064B     		ldr	r3, .L12+8
 147 008c 1870     		strb	r0, [r3]
  53:main.c        ****                     Velocidad(Potenccia);
 148              		.loc 1 53 0
 149 008e FFF7FEFF 		bl	Velocidad
 150              	.LVL10:
 151              	.L3:
  54:main.c        ****                 }
  55:main.c        ****                 break;  
  56:main.c        ****           }    
  57:main.c        ****     }
  58:main.c        ****         mando_anterior = mando;
 152              		.loc 1 58 0
 153 0092 024B     		ldr	r3, .L12
 154 0094 1A78     		ldrb	r2, [r3]	@ zero_extendqisi2
 155 0096 024B     		ldr	r3, .L12+4
 156 0098 1A70     		strb	r2, [r3]
 157 009a C3E7     		b	.L2
 158              	.L13:
 159              		.align	2
 160              	.L12:
 161 009c 00000000 		.word	mando
 162 00a0 00000000 		.word	.LANCHOR0
 163 00a4 00000000 		.word	.LANCHOR1
 164              		.cfi_endproc
 165              	.LFE63:
 166              		.size	main, .-main
 167              		.global	Potenccia
 168              		.global	mando_anterior
 169              		.comm	mando,1,1
 170              		.data
ARM GAS  C:\Users\adria\AppData\Local\Temp\ccMLiJ3e.s 			page 5


 171              		.set	.LANCHOR0,. + 0
 172              		.type	mando_anterior, %object
 173              		.size	mando_anterior, 1
 174              	mando_anterior:
 175 0000 0F       		.byte	15
 176              		.bss
 177              		.set	.LANCHOR1,. + 0
 178              		.type	Potenccia, %object
 179              		.size	Potenccia, 1
 180              	Potenccia:
 181 0000 00       		.space	1
 182              		.text
 183              	.Letext0:
 184              		.file 2 "c:\\program files (x86)\\cypress\\psoc creator\\4.4\\psoc creator\\import\\gnu\\arm\\5.4.
 185              		.file 3 "c:\\program files (x86)\\cypress\\psoc creator\\4.4\\psoc creator\\import\\gnu\\arm\\5.4.
 186              		.file 4 "Generated_Source\\PSoC5/core_cm3.h"
 187              		.file 5 "Generated_Source\\PSoC5/PWM_Mosfet.h"
 188              		.file 6 "Generated_Source\\PSoC5/LED_VELOCIDAD.h"
 189              		.file 7 "Generated_Source\\PSoC5/Driver_RELAY.h"
 190              		.file 8 "Generated_Source\\PSoC5/Control_manual.h"
 191              		.file 9 "Maniobras.h"
 192              		.section	.debug_info,"",%progbits
 193              	.Ldebug_info0:
 194 0000 1C020000 		.4byte	0x21c
 195 0004 0400     		.2byte	0x4
 196 0006 00000000 		.4byte	.Ldebug_abbrev0
 197 000a 04       		.byte	0x4
 198 000b 01       		.uleb128 0x1
 199 000c 87000000 		.4byte	.LASF30
 200 0010 0C       		.byte	0xc
 201 0011 4D020000 		.4byte	.LASF31
 202 0015 29010000 		.4byte	.LASF32
 203 0019 00000000 		.4byte	.Ldebug_ranges0+0
 204 001d 00000000 		.4byte	0
 205 0021 00000000 		.4byte	.Ldebug_line0
 206 0025 02       		.uleb128 0x2
 207 0026 01       		.byte	0x1
 208 0027 06       		.byte	0x6
 209 0028 7E020000 		.4byte	.LASF0
 210 002c 03       		.uleb128 0x3
 211 002d 08000000 		.4byte	.LASF4
 212 0031 02       		.byte	0x2
 213 0032 1D       		.byte	0x1d
 214 0033 37000000 		.4byte	0x37
 215 0037 02       		.uleb128 0x2
 216 0038 01       		.byte	0x1
 217 0039 08       		.byte	0x8
 218 003a 79000000 		.4byte	.LASF1
 219 003e 02       		.uleb128 0x2
 220 003f 02       		.byte	0x2
 221 0040 05       		.byte	0x5
 222 0041 59020000 		.4byte	.LASF2
 223 0045 02       		.uleb128 0x2
 224 0046 02       		.byte	0x2
 225 0047 07       		.byte	0x7
 226 0048 40000000 		.4byte	.LASF3
 227 004c 03       		.uleb128 0x3
ARM GAS  C:\Users\adria\AppData\Local\Temp\ccMLiJ3e.s 			page 6


 228 004d 23000000 		.4byte	.LASF5
 229 0051 02       		.byte	0x2
 230 0052 3F       		.byte	0x3f
 231 0053 57000000 		.4byte	0x57
 232 0057 02       		.uleb128 0x2
 233 0058 04       		.byte	0x4
 234 0059 05       		.byte	0x5
 235 005a 69020000 		.4byte	.LASF6
 236 005e 02       		.uleb128 0x2
 237 005f 04       		.byte	0x4
 238 0060 07       		.byte	0x7
 239 0061 B5010000 		.4byte	.LASF7
 240 0065 02       		.uleb128 0x2
 241 0066 08       		.byte	0x8
 242 0067 05       		.byte	0x5
 243 0068 3F020000 		.4byte	.LASF8
 244 006c 02       		.uleb128 0x2
 245 006d 08       		.byte	0x8
 246 006e 07       		.byte	0x7
 247 006f 05020000 		.4byte	.LASF9
 248 0073 04       		.uleb128 0x4
 249 0074 04       		.byte	0x4
 250 0075 05       		.byte	0x5
 251 0076 696E7400 		.ascii	"int\000"
 252 007a 02       		.uleb128 0x2
 253 007b 04       		.byte	0x4
 254 007c 07       		.byte	0x7
 255 007d F8010000 		.4byte	.LASF10
 256 0081 03       		.uleb128 0x3
 257 0082 1C020000 		.4byte	.LASF11
 258 0086 03       		.byte	0x3
 259 0087 18       		.byte	0x18
 260 0088 2C000000 		.4byte	0x2c
 261 008c 03       		.uleb128 0x3
 262 008d 24020000 		.4byte	.LASF12
 263 0091 03       		.byte	0x3
 264 0092 2C       		.byte	0x2c
 265 0093 4C000000 		.4byte	0x4c
 266 0097 02       		.uleb128 0x2
 267 0098 04       		.byte	0x4
 268 0099 04       		.byte	0x4
 269 009a 73000000 		.4byte	.LASF13
 270 009e 02       		.uleb128 0x2
 271 009f 08       		.byte	0x8
 272 00a0 04       		.byte	0x4
 273 00a1 53000000 		.4byte	.LASF14
 274 00a5 02       		.uleb128 0x2
 275 00a6 01       		.byte	0x1
 276 00a7 08       		.byte	0x8
 277 00a8 54020000 		.4byte	.LASF15
 278 00ac 02       		.uleb128 0x2
 279 00ad 04       		.byte	0x4
 280 00ae 07       		.byte	0x7
 281 00af 36020000 		.4byte	.LASF16
 282 00b3 02       		.uleb128 0x2
 283 00b4 08       		.byte	0x8
 284 00b5 04       		.byte	0x4
ARM GAS  C:\Users\adria\AppData\Local\Temp\ccMLiJ3e.s 			page 7


 285 00b6 72020000 		.4byte	.LASF17
 286 00ba 05       		.uleb128 0x5
 287 00bb DB010000 		.4byte	.LASF33
 288 00bf 01       		.byte	0x1
 289 00c0 09       		.byte	0x9
 290 00c1 73000000 		.4byte	0x73
 291 00c5 00000000 		.4byte	.LFB63
 292 00c9 A8000000 		.4byte	.LFE63-.LFB63
 293 00cd 01       		.uleb128 0x1
 294 00ce 9C       		.byte	0x9c
 295 00cf 83010000 		.4byte	0x183
 296 00d3 06       		.uleb128 0x6
 297 00d4 08000000 		.4byte	.LVL0
 298 00d8 C7010000 		.4byte	0x1c7
 299 00dc 06       		.uleb128 0x6
 300 00dd 0C000000 		.4byte	.LVL1
 301 00e1 D2010000 		.4byte	0x1d2
 302 00e5 07       		.uleb128 0x7
 303 00e6 18000000 		.4byte	.LVL2
 304 00ea DD010000 		.4byte	0x1dd
 305 00ee 07010000 		.4byte	0x107
 306 00f2 08       		.uleb128 0x8
 307 00f3 01       		.uleb128 0x1
 308 00f4 50       		.byte	0x50
 309 00f5 01       		.uleb128 0x1
 310 00f6 30       		.byte	0x30
 311 00f7 08       		.uleb128 0x8
 312 00f8 01       		.uleb128 0x1
 313 00f9 51       		.byte	0x51
 314 00fa 01       		.uleb128 0x1
 315 00fb 30       		.byte	0x30
 316 00fc 08       		.uleb128 0x8
 317 00fd 01       		.uleb128 0x1
 318 00fe 52       		.byte	0x52
 319 00ff 01       		.uleb128 0x1
 320 0100 34       		.byte	0x34
 321 0101 08       		.uleb128 0x8
 322 0102 01       		.uleb128 0x1
 323 0103 53       		.byte	0x53
 324 0104 01       		.uleb128 0x1
 325 0105 30       		.byte	0x30
 326 0106 00       		.byte	0
 327 0107 07       		.uleb128 0x7
 328 0108 1E000000 		.4byte	.LVL3
 329 010c E8010000 		.4byte	0x1e8
 330 0110 1B010000 		.4byte	0x11b
 331 0114 08       		.uleb128 0x8
 332 0115 01       		.uleb128 0x1
 333 0116 50       		.byte	0x50
 334 0117 02       		.uleb128 0x2
 335 0118 09       		.byte	0x9
 336 0119 FF       		.byte	0xff
 337 011a 00       		.byte	0
 338 011b 07       		.uleb128 0x7
 339 011c 24000000 		.4byte	.LVL4
 340 0120 F3010000 		.4byte	0x1f3
 341 0124 2E010000 		.4byte	0x12e
ARM GAS  C:\Users\adria\AppData\Local\Temp\ccMLiJ3e.s 			page 8


 342 0128 08       		.uleb128 0x8
 343 0129 01       		.uleb128 0x1
 344 012a 50       		.byte	0x50
 345 012b 01       		.uleb128 0x1
 346 012c 31       		.byte	0x31
 347 012d 00       		.byte	0
 348 012e 06       		.uleb128 0x6
 349 012f 28000000 		.4byte	.LVL5
 350 0133 FE010000 		.4byte	0x1fe
 351 0137 07       		.uleb128 0x7
 352 0138 58000000 		.4byte	.LVL6
 353 013c 09020000 		.4byte	0x209
 354 0140 4A010000 		.4byte	0x14a
 355 0144 08       		.uleb128 0x8
 356 0145 01       		.uleb128 0x1
 357 0146 50       		.byte	0x50
 358 0147 01       		.uleb128 0x1
 359 0148 31       		.byte	0x31
 360 0149 00       		.byte	0
 361 014a 07       		.uleb128 0x7
 362 014b 60000000 		.4byte	.LVL7
 363 014f 09020000 		.4byte	0x209
 364 0153 5D010000 		.4byte	0x15d
 365 0157 08       		.uleb128 0x8
 366 0158 01       		.uleb128 0x1
 367 0159 50       		.byte	0x50
 368 015a 01       		.uleb128 0x1
 369 015b 32       		.byte	0x32
 370 015c 00       		.byte	0
 371 015d 07       		.uleb128 0x7
 372 015e 68000000 		.4byte	.LVL8
 373 0162 09020000 		.4byte	0x209
 374 0166 70010000 		.4byte	0x170
 375 016a 08       		.uleb128 0x8
 376 016b 01       		.uleb128 0x1
 377 016c 50       		.byte	0x50
 378 016d 01       		.uleb128 0x1
 379 016e 34       		.byte	0x34
 380 016f 00       		.byte	0
 381 0170 06       		.uleb128 0x6
 382 0171 7E000000 		.4byte	.LVL9
 383 0175 14020000 		.4byte	0x214
 384 0179 06       		.uleb128 0x6
 385 017a 92000000 		.4byte	.LVL10
 386 017e 14020000 		.4byte	0x214
 387 0182 00       		.byte	0
 388 0183 09       		.uleb128 0x9
 389 0184 A8010000 		.4byte	.LASF18
 390 0188 04       		.byte	0x4
 391 0189 1207     		.2byte	0x712
 392 018b 8F010000 		.4byte	0x18f
 393 018f 0A       		.uleb128 0xa
 394 0190 8C000000 		.4byte	0x8c
 395 0194 0B       		.uleb128 0xb
 396 0195 63020000 		.4byte	.LASF19
 397 0199 01       		.byte	0x1
 398 019a 06       		.byte	0x6
ARM GAS  C:\Users\adria\AppData\Local\Temp\ccMLiJ3e.s 			page 9


 399 019b 81000000 		.4byte	0x81
 400 019f 05       		.uleb128 0x5
 401 01a0 03       		.byte	0x3
 402 01a1 00000000 		.4byte	mando
 403 01a5 0B       		.uleb128 0xb
 404 01a6 5A000000 		.4byte	.LASF20
 405 01aa 01       		.byte	0x1
 406 01ab 06       		.byte	0x6
 407 01ac 81000000 		.4byte	0x81
 408 01b0 05       		.uleb128 0x5
 409 01b1 03       		.byte	0x3
 410 01b2 00000000 		.4byte	mando_anterior
 411 01b6 0B       		.uleb128 0xb
 412 01b7 69000000 		.4byte	.LASF21
 413 01bb 01       		.byte	0x1
 414 01bc 07       		.byte	0x7
 415 01bd 81000000 		.4byte	0x81
 416 01c1 05       		.uleb128 0x5
 417 01c2 03       		.byte	0x3
 418 01c3 00000000 		.4byte	Potenccia
 419 01c7 0C       		.uleb128 0xc
 420 01c8 12000000 		.4byte	.LASF22
 421 01cc 12000000 		.4byte	.LASF22
 422 01d0 05       		.byte	0x5
 423 01d1 92       		.byte	0x92
 424 01d2 0C       		.uleb128 0xc
 425 01d3 15010000 		.4byte	.LASF23
 426 01d7 15010000 		.4byte	.LASF23
 427 01db 06       		.byte	0x6
 428 01dc 57       		.byte	0x57
 429 01dd 0C       		.uleb128 0xc
 430 01de 8A020000 		.4byte	.LASF24
 431 01e2 8A020000 		.4byte	.LASF24
 432 01e6 06       		.byte	0x6
 433 01e7 61       		.byte	0x61
 434 01e8 0C       		.uleb128 0xc
 435 01e9 E0010000 		.4byte	.LASF25
 436 01ed E0010000 		.4byte	.LASF25
 437 01f1 05       		.byte	0x5
 438 01f2 C3       		.byte	0xc3
 439 01f3 0C       		.uleb128 0xc
 440 01f4 2D000000 		.4byte	.LASF26
 441 01f8 2D000000 		.4byte	.LASF26
 442 01fc 07       		.byte	0x7
 443 01fd 2F       		.byte	0x2f
 444 01fe 0C       		.uleb128 0xc
 445 01ff C7010000 		.4byte	.LASF27
 446 0203 C7010000 		.4byte	.LASF27
 447 0207 08       		.byte	0x8
 448 0208 30       		.byte	0x30
 449 0209 0C       		.uleb128 0xc
 450 020a 00000000 		.4byte	.LASF28
 451 020e 00000000 		.4byte	.LASF28
 452 0212 09       		.byte	0x9
 453 0213 2A       		.byte	0x2a
 454 0214 0C       		.uleb128 0xc
 455 0215 2C020000 		.4byte	.LASF29
ARM GAS  C:\Users\adria\AppData\Local\Temp\ccMLiJ3e.s 			page 10


 456 0219 2C020000 		.4byte	.LASF29
 457 021d 09       		.byte	0x9
 458 021e 2D       		.byte	0x2d
 459 021f 00       		.byte	0
 460              		.section	.debug_abbrev,"",%progbits
 461              	.Ldebug_abbrev0:
 462 0000 01       		.uleb128 0x1
 463 0001 11       		.uleb128 0x11
 464 0002 01       		.byte	0x1
 465 0003 25       		.uleb128 0x25
 466 0004 0E       		.uleb128 0xe
 467 0005 13       		.uleb128 0x13
 468 0006 0B       		.uleb128 0xb
 469 0007 03       		.uleb128 0x3
 470 0008 0E       		.uleb128 0xe
 471 0009 1B       		.uleb128 0x1b
 472 000a 0E       		.uleb128 0xe
 473 000b 55       		.uleb128 0x55
 474 000c 17       		.uleb128 0x17
 475 000d 11       		.uleb128 0x11
 476 000e 01       		.uleb128 0x1
 477 000f 10       		.uleb128 0x10
 478 0010 17       		.uleb128 0x17
 479 0011 00       		.byte	0
 480 0012 00       		.byte	0
 481 0013 02       		.uleb128 0x2
 482 0014 24       		.uleb128 0x24
 483 0015 00       		.byte	0
 484 0016 0B       		.uleb128 0xb
 485 0017 0B       		.uleb128 0xb
 486 0018 3E       		.uleb128 0x3e
 487 0019 0B       		.uleb128 0xb
 488 001a 03       		.uleb128 0x3
 489 001b 0E       		.uleb128 0xe
 490 001c 00       		.byte	0
 491 001d 00       		.byte	0
 492 001e 03       		.uleb128 0x3
 493 001f 16       		.uleb128 0x16
 494 0020 00       		.byte	0
 495 0021 03       		.uleb128 0x3
 496 0022 0E       		.uleb128 0xe
 497 0023 3A       		.uleb128 0x3a
 498 0024 0B       		.uleb128 0xb
 499 0025 3B       		.uleb128 0x3b
 500 0026 0B       		.uleb128 0xb
 501 0027 49       		.uleb128 0x49
 502 0028 13       		.uleb128 0x13
 503 0029 00       		.byte	0
 504 002a 00       		.byte	0
 505 002b 04       		.uleb128 0x4
 506 002c 24       		.uleb128 0x24
 507 002d 00       		.byte	0
 508 002e 0B       		.uleb128 0xb
 509 002f 0B       		.uleb128 0xb
 510 0030 3E       		.uleb128 0x3e
 511 0031 0B       		.uleb128 0xb
 512 0032 03       		.uleb128 0x3
ARM GAS  C:\Users\adria\AppData\Local\Temp\ccMLiJ3e.s 			page 11


 513 0033 08       		.uleb128 0x8
 514 0034 00       		.byte	0
 515 0035 00       		.byte	0
 516 0036 05       		.uleb128 0x5
 517 0037 2E       		.uleb128 0x2e
 518 0038 01       		.byte	0x1
 519 0039 3F       		.uleb128 0x3f
 520 003a 19       		.uleb128 0x19
 521 003b 03       		.uleb128 0x3
 522 003c 0E       		.uleb128 0xe
 523 003d 3A       		.uleb128 0x3a
 524 003e 0B       		.uleb128 0xb
 525 003f 3B       		.uleb128 0x3b
 526 0040 0B       		.uleb128 0xb
 527 0041 27       		.uleb128 0x27
 528 0042 19       		.uleb128 0x19
 529 0043 49       		.uleb128 0x49
 530 0044 13       		.uleb128 0x13
 531 0045 8701     		.uleb128 0x87
 532 0047 19       		.uleb128 0x19
 533 0048 11       		.uleb128 0x11
 534 0049 01       		.uleb128 0x1
 535 004a 12       		.uleb128 0x12
 536 004b 06       		.uleb128 0x6
 537 004c 40       		.uleb128 0x40
 538 004d 18       		.uleb128 0x18
 539 004e 9742     		.uleb128 0x2117
 540 0050 19       		.uleb128 0x19
 541 0051 01       		.uleb128 0x1
 542 0052 13       		.uleb128 0x13
 543 0053 00       		.byte	0
 544 0054 00       		.byte	0
 545 0055 06       		.uleb128 0x6
 546 0056 898201   		.uleb128 0x4109
 547 0059 00       		.byte	0
 548 005a 11       		.uleb128 0x11
 549 005b 01       		.uleb128 0x1
 550 005c 31       		.uleb128 0x31
 551 005d 13       		.uleb128 0x13
 552 005e 00       		.byte	0
 553 005f 00       		.byte	0
 554 0060 07       		.uleb128 0x7
 555 0061 898201   		.uleb128 0x4109
 556 0064 01       		.byte	0x1
 557 0065 11       		.uleb128 0x11
 558 0066 01       		.uleb128 0x1
 559 0067 31       		.uleb128 0x31
 560 0068 13       		.uleb128 0x13
 561 0069 01       		.uleb128 0x1
 562 006a 13       		.uleb128 0x13
 563 006b 00       		.byte	0
 564 006c 00       		.byte	0
 565 006d 08       		.uleb128 0x8
 566 006e 8A8201   		.uleb128 0x410a
 567 0071 00       		.byte	0
 568 0072 02       		.uleb128 0x2
 569 0073 18       		.uleb128 0x18
ARM GAS  C:\Users\adria\AppData\Local\Temp\ccMLiJ3e.s 			page 12


 570 0074 9142     		.uleb128 0x2111
 571 0076 18       		.uleb128 0x18
 572 0077 00       		.byte	0
 573 0078 00       		.byte	0
 574 0079 09       		.uleb128 0x9
 575 007a 34       		.uleb128 0x34
 576 007b 00       		.byte	0
 577 007c 03       		.uleb128 0x3
 578 007d 0E       		.uleb128 0xe
 579 007e 3A       		.uleb128 0x3a
 580 007f 0B       		.uleb128 0xb
 581 0080 3B       		.uleb128 0x3b
 582 0081 05       		.uleb128 0x5
 583 0082 49       		.uleb128 0x49
 584 0083 13       		.uleb128 0x13
 585 0084 3F       		.uleb128 0x3f
 586 0085 19       		.uleb128 0x19
 587 0086 3C       		.uleb128 0x3c
 588 0087 19       		.uleb128 0x19
 589 0088 00       		.byte	0
 590 0089 00       		.byte	0
 591 008a 0A       		.uleb128 0xa
 592 008b 35       		.uleb128 0x35
 593 008c 00       		.byte	0
 594 008d 49       		.uleb128 0x49
 595 008e 13       		.uleb128 0x13
 596 008f 00       		.byte	0
 597 0090 00       		.byte	0
 598 0091 0B       		.uleb128 0xb
 599 0092 34       		.uleb128 0x34
 600 0093 00       		.byte	0
 601 0094 03       		.uleb128 0x3
 602 0095 0E       		.uleb128 0xe
 603 0096 3A       		.uleb128 0x3a
 604 0097 0B       		.uleb128 0xb
 605 0098 3B       		.uleb128 0x3b
 606 0099 0B       		.uleb128 0xb
 607 009a 49       		.uleb128 0x49
 608 009b 13       		.uleb128 0x13
 609 009c 3F       		.uleb128 0x3f
 610 009d 19       		.uleb128 0x19
 611 009e 02       		.uleb128 0x2
 612 009f 18       		.uleb128 0x18
 613 00a0 00       		.byte	0
 614 00a1 00       		.byte	0
 615 00a2 0C       		.uleb128 0xc
 616 00a3 2E       		.uleb128 0x2e
 617 00a4 00       		.byte	0
 618 00a5 3F       		.uleb128 0x3f
 619 00a6 19       		.uleb128 0x19
 620 00a7 3C       		.uleb128 0x3c
 621 00a8 19       		.uleb128 0x19
 622 00a9 6E       		.uleb128 0x6e
 623 00aa 0E       		.uleb128 0xe
 624 00ab 03       		.uleb128 0x3
 625 00ac 0E       		.uleb128 0xe
 626 00ad 3A       		.uleb128 0x3a
ARM GAS  C:\Users\adria\AppData\Local\Temp\ccMLiJ3e.s 			page 13


 627 00ae 0B       		.uleb128 0xb
 628 00af 3B       		.uleb128 0x3b
 629 00b0 0B       		.uleb128 0xb
 630 00b1 00       		.byte	0
 631 00b2 00       		.byte	0
 632 00b3 00       		.byte	0
 633              		.section	.debug_aranges,"",%progbits
 634 0000 1C000000 		.4byte	0x1c
 635 0004 0200     		.2byte	0x2
 636 0006 00000000 		.4byte	.Ldebug_info0
 637 000a 04       		.byte	0x4
 638 000b 00       		.byte	0
 639 000c 0000     		.2byte	0
 640 000e 0000     		.2byte	0
 641 0010 00000000 		.4byte	.LFB63
 642 0014 A8000000 		.4byte	.LFE63-.LFB63
 643 0018 00000000 		.4byte	0
 644 001c 00000000 		.4byte	0
 645              		.section	.debug_ranges,"",%progbits
 646              	.Ldebug_ranges0:
 647 0000 00000000 		.4byte	.LFB63
 648 0004 A8000000 		.4byte	.LFE63
 649 0008 00000000 		.4byte	0
 650 000c 00000000 		.4byte	0
 651              		.section	.debug_line,"",%progbits
 652              	.Ldebug_line0:
 653 0000 C3010000 		.section	.debug_str,"MS",%progbits,1
 653      02009701 
 653      00000201 
 653      FB0E0D00 
 653      01010101 
 654              	.LASF28:
 655 0000 53454E54 		.ascii	"SENTIDO\000"
 655      49444F00 
 656              	.LASF4:
 657 0008 5F5F7569 		.ascii	"__uint8_t\000"
 657      6E74385F 
 657      7400
 658              	.LASF22:
 659 0012 50574D5F 		.ascii	"PWM_Mosfet_Start\000"
 659      4D6F7366 
 659      65745F53 
 659      74617274 
 659      00
 660              	.LASF5:
 661 0023 5F5F696E 		.ascii	"__int32_t\000"
 661      7433325F 
 661      7400
 662              	.LASF26:
 663 002d 44726976 		.ascii	"Driver_RELAY_Write\000"
 663      65725F52 
 663      454C4159 
 663      5F577269 
 663      746500
 664              	.LASF3:
 665 0040 73686F72 		.ascii	"short unsigned int\000"
 665      7420756E 
ARM GAS  C:\Users\adria\AppData\Local\Temp\ccMLiJ3e.s 			page 14


 665      7369676E 
 665      65642069 
 665      6E7400
 666              	.LASF14:
 667 0053 646F7562 		.ascii	"double\000"
 667      6C6500
 668              	.LASF20:
 669 005a 6D616E64 		.ascii	"mando_anterior\000"
 669      6F5F616E 
 669      74657269 
 669      6F7200
 670              	.LASF21:
 671 0069 506F7465 		.ascii	"Potenccia\000"
 671      6E636369 
 671      6100
 672              	.LASF13:
 673 0073 666C6F61 		.ascii	"float\000"
 673      7400
 674              	.LASF1:
 675 0079 756E7369 		.ascii	"unsigned char\000"
 675      676E6564 
 675      20636861 
 675      7200
 676              	.LASF30:
 677 0087 474E5520 		.ascii	"GNU C11 5.4.1 20160609 (release) [ARM/embedded-5-br"
 677      43313120 
 677      352E342E 
 677      31203230 
 677      31363036 
 678 00ba 616E6368 		.ascii	"anch revision 237715] -mcpu=cortex-m3 -mthumb -g -O"
 678      20726576 
 678      6973696F 
 678      6E203233 
 678      37373135 
 679 00ed 67202D66 		.ascii	"g -ffunction-sections -ffat-lto-objects\000"
 679      66756E63 
 679      74696F6E 
 679      2D736563 
 679      74696F6E 
 680              	.LASF23:
 681 0115 4C45445F 		.ascii	"LED_VELOCIDAD_Start\000"
 681      56454C4F 
 681      43494441 
 681      445F5374 
 681      61727400 
 682              	.LASF32:
 683 0129 433A5C55 		.ascii	"C:\\Users\\adria\\OneDrive\\Documents\\psoc\\Contro"
 683      73657273 
 683      5C616472 
 683      69615C4F 
 683      6E654472 
 684 0156 6C5F6465 		.ascii	"l_delocidad_direccion_motorDC_180V\\Control_delocid"
 684      6C6F6369 
 684      6461645F 
 684      64697265 
 684      6363696F 
 685 0188 61645F64 		.ascii	"ad_direccion_motorDC_180V.cydsn\000"
ARM GAS  C:\Users\adria\AppData\Local\Temp\ccMLiJ3e.s 			page 15


 685      69726563 
 685      63696F6E 
 685      5F6D6F74 
 685      6F724443 
 686              	.LASF18:
 687 01a8 49544D5F 		.ascii	"ITM_RxBuffer\000"
 687      52784275 
 687      66666572 
 687      00
 688              	.LASF7:
 689 01b5 6C6F6E67 		.ascii	"long unsigned int\000"
 689      20756E73 
 689      69676E65 
 689      6420696E 
 689      7400
 690              	.LASF27:
 691 01c7 436F6E74 		.ascii	"Control_manual_Read\000"
 691      726F6C5F 
 691      6D616E75 
 691      616C5F52 
 691      65616400 
 692              	.LASF33:
 693 01db 6D61696E 		.ascii	"main\000"
 693      00
 694              	.LASF25:
 695 01e0 50574D5F 		.ascii	"PWM_Mosfet_WriteCompare\000"
 695      4D6F7366 
 695      65745F57 
 695      72697465 
 695      436F6D70 
 696              	.LASF10:
 697 01f8 756E7369 		.ascii	"unsigned int\000"
 697      676E6564 
 697      20696E74 
 697      00
 698              	.LASF9:
 699 0205 6C6F6E67 		.ascii	"long long unsigned int\000"
 699      206C6F6E 
 699      6720756E 
 699      7369676E 
 699      65642069 
 700              	.LASF11:
 701 021c 75696E74 		.ascii	"uint8_t\000"
 701      385F7400 
 702              	.LASF12:
 703 0224 696E7433 		.ascii	"int32_t\000"
 703      325F7400 
 704              	.LASF29:
 705 022c 56656C6F 		.ascii	"Velocidad\000"
 705      63696461 
 705      6400
 706              	.LASF16:
 707 0236 73697A65 		.ascii	"sizetype\000"
 707      74797065 
 707      00
 708              	.LASF8:
 709 023f 6C6F6E67 		.ascii	"long long int\000"
ARM GAS  C:\Users\adria\AppData\Local\Temp\ccMLiJ3e.s 			page 16


 709      206C6F6E 
 709      6720696E 
 709      7400
 710              	.LASF31:
 711 024d 6D61696E 		.ascii	"main.c\000"
 711      2E6300
 712              	.LASF15:
 713 0254 63686172 		.ascii	"char\000"
 713      00
 714              	.LASF2:
 715 0259 73686F72 		.ascii	"short int\000"
 715      7420696E 
 715      7400
 716              	.LASF19:
 717 0263 6D616E64 		.ascii	"mando\000"
 717      6F00
 718              	.LASF6:
 719 0269 6C6F6E67 		.ascii	"long int\000"
 719      20696E74 
 719      00
 720              	.LASF17:
 721 0272 6C6F6E67 		.ascii	"long double\000"
 721      20646F75 
 721      626C6500 
 722              	.LASF0:
 723 027e 7369676E 		.ascii	"signed char\000"
 723      65642063 
 723      68617200 
 724              	.LASF24:
 725 028a 4C45445F 		.ascii	"LED_VELOCIDAD_Write7SegNumberDec\000"
 725      56454C4F 
 725      43494441 
 725      445F5772 
 725      69746537 
 726              		.ident	"GCC: (GNU Tools for ARM Embedded Processors) 5.4.1 20160609 (release) [ARM/embedded-5-bran
