ARM GAS  C:\Users\adria\AppData\Local\Temp\ccSxtKLA.s 			page 1


   1              		.syntax unified
   2              		.cpu cortex-m3
   3              		.fpu softvfp
   4              		.eabi_attribute 20, 1
   5              		.eabi_attribute 21, 1
   6              		.eabi_attribute 23, 3
   7              		.eabi_attribute 24, 1
   8              		.eabi_attribute 25, 1
   9              		.eabi_attribute 26, 1
  10              		.eabi_attribute 30, 1
  11              		.eabi_attribute 34, 1
  12              		.eabi_attribute 18, 4
  13              		.thumb
  14              		.syntax unified
  15              		.file	"cymetadata.c"
  16              		.text
  17              	.Ltext0:
  18              		.cfi_sections	.debug_frame
  19              		.global	cy_metadata
  20              		.global	cy_meta_flashprotect
  21              		.global	cy_meta_wonvl
  22              		.global	cy_meta_custnvl
  23              		.global	cy_meta_configecc
  24              		.section	.cyconfigecc,"a",%progbits
  25              		.align	2
  26              		.type	cy_meta_configecc, %object
  27              		.size	cy_meta_configecc, 760
  28              	cy_meta_configecc:
  29 0000 02       		.byte	2
  30 0001 52       		.byte	82
  31 0002 00       		.byte	0
  32 0003 40       		.byte	64
  33 0004 03       		.byte	3
  34 0005 65       		.byte	101
  35 0006 00       		.byte	0
  36 0007 40       		.byte	64
  37 0008 01       		.byte	1
  38 0009 05       		.byte	5
  39 000a 01       		.byte	1
  40 000b 40       		.byte	64
  41 000c 02       		.byte	2
  42 000d 07       		.byte	7
  43 000e 01       		.byte	1
  44 000f 40       		.byte	64
  45 0010 3F       		.byte	63
  46 0011 08       		.byte	8
  47 0012 01       		.byte	1
  48 0013 40       		.byte	64
  49 0014 30       		.byte	48
  50 0015 09       		.byte	9
  51 0016 01       		.byte	1
  52 0017 40       		.byte	64
  53 0018 01       		.byte	1
  54 0019 0B       		.byte	11
  55 001a 01       		.byte	1
  56 001b 40       		.byte	64
  57 001c 02       		.byte	2
ARM GAS  C:\Users\adria\AppData\Local\Temp\ccSxtKLA.s 			page 2


  58 001d 17       		.byte	23
  59 001e 01       		.byte	1
  60 001f 40       		.byte	64
  61 0020 47       		.byte	71
  62 0021 18       		.byte	24
  63 0022 01       		.byte	1
  64 0023 40       		.byte	64
  65 0024 44       		.byte	68
  66 0025 19       		.byte	25
  67 0026 01       		.byte	1
  68 0027 40       		.byte	64
  69 0028 07       		.byte	7
  70 0029 1B       		.byte	27
  71 002a 01       		.byte	1
  72 002b 40       		.byte	64
  73 002c 03       		.byte	3
  74 002d 40       		.byte	64
  75 002e 01       		.byte	1
  76 002f 40       		.byte	64
  77 0030 07       		.byte	7
  78 0031 41       		.byte	65
  79 0032 01       		.byte	1
  80 0033 40       		.byte	64
  81 0034 06       		.byte	6
  82 0035 42       		.byte	66
  83 0036 01       		.byte	1
  84 0037 40       		.byte	64
  85 0038 09       		.byte	9
  86 0039 43       		.byte	67
  87 003a 01       		.byte	1
  88 003b 40       		.byte	64
  89 003c 07       		.byte	7
  90 003d 48       		.byte	72
  91 003e 01       		.byte	1
  92 003f 40       		.byte	64
  93 0040 03       		.byte	3
  94 0041 49       		.byte	73
  95 0042 01       		.byte	1
  96 0043 40       		.byte	64
  97 0044 0D       		.byte	13
  98 0045 4D       		.byte	77
  99 0046 01       		.byte	1
 100 0047 40       		.byte	64
 101 0048 04       		.byte	4
 102 0049 50       		.byte	80
 103 004a 01       		.byte	1
 104 004b 40       		.byte	64
 105 004c 01       		.byte	1
 106 004d 51       		.byte	81
 107 004e 01       		.byte	1
 108 004f 40       		.byte	64
 109 0050 00       		.byte	0
 110 0051 A0       		.byte	-96
 111 0052 01       		.byte	1
 112 0053 60       		.byte	96
 113 0054 79       		.byte	121
 114 0055 07       		.byte	7
ARM GAS  C:\Users\adria\AppData\Local\Temp\ccSxtKLA.s 			page 3


 115 0056 88       		.byte	-120
 116 0057 72       		.byte	114
 117 0058 89       		.byte	-119
 118 0059 38       		.byte	56
 119 005a E6       		.byte	-26
 120 005b 08       		.byte	8
 121 005c E2       		.byte	-30
 122 005d 09       		.byte	9
 123 005e E6       		.byte	-26
 124 005f 08       		.byte	8
 125 0060 03       		.byte	3
 126 0061 01       		.byte	1
 127 0062 04       		.byte	4
 128 0063 0C       		.byte	12
 129 0064 05       		.byte	5
 130 0065 01       		.byte	1
 131 0066 07       		.byte	7
 132 0067 06       		.byte	6
 133 0068 08       		.byte	8
 134 0069 04       		.byte	4
 135 006a 09       		.byte	9
 136 006b 07       		.byte	7
 137 006c 14       		.byte	20
 138 006d 0F       		.byte	15
 139 006e 15       		.byte	21
 140 006f 06       		.byte	6
 141 0070 18       		.byte	24
 142 0071 03       		.byte	3
 143 0072 19       		.byte	25
 144 0073 06       		.byte	6
 145 0074 1A       		.byte	26
 146 0075 0C       		.byte	12
 147 0076 1B       		.byte	27
 148 0077 01       		.byte	1
 149 0078 1E       		.byte	30
 150 0079 02       		.byte	2
 151 007a 21       		.byte	33
 152 007b 04       		.byte	4
 153 007c 24       		.byte	36
 154 007d 0F       		.byte	15
 155 007e 25       		.byte	37
 156 007f 02       		.byte	2
 157 0080 28       		.byte	40
 158 0081 0D       		.byte	13
 159 0082 29       		.byte	41
 160 0083 06       		.byte	6
 161 0084 2A       		.byte	42
 162 0085 02       		.byte	2
 163 0086 2B       		.byte	43
 164 0087 01       		.byte	1
 165 0088 2C       		.byte	44
 166 0089 08       		.byte	8
 167 008a 32       		.byte	50
 168 008b 01       		.byte	1
 169 008c 33       		.byte	51
 170 008d 07       		.byte	7
 171 008e 36       		.byte	54
ARM GAS  C:\Users\adria\AppData\Local\Temp\ccSxtKLA.s 			page 4


 172 008f 0E       		.byte	14
 173 0090 3B       		.byte	59
 174 0091 08       		.byte	8
 175 0092 3E       		.byte	62
 176 0093 04       		.byte	4
 177 0094 58       		.byte	88
 178 0095 04       		.byte	4
 179 0096 59       		.byte	89
 180 0097 04       		.byte	4
 181 0098 5B       		.byte	91
 182 0099 04       		.byte	4
 183 009a 5F       		.byte	95
 184 009b 01       		.byte	1
 185 009c 80       		.byte	-128
 186 009d 01       		.byte	1
 187 009e 82       		.byte	-126
 188 009f 10       		.byte	16
 189 00a0 83       		.byte	-125
 190 00a1 02       		.byte	2
 191 00a2 84       		.byte	-124
 192 00a3 0C       		.byte	12
 193 00a4 87       		.byte	-121
 194 00a5 01       		.byte	1
 195 00a6 88       		.byte	-120
 196 00a7 04       		.byte	4
 197 00a8 8B       		.byte	-117
 198 00a9 04       		.byte	4
 199 00aa 8C       		.byte	-116
 200 00ab 08       		.byte	8
 201 00ac 8F       		.byte	-113
 202 00ad 04       		.byte	4
 203 00ae 90       		.byte	-112
 204 00af 03       		.byte	3
 205 00b0 94       		.byte	-108
 206 00b1 0F       		.byte	15
 207 00b2 97       		.byte	-105
 208 00b3 02       		.byte	2
 209 00b4 98       		.byte	-104
 210 00b5 02       		.byte	2
 211 00b6 99       		.byte	-103
 212 00b7 01       		.byte	1
 213 00b8 9E       		.byte	-98
 214 00b9 03       		.byte	3
 215 00ba A4       		.byte	-92
 216 00bb 0C       		.byte	12
 217 00bc A6       		.byte	-90
 218 00bd 03       		.byte	3
 219 00be A7       		.byte	-89
 220 00bf 01       		.byte	1
 221 00c0 A8       		.byte	-88
 222 00c1 0F       		.byte	15
 223 00c2 A9       		.byte	-87
 224 00c3 01       		.byte	1
 225 00c4 AC       		.byte	-84
 226 00c5 03       		.byte	3
 227 00c6 AE       		.byte	-82
 228 00c7 0C       		.byte	12
ARM GAS  C:\Users\adria\AppData\Local\Temp\ccSxtKLA.s 			page 5


 229 00c8 B0       		.byte	-80
 230 00c9 10       		.byte	16
 231 00ca B1       		.byte	-79
 232 00cb 01       		.byte	1
 233 00cc B2       		.byte	-78
 234 00cd 0F       		.byte	15
 235 00ce B5       		.byte	-75
 236 00cf 02       		.byte	2
 237 00d0 B7       		.byte	-73
 238 00d1 04       		.byte	4
 239 00d2 B9       		.byte	-71
 240 00d3 02       		.byte	2
 241 00d4 BA       		.byte	-70
 242 00d5 08       		.byte	8
 243 00d6 BF       		.byte	-65
 244 00d7 50       		.byte	80
 245 00d8 D8       		.byte	-40
 246 00d9 04       		.byte	4
 247 00da D9       		.byte	-39
 248 00db 04       		.byte	4
 249 00dc DF       		.byte	-33
 250 00dd 01       		.byte	1
 251 00de 00       		.byte	0
 252 00df 1A       		.byte	26
 253 00e0 02       		.byte	2
 254 00e1 11       		.byte	17
 255 00e2 04       		.byte	4
 256 00e3 10       		.byte	16
 257 00e4 05       		.byte	5
 258 00e5 04       		.byte	4
 259 00e6 06       		.byte	6
 260 00e7 18       		.byte	24
 261 00e8 09       		.byte	9
 262 00e9 08       		.byte	8
 263 00ea 0A       		.byte	10
 264 00eb 85       		.byte	-123
 265 00ec 0D       		.byte	13
 266 00ed 08       		.byte	8
 267 00ee 0E       		.byte	14
 268 00ef 2B       		.byte	43
 269 00f0 0F       		.byte	15
 270 00f1 28       		.byte	40
 271 00f2 11       		.byte	17
 272 00f3 44       		.byte	68
 273 00f4 13       		.byte	19
 274 00f5 20       		.byte	32
 275 00f6 15       		.byte	21
 276 00f7 08       		.byte	8
 277 00f8 16       		.byte	22
 278 00f9 27       		.byte	39
 279 00fa 17       		.byte	23
 280 00fb 20       		.byte	32
 281 00fc 18       		.byte	24
 282 00fd 80       		.byte	-128
 283 00fe 1B       		.byte	27
 284 00ff 04       		.byte	4
 285 0100 1E       		.byte	30
ARM GAS  C:\Users\adria\AppData\Local\Temp\ccSxtKLA.s 			page 6


 286 0101 10       		.byte	16
 287 0102 1F       		.byte	31
 288 0103 40       		.byte	64
 289 0104 21       		.byte	33
 290 0105 01       		.byte	1
 291 0106 22       		.byte	34
 292 0107 A0       		.byte	-96
 293 0108 27       		.byte	39
 294 0109 20       		.byte	32
 295 010a 2A       		.byte	42
 296 010b 04       		.byte	4
 297 010c 2B       		.byte	43
 298 010d 04       		.byte	4
 299 010e 2E       		.byte	46
 300 010f 2A       		.byte	42
 301 0110 31       		.byte	49
 302 0111 20       		.byte	32
 303 0112 32       		.byte	50
 304 0113 08       		.byte	8
 305 0114 35       		.byte	53
 306 0115 04       		.byte	4
 307 0116 37       		.byte	55
 308 0117 20       		.byte	32
 309 0118 38       		.byte	56
 310 0119 20       		.byte	32
 311 011a 39       		.byte	57
 312 011b 0E       		.byte	14
 313 011c 3B       		.byte	59
 314 011d 80       		.byte	-128
 315 011e 3E       		.byte	62
 316 011f 01       		.byte	1
 317 0120 3F       		.byte	63
 318 0121 28       		.byte	40
 319 0122 6F       		.byte	111
 320 0123 A6       		.byte	-90
 321 0124 83       		.byte	-125
 322 0125 04       		.byte	4
 323 0126 87       		.byte	-121
 324 0127 22       		.byte	34
 325 0128 89       		.byte	-119
 326 0129 02       		.byte	2
 327 012a 8B       		.byte	-117
 328 012b 20       		.byte	32
 329 012c 8D       		.byte	-115
 330 012d 40       		.byte	64
 331 012e 8F       		.byte	-113
 332 012f 04       		.byte	4
 333 0130 A7       		.byte	-89
 334 0131 80       		.byte	-128
 335 0132 C0       		.byte	-64
 336 0133 6F       		.byte	111
 337 0134 C2       		.byte	-62
 338 0135 EF       		.byte	-17
 339 0136 C4       		.byte	-60
 340 0137 E7       		.byte	-25
 341 0138 CA       		.byte	-54
 342 0139 E6       		.byte	-26
ARM GAS  C:\Users\adria\AppData\Local\Temp\ccSxtKLA.s 			page 7


 343 013a CC       		.byte	-52
 344 013b 66       		.byte	102
 345 013c CE       		.byte	-50
 346 013d EF       		.byte	-17
 347 013e 87       		.byte	-121
 348 013f 80       		.byte	-128
 349 0140 E2       		.byte	-30
 350 0141 06       		.byte	6
 351 0142 E6       		.byte	-26
 352 0143 01       		.byte	1
 353 0144 24       		.byte	36
 354 0145 01       		.byte	1
 355 0146 28       		.byte	40
 356 0147 01       		.byte	1
 357 0148 2C       		.byte	44
 358 0149 01       		.byte	1
 359 014a 32       		.byte	50
 360 014b 01       		.byte	1
 361 014c 3B       		.byte	59
 362 014d 20       		.byte	32
 363 014e 56       		.byte	86
 364 014f 02       		.byte	2
 365 0150 57       		.byte	87
 366 0151 11       		.byte	17
 367 0152 58       		.byte	88
 368 0153 04       		.byte	4
 369 0154 59       		.byte	89
 370 0155 04       		.byte	4
 371 0156 5B       		.byte	91
 372 0157 04       		.byte	4
 373 0158 5F       		.byte	95
 374 0159 01       		.byte	1
 375 015a 80       		.byte	-128
 376 015b 22       		.byte	34
 377 015c 81       		.byte	-127
 378 015d 10       		.byte	16
 379 015e 82       		.byte	-126
 380 015f 51       		.byte	81
 381 0160 85       		.byte	-123
 382 0161 08       		.byte	8
 383 0162 89       		.byte	-119
 384 0163 18       		.byte	24
 385 0164 8F       		.byte	-113
 386 0165 04       		.byte	4
 387 0166 90       		.byte	-112
 388 0167 01       		.byte	1
 389 0168 91       		.byte	-111
 390 0169 1C       		.byte	28
 391 016a 92       		.byte	-110
 392 016b 0E       		.byte	14
 393 016c 93       		.byte	-109
 394 016d 61       		.byte	97
 395 016e 95       		.byte	-107
 396 016f 1C       		.byte	28
 397 0170 97       		.byte	-105
 398 0171 62       		.byte	98
 399 0172 98       		.byte	-104
ARM GAS  C:\Users\adria\AppData\Local\Temp\ccSxtKLA.s 			page 8


 400 0173 44       		.byte	68
 401 0174 99       		.byte	-103
 402 0175 7F       		.byte	127
 403 0176 9A       		.byte	-102
 404 0177 31       		.byte	49
 405 0178 9D       		.byte	-99
 406 0179 60       		.byte	96
 407 017a A1       		.byte	-95
 408 017b 24       		.byte	36
 409 017c A4       		.byte	-92
 410 017d 67       		.byte	103
 411 017e A5       		.byte	-91
 412 017f 40       		.byte	64
 413 0180 A8       		.byte	-88
 414 0181 67       		.byte	103
 415 0182 A9       		.byte	-87
 416 0183 67       		.byte	103
 417 0184 AB       		.byte	-85
 418 0185 18       		.byte	24
 419 0186 AF       		.byte	-81
 420 0187 63       		.byte	99
 421 0188 B0       		.byte	-80
 422 0189 07       		.byte	7
 423 018a B3       		.byte	-77
 424 018b 1F       		.byte	31
 425 018c B4       		.byte	-76
 426 018d 60       		.byte	96
 427 018e B6       		.byte	-74
 428 018f 18       		.byte	24
 429 0190 B7       		.byte	-73
 430 0191 60       		.byte	96
 431 0192 BB       		.byte	-69
 432 0193 08       		.byte	8
 433 0194 BE       		.byte	-66
 434 0195 40       		.byte	64
 435 0196 C0       		.byte	-64
 436 0197 63       		.byte	99
 437 0198 C1       		.byte	-63
 438 0199 02       		.byte	2
 439 019a C2       		.byte	-62
 440 019b 05       		.byte	5
 441 019c C4       		.byte	-60
 442 019d 01       		.byte	1
 443 019e C6       		.byte	-58
 444 019f C0       		.byte	-64
 445 01a0 C7       		.byte	-57
 446 01a1 0E       		.byte	14
 447 01a2 C8       		.byte	-56
 448 01a3 18       		.byte	24
 449 01a4 C9       		.byte	-55
 450 01a5 FF       		.byte	-1
 451 01a6 CA       		.byte	-54
 452 01a7 FF       		.byte	-1
 453 01a8 CB       		.byte	-53
 454 01a9 FF       		.byte	-1
 455 01aa CC       		.byte	-52
 456 01ab 62       		.byte	98
ARM GAS  C:\Users\adria\AppData\Local\Temp\ccSxtKLA.s 			page 9


 457 01ac CD       		.byte	-51
 458 01ad A0       		.byte	-96
 459 01ae CE       		.byte	-50
 460 01af F0       		.byte	-16
 461 01b0 CF       		.byte	-49
 462 01b1 41       		.byte	65
 463 01b2 D0       		.byte	-48
 464 01b3 0C       		.byte	12
 465 01b4 D4       		.byte	-44
 466 01b5 18       		.byte	24
 467 01b6 D6       		.byte	-42
 468 01b7 04       		.byte	4
 469 01b8 D8       		.byte	-40
 470 01b9 04       		.byte	4
 471 01ba D9       		.byte	-39
 472 01bb 04       		.byte	4
 473 01bc DA       		.byte	-38
 474 01bd 04       		.byte	4
 475 01be DB       		.byte	-37
 476 01bf 04       		.byte	4
 477 01c0 DF       		.byte	-33
 478 01c1 01       		.byte	1
 479 01c2 E6       		.byte	-26
 480 01c3 40       		.byte	64
 481 01c4 E7       		.byte	-25
 482 01c5 02       		.byte	2
 483 01c6 E9       		.byte	-23
 484 01c7 10       		.byte	16
 485 01c8 EA       		.byte	-22
 486 01c9 30       		.byte	48
 487 01ca EB       		.byte	-21
 488 01cb 10       		.byte	16
 489 01cc ED       		.byte	-19
 490 01cd 10       		.byte	16
 491 01ce EE       		.byte	-18
 492 01cf 10       		.byte	16
 493 01d0 EF       		.byte	-17
 494 01d1 12       		.byte	18
 495 01d2 00       		.byte	0
 496 01d3 02       		.byte	2
 497 01d4 0A       		.byte	10
 498 01d5 84       		.byte	-124
 499 01d6 10       		.byte	16
 500 01d7 08       		.byte	8
 501 01d8 11       		.byte	17
 502 01d9 08       		.byte	8
 503 01da 15       		.byte	21
 504 01db 40       		.byte	64
 505 01dc 17       		.byte	23
 506 01dd 14       		.byte	20
 507 01de 18       		.byte	24
 508 01df 01       		.byte	1
 509 01e0 1A       		.byte	26
 510 01e1 84       		.byte	-124
 511 01e2 1B       		.byte	27
 512 01e3 20       		.byte	32
 513 01e4 1F       		.byte	31
ARM GAS  C:\Users\adria\AppData\Local\Temp\ccSxtKLA.s 			page 10


 514 01e5 08       		.byte	8
 515 01e6 21       		.byte	33
 516 01e7 0C       		.byte	12
 517 01e8 23       		.byte	35
 518 01e9 02       		.byte	2
 519 01ea 25       		.byte	37
 520 01eb 20       		.byte	32
 521 01ec 26       		.byte	38
 522 01ed 10       		.byte	16
 523 01ee 28       		.byte	40
 524 01ef 02       		.byte	2
 525 01f0 2A       		.byte	42
 526 01f1 02       		.byte	2
 527 01f2 2B       		.byte	43
 528 01f3 24       		.byte	36
 529 01f4 31       		.byte	49
 530 01f5 2A       		.byte	42
 531 01f6 32       		.byte	50
 532 01f7 40       		.byte	64
 533 01f8 38       		.byte	56
 534 01f9 80       		.byte	-128
 535 01fa 3A       		.byte	58
 536 01fb 19       		.byte	25
 537 01fc 40       		.byte	64
 538 01fd 01       		.byte	1
 539 01fe 41       		.byte	65
 540 01ff 20       		.byte	32
 541 0200 43       		.byte	67
 542 0201 08       		.byte	8
 543 0202 4A       		.byte	74
 544 0203 04       		.byte	4
 545 0204 4B       		.byte	75
 546 0205 80       		.byte	-128
 547 0206 50       		.byte	80
 548 0207 10       		.byte	16
 549 0208 52       		.byte	82
 550 0209 08       		.byte	8
 551 020a 5B       		.byte	91
 552 020b 02       		.byte	2
 553 020c 5E       		.byte	94
 554 020d 10       		.byte	16
 555 020e 60       		.byte	96
 556 020f 80       		.byte	-128
 557 0210 62       		.byte	98
 558 0211 A0       		.byte	-96
 559 0212 63       		.byte	99
 560 0213 80       		.byte	-128
 561 0214 6B       		.byte	107
 562 0215 29       		.byte	41
 563 0216 6C       		.byte	108
 564 0217 08       		.byte	8
 565 0218 6D       		.byte	109
 566 0219 48       		.byte	72
 567 021a 6F       		.byte	111
 568 021b 14       		.byte	20
 569 021c 74       		.byte	116
 570 021d 04       		.byte	4
ARM GAS  C:\Users\adria\AppData\Local\Temp\ccSxtKLA.s 			page 11


 571 021e 76       		.byte	118
 572 021f 19       		.byte	25
 573 0220 80       		.byte	-128
 574 0221 80       		.byte	-128
 575 0222 83       		.byte	-125
 576 0223 40       		.byte	64
 577 0224 87       		.byte	-121
 578 0225 01       		.byte	1
 579 0226 8C       		.byte	-116
 580 0227 02       		.byte	2
 581 0228 8E       		.byte	-114
 582 0229 01       		.byte	1
 583 022a 8F       		.byte	-113
 584 022b 08       		.byte	8
 585 022c 90       		.byte	-112
 586 022d 80       		.byte	-128
 587 022e 92       		.byte	-110
 588 022f 10       		.byte	16
 589 0230 93       		.byte	-109
 590 0231 80       		.byte	-128
 591 0232 94       		.byte	-108
 592 0233 20       		.byte	32
 593 0234 95       		.byte	-107
 594 0235 08       		.byte	8
 595 0236 96       		.byte	-106
 596 0237 84       		.byte	-124
 597 0238 9E       		.byte	-98
 598 0239 09       		.byte	9
 599 023a A1       		.byte	-95
 600 023b 02       		.byte	2
 601 023c A2       		.byte	-94
 602 023d A4       		.byte	-92
 603 023e A3       		.byte	-93
 604 023f 04       		.byte	4
 605 0240 A4       		.byte	-92
 606 0241 05       		.byte	5
 607 0242 A5       		.byte	-91
 608 0243 20       		.byte	32
 609 0244 A6       		.byte	-90
 610 0245 19       		.byte	25
 611 0246 C0       		.byte	-64
 612 0247 08       		.byte	8
 613 0248 C2       		.byte	-62
 614 0249 0A       		.byte	10
 615 024a C4       		.byte	-60
 616 024b E6       		.byte	-26
 617 024c CA       		.byte	-54
 618 024d 0F       		.byte	15
 619 024e CC       		.byte	-52
 620 024f 0F       		.byte	15
 621 0250 CE       		.byte	-50
 622 0251 0F       		.byte	15
 623 0252 D0       		.byte	-48
 624 0253 0E       		.byte	14
 625 0254 D2       		.byte	-46
 626 0255 0C       		.byte	12
 627 0256 D6       		.byte	-42
ARM GAS  C:\Users\adria\AppData\Local\Temp\ccSxtKLA.s 			page 12


 628 0257 21       		.byte	33
 629 0258 D8       		.byte	-40
 630 0259 0D       		.byte	13
 631 025a 88       		.byte	-120
 632 025b 01       		.byte	1
 633 025c 8A       		.byte	-118
 634 025d 02       		.byte	2
 635 025e 8B       		.byte	-117
 636 025f 20       		.byte	32
 637 0260 9B       		.byte	-101
 638 0261 20       		.byte	32
 639 0262 9E       		.byte	-98
 640 0263 02       		.byte	2
 641 0264 A4       		.byte	-92
 642 0265 01       		.byte	1
 643 0266 B3       		.byte	-77
 644 0267 08       		.byte	8
 645 0268 32       		.byte	50
 646 0269 40       		.byte	64
 647 026a 35       		.byte	53
 648 026b 80       		.byte	-128
 649 026c CC       		.byte	-52
 650 026d 30       		.byte	48
 651 026e 61       		.byte	97
 652 026f 48       		.byte	72
 653 0270 65       		.byte	101
 654 0271 02       		.byte	2
 655 0272 66       		.byte	102
 656 0273 40       		.byte	64
 657 0274 96       		.byte	-106
 658 0275 80       		.byte	-128
 659 0276 9D       		.byte	-99
 660 0277 80       		.byte	-128
 661 0278 D6       		.byte	-42
 662 0279 C0       		.byte	-64
 663 027a D8       		.byte	-40
 664 027b C0       		.byte	-64
 665 027c 85       		.byte	-123
 666 027d 40       		.byte	64
 667 027e 96       		.byte	-106
 668 027f 80       		.byte	-128
 669 0280 9D       		.byte	-99
 670 0281 C2       		.byte	-62
 671 0282 9E       		.byte	-98
 672 0283 40       		.byte	64
 673 0284 A5       		.byte	-91
 674 0285 08       		.byte	8
 675 0286 E6       		.byte	-26
 676 0287 10       		.byte	16
 677 0288 81       		.byte	-127
 678 0289 08       		.byte	8
 679 028a 85       		.byte	-123
 680 028b 02       		.byte	2
 681 028c 86       		.byte	-122
 682 028d 40       		.byte	64
 683 028e 96       		.byte	-106
 684 028f 80       		.byte	-128
ARM GAS  C:\Users\adria\AppData\Local\Temp\ccSxtKLA.s 			page 13


 685 0290 9D       		.byte	-99
 686 0291 82       		.byte	-126
 687 0292 9E       		.byte	-98
 688 0293 40       		.byte	64
 689 0294 A5       		.byte	-91
 690 0295 08       		.byte	8
 691 0296 E2       		.byte	-30
 692 0297 90       		.byte	-112
 693 0298 E6       		.byte	-26
 694 0299 10       		.byte	16
 695 029a 81       		.byte	-127
 696 029b 80       		.byte	-128
 697 029c 82       		.byte	-126
 698 029d 40       		.byte	64
 699 029e 87       		.byte	-121
 700 029f 20       		.byte	32
 701 02a0 96       		.byte	-106
 702 02a1 80       		.byte	-128
 703 02a2 9D       		.byte	-99
 704 02a3 80       		.byte	-128
 705 02a4 E2       		.byte	-30
 706 02a5 60       		.byte	96
 707 02a6 E6       		.byte	-26
 708 02a7 80       		.byte	-128
 709 02a8 77       		.byte	119
 710 02a9 20       		.byte	32
 711 02aa 9B       		.byte	-101
 712 02ab 20       		.byte	32
 713 02ac DE       		.byte	-34
 714 02ad 20       		.byte	32
 715 02ae 10       		.byte	16
 716 02af 40       		.byte	64
 717 02b0 76       		.byte	118
 718 02b1 10       		.byte	16
 719 02b2 7B       		.byte	123
 720 02b3 02       		.byte	2
 721 02b4 88       		.byte	-120
 722 02b5 40       		.byte	64
 723 02b6 8A       		.byte	-118
 724 02b7 10       		.byte	16
 725 02b8 A3       		.byte	-93
 726 02b9 02       		.byte	2
 727 02ba B3       		.byte	-77
 728 02bb 02       		.byte	2
 729 02bc C4       		.byte	-60
 730 02bd 08       		.byte	8
 731 02be DC       		.byte	-36
 732 02bf 01       		.byte	1
 733 02c0 DE       		.byte	-34
 734 02c1 04       		.byte	4
 735 02c2 E2       		.byte	-30
 736 02c3 01       		.byte	1
 737 02c4 E4       		.byte	-28
 738 02c5 04       		.byte	4
 739 02c6 EC       		.byte	-20
 740 02c7 01       		.byte	1
 741 02c8 00       		.byte	0
ARM GAS  C:\Users\adria\AppData\Local\Temp\ccSxtKLA.s 			page 14


 742 02c9 01       		.byte	1
 743 02ca 0C       		.byte	12
 744 02cb 01       		.byte	1
 745 02cc 10       		.byte	16
 746 02cd 01       		.byte	1
 747 02ce 1C       		.byte	28
 748 02cf 01       		.byte	1
 749 02d0 00       		.byte	0
 750 02d1 0F       		.byte	15
 751 02d2 00       		.byte	0
 752 02d3 00       		.byte	0
 753 02d4 28       		.byte	40
 754 02d5 30       		.byte	48
 755 02d6 00       		.byte	0
 756 02d7 00       		.byte	0
 757 02d8 40       		.byte	64
 758 02d9 00       		.byte	0
 759 02da 00       		.byte	0
 760 02db 00       		.byte	0
 761 02dc 00       		.byte	0
 762 02dd F0       		.byte	-16
 763 02de F0       		.byte	-16
 764 02df 00       		.byte	0
 765 02e0 F0       		.byte	-16
 766 02e1 00       		.byte	0
 767 02e2 00       		.byte	0
 768 02e3 00       		.byte	0
 769 02e4 38       		.byte	56
 770 02e5 00       		.byte	0
 771 02e6 78       		.byte	120
 772 02e7 38       		.byte	56
 773 02e8 38       		.byte	56
 774 02e9 00       		.byte	0
 775 02ea 38       		.byte	56
 776 02eb 00       		.byte	0
 777 02ec 00       		.byte	0
 778 02ed 00       		.byte	0
 779 02ee 00       		.byte	0
 780 02ef 00       		.byte	0
 781 02f0 00       		.byte	0
 782 02f1 0B       		.byte	11
 783 02f2 0B       		.byte	11
 784 02f3 00       		.byte	0
 785 02f4 00       		.byte	0
 786 02f5 00       		.byte	0
 787 02f6 00       		.byte	0
 788 02f7 00       		.byte	0
 789              		.section	.cywolatch,"a",%progbits
 790              		.align	2
 791              		.type	cy_meta_wonvl, %object
 792              		.size	cy_meta_wonvl, 4
 793              	cy_meta_wonvl:
 794 0000 BC       		.byte	-68
 795 0001 90       		.byte	-112
 796 0002 AC       		.byte	-84
 797 0003 AF       		.byte	-81
 798              		.section	.cycustnvl,"a",%progbits
ARM GAS  C:\Users\adria\AppData\Local\Temp\ccSxtKLA.s 			page 15


 799              		.align	2
 800              		.type	cy_meta_custnvl, %object
 801              		.size	cy_meta_custnvl, 4
 802              	cy_meta_custnvl:
 803 0000 00       		.byte	0
 804 0001 00       		.byte	0
 805 0002 40       		.byte	64
 806 0003 05       		.byte	5
 807              		.section	.cymeta,"a",%progbits
 808              		.align	2
 809              		.type	cy_metadata, %object
 810              		.size	cy_metadata, 12
 811              	cy_metadata:
 812 0000 00       		.byte	0
 813 0001 01       		.byte	1
 814 0002 2E       		.byte	46
 815 0003 16       		.byte	22
 816 0004 10       		.byte	16
 817 0005 69       		.byte	105
 818 0006 00       		.byte	0
 819 0007 01       		.byte	1
 820 0008 00       		.byte	0
 821 0009 00       		.byte	0
 822 000a 00       		.byte	0
 823 000b 00       		.byte	0
 824              		.section	.cyflashprotect,"a",%progbits
 825              		.align	2
 826              		.type	cy_meta_flashprotect, %object
 827              		.size	cy_meta_flashprotect, 256
 828              	cy_meta_flashprotect:
 829 0000 00000000 		.space	256
 829      00000000 
 829      00000000 
 829      00000000 
 829      00000000 
 830              		.text
 831              	.Letext0:
 832              		.file 1 "c:\\program files (x86)\\cypress\\psoc creator\\4.4\\psoc creator\\import\\gnu\\arm\\5.4.
 833              		.file 2 "c:\\program files (x86)\\cypress\\psoc creator\\4.4\\psoc creator\\import\\gnu\\arm\\5.4.
 834              		.file 3 "Generated_Source\\PSoC5\\cymetadata.c"
 835              		.section	.debug_info,"",%progbits
 836              	.Ldebug_info0:
 837 0000 31010000 		.4byte	0x131
 838 0004 0400     		.2byte	0x4
 839 0006 00000000 		.4byte	.Ldebug_abbrev0
 840 000a 04       		.byte	0x4
 841 000b 01       		.uleb128 0x1
 842 000c 31000000 		.4byte	.LASF17
 843 0010 0C       		.byte	0xc
 844 0011 CB010000 		.4byte	.LASF18
 845 0015 06010000 		.4byte	.LASF19
 846 0019 00000000 		.4byte	.Ldebug_line0
 847 001d 02       		.uleb128 0x2
 848 001e 01       		.byte	0x1
 849 001f 06       		.byte	0x6
 850 0020 BF010000 		.4byte	.LASF0
 851 0024 03       		.uleb128 0x3
ARM GAS  C:\Users\adria\AppData\Local\Temp\ccSxtKLA.s 			page 16


 852 0025 00000000 		.4byte	.LASF9
 853 0029 01       		.byte	0x1
 854 002a 1D       		.byte	0x1d
 855 002b 2F000000 		.4byte	0x2f
 856 002f 02       		.uleb128 0x2
 857 0030 01       		.byte	0x1
 858 0031 08       		.byte	0x8
 859 0032 23000000 		.4byte	.LASF1
 860 0036 02       		.uleb128 0x2
 861 0037 02       		.byte	0x2
 862 0038 05       		.byte	0x5
 863 0039 AC010000 		.4byte	.LASF2
 864 003d 02       		.uleb128 0x2
 865 003e 02       		.byte	0x2
 866 003f 07       		.byte	0x7
 867 0040 D1000000 		.4byte	.LASF3
 868 0044 02       		.uleb128 0x2
 869 0045 04       		.byte	0x4
 870 0046 05       		.byte	0x5
 871 0047 B6010000 		.4byte	.LASF4
 872 004b 02       		.uleb128 0x2
 873 004c 04       		.byte	0x4
 874 004d 07       		.byte	0x7
 875 004e BF000000 		.4byte	.LASF5
 876 0052 02       		.uleb128 0x2
 877 0053 08       		.byte	0x8
 878 0054 05       		.byte	0x5
 879 0055 9E010000 		.4byte	.LASF6
 880 0059 02       		.uleb128 0x2
 881 005a 08       		.byte	0x8
 882 005b 07       		.byte	0x7
 883 005c 53010000 		.4byte	.LASF7
 884 0060 04       		.uleb128 0x4
 885 0061 04       		.byte	0x4
 886 0062 05       		.byte	0x5
 887 0063 696E7400 		.ascii	"int\000"
 888 0067 02       		.uleb128 0x2
 889 0068 04       		.byte	0x4
 890 0069 07       		.byte	0x7
 891 006a 0A000000 		.4byte	.LASF8
 892 006e 03       		.uleb128 0x3
 893 006f 6A010000 		.4byte	.LASF10
 894 0073 02       		.byte	0x2
 895 0074 18       		.byte	0x18
 896 0075 24000000 		.4byte	0x24
 897 0079 05       		.uleb128 0x5
 898 007a 91000000 		.4byte	0x91
 899 007e 8A000000 		.4byte	0x8a
 900 0082 06       		.uleb128 0x6
 901 0083 8A000000 		.4byte	0x8a
 902 0087 F702     		.2byte	0x2f7
 903 0089 00       		.byte	0
 904 008a 02       		.uleb128 0x2
 905 008b 04       		.byte	0x4
 906 008c 07       		.byte	0x7
 907 008d 95010000 		.4byte	.LASF11
 908 0091 07       		.uleb128 0x7
ARM GAS  C:\Users\adria\AppData\Local\Temp\ccSxtKLA.s 			page 17


 909 0092 6E000000 		.4byte	0x6e
 910 0096 08       		.uleb128 0x8
 911 0097 F4000000 		.4byte	.LASF12
 912 009b 03       		.byte	0x3
 913 009c 1F       		.byte	0x1f
 914 009d A7000000 		.4byte	0xa7
 915 00a1 05       		.uleb128 0x5
 916 00a2 03       		.byte	0x3
 917 00a3 00000000 		.4byte	cy_meta_configecc
 918 00a7 07       		.uleb128 0x7
 919 00a8 79000000 		.4byte	0x79
 920 00ac 05       		.uleb128 0x5
 921 00ad 91000000 		.4byte	0x91
 922 00b1 BC000000 		.4byte	0xbc
 923 00b5 09       		.uleb128 0x9
 924 00b6 8A000000 		.4byte	0x8a
 925 00ba 03       		.byte	0x3
 926 00bb 00       		.byte	0
 927 00bc 08       		.uleb128 0x8
 928 00bd E4000000 		.4byte	.LASF13
 929 00c1 03       		.byte	0x3
 930 00c2 8B       		.byte	0x8b
 931 00c3 CD000000 		.4byte	0xcd
 932 00c7 05       		.uleb128 0x5
 933 00c8 03       		.byte	0x3
 934 00c9 00000000 		.4byte	cy_meta_custnvl
 935 00cd 07       		.uleb128 0x7
 936 00ce AC000000 		.4byte	0xac
 937 00d2 08       		.uleb128 0x8
 938 00d3 87010000 		.4byte	.LASF14
 939 00d7 03       		.byte	0x3
 940 00d8 99       		.byte	0x99
 941 00d9 E3000000 		.4byte	0xe3
 942 00dd 05       		.uleb128 0x5
 943 00de 03       		.byte	0x3
 944 00df 00000000 		.4byte	cy_meta_wonvl
 945 00e3 07       		.uleb128 0x7
 946 00e4 AC000000 		.4byte	0xac
 947 00e8 05       		.uleb128 0x5
 948 00e9 91000000 		.4byte	0x91
 949 00ed F8000000 		.4byte	0xf8
 950 00f1 09       		.uleb128 0x9
 951 00f2 8A000000 		.4byte	0x8a
 952 00f6 FF       		.byte	0xff
 953 00f7 00       		.byte	0
 954 00f8 08       		.uleb128 0x8
 955 00f9 72010000 		.4byte	.LASF15
 956 00fd 03       		.byte	0x3
 957 00fe A7       		.byte	0xa7
 958 00ff 09010000 		.4byte	0x109
 959 0103 05       		.uleb128 0x5
 960 0104 03       		.byte	0x3
 961 0105 00000000 		.4byte	cy_meta_flashprotect
 962 0109 07       		.uleb128 0x7
 963 010a E8000000 		.4byte	0xe8
 964 010e 05       		.uleb128 0x5
 965 010f 91000000 		.4byte	0x91
ARM GAS  C:\Users\adria\AppData\Local\Temp\ccSxtKLA.s 			page 18


 966 0113 1E010000 		.4byte	0x11e
 967 0117 09       		.uleb128 0x9
 968 0118 8A000000 		.4byte	0x8a
 969 011c 0B       		.byte	0xb
 970 011d 00       		.byte	0
 971 011e 08       		.uleb128 0x8
 972 011f 17000000 		.4byte	.LASF16
 973 0123 03       		.byte	0x3
 974 0124 D4       		.byte	0xd4
 975 0125 2F010000 		.4byte	0x12f
 976 0129 05       		.uleb128 0x5
 977 012a 03       		.byte	0x3
 978 012b 00000000 		.4byte	cy_metadata
 979 012f 07       		.uleb128 0x7
 980 0130 0E010000 		.4byte	0x10e
 981 0134 00       		.byte	0
 982              		.section	.debug_abbrev,"",%progbits
 983              	.Ldebug_abbrev0:
 984 0000 01       		.uleb128 0x1
 985 0001 11       		.uleb128 0x11
 986 0002 01       		.byte	0x1
 987 0003 25       		.uleb128 0x25
 988 0004 0E       		.uleb128 0xe
 989 0005 13       		.uleb128 0x13
 990 0006 0B       		.uleb128 0xb
 991 0007 03       		.uleb128 0x3
 992 0008 0E       		.uleb128 0xe
 993 0009 1B       		.uleb128 0x1b
 994 000a 0E       		.uleb128 0xe
 995 000b 10       		.uleb128 0x10
 996 000c 17       		.uleb128 0x17
 997 000d 00       		.byte	0
 998 000e 00       		.byte	0
 999 000f 02       		.uleb128 0x2
 1000 0010 24       		.uleb128 0x24
 1001 0011 00       		.byte	0
 1002 0012 0B       		.uleb128 0xb
 1003 0013 0B       		.uleb128 0xb
 1004 0014 3E       		.uleb128 0x3e
 1005 0015 0B       		.uleb128 0xb
 1006 0016 03       		.uleb128 0x3
 1007 0017 0E       		.uleb128 0xe
 1008 0018 00       		.byte	0
 1009 0019 00       		.byte	0
 1010 001a 03       		.uleb128 0x3
 1011 001b 16       		.uleb128 0x16
 1012 001c 00       		.byte	0
 1013 001d 03       		.uleb128 0x3
 1014 001e 0E       		.uleb128 0xe
 1015 001f 3A       		.uleb128 0x3a
 1016 0020 0B       		.uleb128 0xb
 1017 0021 3B       		.uleb128 0x3b
 1018 0022 0B       		.uleb128 0xb
 1019 0023 49       		.uleb128 0x49
 1020 0024 13       		.uleb128 0x13
 1021 0025 00       		.byte	0
 1022 0026 00       		.byte	0
ARM GAS  C:\Users\adria\AppData\Local\Temp\ccSxtKLA.s 			page 19


 1023 0027 04       		.uleb128 0x4
 1024 0028 24       		.uleb128 0x24
 1025 0029 00       		.byte	0
 1026 002a 0B       		.uleb128 0xb
 1027 002b 0B       		.uleb128 0xb
 1028 002c 3E       		.uleb128 0x3e
 1029 002d 0B       		.uleb128 0xb
 1030 002e 03       		.uleb128 0x3
 1031 002f 08       		.uleb128 0x8
 1032 0030 00       		.byte	0
 1033 0031 00       		.byte	0
 1034 0032 05       		.uleb128 0x5
 1035 0033 01       		.uleb128 0x1
 1036 0034 01       		.byte	0x1
 1037 0035 49       		.uleb128 0x49
 1038 0036 13       		.uleb128 0x13
 1039 0037 01       		.uleb128 0x1
 1040 0038 13       		.uleb128 0x13
 1041 0039 00       		.byte	0
 1042 003a 00       		.byte	0
 1043 003b 06       		.uleb128 0x6
 1044 003c 21       		.uleb128 0x21
 1045 003d 00       		.byte	0
 1046 003e 49       		.uleb128 0x49
 1047 003f 13       		.uleb128 0x13
 1048 0040 2F       		.uleb128 0x2f
 1049 0041 05       		.uleb128 0x5
 1050 0042 00       		.byte	0
 1051 0043 00       		.byte	0
 1052 0044 07       		.uleb128 0x7
 1053 0045 26       		.uleb128 0x26
 1054 0046 00       		.byte	0
 1055 0047 49       		.uleb128 0x49
 1056 0048 13       		.uleb128 0x13
 1057 0049 00       		.byte	0
 1058 004a 00       		.byte	0
 1059 004b 08       		.uleb128 0x8
 1060 004c 34       		.uleb128 0x34
 1061 004d 00       		.byte	0
 1062 004e 03       		.uleb128 0x3
 1063 004f 0E       		.uleb128 0xe
 1064 0050 3A       		.uleb128 0x3a
 1065 0051 0B       		.uleb128 0xb
 1066 0052 3B       		.uleb128 0x3b
 1067 0053 0B       		.uleb128 0xb
 1068 0054 49       		.uleb128 0x49
 1069 0055 13       		.uleb128 0x13
 1070 0056 3F       		.uleb128 0x3f
 1071 0057 19       		.uleb128 0x19
 1072 0058 02       		.uleb128 0x2
 1073 0059 18       		.uleb128 0x18
 1074 005a 00       		.byte	0
 1075 005b 00       		.byte	0
 1076 005c 09       		.uleb128 0x9
 1077 005d 21       		.uleb128 0x21
 1078 005e 00       		.byte	0
 1079 005f 49       		.uleb128 0x49
ARM GAS  C:\Users\adria\AppData\Local\Temp\ccSxtKLA.s 			page 20


 1080 0060 13       		.uleb128 0x13
 1081 0061 2F       		.uleb128 0x2f
 1082 0062 0B       		.uleb128 0xb
 1083 0063 00       		.byte	0
 1084 0064 00       		.byte	0
 1085 0065 00       		.byte	0
 1086              		.section	.debug_aranges,"",%progbits
 1087 0000 14000000 		.4byte	0x14
 1088 0004 0200     		.2byte	0x2
 1089 0006 00000000 		.4byte	.Ldebug_info0
 1090 000a 04       		.byte	0x4
 1091 000b 00       		.byte	0
 1092 000c 0000     		.2byte	0
 1093 000e 0000     		.2byte	0
 1094 0010 00000000 		.4byte	0
 1095 0014 00000000 		.4byte	0
 1096              		.section	.debug_line,"",%progbits
 1097              	.Ldebug_line0:
 1098 0000 3D010000 		.section	.debug_str,"MS",%progbits,1
 1098      02003701 
 1098      00000201 
 1098      FB0E0D00 
 1098      01010101 
 1099              	.LASF9:
 1100 0000 5F5F7569 		.ascii	"__uint8_t\000"
 1100      6E74385F 
 1100      7400
 1101              	.LASF8:
 1102 000a 756E7369 		.ascii	"unsigned int\000"
 1102      676E6564 
 1102      20696E74 
 1102      00
 1103              	.LASF16:
 1104 0017 63795F6D 		.ascii	"cy_metadata\000"
 1104      65746164 
 1104      61746100 
 1105              	.LASF1:
 1106 0023 756E7369 		.ascii	"unsigned char\000"
 1106      676E6564 
 1106      20636861 
 1106      7200
 1107              	.LASF17:
 1108 0031 474E5520 		.ascii	"GNU C11 5.4.1 20160609 (release) [ARM/embedded-5-br"
 1108      43313120 
 1108      352E342E 
 1108      31203230 
 1108      31363036 
 1109 0064 616E6368 		.ascii	"anch revision 237715] -mcpu=cortex-m3 -mthumb -g -O"
 1109      20726576 
 1109      6973696F 
 1109      6E203233 
 1109      37373135 
 1110 0097 67202D66 		.ascii	"g -ffunction-sections -ffat-lto-objects\000"
 1110      66756E63 
 1110      74696F6E 
 1110      2D736563 
 1110      74696F6E 
ARM GAS  C:\Users\adria\AppData\Local\Temp\ccSxtKLA.s 			page 21


 1111              	.LASF5:
 1112 00bf 6C6F6E67 		.ascii	"long unsigned int\000"
 1112      20756E73 
 1112      69676E65 
 1112      6420696E 
 1112      7400
 1113              	.LASF3:
 1114 00d1 73686F72 		.ascii	"short unsigned int\000"
 1114      7420756E 
 1114      7369676E 
 1114      65642069 
 1114      6E7400
 1115              	.LASF13:
 1116 00e4 63795F6D 		.ascii	"cy_meta_custnvl\000"
 1116      6574615F 
 1116      63757374 
 1116      6E766C00 
 1117              	.LASF12:
 1118 00f4 63795F6D 		.ascii	"cy_meta_configecc\000"
 1118      6574615F 
 1118      636F6E66 
 1118      69676563 
 1118      6300
 1119              	.LASF19:
 1120 0106 433A5C55 		.ascii	"C:\\Users\\adria\\OneDrive\\Documents\\psoc\\Step_m"
 1120      73657273 
 1120      5C616472 
 1120      69615C4F 
 1120      6E654472 
 1121 0133 6F746F72 		.ascii	"otor_UART\\Step_motor_UART.cydsn\000"
 1121      5F554152 
 1121      545C5374 
 1121      65705F6D 
 1121      6F746F72 
 1122              	.LASF7:
 1123 0153 6C6F6E67 		.ascii	"long long unsigned int\000"
 1123      206C6F6E 
 1123      6720756E 
 1123      7369676E 
 1123      65642069 
 1124              	.LASF10:
 1125 016a 75696E74 		.ascii	"uint8_t\000"
 1125      385F7400 
 1126              	.LASF15:
 1127 0172 63795F6D 		.ascii	"cy_meta_flashprotect\000"
 1127      6574615F 
 1127      666C6173 
 1127      6870726F 
 1127      74656374 
 1128              	.LASF14:
 1129 0187 63795F6D 		.ascii	"cy_meta_wonvl\000"
 1129      6574615F 
 1129      776F6E76 
 1129      6C00
 1130              	.LASF11:
 1131 0195 73697A65 		.ascii	"sizetype\000"
 1131      74797065 
ARM GAS  C:\Users\adria\AppData\Local\Temp\ccSxtKLA.s 			page 22


 1131      00
 1132              	.LASF6:
 1133 019e 6C6F6E67 		.ascii	"long long int\000"
 1133      206C6F6E 
 1133      6720696E 
 1133      7400
 1134              	.LASF2:
 1135 01ac 73686F72 		.ascii	"short int\000"
 1135      7420696E 
 1135      7400
 1136              	.LASF4:
 1137 01b6 6C6F6E67 		.ascii	"long int\000"
 1137      20696E74 
 1137      00
 1138              	.LASF0:
 1139 01bf 7369676E 		.ascii	"signed char\000"
 1139      65642063 
 1139      68617200 
 1140              	.LASF18:
 1141 01cb 47656E65 		.ascii	"Generated_Source\\PSoC5\\cymetadata.c\000"
 1141      72617465 
 1141      645F536F 
 1141      75726365 
 1141      5C50536F 
 1142              		.ident	"GCC: (GNU Tools for ARM Embedded Processors) 5.4.1 20160609 (release) [ARM/embedded-5-bran
