ARM GAS  C:\Users\adria\AppData\Local\Temp\ccjnN7pI.s 			page 1


   1              		.syntax unified
   2              		.cpu cortex-m3
   3              		.fpu softvfp
   4              		.eabi_attribute 20, 1
   5              		.eabi_attribute 21, 1
   6              		.eabi_attribute 23, 3
   7              		.eabi_attribute 24, 1
   8              		.eabi_attribute 25, 1
   9              		.eabi_attribute 26, 1
  10              		.eabi_attribute 30, 1
  11              		.eabi_attribute 34, 1
  12              		.eabi_attribute 18, 4
  13              		.thumb
  14              		.syntax unified
  15              		.file	"cymetadata.c"
  16              		.text
  17              	.Ltext0:
  18              		.cfi_sections	.debug_frame
  19              		.global	cy_metadata
  20              		.global	cy_meta_flashprotect
  21              		.global	cy_meta_wonvl
  22              		.global	cy_meta_custnvl
  23              		.global	cy_meta_configecc
  24              		.section	.cyconfigecc,"a",%progbits
  25              		.align	2
  26              		.type	cy_meta_configecc, %object
  27              		.size	cy_meta_configecc, 440
  28              	cy_meta_configecc:
  29 0000 02       		.byte	2
  30 0001 52       		.byte	82
  31 0002 00       		.byte	0
  32 0003 40       		.byte	64
  33 0004 01       		.byte	1
  34 0005 65       		.byte	101
  35 0006 00       		.byte	0
  36 0007 40       		.byte	64
  37 0008 01       		.byte	1
  38 0009 07       		.byte	7
  39 000a 01       		.byte	1
  40 000b 40       		.byte	64
  41 000c 01       		.byte	1
  42 000d 09       		.byte	9
  43 000e 01       		.byte	1
  44 000f 40       		.byte	64
  45 0010 01       		.byte	1
  46 0011 15       		.byte	21
  47 0012 01       		.byte	1
  48 0013 40       		.byte	64
  49 0014 59       		.byte	89
  50 0015 1A       		.byte	26
  51 0016 01       		.byte	1
  52 0017 40       		.byte	64
  53 0018 30       		.byte	48
  54 0019 1B       		.byte	27
  55 001a 01       		.byte	1
  56 001b 40       		.byte	64
  57 001c 03       		.byte	3
ARM GAS  C:\Users\adria\AppData\Local\Temp\ccjnN7pI.s 			page 2


  58 001d 40       		.byte	64
  59 001e 01       		.byte	1
  60 001f 40       		.byte	64
  61 0020 02       		.byte	2
  62 0021 41       		.byte	65
  63 0022 01       		.byte	1
  64 0023 40       		.byte	64
  65 0024 02       		.byte	2
  66 0025 42       		.byte	66
  67 0026 01       		.byte	1
  68 0027 40       		.byte	64
  69 0028 03       		.byte	3
  70 0029 43       		.byte	67
  71 002a 01       		.byte	1
  72 002b 40       		.byte	64
  73 002c 02       		.byte	2
  74 002d 46       		.byte	70
  75 002e 01       		.byte	1
  76 002f 40       		.byte	64
  77 0030 01       		.byte	1
  78 0031 47       		.byte	71
  79 0032 01       		.byte	1
  80 0033 40       		.byte	64
  81 0034 01       		.byte	1
  82 0035 48       		.byte	72
  83 0036 01       		.byte	1
  84 0037 40       		.byte	64
  85 0038 03       		.byte	3
  86 0039 49       		.byte	73
  87 003a 01       		.byte	1
  88 003b 40       		.byte	64
  89 003c 04       		.byte	4
  90 003d 4D       		.byte	77
  91 003e 01       		.byte	1
  92 003f 40       		.byte	64
  93 0040 02       		.byte	2
  94 0041 50       		.byte	80
  95 0042 01       		.byte	1
  96 0043 40       		.byte	64
  97 0044 01       		.byte	1
  98 0045 51       		.byte	81
  99 0046 01       		.byte	1
 100 0047 40       		.byte	64
 101 0048 60       		.byte	96
 102 0049 80       		.byte	-128
 103 004a 61       		.byte	97
 104 004b 80       		.byte	-128
 105 004c 8B       		.byte	-117
 106 004d 0F       		.byte	15
 107 004e EE       		.byte	-18
 108 004f 04       		.byte	4
 109 0050 EE       		.byte	-18
 110 0051 04       		.byte	4
 111 0052 E6       		.byte	-26
 112 0053 02       		.byte	2
 113 0054 04       		.byte	4
 114 0055 09       		.byte	9
ARM GAS  C:\Users\adria\AppData\Local\Temp\ccjnN7pI.s 			page 3


 115 0056 06       		.byte	6
 116 0057 10       		.byte	16
 117 0058 07       		.byte	7
 118 0059 0C       		.byte	12
 119 005a 09       		.byte	9
 120 005b 80       		.byte	-128
 121 005c 0A       		.byte	10
 122 005d 03       		.byte	3
 123 005e 0B       		.byte	11
 124 005f 13       		.byte	19
 125 0060 0C       		.byte	12
 126 0061 14       		.byte	20
 127 0062 0F       		.byte	15
 128 0063 08       		.byte	8
 129 0064 10       		.byte	16
 130 0065 30       		.byte	48
 131 0066 12       		.byte	18
 132 0067 0C       		.byte	12
 133 0068 14       		.byte	20
 134 0069 1C       		.byte	28
 135 006a 15       		.byte	21
 136 006b 2C       		.byte	44
 137 006c 16       		.byte	22
 138 006d 22       		.byte	34
 139 006e 17       		.byte	23
 140 006f 43       		.byte	67
 141 0070 1C       		.byte	28
 142 0071 2C       		.byte	44
 143 0072 1E       		.byte	30
 144 0073 11       		.byte	17
 145 0074 20       		.byte	32
 146 0075 10       		.byte	16
 147 0076 21       		.byte	33
 148 0077 71       		.byte	113
 149 0078 23       		.byte	35
 150 0079 06       		.byte	6
 151 007a 26       		.byte	38
 152 007b 20       		.byte	32
 153 007c 2A       		.byte	42
 154 007d 20       		.byte	32
 155 007e 2D       		.byte	45
 156 007f 71       		.byte	113
 157 0080 2F       		.byte	47
 158 0081 0E       		.byte	14
 159 0082 30       		.byte	48
 160 0083 20       		.byte	32
 161 0084 32       		.byte	50
 162 0085 1F       		.byte	31
 163 0086 33       		.byte	51
 164 0087 0F       		.byte	15
 165 0088 35       		.byte	53
 166 0089 C0       		.byte	-64
 167 008a 37       		.byte	55
 168 008b 30       		.byte	48
 169 008c 39       		.byte	57
 170 008d A0       		.byte	-96
 171 008e 3B       		.byte	59
ARM GAS  C:\Users\adria\AppData\Local\Temp\ccjnN7pI.s 			page 4


 172 008f 08       		.byte	8
 173 0090 3E       		.byte	62
 174 0091 01       		.byte	1
 175 0092 3F       		.byte	63
 176 0093 40       		.byte	64
 177 0094 40       		.byte	64
 178 0095 01       		.byte	1
 179 0096 46       		.byte	70
 180 0097 04       		.byte	4
 181 0098 49       		.byte	73
 182 0099 FF       		.byte	-1
 183 009a 4A       		.byte	74
 184 009b 07       		.byte	7
 185 009c 4B       		.byte	75
 186 009d FF       		.byte	-1
 187 009e 4C       		.byte	76
 188 009f 40       		.byte	64
 189 00a0 4D       		.byte	77
 190 00a1 20       		.byte	32
 191 00a2 4E       		.byte	78
 192 00a3 F0       		.byte	-16
 193 00a4 4F       		.byte	79
 194 00a5 05       		.byte	5
 195 00a6 50       		.byte	80
 196 00a7 08       		.byte	8
 197 00a8 58       		.byte	88
 198 00a9 04       		.byte	4
 199 00aa 59       		.byte	89
 200 00ab 04       		.byte	4
 201 00ac 5A       		.byte	90
 202 00ad 04       		.byte	4
 203 00ae 5F       		.byte	95
 204 00af 01       		.byte	1
 205 00b0 60       		.byte	96
 206 00b1 40       		.byte	64
 207 00b2 61       		.byte	97
 208 00b3 A8       		.byte	-88
 209 00b4 62       		.byte	98
 210 00b5 40       		.byte	64
 211 00b6 63       		.byte	99
 212 00b7 20       		.byte	32
 213 00b8 82       		.byte	-126
 214 00b9 20       		.byte	32
 215 00ba 86       		.byte	-122
 216 00bb 15       		.byte	21
 217 00bc 88       		.byte	-120
 218 00bd 40       		.byte	64
 219 00be 8C       		.byte	-116
 220 00bf 03       		.byte	3
 221 00c0 8E       		.byte	-114
 222 00c1 1C       		.byte	28
 223 00c2 90       		.byte	-112
 224 00c3 80       		.byte	-128
 225 00c4 94       		.byte	-108
 226 00c5 03       		.byte	3
 227 00c6 96       		.byte	-106
 228 00c7 04       		.byte	4
ARM GAS  C:\Users\adria\AppData\Local\Temp\ccjnN7pI.s 			page 5


 229 00c8 9C       		.byte	-100
 230 00c9 03       		.byte	3
 231 00ca 9E       		.byte	-98
 232 00cb 34       		.byte	52
 233 00cc A4       		.byte	-92
 234 00cd 2A       		.byte	42
 235 00ce A6       		.byte	-90
 236 00cf 14       		.byte	20
 237 00d0 AA       		.byte	-86
 238 00d1 28       		.byte	40
 239 00d2 B0       		.byte	-80
 240 00d3 0F       		.byte	15
 241 00d4 B2       		.byte	-78
 242 00d5 40       		.byte	64
 243 00d6 B4       		.byte	-76
 244 00d7 80       		.byte	-128
 245 00d8 B6       		.byte	-74
 246 00d9 38       		.byte	56
 247 00da BA       		.byte	-70
 248 00db 82       		.byte	-126
 249 00dc BE       		.byte	-66
 250 00dd 14       		.byte	20
 251 00de C0       		.byte	-64
 252 00df 43       		.byte	67
 253 00e0 C1       		.byte	-63
 254 00e1 01       		.byte	1
 255 00e2 C6       		.byte	-58
 256 00e3 CE       		.byte	-50
 257 00e4 C7       		.byte	-57
 258 00e5 B0       		.byte	-80
 259 00e6 C8       		.byte	-56
 260 00e7 2C       		.byte	44
 261 00e8 C9       		.byte	-55
 262 00e9 FF       		.byte	-1
 263 00ea CA       		.byte	-54
 264 00eb FF       		.byte	-1
 265 00ec CB       		.byte	-53
 266 00ed FF       		.byte	-1
 267 00ee CE       		.byte	-50
 268 00ef F0       		.byte	-16
 269 00f0 CF       		.byte	-49
 270 00f1 44       		.byte	68
 271 00f2 D0       		.byte	-48
 272 00f3 0C       		.byte	12
 273 00f4 D4       		.byte	-44
 274 00f5 01       		.byte	1
 275 00f6 D6       		.byte	-42
 276 00f7 04       		.byte	4
 277 00f8 D8       		.byte	-40
 278 00f9 04       		.byte	4
 279 00fa DA       		.byte	-38
 280 00fb 04       		.byte	4
 281 00fc DB       		.byte	-37
 282 00fd 04       		.byte	4
 283 00fe DF       		.byte	-33
 284 00ff 01       		.byte	1
 285 0100 E6       		.byte	-26
ARM GAS  C:\Users\adria\AppData\Local\Temp\ccjnN7pI.s 			page 6


 286 0101 C0       		.byte	-64
 287 0102 EA       		.byte	-22
 288 0103 40       		.byte	64
 289 0104 EB       		.byte	-21
 290 0105 02       		.byte	2
 291 0106 00       		.byte	0
 292 0107 14       		.byte	20
 293 0108 02       		.byte	2
 294 0109 01       		.byte	1
 295 010a 04       		.byte	4
 296 010b 50       		.byte	80
 297 010c 06       		.byte	6
 298 010d 50       		.byte	80
 299 010e 09       		.byte	9
 300 010f 8A       		.byte	-118
 301 0110 0D       		.byte	13
 302 0111 80       		.byte	-128
 303 0112 0F       		.byte	15
 304 0113 A0       		.byte	-96
 305 0114 10       		.byte	16
 306 0115 20       		.byte	32
 307 0116 11       		.byte	17
 308 0117 20       		.byte	32
 309 0118 12       		.byte	18
 310 0119 40       		.byte	64
 311 011a 13       		.byte	19
 312 011b 20       		.byte	32
 313 011c 15       		.byte	21
 314 011d 28       		.byte	40
 315 011e 18       		.byte	24
 316 011f 10       		.byte	16
 317 0120 1A       		.byte	26
 318 0121 40       		.byte	64
 319 0122 1C       		.byte	28
 320 0123 40       		.byte	64
 321 0124 1D       		.byte	29
 322 0125 C3       		.byte	-61
 323 0126 1E       		.byte	30
 324 0127 24       		.byte	36
 325 0128 20       		.byte	32
 326 0129 05       		.byte	5
 327 012a 21       		.byte	33
 328 012b 1C       		.byte	28
 329 012c 29       		.byte	41
 330 012d 41       		.byte	65
 331 012e 31       		.byte	49
 332 012f 08       		.byte	8
 333 0130 38       		.byte	56
 334 0131 24       		.byte	36
 335 0132 3A       		.byte	58
 336 0133 40       		.byte	64
 337 0134 40       		.byte	64
 338 0135 01       		.byte	1
 339 0136 45       		.byte	69
 340 0137 82       		.byte	-126
 341 0138 46       		.byte	70
 342 0139 10       		.byte	16
ARM GAS  C:\Users\adria\AppData\Local\Temp\ccjnN7pI.s 			page 7


 343 013a 50       		.byte	80
 344 013b 30       		.byte	48
 345 013c 52       		.byte	82
 346 013d 50       		.byte	80
 347 013e 55       		.byte	85
 348 013f 10       		.byte	16
 349 0140 56       		.byte	86
 350 0141 01       		.byte	1
 351 0142 57       		.byte	87
 352 0143 50       		.byte	80
 353 0144 5D       		.byte	93
 354 0145 01       		.byte	1
 355 0146 5E       		.byte	94
 356 0147 44       		.byte	68
 357 0148 5F       		.byte	95
 358 0149 20       		.byte	32
 359 014a 67       		.byte	103
 360 014b 40       		.byte	64
 361 014c 79       		.byte	121
 362 014d 01       		.byte	1
 363 014e 7B       		.byte	123
 364 014f 40       		.byte	64
 365 0150 87       		.byte	-121
 366 0151 40       		.byte	64
 367 0152 8A       		.byte	-118
 368 0153 10       		.byte	16
 369 0154 C0       		.byte	-64
 370 0155 F7       		.byte	-9
 371 0156 C2       		.byte	-62
 372 0157 BD       		.byte	-67
 373 0158 C4       		.byte	-60
 374 0159 6E       		.byte	110
 375 015a CA       		.byte	-54
 376 015b 09       		.byte	9
 377 015c CC       		.byte	-52
 378 015d 02       		.byte	2
 379 015e CE       		.byte	-50
 380 015f 0E       		.byte	14
 381 0160 D0       		.byte	-48
 382 0161 D8       		.byte	-40
 383 0162 D6       		.byte	-42
 384 0163 F0       		.byte	-16
 385 0164 D8       		.byte	-40
 386 0165 80       		.byte	-128
 387 0166 33       		.byte	51
 388 0167 20       		.byte	32
 389 0168 36       		.byte	54
 390 0169 20       		.byte	32
 391 016a CC       		.byte	-52
 392 016b 30       		.byte	48
 393 016c A6       		.byte	-90
 394 016d 20       		.byte	32
 395 016e A7       		.byte	-89
 396 016f 20       		.byte	32
 397 0170 A6       		.byte	-90
 398 0171 20       		.byte	32
 399 0172 A7       		.byte	-89
ARM GAS  C:\Users\adria\AppData\Local\Temp\ccjnN7pI.s 			page 8


 400 0173 20       		.byte	32
 401 0174 A6       		.byte	-90
 402 0175 20       		.byte	32
 403 0176 AB       		.byte	-85
 404 0177 20       		.byte	32
 405 0178 EE       		.byte	-18
 406 0179 20       		.byte	32
 407 017a 1B       		.byte	27
 408 017b 04       		.byte	4
 409 017c C6       		.byte	-58
 410 017d 08       		.byte	8
 411 017e AB       		.byte	-85
 412 017f 04       		.byte	4
 413 0180 A6       		.byte	-90
 414 0181 20       		.byte	32
 415 0182 86       		.byte	-122
 416 0183 20       		.byte	32
 417 0184 A6       		.byte	-90
 418 0185 20       		.byte	32
 419 0186 E6       		.byte	-26
 420 0187 40       		.byte	64
 421 0188 75       		.byte	117
 422 0189 02       		.byte	2
 423 018a 89       		.byte	-119
 424 018b 02       		.byte	2
 425 018c DE       		.byte	-34
 426 018d 04       		.byte	4
 427 018e E0       		.byte	-32
 428 018f 01       		.byte	1
 429 0190 10       		.byte	16
 430 0191 01       		.byte	1
 431 0192 1C       		.byte	28
 432 0193 01       		.byte	1
 433 0194 00       		.byte	0
 434 0195 0F       		.byte	15
 435 0196 00       		.byte	0
 436 0197 00       		.byte	0
 437 0198 80       		.byte	-128
 438 0199 00       		.byte	0
 439 019a 00       		.byte	0
 440 019b 80       		.byte	-128
 441 019c 80       		.byte	-128
 442 019d 00       		.byte	0
 443 019e 80       		.byte	-128
 444 019f 00       		.byte	0
 445 01a0 00       		.byte	0
 446 01a1 00       		.byte	0
 447 01a2 00       		.byte	0
 448 01a3 00       		.byte	0
 449 01a4 00       		.byte	0
 450 01a5 00       		.byte	0
 451 01a6 00       		.byte	0
 452 01a7 00       		.byte	0
 453 01a8 00       		.byte	0
 454 01a9 00       		.byte	0
 455 01aa 20       		.byte	32
 456 01ab 00       		.byte	0
ARM GAS  C:\Users\adria\AppData\Local\Temp\ccjnN7pI.s 			page 9


 457 01ac 00       		.byte	0
 458 01ad 0B       		.byte	11
 459 01ae 0B       		.byte	11
 460 01af 00       		.byte	0
 461 01b0 00       		.byte	0
 462 01b1 00       		.byte	0
 463 01b2 00       		.byte	0
 464 01b3 00       		.byte	0
 465 01b4 17       		.byte	23
 466 01b5 00       		.byte	0
 467 01b6 18       		.byte	24
 468 01b7 01       		.byte	1
 469              		.section	.cywolatch,"a",%progbits
 470              		.align	2
 471              		.type	cy_meta_wonvl, %object
 472              		.size	cy_meta_wonvl, 4
 473              	cy_meta_wonvl:
 474 0000 BC       		.byte	-68
 475 0001 90       		.byte	-112
 476 0002 AC       		.byte	-84
 477 0003 AF       		.byte	-81
 478              		.section	.cycustnvl,"a",%progbits
 479              		.align	2
 480              		.type	cy_meta_custnvl, %object
 481              		.size	cy_meta_custnvl, 4
 482              	cy_meta_custnvl:
 483 0000 00       		.byte	0
 484 0001 00       		.byte	0
 485 0002 40       		.byte	64
 486 0003 05       		.byte	5
 487              		.section	.cymeta,"a",%progbits
 488              		.align	2
 489              		.type	cy_metadata, %object
 490              		.size	cy_metadata, 12
 491              	cy_metadata:
 492 0000 00       		.byte	0
 493 0001 01       		.byte	1
 494 0002 2E       		.byte	46
 495 0003 16       		.byte	22
 496 0004 10       		.byte	16
 497 0005 69       		.byte	105
 498 0006 00       		.byte	0
 499 0007 01       		.byte	1
 500 0008 00       		.byte	0
 501 0009 00       		.byte	0
 502 000a 00       		.byte	0
 503 000b 00       		.byte	0
 504              		.section	.cyflashprotect,"a",%progbits
 505              		.align	2
 506              		.type	cy_meta_flashprotect, %object
 507              		.size	cy_meta_flashprotect, 256
 508              	cy_meta_flashprotect:
 509 0000 00000000 		.space	256
 509      00000000 
 509      00000000 
 509      00000000 
 509      00000000 
ARM GAS  C:\Users\adria\AppData\Local\Temp\ccjnN7pI.s 			page 10


 510              		.text
 511              	.Letext0:
 512              		.file 1 "c:\\program files (x86)\\cypress\\psoc creator\\4.4\\psoc creator\\import\\gnu\\arm\\5.4.
 513              		.file 2 "c:\\program files (x86)\\cypress\\psoc creator\\4.4\\psoc creator\\import\\gnu\\arm\\5.4.
 514              		.file 3 "Generated_Source\\PSoC5\\cymetadata.c"
 515              		.section	.debug_info,"",%progbits
 516              	.Ldebug_info0:
 517 0000 31010000 		.4byte	0x131
 518 0004 0400     		.2byte	0x4
 519 0006 00000000 		.4byte	.Ldebug_abbrev0
 520 000a 04       		.byte	0x4
 521 000b 01       		.uleb128 0x1
 522 000c 51000000 		.4byte	.LASF17
 523 0010 0C       		.byte	0xc
 524 0011 AB010000 		.4byte	.LASF18
 525 0015 0A000000 		.4byte	.LASF19
 526 0019 00000000 		.4byte	.Ldebug_line0
 527 001d 02       		.uleb128 0x2
 528 001e 01       		.byte	0x1
 529 001f 06       		.byte	0x6
 530 0020 9F010000 		.4byte	.LASF0
 531 0024 03       		.uleb128 0x3
 532 0025 00000000 		.4byte	.LASF9
 533 0029 01       		.byte	0x1
 534 002a 1D       		.byte	0x1d
 535 002b 2F000000 		.4byte	0x2f
 536 002f 02       		.uleb128 0x2
 537 0030 01       		.byte	0x1
 538 0031 08       		.byte	0x8
 539 0032 43000000 		.4byte	.LASF1
 540 0036 02       		.uleb128 0x2
 541 0037 02       		.byte	0x2
 542 0038 05       		.byte	0x5
 543 0039 8C010000 		.4byte	.LASF2
 544 003d 02       		.uleb128 0x2
 545 003e 02       		.byte	0x2
 546 003f 07       		.byte	0x7
 547 0040 F1000000 		.4byte	.LASF3
 548 0044 02       		.uleb128 0x2
 549 0045 04       		.byte	0x4
 550 0046 05       		.byte	0x5
 551 0047 96010000 		.4byte	.LASF4
 552 004b 02       		.uleb128 0x2
 553 004c 04       		.byte	0x4
 554 004d 07       		.byte	0x7
 555 004e DF000000 		.4byte	.LASF5
 556 0052 02       		.uleb128 0x2
 557 0053 08       		.byte	0x8
 558 0054 05       		.byte	0x5
 559 0055 7E010000 		.4byte	.LASF6
 560 0059 02       		.uleb128 0x2
 561 005a 08       		.byte	0x8
 562 005b 07       		.byte	0x7
 563 005c 33010000 		.4byte	.LASF7
 564 0060 04       		.uleb128 0x4
 565 0061 04       		.byte	0x4
 566 0062 05       		.byte	0x5
ARM GAS  C:\Users\adria\AppData\Local\Temp\ccjnN7pI.s 			page 11


 567 0063 696E7400 		.ascii	"int\000"
 568 0067 02       		.uleb128 0x2
 569 0068 04       		.byte	0x4
 570 0069 07       		.byte	0x7
 571 006a 26010000 		.4byte	.LASF8
 572 006e 03       		.uleb128 0x3
 573 006f 4A010000 		.4byte	.LASF10
 574 0073 02       		.byte	0x2
 575 0074 18       		.byte	0x18
 576 0075 24000000 		.4byte	0x24
 577 0079 05       		.uleb128 0x5
 578 007a 91000000 		.4byte	0x91
 579 007e 8A000000 		.4byte	0x8a
 580 0082 06       		.uleb128 0x6
 581 0083 8A000000 		.4byte	0x8a
 582 0087 B701     		.2byte	0x1b7
 583 0089 00       		.byte	0
 584 008a 02       		.uleb128 0x2
 585 008b 04       		.byte	0x4
 586 008c 07       		.byte	0x7
 587 008d 75010000 		.4byte	.LASF11
 588 0091 07       		.uleb128 0x7
 589 0092 6E000000 		.4byte	0x6e
 590 0096 08       		.uleb128 0x8
 591 0097 14010000 		.4byte	.LASF12
 592 009b 03       		.byte	0x3
 593 009c 1F       		.byte	0x1f
 594 009d A7000000 		.4byte	0xa7
 595 00a1 05       		.uleb128 0x5
 596 00a2 03       		.byte	0x3
 597 00a3 00000000 		.4byte	cy_meta_configecc
 598 00a7 07       		.uleb128 0x7
 599 00a8 79000000 		.4byte	0x79
 600 00ac 05       		.uleb128 0x5
 601 00ad 91000000 		.4byte	0x91
 602 00b1 BC000000 		.4byte	0xbc
 603 00b5 09       		.uleb128 0x9
 604 00b6 8A000000 		.4byte	0x8a
 605 00ba 03       		.byte	0x3
 606 00bb 00       		.byte	0
 607 00bc 08       		.uleb128 0x8
 608 00bd 04010000 		.4byte	.LASF13
 609 00c1 03       		.byte	0x3
 610 00c2 63       		.byte	0x63
 611 00c3 CD000000 		.4byte	0xcd
 612 00c7 05       		.uleb128 0x5
 613 00c8 03       		.byte	0x3
 614 00c9 00000000 		.4byte	cy_meta_custnvl
 615 00cd 07       		.uleb128 0x7
 616 00ce AC000000 		.4byte	0xac
 617 00d2 08       		.uleb128 0x8
 618 00d3 67010000 		.4byte	.LASF14
 619 00d7 03       		.byte	0x3
 620 00d8 71       		.byte	0x71
 621 00d9 E3000000 		.4byte	0xe3
 622 00dd 05       		.uleb128 0x5
 623 00de 03       		.byte	0x3
ARM GAS  C:\Users\adria\AppData\Local\Temp\ccjnN7pI.s 			page 12


 624 00df 00000000 		.4byte	cy_meta_wonvl
 625 00e3 07       		.uleb128 0x7
 626 00e4 AC000000 		.4byte	0xac
 627 00e8 05       		.uleb128 0x5
 628 00e9 91000000 		.4byte	0x91
 629 00ed F8000000 		.4byte	0xf8
 630 00f1 09       		.uleb128 0x9
 631 00f2 8A000000 		.4byte	0x8a
 632 00f6 FF       		.byte	0xff
 633 00f7 00       		.byte	0
 634 00f8 08       		.uleb128 0x8
 635 00f9 52010000 		.4byte	.LASF15
 636 00fd 03       		.byte	0x3
 637 00fe 7F       		.byte	0x7f
 638 00ff 09010000 		.4byte	0x109
 639 0103 05       		.uleb128 0x5
 640 0104 03       		.byte	0x3
 641 0105 00000000 		.4byte	cy_meta_flashprotect
 642 0109 07       		.uleb128 0x7
 643 010a E8000000 		.4byte	0xe8
 644 010e 05       		.uleb128 0x5
 645 010f 91000000 		.4byte	0x91
 646 0113 1E010000 		.4byte	0x11e
 647 0117 09       		.uleb128 0x9
 648 0118 8A000000 		.4byte	0x8a
 649 011c 0B       		.byte	0xb
 650 011d 00       		.byte	0
 651 011e 08       		.uleb128 0x8
 652 011f 37000000 		.4byte	.LASF16
 653 0123 03       		.byte	0x3
 654 0124 AC       		.byte	0xac
 655 0125 2F010000 		.4byte	0x12f
 656 0129 05       		.uleb128 0x5
 657 012a 03       		.byte	0x3
 658 012b 00000000 		.4byte	cy_metadata
 659 012f 07       		.uleb128 0x7
 660 0130 0E010000 		.4byte	0x10e
 661 0134 00       		.byte	0
 662              		.section	.debug_abbrev,"",%progbits
 663              	.Ldebug_abbrev0:
 664 0000 01       		.uleb128 0x1
 665 0001 11       		.uleb128 0x11
 666 0002 01       		.byte	0x1
 667 0003 25       		.uleb128 0x25
 668 0004 0E       		.uleb128 0xe
 669 0005 13       		.uleb128 0x13
 670 0006 0B       		.uleb128 0xb
 671 0007 03       		.uleb128 0x3
 672 0008 0E       		.uleb128 0xe
 673 0009 1B       		.uleb128 0x1b
 674 000a 0E       		.uleb128 0xe
 675 000b 10       		.uleb128 0x10
 676 000c 17       		.uleb128 0x17
 677 000d 00       		.byte	0
 678 000e 00       		.byte	0
 679 000f 02       		.uleb128 0x2
 680 0010 24       		.uleb128 0x24
ARM GAS  C:\Users\adria\AppData\Local\Temp\ccjnN7pI.s 			page 13


 681 0011 00       		.byte	0
 682 0012 0B       		.uleb128 0xb
 683 0013 0B       		.uleb128 0xb
 684 0014 3E       		.uleb128 0x3e
 685 0015 0B       		.uleb128 0xb
 686 0016 03       		.uleb128 0x3
 687 0017 0E       		.uleb128 0xe
 688 0018 00       		.byte	0
 689 0019 00       		.byte	0
 690 001a 03       		.uleb128 0x3
 691 001b 16       		.uleb128 0x16
 692 001c 00       		.byte	0
 693 001d 03       		.uleb128 0x3
 694 001e 0E       		.uleb128 0xe
 695 001f 3A       		.uleb128 0x3a
 696 0020 0B       		.uleb128 0xb
 697 0021 3B       		.uleb128 0x3b
 698 0022 0B       		.uleb128 0xb
 699 0023 49       		.uleb128 0x49
 700 0024 13       		.uleb128 0x13
 701 0025 00       		.byte	0
 702 0026 00       		.byte	0
 703 0027 04       		.uleb128 0x4
 704 0028 24       		.uleb128 0x24
 705 0029 00       		.byte	0
 706 002a 0B       		.uleb128 0xb
 707 002b 0B       		.uleb128 0xb
 708 002c 3E       		.uleb128 0x3e
 709 002d 0B       		.uleb128 0xb
 710 002e 03       		.uleb128 0x3
 711 002f 08       		.uleb128 0x8
 712 0030 00       		.byte	0
 713 0031 00       		.byte	0
 714 0032 05       		.uleb128 0x5
 715 0033 01       		.uleb128 0x1
 716 0034 01       		.byte	0x1
 717 0035 49       		.uleb128 0x49
 718 0036 13       		.uleb128 0x13
 719 0037 01       		.uleb128 0x1
 720 0038 13       		.uleb128 0x13
 721 0039 00       		.byte	0
 722 003a 00       		.byte	0
 723 003b 06       		.uleb128 0x6
 724 003c 21       		.uleb128 0x21
 725 003d 00       		.byte	0
 726 003e 49       		.uleb128 0x49
 727 003f 13       		.uleb128 0x13
 728 0040 2F       		.uleb128 0x2f
 729 0041 05       		.uleb128 0x5
 730 0042 00       		.byte	0
 731 0043 00       		.byte	0
 732 0044 07       		.uleb128 0x7
 733 0045 26       		.uleb128 0x26
 734 0046 00       		.byte	0
 735 0047 49       		.uleb128 0x49
 736 0048 13       		.uleb128 0x13
 737 0049 00       		.byte	0
ARM GAS  C:\Users\adria\AppData\Local\Temp\ccjnN7pI.s 			page 14


 738 004a 00       		.byte	0
 739 004b 08       		.uleb128 0x8
 740 004c 34       		.uleb128 0x34
 741 004d 00       		.byte	0
 742 004e 03       		.uleb128 0x3
 743 004f 0E       		.uleb128 0xe
 744 0050 3A       		.uleb128 0x3a
 745 0051 0B       		.uleb128 0xb
 746 0052 3B       		.uleb128 0x3b
 747 0053 0B       		.uleb128 0xb
 748 0054 49       		.uleb128 0x49
 749 0055 13       		.uleb128 0x13
 750 0056 3F       		.uleb128 0x3f
 751 0057 19       		.uleb128 0x19
 752 0058 02       		.uleb128 0x2
 753 0059 18       		.uleb128 0x18
 754 005a 00       		.byte	0
 755 005b 00       		.byte	0
 756 005c 09       		.uleb128 0x9
 757 005d 21       		.uleb128 0x21
 758 005e 00       		.byte	0
 759 005f 49       		.uleb128 0x49
 760 0060 13       		.uleb128 0x13
 761 0061 2F       		.uleb128 0x2f
 762 0062 0B       		.uleb128 0xb
 763 0063 00       		.byte	0
 764 0064 00       		.byte	0
 765 0065 00       		.byte	0
 766              		.section	.debug_aranges,"",%progbits
 767 0000 14000000 		.4byte	0x14
 768 0004 0200     		.2byte	0x2
 769 0006 00000000 		.4byte	.Ldebug_info0
 770 000a 04       		.byte	0x4
 771 000b 00       		.byte	0
 772 000c 0000     		.2byte	0
 773 000e 0000     		.2byte	0
 774 0010 00000000 		.4byte	0
 775 0014 00000000 		.4byte	0
 776              		.section	.debug_line,"",%progbits
 777              	.Ldebug_line0:
 778 0000 3D010000 		.section	.debug_str,"MS",%progbits,1
 778      02003701 
 778      00000201 
 778      FB0E0D00 
 778      01010101 
 779              	.LASF9:
 780 0000 5F5F7569 		.ascii	"__uint8_t\000"
 780      6E74385F 
 780      7400
 781              	.LASF19:
 782 000a 443A5C43 		.ascii	"D:\\Control digital\\Filtros_FIR\\Filtros.cydsn\000"
 782      6F6E7472 
 782      6F6C2064 
 782      69676974 
 782      616C5C46 
 783              	.LASF16:
 784 0037 63795F6D 		.ascii	"cy_metadata\000"
ARM GAS  C:\Users\adria\AppData\Local\Temp\ccjnN7pI.s 			page 15


 784      65746164 
 784      61746100 
 785              	.LASF1:
 786 0043 756E7369 		.ascii	"unsigned char\000"
 786      676E6564 
 786      20636861 
 786      7200
 787              	.LASF17:
 788 0051 474E5520 		.ascii	"GNU C11 5.4.1 20160609 (release) [ARM/embedded-5-br"
 788      43313120 
 788      352E342E 
 788      31203230 
 788      31363036 
 789 0084 616E6368 		.ascii	"anch revision 237715] -mcpu=cortex-m3 -mthumb -g -O"
 789      20726576 
 789      6973696F 
 789      6E203233 
 789      37373135 
 790 00b7 67202D66 		.ascii	"g -ffunction-sections -ffat-lto-objects\000"
 790      66756E63 
 790      74696F6E 
 790      2D736563 
 790      74696F6E 
 791              	.LASF5:
 792 00df 6C6F6E67 		.ascii	"long unsigned int\000"
 792      20756E73 
 792      69676E65 
 792      6420696E 
 792      7400
 793              	.LASF3:
 794 00f1 73686F72 		.ascii	"short unsigned int\000"
 794      7420756E 
 794      7369676E 
 794      65642069 
 794      6E7400
 795              	.LASF13:
 796 0104 63795F6D 		.ascii	"cy_meta_custnvl\000"
 796      6574615F 
 796      63757374 
 796      6E766C00 
 797              	.LASF12:
 798 0114 63795F6D 		.ascii	"cy_meta_configecc\000"
 798      6574615F 
 798      636F6E66 
 798      69676563 
 798      6300
 799              	.LASF8:
 800 0126 756E7369 		.ascii	"unsigned int\000"
 800      676E6564 
 800      20696E74 
 800      00
 801              	.LASF7:
 802 0133 6C6F6E67 		.ascii	"long long unsigned int\000"
 802      206C6F6E 
 802      6720756E 
 802      7369676E 
 802      65642069 
ARM GAS  C:\Users\adria\AppData\Local\Temp\ccjnN7pI.s 			page 16


 803              	.LASF10:
 804 014a 75696E74 		.ascii	"uint8_t\000"
 804      385F7400 
 805              	.LASF15:
 806 0152 63795F6D 		.ascii	"cy_meta_flashprotect\000"
 806      6574615F 
 806      666C6173 
 806      6870726F 
 806      74656374 
 807              	.LASF14:
 808 0167 63795F6D 		.ascii	"cy_meta_wonvl\000"
 808      6574615F 
 808      776F6E76 
 808      6C00
 809              	.LASF11:
 810 0175 73697A65 		.ascii	"sizetype\000"
 810      74797065 
 810      00
 811              	.LASF6:
 812 017e 6C6F6E67 		.ascii	"long long int\000"
 812      206C6F6E 
 812      6720696E 
 812      7400
 813              	.LASF2:
 814 018c 73686F72 		.ascii	"short int\000"
 814      7420696E 
 814      7400
 815              	.LASF4:
 816 0196 6C6F6E67 		.ascii	"long int\000"
 816      20696E74 
 816      00
 817              	.LASF0:
 818 019f 7369676E 		.ascii	"signed char\000"
 818      65642063 
 818      68617200 
 819              	.LASF18:
 820 01ab 47656E65 		.ascii	"Generated_Source\\PSoC5\\cymetadata.c\000"
 820      72617465 
 820      645F536F 
 820      75726365 
 820      5C50536F 
 821              		.ident	"GCC: (GNU Tools for ARM Embedded Processors) 5.4.1 20160609 (release) [ARM/embedded-5-bran
