ARM GAS  C:\Users\adria\AppData\Local\Temp\ccFsK7zO.s 			page 1


   1              		.syntax unified
   2              		.cpu cortex-m3
   3              		.fpu softvfp
   4              		.eabi_attribute 20, 1
   5              		.eabi_attribute 21, 1
   6              		.eabi_attribute 23, 3
   7              		.eabi_attribute 24, 1
   8              		.eabi_attribute 25, 1
   9              		.eabi_attribute 26, 1
  10              		.eabi_attribute 30, 1
  11              		.eabi_attribute 34, 1
  12              		.eabi_attribute 18, 4
  13              		.thumb
  14              		.syntax unified
  15              		.file	"ciclos_potencia.c"
  16              		.text
  17              	.Ltext0:
  18              		.cfi_sections	.debug_frame
  19              		.global	__aeabi_f2iz
  20              		.section	.text.ON_ciclos,"ax",%progbits
  21              		.align	2
  22              		.global	ON_ciclos
  23              		.thumb
  24              		.thumb_func
  25              		.type	ON_ciclos, %function
  26              	ON_ciclos:
  27              	.LFB63:
  28              		.file 1 "ciclos_potencia.c"
   1:ciclos_potencia.c **** #include "ciclos_potencia.h"
   2:ciclos_potencia.c **** 
   3:ciclos_potencia.c **** uint16_t ON_ciclos(float p){
  29              		.loc 1 3 0
  30              		.cfi_startproc
  31              		@ args = 0, pretend = 0, frame = 0
  32              		@ frame_needed = 0, uses_anonymous_args = 0
  33              	.LVL0:
  34 0000 00B5     		push	{lr}
  35              		.cfi_def_cfa_offset 4
  36              		.cfi_offset 14, -4
  37 0002 83B0     		sub	sp, sp, #12
  38              		.cfi_def_cfa_offset 16
   4:ciclos_potencia.c **** 
   5:ciclos_potencia.c ****     uint16_t on = map(p,0,100,0,65535);
  39              		.loc 1 5 0
  40 0004 FFF7FEFF 		bl	__aeabi_f2iz
  41              	.LVL1:
  42 0008 4FF6FF73 		movw	r3, #65535
  43 000c 0093     		str	r3, [sp]
  44 000e 0023     		movs	r3, #0
  45 0010 6422     		movs	r2, #100
  46 0012 1946     		mov	r1, r3
  47 0014 FFF7FEFF 		bl	map
  48              	.LVL2:
   6:ciclos_potencia.c ****     
   7:ciclos_potencia.c ****     return on;
   8:ciclos_potencia.c **** }...
  49              		.loc 1 8 0
ARM GAS  C:\Users\adria\AppData\Local\Temp\ccFsK7zO.s 			page 2


  50 0018 80B2     		uxth	r0, r0
  51 001a 03B0     		add	sp, sp, #12
  52              		.cfi_def_cfa_offset 4
  53              		@ sp needed
  54 001c 5DF804FB 		ldr	pc, [sp], #4
  55              		.cfi_endproc
  56              	.LFE63:
  57              		.size	ON_ciclos, .-ON_ciclos
  58              		.text
  59              	.Letext0:
  60              		.file 2 "c:\\program files (x86)\\cypress\\psoc creator\\4.4\\psoc creator\\import\\gnu\\arm\\5.4.
  61              		.file 3 "c:\\program files (x86)\\cypress\\psoc creator\\4.4\\psoc creator\\import\\gnu\\arm\\5.4.
  62              		.file 4 "Generated_Source\\PSoC5/core_cm3.h"
  63              		.file 5 "D:\\GITHUB\\Librerias_PSOC\\Libreria_PSOC\\LIB_psoc.h"
  64              		.section	.debug_info,"",%progbits
  65              	.Ldebug_info0:
  66 0000 28010000 		.4byte	0x128
  67 0004 0400     		.2byte	0x4
  68 0006 00000000 		.4byte	.Ldebug_abbrev0
  69 000a 04       		.byte	0x4
  70 000b 01       		.uleb128 0x1
  71 000c 2E000000 		.4byte	.LASF18
  72 0010 0C       		.byte	0xc
  73 0011 1D010000 		.4byte	.LASF19
  74 0015 54010000 		.4byte	.LASF20
  75 0019 00000000 		.4byte	.Ldebug_ranges0+0
  76 001d 00000000 		.4byte	0
  77 0021 00000000 		.4byte	.Ldebug_line0
  78 0025 02       		.uleb128 0x2
  79 0026 04       		.byte	0x4
  80 0027 04       		.byte	0x4
  81 0028 BC010000 		.4byte	.LASF0
  82 002c 02       		.uleb128 0x2
  83 002d 01       		.byte	0x1
  84 002e 06       		.byte	0x6
  85 002f 3C010000 		.4byte	.LASF1
  86 0033 02       		.uleb128 0x2
  87 0034 01       		.byte	0x1
  88 0035 08       		.byte	0x8
  89 0036 E8000000 		.4byte	.LASF2
  90 003a 02       		.uleb128 0x2
  91 003b 02       		.byte	0x2
  92 003c 05       		.byte	0x5
  93 003d C2010000 		.4byte	.LASF3
  94 0041 03       		.uleb128 0x3
  95 0042 DD000000 		.4byte	.LASF5
  96 0046 02       		.byte	0x2
  97 0047 2B       		.byte	0x2b
  98 0048 4C000000 		.4byte	0x4c
  99 004c 02       		.uleb128 0x2
 100 004d 02       		.byte	0x2
 101 004e 07       		.byte	0x7
 102 004f 0E000000 		.4byte	.LASF4
 103 0053 03       		.uleb128 0x3
 104 0054 A9010000 		.4byte	.LASF6
 105 0058 02       		.byte	0x2
 106 0059 3F       		.byte	0x3f
ARM GAS  C:\Users\adria\AppData\Local\Temp\ccFsK7zO.s 			page 3


 107 005a 5E000000 		.4byte	0x5e
 108 005e 02       		.uleb128 0x2
 109 005f 04       		.byte	0x4
 110 0060 05       		.byte	0x5
 111 0061 FB000000 		.4byte	.LASF7
 112 0065 02       		.uleb128 0x2
 113 0066 04       		.byte	0x4
 114 0067 07       		.byte	0x7
 115 0068 0B010000 		.4byte	.LASF8
 116 006c 02       		.uleb128 0x2
 117 006d 08       		.byte	0x8
 118 006e 05       		.byte	0x5
 119 006f 00000000 		.4byte	.LASF9
 120 0073 02       		.uleb128 0x2
 121 0074 08       		.byte	0x8
 122 0075 07       		.byte	0x7
 123 0076 C6000000 		.4byte	.LASF10
 124 007a 04       		.uleb128 0x4
 125 007b 04       		.byte	0x4
 126 007c 05       		.byte	0x5
 127 007d 696E7400 		.ascii	"int\000"
 128 0081 02       		.uleb128 0x2
 129 0082 04       		.byte	0x4
 130 0083 07       		.byte	0x7
 131 0084 21000000 		.4byte	.LASF11
 132 0088 03       		.uleb128 0x3
 133 0089 B3010000 		.4byte	.LASF12
 134 008d 03       		.byte	0x3
 135 008e 24       		.byte	0x24
 136 008f 41000000 		.4byte	0x41
 137 0093 03       		.uleb128 0x3
 138 0094 CC010000 		.4byte	.LASF13
 139 0098 03       		.byte	0x3
 140 0099 2C       		.byte	0x2c
 141 009a 53000000 		.4byte	0x53
 142 009e 02       		.uleb128 0x2
 143 009f 08       		.byte	0x8
 144 00a0 04       		.byte	0x4
 145 00a1 04010000 		.4byte	.LASF14
 146 00a5 02       		.uleb128 0x2
 147 00a6 01       		.byte	0x1
 148 00a7 08       		.byte	0x8
 149 00a8 F6000000 		.4byte	.LASF15
 150 00ac 02       		.uleb128 0x2
 151 00ad 08       		.byte	0x8
 152 00ae 04       		.byte	0x4
 153 00af 48010000 		.4byte	.LASF16
 154 00b3 02       		.uleb128 0x2
 155 00b4 04       		.byte	0x4
 156 00b5 07       		.byte	0x7
 157 00b6 D4010000 		.4byte	.LASF17
 158 00ba 05       		.uleb128 0x5
 159 00bb BC000000 		.4byte	.LASF21
 160 00bf 01       		.byte	0x1
 161 00c0 03       		.byte	0x3
 162 00c1 88000000 		.4byte	0x88
 163 00c5 00000000 		.4byte	.LFB63
ARM GAS  C:\Users\adria\AppData\Local\Temp\ccFsK7zO.s 			page 4


 164 00c9 20000000 		.4byte	.LFE63-.LFB63
 165 00cd 01       		.uleb128 0x1
 166 00ce 9C       		.byte	0x9c
 167 00cf 0F010000 		.4byte	0x10f
 168 00d3 06       		.uleb128 0x6
 169 00d4 7000     		.ascii	"p\000"
 170 00d6 01       		.byte	0x1
 171 00d7 03       		.byte	0x3
 172 00d8 25000000 		.4byte	0x25
 173 00dc 00000000 		.4byte	.LLST0
 174 00e0 07       		.uleb128 0x7
 175 00e1 6F6E00   		.ascii	"on\000"
 176 00e4 01       		.byte	0x1
 177 00e5 05       		.byte	0x5
 178 00e6 88000000 		.4byte	0x88
 179 00ea 01       		.uleb128 0x1
 180 00eb 50       		.byte	0x50
 181 00ec 08       		.uleb128 0x8
 182 00ed 18000000 		.4byte	.LVL2
 183 00f1 20010000 		.4byte	0x120
 184 00f5 09       		.uleb128 0x9
 185 00f6 01       		.uleb128 0x1
 186 00f7 51       		.byte	0x51
 187 00f8 01       		.uleb128 0x1
 188 00f9 30       		.byte	0x30
 189 00fa 09       		.uleb128 0x9
 190 00fb 01       		.uleb128 0x1
 191 00fc 52       		.byte	0x52
 192 00fd 02       		.uleb128 0x2
 193 00fe 08       		.byte	0x8
 194 00ff 64       		.byte	0x64
 195 0100 09       		.uleb128 0x9
 196 0101 01       		.uleb128 0x1
 197 0102 53       		.byte	0x53
 198 0103 01       		.uleb128 0x1
 199 0104 30       		.byte	0x30
 200 0105 09       		.uleb128 0x9
 201 0106 02       		.uleb128 0x2
 202 0107 7D       		.byte	0x7d
 203 0108 00       		.sleb128 0
 204 0109 03       		.uleb128 0x3
 205 010a 0A       		.byte	0xa
 206 010b FFFF     		.2byte	0xffff
 207 010d 00       		.byte	0
 208 010e 00       		.byte	0
 209 010f 0A       		.uleb128 0xa
 210 0110 2F010000 		.4byte	.LASF22
 211 0114 04       		.byte	0x4
 212 0115 1207     		.2byte	0x712
 213 0117 1B010000 		.4byte	0x11b
 214 011b 0B       		.uleb128 0xb
 215 011c 93000000 		.4byte	0x93
 216 0120 0C       		.uleb128 0xc
 217 0121 6D617000 		.ascii	"map\000"
 218 0125 6D617000 		.ascii	"map\000"
 219 0129 05       		.byte	0x5
 220 012a 20       		.byte	0x20
ARM GAS  C:\Users\adria\AppData\Local\Temp\ccFsK7zO.s 			page 5


 221 012b 00       		.byte	0
 222              		.section	.debug_abbrev,"",%progbits
 223              	.Ldebug_abbrev0:
 224 0000 01       		.uleb128 0x1
 225 0001 11       		.uleb128 0x11
 226 0002 01       		.byte	0x1
 227 0003 25       		.uleb128 0x25
 228 0004 0E       		.uleb128 0xe
 229 0005 13       		.uleb128 0x13
 230 0006 0B       		.uleb128 0xb
 231 0007 03       		.uleb128 0x3
 232 0008 0E       		.uleb128 0xe
 233 0009 1B       		.uleb128 0x1b
 234 000a 0E       		.uleb128 0xe
 235 000b 55       		.uleb128 0x55
 236 000c 17       		.uleb128 0x17
 237 000d 11       		.uleb128 0x11
 238 000e 01       		.uleb128 0x1
 239 000f 10       		.uleb128 0x10
 240 0010 17       		.uleb128 0x17
 241 0011 00       		.byte	0
 242 0012 00       		.byte	0
 243 0013 02       		.uleb128 0x2
 244 0014 24       		.uleb128 0x24
 245 0015 00       		.byte	0
 246 0016 0B       		.uleb128 0xb
 247 0017 0B       		.uleb128 0xb
 248 0018 3E       		.uleb128 0x3e
 249 0019 0B       		.uleb128 0xb
 250 001a 03       		.uleb128 0x3
 251 001b 0E       		.uleb128 0xe
 252 001c 00       		.byte	0
 253 001d 00       		.byte	0
 254 001e 03       		.uleb128 0x3
 255 001f 16       		.uleb128 0x16
 256 0020 00       		.byte	0
 257 0021 03       		.uleb128 0x3
 258 0022 0E       		.uleb128 0xe
 259 0023 3A       		.uleb128 0x3a
 260 0024 0B       		.uleb128 0xb
 261 0025 3B       		.uleb128 0x3b
 262 0026 0B       		.uleb128 0xb
 263 0027 49       		.uleb128 0x49
 264 0028 13       		.uleb128 0x13
 265 0029 00       		.byte	0
 266 002a 00       		.byte	0
 267 002b 04       		.uleb128 0x4
 268 002c 24       		.uleb128 0x24
 269 002d 00       		.byte	0
 270 002e 0B       		.uleb128 0xb
 271 002f 0B       		.uleb128 0xb
 272 0030 3E       		.uleb128 0x3e
 273 0031 0B       		.uleb128 0xb
 274 0032 03       		.uleb128 0x3
 275 0033 08       		.uleb128 0x8
 276 0034 00       		.byte	0
 277 0035 00       		.byte	0
ARM GAS  C:\Users\adria\AppData\Local\Temp\ccFsK7zO.s 			page 6


 278 0036 05       		.uleb128 0x5
 279 0037 2E       		.uleb128 0x2e
 280 0038 01       		.byte	0x1
 281 0039 3F       		.uleb128 0x3f
 282 003a 19       		.uleb128 0x19
 283 003b 03       		.uleb128 0x3
 284 003c 0E       		.uleb128 0xe
 285 003d 3A       		.uleb128 0x3a
 286 003e 0B       		.uleb128 0xb
 287 003f 3B       		.uleb128 0x3b
 288 0040 0B       		.uleb128 0xb
 289 0041 27       		.uleb128 0x27
 290 0042 19       		.uleb128 0x19
 291 0043 49       		.uleb128 0x49
 292 0044 13       		.uleb128 0x13
 293 0045 11       		.uleb128 0x11
 294 0046 01       		.uleb128 0x1
 295 0047 12       		.uleb128 0x12
 296 0048 06       		.uleb128 0x6
 297 0049 40       		.uleb128 0x40
 298 004a 18       		.uleb128 0x18
 299 004b 9642     		.uleb128 0x2116
 300 004d 19       		.uleb128 0x19
 301 004e 01       		.uleb128 0x1
 302 004f 13       		.uleb128 0x13
 303 0050 00       		.byte	0
 304 0051 00       		.byte	0
 305 0052 06       		.uleb128 0x6
 306 0053 05       		.uleb128 0x5
 307 0054 00       		.byte	0
 308 0055 03       		.uleb128 0x3
 309 0056 08       		.uleb128 0x8
 310 0057 3A       		.uleb128 0x3a
 311 0058 0B       		.uleb128 0xb
 312 0059 3B       		.uleb128 0x3b
 313 005a 0B       		.uleb128 0xb
 314 005b 49       		.uleb128 0x49
 315 005c 13       		.uleb128 0x13
 316 005d 02       		.uleb128 0x2
 317 005e 17       		.uleb128 0x17
 318 005f 00       		.byte	0
 319 0060 00       		.byte	0
 320 0061 07       		.uleb128 0x7
 321 0062 34       		.uleb128 0x34
 322 0063 00       		.byte	0
 323 0064 03       		.uleb128 0x3
 324 0065 08       		.uleb128 0x8
 325 0066 3A       		.uleb128 0x3a
 326 0067 0B       		.uleb128 0xb
 327 0068 3B       		.uleb128 0x3b
 328 0069 0B       		.uleb128 0xb
 329 006a 49       		.uleb128 0x49
 330 006b 13       		.uleb128 0x13
 331 006c 02       		.uleb128 0x2
 332 006d 18       		.uleb128 0x18
 333 006e 00       		.byte	0
 334 006f 00       		.byte	0
ARM GAS  C:\Users\adria\AppData\Local\Temp\ccFsK7zO.s 			page 7


 335 0070 08       		.uleb128 0x8
 336 0071 898201   		.uleb128 0x4109
 337 0074 01       		.byte	0x1
 338 0075 11       		.uleb128 0x11
 339 0076 01       		.uleb128 0x1
 340 0077 31       		.uleb128 0x31
 341 0078 13       		.uleb128 0x13
 342 0079 00       		.byte	0
 343 007a 00       		.byte	0
 344 007b 09       		.uleb128 0x9
 345 007c 8A8201   		.uleb128 0x410a
 346 007f 00       		.byte	0
 347 0080 02       		.uleb128 0x2
 348 0081 18       		.uleb128 0x18
 349 0082 9142     		.uleb128 0x2111
 350 0084 18       		.uleb128 0x18
 351 0085 00       		.byte	0
 352 0086 00       		.byte	0
 353 0087 0A       		.uleb128 0xa
 354 0088 34       		.uleb128 0x34
 355 0089 00       		.byte	0
 356 008a 03       		.uleb128 0x3
 357 008b 0E       		.uleb128 0xe
 358 008c 3A       		.uleb128 0x3a
 359 008d 0B       		.uleb128 0xb
 360 008e 3B       		.uleb128 0x3b
 361 008f 05       		.uleb128 0x5
 362 0090 49       		.uleb128 0x49
 363 0091 13       		.uleb128 0x13
 364 0092 3F       		.uleb128 0x3f
 365 0093 19       		.uleb128 0x19
 366 0094 3C       		.uleb128 0x3c
 367 0095 19       		.uleb128 0x19
 368 0096 00       		.byte	0
 369 0097 00       		.byte	0
 370 0098 0B       		.uleb128 0xb
 371 0099 35       		.uleb128 0x35
 372 009a 00       		.byte	0
 373 009b 49       		.uleb128 0x49
 374 009c 13       		.uleb128 0x13
 375 009d 00       		.byte	0
 376 009e 00       		.byte	0
 377 009f 0C       		.uleb128 0xc
 378 00a0 2E       		.uleb128 0x2e
 379 00a1 00       		.byte	0
 380 00a2 3F       		.uleb128 0x3f
 381 00a3 19       		.uleb128 0x19
 382 00a4 3C       		.uleb128 0x3c
 383 00a5 19       		.uleb128 0x19
 384 00a6 6E       		.uleb128 0x6e
 385 00a7 08       		.uleb128 0x8
 386 00a8 03       		.uleb128 0x3
 387 00a9 08       		.uleb128 0x8
 388 00aa 3A       		.uleb128 0x3a
 389 00ab 0B       		.uleb128 0xb
 390 00ac 3B       		.uleb128 0x3b
 391 00ad 0B       		.uleb128 0xb
ARM GAS  C:\Users\adria\AppData\Local\Temp\ccFsK7zO.s 			page 8


 392 00ae 00       		.byte	0
 393 00af 00       		.byte	0
 394 00b0 00       		.byte	0
 395              		.section	.debug_loc,"",%progbits
 396              	.Ldebug_loc0:
 397              	.LLST0:
 398 0000 00000000 		.4byte	.LVL0
 399 0004 07000000 		.4byte	.LVL1-1
 400 0008 0100     		.2byte	0x1
 401 000a 50       		.byte	0x50
 402 000b 07000000 		.4byte	.LVL1-1
 403 000f 20000000 		.4byte	.LFE63
 404 0013 0600     		.2byte	0x6
 405 0015 F3       		.byte	0xf3
 406 0016 03       		.uleb128 0x3
 407 0017 F5       		.byte	0xf5
 408 0018 00       		.uleb128 0
 409 0019 25       		.uleb128 0x25
 410 001a 9F       		.byte	0x9f
 411 001b 00000000 		.4byte	0
 412 001f 00000000 		.4byte	0
 413              		.section	.debug_aranges,"",%progbits
 414 0000 1C000000 		.4byte	0x1c
 415 0004 0200     		.2byte	0x2
 416 0006 00000000 		.4byte	.Ldebug_info0
 417 000a 04       		.byte	0x4
 418 000b 00       		.byte	0
 419 000c 0000     		.2byte	0
 420 000e 0000     		.2byte	0
 421 0010 00000000 		.4byte	.LFB63
 422 0014 20000000 		.4byte	.LFE63-.LFB63
 423 0018 00000000 		.4byte	0
 424 001c 00000000 		.4byte	0
 425              		.section	.debug_ranges,"",%progbits
 426              	.Ldebug_ranges0:
 427 0000 00000000 		.4byte	.LFB63
 428 0004 20000000 		.4byte	.LFE63
 429 0008 00000000 		.4byte	0
 430 000c 00000000 		.4byte	0
 431              		.section	.debug_line,"",%progbits
 432              	.Ldebug_line0:
 433 0000 94010000 		.section	.debug_str,"MS",%progbits,1
 433      02007F01 
 433      00000201 
 433      FB0E0D00 
 433      01010101 
 434              	.LASF9:
 435 0000 6C6F6E67 		.ascii	"long long int\000"
 435      206C6F6E 
 435      6720696E 
 435      7400
 436              	.LASF4:
 437 000e 73686F72 		.ascii	"short unsigned int\000"
 437      7420756E 
 437      7369676E 
 437      65642069 
 437      6E7400
ARM GAS  C:\Users\adria\AppData\Local\Temp\ccFsK7zO.s 			page 9


 438              	.LASF11:
 439 0021 756E7369 		.ascii	"unsigned int\000"
 439      676E6564 
 439      20696E74 
 439      00
 440              	.LASF18:
 441 002e 474E5520 		.ascii	"GNU C11 5.4.1 20160609 (release) [ARM/embedded-5-br"
 441      43313120 
 441      352E342E 
 441      31203230 
 441      31363036 
 442 0061 616E6368 		.ascii	"anch revision 237715] -mcpu=cortex-m3 -mthumb -g -O"
 442      20726576 
 442      6973696F 
 442      6E203233 
 442      37373135 
 443 0094 67202D66 		.ascii	"g -ffunction-sections -ffat-lto-objects\000"
 443      66756E63 
 443      74696F6E 
 443      2D736563 
 443      74696F6E 
 444              	.LASF21:
 445 00bc 4F4E5F63 		.ascii	"ON_ciclos\000"
 445      69636C6F 
 445      7300
 446              	.LASF10:
 447 00c6 6C6F6E67 		.ascii	"long long unsigned int\000"
 447      206C6F6E 
 447      6720756E 
 447      7369676E 
 447      65642069 
 448              	.LASF5:
 449 00dd 5F5F7569 		.ascii	"__uint16_t\000"
 449      6E743136 
 449      5F7400
 450              	.LASF2:
 451 00e8 756E7369 		.ascii	"unsigned char\000"
 451      676E6564 
 451      20636861 
 451      7200
 452              	.LASF15:
 453 00f6 63686172 		.ascii	"char\000"
 453      00
 454              	.LASF7:
 455 00fb 6C6F6E67 		.ascii	"long int\000"
 455      20696E74 
 455      00
 456              	.LASF14:
 457 0104 646F7562 		.ascii	"double\000"
 457      6C6500
 458              	.LASF8:
 459 010b 6C6F6E67 		.ascii	"long unsigned int\000"
 459      20756E73 
 459      69676E65 
 459      6420696E 
 459      7400
 460              	.LASF19:
ARM GAS  C:\Users\adria\AppData\Local\Temp\ccFsK7zO.s 			page 10


 461 011d 6369636C 		.ascii	"ciclos_potencia.c\000"
 461      6F735F70 
 461      6F74656E 
 461      6369612E 
 461      6300
 462              	.LASF22:
 463 012f 49544D5F 		.ascii	"ITM_RxBuffer\000"
 463      52784275 
 463      66666572 
 463      00
 464              	.LASF1:
 465 013c 7369676E 		.ascii	"signed char\000"
 465      65642063 
 465      68617200 
 466              	.LASF16:
 467 0148 6C6F6E67 		.ascii	"long double\000"
 467      20646F75 
 467      626C6500 
 468              	.LASF20:
 469 0154 433A5C55 		.ascii	"C:\\Users\\adria\\OneDrive\\Documents\\psoc\\Final_"
 469      73657273 
 469      5C616472 
 469      69615C4F 
 469      6E654472 
 470 0181 4D454C43 		.ascii	"MELCHOR\\Control_contador_d_ciclos.cydsn\000"
 470      484F525C 
 470      436F6E74 
 470      726F6C5F 
 470      636F6E74 
 471              	.LASF6:
 472 01a9 5F5F696E 		.ascii	"__int32_t\000"
 472      7433325F 
 472      7400
 473              	.LASF12:
 474 01b3 75696E74 		.ascii	"uint16_t\000"
 474      31365F74 
 474      00
 475              	.LASF0:
 476 01bc 666C6F61 		.ascii	"float\000"
 476      7400
 477              	.LASF3:
 478 01c2 73686F72 		.ascii	"short int\000"
 478      7420696E 
 478      7400
 479              	.LASF13:
 480 01cc 696E7433 		.ascii	"int32_t\000"
 480      325F7400 
 481              	.LASF17:
 482 01d4 73697A65 		.ascii	"sizetype\000"
 482      74797065 
 482      00
 483              		.ident	"GCC: (GNU Tools for ARM Embedded Processors) 5.4.1 20160609 (release) [ARM/embedded-5-bran
