ARM GAS  C:\Users\adria\AppData\Local\Temp\ccFOBw78.s 			page 1


   1              		.syntax unified
   2              		.cpu cortex-m3
   3              		.fpu softvfp
   4              		.eabi_attribute 20, 1
   5              		.eabi_attribute 21, 1
   6              		.eabi_attribute 23, 3
   7              		.eabi_attribute 24, 1
   8              		.eabi_attribute 25, 1
   9              		.eabi_attribute 26, 1
  10              		.eabi_attribute 30, 1
  11              		.eabi_attribute 34, 1
  12              		.eabi_attribute 18, 4
  13              		.thumb
  14              		.syntax unified
  15              		.file	"cymetadata.c"
  16              		.text
  17              	.Ltext0:
  18              		.cfi_sections	.debug_frame
  19              		.global	cy_metadata
  20              		.global	cy_meta_flashprotect
  21              		.global	cy_meta_wonvl
  22              		.global	cy_meta_custnvl
  23              		.global	cy_meta_configecc
  24              		.section	.cyconfigecc,"a",%progbits
  25              		.align	2
  26              		.type	cy_meta_configecc, %object
  27              		.size	cy_meta_configecc, 560
  28              	cy_meta_configecc:
  29 0000 08       		.byte	8
  30 0001 52       		.byte	82
  31 0002 00       		.byte	0
  32 0003 40       		.byte	64
  33 0004 02       		.byte	2
  34 0005 64       		.byte	100
  35 0006 00       		.byte	0
  36 0007 40       		.byte	64
  37 0008 01       		.byte	1
  38 0009 03       		.byte	3
  39 000a 01       		.byte	1
  40 000b 40       		.byte	64
  41 000c 2D       		.byte	45
  42 000d 04       		.byte	4
  43 000e 01       		.byte	1
  44 000f 40       		.byte	64
  45 0010 33       		.byte	51
  46 0011 05       		.byte	5
  47 0012 01       		.byte	1
  48 0013 40       		.byte	64
  49 0014 0C       		.byte	12
  50 0015 07       		.byte	7
  51 0016 01       		.byte	1
  52 0017 40       		.byte	64
  53 0018 02       		.byte	2
  54 0019 0B       		.byte	11
  55 001a 01       		.byte	1
  56 001b 40       		.byte	64
  57 001c 02       		.byte	2
ARM GAS  C:\Users\adria\AppData\Local\Temp\ccFOBw78.s 			page 2


  58 001d 15       		.byte	21
  59 001e 01       		.byte	1
  60 001f 40       		.byte	64
  61 0020 04       		.byte	4
  62 0021 17       		.byte	23
  63 0022 01       		.byte	1
  64 0023 40       		.byte	64
  65 0024 01       		.byte	1
  66 0025 1B       		.byte	27
  67 0026 01       		.byte	1
  68 0027 40       		.byte	64
  69 0028 03       		.byte	3
  70 0029 40       		.byte	64
  71 002a 01       		.byte	1
  72 002b 40       		.byte	64
  73 002c 0E       		.byte	14
  74 002d 41       		.byte	65
  75 002e 01       		.byte	1
  76 002f 40       		.byte	64
  77 0030 11       		.byte	17
  78 0031 42       		.byte	66
  79 0032 01       		.byte	1
  80 0033 40       		.byte	64
  81 0034 0B       		.byte	11
  82 0035 43       		.byte	67
  83 0036 01       		.byte	1
  84 0037 40       		.byte	64
  85 0038 04       		.byte	4
  86 0039 45       		.byte	69
  87 003a 01       		.byte	1
  88 003b 40       		.byte	64
  89 003c 05       		.byte	5
  90 003d 46       		.byte	70
  91 003e 01       		.byte	1
  92 003f 40       		.byte	64
  93 0040 0B       		.byte	11
  94 0041 48       		.byte	72
  95 0042 01       		.byte	1
  96 0043 40       		.byte	64
  97 0044 05       		.byte	5
  98 0045 49       		.byte	73
  99 0046 01       		.byte	1
 100 0047 40       		.byte	64
 101 0048 02       		.byte	2
 102 0049 4C       		.byte	76
 103 004a 01       		.byte	1
 104 004b 40       		.byte	64
 105 004c 02       		.byte	2
 106 004d 4D       		.byte	77
 107 004e 01       		.byte	1
 108 004f 40       		.byte	64
 109 0050 02       		.byte	2
 110 0051 50       		.byte	80
 111 0052 01       		.byte	1
 112 0053 40       		.byte	64
 113 0054 01       		.byte	1
 114 0055 51       		.byte	81
ARM GAS  C:\Users\adria\AppData\Local\Temp\ccFOBw78.s 			page 3


 115 0056 01       		.byte	1
 116 0057 40       		.byte	64
 117 0058 00       		.byte	0
 118 0059 58       		.byte	88
 119 005a 01       		.byte	1
 120 005b 9A       		.byte	-102
 121 005c 11       		.byte	17
 122 005d 80       		.byte	-128
 123 005e 19       		.byte	25
 124 005f 02       		.byte	2
 125 0060 60       		.byte	96
 126 0061 08       		.byte	8
 127 0062 61       		.byte	97
 128 0063 0C       		.byte	12
 129 0064 78       		.byte	120
 130 0065 02       		.byte	2
 131 0066 79       		.byte	121
 132 0067 08       		.byte	8
 133 0068 24       		.byte	36
 134 0069 09       		.byte	9
 135 006a 84       		.byte	-124
 136 006b 04       		.byte	4
 137 006c 83       		.byte	-125
 138 006d 40       		.byte	64
 139 006e 03       		.byte	3
 140 006f 04       		.byte	4
 141 0070 0A       		.byte	10
 142 0071 02       		.byte	2
 143 0072 0D       		.byte	13
 144 0073 01       		.byte	1
 145 0074 0F       		.byte	15
 146 0075 02       		.byte	2
 147 0076 1A       		.byte	26
 148 0077 01       		.byte	1
 149 0078 1B       		.byte	27
 150 0079 01       		.byte	1
 151 007a 2C       		.byte	44
 152 007b 02       		.byte	2
 153 007c 2E       		.byte	46
 154 007d 01       		.byte	1
 155 007e 30       		.byte	48
 156 007f 03       		.byte	3
 157 0080 32       		.byte	50
 158 0081 03       		.byte	3
 159 0082 33       		.byte	51
 160 0083 01       		.byte	1
 161 0084 35       		.byte	53
 162 0085 02       		.byte	2
 163 0086 36       		.byte	54
 164 0087 03       		.byte	3
 165 0088 37       		.byte	55
 166 0089 04       		.byte	4
 167 008a 40       		.byte	64
 168 008b 31       		.byte	49
 169 008c 47       		.byte	71
 170 008d 20       		.byte	32
 171 008e 48       		.byte	72
ARM GAS  C:\Users\adria\AppData\Local\Temp\ccFOBw78.s 			page 4


 172 008f 20       		.byte	32
 173 0090 49       		.byte	73
 174 0091 FF       		.byte	-1
 175 0092 4A       		.byte	74
 176 0093 FF       		.byte	-1
 177 0094 4B       		.byte	75
 178 0095 FF       		.byte	-1
 179 0096 56       		.byte	86
 180 0097 04       		.byte	4
 181 0098 58       		.byte	88
 182 0099 04       		.byte	4
 183 009a 59       		.byte	89
 184 009b 04       		.byte	4
 185 009c 5A       		.byte	90
 186 009d 04       		.byte	4
 187 009e 5B       		.byte	91
 188 009f 04       		.byte	4
 189 00a0 5C       		.byte	92
 190 00a1 10       		.byte	16
 191 00a2 5F       		.byte	95
 192 00a3 01       		.byte	1
 193 00a4 60       		.byte	96
 194 00a5 80       		.byte	-128
 195 00a6 62       		.byte	98
 196 00a7 40       		.byte	64
 197 00a8 63       		.byte	99
 198 00a9 40       		.byte	64
 199 00aa 64       		.byte	100
 200 00ab 40       		.byte	64
 201 00ac 65       		.byte	101
 202 00ad 40       		.byte	64
 203 00ae 66       		.byte	102
 204 00af 80       		.byte	-128
 205 00b0 68       		.byte	104
 206 00b1 80       		.byte	-128
 207 00b2 6A       		.byte	106
 208 00b3 80       		.byte	-128
 209 00b4 6C       		.byte	108
 210 00b5 80       		.byte	-128
 211 00b6 6E       		.byte	110
 212 00b7 80       		.byte	-128
 213 00b8 82       		.byte	-126
 214 00b9 01       		.byte	1
 215 00ba 86       		.byte	-122
 216 00bb 02       		.byte	2
 217 00bc B2       		.byte	-78
 218 00bd 01       		.byte	1
 219 00be B6       		.byte	-74
 220 00bf 02       		.byte	2
 221 00c0 D8       		.byte	-40
 222 00c1 04       		.byte	4
 223 00c2 DB       		.byte	-37
 224 00c3 04       		.byte	4
 225 00c4 DC       		.byte	-36
 226 00c5 01       		.byte	1
 227 00c6 DF       		.byte	-33
 228 00c7 01       		.byte	1
ARM GAS  C:\Users\adria\AppData\Local\Temp\ccFOBw78.s 			page 5


 229 00c8 00       		.byte	0
 230 00c9 10       		.byte	16
 231 00ca 05       		.byte	5
 232 00cb 02       		.byte	2
 233 00cc 07       		.byte	7
 234 00cd 20       		.byte	32
 235 00ce 08       		.byte	8
 236 00cf 20       		.byte	32
 237 00d0 10       		.byte	16
 238 00d1 02       		.byte	2
 239 00d2 18       		.byte	24
 240 00d3 11       		.byte	17
 241 00d4 1A       		.byte	26
 242 00d5 80       		.byte	-128
 243 00d6 1D       		.byte	29
 244 00d7 40       		.byte	64
 245 00d8 1E       		.byte	30
 246 00d9 10       		.byte	16
 247 00da 21       		.byte	33
 248 00db 60       		.byte	96
 249 00dc 22       		.byte	34
 250 00dd 04       		.byte	4
 251 00de 31       		.byte	49
 252 00df 20       		.byte	32
 253 00e0 38       		.byte	56
 254 00e1 02       		.byte	2
 255 00e2 39       		.byte	57
 256 00e3 80       		.byte	-128
 257 00e4 40       		.byte	64
 258 00e5 21       		.byte	33
 259 00e6 43       		.byte	67
 260 00e7 08       		.byte	8
 261 00e8 50       		.byte	80
 262 00e9 02       		.byte	2
 263 00ea 59       		.byte	89
 264 00eb 40       		.byte	64
 265 00ec 5A       		.byte	90
 266 00ed 18       		.byte	24
 267 00ee 63       		.byte	99
 268 00ef 80       		.byte	-128
 269 00f0 69       		.byte	105
 270 00f1 52       		.byte	82
 271 00f2 6A       		.byte	106
 272 00f3 04       		.byte	4
 273 00f4 6C       		.byte	108
 274 00f5 04       		.byte	4
 275 00f6 6F       		.byte	111
 276 00f7 62       		.byte	98
 277 00f8 71       		.byte	113
 278 00f9 80       		.byte	-128
 279 00fa 73       		.byte	115
 280 00fb 04       		.byte	4
 281 00fc 74       		.byte	116
 282 00fd 10       		.byte	16
 283 00fe 75       		.byte	117
 284 00ff 04       		.byte	4
 285 0100 76       		.byte	118
ARM GAS  C:\Users\adria\AppData\Local\Temp\ccFOBw78.s 			page 6


 286 0101 82       		.byte	-126
 287 0102 83       		.byte	-125
 288 0103 40       		.byte	64
 289 0104 85       		.byte	-123
 290 0105 80       		.byte	-128
 291 0106 87       		.byte	-121
 292 0107 02       		.byte	2
 293 0108 89       		.byte	-119
 294 0109 01       		.byte	1
 295 010a 8A       		.byte	-118
 296 010b 80       		.byte	-128
 297 010c 8C       		.byte	-116
 298 010d 04       		.byte	4
 299 010e 8D       		.byte	-115
 300 010f 40       		.byte	64
 301 0110 90       		.byte	-112
 302 0111 02       		.byte	2
 303 0112 A3       		.byte	-93
 304 0113 08       		.byte	8
 305 0114 A7       		.byte	-89
 306 0115 40       		.byte	64
 307 0116 AF       		.byte	-81
 308 0117 08       		.byte	8
 309 0118 B4       		.byte	-76
 310 0119 01       		.byte	1
 311 011a C0       		.byte	-64
 312 011b 32       		.byte	50
 313 011c C2       		.byte	-62
 314 011d 02       		.byte	2
 315 011e C4       		.byte	-60
 316 011f 01       		.byte	1
 317 0120 CC       		.byte	-52
 318 0121 04       		.byte	4
 319 0122 CE       		.byte	-50
 320 0123 09       		.byte	9
 321 0124 D0       		.byte	-48
 322 0125 0A       		.byte	10
 323 0126 D6       		.byte	-42
 324 0127 0E       		.byte	14
 325 0128 D8       		.byte	-40
 326 0129 01       		.byte	1
 327 012a E2       		.byte	-30
 328 012b 50       		.byte	80
 329 012c E6       		.byte	-26
 330 012d 20       		.byte	32
 331 012e 92       		.byte	-110
 332 012f 04       		.byte	4
 333 0130 9D       		.byte	-99
 334 0131 02       		.byte	2
 335 0132 9F       		.byte	-97
 336 0133 20       		.byte	32
 337 0134 AA       		.byte	-86
 338 0135 40       		.byte	64
 339 0136 AC       		.byte	-84
 340 0137 10       		.byte	16
 341 0138 AE       		.byte	-82
 342 0139 02       		.byte	2
ARM GAS  C:\Users\adria\AppData\Local\Temp\ccFOBw78.s 			page 7


 343 013a B1       		.byte	-79
 344 013b 10       		.byte	16
 345 013c B3       		.byte	-77
 346 013d 04       		.byte	4
 347 013e B5       		.byte	-75
 348 013f 04       		.byte	4
 349 0140 B7       		.byte	-73
 350 0141 20       		.byte	32
 351 0142 EA       		.byte	-22
 352 0143 D0       		.byte	-48
 353 0144 EE       		.byte	-18
 354 0145 20       		.byte	32
 355 0146 E0       		.byte	-32
 356 0147 20       		.byte	32
 357 0148 EA       		.byte	-22
 358 0149 40       		.byte	64
 359 014a AF       		.byte	-81
 360 014b 20       		.byte	32
 361 014c B1       		.byte	-79
 362 014d 02       		.byte	2
 363 014e 9D       		.byte	-99
 364 014f 02       		.byte	2
 365 0150 9F       		.byte	-97
 366 0151 20       		.byte	32
 367 0152 B2       		.byte	-78
 368 0153 04       		.byte	4
 369 0154 EE       		.byte	-18
 370 0155 20       		.byte	32
 371 0156 EA       		.byte	-22
 372 0157 80       		.byte	-128
 373 0158 33       		.byte	51
 374 0159 10       		.byte	16
 375 015a 37       		.byte	55
 376 015b 40       		.byte	64
 377 015c CC       		.byte	-52
 378 015d 30       		.byte	48
 379 015e 00       		.byte	0
 380 015f 08       		.byte	8
 381 0160 53       		.byte	83
 382 0161 40       		.byte	64
 383 0162 56       		.byte	86
 384 0163 02       		.byte	2
 385 0164 58       		.byte	88
 386 0165 21       		.byte	33
 387 0166 60       		.byte	96
 388 0167 10       		.byte	16
 389 0168 64       		.byte	100
 390 0169 04       		.byte	4
 391 016a 67       		.byte	103
 392 016b 02       		.byte	2
 393 016c 83       		.byte	-125
 394 016d 10       		.byte	16
 395 016e 9F       		.byte	-97
 396 016f 50       		.byte	80
 397 0170 C0       		.byte	-64
 398 0171 10       		.byte	16
 399 0172 D4       		.byte	-44
ARM GAS  C:\Users\adria\AppData\Local\Temp\ccFOBw78.s 			page 8


 400 0173 A0       		.byte	-96
 401 0174 D6       		.byte	-42
 402 0175 E0       		.byte	-32
 403 0176 D8       		.byte	-40
 404 0177 C0       		.byte	-64
 405 0178 E2       		.byte	-30
 406 0179 20       		.byte	32
 407 017a 52       		.byte	82
 408 017b 80       		.byte	-128
 409 017c 57       		.byte	87
 410 017d 10       		.byte	16
 411 017e 82       		.byte	-126
 412 017f 40       		.byte	64
 413 0180 87       		.byte	-121
 414 0181 50       		.byte	80
 415 0182 88       		.byte	-120
 416 0183 01       		.byte	1
 417 0184 8C       		.byte	-116
 418 0185 10       		.byte	16
 419 0186 8F       		.byte	-113
 420 0187 01       		.byte	1
 421 0188 94       		.byte	-108
 422 0189 10       		.byte	16
 423 018a 97       		.byte	-105
 424 018b 82       		.byte	-126
 425 018c 9C       		.byte	-100
 426 018d 25       		.byte	37
 427 018e 9E       		.byte	-98
 428 018f 02       		.byte	2
 429 0190 9F       		.byte	-97
 430 0191 40       		.byte	64
 431 0192 AC       		.byte	-84
 432 0193 04       		.byte	4
 433 0194 D4       		.byte	-44
 434 0195 60       		.byte	96
 435 0196 E2       		.byte	-30
 436 0197 10       		.byte	16
 437 0198 E6       		.byte	-26
 438 0199 C0       		.byte	-64
 439 019a EC       		.byte	-20
 440 019b 40       		.byte	64
 441 019c 92       		.byte	-110
 442 019d 80       		.byte	-128
 443 019e 93       		.byte	-109
 444 019f 20       		.byte	32
 445 01a0 A0       		.byte	-96
 446 01a1 40       		.byte	64
 447 01a2 AB       		.byte	-85
 448 01a3 40       		.byte	64
 449 01a4 AC       		.byte	-84
 450 01a5 04       		.byte	4
 451 01a6 AE       		.byte	-82
 452 01a7 80       		.byte	-128
 453 01a8 B0       		.byte	-80
 454 01a9 60       		.byte	96
 455 01aa B6       		.byte	-74
 456 01ab 02       		.byte	2
ARM GAS  C:\Users\adria\AppData\Local\Temp\ccFOBw78.s 			page 9


 457 01ac B7       		.byte	-73
 458 01ad 10       		.byte	16
 459 01ae EA       		.byte	-22
 460 01af 10       		.byte	16
 461 01b0 EE       		.byte	-18
 462 01b1 90       		.byte	-112
 463 01b2 08       		.byte	8
 464 01b3 20       		.byte	32
 465 01b4 60       		.byte	96
 466 01b5 80       		.byte	-128
 467 01b6 C2       		.byte	-62
 468 01b7 02       		.byte	2
 469 01b8 D8       		.byte	-40
 470 01b9 02       		.byte	2
 471 01ba 88       		.byte	-120
 472 01bb 80       		.byte	-128
 473 01bc 9C       		.byte	-100
 474 01bd 80       		.byte	-128
 475 01be B4       		.byte	-76
 476 01bf 20       		.byte	32
 477 01c0 E0       		.byte	-32
 478 01c1 04       		.byte	4
 479 01c2 EA       		.byte	-22
 480 01c3 02       		.byte	2
 481 01c4 02       		.byte	2
 482 01c5 10       		.byte	16
 483 01c6 53       		.byte	83
 484 01c7 10       		.byte	16
 485 01c8 54       		.byte	84
 486 01c9 40       		.byte	64
 487 01ca 5A       		.byte	90
 488 01cb 80       		.byte	-128
 489 01cc 92       		.byte	-110
 490 01cd 80       		.byte	-128
 491 01ce 93       		.byte	-109
 492 01cf 20       		.byte	32
 493 01d0 A0       		.byte	-96
 494 01d1 40       		.byte	64
 495 01d2 A2       		.byte	-94
 496 01d3 02       		.byte	2
 497 01d4 B2       		.byte	-78
 498 01d5 02       		.byte	2
 499 01d6 C0       		.byte	-64
 500 01d7 10       		.byte	16
 501 01d8 D4       		.byte	-44
 502 01d9 E0       		.byte	-32
 503 01da 52       		.byte	82
 504 01db 02       		.byte	2
 505 01dc A2       		.byte	-94
 506 01dd 02       		.byte	2
 507 01de AE       		.byte	-82
 508 01df 10       		.byte	16
 509 01e0 D4       		.byte	-44
 510 01e1 80       		.byte	-128
 511 01e2 E8       		.byte	-24
 512 01e3 40       		.byte	64
 513 01e4 0C       		.byte	12
ARM GAS  C:\Users\adria\AppData\Local\Temp\ccFOBw78.s 			page 10


 514 01e5 40       		.byte	64
 515 01e6 C2       		.byte	-62
 516 01e7 01       		.byte	1
 517 01e8 B0       		.byte	-80
 518 01e9 40       		.byte	64
 519 01ea EA       		.byte	-22
 520 01eb 01       		.byte	1
 521 01ec 00       		.byte	0
 522 01ed 03       		.byte	3
 523 01ee 0A       		.byte	10
 524 01ef 03       		.byte	3
 525 01f0 00       		.byte	0
 526 01f1 0F       		.byte	15
 527 01f2 00       		.byte	0
 528 01f3 00       		.byte	0
 529 01f4 01       		.byte	1
 530 01f5 FF       		.byte	-1
 531 01f6 FE       		.byte	-2
 532 01f7 00       		.byte	0
 533 01f8 FE       		.byte	-2
 534 01f9 00       		.byte	0
 535 01fa 00       		.byte	0
 536 01fb 00       		.byte	0
 537 01fc 00       		.byte	0
 538 01fd 0C       		.byte	12
 539 01fe 0C       		.byte	12
 540 01ff 00       		.byte	0
 541 0200 0C       		.byte	12
 542 0201 00       		.byte	0
 543 0202 00       		.byte	0
 544 0203 00       		.byte	0
 545 0204 01       		.byte	1
 546 0205 00       		.byte	0
 547 0206 00       		.byte	0
 548 0207 0F       		.byte	15
 549 0208 0E       		.byte	14
 550 0209 00       		.byte	0
 551 020a 0E       		.byte	14
 552 020b 00       		.byte	0
 553 020c 00       		.byte	0
 554 020d 00       		.byte	0
 555 020e 00       		.byte	0
 556 020f 00       		.byte	0
 557 0210 80       		.byte	-128
 558 0211 00       		.byte	0
 559 0212 00       		.byte	0
 560 0213 8B       		.byte	-117
 561 0214 0B       		.byte	11
 562 0215 00       		.byte	0
 563 0216 00       		.byte	0
 564 0217 00       		.byte	0
 565 0218 00       		.byte	0
 566 0219 00       		.byte	0
 567 021a 00       		.byte	0
 568 021b 00       		.byte	0
 569 021c 40       		.byte	64
 570 021d 00       		.byte	0
ARM GAS  C:\Users\adria\AppData\Local\Temp\ccFOBw78.s 			page 11


 571 021e 00       		.byte	0
 572 021f C0       		.byte	-64
 573 0220 80       		.byte	-128
 574 0221 00       		.byte	0
 575 0222 80       		.byte	-128
 576 0223 00       		.byte	0
 577 0224 00       		.byte	0
 578 0225 00       		.byte	0
 579 0226 00       		.byte	0
 580 0227 00       		.byte	0
 581 0228 00       		.byte	0
 582 0229 02       		.byte	2
 583 022a 02       		.byte	2
 584 022b 00       		.byte	0
 585 022c 02       		.byte	2
 586 022d 00       		.byte	0
 587 022e 00       		.byte	0
 588 022f 00       		.byte	0
 589              		.section	.cywolatch,"a",%progbits
 590              		.align	2
 591              		.type	cy_meta_wonvl, %object
 592              		.size	cy_meta_wonvl, 4
 593              	cy_meta_wonvl:
 594 0000 BC       		.byte	-68
 595 0001 90       		.byte	-112
 596 0002 AC       		.byte	-84
 597 0003 AF       		.byte	-81
 598              		.section	.cycustnvl,"a",%progbits
 599              		.align	2
 600              		.type	cy_meta_custnvl, %object
 601              		.size	cy_meta_custnvl, 4
 602              	cy_meta_custnvl:
 603 0000 00       		.byte	0
 604 0001 00       		.byte	0
 605 0002 40       		.byte	64
 606 0003 05       		.byte	5
 607              		.section	.cymeta,"a",%progbits
 608              		.align	2
 609              		.type	cy_metadata, %object
 610              		.size	cy_metadata, 12
 611              	cy_metadata:
 612 0000 00       		.byte	0
 613 0001 01       		.byte	1
 614 0002 2E       		.byte	46
 615 0003 16       		.byte	22
 616 0004 10       		.byte	16
 617 0005 69       		.byte	105
 618 0006 00       		.byte	0
 619 0007 01       		.byte	1
 620 0008 00       		.byte	0
 621 0009 00       		.byte	0
 622 000a 00       		.byte	0
 623 000b 00       		.byte	0
 624              		.section	.cyflashprotect,"a",%progbits
 625              		.align	2
 626              		.type	cy_meta_flashprotect, %object
 627              		.size	cy_meta_flashprotect, 256
ARM GAS  C:\Users\adria\AppData\Local\Temp\ccFOBw78.s 			page 12


 628              	cy_meta_flashprotect:
 629 0000 00000000 		.space	256
 629      00000000 
 629      00000000 
 629      00000000 
 629      00000000 
 630              		.text
 631              	.Letext0:
 632              		.file 1 "c:\\program files (x86)\\cypress\\psoc creator\\4.4\\psoc creator\\import\\gnu\\arm\\5.4.
 633              		.file 2 "c:\\program files (x86)\\cypress\\psoc creator\\4.4\\psoc creator\\import\\gnu\\arm\\5.4.
 634              		.file 3 "Generated_Source\\PSoC5\\cymetadata.c"
 635              		.section	.debug_info,"",%progbits
 636              	.Ldebug_info0:
 637 0000 31010000 		.4byte	0x131
 638 0004 0400     		.2byte	0x4
 639 0006 00000000 		.4byte	.Ldebug_abbrev0
 640 000a 04       		.byte	0x4
 641 000b 01       		.uleb128 0x1
 642 000c 24000000 		.4byte	.LASF17
 643 0010 0C       		.byte	0xc
 644 0011 D3010000 		.4byte	.LASF18
 645 0015 D7000000 		.4byte	.LASF19
 646 0019 00000000 		.4byte	.Ldebug_line0
 647 001d 02       		.uleb128 0x2
 648 001e 01       		.byte	0x1
 649 001f 06       		.byte	0x6
 650 0020 C7010000 		.4byte	.LASF0
 651 0024 03       		.uleb128 0x3
 652 0025 00000000 		.4byte	.LASF9
 653 0029 01       		.byte	0x1
 654 002a 1D       		.byte	0x1d
 655 002b 2F000000 		.4byte	0x2f
 656 002f 02       		.uleb128 0x2
 657 0030 01       		.byte	0x1
 658 0031 08       		.byte	0x8
 659 0032 16000000 		.4byte	.LASF1
 660 0036 02       		.uleb128 0x2
 661 0037 02       		.byte	0x2
 662 0038 05       		.byte	0x5
 663 0039 B4010000 		.4byte	.LASF2
 664 003d 02       		.uleb128 0x2
 665 003e 02       		.byte	0x2
 666 003f 07       		.byte	0x7
 667 0040 C4000000 		.4byte	.LASF3
 668 0044 02       		.uleb128 0x2
 669 0045 04       		.byte	0x4
 670 0046 05       		.byte	0x5
 671 0047 BE010000 		.4byte	.LASF4
 672 004b 02       		.uleb128 0x2
 673 004c 04       		.byte	0x4
 674 004d 07       		.byte	0x7
 675 004e B2000000 		.4byte	.LASF5
 676 0052 02       		.uleb128 0x2
 677 0053 08       		.byte	0x8
 678 0054 05       		.byte	0x5
 679 0055 A6010000 		.4byte	.LASF6
 680 0059 02       		.uleb128 0x2
ARM GAS  C:\Users\adria\AppData\Local\Temp\ccFOBw78.s 			page 13


 681 005a 08       		.byte	0x8
 682 005b 07       		.byte	0x7
 683 005c 5B010000 		.4byte	.LASF7
 684 0060 04       		.uleb128 0x4
 685 0061 04       		.byte	0x4
 686 0062 05       		.byte	0x5
 687 0063 696E7400 		.ascii	"int\000"
 688 0067 02       		.uleb128 0x2
 689 0068 04       		.byte	0x4
 690 0069 07       		.byte	0x7
 691 006a 4E010000 		.4byte	.LASF8
 692 006e 03       		.uleb128 0x3
 693 006f 72010000 		.4byte	.LASF10
 694 0073 02       		.byte	0x2
 695 0074 18       		.byte	0x18
 696 0075 24000000 		.4byte	0x24
 697 0079 05       		.uleb128 0x5
 698 007a 91000000 		.4byte	0x91
 699 007e 8A000000 		.4byte	0x8a
 700 0082 06       		.uleb128 0x6
 701 0083 8A000000 		.4byte	0x8a
 702 0087 2F02     		.2byte	0x22f
 703 0089 00       		.byte	0
 704 008a 02       		.uleb128 0x2
 705 008b 04       		.byte	0x4
 706 008c 07       		.byte	0x7
 707 008d 9D010000 		.4byte	.LASF11
 708 0091 07       		.uleb128 0x7
 709 0092 6E000000 		.4byte	0x6e
 710 0096 08       		.uleb128 0x8
 711 0097 3C010000 		.4byte	.LASF12
 712 009b 03       		.byte	0x3
 713 009c 1F       		.byte	0x1f
 714 009d A7000000 		.4byte	0xa7
 715 00a1 05       		.uleb128 0x5
 716 00a2 03       		.byte	0x3
 717 00a3 00000000 		.4byte	cy_meta_configecc
 718 00a7 07       		.uleb128 0x7
 719 00a8 79000000 		.4byte	0x79
 720 00ac 05       		.uleb128 0x5
 721 00ad 91000000 		.4byte	0x91
 722 00b1 BC000000 		.4byte	0xbc
 723 00b5 09       		.uleb128 0x9
 724 00b6 8A000000 		.4byte	0x8a
 725 00ba 03       		.byte	0x3
 726 00bb 00       		.byte	0
 727 00bc 08       		.uleb128 0x8
 728 00bd 2C010000 		.4byte	.LASF13
 729 00c1 03       		.byte	0x3
 730 00c2 72       		.byte	0x72
 731 00c3 CD000000 		.4byte	0xcd
 732 00c7 05       		.uleb128 0x5
 733 00c8 03       		.byte	0x3
 734 00c9 00000000 		.4byte	cy_meta_custnvl
 735 00cd 07       		.uleb128 0x7
 736 00ce AC000000 		.4byte	0xac
 737 00d2 08       		.uleb128 0x8
ARM GAS  C:\Users\adria\AppData\Local\Temp\ccFOBw78.s 			page 14


 738 00d3 8F010000 		.4byte	.LASF14
 739 00d7 03       		.byte	0x3
 740 00d8 80       		.byte	0x80
 741 00d9 E3000000 		.4byte	0xe3
 742 00dd 05       		.uleb128 0x5
 743 00de 03       		.byte	0x3
 744 00df 00000000 		.4byte	cy_meta_wonvl
 745 00e3 07       		.uleb128 0x7
 746 00e4 AC000000 		.4byte	0xac
 747 00e8 05       		.uleb128 0x5
 748 00e9 91000000 		.4byte	0x91
 749 00ed F8000000 		.4byte	0xf8
 750 00f1 09       		.uleb128 0x9
 751 00f2 8A000000 		.4byte	0x8a
 752 00f6 FF       		.byte	0xff
 753 00f7 00       		.byte	0
 754 00f8 08       		.uleb128 0x8
 755 00f9 7A010000 		.4byte	.LASF15
 756 00fd 03       		.byte	0x3
 757 00fe 8E       		.byte	0x8e
 758 00ff 09010000 		.4byte	0x109
 759 0103 05       		.uleb128 0x5
 760 0104 03       		.byte	0x3
 761 0105 00000000 		.4byte	cy_meta_flashprotect
 762 0109 07       		.uleb128 0x7
 763 010a E8000000 		.4byte	0xe8
 764 010e 05       		.uleb128 0x5
 765 010f 91000000 		.4byte	0x91
 766 0113 1E010000 		.4byte	0x11e
 767 0117 09       		.uleb128 0x9
 768 0118 8A000000 		.4byte	0x8a
 769 011c 0B       		.byte	0xb
 770 011d 00       		.byte	0
 771 011e 08       		.uleb128 0x8
 772 011f 0A000000 		.4byte	.LASF16
 773 0123 03       		.byte	0x3
 774 0124 BB       		.byte	0xbb
 775 0125 2F010000 		.4byte	0x12f
 776 0129 05       		.uleb128 0x5
 777 012a 03       		.byte	0x3
 778 012b 00000000 		.4byte	cy_metadata
 779 012f 07       		.uleb128 0x7
 780 0130 0E010000 		.4byte	0x10e
 781 0134 00       		.byte	0
 782              		.section	.debug_abbrev,"",%progbits
 783              	.Ldebug_abbrev0:
 784 0000 01       		.uleb128 0x1
 785 0001 11       		.uleb128 0x11
 786 0002 01       		.byte	0x1
 787 0003 25       		.uleb128 0x25
 788 0004 0E       		.uleb128 0xe
 789 0005 13       		.uleb128 0x13
 790 0006 0B       		.uleb128 0xb
 791 0007 03       		.uleb128 0x3
 792 0008 0E       		.uleb128 0xe
 793 0009 1B       		.uleb128 0x1b
 794 000a 0E       		.uleb128 0xe
ARM GAS  C:\Users\adria\AppData\Local\Temp\ccFOBw78.s 			page 15


 795 000b 10       		.uleb128 0x10
 796 000c 17       		.uleb128 0x17
 797 000d 00       		.byte	0
 798 000e 00       		.byte	0
 799 000f 02       		.uleb128 0x2
 800 0010 24       		.uleb128 0x24
 801 0011 00       		.byte	0
 802 0012 0B       		.uleb128 0xb
 803 0013 0B       		.uleb128 0xb
 804 0014 3E       		.uleb128 0x3e
 805 0015 0B       		.uleb128 0xb
 806 0016 03       		.uleb128 0x3
 807 0017 0E       		.uleb128 0xe
 808 0018 00       		.byte	0
 809 0019 00       		.byte	0
 810 001a 03       		.uleb128 0x3
 811 001b 16       		.uleb128 0x16
 812 001c 00       		.byte	0
 813 001d 03       		.uleb128 0x3
 814 001e 0E       		.uleb128 0xe
 815 001f 3A       		.uleb128 0x3a
 816 0020 0B       		.uleb128 0xb
 817 0021 3B       		.uleb128 0x3b
 818 0022 0B       		.uleb128 0xb
 819 0023 49       		.uleb128 0x49
 820 0024 13       		.uleb128 0x13
 821 0025 00       		.byte	0
 822 0026 00       		.byte	0
 823 0027 04       		.uleb128 0x4
 824 0028 24       		.uleb128 0x24
 825 0029 00       		.byte	0
 826 002a 0B       		.uleb128 0xb
 827 002b 0B       		.uleb128 0xb
 828 002c 3E       		.uleb128 0x3e
 829 002d 0B       		.uleb128 0xb
 830 002e 03       		.uleb128 0x3
 831 002f 08       		.uleb128 0x8
 832 0030 00       		.byte	0
 833 0031 00       		.byte	0
 834 0032 05       		.uleb128 0x5
 835 0033 01       		.uleb128 0x1
 836 0034 01       		.byte	0x1
 837 0035 49       		.uleb128 0x49
 838 0036 13       		.uleb128 0x13
 839 0037 01       		.uleb128 0x1
 840 0038 13       		.uleb128 0x13
 841 0039 00       		.byte	0
 842 003a 00       		.byte	0
 843 003b 06       		.uleb128 0x6
 844 003c 21       		.uleb128 0x21
 845 003d 00       		.byte	0
 846 003e 49       		.uleb128 0x49
 847 003f 13       		.uleb128 0x13
 848 0040 2F       		.uleb128 0x2f
 849 0041 05       		.uleb128 0x5
 850 0042 00       		.byte	0
 851 0043 00       		.byte	0
ARM GAS  C:\Users\adria\AppData\Local\Temp\ccFOBw78.s 			page 16


 852 0044 07       		.uleb128 0x7
 853 0045 26       		.uleb128 0x26
 854 0046 00       		.byte	0
 855 0047 49       		.uleb128 0x49
 856 0048 13       		.uleb128 0x13
 857 0049 00       		.byte	0
 858 004a 00       		.byte	0
 859 004b 08       		.uleb128 0x8
 860 004c 34       		.uleb128 0x34
 861 004d 00       		.byte	0
 862 004e 03       		.uleb128 0x3
 863 004f 0E       		.uleb128 0xe
 864 0050 3A       		.uleb128 0x3a
 865 0051 0B       		.uleb128 0xb
 866 0052 3B       		.uleb128 0x3b
 867 0053 0B       		.uleb128 0xb
 868 0054 49       		.uleb128 0x49
 869 0055 13       		.uleb128 0x13
 870 0056 3F       		.uleb128 0x3f
 871 0057 19       		.uleb128 0x19
 872 0058 02       		.uleb128 0x2
 873 0059 18       		.uleb128 0x18
 874 005a 00       		.byte	0
 875 005b 00       		.byte	0
 876 005c 09       		.uleb128 0x9
 877 005d 21       		.uleb128 0x21
 878 005e 00       		.byte	0
 879 005f 49       		.uleb128 0x49
 880 0060 13       		.uleb128 0x13
 881 0061 2F       		.uleb128 0x2f
 882 0062 0B       		.uleb128 0xb
 883 0063 00       		.byte	0
 884 0064 00       		.byte	0
 885 0065 00       		.byte	0
 886              		.section	.debug_aranges,"",%progbits
 887 0000 14000000 		.4byte	0x14
 888 0004 0200     		.2byte	0x2
 889 0006 00000000 		.4byte	.Ldebug_info0
 890 000a 04       		.byte	0x4
 891 000b 00       		.byte	0
 892 000c 0000     		.2byte	0
 893 000e 0000     		.2byte	0
 894 0010 00000000 		.4byte	0
 895 0014 00000000 		.4byte	0
 896              		.section	.debug_line,"",%progbits
 897              	.Ldebug_line0:
 898 0000 3D010000 		.section	.debug_str,"MS",%progbits,1
 898      02003701 
 898      00000201 
 898      FB0E0D00 
 898      01010101 
 899              	.LASF9:
 900 0000 5F5F7569 		.ascii	"__uint8_t\000"
 900      6E74385F 
 900      7400
 901              	.LASF16:
 902 000a 63795F6D 		.ascii	"cy_metadata\000"
ARM GAS  C:\Users\adria\AppData\Local\Temp\ccFOBw78.s 			page 17


 902      65746164 
 902      61746100 
 903              	.LASF1:
 904 0016 756E7369 		.ascii	"unsigned char\000"
 904      676E6564 
 904      20636861 
 904      7200
 905              	.LASF17:
 906 0024 474E5520 		.ascii	"GNU C11 5.4.1 20160609 (release) [ARM/embedded-5-br"
 906      43313120 
 906      352E342E 
 906      31203230 
 906      31363036 
 907 0057 616E6368 		.ascii	"anch revision 237715] -mcpu=cortex-m3 -mthumb -g -O"
 907      20726576 
 907      6973696F 
 907      6E203233 
 907      37373135 
 908 008a 67202D66 		.ascii	"g -ffunction-sections -ffat-lto-objects\000"
 908      66756E63 
 908      74696F6E 
 908      2D736563 
 908      74696F6E 
 909              	.LASF5:
 910 00b2 6C6F6E67 		.ascii	"long unsigned int\000"
 910      20756E73 
 910      69676E65 
 910      6420696E 
 910      7400
 911              	.LASF3:
 912 00c4 73686F72 		.ascii	"short unsigned int\000"
 912      7420756E 
 912      7369676E 
 912      65642069 
 912      6E7400
 913              	.LASF19:
 914 00d7 433A5C55 		.ascii	"C:\\Users\\adria\\OneDrive\\Documents\\psoc\\Final_"
 914      73657273 
 914      5C616472 
 914      69615C4F 
 914      6E654472 
 915 0104 4D454C43 		.ascii	"MELCHOR\\Control_contador_d_ciclos.cydsn\000"
 915      484F525C 
 915      436F6E74 
 915      726F6C5F 
 915      636F6E74 
 916              	.LASF13:
 917 012c 63795F6D 		.ascii	"cy_meta_custnvl\000"
 917      6574615F 
 917      63757374 
 917      6E766C00 
 918              	.LASF12:
 919 013c 63795F6D 		.ascii	"cy_meta_configecc\000"
 919      6574615F 
 919      636F6E66 
 919      69676563 
 919      6300
ARM GAS  C:\Users\adria\AppData\Local\Temp\ccFOBw78.s 			page 18


 920              	.LASF8:
 921 014e 756E7369 		.ascii	"unsigned int\000"
 921      676E6564 
 921      20696E74 
 921      00
 922              	.LASF7:
 923 015b 6C6F6E67 		.ascii	"long long unsigned int\000"
 923      206C6F6E 
 923      6720756E 
 923      7369676E 
 923      65642069 
 924              	.LASF10:
 925 0172 75696E74 		.ascii	"uint8_t\000"
 925      385F7400 
 926              	.LASF15:
 927 017a 63795F6D 		.ascii	"cy_meta_flashprotect\000"
 927      6574615F 
 927      666C6173 
 927      6870726F 
 927      74656374 
 928              	.LASF14:
 929 018f 63795F6D 		.ascii	"cy_meta_wonvl\000"
 929      6574615F 
 929      776F6E76 
 929      6C00
 930              	.LASF11:
 931 019d 73697A65 		.ascii	"sizetype\000"
 931      74797065 
 931      00
 932              	.LASF6:
 933 01a6 6C6F6E67 		.ascii	"long long int\000"
 933      206C6F6E 
 933      6720696E 
 933      7400
 934              	.LASF2:
 935 01b4 73686F72 		.ascii	"short int\000"
 935      7420696E 
 935      7400
 936              	.LASF4:
 937 01be 6C6F6E67 		.ascii	"long int\000"
 937      20696E74 
 937      00
 938              	.LASF0:
 939 01c7 7369676E 		.ascii	"signed char\000"
 939      65642063 
 939      68617200 
 940              	.LASF18:
 941 01d3 47656E65 		.ascii	"Generated_Source\\PSoC5\\cymetadata.c\000"
 941      72617465 
 941      645F536F 
 941      75726365 
 941      5C50536F 
 942              		.ident	"GCC: (GNU Tools for ARM Embedded Processors) 5.4.1 20160609 (release) [ARM/embedded-5-bran
