ARM GAS  C:\Users\adria\AppData\Local\Temp\ccD5c8gA.s 			page 1


   1              		.syntax unified
   2              		.cpu cortex-m3
   3              		.fpu softvfp
   4              		.eabi_attribute 20, 1
   5              		.eabi_attribute 21, 1
   6              		.eabi_attribute 23, 3
   7              		.eabi_attribute 24, 1
   8              		.eabi_attribute 25, 1
   9              		.eabi_attribute 26, 1
  10              		.eabi_attribute 30, 1
  11              		.eabi_attribute 34, 1
  12              		.eabi_attribute 18, 4
  13              		.thumb
  14              		.syntax unified
  15              		.file	"main.c"
  16              		.text
  17              	.Ltext0:
  18              		.cfi_sections	.debug_frame
  19              		.section	.text.contador,"ax",%progbits
  20              		.align	2
  21              		.global	contador
  22              		.thumb
  23              		.thumb_func
  24              		.type	contador, %function
  25              	contador:
  26              	.LFB63:
  27              		.file 1 "main.c"
   1:main.c        **** #include "project.h"
   2:main.c        **** #include "D:\GITHUB\Librerias_PSOC\Libreria_PSOC\LIB_psoc.h"
   3:main.c        **** #include "..\..\lcd_7seg\Workspace01\LCD.cydsn\PSOC_LCD.h"
   4:main.c        **** 
   5:main.c        **** #define DENOMINADOR 100
   6:main.c        **** 
   7:main.c        **** //Rutina de sumado
   8:main.c        **** uint16_t on = 0, acomulador = 0;
   9:main.c        **** CY_ISR(contador){
  28              		.loc 1 9 0
  29              		.cfi_startproc
  30              		@ args = 0, pretend = 0, frame = 0
  31              		@ frame_needed = 0, uses_anonymous_args = 0
  32 0000 08B5     		push	{r3, lr}
  33              		.cfi_def_cfa_offset 8
  34              		.cfi_offset 3, -8
  35              		.cfi_offset 14, -4
  10:main.c        ****     contador_ClearPending();// Limpieza de interrupción
  36              		.loc 1 10 0
  37 0002 FFF7FEFF 		bl	contador_ClearPending
  38              	.LVL0:
  11:main.c        ****     
  12:main.c        ****     acomulador++; //65535 bits máximos
  39              		.loc 1 12 0
  40 0006 0B4A     		ldr	r2, .L6
  41 0008 1388     		ldrh	r3, [r2]
  42 000a 0133     		adds	r3, r3, #1
  43 000c 9BB2     		uxth	r3, r3
  44 000e 1380     		strh	r3, [r2]	@ movhi
  13:main.c        ****     
ARM GAS  C:\Users\adria\AppData\Local\Temp\ccD5c8gA.s 			page 2


  14:main.c        ****     if(acomulador >= DENOMINADOR){
  45              		.loc 1 14 0
  46 0010 632B     		cmp	r3, #99
  47 0012 02D9     		bls	.L2
  15:main.c        ****         acomulador =0;
  48              		.loc 1 15 0
  49 0014 0022     		movs	r2, #0
  50 0016 074B     		ldr	r3, .L6
  51 0018 1A80     		strh	r2, [r3]	@ movhi
  52              	.L2:
  16:main.c        ****     }
  17:main.c        ****     
  18:main.c        ****     /*
  19:main.c        ****         Al ser un relevador de estado solido todo integrado,
  20:main.c        ****         no hay problema en no activar con pulsos-disparo
  21:main.c        ****     */
  22:main.c        ****     if(on<=acomulador){//ON 
  53              		.loc 1 22 0
  54 001a 064B     		ldr	r3, .L6
  55 001c 5A88     		ldrh	r2, [r3, #2]
  56 001e 1B88     		ldrh	r3, [r3]
  57 0020 9A42     		cmp	r2, r3
  58 0022 03D8     		bhi	.L3
  23:main.c        ****         
  24:main.c        ****         Actuadores_Write(0xFF);
  59              		.loc 1 24 0
  60 0024 FF20     		movs	r0, #255
  61 0026 FFF7FEFF 		bl	Actuadores_Write
  62              	.LVL1:
  63 002a 08BD     		pop	{r3, pc}
  64              	.L3:
  25:main.c        ****         
  26:main.c        ****     }else{//OFF
  27:main.c        ****         
  28:main.c        ****         Actuadores_Write(0x00);
  65              		.loc 1 28 0
  66 002c 0020     		movs	r0, #0
  67 002e FFF7FEFF 		bl	Actuadores_Write
  68              	.LVL2:
  69 0032 08BD     		pop	{r3, pc}
  70              	.L7:
  71              		.align	2
  72              	.L6:
  73 0034 00000000 		.word	.LANCHOR0
  74              		.cfi_endproc
  75              	.LFE63:
  76              		.size	contador, .-contador
  77              		.section	.text.actualizar,"ax",%progbits
  78              		.align	2
  79              		.global	actualizar
  80              		.thumb
  81              		.thumb_func
  82              		.type	actualizar, %function
  83              	actualizar:
  84              	.LFB64:
  29:main.c        ****     }
  30:main.c        ****         
ARM GAS  C:\Users\adria\AppData\Local\Temp\ccD5c8gA.s 			page 3


  31:main.c        **** }
  32:main.c        **** 
  33:main.c        **** uint8_t Potencia = 0;
  34:main.c        **** CY_ISR(actualizar){
  85              		.loc 1 34 0
  86              		.cfi_startproc
  87              		@ args = 0, pretend = 0, frame = 0
  88              		@ frame_needed = 0, uses_anonymous_args = 0
  89 0000 10B5     		push	{r4, lr}
  90              		.cfi_def_cfa_offset 8
  91              		.cfi_offset 4, -8
  92              		.cfi_offset 14, -4
  93 0002 82B0     		sub	sp, sp, #8
  94              		.cfi_def_cfa_offset 16
  35:main.c        ****     actualizar_ClearPending();
  95              		.loc 1 35 0
  96 0004 FFF7FEFF 		bl	actualizar_ClearPending
  97              	.LVL3:
  36:main.c        ****     
  37:main.c        ****     on = map(Potencia,0,100,0,DENOMINADOR);//Se actualiza la proporcion ON/OFF
  98              		.loc 1 37 0
  99 0008 054C     		ldr	r4, .L10
 100 000a 2079     		ldrb	r0, [r4, #4]	@ zero_extendqisi2
 101 000c 6422     		movs	r2, #100
 102 000e 0092     		str	r2, [sp]
 103 0010 0023     		movs	r3, #0
 104 0012 1946     		mov	r1, r3
 105 0014 FFF7FEFF 		bl	map
 106              	.LVL4:
 107 0018 6080     		strh	r0, [r4, #2]	@ movhi
  38:main.c        **** }
 108              		.loc 1 38 0
 109 001a 02B0     		add	sp, sp, #8
 110              		.cfi_def_cfa_offset 8
 111              		@ sp needed
 112 001c 10BD     		pop	{r4, pc}
 113              	.L11:
 114 001e 00BF     		.align	2
 115              	.L10:
 116 0020 00000000 		.word	.LANCHOR0
 117              		.cfi_endproc
 118              	.LFE64:
 119              		.size	actualizar, .-actualizar
 120              		.section	.text.main,"ax",%progbits
 121              		.align	2
 122              		.global	main
 123              		.thumb
 124              		.thumb_func
 125              		.type	main, %function
 126              	main:
 127              	.LFB65:
  39:main.c        **** 
  40:main.c        **** 
  41:main.c        **** int main(void)
  42:main.c        **** {
 128              		.loc 1 42 0
 129              		.cfi_startproc
ARM GAS  C:\Users\adria\AppData\Local\Temp\ccD5c8gA.s 			page 4


 130              		@ args = 0, pretend = 0, frame = 0
 131              		@ frame_needed = 0, uses_anonymous_args = 0
 132 0000 10B5     		push	{r4, lr}
 133              		.cfi_def_cfa_offset 8
 134              		.cfi_offset 4, -8
 135              		.cfi_offset 14, -4
  43:main.c        ****     CyGlobalIntEnable; /* Enable global interrupts. */
 136              		.loc 1 43 0
 137              		.syntax unified
 138              	@ 43 "main.c" 1
 139 0002 62B6     		CPSIE   i
 140              	@ 0 "" 2
  44:main.c        ****     
  45:main.c        ****     //Interrrupciones
  46:main.c        ****     contador_StartEx(contador);// Inicializar interrupción física
 141              		.loc 1 46 0
 142              		.thumb
 143              		.syntax unified
 144 0004 1E48     		ldr	r0, .L17
 145 0006 FFF7FEFF 		bl	contador_StartEx
 146              	.LVL5:
  47:main.c        ****     contador_ClearPending();  // Limpieza de interrupción
 147              		.loc 1 47 0
 148 000a FFF7FEFF 		bl	contador_ClearPending
 149              	.LVL6:
  48:main.c        ****     
  49:main.c        ****     actualizar_StartEx(actualizar);
 150              		.loc 1 49 0
 151 000e 1D48     		ldr	r0, .L17+4
 152 0010 FFF7FEFF 		bl	actualizar_StartEx
 153              	.LVL7:
  50:main.c        ****     actualizar_ClearPending();
 154              		.loc 1 50 0
 155 0014 FFF7FEFF 		bl	actualizar_ClearPending
 156              	.LVL8:
  51:main.c        ****     btns_InterruptEnable();
 157              		.loc 1 51 0
 158 0018 FFF7FEFF 		bl	btns_InterruptEnable
 159              	.LVL9:
  52:main.c        ****     
  53:main.c        ****     
  54:main.c        ****     //lcd CONFIG INICIAL
  55:main.c        ****     LCD_Start();
 160              		.loc 1 55 0
 161 001c FFF7FEFF 		bl	LCD_Start
 162              	.LVL10:
  56:main.c        ****     LCD_Position(0,0);
 163              		.loc 1 56 0
 164 0020 0021     		movs	r1, #0
 165 0022 0846     		mov	r0, r1
 166 0024 FFF7FEFF 		bl	LCD_Position
 167              	.LVL11:
  57:main.c        ****     LCD_PrintString("Potencia:");
 168              		.loc 1 57 0
 169 0028 1748     		ldr	r0, .L17+8
 170 002a FFF7FEFF 		bl	LCD_PrintString
 171              	.LVL12:
ARM GAS  C:\Users\adria\AppData\Local\Temp\ccD5c8gA.s 			page 5


 172              	.L15:
  58:main.c        ****     
  59:main.c        ****     uint8_t btns;
  60:main.c        ****     
  61:main.c        ****     for(;;)
  62:main.c        ****     {
  63:main.c        ****         btns = btns_Read();//checamos botones
 173              		.loc 1 63 0
 174 002e FFF7FEFF 		bl	btns_Read
 175              	.LVL13:
 176 0032 0446     		mov	r4, r0
 177              	.LVL14:
  64:main.c        ****         CyDelay(100);
 178              		.loc 1 64 0
 179 0034 6420     		movs	r0, #100
 180 0036 FFF7FEFF 		bl	CyDelay
 181              	.LVL15:
  65:main.c        ****         
  66:main.c        ****         //SUMAMOS O RESTAMOS SEGUN SE QUIERA EL USUARIO
  67:main.c        ****         if(btns & BIT0){
 182              		.loc 1 67 0
 183 003a 14F0010F 		tst	r4, #1
 184 003e 03D0     		beq	.L13
  68:main.c        ****             Potencia++;
 185              		.loc 1 68 0
 186 0040 124A     		ldr	r2, .L17+12
 187 0042 1379     		ldrb	r3, [r2, #4]	@ zero_extendqisi2
 188 0044 0133     		adds	r3, r3, #1
 189 0046 1371     		strb	r3, [r2, #4]
 190              	.L13:
  69:main.c        ****         }
  70:main.c        ****         
  71:main.c        ****         if((btns & BIT1)>>1){
 191              		.loc 1 71 0
 192 0048 14F0020F 		tst	r4, #2
 193 004c 03D0     		beq	.L14
  72:main.c        ****             Potencia--;
 194              		.loc 1 72 0
 195 004e 0F4A     		ldr	r2, .L17+12
 196 0050 1379     		ldrb	r3, [r2, #4]	@ zero_extendqisi2
 197 0052 013B     		subs	r3, r3, #1
 198 0054 1371     		strb	r3, [r2, #4]
 199              	.L14:
  73:main.c        ****         }
  74:main.c        ****         
  75:main.c        ****         //TRUNCAMOS SI SE SATURA EL ACTUADORS
  76:main.c        ****         Potencia = trunca(Potencia,0,100);
 200              		.loc 1 76 0
 201 0056 0D4C     		ldr	r4, .L17+12
 202              	.LVL16:
 203 0058 6422     		movs	r2, #100
 204 005a 0021     		movs	r1, #0
 205 005c 2079     		ldrb	r0, [r4, #4]	@ zero_extendqisi2
 206 005e FFF7FEFF 		bl	trunca
 207              	.LVL17:
 208 0062 2071     		strb	r0, [r4, #4]
  77:main.c        **** 
ARM GAS  C:\Users\adria\AppData\Local\Temp\ccD5c8gA.s 			page 6


  78:main.c        ****         //Atualizamos el angulo de disparo
  79:main.c        ****         LCD_Position(1,0);
 209              		.loc 1 79 0
 210 0064 0021     		movs	r1, #0
 211 0066 0120     		movs	r0, #1
 212 0068 FFF7FEFF 		bl	LCD_Position
 213              	.LVL18:
  80:main.c        ****         LCD_PrintNumber(100-Potencia);
 214              		.loc 1 80 0
 215 006c 2079     		ldrb	r0, [r4, #4]	@ zero_extendqisi2
 216 006e C0F16400 		rsb	r0, r0, #100
 217 0072 FFF7FEFF 		bl	LCD_PrintNumber
 218              	.LVL19:
  81:main.c        ****         LCD_PrintString("%              ");
 219              		.loc 1 81 0
 220 0076 0648     		ldr	r0, .L17+16
 221 0078 FFF7FEFF 		bl	LCD_PrintString
 222              	.LVL20:
  82:main.c        ****         
  83:main.c        ****     }
 223              		.loc 1 83 0
 224 007c D7E7     		b	.L15
 225              	.L18:
 226 007e 00BF     		.align	2
 227              	.L17:
 228 0080 00000000 		.word	contador
 229 0084 00000000 		.word	actualizar
 230 0088 00000000 		.word	.LC0
 231 008c 00000000 		.word	.LANCHOR0
 232 0090 0C000000 		.word	.LC1
 233              		.cfi_endproc
 234              	.LFE65:
 235              		.size	main, .-main
 236              		.global	Potencia
 237              		.global	acomulador
 238              		.global	on
 239              		.section	.rodata.str1.4,"aMS",%progbits,1
 240              		.align	2
 241              	.LC0:
 242 0000 506F7465 		.ascii	"Potencia:\000"
 242      6E636961 
 242      3A00
 243 000a 0000     		.space	2
 244              	.LC1:
 245 000c 25202020 		.ascii	"%              \000"
 245      20202020 
 245      20202020 
 245      20202000 
 246              		.bss
 247              		.align	1
 248              		.set	.LANCHOR0,. + 0
 249              		.type	acomulador, %object
 250              		.size	acomulador, 2
 251              	acomulador:
 252 0000 0000     		.space	2
 253              		.type	on, %object
 254              		.size	on, 2
ARM GAS  C:\Users\adria\AppData\Local\Temp\ccD5c8gA.s 			page 7


 255              	on:
 256 0002 0000     		.space	2
 257              		.type	Potencia, %object
 258              		.size	Potencia, 1
 259              	Potencia:
 260 0004 00       		.space	1
 261              		.text
 262              	.Letext0:
 263              		.file 2 "c:\\program files (x86)\\cypress\\psoc creator\\4.4\\psoc creator\\import\\gnu\\arm\\5.4.
 264              		.file 3 "c:\\program files (x86)\\cypress\\psoc creator\\4.4\\psoc creator\\import\\gnu\\arm\\5.4.
 265              		.file 4 "Generated_Source\\PSoC5/core_cm3.h"
 266              		.file 5 "Generated_Source\\PSoC5/contador.h"
 267              		.file 6 "Generated_Source\\PSoC5/Actuadores.h"
 268              		.file 7 "Generated_Source\\PSoC5/actualizar.h"
 269              		.file 8 "Generated_Source\\PSoC5/btns.h"
 270              		.file 9 "..\\..\\lcd_7seg\\Workspace01\\LCD.cydsn\\PSOC_LCD.h"
 271              		.file 10 "Generated_Source\\PSoC5/CyLib.h"
 272              		.file 11 "D:\\GITHUB\\Librerias_PSOC\\Libreria_PSOC\\LIB_psoc.h"
 273              		.section	.debug_info,"",%progbits
 274              	.Ldebug_info0:
 275 0000 40030000 		.4byte	0x340
 276 0004 0400     		.2byte	0x4
 277 0006 00000000 		.4byte	.Ldebug_abbrev0
 278 000a 04       		.byte	0x4
 279 000b 01       		.uleb128 0x1
 280 000c 6E000000 		.4byte	.LASF38
 281 0010 0C       		.byte	0xc
 282 0011 5E020000 		.4byte	.LASF39
 283 0015 47010000 		.4byte	.LASF40
 284 0019 00000000 		.4byte	.Ldebug_ranges0+0
 285 001d 00000000 		.4byte	0
 286 0021 00000000 		.4byte	.Ldebug_line0
 287 0025 02       		.uleb128 0x2
 288 0026 01       		.byte	0x1
 289 0027 06       		.byte	0x6
 290 0028 9D020000 		.4byte	.LASF0
 291 002c 03       		.uleb128 0x3
 292 002d 00000000 		.4byte	.LASF3
 293 0031 02       		.byte	0x2
 294 0032 1D       		.byte	0x1d
 295 0033 37000000 		.4byte	0x37
 296 0037 02       		.uleb128 0x2
 297 0038 01       		.byte	0x1
 298 0039 08       		.byte	0x8
 299 003a 60000000 		.4byte	.LASF1
 300 003e 02       		.uleb128 0x2
 301 003f 02       		.byte	0x2
 302 0040 05       		.byte	0x5
 303 0041 6A020000 		.4byte	.LASF2
 304 0045 03       		.uleb128 0x3
 305 0046 9C010000 		.4byte	.LASF4
 306 004a 02       		.byte	0x2
 307 004b 2B       		.byte	0x2b
 308 004c 50000000 		.4byte	0x50
 309 0050 02       		.uleb128 0x2
 310 0051 02       		.byte	0x2
 311 0052 07       		.byte	0x7
ARM GAS  C:\Users\adria\AppData\Local\Temp\ccD5c8gA.s 			page 8


 312 0053 17010000 		.4byte	.LASF5
 313 0057 03       		.uleb128 0x3
 314 0058 1B000000 		.4byte	.LASF6
 315 005c 02       		.byte	0x2
 316 005d 3F       		.byte	0x3f
 317 005e 62000000 		.4byte	0x62
 318 0062 02       		.uleb128 0x2
 319 0063 04       		.byte	0x4
 320 0064 05       		.byte	0x5
 321 0065 88020000 		.4byte	.LASF7
 322 0069 02       		.uleb128 0x2
 323 006a 04       		.byte	0x4
 324 006b 07       		.byte	0x7
 325 006c 05010000 		.4byte	.LASF8
 326 0070 02       		.uleb128 0x2
 327 0071 08       		.byte	0x8
 328 0072 05       		.byte	0x5
 329 0073 50020000 		.4byte	.LASF9
 330 0077 02       		.uleb128 0x2
 331 0078 08       		.byte	0x8
 332 0079 07       		.byte	0x7
 333 007a FD010000 		.4byte	.LASF10
 334 007e 04       		.uleb128 0x4
 335 007f 04       		.byte	0x4
 336 0080 05       		.byte	0x5
 337 0081 696E7400 		.ascii	"int\000"
 338 0085 02       		.uleb128 0x2
 339 0086 04       		.byte	0x4
 340 0087 07       		.byte	0x7
 341 0088 F0010000 		.4byte	.LASF11
 342 008c 03       		.uleb128 0x3
 343 008d 25000000 		.4byte	.LASF12
 344 0091 03       		.byte	0x3
 345 0092 18       		.byte	0x18
 346 0093 2C000000 		.4byte	0x2c
 347 0097 03       		.uleb128 0x3
 348 0098 74020000 		.4byte	.LASF13
 349 009c 03       		.byte	0x3
 350 009d 24       		.byte	0x24
 351 009e 45000000 		.4byte	0x45
 352 00a2 03       		.uleb128 0x3
 353 00a3 48000000 		.4byte	.LASF14
 354 00a7 03       		.byte	0x3
 355 00a8 2C       		.byte	0x2c
 356 00a9 57000000 		.4byte	0x57
 357 00ad 02       		.uleb128 0x2
 358 00ae 04       		.byte	0x4
 359 00af 04       		.byte	0x4
 360 00b0 50000000 		.4byte	.LASF15
 361 00b4 02       		.uleb128 0x2
 362 00b5 08       		.byte	0x8
 363 00b6 04       		.byte	0x4
 364 00b7 A7010000 		.4byte	.LASF16
 365 00bb 02       		.uleb128 0x2
 366 00bc 01       		.byte	0x1
 367 00bd 08       		.byte	0x8
 368 00be 65020000 		.4byte	.LASF17
ARM GAS  C:\Users\adria\AppData\Local\Temp\ccD5c8gA.s 			page 9


 369 00c2 02       		.uleb128 0x2
 370 00c3 08       		.byte	0x8
 371 00c4 04       		.byte	0x4
 372 00c5 91020000 		.4byte	.LASF18
 373 00c9 02       		.uleb128 0x2
 374 00ca 04       		.byte	0x4
 375 00cb 07       		.byte	0x7
 376 00cc 47020000 		.4byte	.LASF19
 377 00d0 05       		.uleb128 0x5
 378 00d1 3F000000 		.4byte	.LASF20
 379 00d5 01       		.byte	0x1
 380 00d6 09       		.byte	0x9
 381 00d7 00000000 		.4byte	.LFB63
 382 00db 38000000 		.4byte	.LFE63-.LFB63
 383 00df 01       		.uleb128 0x1
 384 00e0 9C       		.byte	0x9c
 385 00e1 12010000 		.4byte	0x112
 386 00e5 06       		.uleb128 0x6
 387 00e6 06000000 		.4byte	.LVL0
 388 00ea A9020000 		.4byte	0x2a9
 389 00ee 07       		.uleb128 0x7
 390 00ef 2A000000 		.4byte	.LVL1
 391 00f3 B4020000 		.4byte	0x2b4
 392 00f7 02010000 		.4byte	0x102
 393 00fb 08       		.uleb128 0x8
 394 00fc 01       		.uleb128 0x1
 395 00fd 50       		.byte	0x50
 396 00fe 02       		.uleb128 0x2
 397 00ff 09       		.byte	0x9
 398 0100 FF       		.byte	0xff
 399 0101 00       		.byte	0
 400 0102 09       		.uleb128 0x9
 401 0103 32000000 		.4byte	.LVL2
 402 0107 B4020000 		.4byte	0x2b4
 403 010b 08       		.uleb128 0x8
 404 010c 01       		.uleb128 0x1
 405 010d 50       		.byte	0x50
 406 010e 01       		.uleb128 0x1
 407 010f 30       		.byte	0x30
 408 0110 00       		.byte	0
 409 0111 00       		.byte	0
 410 0112 05       		.uleb128 0x5
 411 0113 7D020000 		.4byte	.LASF21
 412 0117 01       		.byte	0x1
 413 0118 22       		.byte	0x22
 414 0119 00000000 		.4byte	.LFB64
 415 011d 24000000 		.4byte	.LFE64-.LFB64
 416 0121 01       		.uleb128 0x1
 417 0122 9C       		.byte	0x9c
 418 0123 52010000 		.4byte	0x152
 419 0127 06       		.uleb128 0x6
 420 0128 08000000 		.4byte	.LVL3
 421 012c BF020000 		.4byte	0x2bf
 422 0130 09       		.uleb128 0x9
 423 0131 18000000 		.4byte	.LVL4
 424 0135 CA020000 		.4byte	0x2ca
 425 0139 08       		.uleb128 0x8
ARM GAS  C:\Users\adria\AppData\Local\Temp\ccD5c8gA.s 			page 10


 426 013a 01       		.uleb128 0x1
 427 013b 51       		.byte	0x51
 428 013c 01       		.uleb128 0x1
 429 013d 30       		.byte	0x30
 430 013e 08       		.uleb128 0x8
 431 013f 01       		.uleb128 0x1
 432 0140 52       		.byte	0x52
 433 0141 02       		.uleb128 0x2
 434 0142 08       		.byte	0x8
 435 0143 64       		.byte	0x64
 436 0144 08       		.uleb128 0x8
 437 0145 01       		.uleb128 0x1
 438 0146 53       		.byte	0x53
 439 0147 01       		.uleb128 0x1
 440 0148 30       		.byte	0x30
 441 0149 08       		.uleb128 0x8
 442 014a 02       		.uleb128 0x2
 443 014b 7D       		.byte	0x7d
 444 014c 00       		.sleb128 0
 445 014d 02       		.uleb128 0x2
 446 014e 08       		.byte	0x8
 447 014f 64       		.byte	0x64
 448 0150 00       		.byte	0
 449 0151 00       		.byte	0
 450 0152 0A       		.uleb128 0xa
 451 0153 EB010000 		.4byte	.LASF41
 452 0157 01       		.byte	0x1
 453 0158 29       		.byte	0x29
 454 0159 7E000000 		.4byte	0x7e
 455 015d 00000000 		.4byte	.LFB65
 456 0161 94000000 		.4byte	.LFE65-.LFB65
 457 0165 01       		.uleb128 0x1
 458 0166 9C       		.byte	0x9c
 459 0167 66020000 		.4byte	0x266
 460 016b 0B       		.uleb128 0xb
 461 016c 2A010000 		.4byte	.LASF42
 462 0170 01       		.byte	0x1
 463 0171 3B       		.byte	0x3b
 464 0172 8C000000 		.4byte	0x8c
 465 0176 00000000 		.4byte	.LLST0
 466 017a 07       		.uleb128 0x7
 467 017b 0A000000 		.4byte	.LVL5
 468 017f D5020000 		.4byte	0x2d5
 469 0183 91010000 		.4byte	0x191
 470 0187 08       		.uleb128 0x8
 471 0188 01       		.uleb128 0x1
 472 0189 50       		.byte	0x50
 473 018a 05       		.uleb128 0x5
 474 018b 03       		.byte	0x3
 475 018c 00000000 		.4byte	contador
 476 0190 00       		.byte	0
 477 0191 06       		.uleb128 0x6
 478 0192 0E000000 		.4byte	.LVL6
 479 0196 A9020000 		.4byte	0x2a9
 480 019a 07       		.uleb128 0x7
 481 019b 14000000 		.4byte	.LVL7
 482 019f E0020000 		.4byte	0x2e0
ARM GAS  C:\Users\adria\AppData\Local\Temp\ccD5c8gA.s 			page 11


 483 01a3 B1010000 		.4byte	0x1b1
 484 01a7 08       		.uleb128 0x8
 485 01a8 01       		.uleb128 0x1
 486 01a9 50       		.byte	0x50
 487 01aa 05       		.uleb128 0x5
 488 01ab 03       		.byte	0x3
 489 01ac 00000000 		.4byte	actualizar
 490 01b0 00       		.byte	0
 491 01b1 06       		.uleb128 0x6
 492 01b2 18000000 		.4byte	.LVL8
 493 01b6 BF020000 		.4byte	0x2bf
 494 01ba 06       		.uleb128 0x6
 495 01bb 1C000000 		.4byte	.LVL9
 496 01bf EB020000 		.4byte	0x2eb
 497 01c3 06       		.uleb128 0x6
 498 01c4 20000000 		.4byte	.LVL10
 499 01c8 F6020000 		.4byte	0x2f6
 500 01cc 07       		.uleb128 0x7
 501 01cd 28000000 		.4byte	.LVL11
 502 01d1 01030000 		.4byte	0x301
 503 01d5 E4010000 		.4byte	0x1e4
 504 01d9 08       		.uleb128 0x8
 505 01da 01       		.uleb128 0x1
 506 01db 50       		.byte	0x50
 507 01dc 01       		.uleb128 0x1
 508 01dd 30       		.byte	0x30
 509 01de 08       		.uleb128 0x8
 510 01df 01       		.uleb128 0x1
 511 01e0 51       		.byte	0x51
 512 01e1 01       		.uleb128 0x1
 513 01e2 30       		.byte	0x30
 514 01e3 00       		.byte	0
 515 01e4 07       		.uleb128 0x7
 516 01e5 2E000000 		.4byte	.LVL12
 517 01e9 0C030000 		.4byte	0x30c
 518 01ed FB010000 		.4byte	0x1fb
 519 01f1 08       		.uleb128 0x8
 520 01f2 01       		.uleb128 0x1
 521 01f3 50       		.byte	0x50
 522 01f4 05       		.uleb128 0x5
 523 01f5 03       		.byte	0x3
 524 01f6 00000000 		.4byte	.LC0
 525 01fa 00       		.byte	0
 526 01fb 06       		.uleb128 0x6
 527 01fc 32000000 		.4byte	.LVL13
 528 0200 17030000 		.4byte	0x317
 529 0204 07       		.uleb128 0x7
 530 0205 3A000000 		.4byte	.LVL15
 531 0209 22030000 		.4byte	0x322
 532 020d 18020000 		.4byte	0x218
 533 0211 08       		.uleb128 0x8
 534 0212 01       		.uleb128 0x1
 535 0213 50       		.byte	0x50
 536 0214 02       		.uleb128 0x2
 537 0215 08       		.byte	0x8
 538 0216 64       		.byte	0x64
 539 0217 00       		.byte	0
ARM GAS  C:\Users\adria\AppData\Local\Temp\ccD5c8gA.s 			page 12


 540 0218 07       		.uleb128 0x7
 541 0219 62000000 		.4byte	.LVL17
 542 021d 2D030000 		.4byte	0x32d
 543 0221 31020000 		.4byte	0x231
 544 0225 08       		.uleb128 0x8
 545 0226 01       		.uleb128 0x1
 546 0227 51       		.byte	0x51
 547 0228 01       		.uleb128 0x1
 548 0229 30       		.byte	0x30
 549 022a 08       		.uleb128 0x8
 550 022b 01       		.uleb128 0x1
 551 022c 52       		.byte	0x52
 552 022d 02       		.uleb128 0x2
 553 022e 08       		.byte	0x8
 554 022f 64       		.byte	0x64
 555 0230 00       		.byte	0
 556 0231 07       		.uleb128 0x7
 557 0232 6C000000 		.4byte	.LVL18
 558 0236 01030000 		.4byte	0x301
 559 023a 49020000 		.4byte	0x249
 560 023e 08       		.uleb128 0x8
 561 023f 01       		.uleb128 0x1
 562 0240 50       		.byte	0x50
 563 0241 01       		.uleb128 0x1
 564 0242 31       		.byte	0x31
 565 0243 08       		.uleb128 0x8
 566 0244 01       		.uleb128 0x1
 567 0245 51       		.byte	0x51
 568 0246 01       		.uleb128 0x1
 569 0247 30       		.byte	0x30
 570 0248 00       		.byte	0
 571 0249 06       		.uleb128 0x6
 572 024a 76000000 		.4byte	.LVL19
 573 024e 38030000 		.4byte	0x338
 574 0252 09       		.uleb128 0x9
 575 0253 7C000000 		.4byte	.LVL20
 576 0257 0C030000 		.4byte	0x30c
 577 025b 08       		.uleb128 0x8
 578 025c 01       		.uleb128 0x1
 579 025d 50       		.byte	0x50
 580 025e 05       		.uleb128 0x5
 581 025f 03       		.byte	0x3
 582 0260 0C000000 		.4byte	.LC1
 583 0264 00       		.byte	0
 584 0265 00       		.byte	0
 585 0266 0C       		.uleb128 0xc
 586 0267 DE010000 		.4byte	.LASF22
 587 026b 04       		.byte	0x4
 588 026c 1207     		.2byte	0x712
 589 026e 72020000 		.4byte	0x272
 590 0272 0D       		.uleb128 0xd
 591 0273 A2000000 		.4byte	0xa2
 592 0277 0E       		.uleb128 0xe
 593 0278 6F6E00   		.ascii	"on\000"
 594 027b 01       		.byte	0x1
 595 027c 08       		.byte	0x8
 596 027d 97000000 		.4byte	0x97
ARM GAS  C:\Users\adria\AppData\Local\Temp\ccD5c8gA.s 			page 13


 597 0281 05       		.uleb128 0x5
 598 0282 03       		.byte	0x3
 599 0283 00000000 		.4byte	on
 600 0287 0F       		.uleb128 0xf
 601 0288 34000000 		.4byte	.LASF23
 602 028c 01       		.byte	0x1
 603 028d 08       		.byte	0x8
 604 028e 97000000 		.4byte	0x97
 605 0292 05       		.uleb128 0x5
 606 0293 03       		.byte	0x3
 607 0294 00000000 		.4byte	acomulador
 608 0298 0F       		.uleb128 0xf
 609 0299 FC000000 		.4byte	.LASF24
 610 029d 01       		.byte	0x1
 611 029e 21       		.byte	0x21
 612 029f 8C000000 		.4byte	0x8c
 613 02a3 05       		.uleb128 0x5
 614 02a4 03       		.byte	0x3
 615 02a5 00000000 		.4byte	Potencia
 616 02a9 10       		.uleb128 0x10
 617 02aa 14020000 		.4byte	.LASF25
 618 02ae 14020000 		.4byte	.LASF25
 619 02b2 05       		.byte	0x5
 620 02b3 28       		.byte	0x28
 621 02b4 10       		.uleb128 0x10
 622 02b5 0A000000 		.4byte	.LASF26
 623 02b9 0A000000 		.4byte	.LASF26
 624 02bd 06       		.byte	0x6
 625 02be 2F       		.byte	0x2f
 626 02bf 10       		.uleb128 0x10
 627 02c0 2F010000 		.4byte	.LASF27
 628 02c4 2F010000 		.4byte	.LASF27
 629 02c8 07       		.byte	0x7
 630 02c9 28       		.byte	0x28
 631 02ca 11       		.uleb128 0x11
 632 02cb 6D617000 		.ascii	"map\000"
 633 02cf 6D617000 		.ascii	"map\000"
 634 02d3 0B       		.byte	0xb
 635 02d4 20       		.byte	0x20
 636 02d5 10       		.uleb128 0x10
 637 02d6 AE010000 		.4byte	.LASF28
 638 02da AE010000 		.4byte	.LASF28
 639 02de 05       		.byte	0x5
 640 02df 18       		.byte	0x18
 641 02e0 10       		.uleb128 0x10
 642 02e1 A9020000 		.4byte	.LASF29
 643 02e5 A9020000 		.4byte	.LASF29
 644 02e9 07       		.byte	0x7
 645 02ea 18       		.byte	0x18
 646 02eb 10       		.uleb128 0x10
 647 02ec C9010000 		.4byte	.LASF30
 648 02f0 C9010000 		.4byte	.LASF30
 649 02f4 08       		.byte	0x8
 650 02f5 31       		.byte	0x31
 651 02f6 10       		.uleb128 0x10
 652 02f7 56000000 		.4byte	.LASF31
 653 02fb 56000000 		.4byte	.LASF31
ARM GAS  C:\Users\adria\AppData\Local\Temp\ccD5c8gA.s 			page 14


 654 02ff 09       		.byte	0x9
 655 0300 09       		.byte	0x9
 656 0301 10       		.uleb128 0x10
 657 0302 2A020000 		.4byte	.LASF32
 658 0306 2A020000 		.4byte	.LASF32
 659 030a 09       		.byte	0x9
 660 030b 0B       		.byte	0xb
 661 030c 10       		.uleb128 0x10
 662 030d 37020000 		.4byte	.LASF33
 663 0311 37020000 		.4byte	.LASF33
 664 0315 09       		.byte	0x9
 665 0316 11       		.byte	0x11
 666 0317 10       		.uleb128 0x10
 667 0318 BF010000 		.4byte	.LASF34
 668 031c BF010000 		.4byte	.LASF34
 669 0320 08       		.byte	0x8
 670 0321 30       		.byte	0x30
 671 0322 10       		.uleb128 0x10
 672 0323 CC020000 		.4byte	.LASF35
 673 0327 CC020000 		.4byte	.LASF35
 674 032b 0A       		.byte	0xa
 675 032c 76       		.byte	0x76
 676 032d 10       		.uleb128 0x10
 677 032e 2D000000 		.4byte	.LASF36
 678 0332 2D000000 		.4byte	.LASF36
 679 0336 0B       		.byte	0xb
 680 0337 23       		.byte	0x23
 681 0338 10       		.uleb128 0x10
 682 0339 BC020000 		.4byte	.LASF37
 683 033d BC020000 		.4byte	.LASF37
 684 0341 09       		.byte	0x9
 685 0342 10       		.byte	0x10
 686 0343 00       		.byte	0
 687              		.section	.debug_abbrev,"",%progbits
 688              	.Ldebug_abbrev0:
 689 0000 01       		.uleb128 0x1
 690 0001 11       		.uleb128 0x11
 691 0002 01       		.byte	0x1
 692 0003 25       		.uleb128 0x25
 693 0004 0E       		.uleb128 0xe
 694 0005 13       		.uleb128 0x13
 695 0006 0B       		.uleb128 0xb
 696 0007 03       		.uleb128 0x3
 697 0008 0E       		.uleb128 0xe
 698 0009 1B       		.uleb128 0x1b
 699 000a 0E       		.uleb128 0xe
 700 000b 55       		.uleb128 0x55
 701 000c 17       		.uleb128 0x17
 702 000d 11       		.uleb128 0x11
 703 000e 01       		.uleb128 0x1
 704 000f 10       		.uleb128 0x10
 705 0010 17       		.uleb128 0x17
 706 0011 00       		.byte	0
 707 0012 00       		.byte	0
 708 0013 02       		.uleb128 0x2
 709 0014 24       		.uleb128 0x24
 710 0015 00       		.byte	0
ARM GAS  C:\Users\adria\AppData\Local\Temp\ccD5c8gA.s 			page 15


 711 0016 0B       		.uleb128 0xb
 712 0017 0B       		.uleb128 0xb
 713 0018 3E       		.uleb128 0x3e
 714 0019 0B       		.uleb128 0xb
 715 001a 03       		.uleb128 0x3
 716 001b 0E       		.uleb128 0xe
 717 001c 00       		.byte	0
 718 001d 00       		.byte	0
 719 001e 03       		.uleb128 0x3
 720 001f 16       		.uleb128 0x16
 721 0020 00       		.byte	0
 722 0021 03       		.uleb128 0x3
 723 0022 0E       		.uleb128 0xe
 724 0023 3A       		.uleb128 0x3a
 725 0024 0B       		.uleb128 0xb
 726 0025 3B       		.uleb128 0x3b
 727 0026 0B       		.uleb128 0xb
 728 0027 49       		.uleb128 0x49
 729 0028 13       		.uleb128 0x13
 730 0029 00       		.byte	0
 731 002a 00       		.byte	0
 732 002b 04       		.uleb128 0x4
 733 002c 24       		.uleb128 0x24
 734 002d 00       		.byte	0
 735 002e 0B       		.uleb128 0xb
 736 002f 0B       		.uleb128 0xb
 737 0030 3E       		.uleb128 0x3e
 738 0031 0B       		.uleb128 0xb
 739 0032 03       		.uleb128 0x3
 740 0033 08       		.uleb128 0x8
 741 0034 00       		.byte	0
 742 0035 00       		.byte	0
 743 0036 05       		.uleb128 0x5
 744 0037 2E       		.uleb128 0x2e
 745 0038 01       		.byte	0x1
 746 0039 3F       		.uleb128 0x3f
 747 003a 19       		.uleb128 0x19
 748 003b 03       		.uleb128 0x3
 749 003c 0E       		.uleb128 0xe
 750 003d 3A       		.uleb128 0x3a
 751 003e 0B       		.uleb128 0xb
 752 003f 3B       		.uleb128 0x3b
 753 0040 0B       		.uleb128 0xb
 754 0041 27       		.uleb128 0x27
 755 0042 19       		.uleb128 0x19
 756 0043 11       		.uleb128 0x11
 757 0044 01       		.uleb128 0x1
 758 0045 12       		.uleb128 0x12
 759 0046 06       		.uleb128 0x6
 760 0047 40       		.uleb128 0x40
 761 0048 18       		.uleb128 0x18
 762 0049 9742     		.uleb128 0x2117
 763 004b 19       		.uleb128 0x19
 764 004c 01       		.uleb128 0x1
 765 004d 13       		.uleb128 0x13
 766 004e 00       		.byte	0
 767 004f 00       		.byte	0
ARM GAS  C:\Users\adria\AppData\Local\Temp\ccD5c8gA.s 			page 16


 768 0050 06       		.uleb128 0x6
 769 0051 898201   		.uleb128 0x4109
 770 0054 00       		.byte	0
 771 0055 11       		.uleb128 0x11
 772 0056 01       		.uleb128 0x1
 773 0057 31       		.uleb128 0x31
 774 0058 13       		.uleb128 0x13
 775 0059 00       		.byte	0
 776 005a 00       		.byte	0
 777 005b 07       		.uleb128 0x7
 778 005c 898201   		.uleb128 0x4109
 779 005f 01       		.byte	0x1
 780 0060 11       		.uleb128 0x11
 781 0061 01       		.uleb128 0x1
 782 0062 31       		.uleb128 0x31
 783 0063 13       		.uleb128 0x13
 784 0064 01       		.uleb128 0x1
 785 0065 13       		.uleb128 0x13
 786 0066 00       		.byte	0
 787 0067 00       		.byte	0
 788 0068 08       		.uleb128 0x8
 789 0069 8A8201   		.uleb128 0x410a
 790 006c 00       		.byte	0
 791 006d 02       		.uleb128 0x2
 792 006e 18       		.uleb128 0x18
 793 006f 9142     		.uleb128 0x2111
 794 0071 18       		.uleb128 0x18
 795 0072 00       		.byte	0
 796 0073 00       		.byte	0
 797 0074 09       		.uleb128 0x9
 798 0075 898201   		.uleb128 0x4109
 799 0078 01       		.byte	0x1
 800 0079 11       		.uleb128 0x11
 801 007a 01       		.uleb128 0x1
 802 007b 31       		.uleb128 0x31
 803 007c 13       		.uleb128 0x13
 804 007d 00       		.byte	0
 805 007e 00       		.byte	0
 806 007f 0A       		.uleb128 0xa
 807 0080 2E       		.uleb128 0x2e
 808 0081 01       		.byte	0x1
 809 0082 3F       		.uleb128 0x3f
 810 0083 19       		.uleb128 0x19
 811 0084 03       		.uleb128 0x3
 812 0085 0E       		.uleb128 0xe
 813 0086 3A       		.uleb128 0x3a
 814 0087 0B       		.uleb128 0xb
 815 0088 3B       		.uleb128 0x3b
 816 0089 0B       		.uleb128 0xb
 817 008a 27       		.uleb128 0x27
 818 008b 19       		.uleb128 0x19
 819 008c 49       		.uleb128 0x49
 820 008d 13       		.uleb128 0x13
 821 008e 8701     		.uleb128 0x87
 822 0090 19       		.uleb128 0x19
 823 0091 11       		.uleb128 0x11
 824 0092 01       		.uleb128 0x1
ARM GAS  C:\Users\adria\AppData\Local\Temp\ccD5c8gA.s 			page 17


 825 0093 12       		.uleb128 0x12
 826 0094 06       		.uleb128 0x6
 827 0095 40       		.uleb128 0x40
 828 0096 18       		.uleb128 0x18
 829 0097 9742     		.uleb128 0x2117
 830 0099 19       		.uleb128 0x19
 831 009a 01       		.uleb128 0x1
 832 009b 13       		.uleb128 0x13
 833 009c 00       		.byte	0
 834 009d 00       		.byte	0
 835 009e 0B       		.uleb128 0xb
 836 009f 34       		.uleb128 0x34
 837 00a0 00       		.byte	0
 838 00a1 03       		.uleb128 0x3
 839 00a2 0E       		.uleb128 0xe
 840 00a3 3A       		.uleb128 0x3a
 841 00a4 0B       		.uleb128 0xb
 842 00a5 3B       		.uleb128 0x3b
 843 00a6 0B       		.uleb128 0xb
 844 00a7 49       		.uleb128 0x49
 845 00a8 13       		.uleb128 0x13
 846 00a9 02       		.uleb128 0x2
 847 00aa 17       		.uleb128 0x17
 848 00ab 00       		.byte	0
 849 00ac 00       		.byte	0
 850 00ad 0C       		.uleb128 0xc
 851 00ae 34       		.uleb128 0x34
 852 00af 00       		.byte	0
 853 00b0 03       		.uleb128 0x3
 854 00b1 0E       		.uleb128 0xe
 855 00b2 3A       		.uleb128 0x3a
 856 00b3 0B       		.uleb128 0xb
 857 00b4 3B       		.uleb128 0x3b
 858 00b5 05       		.uleb128 0x5
 859 00b6 49       		.uleb128 0x49
 860 00b7 13       		.uleb128 0x13
 861 00b8 3F       		.uleb128 0x3f
 862 00b9 19       		.uleb128 0x19
 863 00ba 3C       		.uleb128 0x3c
 864 00bb 19       		.uleb128 0x19
 865 00bc 00       		.byte	0
 866 00bd 00       		.byte	0
 867 00be 0D       		.uleb128 0xd
 868 00bf 35       		.uleb128 0x35
 869 00c0 00       		.byte	0
 870 00c1 49       		.uleb128 0x49
 871 00c2 13       		.uleb128 0x13
 872 00c3 00       		.byte	0
 873 00c4 00       		.byte	0
 874 00c5 0E       		.uleb128 0xe
 875 00c6 34       		.uleb128 0x34
 876 00c7 00       		.byte	0
 877 00c8 03       		.uleb128 0x3
 878 00c9 08       		.uleb128 0x8
 879 00ca 3A       		.uleb128 0x3a
 880 00cb 0B       		.uleb128 0xb
 881 00cc 3B       		.uleb128 0x3b
ARM GAS  C:\Users\adria\AppData\Local\Temp\ccD5c8gA.s 			page 18


 882 00cd 0B       		.uleb128 0xb
 883 00ce 49       		.uleb128 0x49
 884 00cf 13       		.uleb128 0x13
 885 00d0 3F       		.uleb128 0x3f
 886 00d1 19       		.uleb128 0x19
 887 00d2 02       		.uleb128 0x2
 888 00d3 18       		.uleb128 0x18
 889 00d4 00       		.byte	0
 890 00d5 00       		.byte	0
 891 00d6 0F       		.uleb128 0xf
 892 00d7 34       		.uleb128 0x34
 893 00d8 00       		.byte	0
 894 00d9 03       		.uleb128 0x3
 895 00da 0E       		.uleb128 0xe
 896 00db 3A       		.uleb128 0x3a
 897 00dc 0B       		.uleb128 0xb
 898 00dd 3B       		.uleb128 0x3b
 899 00de 0B       		.uleb128 0xb
 900 00df 49       		.uleb128 0x49
 901 00e0 13       		.uleb128 0x13
 902 00e1 3F       		.uleb128 0x3f
 903 00e2 19       		.uleb128 0x19
 904 00e3 02       		.uleb128 0x2
 905 00e4 18       		.uleb128 0x18
 906 00e5 00       		.byte	0
 907 00e6 00       		.byte	0
 908 00e7 10       		.uleb128 0x10
 909 00e8 2E       		.uleb128 0x2e
 910 00e9 00       		.byte	0
 911 00ea 3F       		.uleb128 0x3f
 912 00eb 19       		.uleb128 0x19
 913 00ec 3C       		.uleb128 0x3c
 914 00ed 19       		.uleb128 0x19
 915 00ee 6E       		.uleb128 0x6e
 916 00ef 0E       		.uleb128 0xe
 917 00f0 03       		.uleb128 0x3
 918 00f1 0E       		.uleb128 0xe
 919 00f2 3A       		.uleb128 0x3a
 920 00f3 0B       		.uleb128 0xb
 921 00f4 3B       		.uleb128 0x3b
 922 00f5 0B       		.uleb128 0xb
 923 00f6 00       		.byte	0
 924 00f7 00       		.byte	0
 925 00f8 11       		.uleb128 0x11
 926 00f9 2E       		.uleb128 0x2e
 927 00fa 00       		.byte	0
 928 00fb 3F       		.uleb128 0x3f
 929 00fc 19       		.uleb128 0x19
 930 00fd 3C       		.uleb128 0x3c
 931 00fe 19       		.uleb128 0x19
 932 00ff 6E       		.uleb128 0x6e
 933 0100 08       		.uleb128 0x8
 934 0101 03       		.uleb128 0x3
 935 0102 08       		.uleb128 0x8
 936 0103 3A       		.uleb128 0x3a
 937 0104 0B       		.uleb128 0xb
 938 0105 3B       		.uleb128 0x3b
ARM GAS  C:\Users\adria\AppData\Local\Temp\ccD5c8gA.s 			page 19


 939 0106 0B       		.uleb128 0xb
 940 0107 00       		.byte	0
 941 0108 00       		.byte	0
 942 0109 00       		.byte	0
 943              		.section	.debug_loc,"",%progbits
 944              	.Ldebug_loc0:
 945              	.LLST0:
 946 0000 34000000 		.4byte	.LVL14
 947 0004 58000000 		.4byte	.LVL16
 948 0008 0100     		.2byte	0x1
 949 000a 54       		.byte	0x54
 950 000b 00000000 		.4byte	0
 951 000f 00000000 		.4byte	0
 952              		.section	.debug_aranges,"",%progbits
 953 0000 2C000000 		.4byte	0x2c
 954 0004 0200     		.2byte	0x2
 955 0006 00000000 		.4byte	.Ldebug_info0
 956 000a 04       		.byte	0x4
 957 000b 00       		.byte	0
 958 000c 0000     		.2byte	0
 959 000e 0000     		.2byte	0
 960 0010 00000000 		.4byte	.LFB63
 961 0014 38000000 		.4byte	.LFE63-.LFB63
 962 0018 00000000 		.4byte	.LFB64
 963 001c 24000000 		.4byte	.LFE64-.LFB64
 964 0020 00000000 		.4byte	.LFB65
 965 0024 94000000 		.4byte	.LFE65-.LFB65
 966 0028 00000000 		.4byte	0
 967 002c 00000000 		.4byte	0
 968              		.section	.debug_ranges,"",%progbits
 969              	.Ldebug_ranges0:
 970 0000 00000000 		.4byte	.LFB63
 971 0004 38000000 		.4byte	.LFE63
 972 0008 00000000 		.4byte	.LFB64
 973 000c 24000000 		.4byte	.LFE64
 974 0010 00000000 		.4byte	.LFB65
 975 0014 94000000 		.4byte	.LFE65
 976 0018 00000000 		.4byte	0
 977 001c 00000000 		.4byte	0
 978              		.section	.debug_line,"",%progbits
 979              	.Ldebug_line0:
 980 0000 39020000 		.section	.debug_str,"MS",%progbits,1
 980      0200EA01 
 980      00000201 
 980      FB0E0D00 
 980      01010101 
 981              	.LASF3:
 982 0000 5F5F7569 		.ascii	"__uint8_t\000"
 982      6E74385F 
 982      7400
 983              	.LASF26:
 984 000a 41637475 		.ascii	"Actuadores_Write\000"
 984      61646F72 
 984      65735F57 
 984      72697465 
 984      00
 985              	.LASF6:
ARM GAS  C:\Users\adria\AppData\Local\Temp\ccD5c8gA.s 			page 20


 986 001b 5F5F696E 		.ascii	"__int32_t\000"
 986      7433325F 
 986      7400
 987              	.LASF12:
 988 0025 75696E74 		.ascii	"uint8_t\000"
 988      385F7400 
 989              	.LASF36:
 990 002d 7472756E 		.ascii	"trunca\000"
 990      636100
 991              	.LASF23:
 992 0034 61636F6D 		.ascii	"acomulador\000"
 992      756C6164 
 992      6F7200
 993              	.LASF20:
 994 003f 636F6E74 		.ascii	"contador\000"
 994      61646F72 
 994      00
 995              	.LASF14:
 996 0048 696E7433 		.ascii	"int32_t\000"
 996      325F7400 
 997              	.LASF15:
 998 0050 666C6F61 		.ascii	"float\000"
 998      7400
 999              	.LASF31:
 1000 0056 4C43445F 		.ascii	"LCD_Start\000"
 1000      53746172 
 1000      7400
 1001              	.LASF1:
 1002 0060 756E7369 		.ascii	"unsigned char\000"
 1002      676E6564 
 1002      20636861 
 1002      7200
 1003              	.LASF38:
 1004 006e 474E5520 		.ascii	"GNU C11 5.4.1 20160609 (release) [ARM/embedded-5-br"
 1004      43313120 
 1004      352E342E 
 1004      31203230 
 1004      31363036 
 1005 00a1 616E6368 		.ascii	"anch revision 237715] -mcpu=cortex-m3 -mthumb -g -O"
 1005      20726576 
 1005      6973696F 
 1005      6E203233 
 1005      37373135 
 1006 00d4 67202D66 		.ascii	"g -ffunction-sections -ffat-lto-objects\000"
 1006      66756E63 
 1006      74696F6E 
 1006      2D736563 
 1006      74696F6E 
 1007              	.LASF24:
 1008 00fc 506F7465 		.ascii	"Potencia\000"
 1008      6E636961 
 1008      00
 1009              	.LASF8:
 1010 0105 6C6F6E67 		.ascii	"long unsigned int\000"
 1010      20756E73 
 1010      69676E65 
 1010      6420696E 
ARM GAS  C:\Users\adria\AppData\Local\Temp\ccD5c8gA.s 			page 21


 1010      7400
 1011              	.LASF5:
 1012 0117 73686F72 		.ascii	"short unsigned int\000"
 1012      7420756E 
 1012      7369676E 
 1012      65642069 
 1012      6E7400
 1013              	.LASF42:
 1014 012a 62746E73 		.ascii	"btns\000"
 1014      00
 1015              	.LASF27:
 1016 012f 61637475 		.ascii	"actualizar_ClearPending\000"
 1016      616C697A 
 1016      61725F43 
 1016      6C656172 
 1016      50656E64 
 1017              	.LASF40:
 1018 0147 433A5C55 		.ascii	"C:\\Users\\adria\\OneDrive\\Documents\\psoc\\Final_"
 1018      73657273 
 1018      5C616472 
 1018      69615C4F 
 1018      6E654472 
 1019 0174 4D454C43 		.ascii	"MELCHOR\\Control_contador_d_ciclos.cydsn\000"
 1019      484F525C 
 1019      436F6E74 
 1019      726F6C5F 
 1019      636F6E74 
 1020              	.LASF4:
 1021 019c 5F5F7569 		.ascii	"__uint16_t\000"
 1021      6E743136 
 1021      5F7400
 1022              	.LASF16:
 1023 01a7 646F7562 		.ascii	"double\000"
 1023      6C6500
 1024              	.LASF28:
 1025 01ae 636F6E74 		.ascii	"contador_StartEx\000"
 1025      61646F72 
 1025      5F537461 
 1025      72744578 
 1025      00
 1026              	.LASF34:
 1027 01bf 62746E73 		.ascii	"btns_Read\000"
 1027      5F526561 
 1027      6400
 1028              	.LASF30:
 1029 01c9 62746E73 		.ascii	"btns_InterruptEnable\000"
 1029      5F496E74 
 1029      65727275 
 1029      7074456E 
 1029      61626C65 
 1030              	.LASF22:
 1031 01de 49544D5F 		.ascii	"ITM_RxBuffer\000"
 1031      52784275 
 1031      66666572 
 1031      00
 1032              	.LASF41:
 1033 01eb 6D61696E 		.ascii	"main\000"
ARM GAS  C:\Users\adria\AppData\Local\Temp\ccD5c8gA.s 			page 22


 1033      00
 1034              	.LASF11:
 1035 01f0 756E7369 		.ascii	"unsigned int\000"
 1035      676E6564 
 1035      20696E74 
 1035      00
 1036              	.LASF10:
 1037 01fd 6C6F6E67 		.ascii	"long long unsigned int\000"
 1037      206C6F6E 
 1037      6720756E 
 1037      7369676E 
 1037      65642069 
 1038              	.LASF25:
 1039 0214 636F6E74 		.ascii	"contador_ClearPending\000"
 1039      61646F72 
 1039      5F436C65 
 1039      61725065 
 1039      6E64696E 
 1040              	.LASF32:
 1041 022a 4C43445F 		.ascii	"LCD_Position\000"
 1041      506F7369 
 1041      74696F6E 
 1041      00
 1042              	.LASF33:
 1043 0237 4C43445F 		.ascii	"LCD_PrintString\000"
 1043      5072696E 
 1043      74537472 
 1043      696E6700 
 1044              	.LASF19:
 1045 0247 73697A65 		.ascii	"sizetype\000"
 1045      74797065 
 1045      00
 1046              	.LASF9:
 1047 0250 6C6F6E67 		.ascii	"long long int\000"
 1047      206C6F6E 
 1047      6720696E 
 1047      7400
 1048              	.LASF39:
 1049 025e 6D61696E 		.ascii	"main.c\000"
 1049      2E6300
 1050              	.LASF17:
 1051 0265 63686172 		.ascii	"char\000"
 1051      00
 1052              	.LASF2:
 1053 026a 73686F72 		.ascii	"short int\000"
 1053      7420696E 
 1053      7400
 1054              	.LASF13:
 1055 0274 75696E74 		.ascii	"uint16_t\000"
 1055      31365F74 
 1055      00
 1056              	.LASF21:
 1057 027d 61637475 		.ascii	"actualizar\000"
 1057      616C697A 
 1057      617200
 1058              	.LASF7:
 1059 0288 6C6F6E67 		.ascii	"long int\000"
ARM GAS  C:\Users\adria\AppData\Local\Temp\ccD5c8gA.s 			page 23


 1059      20696E74 
 1059      00
 1060              	.LASF18:
 1061 0291 6C6F6E67 		.ascii	"long double\000"
 1061      20646F75 
 1061      626C6500 
 1062              	.LASF0:
 1063 029d 7369676E 		.ascii	"signed char\000"
 1063      65642063 
 1063      68617200 
 1064              	.LASF29:
 1065 02a9 61637475 		.ascii	"actualizar_StartEx\000"
 1065      616C697A 
 1065      61725F53 
 1065      74617274 
 1065      457800
 1066              	.LASF37:
 1067 02bc 4C43445F 		.ascii	"LCD_PrintNumber\000"
 1067      5072696E 
 1067      744E756D 
 1067      62657200 
 1068              	.LASF35:
 1069 02cc 43794465 		.ascii	"CyDelay\000"
 1069      6C617900 
 1070              		.ident	"GCC: (GNU Tools for ARM Embedded Processors) 5.4.1 20160609 (release) [ARM/embedded-5-bran
