ARM GAS  C:\Users\adria\AppData\Local\Temp\ccdBrXnX.s 			page 1


   1              		.syntax unified
   2              		.cpu cortex-m3
   3              		.fpu softvfp
   4              		.eabi_attribute 20, 1
   5              		.eabi_attribute 21, 1
   6              		.eabi_attribute 23, 3
   7              		.eabi_attribute 24, 1
   8              		.eabi_attribute 25, 1
   9              		.eabi_attribute 26, 1
  10              		.eabi_attribute 30, 1
  11              		.eabi_attribute 34, 1
  12              		.eabi_attribute 18, 4
  13              		.thumb
  14              		.syntax unified
  15              		.file	"cymetadata.c"
  16              		.text
  17              	.Ltext0:
  18              		.cfi_sections	.debug_frame
  19              		.global	cy_metadata
  20              		.global	cy_meta_flashprotect
  21              		.global	cy_meta_wonvl
  22              		.global	cy_meta_custnvl
  23              		.global	cy_meta_configecc
  24              		.section	.cyconfigecc,"a",%progbits
  25              		.align	2
  26              		.type	cy_meta_configecc, %object
  27              		.size	cy_meta_configecc, 1316
  28              	cy_meta_configecc:
  29 0000 02       		.byte	2
  30 0001 52       		.byte	82
  31 0002 00       		.byte	0
  32 0003 40       		.byte	64
  33 0004 02       		.byte	2
  34 0005 64       		.byte	100
  35 0006 00       		.byte	0
  36 0007 40       		.byte	64
  37 0008 02       		.byte	2
  38 0009 05       		.byte	5
  39 000a 01       		.byte	1
  40 000b 40       		.byte	64
  41 000c 43       		.byte	67
  42 000d 08       		.byte	8
  43 000e 01       		.byte	1
  44 000f 40       		.byte	64
  45 0010 3E       		.byte	62
  46 0011 09       		.byte	9
  47 0012 01       		.byte	1
  48 0013 40       		.byte	64
  49 0014 46       		.byte	70
  50 0015 0A       		.byte	10
  51 0016 01       		.byte	1
  52 0017 40       		.byte	64
  53 0018 34       		.byte	52
  54 0019 0B       		.byte	11
  55 001a 01       		.byte	1
  56 001b 40       		.byte	64
  57 001c 02       		.byte	2
ARM GAS  C:\Users\adria\AppData\Local\Temp\ccdBrXnX.s 			page 2


  58 001d 15       		.byte	21
  59 001e 01       		.byte	1
  60 001f 40       		.byte	64
  61 0020 01       		.byte	1
  62 0021 17       		.byte	23
  63 0022 01       		.byte	1
  64 0023 40       		.byte	64
  65 0024 10       		.byte	16
  66 0025 18       		.byte	24
  67 0026 01       		.byte	1
  68 0027 40       		.byte	64
  69 0028 4A       		.byte	74
  70 0029 19       		.byte	25
  71 002a 01       		.byte	1
  72 002b 40       		.byte	64
  73 002c 3F       		.byte	63
  74 002d 1A       		.byte	26
  75 002e 01       		.byte	1
  76 002f 40       		.byte	64
  77 0030 41       		.byte	65
  78 0031 1B       		.byte	27
  79 0032 01       		.byte	1
  80 0033 40       		.byte	64
  81 0034 03       		.byte	3
  82 0035 40       		.byte	64
  83 0036 01       		.byte	1
  84 0037 40       		.byte	64
  85 0038 02       		.byte	2
  86 0039 41       		.byte	65
  87 003a 01       		.byte	1
  88 003b 40       		.byte	64
  89 003c 08       		.byte	8
  90 003d 42       		.byte	66
  91 003e 01       		.byte	1
  92 003f 40       		.byte	64
  93 0040 01       		.byte	1
  94 0041 43       		.byte	67
  95 0042 01       		.byte	1
  96 0043 40       		.byte	64
  97 0044 01       		.byte	1
  98 0045 48       		.byte	72
  99 0046 01       		.byte	1
 100 0047 40       		.byte	64
 101 0048 10       		.byte	16
 102 0049 49       		.byte	73
 103 004a 01       		.byte	1
 104 004b 40       		.byte	64
 105 004c 03       		.byte	3
 106 004d 4C       		.byte	76
 107 004e 01       		.byte	1
 108 004f 40       		.byte	64
 109 0050 0D       		.byte	13
 110 0051 4D       		.byte	77
 111 0052 01       		.byte	1
 112 0053 40       		.byte	64
 113 0054 04       		.byte	4
 114 0055 50       		.byte	80
ARM GAS  C:\Users\adria\AppData\Local\Temp\ccdBrXnX.s 			page 3


 115 0056 01       		.byte	1
 116 0057 40       		.byte	64
 117 0058 01       		.byte	1
 118 0059 51       		.byte	81
 119 005a 01       		.byte	1
 120 005b 40       		.byte	64
 121 005c 18       		.byte	24
 122 005d 68       		.byte	104
 123 005e 19       		.byte	25
 124 005f A4       		.byte	-92
 125 0060 89       		.byte	-119
 126 0061 72       		.byte	114
 127 0062 8B       		.byte	-117
 128 0063 79       		.byte	121
 129 0064 E2       		.byte	-30
 130 0065 08       		.byte	8
 131 0066 E6       		.byte	-26
 132 0067 08       		.byte	8
 133 0068 01       		.byte	1
 134 0069 09       		.byte	9
 135 006a 02       		.byte	2
 136 006b 08       		.byte	8
 137 006c 03       		.byte	3
 138 006d 12       		.byte	18
 139 006e 04       		.byte	4
 140 006f 13       		.byte	19
 141 0070 05       		.byte	5
 142 0071 09       		.byte	9
 143 0072 06       		.byte	6
 144 0073 04       		.byte	4
 145 0074 07       		.byte	7
 146 0075 24       		.byte	36
 147 0076 09       		.byte	9
 148 0077 3F       		.byte	63
 149 0078 0A       		.byte	10
 150 0079 01       		.byte	1
 151 007a 0D       		.byte	13
 152 007b 07       		.byte	7
 153 007c 0E       		.byte	14
 154 007d 03       		.byte	3
 155 007e 0F       		.byte	15
 156 007f 38       		.byte	56
 157 0080 12       		.byte	18
 158 0081 02       		.byte	2
 159 0082 13       		.byte	19
 160 0083 3F       		.byte	63
 161 0084 14       		.byte	20
 162 0085 17       		.byte	23
 163 0086 15       		.byte	21
 164 0087 38       		.byte	56
 165 0088 17       		.byte	23
 166 0089 07       		.byte	7
 167 008a 18       		.byte	24
 168 008b 07       		.byte	7
 169 008c 19       		.byte	25
 170 008d 38       		.byte	56
 171 008e 1A       		.byte	26
ARM GAS  C:\Users\adria\AppData\Local\Temp\ccdBrXnX.s 			page 4


 172 008f 10       		.byte	16
 173 0090 1B       		.byte	27
 174 0091 07       		.byte	7
 175 0092 1C       		.byte	28
 176 0093 04       		.byte	4
 177 0094 1E       		.byte	30
 178 0095 13       		.byte	19
 179 0096 1F       		.byte	31
 180 0097 3F       		.byte	63
 181 0098 22       		.byte	34
 182 0099 01       		.byte	1
 183 009a 23       		.byte	35
 184 009b 3F       		.byte	63
 185 009c 24       		.byte	36
 186 009d 04       		.byte	4
 187 009e 25       		.byte	37
 188 009f 3F       		.byte	63
 189 00a0 28       		.byte	40
 190 00a1 04       		.byte	4
 191 00a2 29       		.byte	41
 192 00a3 3F       		.byte	63
 193 00a4 2C       		.byte	44
 194 00a5 02       		.byte	2
 195 00a6 2D       		.byte	45
 196 00a7 36       		.byte	54
 197 00a8 2E       		.byte	46
 198 00a9 01       		.byte	1
 199 00aa 2F       		.byte	47
 200 00ab 09       		.byte	9
 201 00ac 32       		.byte	50
 202 00ad 10       		.byte	16
 203 00ae 34       		.byte	52
 204 00af 0F       		.byte	15
 205 00b0 37       		.byte	55
 206 00b1 3F       		.byte	63
 207 00b2 38       		.byte	56
 208 00b3 08       		.byte	8
 209 00b4 3B       		.byte	59
 210 00b5 80       		.byte	-128
 211 00b6 58       		.byte	88
 212 00b7 04       		.byte	4
 213 00b8 59       		.byte	89
 214 00b9 04       		.byte	4
 215 00ba 5B       		.byte	91
 216 00bb 04       		.byte	4
 217 00bc 5F       		.byte	95
 218 00bd 01       		.byte	1
 219 00be 80       		.byte	-128
 220 00bf 1F       		.byte	31
 221 00c0 84       		.byte	-124
 222 00c1 04       		.byte	4
 223 00c2 86       		.byte	-122
 224 00c3 02       		.byte	2
 225 00c4 88       		.byte	-120
 226 00c5 01       		.byte	1
 227 00c6 8A       		.byte	-118
 228 00c7 0C       		.byte	12
ARM GAS  C:\Users\adria\AppData\Local\Temp\ccdBrXnX.s 			page 5


 229 00c8 8C       		.byte	-116
 230 00c9 10       		.byte	16
 231 00ca 92       		.byte	-110
 232 00cb 08       		.byte	8
 233 00cc 96       		.byte	-106
 234 00cd 08       		.byte	8
 235 00ce 98       		.byte	-104
 236 00cf 0F       		.byte	15
 237 00d0 9A       		.byte	-102
 238 00d1 10       		.byte	16
 239 00d2 9C       		.byte	-100
 240 00d3 10       		.byte	16
 241 00d4 9E       		.byte	-98
 242 00d5 0F       		.byte	15
 243 00d6 A2       		.byte	-94
 244 00d7 0F       		.byte	15
 245 00d8 A4       		.byte	-92
 246 00d9 1F       		.byte	31
 247 00da A8       		.byte	-88
 248 00db 10       		.byte	16
 249 00dc AC       		.byte	-84
 250 00dd 01       		.byte	1
 251 00de AE       		.byte	-82
 252 00df 02       		.byte	2
 253 00e0 B6       		.byte	-74
 254 00e1 1F       		.byte	31
 255 00e2 BE       		.byte	-66
 256 00e3 40       		.byte	64
 257 00e4 D6       		.byte	-42
 258 00e5 02       		.byte	2
 259 00e6 D7       		.byte	-41
 260 00e7 12       		.byte	18
 261 00e8 D8       		.byte	-40
 262 00e9 04       		.byte	4
 263 00ea DB       		.byte	-37
 264 00eb 04       		.byte	4
 265 00ec DF       		.byte	-33
 266 00ed 01       		.byte	1
 267 00ee 00       		.byte	0
 268 00ef 40       		.byte	64
 269 00f0 01       		.byte	1
 270 00f1 28       		.byte	40
 271 00f2 02       		.byte	2
 272 00f3 90       		.byte	-112
 273 00f4 04       		.byte	4
 274 00f5 02       		.byte	2
 275 00f6 05       		.byte	5
 276 00f7 20       		.byte	32
 277 00f8 06       		.byte	6
 278 00f9 20       		.byte	32
 279 00fa 07       		.byte	7
 280 00fb 02       		.byte	2
 281 00fc 08       		.byte	8
 282 00fd 04       		.byte	4
 283 00fe 09       		.byte	9
 284 00ff 06       		.byte	6
 285 0100 0A       		.byte	10
ARM GAS  C:\Users\adria\AppData\Local\Temp\ccdBrXnX.s 			page 6


 286 0101 01       		.byte	1
 287 0102 0B       		.byte	11
 288 0103 08       		.byte	8
 289 0104 0C       		.byte	12
 290 0105 21       		.byte	33
 291 0106 0E       		.byte	14
 292 0107 01       		.byte	1
 293 0108 0F       		.byte	15
 294 0109 10       		.byte	16
 295 010a 10       		.byte	16
 296 010b 28       		.byte	40
 297 010c 11       		.byte	17
 298 010d 40       		.byte	64
 299 010e 12       		.byte	18
 300 010f 04       		.byte	4
 301 0110 13       		.byte	19
 302 0111 01       		.byte	1
 303 0112 15       		.byte	21
 304 0113 01       		.byte	1
 305 0114 16       		.byte	22
 306 0115 04       		.byte	4
 307 0116 17       		.byte	23
 308 0117 88       		.byte	-120
 309 0118 18       		.byte	24
 310 0119 02       		.byte	2
 311 011a 1D       		.byte	29
 312 011b 14       		.byte	20
 313 011c 27       		.byte	39
 314 011d 01       		.byte	1
 315 011e 2C       		.byte	44
 316 011f 20       		.byte	32
 317 0120 2E       		.byte	46
 318 0121 01       		.byte	1
 319 0122 2F       		.byte	47
 320 0123 06       		.byte	6
 321 0124 30       		.byte	48
 322 0125 01       		.byte	1
 323 0126 33       		.byte	51
 324 0127 03       		.byte	3
 325 0128 35       		.byte	53
 326 0129 28       		.byte	40
 327 012a 37       		.byte	55
 328 012b 82       		.byte	-126
 329 012c 38       		.byte	56
 330 012d C0       		.byte	-64
 331 012e 3C       		.byte	60
 332 012f 20       		.byte	32
 333 0130 3D       		.byte	61
 334 0131 49       		.byte	73
 335 0132 3E       		.byte	62
 336 0133 80       		.byte	-128
 337 0134 3F       		.byte	63
 338 0135 10       		.byte	16
 339 0136 5B       		.byte	91
 340 0137 04       		.byte	4
 341 0138 69       		.byte	105
 342 0139 94       		.byte	-108
ARM GAS  C:\Users\adria\AppData\Local\Temp\ccdBrXnX.s 			page 7


 343 013a 6C       		.byte	108
 344 013b 06       		.byte	6
 345 013c 6F       		.byte	111
 346 013d 10       		.byte	16
 347 013e 70       		.byte	112
 348 013f 48       		.byte	72
 349 0140 72       		.byte	114
 350 0141 04       		.byte	4
 351 0142 73       		.byte	115
 352 0143 08       		.byte	8
 353 0144 95       		.byte	-107
 354 0145 41       		.byte	65
 355 0146 96       		.byte	-106
 356 0147 01       		.byte	1
 357 0148 97       		.byte	-105
 358 0149 0B       		.byte	11
 359 014a 9C       		.byte	-100
 360 014b 04       		.byte	4
 361 014c 9D       		.byte	-99
 362 014d 24       		.byte	36
 363 014e 9E       		.byte	-98
 364 014f 90       		.byte	-112
 365 0150 A0       		.byte	-96
 366 0151 10       		.byte	16
 367 0152 A2       		.byte	-94
 368 0153 04       		.byte	4
 369 0154 A4       		.byte	-92
 370 0155 20       		.byte	32
 371 0156 A5       		.byte	-91
 372 0157 02       		.byte	2
 373 0158 A6       		.byte	-90
 374 0159 01       		.byte	1
 375 015a A7       		.byte	-89
 376 015b 81       		.byte	-127
 377 015c C0       		.byte	-64
 378 015d FF       		.byte	-1
 379 015e C2       		.byte	-62
 380 015f FF       		.byte	-1
 381 0160 C4       		.byte	-60
 382 0161 FF       		.byte	-1
 383 0162 CA       		.byte	-54
 384 0163 F0       		.byte	-16
 385 0164 CC       		.byte	-52
 386 0165 F0       		.byte	-16
 387 0166 CE       		.byte	-50
 388 0167 F0       		.byte	-16
 389 0168 D6       		.byte	-42
 390 0169 02       		.byte	2
 391 016a 02       		.byte	2
 392 016b 1D       		.byte	29
 393 016c 03       		.byte	3
 394 016d FF       		.byte	-1
 395 016e 04       		.byte	4
 396 016f 40       		.byte	64
 397 0170 05       		.byte	5
 398 0171 FF       		.byte	-1
 399 0172 08       		.byte	8
ARM GAS  C:\Users\adria\AppData\Local\Temp\ccdBrXnX.s 			page 8


 400 0173 1D       		.byte	29
 401 0174 0B       		.byte	11
 402 0175 1C       		.byte	28
 403 0176 0C       		.byte	12
 404 0177 20       		.byte	32
 405 0178 0E       		.byte	14
 406 0179 05       		.byte	5
 407 017a 0F       		.byte	15
 408 017b 03       		.byte	3
 409 017c 10       		.byte	16
 410 017d 01       		.byte	1
 411 017e 11       		.byte	17
 412 017f 6D       		.byte	109
 413 0180 13       		.byte	19
 414 0181 92       		.byte	-110
 415 0182 14       		.byte	20
 416 0183 20       		.byte	32
 417 0184 15       		.byte	21
 418 0185 FF       		.byte	-1
 419 0186 16       		.byte	22
 420 0187 10       		.byte	16
 421 0188 19       		.byte	25
 422 0189 DB       		.byte	-37
 423 018a 1A       		.byte	26
 424 018b 1D       		.byte	29
 425 018c 1B       		.byte	27
 426 018d 24       		.byte	36
 427 018e 1D       		.byte	29
 428 018f 92       		.byte	-110
 429 0190 1E       		.byte	30
 430 0191 02       		.byte	2
 431 0192 1F       		.byte	31
 432 0193 6D       		.byte	109
 433 0194 20       		.byte	32
 434 0195 01       		.byte	1
 435 0196 21       		.byte	33
 436 0197 24       		.byte	36
 437 0198 22       		.byte	34
 438 0199 1C       		.byte	28
 439 019a 23       		.byte	35
 440 019b DB       		.byte	-37
 441 019c 24       		.byte	36
 442 019d 1D       		.byte	29
 443 019e 28       		.byte	40
 444 019f 20       		.byte	32
 445 01a0 2A       		.byte	42
 446 01a1 08       		.byte	8
 447 01a2 2B       		.byte	43
 448 01a3 E0       		.byte	-32
 449 01a4 2E       		.byte	46
 450 01a5 1D       		.byte	29
 451 01a6 30       		.byte	48
 452 01a7 03       		.byte	3
 453 01a8 34       		.byte	52
 454 01a9 1C       		.byte	28
 455 01aa 36       		.byte	54
 456 01ab 60       		.byte	96
ARM GAS  C:\Users\adria\AppData\Local\Temp\ccdBrXnX.s 			page 9


 457 01ac 37       		.byte	55
 458 01ad FF       		.byte	-1
 459 01ae 38       		.byte	56
 460 01af 80       		.byte	-128
 461 01b0 3A       		.byte	58
 462 01b1 02       		.byte	2
 463 01b2 3E       		.byte	62
 464 01b3 40       		.byte	64
 465 01b4 3F       		.byte	63
 466 01b5 40       		.byte	64
 467 01b6 58       		.byte	88
 468 01b7 04       		.byte	4
 469 01b8 59       		.byte	89
 470 01b9 04       		.byte	4
 471 01ba 5F       		.byte	95
 472 01bb 01       		.byte	1
 473 01bc 80       		.byte	-128
 474 01bd 40       		.byte	64
 475 01be 82       		.byte	-126
 476 01bf 03       		.byte	3
 477 01c0 83       		.byte	-125
 478 01c1 01       		.byte	1
 479 01c2 84       		.byte	-124
 480 01c3 40       		.byte	64
 481 01c4 86       		.byte	-122
 482 01c5 0C       		.byte	12
 483 01c6 88       		.byte	-120
 484 01c7 40       		.byte	64
 485 01c8 8A       		.byte	-118
 486 01c9 30       		.byte	48
 487 01ca 90       		.byte	-112
 488 01cb 80       		.byte	-128
 489 01cc 94       		.byte	-108
 490 01cd 3F       		.byte	63
 491 01ce 97       		.byte	-105
 492 01cf 01       		.byte	1
 493 01d0 9A       		.byte	-102
 494 01d1 3F       		.byte	63
 495 01d2 9E       		.byte	-98
 496 01d3 3F       		.byte	63
 497 01d4 A2       		.byte	-94
 498 01d5 15       		.byte	21
 499 01d6 A4       		.byte	-92
 500 01d7 3F       		.byte	63
 501 01d8 AA       		.byte	-86
 502 01d9 2A       		.byte	42
 503 01da AE       		.byte	-82
 504 01db 3F       		.byte	63
 505 01dc B0       		.byte	-80
 506 01dd 3F       		.byte	63
 507 01de B3       		.byte	-77
 508 01df 01       		.byte	1
 509 01e0 B4       		.byte	-76
 510 01e1 C0       		.byte	-64
 511 01e2 B8       		.byte	-72
 512 01e3 20       		.byte	32
 513 01e4 BA       		.byte	-70
ARM GAS  C:\Users\adria\AppData\Local\Temp\ccdBrXnX.s 			page 10


 514 01e5 08       		.byte	8
 515 01e6 BE       		.byte	-66
 516 01e7 10       		.byte	16
 517 01e8 BF       		.byte	-65
 518 01e9 04       		.byte	4
 519 01ea D4       		.byte	-44
 520 01eb 59       		.byte	89
 521 01ec D6       		.byte	-42
 522 01ed 04       		.byte	4
 523 01ee D8       		.byte	-40
 524 01ef 04       		.byte	4
 525 01f0 D9       		.byte	-39
 526 01f1 04       		.byte	4
 527 01f2 DB       		.byte	-37
 528 01f3 04       		.byte	4
 529 01f4 DF       		.byte	-33
 530 01f5 01       		.byte	1
 531 01f6 01       		.byte	1
 532 01f7 42       		.byte	66
 533 01f8 03       		.byte	3
 534 01f9 28       		.byte	40
 535 01fa 05       		.byte	5
 536 01fb 20       		.byte	32
 537 01fc 06       		.byte	6
 538 01fd 90       		.byte	-112
 539 01fe 08       		.byte	8
 540 01ff 18       		.byte	24
 541 0200 09       		.byte	9
 542 0201 82       		.byte	-126
 543 0202 0C       		.byte	12
 544 0203 70       		.byte	112
 545 0204 0E       		.byte	14
 546 0205 61       		.byte	97
 547 0206 10       		.byte	16
 548 0207 40       		.byte	64
 549 0208 11       		.byte	17
 550 0209 14       		.byte	20
 551 020a 12       		.byte	18
 552 020b 01       		.byte	1
 553 020c 14       		.byte	20
 554 020d 04       		.byte	4
 555 020e 15       		.byte	21
 556 020f 05       		.byte	5
 557 0210 16       		.byte	22
 558 0211 01       		.byte	1
 559 0212 19       		.byte	25
 560 0213 82       		.byte	-126
 561 0214 1A       		.byte	26
 562 0215 80       		.byte	-128
 563 0216 1B       		.byte	27
 564 0217 20       		.byte	32
 565 0218 1C       		.byte	28
 566 0219 20       		.byte	32
 567 021a 1E       		.byte	30
 568 021b 60       		.byte	96
 569 021c 1F       		.byte	31
 570 021d 18       		.byte	24
ARM GAS  C:\Users\adria\AppData\Local\Temp\ccdBrXnX.s 			page 11


 571 021e 21       		.byte	33
 572 021f 80       		.byte	-128
 573 0220 25       		.byte	37
 574 0221 08       		.byte	8
 575 0222 28       		.byte	40
 576 0223 08       		.byte	8
 577 0224 29       		.byte	41
 578 0225 20       		.byte	32
 579 0226 2B       		.byte	43
 580 0227 80       		.byte	-128
 581 0228 30       		.byte	48
 582 0229 20       		.byte	32
 583 022a 31       		.byte	49
 584 022b 02       		.byte	2
 585 022c 32       		.byte	50
 586 022d 40       		.byte	64
 587 022e 33       		.byte	51
 588 022f 08       		.byte	8
 589 0230 35       		.byte	53
 590 0231 04       		.byte	4
 591 0232 39       		.byte	57
 592 0233 14       		.byte	20
 593 0234 3A       		.byte	58
 594 0235 91       		.byte	-111
 595 0236 3B       		.byte	59
 596 0237 09       		.byte	9
 597 0238 3F       		.byte	63
 598 0239 02       		.byte	2
 599 023a 45       		.byte	69
 600 023b 08       		.byte	8
 601 023c 46       		.byte	70
 602 023d 20       		.byte	32
 603 023e 5D       		.byte	93
 604 023f 80       		.byte	-128
 605 0240 5E       		.byte	94
 606 0241 02       		.byte	2
 607 0242 66       		.byte	102
 608 0243 22       		.byte	34
 609 0244 67       		.byte	103
 610 0245 A2       		.byte	-94
 611 0246 7A       		.byte	122
 612 0247 04       		.byte	4
 613 0248 7B       		.byte	123
 614 0249 08       		.byte	8
 615 024a 86       		.byte	-122
 616 024b 02       		.byte	2
 617 024c 87       		.byte	-121
 618 024d 40       		.byte	64
 619 024e C0       		.byte	-64
 620 024f 7F       		.byte	127
 621 0250 C2       		.byte	-62
 622 0251 FF       		.byte	-1
 623 0252 C4       		.byte	-60
 624 0253 FF       		.byte	-1
 625 0254 CA       		.byte	-54
 626 0255 05       		.byte	5
 627 0256 CC       		.byte	-52
ARM GAS  C:\Users\adria\AppData\Local\Temp\ccdBrXnX.s 			page 12


 628 0257 4F       		.byte	79
 629 0258 CE       		.byte	-50
 630 0259 8F       		.byte	-113
 631 025a D6       		.byte	-42
 632 025b 90       		.byte	-112
 633 025c D8       		.byte	-40
 634 025d F0       		.byte	-16
 635 025e E2       		.byte	-30
 636 025f 32       		.byte	50
 637 0260 E6       		.byte	-26
 638 0261 46       		.byte	70
 639 0262 EE       		.byte	-18
 640 0263 40       		.byte	64
 641 0264 85       		.byte	-123
 642 0265 E7       		.byte	-25
 643 0266 89       		.byte	-119
 644 0267 E7       		.byte	-25
 645 0268 8D       		.byte	-115
 646 0269 20       		.byte	32
 647 026a 95       		.byte	-107
 648 026b 84       		.byte	-124
 649 026c 97       		.byte	-105
 650 026d 51       		.byte	81
 651 026e 99       		.byte	-103
 652 026f 01       		.byte	1
 653 0270 9B       		.byte	-101
 654 0271 0E       		.byte	14
 655 0272 A5       		.byte	-91
 656 0273 42       		.byte	66
 657 0274 A7       		.byte	-89
 658 0275 91       		.byte	-111
 659 0276 B1       		.byte	-79
 660 0277 18       		.byte	24
 661 0278 B3       		.byte	-77
 662 0279 C0       		.byte	-64
 663 027a B5       		.byte	-75
 664 027b 07       		.byte	7
 665 027c B7       		.byte	-73
 666 027d 20       		.byte	32
 667 027e BF       		.byte	-65
 668 027f 01       		.byte	1
 669 0280 D9       		.byte	-39
 670 0281 04       		.byte	4
 671 0282 DF       		.byte	-33
 672 0283 01       		.byte	1
 673 0284 04       		.byte	4
 674 0285 42       		.byte	66
 675 0286 05       		.byte	5
 676 0287 18       		.byte	24
 677 0288 07       		.byte	7
 678 0289 08       		.byte	8
 679 028a 08       		.byte	8
 680 028b 10       		.byte	16
 681 028c 09       		.byte	9
 682 028d 40       		.byte	64
 683 028e 0A       		.byte	10
 684 028f 04       		.byte	4
ARM GAS  C:\Users\adria\AppData\Local\Temp\ccdBrXnX.s 			page 13


 685 0290 0B       		.byte	11
 686 0291 01       		.byte	1
 687 0292 0C       		.byte	12
 688 0293 08       		.byte	8
 689 0294 0E       		.byte	14
 690 0295 01       		.byte	1
 691 0296 0F       		.byte	15
 692 0297 08       		.byte	8
 693 0298 14       		.byte	20
 694 0299 94       		.byte	-108
 695 029a 1E       		.byte	30
 696 029b 01       		.byte	1
 697 029c 1F       		.byte	31
 698 029d 81       		.byte	-127
 699 029e 21       		.byte	33
 700 029f 0A       		.byte	10
 701 02a0 22       		.byte	34
 702 02a1 10       		.byte	16
 703 02a2 23       		.byte	35
 704 02a3 C3       		.byte	-61
 705 02a4 24       		.byte	36
 706 02a5 02       		.byte	2
 707 02a6 26       		.byte	38
 708 02a7 01       		.byte	1
 709 02a8 27       		.byte	39
 710 02a9 04       		.byte	4
 711 02aa 28       		.byte	40
 712 02ab 20       		.byte	32
 713 02ac 2C       		.byte	44
 714 02ad 24       		.byte	36
 715 02ae 2E       		.byte	46
 716 02af A0       		.byte	-96
 717 02b0 2F       		.byte	47
 718 02b1 94       		.byte	-108
 719 02b2 31       		.byte	49
 720 02b3 08       		.byte	8
 721 02b4 32       		.byte	50
 722 02b5 10       		.byte	16
 723 02b6 35       		.byte	53
 724 02b7 09       		.byte	9
 725 02b8 36       		.byte	54
 726 02b9 0C       		.byte	12
 727 02ba 37       		.byte	55
 728 02bb 91       		.byte	-111
 729 02bc 39       		.byte	57
 730 02bd 94       		.byte	-108
 731 02be 3C       		.byte	60
 732 02bf 20       		.byte	32
 733 02c0 3D       		.byte	61
 734 02c1 89       		.byte	-119
 735 02c2 3E       		.byte	62
 736 02c3 02       		.byte	2
 737 02c4 44       		.byte	68
 738 02c5 04       		.byte	4
 739 02c6 47       		.byte	71
 740 02c7 0A       		.byte	10
 741 02c8 4E       		.byte	78
ARM GAS  C:\Users\adria\AppData\Local\Temp\ccdBrXnX.s 			page 14


 742 02c9 08       		.byte	8
 743 02ca 4F       		.byte	79
 744 02cb 4A       		.byte	74
 745 02cc 55       		.byte	85
 746 02cd 04       		.byte	4
 747 02ce 56       		.byte	86
 748 02cf 02       		.byte	2
 749 02d0 74       		.byte	116
 750 02d1 10       		.byte	16
 751 02d2 75       		.byte	117
 752 02d3 24       		.byte	36
 753 02d4 76       		.byte	118
 754 02d5 90       		.byte	-112
 755 02d6 77       		.byte	119
 756 02d7 10       		.byte	16
 757 02d8 80       		.byte	-128
 758 02d9 04       		.byte	4
 759 02da 90       		.byte	-112
 760 02db 48       		.byte	72
 761 02dc 91       		.byte	-111
 762 02dd 94       		.byte	-108
 763 02de 92       		.byte	-110
 764 02df 04       		.byte	4
 765 02e0 95       		.byte	-107
 766 02e1 01       		.byte	1
 767 02e2 96       		.byte	-106
 768 02e3 01       		.byte	1
 769 02e4 97       		.byte	-105
 770 02e5 0B       		.byte	11
 771 02e6 99       		.byte	-103
 772 02e7 10       		.byte	16
 773 02e8 9B       		.byte	-101
 774 02e9 01       		.byte	1
 775 02ea 9D       		.byte	-99
 776 02eb 20       		.byte	32
 777 02ec 9E       		.byte	-98
 778 02ed B0       		.byte	-80
 779 02ee 9F       		.byte	-97
 780 02ef 86       		.byte	-122
 781 02f0 A0       		.byte	-96
 782 02f1 08       		.byte	8
 783 02f2 A2       		.byte	-94
 784 02f3 04       		.byte	4
 785 02f4 A4       		.byte	-92
 786 02f5 20       		.byte	32
 787 02f6 A5       		.byte	-91
 788 02f7 06       		.byte	6
 789 02f8 A6       		.byte	-90
 790 02f9 01       		.byte	1
 791 02fa A7       		.byte	-89
 792 02fb 81       		.byte	-127
 793 02fc AC       		.byte	-84
 794 02fd 02       		.byte	2
 795 02fe B6       		.byte	-74
 796 02ff 84       		.byte	-124
 797 0300 B7       		.byte	-73
 798 0301 10       		.byte	16
ARM GAS  C:\Users\adria\AppData\Local\Temp\ccdBrXnX.s 			page 15


 799 0302 C0       		.byte	-64
 800 0303 F0       		.byte	-16
 801 0304 C2       		.byte	-62
 802 0305 E0       		.byte	-32
 803 0306 C4       		.byte	-60
 804 0307 70       		.byte	112
 805 0308 CA       		.byte	-54
 806 0309 F2       		.byte	-14
 807 030a CC       		.byte	-52
 808 030b F6       		.byte	-10
 809 030c CE       		.byte	-50
 810 030d FE       		.byte	-2
 811 030e D0       		.byte	-48
 812 030f E0       		.byte	-32
 813 0310 D2       		.byte	-46
 814 0311 30       		.byte	48
 815 0312 E4       		.byte	-28
 816 0313 01       		.byte	1
 817 0314 E8       		.byte	-24
 818 0315 08       		.byte	8
 819 0316 EE       		.byte	-18
 820 0317 40       		.byte	64
 821 0318 00       		.byte	0
 822 0319 0C       		.byte	12
 823 031a 02       		.byte	2
 824 031b 01       		.byte	1
 825 031c 03       		.byte	3
 826 031d 01       		.byte	1
 827 031e 04       		.byte	4
 828 031f 0F       		.byte	15
 829 0320 0A       		.byte	10
 830 0321 01       		.byte	1
 831 0322 0C       		.byte	12
 832 0323 08       		.byte	8
 833 0324 12       		.byte	18
 834 0325 01       		.byte	1
 835 0326 14       		.byte	20
 836 0327 0C       		.byte	12
 837 0328 16       		.byte	22
 838 0329 02       		.byte	2
 839 032a 18       		.byte	24
 840 032b 07       		.byte	7
 841 032c 1A       		.byte	26
 842 032d 08       		.byte	8
 843 032e 1E       		.byte	30
 844 032f 03       		.byte	3
 845 0330 22       		.byte	34
 846 0331 04       		.byte	4
 847 0332 26       		.byte	38
 848 0333 01       		.byte	1
 849 0334 28       		.byte	40
 850 0335 08       		.byte	8
 851 0336 2C       		.byte	44
 852 0337 04       		.byte	4
 853 0338 30       		.byte	48
 854 0339 0F       		.byte	15
 855 033a 37       		.byte	55
ARM GAS  C:\Users\adria\AppData\Local\Temp\ccdBrXnX.s 			page 16


 856 033b 01       		.byte	1
 857 033c 3E       		.byte	62
 858 033d 01       		.byte	1
 859 033e 58       		.byte	88
 860 033f 04       		.byte	4
 861 0340 59       		.byte	89
 862 0341 04       		.byte	4
 863 0342 5F       		.byte	95
 864 0343 01       		.byte	1
 865 0344 82       		.byte	-126
 866 0345 08       		.byte	8
 867 0346 83       		.byte	-125
 868 0347 08       		.byte	8
 869 0348 85       		.byte	-123
 870 0349 10       		.byte	16
 871 034a 86       		.byte	-122
 872 034b 20       		.byte	32
 873 034c 88       		.byte	-120
 874 034d 09       		.byte	9
 875 034e 89       		.byte	-119
 876 034f 0F       		.byte	15
 877 0350 8A       		.byte	-118
 878 0351 06       		.byte	6
 879 0352 8B       		.byte	-117
 880 0353 10       		.byte	16
 881 0354 8C       		.byte	-116
 882 0355 04       		.byte	4
 883 0356 8D       		.byte	-115
 884 0357 01       		.byte	1
 885 0358 8F       		.byte	-113
 886 0359 02       		.byte	2
 887 035a 92       		.byte	-110
 888 035b 10       		.byte	16
 889 035c 93       		.byte	-109
 890 035d 0F       		.byte	15
 891 035e 94       		.byte	-108
 892 035f 06       		.byte	6
 893 0360 95       		.byte	-107
 894 0361 04       		.byte	4
 895 0362 97       		.byte	-105
 896 0363 02       		.byte	2
 897 0364 98       		.byte	-104
 898 0365 02       		.byte	2
 899 0366 99       		.byte	-103
 900 0367 01       		.byte	1
 901 0368 9B       		.byte	-101
 902 0369 0C       		.byte	12
 903 036a 9C       		.byte	-100
 904 036b 07       		.byte	7
 905 036c 9E       		.byte	-98
 906 036d 08       		.byte	8
 907 036e 9F       		.byte	-97
 908 036f 08       		.byte	8
 909 0370 A1       		.byte	-95
 910 0371 10       		.byte	16
 911 0372 A2       		.byte	-94
 912 0373 09       		.byte	9
ARM GAS  C:\Users\adria\AppData\Local\Temp\ccdBrXnX.s 			page 17


 913 0374 A3       		.byte	-93
 914 0375 0F       		.byte	15
 915 0376 A4       		.byte	-92
 916 0377 0F       		.byte	15
 917 0378 A5       		.byte	-91
 918 0379 10       		.byte	16
 919 037a A8       		.byte	-88
 920 037b 06       		.byte	6
 921 037c A9       		.byte	-87
 922 037d 10       		.byte	16
 923 037e AA       		.byte	-86
 924 037f 01       		.byte	1
 925 0380 AC       		.byte	-84
 926 0381 09       		.byte	9
 927 0382 AD       		.byte	-83
 928 0383 1F       		.byte	31
 929 0384 B2       		.byte	-78
 930 0385 07       		.byte	7
 931 0386 B3       		.byte	-77
 932 0387 1F       		.byte	31
 933 0388 B4       		.byte	-76
 934 0389 38       		.byte	56
 935 038a BA       		.byte	-70
 936 038b 28       		.byte	40
 937 038c BF       		.byte	-65
 938 038d 04       		.byte	4
 939 038e D8       		.byte	-40
 940 038f 04       		.byte	4
 941 0390 D9       		.byte	-39
 942 0391 04       		.byte	4
 943 0392 DB       		.byte	-37
 944 0393 04       		.byte	4
 945 0394 DF       		.byte	-33
 946 0395 01       		.byte	1
 947 0396 00       		.byte	0
 948 0397 40       		.byte	64
 949 0398 01       		.byte	1
 950 0399 28       		.byte	40
 951 039a 02       		.byte	2
 952 039b 10       		.byte	16
 953 039c 03       		.byte	3
 954 039d 80       		.byte	-128
 955 039e 04       		.byte	4
 956 039f 50       		.byte	80
 957 03a0 05       		.byte	5
 958 03a1 01       		.byte	1
 959 03a2 07       		.byte	7
 960 03a3 20       		.byte	32
 961 03a4 08       		.byte	8
 962 03a5 08       		.byte	8
 963 03a6 09       		.byte	9
 964 03a7 02       		.byte	2
 965 03a8 0B       		.byte	11
 966 03a9 29       		.byte	41
 967 03aa 0C       		.byte	12
 968 03ab 08       		.byte	8
 969 03ac 0E       		.byte	14
ARM GAS  C:\Users\adria\AppData\Local\Temp\ccdBrXnX.s 			page 18


 970 03ad 45       		.byte	69
 971 03ae 10       		.byte	16
 972 03af 0A       		.byte	10
 973 03b0 11       		.byte	17
 974 03b1 08       		.byte	8
 975 03b2 12       		.byte	18
 976 03b3 80       		.byte	-128
 977 03b4 14       		.byte	20
 978 03b5 08       		.byte	8
 979 03b6 16       		.byte	22
 980 03b7 10       		.byte	16
 981 03b8 17       		.byte	23
 982 03b9 82       		.byte	-126
 983 03ba 1A       		.byte	26
 984 03bb 40       		.byte	64
 985 03bc 1C       		.byte	28
 986 03bd 10       		.byte	16
 987 03be 1F       		.byte	31
 988 03bf 14       		.byte	20
 989 03c0 22       		.byte	34
 990 03c1 80       		.byte	-128
 991 03c2 27       		.byte	39
 992 03c3 20       		.byte	32
 993 03c4 2C       		.byte	44
 994 03c5 08       		.byte	8
 995 03c6 2D       		.byte	45
 996 03c7 40       		.byte	64
 997 03c8 2F       		.byte	47
 998 03c9 90       		.byte	-112
 999 03ca 35       		.byte	53
 1000 03cb 24       		.byte	36
 1001 03cc 37       		.byte	55
 1002 03cd 82       		.byte	-126
 1003 03ce 38       		.byte	56
 1004 03cf 02       		.byte	2
 1005 03d0 3C       		.byte	60
 1006 03d1 10       		.byte	16
 1007 03d2 3E       		.byte	62
 1008 03d3 86       		.byte	-122
 1009 03d4 6D       		.byte	109
 1010 03d5 82       		.byte	-126
 1011 03d6 6F       		.byte	111
 1012 03d7 28       		.byte	40
 1013 03d8 75       		.byte	117
 1014 03d9 80       		.byte	-128
 1015 03da 76       		.byte	118
 1016 03db 08       		.byte	8
 1017 03dc 83       		.byte	-125
 1018 03dd 20       		.byte	32
 1019 03de 85       		.byte	-123
 1020 03df 40       		.byte	64
 1021 03e0 87       		.byte	-121
 1022 03e1 08       		.byte	8
 1023 03e2 88       		.byte	-120
 1024 03e3 02       		.byte	2
 1025 03e4 8A       		.byte	-118
 1026 03e5 08       		.byte	8
ARM GAS  C:\Users\adria\AppData\Local\Temp\ccdBrXnX.s 			page 19


 1027 03e6 8C       		.byte	-116
 1028 03e7 21       		.byte	33
 1029 03e8 8D       		.byte	-115
 1030 03e9 81       		.byte	-127
 1031 03ea 90       		.byte	-112
 1032 03eb 40       		.byte	64
 1033 03ec 91       		.byte	-111
 1034 03ed 40       		.byte	64
 1035 03ee 92       		.byte	-110
 1036 03ef 05       		.byte	5
 1037 03f0 93       		.byte	-109
 1038 03f1 01       		.byte	1
 1039 03f2 97       		.byte	-105
 1040 03f3 28       		.byte	40
 1041 03f4 99       		.byte	-103
 1042 03f5 2D       		.byte	45
 1043 03f6 9A       		.byte	-102
 1044 03f7 82       		.byte	-126
 1045 03f8 9B       		.byte	-101
 1046 03f9 82       		.byte	-126
 1047 03fa 9C       		.byte	-100
 1048 03fb 20       		.byte	32
 1049 03fc A0       		.byte	-96
 1050 03fd 08       		.byte	8
 1051 03fe A1       		.byte	-95
 1052 03ff 06       		.byte	6
 1053 0400 A3       		.byte	-93
 1054 0401 80       		.byte	-128
 1055 0402 B0       		.byte	-80
 1056 0403 80       		.byte	-128
 1057 0404 B3       		.byte	-77
 1058 0405 10       		.byte	16
 1059 0406 B5       		.byte	-75
 1060 0407 48       		.byte	72
 1061 0408 C0       		.byte	-64
 1062 0409 FF       		.byte	-1
 1063 040a C2       		.byte	-62
 1064 040b FF       		.byte	-1
 1065 040c C4       		.byte	-60
 1066 040d FF       		.byte	-1
 1067 040e CA       		.byte	-54
 1068 040f F0       		.byte	-16
 1069 0410 CC       		.byte	-52
 1070 0411 F0       		.byte	-16
 1071 0412 CE       		.byte	-50
 1072 0413 F1       		.byte	-15
 1073 0414 E2       		.byte	-30
 1074 0415 30       		.byte	48
 1075 0416 E6       		.byte	-26
 1076 0417 40       		.byte	64
 1077 0418 33       		.byte	51
 1078 0419 80       		.byte	-128
 1079 041a 35       		.byte	53
 1080 041b 80       		.byte	-128
 1081 041c CC       		.byte	-52
 1082 041d 30       		.byte	48
 1083 041e 9D       		.byte	-99
ARM GAS  C:\Users\adria\AppData\Local\Temp\ccdBrXnX.s 			page 20


 1084 041f 80       		.byte	-128
 1085 0420 A7       		.byte	-89
 1086 0421 80       		.byte	-128
 1087 0422 51       		.byte	81
 1088 0423 20       		.byte	32
 1089 0424 85       		.byte	-123
 1090 0425 80       		.byte	-128
 1091 0426 87       		.byte	-121
 1092 0427 80       		.byte	-128
 1093 0428 9D       		.byte	-99
 1094 0429 80       		.byte	-128
 1095 042a A7       		.byte	-89
 1096 042b 80       		.byte	-128
 1097 042c D4       		.byte	-44
 1098 042d 20       		.byte	32
 1099 042e E2       		.byte	-30
 1100 042f 10       		.byte	16
 1101 0430 E6       		.byte	-26
 1102 0431 10       		.byte	16
 1103 0432 A5       		.byte	-91
 1104 0433 20       		.byte	32
 1105 0434 B5       		.byte	-75
 1106 0435 20       		.byte	32
 1107 0436 51       		.byte	81
 1108 0437 01       		.byte	1
 1109 0438 56       		.byte	86
 1110 0439 20       		.byte	32
 1111 043a 58       		.byte	88
 1112 043b 01       		.byte	1
 1113 043c 63       		.byte	99
 1114 043d 20       		.byte	32
 1115 043e 64       		.byte	100
 1116 043f 10       		.byte	16
 1117 0440 67       		.byte	103
 1118 0441 02       		.byte	2
 1119 0442 83       		.byte	-125
 1120 0443 01       		.byte	1
 1121 0444 84       		.byte	-124
 1122 0445 11       		.byte	17
 1123 0446 89       		.byte	-119
 1124 0447 01       		.byte	1
 1125 0448 8E       		.byte	-114
 1126 0449 20       		.byte	32
 1127 044a 8F       		.byte	-113
 1128 044b 10       		.byte	16
 1129 044c D4       		.byte	-44
 1130 044d C0       		.byte	-64
 1131 044e D6       		.byte	-42
 1132 044f C0       		.byte	-64
 1133 0450 D8       		.byte	-40
 1134 0451 C0       		.byte	-64
 1135 0452 E2       		.byte	-30
 1136 0453 40       		.byte	64
 1137 0454 E6       		.byte	-26
 1138 0455 60       		.byte	96
 1139 0456 81       		.byte	-127
 1140 0457 04       		.byte	4
ARM GAS  C:\Users\adria\AppData\Local\Temp\ccdBrXnX.s 			page 21


 1141 0458 A3       		.byte	-93
 1142 0459 02       		.byte	2
 1143 045a AF       		.byte	-81
 1144 045b 02       		.byte	2
 1145 045c 10       		.byte	16
 1146 045d 80       		.byte	-128
 1147 045e 12       		.byte	18
 1148 045f 80       		.byte	-128
 1149 0460 75       		.byte	117
 1150 0461 04       		.byte	4
 1151 0462 7B       		.byte	123
 1152 0463 02       		.byte	2
 1153 0464 88       		.byte	-120
 1154 0465 80       		.byte	-128
 1155 0466 8E       		.byte	-114
 1156 0467 80       		.byte	-128
 1157 0468 99       		.byte	-103
 1158 0469 04       		.byte	4
 1159 046a A3       		.byte	-93
 1160 046b 02       		.byte	2
 1161 046c C4       		.byte	-60
 1162 046d 08       		.byte	8
 1163 046e DC       		.byte	-36
 1164 046f 01       		.byte	1
 1165 0470 DE       		.byte	-34
 1166 0471 04       		.byte	4
 1167 0472 E2       		.byte	-30
 1168 0473 02       		.byte	2
 1169 0474 E6       		.byte	-26
 1170 0475 01       		.byte	1
 1171 0476 00       		.byte	0
 1172 0477 01       		.byte	1
 1173 0478 0C       		.byte	12
 1174 0479 01       		.byte	1
 1175 047a 10       		.byte	16
 1176 047b 01       		.byte	1
 1177 047c 1C       		.byte	28
 1178 047d 01       		.byte	1
 1179 047e 00       		.byte	0
 1180 047f 0F       		.byte	15
 1181 0480 10       		.byte	16
 1182 0481 38       		.byte	56
 1183 0482 00       		.byte	0
 1184 0483 00       		.byte	0
 1185 0484 40       		.byte	64
 1186 0485 00       		.byte	0
 1187 0486 00       		.byte	0
 1188 0487 00       		.byte	0
 1189 0488 00       		.byte	0
 1190 0489 01       		.byte	1
 1191 048a 04       		.byte	4
 1192 048b 00       		.byte	0
 1193 048c 03       		.byte	3
 1194 048d 01       		.byte	1
 1195 048e 00       		.byte	0
 1196 048f 00       		.byte	0
 1197 0490 00       		.byte	0
ARM GAS  C:\Users\adria\AppData\Local\Temp\ccdBrXnX.s 			page 22


 1198 0491 0C       		.byte	12
 1199 0492 08       		.byte	8
 1200 0493 03       		.byte	3
 1201 0494 02       		.byte	2
 1202 0495 00       		.byte	0
 1203 0496 00       		.byte	0
 1204 0497 3F       		.byte	63
 1205 0498 00       		.byte	0
 1206 0499 0A       		.byte	10
 1207 049a 00       		.byte	0
 1208 049b 00       		.byte	0
 1209 049c 03       		.byte	3
 1210 049d 7F       		.byte	127
 1211 049e 00       		.byte	0
 1212 049f 00       		.byte	0
 1213 04a0 00       		.byte	0
 1214 04a1 0C       		.byte	12
 1215 04a2 08       		.byte	8
 1216 04a3 03       		.byte	3
 1217 04a4 03       		.byte	3
 1218 04a5 22       		.byte	34
 1219 04a6 00       		.byte	0
 1220 04a7 05       		.byte	5
 1221 04a8 03       		.byte	3
 1222 04a9 40       		.byte	64
 1223 04aa 00       		.byte	0
 1224 04ab 3F       		.byte	63
 1225 04ac 01       		.byte	1
 1226 04ad 40       		.byte	64
 1227 04ae 00       		.byte	0
 1228 04af 30       		.byte	48
 1229 04b0 00       		.byte	0
 1230 04b1 7F       		.byte	127
 1231 04b2 03       		.byte	3
 1232 04b3 00       		.byte	0
 1233 04b4 00       		.byte	0
 1234 04b5 03       		.byte	3
 1235 04b6 00       		.byte	0
 1236 04b7 0C       		.byte	12
 1237 04b8 08       		.byte	8
 1238 04b9 20       		.byte	32
 1239 04ba 00       		.byte	0
 1240 04bb 00       		.byte	0
 1241 04bc 00       		.byte	0
 1242 04bd 40       		.byte	64
 1243 04be 07       		.byte	7
 1244 04bf 1F       		.byte	31
 1245 04c0 00       		.byte	0
 1246 04c1 00       		.byte	0
 1247 04c2 80       		.byte	-128
 1248 04c3 00       		.byte	0
 1249 04c4 00       		.byte	0
 1250 04c5 00       		.byte	0
 1251 04c6 01       		.byte	1
 1252 04c7 50       		.byte	80
 1253 04c8 24       		.byte	36
 1254 04c9 06       		.byte	6
ARM GAS  C:\Users\adria\AppData\Local\Temp\ccdBrXnX.s 			page 23


 1255 04ca 03       		.byte	3
 1256 04cb 00       		.byte	0
 1257 04cc 05       		.byte	5
 1258 04cd EC       		.byte	-20
 1259 04ce 00       		.byte	0
 1260 04cf 04       		.byte	4
 1261 04d0 33       		.byte	51
 1262 04d1 FF       		.byte	-1
 1263 04d2 FF       		.byte	-1
 1264 04d3 FF       		.byte	-1
 1265 04d4 62       		.byte	98
 1266 04d5 A0       		.byte	-96
 1267 04d6 F0       		.byte	-16
 1268 04d7 41       		.byte	65
 1269 04d8 0C       		.byte	12
 1270 04d9 00       		.byte	0
 1271 04da E0       		.byte	-32
 1272 04db 00       		.byte	0
 1273 04dc 00       		.byte	0
 1274 04dd 00       		.byte	0
 1275 04de 00       		.byte	0
 1276 04df 00       		.byte	0
 1277 04e0 04       		.byte	4
 1278 04e1 04       		.byte	4
 1279 04e2 04       		.byte	4
 1280 04e3 04       		.byte	4
 1281 04e4 00       		.byte	0
 1282 04e5 00       		.byte	0
 1283 04e6 00       		.byte	0
 1284 04e7 01       		.byte	1
 1285 04e8 00       		.byte	0
 1286 04e9 00       		.byte	0
 1287 04ea 00       		.byte	0
 1288 04eb 00       		.byte	0
 1289 04ec 00       		.byte	0
 1290 04ed 00       		.byte	0
 1291 04ee 40       		.byte	64
 1292 04ef 02       		.byte	2
 1293 04f0 00       		.byte	0
 1294 04f1 10       		.byte	16
 1295 04f2 30       		.byte	48
 1296 04f3 10       		.byte	16
 1297 04f4 00       		.byte	0
 1298 04f5 10       		.byte	16
 1299 04f6 10       		.byte	16
 1300 04f7 12       		.byte	18
 1301 04f8 00       		.byte	0
 1302 04f9 00       		.byte	0
 1303 04fa 00       		.byte	0
 1304 04fb 00       		.byte	0
 1305 04fc 00       		.byte	0
 1306 04fd 00       		.byte	0
 1307 04fe 00       		.byte	0
 1308 04ff 00       		.byte	0
 1309 0500 00       		.byte	0
 1310 0501 00       		.byte	0
 1311 0502 00       		.byte	0
ARM GAS  C:\Users\adria\AppData\Local\Temp\ccdBrXnX.s 			page 24


 1312 0503 00       		.byte	0
 1313 0504 00       		.byte	0
 1314 0505 00       		.byte	0
 1315 0506 00       		.byte	0
 1316 0507 00       		.byte	0
 1317 0508 40       		.byte	64
 1318 0509 38       		.byte	56
 1319 050a 38       		.byte	56
 1320 050b 00       		.byte	0
 1321 050c 38       		.byte	56
 1322 050d 00       		.byte	0
 1323 050e 00       		.byte	0
 1324 050f 00       		.byte	0
 1325 0510 00       		.byte	0
 1326 0511 0B       		.byte	11
 1327 0512 0B       		.byte	11
 1328 0513 00       		.byte	0
 1329 0514 00       		.byte	0
 1330 0515 00       		.byte	0
 1331 0516 00       		.byte	0
 1332 0517 00       		.byte	0
 1333 0518 08       		.byte	8
 1334 0519 00       		.byte	0
 1335 051a 00       		.byte	0
 1336 051b FC       		.byte	-4
 1337 051c FC       		.byte	-4
 1338 051d 00       		.byte	0
 1339 051e FC       		.byte	-4
 1340 051f 00       		.byte	0
 1341 0520 00       		.byte	0
 1342 0521 00       		.byte	0
 1343 0522 00       		.byte	0
 1344 0523 00       		.byte	0
 1345              		.section	.cywolatch,"a",%progbits
 1346              		.align	2
 1347              		.type	cy_meta_wonvl, %object
 1348              		.size	cy_meta_wonvl, 4
 1349              	cy_meta_wonvl:
 1350 0000 BC       		.byte	-68
 1351 0001 90       		.byte	-112
 1352 0002 AC       		.byte	-84
 1353 0003 AF       		.byte	-81
 1354              		.section	.cycustnvl,"a",%progbits
 1355              		.align	2
 1356              		.type	cy_meta_custnvl, %object
 1357              		.size	cy_meta_custnvl, 4
 1358              	cy_meta_custnvl:
 1359 0000 00       		.byte	0
 1360 0001 00       		.byte	0
 1361 0002 40       		.byte	64
 1362 0003 05       		.byte	5
 1363              		.section	.cymeta,"a",%progbits
 1364              		.align	2
 1365              		.type	cy_metadata, %object
 1366              		.size	cy_metadata, 12
 1367              	cy_metadata:
 1368 0000 00       		.byte	0
ARM GAS  C:\Users\adria\AppData\Local\Temp\ccdBrXnX.s 			page 25


 1369 0001 01       		.byte	1
 1370 0002 2E       		.byte	46
 1371 0003 16       		.byte	22
 1372 0004 10       		.byte	16
 1373 0005 69       		.byte	105
 1374 0006 00       		.byte	0
 1375 0007 01       		.byte	1
 1376 0008 00       		.byte	0
 1377 0009 00       		.byte	0
 1378 000a 00       		.byte	0
 1379 000b 00       		.byte	0
 1380              		.section	.cyflashprotect,"a",%progbits
 1381              		.align	2
 1382              		.type	cy_meta_flashprotect, %object
 1383              		.size	cy_meta_flashprotect, 256
 1384              	cy_meta_flashprotect:
 1385 0000 00000000 		.space	256
 1385      00000000 
 1385      00000000 
 1385      00000000 
 1385      00000000 
 1386              		.text
 1387              	.Letext0:
 1388              		.file 1 "c:\\program files (x86)\\cypress\\psoc creator\\4.4\\psoc creator\\import\\gnu\\arm\\5.4.
 1389              		.file 2 "c:\\program files (x86)\\cypress\\psoc creator\\4.4\\psoc creator\\import\\gnu\\arm\\5.4.
 1390              		.file 3 "Generated_Source\\PSoC5\\cymetadata.c"
 1391              		.section	.debug_info,"",%progbits
 1392              	.Ldebug_info0:
 1393 0000 32010000 		.4byte	0x132
 1394 0004 0400     		.2byte	0x4
 1395 0006 00000000 		.4byte	.Ldebug_abbrev0
 1396 000a 04       		.byte	0x4
 1397 000b 01       		.uleb128 0x1
 1398 000c 6A000000 		.4byte	.LASF17
 1399 0010 0C       		.byte	0xc
 1400 0011 C4010000 		.4byte	.LASF18
 1401 0015 0A000000 		.4byte	.LASF19
 1402 0019 00000000 		.4byte	.Ldebug_line0
 1403 001d 02       		.uleb128 0x2
 1404 001e 01       		.byte	0x1
 1405 001f 06       		.byte	0x6
 1406 0020 B8010000 		.4byte	.LASF0
 1407 0024 03       		.uleb128 0x3
 1408 0025 00000000 		.4byte	.LASF9
 1409 0029 01       		.byte	0x1
 1410 002a 1D       		.byte	0x1d
 1411 002b 2F000000 		.4byte	0x2f
 1412 002f 02       		.uleb128 0x2
 1413 0030 01       		.byte	0x1
 1414 0031 08       		.byte	0x8
 1415 0032 5C000000 		.4byte	.LASF1
 1416 0036 02       		.uleb128 0x2
 1417 0037 02       		.byte	0x2
 1418 0038 05       		.byte	0x5
 1419 0039 A5010000 		.4byte	.LASF2
 1420 003d 02       		.uleb128 0x2
 1421 003e 02       		.byte	0x2
ARM GAS  C:\Users\adria\AppData\Local\Temp\ccdBrXnX.s 			page 26


 1422 003f 07       		.byte	0x7
 1423 0040 0A010000 		.4byte	.LASF3
 1424 0044 02       		.uleb128 0x2
 1425 0045 04       		.byte	0x4
 1426 0046 05       		.byte	0x5
 1427 0047 AF010000 		.4byte	.LASF4
 1428 004b 02       		.uleb128 0x2
 1429 004c 04       		.byte	0x4
 1430 004d 07       		.byte	0x7
 1431 004e F8000000 		.4byte	.LASF5
 1432 0052 02       		.uleb128 0x2
 1433 0053 08       		.byte	0x8
 1434 0054 05       		.byte	0x5
 1435 0055 97010000 		.4byte	.LASF6
 1436 0059 02       		.uleb128 0x2
 1437 005a 08       		.byte	0x8
 1438 005b 07       		.byte	0x7
 1439 005c 4C010000 		.4byte	.LASF7
 1440 0060 04       		.uleb128 0x4
 1441 0061 04       		.byte	0x4
 1442 0062 05       		.byte	0x5
 1443 0063 696E7400 		.ascii	"int\000"
 1444 0067 02       		.uleb128 0x2
 1445 0068 04       		.byte	0x4
 1446 0069 07       		.byte	0x7
 1447 006a 3F010000 		.4byte	.LASF8
 1448 006e 03       		.uleb128 0x3
 1449 006f 63010000 		.4byte	.LASF10
 1450 0073 02       		.byte	0x2
 1451 0074 18       		.byte	0x18
 1452 0075 24000000 		.4byte	0x24
 1453 0079 05       		.uleb128 0x5
 1454 007a 91000000 		.4byte	0x91
 1455 007e 8A000000 		.4byte	0x8a
 1456 0082 06       		.uleb128 0x6
 1457 0083 8A000000 		.4byte	0x8a
 1458 0087 2305     		.2byte	0x523
 1459 0089 00       		.byte	0
 1460 008a 02       		.uleb128 0x2
 1461 008b 04       		.byte	0x4
 1462 008c 07       		.byte	0x7
 1463 008d 8E010000 		.4byte	.LASF11
 1464 0091 07       		.uleb128 0x7
 1465 0092 6E000000 		.4byte	0x6e
 1466 0096 08       		.uleb128 0x8
 1467 0097 2D010000 		.4byte	.LASF12
 1468 009b 03       		.byte	0x3
 1469 009c 1F       		.byte	0x1f
 1470 009d A7000000 		.4byte	0xa7
 1471 00a1 05       		.uleb128 0x5
 1472 00a2 03       		.byte	0x3
 1473 00a3 00000000 		.4byte	cy_meta_configecc
 1474 00a7 07       		.uleb128 0x7
 1475 00a8 79000000 		.4byte	0x79
 1476 00ac 05       		.uleb128 0x5
 1477 00ad 91000000 		.4byte	0x91
 1478 00b1 BC000000 		.4byte	0xbc
ARM GAS  C:\Users\adria\AppData\Local\Temp\ccdBrXnX.s 			page 27


 1479 00b5 09       		.uleb128 0x9
 1480 00b6 8A000000 		.4byte	0x8a
 1481 00ba 03       		.byte	0x3
 1482 00bb 00       		.byte	0
 1483 00bc 08       		.uleb128 0x8
 1484 00bd 1D010000 		.4byte	.LASF13
 1485 00c1 03       		.byte	0x3
 1486 00c2 D1       		.byte	0xd1
 1487 00c3 CD000000 		.4byte	0xcd
 1488 00c7 05       		.uleb128 0x5
 1489 00c8 03       		.byte	0x3
 1490 00c9 00000000 		.4byte	cy_meta_custnvl
 1491 00cd 07       		.uleb128 0x7
 1492 00ce AC000000 		.4byte	0xac
 1493 00d2 08       		.uleb128 0x8
 1494 00d3 80010000 		.4byte	.LASF14
 1495 00d7 03       		.byte	0x3
 1496 00d8 DF       		.byte	0xdf
 1497 00d9 E3000000 		.4byte	0xe3
 1498 00dd 05       		.uleb128 0x5
 1499 00de 03       		.byte	0x3
 1500 00df 00000000 		.4byte	cy_meta_wonvl
 1501 00e3 07       		.uleb128 0x7
 1502 00e4 AC000000 		.4byte	0xac
 1503 00e8 05       		.uleb128 0x5
 1504 00e9 91000000 		.4byte	0x91
 1505 00ed F8000000 		.4byte	0xf8
 1506 00f1 09       		.uleb128 0x9
 1507 00f2 8A000000 		.4byte	0x8a
 1508 00f6 FF       		.byte	0xff
 1509 00f7 00       		.byte	0
 1510 00f8 08       		.uleb128 0x8
 1511 00f9 6B010000 		.4byte	.LASF15
 1512 00fd 03       		.byte	0x3
 1513 00fe ED       		.byte	0xed
 1514 00ff 09010000 		.4byte	0x109
 1515 0103 05       		.uleb128 0x5
 1516 0104 03       		.byte	0x3
 1517 0105 00000000 		.4byte	cy_meta_flashprotect
 1518 0109 07       		.uleb128 0x7
 1519 010a E8000000 		.4byte	0xe8
 1520 010e 05       		.uleb128 0x5
 1521 010f 91000000 		.4byte	0x91
 1522 0113 1E010000 		.4byte	0x11e
 1523 0117 09       		.uleb128 0x9
 1524 0118 8A000000 		.4byte	0x8a
 1525 011c 0B       		.byte	0xb
 1526 011d 00       		.byte	0
 1527 011e 0A       		.uleb128 0xa
 1528 011f 50000000 		.4byte	.LASF16
 1529 0123 03       		.byte	0x3
 1530 0124 1A01     		.2byte	0x11a
 1531 0126 30010000 		.4byte	0x130
 1532 012a 05       		.uleb128 0x5
 1533 012b 03       		.byte	0x3
 1534 012c 00000000 		.4byte	cy_metadata
 1535 0130 07       		.uleb128 0x7
ARM GAS  C:\Users\adria\AppData\Local\Temp\ccdBrXnX.s 			page 28


 1536 0131 0E010000 		.4byte	0x10e
 1537 0135 00       		.byte	0
 1538              		.section	.debug_abbrev,"",%progbits
 1539              	.Ldebug_abbrev0:
 1540 0000 01       		.uleb128 0x1
 1541 0001 11       		.uleb128 0x11
 1542 0002 01       		.byte	0x1
 1543 0003 25       		.uleb128 0x25
 1544 0004 0E       		.uleb128 0xe
 1545 0005 13       		.uleb128 0x13
 1546 0006 0B       		.uleb128 0xb
 1547 0007 03       		.uleb128 0x3
 1548 0008 0E       		.uleb128 0xe
 1549 0009 1B       		.uleb128 0x1b
 1550 000a 0E       		.uleb128 0xe
 1551 000b 10       		.uleb128 0x10
 1552 000c 17       		.uleb128 0x17
 1553 000d 00       		.byte	0
 1554 000e 00       		.byte	0
 1555 000f 02       		.uleb128 0x2
 1556 0010 24       		.uleb128 0x24
 1557 0011 00       		.byte	0
 1558 0012 0B       		.uleb128 0xb
 1559 0013 0B       		.uleb128 0xb
 1560 0014 3E       		.uleb128 0x3e
 1561 0015 0B       		.uleb128 0xb
 1562 0016 03       		.uleb128 0x3
 1563 0017 0E       		.uleb128 0xe
 1564 0018 00       		.byte	0
 1565 0019 00       		.byte	0
 1566 001a 03       		.uleb128 0x3
 1567 001b 16       		.uleb128 0x16
 1568 001c 00       		.byte	0
 1569 001d 03       		.uleb128 0x3
 1570 001e 0E       		.uleb128 0xe
 1571 001f 3A       		.uleb128 0x3a
 1572 0020 0B       		.uleb128 0xb
 1573 0021 3B       		.uleb128 0x3b
 1574 0022 0B       		.uleb128 0xb
 1575 0023 49       		.uleb128 0x49
 1576 0024 13       		.uleb128 0x13
 1577 0025 00       		.byte	0
 1578 0026 00       		.byte	0
 1579 0027 04       		.uleb128 0x4
 1580 0028 24       		.uleb128 0x24
 1581 0029 00       		.byte	0
 1582 002a 0B       		.uleb128 0xb
 1583 002b 0B       		.uleb128 0xb
 1584 002c 3E       		.uleb128 0x3e
 1585 002d 0B       		.uleb128 0xb
 1586 002e 03       		.uleb128 0x3
 1587 002f 08       		.uleb128 0x8
 1588 0030 00       		.byte	0
 1589 0031 00       		.byte	0
 1590 0032 05       		.uleb128 0x5
 1591 0033 01       		.uleb128 0x1
 1592 0034 01       		.byte	0x1
ARM GAS  C:\Users\adria\AppData\Local\Temp\ccdBrXnX.s 			page 29


 1593 0035 49       		.uleb128 0x49
 1594 0036 13       		.uleb128 0x13
 1595 0037 01       		.uleb128 0x1
 1596 0038 13       		.uleb128 0x13
 1597 0039 00       		.byte	0
 1598 003a 00       		.byte	0
 1599 003b 06       		.uleb128 0x6
 1600 003c 21       		.uleb128 0x21
 1601 003d 00       		.byte	0
 1602 003e 49       		.uleb128 0x49
 1603 003f 13       		.uleb128 0x13
 1604 0040 2F       		.uleb128 0x2f
 1605 0041 05       		.uleb128 0x5
 1606 0042 00       		.byte	0
 1607 0043 00       		.byte	0
 1608 0044 07       		.uleb128 0x7
 1609 0045 26       		.uleb128 0x26
 1610 0046 00       		.byte	0
 1611 0047 49       		.uleb128 0x49
 1612 0048 13       		.uleb128 0x13
 1613 0049 00       		.byte	0
 1614 004a 00       		.byte	0
 1615 004b 08       		.uleb128 0x8
 1616 004c 34       		.uleb128 0x34
 1617 004d 00       		.byte	0
 1618 004e 03       		.uleb128 0x3
 1619 004f 0E       		.uleb128 0xe
 1620 0050 3A       		.uleb128 0x3a
 1621 0051 0B       		.uleb128 0xb
 1622 0052 3B       		.uleb128 0x3b
 1623 0053 0B       		.uleb128 0xb
 1624 0054 49       		.uleb128 0x49
 1625 0055 13       		.uleb128 0x13
 1626 0056 3F       		.uleb128 0x3f
 1627 0057 19       		.uleb128 0x19
 1628 0058 02       		.uleb128 0x2
 1629 0059 18       		.uleb128 0x18
 1630 005a 00       		.byte	0
 1631 005b 00       		.byte	0
 1632 005c 09       		.uleb128 0x9
 1633 005d 21       		.uleb128 0x21
 1634 005e 00       		.byte	0
 1635 005f 49       		.uleb128 0x49
 1636 0060 13       		.uleb128 0x13
 1637 0061 2F       		.uleb128 0x2f
 1638 0062 0B       		.uleb128 0xb
 1639 0063 00       		.byte	0
 1640 0064 00       		.byte	0
 1641 0065 0A       		.uleb128 0xa
 1642 0066 34       		.uleb128 0x34
 1643 0067 00       		.byte	0
 1644 0068 03       		.uleb128 0x3
 1645 0069 0E       		.uleb128 0xe
 1646 006a 3A       		.uleb128 0x3a
 1647 006b 0B       		.uleb128 0xb
 1648 006c 3B       		.uleb128 0x3b
 1649 006d 05       		.uleb128 0x5
ARM GAS  C:\Users\adria\AppData\Local\Temp\ccdBrXnX.s 			page 30


 1650 006e 49       		.uleb128 0x49
 1651 006f 13       		.uleb128 0x13
 1652 0070 3F       		.uleb128 0x3f
 1653 0071 19       		.uleb128 0x19
 1654 0072 02       		.uleb128 0x2
 1655 0073 18       		.uleb128 0x18
 1656 0074 00       		.byte	0
 1657 0075 00       		.byte	0
 1658 0076 00       		.byte	0
 1659              		.section	.debug_aranges,"",%progbits
 1660 0000 14000000 		.4byte	0x14
 1661 0004 0200     		.2byte	0x2
 1662 0006 00000000 		.4byte	.Ldebug_info0
 1663 000a 04       		.byte	0x4
 1664 000b 00       		.byte	0
 1665 000c 0000     		.2byte	0
 1666 000e 0000     		.2byte	0
 1667 0010 00000000 		.4byte	0
 1668 0014 00000000 		.4byte	0
 1669              		.section	.debug_line,"",%progbits
 1670              	.Ldebug_line0:
 1671 0000 3D010000 		.section	.debug_str,"MS",%progbits,1
 1671      02003701 
 1671      00000201 
 1671      FB0E0D00 
 1671      01010101 
 1672              	.LASF9:
 1673 0000 5F5F7569 		.ascii	"__uint8_t\000"
 1673      6E74385F 
 1673      7400
 1674              	.LASF19:
 1675 000a 433A5C55 		.ascii	"C:\\Users\\adria\\OneDrive\\Documents\\psoc\\Displa"
 1675      73657273 
 1675      5C616472 
 1675      69615C4F 
 1675      6E654472 
 1676 0037 79735C57 		.ascii	"ys\\Workspace01\\LCD.cydsn\000"
 1676      6F726B73 
 1676      70616365 
 1676      30315C4C 
 1676      43442E63 
 1677              	.LASF16:
 1678 0050 63795F6D 		.ascii	"cy_metadata\000"
 1678      65746164 
 1678      61746100 
 1679              	.LASF1:
 1680 005c 756E7369 		.ascii	"unsigned char\000"
 1680      676E6564 
 1680      20636861 
 1680      7200
 1681              	.LASF17:
 1682 006a 474E5520 		.ascii	"GNU C11 5.4.1 20160609 (release) [ARM/embedded-5-br"
 1682      43313120 
 1682      352E342E 
 1682      31203230 
 1682      31363036 
 1683 009d 616E6368 		.ascii	"anch revision 237715] -mcpu=cortex-m3 -mthumb -g -O"
ARM GAS  C:\Users\adria\AppData\Local\Temp\ccdBrXnX.s 			page 31


 1683      20726576 
 1683      6973696F 
 1683      6E203233 
 1683      37373135 
 1684 00d0 67202D66 		.ascii	"g -ffunction-sections -ffat-lto-objects\000"
 1684      66756E63 
 1684      74696F6E 
 1684      2D736563 
 1684      74696F6E 
 1685              	.LASF5:
 1686 00f8 6C6F6E67 		.ascii	"long unsigned int\000"
 1686      20756E73 
 1686      69676E65 
 1686      6420696E 
 1686      7400
 1687              	.LASF3:
 1688 010a 73686F72 		.ascii	"short unsigned int\000"
 1688      7420756E 
 1688      7369676E 
 1688      65642069 
 1688      6E7400
 1689              	.LASF13:
 1690 011d 63795F6D 		.ascii	"cy_meta_custnvl\000"
 1690      6574615F 
 1690      63757374 
 1690      6E766C00 
 1691              	.LASF12:
 1692 012d 63795F6D 		.ascii	"cy_meta_configecc\000"
 1692      6574615F 
 1692      636F6E66 
 1692      69676563 
 1692      6300
 1693              	.LASF8:
 1694 013f 756E7369 		.ascii	"unsigned int\000"
 1694      676E6564 
 1694      20696E74 
 1694      00
 1695              	.LASF7:
 1696 014c 6C6F6E67 		.ascii	"long long unsigned int\000"
 1696      206C6F6E 
 1696      6720756E 
 1696      7369676E 
 1696      65642069 
 1697              	.LASF10:
 1698 0163 75696E74 		.ascii	"uint8_t\000"
 1698      385F7400 
 1699              	.LASF15:
 1700 016b 63795F6D 		.ascii	"cy_meta_flashprotect\000"
 1700      6574615F 
 1700      666C6173 
 1700      6870726F 
 1700      74656374 
 1701              	.LASF14:
 1702 0180 63795F6D 		.ascii	"cy_meta_wonvl\000"
 1702      6574615F 
 1702      776F6E76 
 1702      6C00
ARM GAS  C:\Users\adria\AppData\Local\Temp\ccdBrXnX.s 			page 32


 1703              	.LASF11:
 1704 018e 73697A65 		.ascii	"sizetype\000"
 1704      74797065 
 1704      00
 1705              	.LASF6:
 1706 0197 6C6F6E67 		.ascii	"long long int\000"
 1706      206C6F6E 
 1706      6720696E 
 1706      7400
 1707              	.LASF2:
 1708 01a5 73686F72 		.ascii	"short int\000"
 1708      7420696E 
 1708      7400
 1709              	.LASF4:
 1710 01af 6C6F6E67 		.ascii	"long int\000"
 1710      20696E74 
 1710      00
 1711              	.LASF0:
 1712 01b8 7369676E 		.ascii	"signed char\000"
 1712      65642063 
 1712      68617200 
 1713              	.LASF18:
 1714 01c4 47656E65 		.ascii	"Generated_Source\\PSoC5\\cymetadata.c\000"
 1714      72617465 
 1714      645F536F 
 1714      75726365 
 1714      5C50536F 
 1715              		.ident	"GCC: (GNU Tools for ARM Embedded Processors) 5.4.1 20160609 (release) [ARM/embedded-5-bran
