ARM GAS  C:\Users\adria\AppData\Local\Temp\cc5MA72K.s 			page 1


   1              		.syntax unified
   2              		.cpu cortex-m3
   3              		.fpu softvfp
   4              		.eabi_attribute 20, 1
   5              		.eabi_attribute 21, 1
   6              		.eabi_attribute 23, 3
   7              		.eabi_attribute 24, 1
   8              		.eabi_attribute 25, 1
   9              		.eabi_attribute 26, 1
  10              		.eabi_attribute 30, 1
  11              		.eabi_attribute 34, 1
  12              		.eabi_attribute 18, 4
  13              		.thumb
  14              		.syntax unified
  15              		.file	"main.c"
  16              		.text
  17              	.Ltext0:
  18              		.cfi_sections	.debug_frame
  19              		.section	.text.isr,"ax",%progbits
  20              		.align	2
  21              		.global	isr
  22              		.thumb
  23              		.thumb_func
  24              		.type	isr, %function
  25              	isr:
  26              	.LFB64:
  27              		.file 1 "main.c"
   1:main.c        **** #include "project.h"
   2:main.c        **** #include "D:\GITHUB\Librerias_PSOC\Libreria_PSOC\LIB_psoc.h"
   3:main.c        **** #include "PSOC_LCD.h"   //Libreria lcd
   4:main.c        **** #include "string.h"     // Cadenas de texto
   5:main.c        **** #include "stdio.h"      // IO en general *sprintf*
   6:main.c        **** 
   7:main.c        **** //Rutina de interrrupción
   8:main.c        **** uint8_t flag = 0x00;//Bandera de interrupión de la uart
   9:main.c        **** CY_ISR(isr){
  28              		.loc 1 9 0
  29              		.cfi_startproc
  30              		@ args = 0, pretend = 0, frame = 0
  31              		@ frame_needed = 0, uses_anonymous_args = 0
  32 0000 08B5     		push	{r3, lr}
  33              		.cfi_def_cfa_offset 8
  34              		.cfi_offset 3, -8
  35              		.cfi_offset 14, -4
  10:main.c        ****     isr_ClearPending();  // Limpieza de interrupción
  36              		.loc 1 10 0
  37 0002 FFF7FEFF 		bl	isr_ClearPending
  38              	.LVL0:
  11:main.c        ****     flag |= BIT0;// Bandera de dato recibido  
  39              		.loc 1 11 0
  40 0006 034A     		ldr	r2, .L3
  41 0008 1378     		ldrb	r3, [r2]	@ zero_extendqisi2
  42 000a 43F00103 		orr	r3, r3, #1
  43 000e 1370     		strb	r3, [r2]
  44 0010 08BD     		pop	{r3, pc}
  45              	.L4:
  46 0012 00BF     		.align	2
ARM GAS  C:\Users\adria\AppData\Local\Temp\cc5MA72K.s 			page 2


  47              	.L3:
  48 0014 00000000 		.word	.LANCHOR0
  49              		.cfi_endproc
  50              	.LFE64:
  51              		.size	isr, .-isr
  52              		.section	.text.main,"ax",%progbits
  53              		.align	2
  54              		.global	main
  55              		.thumb
  56              		.thumb_func
  57              		.type	main, %function
  58              	main:
  59              	.LFB65:
  12:main.c        **** }
  13:main.c        **** 
  14:main.c        **** //Son 36 bytes por cantidad máxima del lcd 2*16 
  15:main.c        **** char buffer[32], buffer_renglon1[16],buffer_renglon2[16];//Buffer para lectura
  16:main.c        **** char *posicion;//Puntero pra eliminar elemento
  17:main.c        **** 
  18:main.c        **** int main(void)
  19:main.c        **** {
  60              		.loc 1 19 0
  61              		.cfi_startproc
  62              		@ args = 0, pretend = 0, frame = 0
  63              		@ frame_needed = 0, uses_anonymous_args = 0
  64 0000 F8B5     		push	{r3, r4, r5, r6, r7, lr}
  65              		.cfi_def_cfa_offset 24
  66              		.cfi_offset 3, -24
  67              		.cfi_offset 4, -20
  68              		.cfi_offset 5, -16
  69              		.cfi_offset 6, -12
  70              		.cfi_offset 7, -8
  71              		.cfi_offset 14, -4
  20:main.c        ****     //INTERRUPCIONES
  21:main.c        ****     CyGlobalIntEnable;
  72              		.loc 1 21 0
  73              		.syntax unified
  74              	@ 21 "main.c" 1
  75 0002 62B6     		CPSIE   i
  76              	@ 0 "" 2
  22:main.c        ****     isr_StartEx(isr);// Inicializar interrupción física
  77              		.loc 1 22 0
  78              		.thumb
  79              		.syntax unified
  80 0004 2F48     		ldr	r0, .L12
  81 0006 FFF7FEFF 		bl	isr_StartEx
  82              	.LVL1:
  23:main.c        ****     isr_ClearPending();// Limpiar por primera vez la interrupción
  83              		.loc 1 23 0
  84 000a FFF7FEFF 		bl	isr_ClearPending
  85              	.LVL2:
  24:main.c        ****     
  25:main.c        ****     //UART
  26:main.c        ****     UART_Start();// Corre UART
  86              		.loc 1 26 0
  87 000e FFF7FEFF 		bl	UART_Start
  88              	.LVL3:
ARM GAS  C:\Users\adria\AppData\Local\Temp\cc5MA72K.s 			page 3


  27:main.c        ****     UART_ClearRxBuffer();//Limpiamos el buffer del UART
  89              		.loc 1 27 0
  90 0012 FFF7FEFF 		bl	UART_ClearRxBuffer
  91              	.LVL4:
  28:main.c        ****     
  29:main.c        ****     //PERIFERICOS VARIOS
  30:main.c        ****     LED_Write(~BIT1);//Led verde de listo para comenzar
  92              		.loc 1 30 0
  93 0016 FD20     		movs	r0, #253
  94 0018 FFF7FEFF 		bl	LED_Write
  95              	.LVL5:
  31:main.c        ****     
  32:main.c        ****     //Inicializamos la pantalla
  33:main.c        ****     LCD_Start();
  96              		.loc 1 33 0
  97 001c FFF7FEFF 		bl	LCD_Start
  98              	.LVL6:
  34:main.c        ****     LCD_PrintString("Un saludo a la");
  99              		.loc 1 34 0
 100 0020 2948     		ldr	r0, .L12+4
 101 0022 FFF7FEFF 		bl	LCD_PrintString
 102              	.LVL7:
  35:main.c        ****     LCD_Position(1,0);
 103              		.loc 1 35 0
 104 0026 0021     		movs	r1, #0
 105 0028 0120     		movs	r0, #1
 106 002a FFF7FEFF 		bl	LCD_Position
 107              	.LVL8:
  36:main.c        ****     LCD_PrintString("grasa!!! WAZAAAA");
 108              		.loc 1 36 0
 109 002e 2748     		ldr	r0, .L12+8
 110 0030 FFF7FEFF 		bl	LCD_PrintString
 111              	.LVL9:
  37:main.c        ****     CyDelay(3000);
 112              		.loc 1 37 0
 113 0034 40F6B830 		movw	r0, #3000
 114 0038 FFF7FEFF 		bl	CyDelay
 115              	.LVL10:
  38:main.c        ****     LCD_ClearDisplay();
 116              		.loc 1 38 0
 117 003c FFF7FEFF 		bl	LCD_ClearDisplay
 118              	.LVL11:
 119              	.L10:
  19:main.c        ****     //INTERRUPCIONES
 120              		.loc 1 19 0
 121 0040 0024     		movs	r4, #0
 122              	.LVL12:
 123              	.L6:
  39:main.c        ****     
  40:main.c        ****     uint8_t i = 0;//variable auxiliar para la captura de info input del UART
  41:main.c        ****     for(;;)
  42:main.c        ****     {
  43:main.c        ****         //RUTINA PARA CAPTURAR EL DATO ENVIADO POR EL uart
  44:main.c        ****         if(flag == BIT0){//Se envió un mensaje por la UART
 124              		.loc 1 44 0
 125 0042 234B     		ldr	r3, .L12+12
 126 0044 1B78     		ldrb	r3, [r3]	@ zero_extendqisi2
ARM GAS  C:\Users\adria\AppData\Local\Temp\cc5MA72K.s 			page 4


 127 0046 012B     		cmp	r3, #1
 128 0048 FBD1     		bne	.L6
  45:main.c        ****             flag &= ~BIT0;//Tiramos la bandera
 129              		.loc 1 45 0
 130 004a 23F00103 		bic	r3, r3, #1
 131 004e 204A     		ldr	r2, .L12+12
 132 0050 1370     		strb	r3, [r2]
  46:main.c        ****             
  47:main.c        ****             buffer[i] =  UART_GetByte();//Agregamos al arreglo el ascci del caracter recibido
 133              		.loc 1 47 0
 134 0052 FFF7FEFF 		bl	UART_GetByte
 135              	.LVL13:
 136 0056 1F4B     		ldr	r3, .L12+16
 137 0058 1855     		strb	r0, [r3, r4]
  48:main.c        ****             i++;
 138              		.loc 1 48 0
 139 005a 0134     		adds	r4, r4, #1
 140              	.LVL14:
 141 005c E4B2     		uxtb	r4, r4
 142              	.LVL15:
  49:main.c        ****             
  50:main.c        ****             if(buffer[i-1] == '.') {//Cortamos al detectar una arroba
 143              		.loc 1 50 0
 144 005e 621E     		subs	r2, r4, #1
 145 0060 9B5C     		ldrb	r3, [r3, r2]	@ zero_extendqisi2
 146 0062 2E2B     		cmp	r3, #46
 147 0064 EDD1     		bne	.L6
  51:main.c        ****                 // Eliminamos el @ 
  52:main.c        ****                 LED_Write(~BIT0);//Encendemos rojo 
 148              		.loc 1 52 0
 149 0066 FE20     		movs	r0, #254
 150 0068 FFF7FEFF 		bl	LED_Write
 151              	.LVL16:
  53:main.c        ****                 
  54:main.c        ****                 // Copiamos el buffer al arreglo para imprimir en el lcd
  55:main.c        ****                 // Copiamos el buffer al arreglo para imprimir en el lcd
  56:main.c        ****                 strncpy(buffer_renglon1, buffer, 16); // Copiar elementos del 0 al 15 a buffer_reng
 152              		.loc 1 56 0
 153 006c 194F     		ldr	r7, .L12+16
 154 006e 1A4E     		ldr	r6, .L12+20
 155 0070 1022     		movs	r2, #16
 156 0072 3946     		mov	r1, r7
 157 0074 3046     		mov	r0, r6
 158 0076 FFF7FEFF 		bl	strncpy
 159              	.LVL17:
  57:main.c        ****                 buffer_renglon1[15] = '\0'; // Añadir el carácter nulo manualmente para terminar 
 160              		.loc 1 57 0
 161 007a 0024     		movs	r4, #0
 162              	.LVL18:
 163 007c F473     		strb	r4, [r6, #15]
  58:main.c        **** 
  59:main.c        ****                 strncpy(buffer_renglon2, buffer + 16, 16); // Copiar elementos del 16 al 31 a buffe
 164              		.loc 1 59 0
 165 007e 174D     		ldr	r5, .L12+24
 166 0080 1022     		movs	r2, #16
 167 0082 B918     		adds	r1, r7, r2
 168 0084 2846     		mov	r0, r5
ARM GAS  C:\Users\adria\AppData\Local\Temp\cc5MA72K.s 			page 5


 169 0086 FFF7FEFF 		bl	strncpy
 170              	.LVL19:
  60:main.c        ****                 buffer_renglon2[15] = '\0'; // Añadir el carácter nulo manualmente para terminar 
 171              		.loc 1 60 0
 172 008a EC73     		strb	r4, [r5, #15]
  61:main.c        ****                 
  62:main.c        ****                 //Imprimimos en el lcd
  63:main.c        ****                 LCD_ClearDisplay();
 173              		.loc 1 63 0
 174 008c FFF7FEFF 		bl	LCD_ClearDisplay
 175              	.LVL20:
  64:main.c        ****                 LCD_Position(0,0);
 176              		.loc 1 64 0
 177 0090 2146     		mov	r1, r4
 178 0092 2046     		mov	r0, r4
 179 0094 FFF7FEFF 		bl	LCD_Position
 180              	.LVL21:
  65:main.c        ****                 LCD_PrintString(buffer_renglon1);
 181              		.loc 1 65 0
 182 0098 3046     		mov	r0, r6
 183 009a FFF7FEFF 		bl	LCD_PrintString
 184              	.LVL22:
  66:main.c        ****                 LCD_Position(1,0);
 185              		.loc 1 66 0
 186 009e 2146     		mov	r1, r4
 187 00a0 0120     		movs	r0, #1
 188 00a2 FFF7FEFF 		bl	LCD_Position
 189              	.LVL23:
  67:main.c        ****                 LCD_PrintString(buffer_renglon2);
 190              		.loc 1 67 0
 191 00a6 2846     		mov	r0, r5
 192 00a8 FFF7FEFF 		bl	LCD_PrintString
 193              	.LVL24:
 194              	.LBB2:
  68:main.c        ****                 
  69:main.c        ****                 //Limpiamos el buffer de lectura
  70:main.c        ****                 for(int a=0;a<32;a++){
 195              		.loc 1 70 0
 196 00ac 2146     		mov	r1, r4
 197 00ae 03E0     		b	.L8
 198              	.LVL25:
 199              	.L9:
  71:main.c        ****                     buffer[a] = 0x00;
 200              		.loc 1 71 0 discriminator 3
 201 00b0 0022     		movs	r2, #0
 202 00b2 084B     		ldr	r3, .L12+16
 203 00b4 5A54     		strb	r2, [r3, r1]
  70:main.c        ****                     buffer[a] = 0x00;
 204              		.loc 1 70 0 discriminator 3
 205 00b6 0131     		adds	r1, r1, #1
 206              	.LVL26:
 207              	.L8:
  70:main.c        ****                     buffer[a] = 0x00;
 208              		.loc 1 70 0 is_stmt 0 discriminator 1
 209 00b8 1F29     		cmp	r1, #31
 210 00ba F9DD     		ble	.L9
 211              	.LVL27:
ARM GAS  C:\Users\adria\AppData\Local\Temp\cc5MA72K.s 			page 6


 212              	.LBE2:
  72:main.c        ****                 }
  73:main.c        ****                 
  74:main.c        ****                i=0;//Seteamos
  75:main.c        ****                LED_Write(~BIT2);//Encendemos azul como indicador de algo impreso  
 213              		.loc 1 75 0 is_stmt 1
 214 00bc FB20     		movs	r0, #251
 215 00be FFF7FEFF 		bl	LED_Write
 216              	.LVL28:
 217 00c2 BDE7     		b	.L10
 218              	.L13:
 219              		.align	2
 220              	.L12:
 221 00c4 00000000 		.word	isr
 222 00c8 00000000 		.word	.LC0
 223 00cc 10000000 		.word	.LC1
 224 00d0 00000000 		.word	.LANCHOR0
 225 00d4 00000000 		.word	buffer
 226 00d8 00000000 		.word	buffer_renglon1
 227 00dc 00000000 		.word	buffer_renglon2
 228              		.cfi_endproc
 229              	.LFE65:
 230              		.size	main, .-main
 231              		.comm	posicion,4,4
 232              		.comm	buffer_renglon2,16,4
 233              		.comm	buffer_renglon1,16,4
 234              		.comm	buffer,32,4
 235              		.global	flag
 236              		.section	.rodata.str1.4,"aMS",%progbits,1
 237              		.align	2
 238              	.LC0:
 239 0000 556E2073 		.ascii	"Un saludo a la\000"
 239      616C7564 
 239      6F206120 
 239      6C6100
 240 000f 00       		.space	1
 241              	.LC1:
 242 0010 67726173 		.ascii	"grasa!!! WAZAAAA\000"
 242      61212121 
 242      2057415A 
 242      41414141 
 242      00
 243              		.bss
 244              		.set	.LANCHOR0,. + 0
 245              		.type	flag, %object
 246              		.size	flag, 1
 247              	flag:
 248 0000 00       		.space	1
 249              		.text
 250              	.Letext0:
 251              		.file 2 "c:\\program files (x86)\\cypress\\psoc creator\\4.4\\psoc creator\\import\\gnu\\arm\\5.4.
 252              		.file 3 "c:\\program files (x86)\\cypress\\psoc creator\\4.4\\psoc creator\\import\\gnu\\arm\\5.4.
 253              		.file 4 "Generated_Source\\PSoC5/core_cm3.h"
 254              		.file 5 "Generated_Source\\PSoC5/isr.h"
 255              		.file 6 "Generated_Source\\PSoC5/UART.h"
 256              		.file 7 "Generated_Source\\PSoC5/LED.h"
 257              		.file 8 "PSOC_LCD.h"
ARM GAS  C:\Users\adria\AppData\Local\Temp\cc5MA72K.s 			page 7


 258              		.file 9 "Generated_Source\\PSoC5/CyLib.h"
 259              		.file 10 "c:\\program files (x86)\\cypress\\psoc creator\\4.4\\psoc creator\\import\\gnu\\arm\\5.4
 260              		.section	.debug_info,"",%progbits
 261              	.Ldebug_info0:
 262 0000 AA030000 		.4byte	0x3aa
 263 0004 0400     		.2byte	0x4
 264 0006 00000000 		.4byte	.Ldebug_abbrev0
 265 000a 04       		.byte	0x4
 266 000b 01       		.uleb128 0x1
 267 000c 83000000 		.4byte	.LASF36
 268 0010 0C       		.byte	0xc
 269 0011 02020000 		.4byte	.LASF37
 270 0015 0E020000 		.4byte	.LASF38
 271 0019 00000000 		.4byte	.Ldebug_ranges0+0
 272 001d 00000000 		.4byte	0
 273 0021 00000000 		.4byte	.Ldebug_line0
 274 0025 02       		.uleb128 0x2
 275 0026 01       		.byte	0x1
 276 0027 06       		.byte	0x6
 277 0028 69000000 		.4byte	.LASF0
 278 002c 03       		.uleb128 0x3
 279 002d 20000000 		.4byte	.LASF4
 280 0031 02       		.byte	0x2
 281 0032 1D       		.byte	0x1d
 282 0033 37000000 		.4byte	0x37
 283 0037 02       		.uleb128 0x2
 284 0038 01       		.byte	0x1
 285 0039 08       		.byte	0x8
 286 003a 75000000 		.4byte	.LASF1
 287 003e 02       		.uleb128 0x2
 288 003f 02       		.byte	0x2
 289 0040 05       		.byte	0x5
 290 0041 54020000 		.4byte	.LASF2
 291 0045 02       		.uleb128 0x2
 292 0046 02       		.byte	0x2
 293 0047 07       		.byte	0x7
 294 0048 23010000 		.4byte	.LASF3
 295 004c 03       		.uleb128 0x3
 296 004d 3E000000 		.4byte	.LASF5
 297 0051 02       		.byte	0x2
 298 0052 3F       		.byte	0x3f
 299 0053 57000000 		.4byte	0x57
 300 0057 02       		.uleb128 0x2
 301 0058 04       		.byte	0x4
 302 0059 05       		.byte	0x5
 303 005a 65020000 		.4byte	.LASF6
 304 005e 02       		.uleb128 0x2
 305 005f 04       		.byte	0x4
 306 0060 07       		.byte	0x7
 307 0061 11010000 		.4byte	.LASF7
 308 0065 02       		.uleb128 0x2
 309 0066 08       		.byte	0x8
 310 0067 05       		.byte	0x5
 311 0068 F4010000 		.4byte	.LASF8
 312 006c 02       		.uleb128 0x2
 313 006d 08       		.byte	0x8
 314 006e 07       		.byte	0x7
ARM GAS  C:\Users\adria\AppData\Local\Temp\cc5MA72K.s 			page 8


 315 006f B7010000 		.4byte	.LASF9
 316 0073 04       		.uleb128 0x4
 317 0074 04       		.byte	0x4
 318 0075 05       		.byte	0x5
 319 0076 696E7400 		.ascii	"int\000"
 320 007a 02       		.uleb128 0x2
 321 007b 04       		.byte	0x4
 322 007c 07       		.byte	0x7
 323 007d 99010000 		.4byte	.LASF10
 324 0081 03       		.uleb128 0x3
 325 0082 CE010000 		.4byte	.LASF11
 326 0086 03       		.byte	0x3
 327 0087 18       		.byte	0x18
 328 0088 2C000000 		.4byte	0x2c
 329 008c 03       		.uleb128 0x3
 330 008d E3010000 		.4byte	.LASF12
 331 0091 03       		.byte	0x3
 332 0092 2C       		.byte	0x2c
 333 0093 4C000000 		.4byte	0x4c
 334 0097 02       		.uleb128 0x2
 335 0098 04       		.byte	0x4
 336 0099 04       		.byte	0x4
 337 009a 5B000000 		.4byte	.LASF13
 338 009e 02       		.uleb128 0x2
 339 009f 08       		.byte	0x8
 340 00a0 04       		.byte	0x4
 341 00a1 5F010000 		.4byte	.LASF14
 342 00a5 02       		.uleb128 0x2
 343 00a6 01       		.byte	0x1
 344 00a7 08       		.byte	0x8
 345 00a8 09020000 		.4byte	.LASF15
 346 00ac 02       		.uleb128 0x2
 347 00ad 08       		.byte	0x8
 348 00ae 04       		.byte	0x4
 349 00af 6E020000 		.4byte	.LASF16
 350 00b3 02       		.uleb128 0x2
 351 00b4 04       		.byte	0x4
 352 00b5 07       		.byte	0x7
 353 00b6 EB010000 		.4byte	.LASF17
 354 00ba 05       		.uleb128 0x5
 355 00bb 04       		.byte	0x4
 356 00bc A5000000 		.4byte	0xa5
 357 00c0 06       		.uleb128 0x6
 358 00c1 69737200 		.ascii	"isr\000"
 359 00c5 01       		.byte	0x1
 360 00c6 09       		.byte	0x9
 361 00c7 00000000 		.4byte	.LFB64
 362 00cb 18000000 		.4byte	.LFE64-.LFB64
 363 00cf 01       		.uleb128 0x1
 364 00d0 9C       		.byte	0x9c
 365 00d1 DF000000 		.4byte	0xdf
 366 00d5 07       		.uleb128 0x7
 367 00d6 06000000 		.4byte	.LVL0
 368 00da 29030000 		.4byte	0x329
 369 00de 00       		.byte	0
 370 00df 08       		.uleb128 0x8
 371 00e0 66010000 		.4byte	.LASF39
ARM GAS  C:\Users\adria\AppData\Local\Temp\cc5MA72K.s 			page 9


 372 00e4 01       		.byte	0x1
 373 00e5 12       		.byte	0x12
 374 00e6 73000000 		.4byte	0x73
 375 00ea 00000000 		.4byte	.LFB65
 376 00ee E0000000 		.4byte	.LFE65-.LFB65
 377 00f2 01       		.uleb128 0x1
 378 00f3 9C       		.byte	0x9c
 379 00f4 A3020000 		.4byte	0x2a3
 380 00f8 09       		.uleb128 0x9
 381 00f9 6900     		.ascii	"i\000"
 382 00fb 01       		.byte	0x1
 383 00fc 28       		.byte	0x28
 384 00fd 81000000 		.4byte	0x81
 385 0101 00000000 		.4byte	.LLST0
 386 0105 0A       		.uleb128 0xa
 387 0106 AC000000 		.4byte	.LBB2
 388 010a 10000000 		.4byte	.LBE2-.LBB2
 389 010e 20010000 		.4byte	0x120
 390 0112 09       		.uleb128 0x9
 391 0113 6100     		.ascii	"a\000"
 392 0115 01       		.byte	0x1
 393 0116 46       		.byte	0x46
 394 0117 73000000 		.4byte	0x73
 395 011b 36000000 		.4byte	.LLST1
 396 011f 00       		.byte	0
 397 0120 0B       		.uleb128 0xb
 398 0121 0A000000 		.4byte	.LVL1
 399 0125 34030000 		.4byte	0x334
 400 0129 37010000 		.4byte	0x137
 401 012d 0C       		.uleb128 0xc
 402 012e 01       		.uleb128 0x1
 403 012f 50       		.byte	0x50
 404 0130 05       		.uleb128 0x5
 405 0131 03       		.byte	0x3
 406 0132 00000000 		.4byte	isr
 407 0136 00       		.byte	0
 408 0137 07       		.uleb128 0x7
 409 0138 0E000000 		.4byte	.LVL2
 410 013c 29030000 		.4byte	0x329
 411 0140 07       		.uleb128 0x7
 412 0141 12000000 		.4byte	.LVL3
 413 0145 3F030000 		.4byte	0x33f
 414 0149 07       		.uleb128 0x7
 415 014a 16000000 		.4byte	.LVL4
 416 014e 4A030000 		.4byte	0x34a
 417 0152 0B       		.uleb128 0xb
 418 0153 1C000000 		.4byte	.LVL5
 419 0157 55030000 		.4byte	0x355
 420 015b 66010000 		.4byte	0x166
 421 015f 0C       		.uleb128 0xc
 422 0160 01       		.uleb128 0x1
 423 0161 50       		.byte	0x50
 424 0162 02       		.uleb128 0x2
 425 0163 09       		.byte	0x9
 426 0164 FD       		.byte	0xfd
 427 0165 00       		.byte	0
 428 0166 07       		.uleb128 0x7
ARM GAS  C:\Users\adria\AppData\Local\Temp\cc5MA72K.s 			page 10


 429 0167 20000000 		.4byte	.LVL6
 430 016b 60030000 		.4byte	0x360
 431 016f 0B       		.uleb128 0xb
 432 0170 26000000 		.4byte	.LVL7
 433 0174 6B030000 		.4byte	0x36b
 434 0178 86010000 		.4byte	0x186
 435 017c 0C       		.uleb128 0xc
 436 017d 01       		.uleb128 0x1
 437 017e 50       		.byte	0x50
 438 017f 05       		.uleb128 0x5
 439 0180 03       		.byte	0x3
 440 0181 00000000 		.4byte	.LC0
 441 0185 00       		.byte	0
 442 0186 0B       		.uleb128 0xb
 443 0187 2E000000 		.4byte	.LVL8
 444 018b 76030000 		.4byte	0x376
 445 018f 9E010000 		.4byte	0x19e
 446 0193 0C       		.uleb128 0xc
 447 0194 01       		.uleb128 0x1
 448 0195 50       		.byte	0x50
 449 0196 01       		.uleb128 0x1
 450 0197 31       		.byte	0x31
 451 0198 0C       		.uleb128 0xc
 452 0199 01       		.uleb128 0x1
 453 019a 51       		.byte	0x51
 454 019b 01       		.uleb128 0x1
 455 019c 30       		.byte	0x30
 456 019d 00       		.byte	0
 457 019e 0B       		.uleb128 0xb
 458 019f 34000000 		.4byte	.LVL9
 459 01a3 6B030000 		.4byte	0x36b
 460 01a7 B5010000 		.4byte	0x1b5
 461 01ab 0C       		.uleb128 0xc
 462 01ac 01       		.uleb128 0x1
 463 01ad 50       		.byte	0x50
 464 01ae 05       		.uleb128 0x5
 465 01af 03       		.byte	0x3
 466 01b0 10000000 		.4byte	.LC1
 467 01b4 00       		.byte	0
 468 01b5 0B       		.uleb128 0xb
 469 01b6 3C000000 		.4byte	.LVL10
 470 01ba 81030000 		.4byte	0x381
 471 01be CA010000 		.4byte	0x1ca
 472 01c2 0C       		.uleb128 0xc
 473 01c3 01       		.uleb128 0x1
 474 01c4 50       		.byte	0x50
 475 01c5 03       		.uleb128 0x3
 476 01c6 0A       		.byte	0xa
 477 01c7 B80B     		.2byte	0xbb8
 478 01c9 00       		.byte	0
 479 01ca 07       		.uleb128 0x7
 480 01cb 40000000 		.4byte	.LVL11
 481 01cf 8C030000 		.4byte	0x38c
 482 01d3 07       		.uleb128 0x7
 483 01d4 56000000 		.4byte	.LVL13
 484 01d8 97030000 		.4byte	0x397
 485 01dc 0B       		.uleb128 0xb
ARM GAS  C:\Users\adria\AppData\Local\Temp\cc5MA72K.s 			page 11


 486 01dd 6C000000 		.4byte	.LVL16
 487 01e1 55030000 		.4byte	0x355
 488 01e5 F0010000 		.4byte	0x1f0
 489 01e9 0C       		.uleb128 0xc
 490 01ea 01       		.uleb128 0x1
 491 01eb 50       		.byte	0x50
 492 01ec 02       		.uleb128 0x2
 493 01ed 09       		.byte	0x9
 494 01ee FE       		.byte	0xfe
 495 01ef 00       		.byte	0
 496 01f0 0B       		.uleb128 0xb
 497 01f1 7A000000 		.4byte	.LVL17
 498 01f5 A2030000 		.4byte	0x3a2
 499 01f9 0F020000 		.4byte	0x20f
 500 01fd 0C       		.uleb128 0xc
 501 01fe 01       		.uleb128 0x1
 502 01ff 50       		.byte	0x50
 503 0200 02       		.uleb128 0x2
 504 0201 76       		.byte	0x76
 505 0202 00       		.sleb128 0
 506 0203 0C       		.uleb128 0xc
 507 0204 01       		.uleb128 0x1
 508 0205 51       		.byte	0x51
 509 0206 02       		.uleb128 0x2
 510 0207 77       		.byte	0x77
 511 0208 00       		.sleb128 0
 512 0209 0C       		.uleb128 0xc
 513 020a 01       		.uleb128 0x1
 514 020b 52       		.byte	0x52
 515 020c 01       		.uleb128 0x1
 516 020d 40       		.byte	0x40
 517 020e 00       		.byte	0
 518 020f 0B       		.uleb128 0xb
 519 0210 8A000000 		.4byte	.LVL19
 520 0214 A2030000 		.4byte	0x3a2
 521 0218 2E020000 		.4byte	0x22e
 522 021c 0C       		.uleb128 0xc
 523 021d 01       		.uleb128 0x1
 524 021e 50       		.byte	0x50
 525 021f 02       		.uleb128 0x2
 526 0220 75       		.byte	0x75
 527 0221 00       		.sleb128 0
 528 0222 0C       		.uleb128 0xc
 529 0223 01       		.uleb128 0x1
 530 0224 51       		.byte	0x51
 531 0225 02       		.uleb128 0x2
 532 0226 77       		.byte	0x77
 533 0227 10       		.sleb128 16
 534 0228 0C       		.uleb128 0xc
 535 0229 01       		.uleb128 0x1
 536 022a 52       		.byte	0x52
 537 022b 01       		.uleb128 0x1
 538 022c 40       		.byte	0x40
 539 022d 00       		.byte	0
 540 022e 07       		.uleb128 0x7
 541 022f 90000000 		.4byte	.LVL20
 542 0233 8C030000 		.4byte	0x38c
ARM GAS  C:\Users\adria\AppData\Local\Temp\cc5MA72K.s 			page 12


 543 0237 0B       		.uleb128 0xb
 544 0238 98000000 		.4byte	.LVL21
 545 023c 76030000 		.4byte	0x376
 546 0240 51020000 		.4byte	0x251
 547 0244 0C       		.uleb128 0xc
 548 0245 01       		.uleb128 0x1
 549 0246 50       		.byte	0x50
 550 0247 02       		.uleb128 0x2
 551 0248 74       		.byte	0x74
 552 0249 00       		.sleb128 0
 553 024a 0C       		.uleb128 0xc
 554 024b 01       		.uleb128 0x1
 555 024c 51       		.byte	0x51
 556 024d 02       		.uleb128 0x2
 557 024e 74       		.byte	0x74
 558 024f 00       		.sleb128 0
 559 0250 00       		.byte	0
 560 0251 0B       		.uleb128 0xb
 561 0252 9E000000 		.4byte	.LVL22
 562 0256 6B030000 		.4byte	0x36b
 563 025a 65020000 		.4byte	0x265
 564 025e 0C       		.uleb128 0xc
 565 025f 01       		.uleb128 0x1
 566 0260 50       		.byte	0x50
 567 0261 02       		.uleb128 0x2
 568 0262 76       		.byte	0x76
 569 0263 00       		.sleb128 0
 570 0264 00       		.byte	0
 571 0265 0B       		.uleb128 0xb
 572 0266 A6000000 		.4byte	.LVL23
 573 026a 76030000 		.4byte	0x376
 574 026e 7E020000 		.4byte	0x27e
 575 0272 0C       		.uleb128 0xc
 576 0273 01       		.uleb128 0x1
 577 0274 50       		.byte	0x50
 578 0275 01       		.uleb128 0x1
 579 0276 31       		.byte	0x31
 580 0277 0C       		.uleb128 0xc
 581 0278 01       		.uleb128 0x1
 582 0279 51       		.byte	0x51
 583 027a 02       		.uleb128 0x2
 584 027b 74       		.byte	0x74
 585 027c 00       		.sleb128 0
 586 027d 00       		.byte	0
 587 027e 0B       		.uleb128 0xb
 588 027f AC000000 		.4byte	.LVL24
 589 0283 6B030000 		.4byte	0x36b
 590 0287 92020000 		.4byte	0x292
 591 028b 0C       		.uleb128 0xc
 592 028c 01       		.uleb128 0x1
 593 028d 50       		.byte	0x50
 594 028e 02       		.uleb128 0x2
 595 028f 75       		.byte	0x75
 596 0290 00       		.sleb128 0
 597 0291 00       		.byte	0
 598 0292 0D       		.uleb128 0xd
 599 0293 C2000000 		.4byte	.LVL28
ARM GAS  C:\Users\adria\AppData\Local\Temp\cc5MA72K.s 			page 13


 600 0297 55030000 		.4byte	0x355
 601 029b 0C       		.uleb128 0xc
 602 029c 01       		.uleb128 0x1
 603 029d 50       		.byte	0x50
 604 029e 02       		.uleb128 0x2
 605 029f 09       		.byte	0x9
 606 02a0 FB       		.byte	0xfb
 607 02a1 00       		.byte	0
 608 02a2 00       		.byte	0
 609 02a3 0E       		.uleb128 0xe
 610 02a4 41010000 		.4byte	.LASF18
 611 02a8 04       		.byte	0x4
 612 02a9 1207     		.2byte	0x712
 613 02ab AF020000 		.4byte	0x2af
 614 02af 0F       		.uleb128 0xf
 615 02b0 8C000000 		.4byte	0x8c
 616 02b4 10       		.uleb128 0x10
 617 02b5 94010000 		.4byte	.LASF19
 618 02b9 01       		.byte	0x1
 619 02ba 08       		.byte	0x8
 620 02bb 81000000 		.4byte	0x81
 621 02bf 05       		.uleb128 0x5
 622 02c0 03       		.byte	0x3
 623 02c1 00000000 		.4byte	flag
 624 02c5 11       		.uleb128 0x11
 625 02c6 A5000000 		.4byte	0xa5
 626 02ca D5020000 		.4byte	0x2d5
 627 02ce 12       		.uleb128 0x12
 628 02cf B3000000 		.4byte	0xb3
 629 02d3 1F       		.byte	0x1f
 630 02d4 00       		.byte	0
 631 02d5 10       		.uleb128 0x10
 632 02d6 5E020000 		.4byte	.LASF20
 633 02da 01       		.byte	0x1
 634 02db 0F       		.byte	0xf
 635 02dc C5020000 		.4byte	0x2c5
 636 02e0 05       		.uleb128 0x5
 637 02e1 03       		.byte	0x3
 638 02e2 00000000 		.4byte	buffer
 639 02e6 11       		.uleb128 0x11
 640 02e7 A5000000 		.4byte	0xa5
 641 02eb F6020000 		.4byte	0x2f6
 642 02ef 12       		.uleb128 0x12
 643 02f0 B3000000 		.4byte	0xb3
 644 02f4 0F       		.byte	0xf
 645 02f5 00       		.byte	0
 646 02f6 10       		.uleb128 0x10
 647 02f7 00000000 		.4byte	.LASF21
 648 02fb 01       		.byte	0x1
 649 02fc 0F       		.byte	0xf
 650 02fd E6020000 		.4byte	0x2e6
 651 0301 05       		.uleb128 0x5
 652 0302 03       		.byte	0x3
 653 0303 00000000 		.4byte	buffer_renglon1
 654 0307 10       		.uleb128 0x10
 655 0308 10000000 		.4byte	.LASF22
 656 030c 01       		.byte	0x1
ARM GAS  C:\Users\adria\AppData\Local\Temp\cc5MA72K.s 			page 14


 657 030d 0F       		.byte	0xf
 658 030e E6020000 		.4byte	0x2e6
 659 0312 05       		.uleb128 0x5
 660 0313 03       		.byte	0x3
 661 0314 00000000 		.4byte	buffer_renglon2
 662 0318 10       		.uleb128 0x10
 663 0319 7A020000 		.4byte	.LASF23
 664 031d 01       		.byte	0x1
 665 031e 10       		.byte	0x10
 666 031f BA000000 		.4byte	0xba
 667 0323 05       		.uleb128 0x5
 668 0324 03       		.byte	0x3
 669 0325 00000000 		.4byte	posicion
 670 0329 13       		.uleb128 0x13
 671 032a 4E010000 		.4byte	.LASF24
 672 032e 4E010000 		.4byte	.LASF24
 673 0332 05       		.byte	0x5
 674 0333 28       		.byte	0x28
 675 0334 13       		.uleb128 0x13
 676 0335 7B010000 		.4byte	.LASF25
 677 0339 7B010000 		.4byte	.LASF25
 678 033d 05       		.byte	0x5
 679 033e 18       		.byte	0x18
 680 033f 13       		.uleb128 0x13
 681 0340 36010000 		.4byte	.LASF26
 682 0344 36010000 		.4byte	.LASF26
 683 0348 06       		.byte	0x6
 684 0349 54       		.byte	0x54
 685 034a 13       		.uleb128 0x13
 686 034b 48000000 		.4byte	.LASF27
 687 034f 48000000 		.4byte	.LASF27
 688 0353 06       		.byte	0x6
 689 0354 75       		.byte	0x75
 690 0355 13       		.uleb128 0x13
 691 0356 34000000 		.4byte	.LASF28
 692 035a 34000000 		.4byte	.LASF28
 693 035e 07       		.byte	0x7
 694 035f 2F       		.byte	0x2f
 695 0360 13       		.uleb128 0x13
 696 0361 2A000000 		.4byte	.LASF29
 697 0365 2A000000 		.4byte	.LASF29
 698 0369 08       		.byte	0x8
 699 036a 09       		.byte	0x9
 700 036b 13       		.uleb128 0x13
 701 036c 6B010000 		.4byte	.LASF30
 702 0370 6B010000 		.4byte	.LASF30
 703 0374 08       		.byte	0x8
 704 0375 11       		.byte	0x11
 705 0376 13       		.uleb128 0x13
 706 0377 D6010000 		.4byte	.LASF31
 707 037b D6010000 		.4byte	.LASF31
 708 037f 08       		.byte	0x8
 709 0380 0B       		.byte	0xb
 710 0381 13       		.uleb128 0x13
 711 0382 83020000 		.4byte	.LASF32
 712 0386 83020000 		.4byte	.LASF32
 713 038a 09       		.byte	0x9
ARM GAS  C:\Users\adria\AppData\Local\Temp\cc5MA72K.s 			page 15


 714 038b 76       		.byte	0x76
 715 038c 13       		.uleb128 0x13
 716 038d A6010000 		.4byte	.LASF33
 717 0391 A6010000 		.4byte	.LASF33
 718 0395 08       		.byte	0x8
 719 0396 0A       		.byte	0xa
 720 0397 13       		.uleb128 0x13
 721 0398 87010000 		.4byte	.LASF34
 722 039c 87010000 		.4byte	.LASF34
 723 03a0 06       		.byte	0x6
 724 03a1 72       		.byte	0x72
 725 03a2 13       		.uleb128 0x13
 726 03a3 61000000 		.4byte	.LASF35
 727 03a7 61000000 		.4byte	.LASF35
 728 03ab 0A       		.byte	0xa
 729 03ac 24       		.byte	0x24
 730 03ad 00       		.byte	0
 731              		.section	.debug_abbrev,"",%progbits
 732              	.Ldebug_abbrev0:
 733 0000 01       		.uleb128 0x1
 734 0001 11       		.uleb128 0x11
 735 0002 01       		.byte	0x1
 736 0003 25       		.uleb128 0x25
 737 0004 0E       		.uleb128 0xe
 738 0005 13       		.uleb128 0x13
 739 0006 0B       		.uleb128 0xb
 740 0007 03       		.uleb128 0x3
 741 0008 0E       		.uleb128 0xe
 742 0009 1B       		.uleb128 0x1b
 743 000a 0E       		.uleb128 0xe
 744 000b 55       		.uleb128 0x55
 745 000c 17       		.uleb128 0x17
 746 000d 11       		.uleb128 0x11
 747 000e 01       		.uleb128 0x1
 748 000f 10       		.uleb128 0x10
 749 0010 17       		.uleb128 0x17
 750 0011 00       		.byte	0
 751 0012 00       		.byte	0
 752 0013 02       		.uleb128 0x2
 753 0014 24       		.uleb128 0x24
 754 0015 00       		.byte	0
 755 0016 0B       		.uleb128 0xb
 756 0017 0B       		.uleb128 0xb
 757 0018 3E       		.uleb128 0x3e
 758 0019 0B       		.uleb128 0xb
 759 001a 03       		.uleb128 0x3
 760 001b 0E       		.uleb128 0xe
 761 001c 00       		.byte	0
 762 001d 00       		.byte	0
 763 001e 03       		.uleb128 0x3
 764 001f 16       		.uleb128 0x16
 765 0020 00       		.byte	0
 766 0021 03       		.uleb128 0x3
 767 0022 0E       		.uleb128 0xe
 768 0023 3A       		.uleb128 0x3a
 769 0024 0B       		.uleb128 0xb
 770 0025 3B       		.uleb128 0x3b
ARM GAS  C:\Users\adria\AppData\Local\Temp\cc5MA72K.s 			page 16


 771 0026 0B       		.uleb128 0xb
 772 0027 49       		.uleb128 0x49
 773 0028 13       		.uleb128 0x13
 774 0029 00       		.byte	0
 775 002a 00       		.byte	0
 776 002b 04       		.uleb128 0x4
 777 002c 24       		.uleb128 0x24
 778 002d 00       		.byte	0
 779 002e 0B       		.uleb128 0xb
 780 002f 0B       		.uleb128 0xb
 781 0030 3E       		.uleb128 0x3e
 782 0031 0B       		.uleb128 0xb
 783 0032 03       		.uleb128 0x3
 784 0033 08       		.uleb128 0x8
 785 0034 00       		.byte	0
 786 0035 00       		.byte	0
 787 0036 05       		.uleb128 0x5
 788 0037 0F       		.uleb128 0xf
 789 0038 00       		.byte	0
 790 0039 0B       		.uleb128 0xb
 791 003a 0B       		.uleb128 0xb
 792 003b 49       		.uleb128 0x49
 793 003c 13       		.uleb128 0x13
 794 003d 00       		.byte	0
 795 003e 00       		.byte	0
 796 003f 06       		.uleb128 0x6
 797 0040 2E       		.uleb128 0x2e
 798 0041 01       		.byte	0x1
 799 0042 3F       		.uleb128 0x3f
 800 0043 19       		.uleb128 0x19
 801 0044 03       		.uleb128 0x3
 802 0045 08       		.uleb128 0x8
 803 0046 3A       		.uleb128 0x3a
 804 0047 0B       		.uleb128 0xb
 805 0048 3B       		.uleb128 0x3b
 806 0049 0B       		.uleb128 0xb
 807 004a 27       		.uleb128 0x27
 808 004b 19       		.uleb128 0x19
 809 004c 11       		.uleb128 0x11
 810 004d 01       		.uleb128 0x1
 811 004e 12       		.uleb128 0x12
 812 004f 06       		.uleb128 0x6
 813 0050 40       		.uleb128 0x40
 814 0051 18       		.uleb128 0x18
 815 0052 9742     		.uleb128 0x2117
 816 0054 19       		.uleb128 0x19
 817 0055 01       		.uleb128 0x1
 818 0056 13       		.uleb128 0x13
 819 0057 00       		.byte	0
 820 0058 00       		.byte	0
 821 0059 07       		.uleb128 0x7
 822 005a 898201   		.uleb128 0x4109
 823 005d 00       		.byte	0
 824 005e 11       		.uleb128 0x11
 825 005f 01       		.uleb128 0x1
 826 0060 31       		.uleb128 0x31
 827 0061 13       		.uleb128 0x13
ARM GAS  C:\Users\adria\AppData\Local\Temp\cc5MA72K.s 			page 17


 828 0062 00       		.byte	0
 829 0063 00       		.byte	0
 830 0064 08       		.uleb128 0x8
 831 0065 2E       		.uleb128 0x2e
 832 0066 01       		.byte	0x1
 833 0067 3F       		.uleb128 0x3f
 834 0068 19       		.uleb128 0x19
 835 0069 03       		.uleb128 0x3
 836 006a 0E       		.uleb128 0xe
 837 006b 3A       		.uleb128 0x3a
 838 006c 0B       		.uleb128 0xb
 839 006d 3B       		.uleb128 0x3b
 840 006e 0B       		.uleb128 0xb
 841 006f 27       		.uleb128 0x27
 842 0070 19       		.uleb128 0x19
 843 0071 49       		.uleb128 0x49
 844 0072 13       		.uleb128 0x13
 845 0073 8701     		.uleb128 0x87
 846 0075 19       		.uleb128 0x19
 847 0076 11       		.uleb128 0x11
 848 0077 01       		.uleb128 0x1
 849 0078 12       		.uleb128 0x12
 850 0079 06       		.uleb128 0x6
 851 007a 40       		.uleb128 0x40
 852 007b 18       		.uleb128 0x18
 853 007c 9742     		.uleb128 0x2117
 854 007e 19       		.uleb128 0x19
 855 007f 01       		.uleb128 0x1
 856 0080 13       		.uleb128 0x13
 857 0081 00       		.byte	0
 858 0082 00       		.byte	0
 859 0083 09       		.uleb128 0x9
 860 0084 34       		.uleb128 0x34
 861 0085 00       		.byte	0
 862 0086 03       		.uleb128 0x3
 863 0087 08       		.uleb128 0x8
 864 0088 3A       		.uleb128 0x3a
 865 0089 0B       		.uleb128 0xb
 866 008a 3B       		.uleb128 0x3b
 867 008b 0B       		.uleb128 0xb
 868 008c 49       		.uleb128 0x49
 869 008d 13       		.uleb128 0x13
 870 008e 02       		.uleb128 0x2
 871 008f 17       		.uleb128 0x17
 872 0090 00       		.byte	0
 873 0091 00       		.byte	0
 874 0092 0A       		.uleb128 0xa
 875 0093 0B       		.uleb128 0xb
 876 0094 01       		.byte	0x1
 877 0095 11       		.uleb128 0x11
 878 0096 01       		.uleb128 0x1
 879 0097 12       		.uleb128 0x12
 880 0098 06       		.uleb128 0x6
 881 0099 01       		.uleb128 0x1
 882 009a 13       		.uleb128 0x13
 883 009b 00       		.byte	0
 884 009c 00       		.byte	0
ARM GAS  C:\Users\adria\AppData\Local\Temp\cc5MA72K.s 			page 18


 885 009d 0B       		.uleb128 0xb
 886 009e 898201   		.uleb128 0x4109
 887 00a1 01       		.byte	0x1
 888 00a2 11       		.uleb128 0x11
 889 00a3 01       		.uleb128 0x1
 890 00a4 31       		.uleb128 0x31
 891 00a5 13       		.uleb128 0x13
 892 00a6 01       		.uleb128 0x1
 893 00a7 13       		.uleb128 0x13
 894 00a8 00       		.byte	0
 895 00a9 00       		.byte	0
 896 00aa 0C       		.uleb128 0xc
 897 00ab 8A8201   		.uleb128 0x410a
 898 00ae 00       		.byte	0
 899 00af 02       		.uleb128 0x2
 900 00b0 18       		.uleb128 0x18
 901 00b1 9142     		.uleb128 0x2111
 902 00b3 18       		.uleb128 0x18
 903 00b4 00       		.byte	0
 904 00b5 00       		.byte	0
 905 00b6 0D       		.uleb128 0xd
 906 00b7 898201   		.uleb128 0x4109
 907 00ba 01       		.byte	0x1
 908 00bb 11       		.uleb128 0x11
 909 00bc 01       		.uleb128 0x1
 910 00bd 31       		.uleb128 0x31
 911 00be 13       		.uleb128 0x13
 912 00bf 00       		.byte	0
 913 00c0 00       		.byte	0
 914 00c1 0E       		.uleb128 0xe
 915 00c2 34       		.uleb128 0x34
 916 00c3 00       		.byte	0
 917 00c4 03       		.uleb128 0x3
 918 00c5 0E       		.uleb128 0xe
 919 00c6 3A       		.uleb128 0x3a
 920 00c7 0B       		.uleb128 0xb
 921 00c8 3B       		.uleb128 0x3b
 922 00c9 05       		.uleb128 0x5
 923 00ca 49       		.uleb128 0x49
 924 00cb 13       		.uleb128 0x13
 925 00cc 3F       		.uleb128 0x3f
 926 00cd 19       		.uleb128 0x19
 927 00ce 3C       		.uleb128 0x3c
 928 00cf 19       		.uleb128 0x19
 929 00d0 00       		.byte	0
 930 00d1 00       		.byte	0
 931 00d2 0F       		.uleb128 0xf
 932 00d3 35       		.uleb128 0x35
 933 00d4 00       		.byte	0
 934 00d5 49       		.uleb128 0x49
 935 00d6 13       		.uleb128 0x13
 936 00d7 00       		.byte	0
 937 00d8 00       		.byte	0
 938 00d9 10       		.uleb128 0x10
 939 00da 34       		.uleb128 0x34
 940 00db 00       		.byte	0
 941 00dc 03       		.uleb128 0x3
ARM GAS  C:\Users\adria\AppData\Local\Temp\cc5MA72K.s 			page 19


 942 00dd 0E       		.uleb128 0xe
 943 00de 3A       		.uleb128 0x3a
 944 00df 0B       		.uleb128 0xb
 945 00e0 3B       		.uleb128 0x3b
 946 00e1 0B       		.uleb128 0xb
 947 00e2 49       		.uleb128 0x49
 948 00e3 13       		.uleb128 0x13
 949 00e4 3F       		.uleb128 0x3f
 950 00e5 19       		.uleb128 0x19
 951 00e6 02       		.uleb128 0x2
 952 00e7 18       		.uleb128 0x18
 953 00e8 00       		.byte	0
 954 00e9 00       		.byte	0
 955 00ea 11       		.uleb128 0x11
 956 00eb 01       		.uleb128 0x1
 957 00ec 01       		.byte	0x1
 958 00ed 49       		.uleb128 0x49
 959 00ee 13       		.uleb128 0x13
 960 00ef 01       		.uleb128 0x1
 961 00f0 13       		.uleb128 0x13
 962 00f1 00       		.byte	0
 963 00f2 00       		.byte	0
 964 00f3 12       		.uleb128 0x12
 965 00f4 21       		.uleb128 0x21
 966 00f5 00       		.byte	0
 967 00f6 49       		.uleb128 0x49
 968 00f7 13       		.uleb128 0x13
 969 00f8 2F       		.uleb128 0x2f
 970 00f9 0B       		.uleb128 0xb
 971 00fa 00       		.byte	0
 972 00fb 00       		.byte	0
 973 00fc 13       		.uleb128 0x13
 974 00fd 2E       		.uleb128 0x2e
 975 00fe 00       		.byte	0
 976 00ff 3F       		.uleb128 0x3f
 977 0100 19       		.uleb128 0x19
 978 0101 3C       		.uleb128 0x3c
 979 0102 19       		.uleb128 0x19
 980 0103 6E       		.uleb128 0x6e
 981 0104 0E       		.uleb128 0xe
 982 0105 03       		.uleb128 0x3
 983 0106 0E       		.uleb128 0xe
 984 0107 3A       		.uleb128 0x3a
 985 0108 0B       		.uleb128 0xb
 986 0109 3B       		.uleb128 0x3b
 987 010a 0B       		.uleb128 0xb
 988 010b 00       		.byte	0
 989 010c 00       		.byte	0
 990 010d 00       		.byte	0
 991              		.section	.debug_loc,"",%progbits
 992              	.Ldebug_loc0:
 993              	.LLST0:
 994 0000 40000000 		.4byte	.LVL11
 995 0004 42000000 		.4byte	.LVL12
 996 0008 0200     		.2byte	0x2
 997 000a 30       		.byte	0x30
 998 000b 9F       		.byte	0x9f
ARM GAS  C:\Users\adria\AppData\Local\Temp\cc5MA72K.s 			page 20


 999 000c 42000000 		.4byte	.LVL12
 1000 0010 5C000000 		.4byte	.LVL14
 1001 0014 0100     		.2byte	0x1
 1002 0016 54       		.byte	0x54
 1003 0017 5E000000 		.4byte	.LVL15
 1004 001b 7C000000 		.4byte	.LVL18
 1005 001f 0100     		.2byte	0x1
 1006 0021 54       		.byte	0x54
 1007 0022 BC000000 		.4byte	.LVL27
 1008 0026 E0000000 		.4byte	.LFE65
 1009 002a 0200     		.2byte	0x2
 1010 002c 30       		.byte	0x30
 1011 002d 9F       		.byte	0x9f
 1012 002e 00000000 		.4byte	0
 1013 0032 00000000 		.4byte	0
 1014              	.LLST1:
 1015 0036 AC000000 		.4byte	.LVL24
 1016 003a B0000000 		.4byte	.LVL25
 1017 003e 0200     		.2byte	0x2
 1018 0040 30       		.byte	0x30
 1019 0041 9F       		.byte	0x9f
 1020 0042 B0000000 		.4byte	.LVL25
 1021 0046 C1000000 		.4byte	.LVL28-1
 1022 004a 0100     		.2byte	0x1
 1023 004c 51       		.byte	0x51
 1024 004d 00000000 		.4byte	0
 1025 0051 00000000 		.4byte	0
 1026              		.section	.debug_aranges,"",%progbits
 1027 0000 24000000 		.4byte	0x24
 1028 0004 0200     		.2byte	0x2
 1029 0006 00000000 		.4byte	.Ldebug_info0
 1030 000a 04       		.byte	0x4
 1031 000b 00       		.byte	0
 1032 000c 0000     		.2byte	0
 1033 000e 0000     		.2byte	0
 1034 0010 00000000 		.4byte	.LFB64
 1035 0014 18000000 		.4byte	.LFE64-.LFB64
 1036 0018 00000000 		.4byte	.LFB65
 1037 001c E0000000 		.4byte	.LFE65-.LFB65
 1038 0020 00000000 		.4byte	0
 1039 0024 00000000 		.4byte	0
 1040              		.section	.debug_ranges,"",%progbits
 1041              	.Ldebug_ranges0:
 1042 0000 00000000 		.4byte	.LFB64
 1043 0004 18000000 		.4byte	.LFE64
 1044 0008 00000000 		.4byte	.LFB65
 1045 000c E0000000 		.4byte	.LFE65
 1046 0010 00000000 		.4byte	0
 1047 0014 00000000 		.4byte	0
 1048              		.section	.debug_line,"",%progbits
 1049              	.Ldebug_line0:
 1050 0000 3F020000 		.section	.debug_str,"MS",%progbits,1
 1050      0200E801 
 1050      00000201 
 1050      FB0E0D00 
 1050      01010101 
 1051              	.LASF21:
ARM GAS  C:\Users\adria\AppData\Local\Temp\cc5MA72K.s 			page 21


 1052 0000 62756666 		.ascii	"buffer_renglon1\000"
 1052      65725F72 
 1052      656E676C 
 1052      6F6E3100 
 1053              	.LASF22:
 1054 0010 62756666 		.ascii	"buffer_renglon2\000"
 1054      65725F72 
 1054      656E676C 
 1054      6F6E3200 
 1055              	.LASF4:
 1056 0020 5F5F7569 		.ascii	"__uint8_t\000"
 1056      6E74385F 
 1056      7400
 1057              	.LASF29:
 1058 002a 4C43445F 		.ascii	"LCD_Start\000"
 1058      53746172 
 1058      7400
 1059              	.LASF28:
 1060 0034 4C45445F 		.ascii	"LED_Write\000"
 1060      57726974 
 1060      6500
 1061              	.LASF5:
 1062 003e 5F5F696E 		.ascii	"__int32_t\000"
 1062      7433325F 
 1062      7400
 1063              	.LASF27:
 1064 0048 55415254 		.ascii	"UART_ClearRxBuffer\000"
 1064      5F436C65 
 1064      61725278 
 1064      42756666 
 1064      657200
 1065              	.LASF13:
 1066 005b 666C6F61 		.ascii	"float\000"
 1066      7400
 1067              	.LASF35:
 1068 0061 7374726E 		.ascii	"strncpy\000"
 1068      63707900 
 1069              	.LASF0:
 1070 0069 7369676E 		.ascii	"signed char\000"
 1070      65642063 
 1070      68617200 
 1071              	.LASF1:
 1072 0075 756E7369 		.ascii	"unsigned char\000"
 1072      676E6564 
 1072      20636861 
 1072      7200
 1073              	.LASF36:
 1074 0083 474E5520 		.ascii	"GNU C11 5.4.1 20160609 (release) [ARM/embedded-5-br"
 1074      43313120 
 1074      352E342E 
 1074      31203230 
 1074      31363036 
 1075 00b6 616E6368 		.ascii	"anch revision 237715] -mcpu=cortex-m3 -mthumb -g -O"
 1075      20726576 
 1075      6973696F 
 1075      6E203233 
 1075      37373135 
ARM GAS  C:\Users\adria\AppData\Local\Temp\cc5MA72K.s 			page 22


 1076 00e9 67202D66 		.ascii	"g -ffunction-sections -ffat-lto-objects\000"
 1076      66756E63 
 1076      74696F6E 
 1076      2D736563 
 1076      74696F6E 
 1077              	.LASF7:
 1078 0111 6C6F6E67 		.ascii	"long unsigned int\000"
 1078      20756E73 
 1078      69676E65 
 1078      6420696E 
 1078      7400
 1079              	.LASF3:
 1080 0123 73686F72 		.ascii	"short unsigned int\000"
 1080      7420756E 
 1080      7369676E 
 1080      65642069 
 1080      6E7400
 1081              	.LASF26:
 1082 0136 55415254 		.ascii	"UART_Start\000"
 1082      5F537461 
 1082      727400
 1083              	.LASF18:
 1084 0141 49544D5F 		.ascii	"ITM_RxBuffer\000"
 1084      52784275 
 1084      66666572 
 1084      00
 1085              	.LASF24:
 1086 014e 6973725F 		.ascii	"isr_ClearPending\000"
 1086      436C6561 
 1086      7250656E 
 1086      64696E67 
 1086      00
 1087              	.LASF14:
 1088 015f 646F7562 		.ascii	"double\000"
 1088      6C6500
 1089              	.LASF39:
 1090 0166 6D61696E 		.ascii	"main\000"
 1090      00
 1091              	.LASF30:
 1092 016b 4C43445F 		.ascii	"LCD_PrintString\000"
 1092      5072696E 
 1092      74537472 
 1092      696E6700 
 1093              	.LASF25:
 1094 017b 6973725F 		.ascii	"isr_StartEx\000"
 1094      53746172 
 1094      74457800 
 1095              	.LASF34:
 1096 0187 55415254 		.ascii	"UART_GetByte\000"
 1096      5F476574 
 1096      42797465 
 1096      00
 1097              	.LASF19:
 1098 0194 666C6167 		.ascii	"flag\000"
 1098      00
 1099              	.LASF10:
 1100 0199 756E7369 		.ascii	"unsigned int\000"
ARM GAS  C:\Users\adria\AppData\Local\Temp\cc5MA72K.s 			page 23


 1100      676E6564 
 1100      20696E74 
 1100      00
 1101              	.LASF33:
 1102 01a6 4C43445F 		.ascii	"LCD_ClearDisplay\000"
 1102      436C6561 
 1102      72446973 
 1102      706C6179 
 1102      00
 1103              	.LASF9:
 1104 01b7 6C6F6E67 		.ascii	"long long unsigned int\000"
 1104      206C6F6E 
 1104      6720756E 
 1104      7369676E 
 1104      65642069 
 1105              	.LASF11:
 1106 01ce 75696E74 		.ascii	"uint8_t\000"
 1106      385F7400 
 1107              	.LASF31:
 1108 01d6 4C43445F 		.ascii	"LCD_Position\000"
 1108      506F7369 
 1108      74696F6E 
 1108      00
 1109              	.LASF12:
 1110 01e3 696E7433 		.ascii	"int32_t\000"
 1110      325F7400 
 1111              	.LASF17:
 1112 01eb 73697A65 		.ascii	"sizetype\000"
 1112      74797065 
 1112      00
 1113              	.LASF8:
 1114 01f4 6C6F6E67 		.ascii	"long long int\000"
 1114      206C6F6E 
 1114      6720696E 
 1114      7400
 1115              	.LASF37:
 1116 0202 6D61696E 		.ascii	"main.c\000"
 1116      2E6300
 1117              	.LASF15:
 1118 0209 63686172 		.ascii	"char\000"
 1118      00
 1119              	.LASF38:
 1120 020e 433A5C55 		.ascii	"C:\\Users\\adria\\OneDrive\\Documents\\psoc\\lcd_7s"
 1120      73657273 
 1120      5C616472 
 1120      69615C4F 
 1120      6E654472 
 1121 023b 65675C57 		.ascii	"eg\\Workspace01\\LCD.cydsn\000"
 1121      6F726B73 
 1121      70616365 
 1121      30315C4C 
 1121      43442E63 
 1122              	.LASF2:
 1123 0254 73686F72 		.ascii	"short int\000"
 1123      7420696E 
 1123      7400
 1124              	.LASF20:
ARM GAS  C:\Users\adria\AppData\Local\Temp\cc5MA72K.s 			page 24


 1125 025e 62756666 		.ascii	"buffer\000"
 1125      657200
 1126              	.LASF6:
 1127 0265 6C6F6E67 		.ascii	"long int\000"
 1127      20696E74 
 1127      00
 1128              	.LASF16:
 1129 026e 6C6F6E67 		.ascii	"long double\000"
 1129      20646F75 
 1129      626C6500 
 1130              	.LASF23:
 1131 027a 706F7369 		.ascii	"posicion\000"
 1131      63696F6E 
 1131      00
 1132              	.LASF32:
 1133 0283 43794465 		.ascii	"CyDelay\000"
 1133      6C617900 
 1134              		.ident	"GCC: (GNU Tools for ARM Embedded Processors) 5.4.1 20160609 (release) [ARM/embedded-5-bran
