ARM GAS  C:\Users\adria\AppData\Local\Temp\ccpSksM7.s 			page 1


   1              		.syntax unified
   2              		.cpu cortex-m3
   3              		.fpu softvfp
   4              		.eabi_attribute 20, 1
   5              		.eabi_attribute 21, 1
   6              		.eabi_attribute 23, 3
   7              		.eabi_attribute 24, 1
   8              		.eabi_attribute 25, 1
   9              		.eabi_attribute 26, 1
  10              		.eabi_attribute 30, 1
  11              		.eabi_attribute 34, 1
  12              		.eabi_attribute 18, 4
  13              		.thumb
  14              		.syntax unified
  15              		.file	"UART_INT.c"
  16              		.text
  17              	.Ltext0:
  18              		.cfi_sections	.debug_frame
  19              		.section	.text.UART_RXISR,"ax",%progbits
  20              		.align	2
  21              		.global	UART_RXISR
  22              		.thumb
  23              		.thumb_func
  24              		.type	UART_RXISR, %function
  25              	UART_RXISR:
  26              	.LFB0:
  27              		.file 1 "Generated_Source\\PSoC5\\UART_INT.c"
   1:Generated_Source\PSoC5/UART_INT.c **** /*******************************************************************************
   2:Generated_Source\PSoC5/UART_INT.c **** * File Name: UARTINT.c
   3:Generated_Source\PSoC5/UART_INT.c **** * Version 2.50
   4:Generated_Source\PSoC5/UART_INT.c **** *
   5:Generated_Source\PSoC5/UART_INT.c **** * Description:
   6:Generated_Source\PSoC5/UART_INT.c **** *  This file provides all Interrupt Service functionality of the UART component
   7:Generated_Source\PSoC5/UART_INT.c **** *
   8:Generated_Source\PSoC5/UART_INT.c **** ********************************************************************************
   9:Generated_Source\PSoC5/UART_INT.c **** * Copyright 2008-2015, Cypress Semiconductor Corporation.  All rights reserved.
  10:Generated_Source\PSoC5/UART_INT.c **** * You may use this file only in accordance with the license, terms, conditions,
  11:Generated_Source\PSoC5/UART_INT.c **** * disclaimers, and limitations in the end user license agreement accompanying
  12:Generated_Source\PSoC5/UART_INT.c **** * the software package with which this file was provided.
  13:Generated_Source\PSoC5/UART_INT.c **** *******************************************************************************/
  14:Generated_Source\PSoC5/UART_INT.c **** 
  15:Generated_Source\PSoC5/UART_INT.c **** #include "UART.h"
  16:Generated_Source\PSoC5/UART_INT.c **** #include "cyapicallbacks.h"
  17:Generated_Source\PSoC5/UART_INT.c **** 
  18:Generated_Source\PSoC5/UART_INT.c **** 
  19:Generated_Source\PSoC5/UART_INT.c **** /***************************************
  20:Generated_Source\PSoC5/UART_INT.c **** * Custom Declarations
  21:Generated_Source\PSoC5/UART_INT.c **** ***************************************/
  22:Generated_Source\PSoC5/UART_INT.c **** /* `#START CUSTOM_DECLARATIONS` Place your declaration here */
  23:Generated_Source\PSoC5/UART_INT.c **** 
  24:Generated_Source\PSoC5/UART_INT.c **** /* `#END` */
  25:Generated_Source\PSoC5/UART_INT.c **** 
  26:Generated_Source\PSoC5/UART_INT.c **** #if (UART_RX_INTERRUPT_ENABLED && (UART_RX_ENABLED || UART_HD_ENABLED))
  27:Generated_Source\PSoC5/UART_INT.c ****     /*******************************************************************************
  28:Generated_Source\PSoC5/UART_INT.c ****     * Function Name: UART_RXISR
  29:Generated_Source\PSoC5/UART_INT.c ****     ********************************************************************************
  30:Generated_Source\PSoC5/UART_INT.c ****     *
ARM GAS  C:\Users\adria\AppData\Local\Temp\ccpSksM7.s 			page 2


  31:Generated_Source\PSoC5/UART_INT.c ****     * Summary:
  32:Generated_Source\PSoC5/UART_INT.c ****     *  Interrupt Service Routine for RX portion of the UART
  33:Generated_Source\PSoC5/UART_INT.c ****     *
  34:Generated_Source\PSoC5/UART_INT.c ****     * Parameters:
  35:Generated_Source\PSoC5/UART_INT.c ****     *  None.
  36:Generated_Source\PSoC5/UART_INT.c ****     *
  37:Generated_Source\PSoC5/UART_INT.c ****     * Return:
  38:Generated_Source\PSoC5/UART_INT.c ****     *  None.
  39:Generated_Source\PSoC5/UART_INT.c ****     *
  40:Generated_Source\PSoC5/UART_INT.c ****     * Global Variables:
  41:Generated_Source\PSoC5/UART_INT.c ****     *  UART_rxBuffer - RAM buffer pointer for save received data.
  42:Generated_Source\PSoC5/UART_INT.c ****     *  UART_rxBufferWrite - cyclic index for write to rxBuffer,
  43:Generated_Source\PSoC5/UART_INT.c ****     *     increments after each byte saved to buffer.
  44:Generated_Source\PSoC5/UART_INT.c ****     *  UART_rxBufferRead - cyclic index for read from rxBuffer,
  45:Generated_Source\PSoC5/UART_INT.c ****     *     checked to detect overflow condition.
  46:Generated_Source\PSoC5/UART_INT.c ****     *  UART_rxBufferOverflow - software overflow flag. Set to one
  47:Generated_Source\PSoC5/UART_INT.c ****     *     when UART_rxBufferWrite index overtakes
  48:Generated_Source\PSoC5/UART_INT.c ****     *     UART_rxBufferRead index.
  49:Generated_Source\PSoC5/UART_INT.c ****     *  UART_rxBufferLoopDetect - additional variable to detect overflow.
  50:Generated_Source\PSoC5/UART_INT.c ****     *     Set to one when UART_rxBufferWrite is equal to
  51:Generated_Source\PSoC5/UART_INT.c ****     *    UART_rxBufferRead
  52:Generated_Source\PSoC5/UART_INT.c ****     *  UART_rxAddressMode - this variable contains the Address mode,
  53:Generated_Source\PSoC5/UART_INT.c ****     *     selected in customizer or set by UART_SetRxAddressMode() API.
  54:Generated_Source\PSoC5/UART_INT.c ****     *  UART_rxAddressDetected - set to 1 when correct address received,
  55:Generated_Source\PSoC5/UART_INT.c ****     *     and analysed to store following addressed data bytes to the buffer.
  56:Generated_Source\PSoC5/UART_INT.c ****     *     When not correct address received, set to 0 to skip following data bytes.
  57:Generated_Source\PSoC5/UART_INT.c ****     *
  58:Generated_Source\PSoC5/UART_INT.c ****     *******************************************************************************/
  59:Generated_Source\PSoC5/UART_INT.c ****     CY_ISR(UART_RXISR)
  60:Generated_Source\PSoC5/UART_INT.c ****     {
  28              		.loc 1 60 0
  29              		.cfi_startproc
  30              		@ args = 0, pretend = 0, frame = 0
  31              		@ frame_needed = 0, uses_anonymous_args = 0
  32              		@ link register save eliminated.
  33 0000 10B4     		push	{r4}
  34              		.cfi_def_cfa_offset 4
  35              		.cfi_offset 4, -4
  36              	.LVL0:
  61:Generated_Source\PSoC5/UART_INT.c ****         uint8 readData;
  62:Generated_Source\PSoC5/UART_INT.c ****         uint8 readStatus;
  63:Generated_Source\PSoC5/UART_INT.c ****         uint8 increment_pointer = 0u;
  37              		.loc 1 63 0
  38 0002 0020     		movs	r0, #0
  39              	.LVL1:
  40              	.L10:
  64:Generated_Source\PSoC5/UART_INT.c **** 
  65:Generated_Source\PSoC5/UART_INT.c ****     #if(CY_PSOC3)
  66:Generated_Source\PSoC5/UART_INT.c ****         uint8 int_en;
  67:Generated_Source\PSoC5/UART_INT.c ****     #endif /* (CY_PSOC3) */
  68:Generated_Source\PSoC5/UART_INT.c **** 
  69:Generated_Source\PSoC5/UART_INT.c ****     #ifdef UART_RXISR_ENTRY_CALLBACK
  70:Generated_Source\PSoC5/UART_INT.c ****         UART_RXISR_EntryCallback();
  71:Generated_Source\PSoC5/UART_INT.c ****     #endif /* UART_RXISR_ENTRY_CALLBACK */
  72:Generated_Source\PSoC5/UART_INT.c **** 
  73:Generated_Source\PSoC5/UART_INT.c ****         /* User code required at start of ISR */
  74:Generated_Source\PSoC5/UART_INT.c ****         /* `#START UART_RXISR_START` */
ARM GAS  C:\Users\adria\AppData\Local\Temp\ccpSksM7.s 			page 3


  75:Generated_Source\PSoC5/UART_INT.c **** 
  76:Generated_Source\PSoC5/UART_INT.c ****         /* `#END` */
  77:Generated_Source\PSoC5/UART_INT.c **** 
  78:Generated_Source\PSoC5/UART_INT.c ****     #if(CY_PSOC3)   /* Make sure nested interrupt is enabled */
  79:Generated_Source\PSoC5/UART_INT.c ****         int_en = EA;
  80:Generated_Source\PSoC5/UART_INT.c ****         CyGlobalIntEnable;
  81:Generated_Source\PSoC5/UART_INT.c ****     #endif /* (CY_PSOC3) */
  82:Generated_Source\PSoC5/UART_INT.c **** 
  83:Generated_Source\PSoC5/UART_INT.c ****         do
  84:Generated_Source\PSoC5/UART_INT.c ****         {
  85:Generated_Source\PSoC5/UART_INT.c ****             /* Read receiver status register */
  86:Generated_Source\PSoC5/UART_INT.c ****             readStatus = UART_RXSTATUS_REG;
  41              		.loc 1 86 0
  42 0004 2E4B     		ldr	r3, .L12
  43 0006 1B78     		ldrb	r3, [r3]	@ zero_extendqisi2
  44 0008 DBB2     		uxtb	r3, r3
  45              	.LVL2:
  87:Generated_Source\PSoC5/UART_INT.c ****             /* Copy the same status to readData variable for backward compatibility support 
  88:Generated_Source\PSoC5/UART_INT.c ****             *  of the user code in UART_RXISR_ERROR` section. 
  89:Generated_Source\PSoC5/UART_INT.c ****             */
  90:Generated_Source\PSoC5/UART_INT.c ****             readData = readStatus;
  91:Generated_Source\PSoC5/UART_INT.c **** 
  92:Generated_Source\PSoC5/UART_INT.c ****             if((readStatus & (UART_RX_STS_BREAK | 
  46              		.loc 1 92 0
  47 000a 13F01E0F 		tst	r3, #30
  48 000e 05D0     		beq	.L2
  93:Generated_Source\PSoC5/UART_INT.c ****                             UART_RX_STS_PAR_ERROR |
  94:Generated_Source\PSoC5/UART_INT.c ****                             UART_RX_STS_STOP_ERROR | 
  95:Generated_Source\PSoC5/UART_INT.c ****                             UART_RX_STS_OVERRUN)) != 0u)
  96:Generated_Source\PSoC5/UART_INT.c ****             {
  97:Generated_Source\PSoC5/UART_INT.c ****                 /* ERROR handling. */
  98:Generated_Source\PSoC5/UART_INT.c ****                 UART_errorStatus |= readStatus & ( UART_RX_STS_BREAK | 
  49              		.loc 1 98 0
  50 0010 2C4C     		ldr	r4, .L12+4
  51 0012 03F01E02 		and	r2, r3, #30
  52 0016 2178     		ldrb	r1, [r4]	@ zero_extendqisi2
  53 0018 0A43     		orrs	r2, r2, r1
  54 001a 2270     		strb	r2, [r4]
  55              	.L2:
  56 001c 03F02002 		and	r2, r3, #32
  99:Generated_Source\PSoC5/UART_INT.c ****                                                             UART_RX_STS_PAR_ERROR | 
 100:Generated_Source\PSoC5/UART_INT.c ****                                                             UART_RX_STS_STOP_ERROR | 
 101:Generated_Source\PSoC5/UART_INT.c ****                                                             UART_RX_STS_OVERRUN);
 102:Generated_Source\PSoC5/UART_INT.c ****                 /* `#START UART_RXISR_ERROR` */
 103:Generated_Source\PSoC5/UART_INT.c **** 
 104:Generated_Source\PSoC5/UART_INT.c ****                 /* `#END` */
 105:Generated_Source\PSoC5/UART_INT.c ****                 
 106:Generated_Source\PSoC5/UART_INT.c ****             #ifdef UART_RXISR_ERROR_CALLBACK
 107:Generated_Source\PSoC5/UART_INT.c ****                 UART_RXISR_ERROR_Callback();
 108:Generated_Source\PSoC5/UART_INT.c ****             #endif /* UART_RXISR_ERROR_CALLBACK */
 109:Generated_Source\PSoC5/UART_INT.c ****             }
 110:Generated_Source\PSoC5/UART_INT.c ****             
 111:Generated_Source\PSoC5/UART_INT.c ****             if((readStatus & UART_RX_STS_FIFO_NOTEMPTY) != 0u)
  57              		.loc 1 111 0
  58 0020 02F0FF01 		and	r1, r2, #255
  59 0024 002A     		cmp	r2, #0
  60 0026 46D0     		beq	.L3
ARM GAS  C:\Users\adria\AppData\Local\Temp\ccpSksM7.s 			page 4


 112:Generated_Source\PSoC5/UART_INT.c ****             {
 113:Generated_Source\PSoC5/UART_INT.c ****                 /* Read data from the RX data register */
 114:Generated_Source\PSoC5/UART_INT.c ****                 readData = UART_RXDATA_REG;
  61              		.loc 1 114 0
  62 0028 274A     		ldr	r2, .L12+8
  63 002a 1278     		ldrb	r2, [r2]	@ zero_extendqisi2
  64 002c D4B2     		uxtb	r4, r2
  65              	.LVL3:
 115:Generated_Source\PSoC5/UART_INT.c ****             #if (UART_RXHW_ADDRESS_ENABLED)
 116:Generated_Source\PSoC5/UART_INT.c ****                 if(UART_rxAddressMode == (uint8)UART__B_UART__AM_SW_DETECT_TO_BUFFER)
  66              		.loc 1 116 0
  67 002e 274A     		ldr	r2, .L12+12
  68 0030 1278     		ldrb	r2, [r2]	@ zero_extendqisi2
  69 0032 D2B2     		uxtb	r2, r2
  70 0034 022A     		cmp	r2, #2
  71 0036 18D1     		bne	.L4
 117:Generated_Source\PSoC5/UART_INT.c ****                 {
 118:Generated_Source\PSoC5/UART_INT.c ****                     if((readStatus & UART_RX_STS_MRKSPC) != 0u)
  72              		.loc 1 118 0
  73 0038 13F0010F 		tst	r3, #1
  74 003c 09D0     		beq	.L5
 119:Generated_Source\PSoC5/UART_INT.c ****                     {
 120:Generated_Source\PSoC5/UART_INT.c ****                         if ((readStatus & UART_RX_STS_ADDR_MATCH) != 0u)
  75              		.loc 1 120 0
  76 003e 13F0400F 		tst	r3, #64
  77 0042 03D0     		beq	.L6
 121:Generated_Source\PSoC5/UART_INT.c ****                         {
 122:Generated_Source\PSoC5/UART_INT.c ****                             UART_rxAddressDetected = 1u;
  78              		.loc 1 122 0
  79 0044 0122     		movs	r2, #1
  80 0046 224B     		ldr	r3, .L12+16
  81              	.LVL4:
  82 0048 1A70     		strb	r2, [r3]
  83 004a 02E0     		b	.L5
  84              	.LVL5:
  85              	.L6:
 123:Generated_Source\PSoC5/UART_INT.c ****                         }
 124:Generated_Source\PSoC5/UART_INT.c ****                         else
 125:Generated_Source\PSoC5/UART_INT.c ****                         {
 126:Generated_Source\PSoC5/UART_INT.c ****                             UART_rxAddressDetected = 0u;
  86              		.loc 1 126 0
  87 004c 0022     		movs	r2, #0
  88 004e 204B     		ldr	r3, .L12+16
  89              	.LVL6:
  90 0050 1A70     		strb	r2, [r3]
  91              	.L5:
 127:Generated_Source\PSoC5/UART_INT.c ****                         }
 128:Generated_Source\PSoC5/UART_INT.c ****                     }
 129:Generated_Source\PSoC5/UART_INT.c ****                     if(UART_rxAddressDetected != 0u)
  92              		.loc 1 129 0
  93 0052 1F4B     		ldr	r3, .L12+16
  94 0054 1B78     		ldrb	r3, [r3]	@ zero_extendqisi2
  95 0056 13F0FF0F 		tst	r3, #255
  96 005a 0CD0     		beq	.L7
 130:Generated_Source\PSoC5/UART_INT.c ****                     {   /* Store only addressed data */
 131:Generated_Source\PSoC5/UART_INT.c ****                         UART_rxBuffer[UART_rxBufferWrite] = readData;
  97              		.loc 1 131 0
ARM GAS  C:\Users\adria\AppData\Local\Temp\ccpSksM7.s 			page 5


  98 005c 1D4B     		ldr	r3, .L12+20
  99 005e 1B78     		ldrb	r3, [r3]	@ zero_extendqisi2
 100 0060 DBB2     		uxtb	r3, r3
 101 0062 1D4A     		ldr	r2, .L12+24
 102 0064 D454     		strb	r4, [r2, r3]
 103              	.LVL7:
 132:Generated_Source\PSoC5/UART_INT.c ****                         increment_pointer = 1u;
 104              		.loc 1 132 0
 105 0066 0120     		movs	r0, #1
 106 0068 05E0     		b	.L7
 107              	.LVL8:
 108              	.L4:
 133:Generated_Source\PSoC5/UART_INT.c ****                     }
 134:Generated_Source\PSoC5/UART_INT.c ****                 }
 135:Generated_Source\PSoC5/UART_INT.c ****                 else /* Without software addressing */
 136:Generated_Source\PSoC5/UART_INT.c ****                 {
 137:Generated_Source\PSoC5/UART_INT.c ****                     UART_rxBuffer[UART_rxBufferWrite] = readData;
 109              		.loc 1 137 0
 110 006a 1A4B     		ldr	r3, .L12+20
 111              	.LVL9:
 112 006c 1B78     		ldrb	r3, [r3]	@ zero_extendqisi2
 113 006e DBB2     		uxtb	r3, r3
 114 0070 194A     		ldr	r2, .L12+24
 115 0072 D454     		strb	r4, [r2, r3]
 116              	.LVL10:
 138:Generated_Source\PSoC5/UART_INT.c ****                     increment_pointer = 1u;
 117              		.loc 1 138 0
 118 0074 0120     		movs	r0, #1
 119              	.LVL11:
 120              	.L7:
 139:Generated_Source\PSoC5/UART_INT.c ****                 }
 140:Generated_Source\PSoC5/UART_INT.c ****             #else  /* Without addressing */
 141:Generated_Source\PSoC5/UART_INT.c ****                 UART_rxBuffer[UART_rxBufferWrite] = readData;
 142:Generated_Source\PSoC5/UART_INT.c ****                 increment_pointer = 1u;
 143:Generated_Source\PSoC5/UART_INT.c ****             #endif /* (UART_RXHW_ADDRESS_ENABLED) */
 144:Generated_Source\PSoC5/UART_INT.c **** 
 145:Generated_Source\PSoC5/UART_INT.c ****                 /* Do not increment buffer pointer when skip not addressed data */
 146:Generated_Source\PSoC5/UART_INT.c ****                 if(increment_pointer != 0u)
 121              		.loc 1 146 0
 122 0076 F0B1     		cbz	r0, .L3
 147:Generated_Source\PSoC5/UART_INT.c ****                 {
 148:Generated_Source\PSoC5/UART_INT.c ****                     if(UART_rxBufferLoopDetect != 0u)
 123              		.loc 1 148 0
 124 0078 184B     		ldr	r3, .L12+28
 125 007a 1B78     		ldrb	r3, [r3]	@ zero_extendqisi2
 126 007c 13F0FF0F 		tst	r3, #255
 127 0080 02D0     		beq	.L8
 149:Generated_Source\PSoC5/UART_INT.c ****                     {   /* Set Software Buffer status Overflow */
 150:Generated_Source\PSoC5/UART_INT.c ****                         UART_rxBufferOverflow = 1u;
 128              		.loc 1 150 0
 129 0082 0122     		movs	r2, #1
 130 0084 164B     		ldr	r3, .L12+32
 131 0086 1A70     		strb	r2, [r3]
 132              	.L8:
 151:Generated_Source\PSoC5/UART_INT.c ****                     }
 152:Generated_Source\PSoC5/UART_INT.c ****                     /* Set next pointer. */
 153:Generated_Source\PSoC5/UART_INT.c ****                     UART_rxBufferWrite++;
ARM GAS  C:\Users\adria\AppData\Local\Temp\ccpSksM7.s 			page 6


 133              		.loc 1 153 0
 134 0088 124A     		ldr	r2, .L12+20
 135 008a 1378     		ldrb	r3, [r2]	@ zero_extendqisi2
 136 008c 0133     		adds	r3, r3, #1
 137 008e DBB2     		uxtb	r3, r3
 138 0090 1370     		strb	r3, [r2]
 154:Generated_Source\PSoC5/UART_INT.c **** 
 155:Generated_Source\PSoC5/UART_INT.c ****                     /* Check pointer for a loop condition */
 156:Generated_Source\PSoC5/UART_INT.c ****                     if(UART_rxBufferWrite >= UART_RX_BUFFER_SIZE)
 139              		.loc 1 156 0
 140 0092 1378     		ldrb	r3, [r2]	@ zero_extendqisi2
 141 0094 DBB2     		uxtb	r3, r3
 142 0096 0F2B     		cmp	r3, #15
 143 0098 02D9     		bls	.L9
 157:Generated_Source\PSoC5/UART_INT.c ****                     {
 158:Generated_Source\PSoC5/UART_INT.c ****                         UART_rxBufferWrite = 0u;
 144              		.loc 1 158 0
 145 009a 0022     		movs	r2, #0
 146 009c 0D4B     		ldr	r3, .L12+20
 147 009e 1A70     		strb	r2, [r3]
 148              	.L9:
 159:Generated_Source\PSoC5/UART_INT.c ****                     }
 160:Generated_Source\PSoC5/UART_INT.c **** 
 161:Generated_Source\PSoC5/UART_INT.c ****                     /* Detect pre-overload condition and set flag */
 162:Generated_Source\PSoC5/UART_INT.c ****                     if(UART_rxBufferWrite == UART_rxBufferRead)
 149              		.loc 1 162 0
 150 00a0 0C4B     		ldr	r3, .L12+20
 151 00a2 1A78     		ldrb	r2, [r3]	@ zero_extendqisi2
 152 00a4 D2B2     		uxtb	r2, r2
 153 00a6 0F4B     		ldr	r3, .L12+36
 154 00a8 1B78     		ldrb	r3, [r3]	@ zero_extendqisi2
 155 00aa DBB2     		uxtb	r3, r3
 156 00ac 9A42     		cmp	r2, r3
 157 00ae 02D1     		bne	.L3
 163:Generated_Source\PSoC5/UART_INT.c ****                     {
 164:Generated_Source\PSoC5/UART_INT.c ****                         UART_rxBufferLoopDetect = 1u;
 158              		.loc 1 164 0
 159 00b0 0122     		movs	r2, #1
 160 00b2 0A4B     		ldr	r3, .L12+28
 161 00b4 1A70     		strb	r2, [r3]
 162              	.LVL12:
 163              	.L3:
 165:Generated_Source\PSoC5/UART_INT.c ****                         /* When Hardware Flow Control selected */
 166:Generated_Source\PSoC5/UART_INT.c ****                         #if (UART_FLOW_CONTROL != 0u)
 167:Generated_Source\PSoC5/UART_INT.c ****                             /* Disable RX interrupt mask, it is enabled when user read data from th
 168:Generated_Source\PSoC5/UART_INT.c ****                             UART_RXSTATUS_MASK_REG  &= (uint8)~UART_RX_STS_FIFO_NOTEMPTY;
 169:Generated_Source\PSoC5/UART_INT.c ****                             CyIntClearPending(UART_RX_VECT_NUM);
 170:Generated_Source\PSoC5/UART_INT.c ****                             break; /* Break the reading of the FIFO loop, leave the data there for 
 171:Generated_Source\PSoC5/UART_INT.c ****                         #endif /* (UART_FLOW_CONTROL != 0u) */
 172:Generated_Source\PSoC5/UART_INT.c ****                     }
 173:Generated_Source\PSoC5/UART_INT.c ****                 }
 174:Generated_Source\PSoC5/UART_INT.c ****             }
 175:Generated_Source\PSoC5/UART_INT.c ****         }while((readStatus & UART_RX_STS_FIFO_NOTEMPTY) != 0u);
 164              		.loc 1 175 0
 165 00b6 0029     		cmp	r1, #0
 166 00b8 A4D1     		bne	.L10
 176:Generated_Source\PSoC5/UART_INT.c **** 
ARM GAS  C:\Users\adria\AppData\Local\Temp\ccpSksM7.s 			page 7


 177:Generated_Source\PSoC5/UART_INT.c ****         /* User code required at end of ISR (Optional) */
 178:Generated_Source\PSoC5/UART_INT.c ****         /* `#START UART_RXISR_END` */
 179:Generated_Source\PSoC5/UART_INT.c **** 
 180:Generated_Source\PSoC5/UART_INT.c ****         /* `#END` */
 181:Generated_Source\PSoC5/UART_INT.c **** 
 182:Generated_Source\PSoC5/UART_INT.c ****     #ifdef UART_RXISR_EXIT_CALLBACK
 183:Generated_Source\PSoC5/UART_INT.c ****         UART_RXISR_ExitCallback();
 184:Generated_Source\PSoC5/UART_INT.c ****     #endif /* UART_RXISR_EXIT_CALLBACK */
 185:Generated_Source\PSoC5/UART_INT.c **** 
 186:Generated_Source\PSoC5/UART_INT.c ****     #if(CY_PSOC3)
 187:Generated_Source\PSoC5/UART_INT.c ****         EA = int_en;
 188:Generated_Source\PSoC5/UART_INT.c ****     #endif /* (CY_PSOC3) */
 189:Generated_Source\PSoC5/UART_INT.c ****     }
 167              		.loc 1 189 0
 168 00ba 10BC     		pop	{r4}
 169              		.cfi_restore 4
 170              		.cfi_def_cfa_offset 0
 171 00bc 7047     		bx	lr
 172              	.L13:
 173 00be 00BF     		.align	2
 174              	.L12:
 175 00c0 6B640040 		.word	1073767531
 176 00c4 00000000 		.word	UART_errorStatus
 177 00c8 48650040 		.word	1073767752
 178 00cc 00000000 		.word	UART_rxAddressMode
 179 00d0 00000000 		.word	UART_rxAddressDetected
 180 00d4 00000000 		.word	UART_rxBufferWrite
 181 00d8 00000000 		.word	UART_rxBuffer
 182 00dc 00000000 		.word	UART_rxBufferLoopDetect
 183 00e0 00000000 		.word	UART_rxBufferOverflow
 184 00e4 00000000 		.word	UART_rxBufferRead
 185              		.cfi_endproc
 186              	.LFE0:
 187              		.size	UART_RXISR, .-UART_RXISR
 188              		.text
 189              	.Letext0:
 190              		.file 2 "Generated_Source\\PSoC5\\cytypes.h"
 191              		.file 3 "Generated_Source\\PSoC5\\UART.h"
 192              		.section	.debug_info,"",%progbits
 193              	.Ldebug_info0:
 194 0000 60010000 		.4byte	0x160
 195 0004 0400     		.2byte	0x4
 196 0006 00000000 		.4byte	.Ldebug_abbrev0
 197 000a 04       		.byte	0x4
 198 000b 01       		.uleb128 0x1
 199 000c A8000000 		.4byte	.LASF27
 200 0010 0C       		.byte	0xc
 201 0011 4E020000 		.4byte	.LASF28
 202 0015 00000000 		.4byte	.LASF29
 203 0019 00000000 		.4byte	.Ldebug_ranges0+0
 204 001d 00000000 		.4byte	0
 205 0021 00000000 		.4byte	.Ldebug_line0
 206 0025 02       		.uleb128 0x2
 207 0026 01       		.byte	0x1
 208 0027 06       		.byte	0x6
 209 0028 42020000 		.4byte	.LASF0
 210 002c 02       		.uleb128 0x2
ARM GAS  C:\Users\adria\AppData\Local\Temp\ccpSksM7.s 			page 8


 211 002d 01       		.byte	0x1
 212 002e 08       		.byte	0x8
 213 002f 9A000000 		.4byte	.LASF1
 214 0033 02       		.uleb128 0x2
 215 0034 02       		.byte	0x2
 216 0035 05       		.byte	0x5
 217 0036 1E020000 		.4byte	.LASF2
 218 003a 02       		.uleb128 0x2
 219 003b 02       		.byte	0x2
 220 003c 07       		.byte	0x7
 221 003d 71000000 		.4byte	.LASF3
 222 0041 02       		.uleb128 0x2
 223 0042 04       		.byte	0x4
 224 0043 05       		.byte	0x5
 225 0044 28020000 		.4byte	.LASF4
 226 0048 02       		.uleb128 0x2
 227 0049 04       		.byte	0x4
 228 004a 07       		.byte	0x7
 229 004b 3B010000 		.4byte	.LASF5
 230 004f 02       		.uleb128 0x2
 231 0050 08       		.byte	0x8
 232 0051 05       		.byte	0x5
 233 0052 E6010000 		.4byte	.LASF6
 234 0056 02       		.uleb128 0x2
 235 0057 08       		.byte	0x8
 236 0058 07       		.byte	0x7
 237 0059 B0010000 		.4byte	.LASF7
 238 005d 03       		.uleb128 0x3
 239 005e 04       		.byte	0x4
 240 005f 05       		.byte	0x5
 241 0060 696E7400 		.ascii	"int\000"
 242 0064 02       		.uleb128 0x2
 243 0065 04       		.byte	0x4
 244 0066 07       		.byte	0x7
 245 0067 A3010000 		.4byte	.LASF8
 246 006b 04       		.uleb128 0x4
 247 006c 4D010000 		.4byte	.LASF12
 248 0070 02       		.byte	0x2
 249 0071 E801     		.2byte	0x1e8
 250 0073 2C000000 		.4byte	0x2c
 251 0077 02       		.uleb128 0x2
 252 0078 04       		.byte	0x4
 253 0079 04       		.byte	0x4
 254 007a 6B000000 		.4byte	.LASF9
 255 007e 02       		.uleb128 0x2
 256 007f 08       		.byte	0x8
 257 0080 04       		.byte	0x4
 258 0081 78010000 		.4byte	.LASF10
 259 0085 02       		.uleb128 0x2
 260 0086 01       		.byte	0x1
 261 0087 08       		.byte	0x8
 262 0088 31020000 		.4byte	.LASF11
 263 008c 04       		.uleb128 0x4
 264 008d 36010000 		.4byte	.LASF13
 265 0091 02       		.byte	0x2
 266 0092 9202     		.2byte	0x292
 267 0094 98000000 		.4byte	0x98
ARM GAS  C:\Users\adria\AppData\Local\Temp\ccpSksM7.s 			page 9


 268 0098 05       		.uleb128 0x5
 269 0099 6B000000 		.4byte	0x6b
 270 009d 02       		.uleb128 0x2
 271 009e 08       		.byte	0x8
 272 009f 04       		.byte	0x4
 273 00a0 36020000 		.4byte	.LASF14
 274 00a4 02       		.uleb128 0x2
 275 00a5 04       		.byte	0x4
 276 00a6 07       		.byte	0x7
 277 00a7 DD010000 		.4byte	.LASF15
 278 00ab 06       		.uleb128 0x6
 279 00ac 84000000 		.4byte	.LASF30
 280 00b0 01       		.byte	0x1
 281 00b1 3B       		.byte	0x3b
 282 00b2 00000000 		.4byte	.LFB0
 283 00b6 E8000000 		.4byte	.LFE0-.LFB0
 284 00ba 01       		.uleb128 0x1
 285 00bb 9C       		.byte	0x9c
 286 00bc EE000000 		.4byte	0xee
 287 00c0 07       		.uleb128 0x7
 288 00c1 70020000 		.4byte	.LASF16
 289 00c5 01       		.byte	0x1
 290 00c6 3D       		.byte	0x3d
 291 00c7 6B000000 		.4byte	0x6b
 292 00cb 00000000 		.4byte	.LLST0
 293 00cf 07       		.uleb128 0x7
 294 00d0 8F000000 		.4byte	.LASF17
 295 00d4 01       		.byte	0x1
 296 00d5 3E       		.byte	0x3e
 297 00d6 6B000000 		.4byte	0x6b
 298 00da 1E000000 		.4byte	.LLST1
 299 00de 07       		.uleb128 0x7
 300 00df F4010000 		.4byte	.LASF18
 301 00e3 01       		.byte	0x1
 302 00e4 3F       		.byte	0x3f
 303 00e5 6B000000 		.4byte	0x6b
 304 00e9 47000000 		.4byte	.LLST2
 305 00ed 00       		.byte	0
 306 00ee 08       		.uleb128 0x8
 307 00ef 7F010000 		.4byte	.LASF19
 308 00f3 03       		.byte	0x3
 309 00f4 3D01     		.2byte	0x13d
 310 00f6 6B000000 		.4byte	0x6b
 311 00fa 09       		.uleb128 0x9
 312 00fb 98000000 		.4byte	0x98
 313 00ff 0A010000 		.4byte	0x10a
 314 0103 0A       		.uleb128 0xa
 315 0104 A4000000 		.4byte	0xa4
 316 0108 0F       		.byte	0xf
 317 0109 00       		.byte	0
 318 010a 08       		.uleb128 0x8
 319 010b 53010000 		.4byte	.LASF20
 320 010f 03       		.byte	0x3
 321 0110 3E01     		.2byte	0x13e
 322 0112 16010000 		.4byte	0x116
 323 0116 05       		.uleb128 0x5
 324 0117 FA000000 		.4byte	0xfa
ARM GAS  C:\Users\adria\AppData\Local\Temp\ccpSksM7.s 			page 10


 325 011b 08       		.uleb128 0x8
 326 011c 46000000 		.4byte	.LASF21
 327 0120 03       		.byte	0x3
 328 0121 3F01     		.2byte	0x13f
 329 0123 98000000 		.4byte	0x98
 330 0127 08       		.uleb128 0x8
 331 0128 90010000 		.4byte	.LASF22
 332 012c 03       		.byte	0x3
 333 012d 4001     		.2byte	0x140
 334 012f 98000000 		.4byte	0x98
 335 0133 08       		.uleb128 0x8
 336 0134 06020000 		.4byte	.LASF23
 337 0138 03       		.byte	0x3
 338 0139 4101     		.2byte	0x141
 339 013b 98000000 		.4byte	0x98
 340 013f 08       		.uleb128 0x8
 341 0140 C7010000 		.4byte	.LASF24
 342 0144 03       		.byte	0x3
 343 0145 4201     		.2byte	0x142
 344 0147 98000000 		.4byte	0x98
 345 014b 08       		.uleb128 0x8
 346 014c 58000000 		.4byte	.LASF25
 347 0150 03       		.byte	0x3
 348 0151 4401     		.2byte	0x144
 349 0153 98000000 		.4byte	0x98
 350 0157 08       		.uleb128 0x8
 351 0158 61010000 		.4byte	.LASF26
 352 015c 03       		.byte	0x3
 353 015d 4501     		.2byte	0x145
 354 015f 98000000 		.4byte	0x98
 355 0163 00       		.byte	0
 356              		.section	.debug_abbrev,"",%progbits
 357              	.Ldebug_abbrev0:
 358 0000 01       		.uleb128 0x1
 359 0001 11       		.uleb128 0x11
 360 0002 01       		.byte	0x1
 361 0003 25       		.uleb128 0x25
 362 0004 0E       		.uleb128 0xe
 363 0005 13       		.uleb128 0x13
 364 0006 0B       		.uleb128 0xb
 365 0007 03       		.uleb128 0x3
 366 0008 0E       		.uleb128 0xe
 367 0009 1B       		.uleb128 0x1b
 368 000a 0E       		.uleb128 0xe
 369 000b 55       		.uleb128 0x55
 370 000c 17       		.uleb128 0x17
 371 000d 11       		.uleb128 0x11
 372 000e 01       		.uleb128 0x1
 373 000f 10       		.uleb128 0x10
 374 0010 17       		.uleb128 0x17
 375 0011 00       		.byte	0
 376 0012 00       		.byte	0
 377 0013 02       		.uleb128 0x2
 378 0014 24       		.uleb128 0x24
 379 0015 00       		.byte	0
 380 0016 0B       		.uleb128 0xb
 381 0017 0B       		.uleb128 0xb
ARM GAS  C:\Users\adria\AppData\Local\Temp\ccpSksM7.s 			page 11


 382 0018 3E       		.uleb128 0x3e
 383 0019 0B       		.uleb128 0xb
 384 001a 03       		.uleb128 0x3
 385 001b 0E       		.uleb128 0xe
 386 001c 00       		.byte	0
 387 001d 00       		.byte	0
 388 001e 03       		.uleb128 0x3
 389 001f 24       		.uleb128 0x24
 390 0020 00       		.byte	0
 391 0021 0B       		.uleb128 0xb
 392 0022 0B       		.uleb128 0xb
 393 0023 3E       		.uleb128 0x3e
 394 0024 0B       		.uleb128 0xb
 395 0025 03       		.uleb128 0x3
 396 0026 08       		.uleb128 0x8
 397 0027 00       		.byte	0
 398 0028 00       		.byte	0
 399 0029 04       		.uleb128 0x4
 400 002a 16       		.uleb128 0x16
 401 002b 00       		.byte	0
 402 002c 03       		.uleb128 0x3
 403 002d 0E       		.uleb128 0xe
 404 002e 3A       		.uleb128 0x3a
 405 002f 0B       		.uleb128 0xb
 406 0030 3B       		.uleb128 0x3b
 407 0031 05       		.uleb128 0x5
 408 0032 49       		.uleb128 0x49
 409 0033 13       		.uleb128 0x13
 410 0034 00       		.byte	0
 411 0035 00       		.byte	0
 412 0036 05       		.uleb128 0x5
 413 0037 35       		.uleb128 0x35
 414 0038 00       		.byte	0
 415 0039 49       		.uleb128 0x49
 416 003a 13       		.uleb128 0x13
 417 003b 00       		.byte	0
 418 003c 00       		.byte	0
 419 003d 06       		.uleb128 0x6
 420 003e 2E       		.uleb128 0x2e
 421 003f 01       		.byte	0x1
 422 0040 3F       		.uleb128 0x3f
 423 0041 19       		.uleb128 0x19
 424 0042 03       		.uleb128 0x3
 425 0043 0E       		.uleb128 0xe
 426 0044 3A       		.uleb128 0x3a
 427 0045 0B       		.uleb128 0xb
 428 0046 3B       		.uleb128 0x3b
 429 0047 0B       		.uleb128 0xb
 430 0048 27       		.uleb128 0x27
 431 0049 19       		.uleb128 0x19
 432 004a 11       		.uleb128 0x11
 433 004b 01       		.uleb128 0x1
 434 004c 12       		.uleb128 0x12
 435 004d 06       		.uleb128 0x6
 436 004e 40       		.uleb128 0x40
 437 004f 18       		.uleb128 0x18
 438 0050 9742     		.uleb128 0x2117
ARM GAS  C:\Users\adria\AppData\Local\Temp\ccpSksM7.s 			page 12


 439 0052 19       		.uleb128 0x19
 440 0053 01       		.uleb128 0x1
 441 0054 13       		.uleb128 0x13
 442 0055 00       		.byte	0
 443 0056 00       		.byte	0
 444 0057 07       		.uleb128 0x7
 445 0058 34       		.uleb128 0x34
 446 0059 00       		.byte	0
 447 005a 03       		.uleb128 0x3
 448 005b 0E       		.uleb128 0xe
 449 005c 3A       		.uleb128 0x3a
 450 005d 0B       		.uleb128 0xb
 451 005e 3B       		.uleb128 0x3b
 452 005f 0B       		.uleb128 0xb
 453 0060 49       		.uleb128 0x49
 454 0061 13       		.uleb128 0x13
 455 0062 02       		.uleb128 0x2
 456 0063 17       		.uleb128 0x17
 457 0064 00       		.byte	0
 458 0065 00       		.byte	0
 459 0066 08       		.uleb128 0x8
 460 0067 34       		.uleb128 0x34
 461 0068 00       		.byte	0
 462 0069 03       		.uleb128 0x3
 463 006a 0E       		.uleb128 0xe
 464 006b 3A       		.uleb128 0x3a
 465 006c 0B       		.uleb128 0xb
 466 006d 3B       		.uleb128 0x3b
 467 006e 05       		.uleb128 0x5
 468 006f 49       		.uleb128 0x49
 469 0070 13       		.uleb128 0x13
 470 0071 3F       		.uleb128 0x3f
 471 0072 19       		.uleb128 0x19
 472 0073 3C       		.uleb128 0x3c
 473 0074 19       		.uleb128 0x19
 474 0075 00       		.byte	0
 475 0076 00       		.byte	0
 476 0077 09       		.uleb128 0x9
 477 0078 01       		.uleb128 0x1
 478 0079 01       		.byte	0x1
 479 007a 49       		.uleb128 0x49
 480 007b 13       		.uleb128 0x13
 481 007c 01       		.uleb128 0x1
 482 007d 13       		.uleb128 0x13
 483 007e 00       		.byte	0
 484 007f 00       		.byte	0
 485 0080 0A       		.uleb128 0xa
 486 0081 21       		.uleb128 0x21
 487 0082 00       		.byte	0
 488 0083 49       		.uleb128 0x49
 489 0084 13       		.uleb128 0x13
 490 0085 2F       		.uleb128 0x2f
 491 0086 0B       		.uleb128 0xb
 492 0087 00       		.byte	0
 493 0088 00       		.byte	0
 494 0089 00       		.byte	0
 495              		.section	.debug_loc,"",%progbits
ARM GAS  C:\Users\adria\AppData\Local\Temp\ccpSksM7.s 			page 13


 496              	.Ldebug_loc0:
 497              	.LLST0:
 498 0000 0A000000 		.4byte	.LVL2
 499 0004 2E000000 		.4byte	.LVL3
 500 0008 0100     		.2byte	0x1
 501 000a 53       		.byte	0x53
 502 000b 2E000000 		.4byte	.LVL3
 503 000f B6000000 		.4byte	.LVL12
 504 0013 0100     		.2byte	0x1
 505 0015 54       		.byte	0x54
 506 0016 00000000 		.4byte	0
 507 001a 00000000 		.4byte	0
 508              	.LLST1:
 509 001e 0A000000 		.4byte	.LVL2
 510 0022 48000000 		.4byte	.LVL4
 511 0026 0100     		.2byte	0x1
 512 0028 53       		.byte	0x53
 513 0029 4C000000 		.4byte	.LVL5
 514 002d 50000000 		.4byte	.LVL6
 515 0031 0100     		.2byte	0x1
 516 0033 53       		.byte	0x53
 517 0034 6A000000 		.4byte	.LVL8
 518 0038 6C000000 		.4byte	.LVL9
 519 003c 0100     		.2byte	0x1
 520 003e 53       		.byte	0x53
 521 003f 00000000 		.4byte	0
 522 0043 00000000 		.4byte	0
 523              	.LLST2:
 524 0047 02000000 		.4byte	.LVL0
 525 004b 04000000 		.4byte	.LVL1
 526 004f 0200     		.2byte	0x2
 527 0051 30       		.byte	0x30
 528 0052 9F       		.byte	0x9f
 529 0053 04000000 		.4byte	.LVL1
 530 0057 66000000 		.4byte	.LVL7
 531 005b 0100     		.2byte	0x1
 532 005d 50       		.byte	0x50
 533 005e 66000000 		.4byte	.LVL7
 534 0062 6A000000 		.4byte	.LVL8
 535 0066 0200     		.2byte	0x2
 536 0068 31       		.byte	0x31
 537 0069 9F       		.byte	0x9f
 538 006a 6A000000 		.4byte	.LVL8
 539 006e 74000000 		.4byte	.LVL10
 540 0072 0100     		.2byte	0x1
 541 0074 50       		.byte	0x50
 542 0075 74000000 		.4byte	.LVL10
 543 0079 76000000 		.4byte	.LVL11
 544 007d 0200     		.2byte	0x2
 545 007f 31       		.byte	0x31
 546 0080 9F       		.byte	0x9f
 547 0081 76000000 		.4byte	.LVL11
 548 0085 E8000000 		.4byte	.LFE0
 549 0089 0100     		.2byte	0x1
 550 008b 50       		.byte	0x50
 551 008c 00000000 		.4byte	0
 552 0090 00000000 		.4byte	0
ARM GAS  C:\Users\adria\AppData\Local\Temp\ccpSksM7.s 			page 14


 553              		.section	.debug_aranges,"",%progbits
 554 0000 1C000000 		.4byte	0x1c
 555 0004 0200     		.2byte	0x2
 556 0006 00000000 		.4byte	.Ldebug_info0
 557 000a 04       		.byte	0x4
 558 000b 00       		.byte	0
 559 000c 0000     		.2byte	0
 560 000e 0000     		.2byte	0
 561 0010 00000000 		.4byte	.LFB0
 562 0014 E8000000 		.4byte	.LFE0-.LFB0
 563 0018 00000000 		.4byte	0
 564 001c 00000000 		.4byte	0
 565              		.section	.debug_ranges,"",%progbits
 566              	.Ldebug_ranges0:
 567 0000 00000000 		.4byte	.LFB0
 568 0004 E8000000 		.4byte	.LFE0
 569 0008 00000000 		.4byte	0
 570 000c 00000000 		.4byte	0
 571              		.section	.debug_line,"",%progbits
 572              	.Ldebug_line0:
 573 0000 86000000 		.section	.debug_str,"MS",%progbits,1
 573      02004F00 
 573      00000201 
 573      FB0E0D00 
 573      01010101 
 574              	.LASF29:
 575 0000 433A5C55 		.ascii	"C:\\Users\\adria\\OneDrive\\Documents\\psoc\\Displa"
 575      73657273 
 575      5C616472 
 575      69615C4F 
 575      6E654472 
 576 002d 79735C57 		.ascii	"ys\\Workspace01\\LCD.cydsn\000"
 576      6F726B73 
 576      70616365 
 576      30315C4C 
 576      43442E63 
 577              	.LASF21:
 578 0046 55415254 		.ascii	"UART_rxBufferRead\000"
 578      5F727842 
 578      75666665 
 578      72526561 
 578      6400
 579              	.LASF25:
 580 0058 55415254 		.ascii	"UART_rxAddressMode\000"
 580      5F727841 
 580      64647265 
 580      73734D6F 
 580      646500
 581              	.LASF9:
 582 006b 666C6F61 		.ascii	"float\000"
 582      7400
 583              	.LASF3:
 584 0071 73686F72 		.ascii	"short unsigned int\000"
 584      7420756E 
 584      7369676E 
 584      65642069 
 584      6E7400
ARM GAS  C:\Users\adria\AppData\Local\Temp\ccpSksM7.s 			page 15


 585              	.LASF30:
 586 0084 55415254 		.ascii	"UART_RXISR\000"
 586      5F525849 
 586      535200
 587              	.LASF17:
 588 008f 72656164 		.ascii	"readStatus\000"
 588      53746174 
 588      757300
 589              	.LASF1:
 590 009a 756E7369 		.ascii	"unsigned char\000"
 590      676E6564 
 590      20636861 
 590      7200
 591              	.LASF27:
 592 00a8 474E5520 		.ascii	"GNU C11 5.4.1 20160609 (release) [ARM/embedded-5-br"
 592      43313120 
 592      352E342E 
 592      31203230 
 592      31363036 
 593 00db 616E6368 		.ascii	"anch revision 237715] -mcpu=cortex-m3 -mthumb -g -O"
 593      20726576 
 593      6973696F 
 593      6E203233 
 593      37373135 
 594 010e 67202D66 		.ascii	"g -ffunction-sections -ffat-lto-objects\000"
 594      66756E63 
 594      74696F6E 
 594      2D736563 
 594      74696F6E 
 595              	.LASF13:
 596 0136 72656738 		.ascii	"reg8\000"
 596      00
 597              	.LASF5:
 598 013b 6C6F6E67 		.ascii	"long unsigned int\000"
 598      20756E73 
 598      69676E65 
 598      6420696E 
 598      7400
 599              	.LASF12:
 600 014d 75696E74 		.ascii	"uint8\000"
 600      3800
 601              	.LASF20:
 602 0153 55415254 		.ascii	"UART_rxBuffer\000"
 602      5F727842 
 602      75666665 
 602      7200
 603              	.LASF26:
 604 0161 55415254 		.ascii	"UART_rxAddressDetected\000"
 604      5F727841 
 604      64647265 
 604      73734465 
 604      74656374 
 605              	.LASF10:
 606 0178 646F7562 		.ascii	"double\000"
 606      6C6500
 607              	.LASF19:
 608 017f 55415254 		.ascii	"UART_errorStatus\000"
ARM GAS  C:\Users\adria\AppData\Local\Temp\ccpSksM7.s 			page 16


 608      5F657272 
 608      6F725374 
 608      61747573 
 608      00
 609              	.LASF22:
 610 0190 55415254 		.ascii	"UART_rxBufferWrite\000"
 610      5F727842 
 610      75666665 
 610      72577269 
 610      746500
 611              	.LASF8:
 612 01a3 756E7369 		.ascii	"unsigned int\000"
 612      676E6564 
 612      20696E74 
 612      00
 613              	.LASF7:
 614 01b0 6C6F6E67 		.ascii	"long long unsigned int\000"
 614      206C6F6E 
 614      6720756E 
 614      7369676E 
 614      65642069 
 615              	.LASF24:
 616 01c7 55415254 		.ascii	"UART_rxBufferOverflow\000"
 616      5F727842 
 616      75666665 
 616      724F7665 
 616      72666C6F 
 617              	.LASF15:
 618 01dd 73697A65 		.ascii	"sizetype\000"
 618      74797065 
 618      00
 619              	.LASF6:
 620 01e6 6C6F6E67 		.ascii	"long long int\000"
 620      206C6F6E 
 620      6720696E 
 620      7400
 621              	.LASF18:
 622 01f4 696E6372 		.ascii	"increment_pointer\000"
 622      656D656E 
 622      745F706F 
 622      696E7465 
 622      7200
 623              	.LASF23:
 624 0206 55415254 		.ascii	"UART_rxBufferLoopDetect\000"
 624      5F727842 
 624      75666665 
 624      724C6F6F 
 624      70446574 
 625              	.LASF2:
 626 021e 73686F72 		.ascii	"short int\000"
 626      7420696E 
 626      7400
 627              	.LASF4:
 628 0228 6C6F6E67 		.ascii	"long int\000"
 628      20696E74 
 628      00
 629              	.LASF11:
ARM GAS  C:\Users\adria\AppData\Local\Temp\ccpSksM7.s 			page 17


 630 0231 63686172 		.ascii	"char\000"
 630      00
 631              	.LASF14:
 632 0236 6C6F6E67 		.ascii	"long double\000"
 632      20646F75 
 632      626C6500 
 633              	.LASF0:
 634 0242 7369676E 		.ascii	"signed char\000"
 634      65642063 
 634      68617200 
 635              	.LASF28:
 636 024e 47656E65 		.ascii	"Generated_Source\\PSoC5\\UART_INT.c\000"
 636      72617465 
 636      645F536F 
 636      75726365 
 636      5C50536F 
 637              	.LASF16:
 638 0270 72656164 		.ascii	"readData\000"
 638      44617461 
 638      00
 639              		.ident	"GCC: (GNU Tools for ARM Embedded Processors) 5.4.1 20160609 (release) [ARM/embedded-5-bran
