--------------- Build Started: 10/04/2023 18:41:15 Project: BME680, Configuration: ARM GCC 5.4-2016-q2-update Debug ---------------
The code generation step is up to date.
arm-none-eabi-gcc.exe -mcpu=cortex-m3 -mthumb -I. -IGenerated_Source\PSoC5 -Wa,-alh=.\CortexM3\ARM_GCC_541\Debug/main.lst -g -D DEBUG -D CY_CORE_ID=0 -Wall -ffunction-sections -ffat-lto-objects -Og -c main.c -o .\CortexM3\ARM_GCC_541\Debug\main.o
arm-none-eabi-ar.exe -rs .\CortexM3\ARM_GCC_541\Debug\BME680.a .\CortexM3\ARM_GCC_541\Debug\SDA.o .\CortexM3\ARM_GCC_541\Debug\SCL.o .\CortexM3\ARM_GCC_541\Debug\I2C.o .\CortexM3\ARM_GCC_541\Debug\I2C_BOOT.o .\CortexM3\ARM_GCC_541\Debug\I2C_INT.o .\CortexM3\ARM_GCC_541\Debug\I2C_PM.o .\CortexM3\ARM_GCC_541\Debug\I2C_SLAVE.o .\CortexM3\ARM_GCC_541\Debug\I2C_MASTER.o .\CortexM3\ARM_GCC_541\Debug\LCD.o .\CortexM3\ARM_GCC_541\Debug\LCD_PM.o .\CortexM3\ARM_GCC_541\Debug\D4.o .\CortexM3\ARM_GCC_541\Debug\D5.o .\CortexM3\ARM_GCC_541\Debug\D6.o .\CortexM3\ARM_GCC_541\Debug\D7.o .\CortexM3\ARM_GCC_541\Debug\E.o .\CortexM3\ARM_GCC_541\Debug\RS.o .\CortexM3\ARM_GCC_541\Debug\CyDmac.o .\CortexM3\ARM_GCC_541\Debug\CyFlash.o .\CortexM3\ARM_GCC_541\Debug\CyLib.o .\CortexM3\ARM_GCC_541\Debug\cyPm.o .\CortexM3\ARM_GCC_541\Debug\CySpc.o .\CortexM3\ARM_GCC_541\Debug\cyutils.o .\CortexM3\ARM_GCC_541\Debug\cy_em_eeprom.o .\CortexM3\ARM_GCC_541\Debug\CyBootAsmGnu.o
arm-none-eabi-ar.exe: creating .\CortexM3\ARM_GCC_541\Debug\BME680.a
arm-none-eabi-gcc.exe -Wl,--start-group -o "C:\Users\adria\OneDrive\Documents\PSoC Creator\PROYECTO_IOT\BME680.cydsn\CortexM3\ARM_GCC_541\Debug\BME680.elf" .\CortexM3\ARM_GCC_541\Debug\main.o .\CortexM3\ARM_GCC_541\Debug\PSOC_LDC.o .\CortexM3\ARM_GCC_541\Debug\bme680.o .\CortexM3\ARM_GCC_541\Debug\cyfitter_cfg.o .\CortexM3\ARM_GCC_541\Debug\cymetadata.o .\CortexM3\ARM_GCC_541\Debug\Cm3Start.o .\CortexM3\ARM_GCC_541\Debug\BME680.a "C:\Program Files (x86)\Cypress\PSoC Creator\4.4\PSoC Creator\psoc\content\cycomponentlibrary\CyComponentLibrary.cylib\CortexM3\ARM_GCC_541\Debug\CyComponentLibrary.a" -mcpu=cortex-m3 -mthumb -L Generated_Source\PSoC5 -Wl,-Map,.\CortexM3\ARM_GCC_541\Debug/BME680.map -T Generated_Source\PSoC5\cm3gcc.ld -specs=nano.specs -Wl,--gc-sections -g -ffunction-sections -Og -ffat-lto-objects -Wl,--end-group
.\CortexM3\ARM_GCC_541\Debug\bme680.o: In function `user_i2c_write':
D:\design-mpu\source\ejemplos\BME680/bme680.c:1554: undefined reference to `I2C_I2CMasterSendStart'
D:\design-mpu\source\ejemplos\BME680/bme680.c:1555: undefined reference to `I2C_I2CMasterWriteByte'
D:\design-mpu\source\ejemplos\BME680/bme680.c:1557: undefined reference to `I2C_I2CMasterWriteByte'
D:\design-mpu\source\ejemplos\BME680/bme680.c:1561: undefined reference to `I2C_I2CMasterSendStop'
.\CortexM3\ARM_GCC_541\Debug\bme680.o: In function `user_i2c_read':
D:\design-mpu\source\ejemplos\BME680/bme680.c:1517: undefined reference to `I2C_I2CMasterSendStart'
D:\design-mpu\source\ejemplos\BME680/bme680.c:1518: undefined reference to `I2C_I2CMasterWriteByte'
D:\design-mpu\source\ejemplos\BME680/bme680.c:1519: undefined reference to `I2C_I2CMasterSendRestart'
D:\design-mpu\source\ejemplos\BME680/bme680.c:1521: undefined reference to `I2C_I2CMasterReadByte'
D:\design-mpu\source\ejemplos\BME680/bme680.c:1525: undefined reference to `I2C_I2CMasterReadByte'
D:\design-mpu\source\ejemplos\BME680/bme680.c:1526: undefined reference to `I2C_I2CMasterSendStop'
collect2.exe: error: ld returned 1 exit status
The command 'arm-none-eabi-gcc.exe' failed with exit code '1'.
--------------- Build Failed: 10/04/2023 18:41:16 ---------------
