ARM GAS  C:\Users\adria\AppData\Local\Temp\ccZgKO0p.s 			page 1


   1              		.syntax unified
   2              		.cpu cortex-m3
   3              		.fpu softvfp
   4              		.eabi_attribute 20, 1
   5              		.eabi_attribute 21, 1
   6              		.eabi_attribute 23, 3
   7              		.eabi_attribute 24, 1
   8              		.eabi_attribute 25, 1
   9              		.eabi_attribute 26, 1
  10              		.eabi_attribute 30, 1
  11              		.eabi_attribute 34, 1
  12              		.eabi_attribute 18, 4
  13              		.thumb
  14              		.syntax unified
  15              		.file	"cymetadata.c"
  16              		.text
  17              	.Ltext0:
  18              		.cfi_sections	.debug_frame
  19              		.global	cy_metadata
  20              		.global	cy_meta_flashprotect
  21              		.global	cy_meta_wonvl
  22              		.global	cy_meta_custnvl
  23              		.global	cy_meta_configecc
  24              		.section	.cyconfigecc,"a",%progbits
  25              		.align	2
  26              		.type	cy_meta_configecc, %object
  27              		.size	cy_meta_configecc, 424
  28              	cy_meta_configecc:
  29 0000 02       		.byte	2
  30 0001 4F       		.byte	79
  31 0002 00       		.byte	0
  32 0003 40       		.byte	64
  33 0004 04       		.byte	4
  34 0005 52       		.byte	82
  35 0006 00       		.byte	0
  36 0007 40       		.byte	64
  37 0008 02       		.byte	2
  38 0009 09       		.byte	9
  39 000a 01       		.byte	1
  40 000b 40       		.byte	64
  41 000c 04       		.byte	4
  42 000d 15       		.byte	21
  43 000e 01       		.byte	1
  44 000f 40       		.byte	64
  45 0010 0B       		.byte	11
  46 0011 18       		.byte	24
  47 0012 01       		.byte	1
  48 0013 40       		.byte	64
  49 0014 1A       		.byte	26
  50 0015 19       		.byte	25
  51 0016 01       		.byte	1
  52 0017 40       		.byte	64
  53 0018 04       		.byte	4
  54 0019 1A       		.byte	26
  55 001a 01       		.byte	1
  56 001b 40       		.byte	64
  57 001c 0C       		.byte	12
ARM GAS  C:\Users\adria\AppData\Local\Temp\ccZgKO0p.s 			page 2


  58 001d 1B       		.byte	27
  59 001e 01       		.byte	1
  60 001f 40       		.byte	64
  61 0020 06       		.byte	6
  62 0021 40       		.byte	64
  63 0022 01       		.byte	1
  64 0023 40       		.byte	64
  65 0024 04       		.byte	4
  66 0025 41       		.byte	65
  67 0026 01       		.byte	1
  68 0027 40       		.byte	64
  69 0028 03       		.byte	3
  70 0029 42       		.byte	66
  71 002a 01       		.byte	1
  72 002b 40       		.byte	64
  73 002c 05       		.byte	5
  74 002d 43       		.byte	67
  75 002e 01       		.byte	1
  76 002f 40       		.byte	64
  77 0030 0A       		.byte	10
  78 0031 45       		.byte	69
  79 0032 01       		.byte	1
  80 0033 40       		.byte	64
  81 0034 04       		.byte	4
  82 0035 46       		.byte	70
  83 0036 01       		.byte	1
  84 0037 40       		.byte	64
  85 0038 09       		.byte	9
  86 0039 47       		.byte	71
  87 003a 01       		.byte	1
  88 003b 40       		.byte	64
  89 003c 06       		.byte	6
  90 003d 48       		.byte	72
  91 003e 01       		.byte	1
  92 003f 40       		.byte	64
  93 0040 0D       		.byte	13
  94 0041 49       		.byte	73
  95 0042 01       		.byte	1
  96 0043 40       		.byte	64
  97 0044 12       		.byte	18
  98 0045 4C       		.byte	76
  99 0046 01       		.byte	1
 100 0047 40       		.byte	64
 101 0048 03       		.byte	3
 102 0049 4D       		.byte	77
 103 004a 01       		.byte	1
 104 004b 40       		.byte	64
 105 004c 01       		.byte	1
 106 004d 51       		.byte	81
 107 004e 01       		.byte	1
 108 004f 40       		.byte	64
 109 0050 01       		.byte	1
 110 0051 10       		.byte	16
 111 0052 0A       		.byte	10
 112 0053 36       		.byte	54
 113 0054 08       		.byte	8
 114 0055 30       		.byte	48
ARM GAS  C:\Users\adria\AppData\Local\Temp\ccZgKO0p.s 			page 3


 115 0056 09       		.byte	9
 116 0057 94       		.byte	-108
 117 0058 10       		.byte	16
 118 0059 A8       		.byte	-88
 119 005a 11       		.byte	17
 120 005b 3C       		.byte	60
 121 005c 89       		.byte	-119
 122 005d 04       		.byte	4
 123 005e 8C       		.byte	-116
 124 005f 09       		.byte	9
 125 0060 E0       		.byte	-32
 126 0061 08       		.byte	8
 127 0062 E2       		.byte	-30
 128 0063 20       		.byte	32
 129 0064 E8       		.byte	-24
 130 0065 A2       		.byte	-94
 131 0066 EE       		.byte	-18
 132 0067 02       		.byte	2
 133 0068 5B       		.byte	91
 134 0069 04       		.byte	4
 135 006a 5F       		.byte	95
 136 006b 01       		.byte	1
 137 006c 84       		.byte	-124
 138 006d 02       		.byte	2
 139 006e 86       		.byte	-122
 140 006f 01       		.byte	1
 141 0070 98       		.byte	-104
 142 0071 01       		.byte	1
 143 0072 9A       		.byte	-102
 144 0073 02       		.byte	2
 145 0074 B6       		.byte	-74
 146 0075 03       		.byte	3
 147 0076 BE       		.byte	-66
 148 0077 40       		.byte	64
 149 0078 D8       		.byte	-40
 150 0079 04       		.byte	4
 151 007a DB       		.byte	-37
 152 007b 04       		.byte	4
 153 007c DF       		.byte	-33
 154 007d 01       		.byte	1
 155 007e 02       		.byte	2
 156 007f 10       		.byte	16
 157 0080 0B       		.byte	11
 158 0081 08       		.byte	8
 159 0082 1A       		.byte	26
 160 0083 02       		.byte	2
 161 0084 5C       		.byte	92
 162 0085 80       		.byte	-128
 163 0086 5F       		.byte	95
 164 0087 10       		.byte	16
 165 0088 68       		.byte	104
 166 0089 08       		.byte	8
 167 008a 69       		.byte	105
 168 008b 08       		.byte	8
 169 008c 6B       		.byte	107
 170 008d 41       		.byte	65
 171 008e 6C       		.byte	108
ARM GAS  C:\Users\adria\AppData\Local\Temp\ccZgKO0p.s 			page 4


 172 008f 85       		.byte	-123
 173 0090 6F       		.byte	111
 174 0091 20       		.byte	32
 175 0092 72       		.byte	114
 176 0093 01       		.byte	1
 177 0094 73       		.byte	115
 178 0095 A8       		.byte	-88
 179 0096 80       		.byte	-128
 180 0097 04       		.byte	4
 181 0098 87       		.byte	-121
 182 0099 09       		.byte	9
 183 009a 8C       		.byte	-116
 184 009b 80       		.byte	-128
 185 009c 8F       		.byte	-113
 186 009d 80       		.byte	-128
 187 009e 94       		.byte	-108
 188 009f 02       		.byte	2
 189 00a0 95       		.byte	-107
 190 00a1 08       		.byte	8
 191 00a2 A4       		.byte	-92
 192 00a3 08       		.byte	8
 193 00a4 A7       		.byte	-89
 194 00a5 20       		.byte	32
 195 00a6 B3       		.byte	-77
 196 00a7 20       		.byte	32
 197 00a8 C0       		.byte	-64
 198 00a9 04       		.byte	4
 199 00aa C2       		.byte	-62
 200 00ab 02       		.byte	2
 201 00ac D6       		.byte	-42
 202 00ad 30       		.byte	48
 203 00ae E0       		.byte	-32
 204 00af 0A       		.byte	10
 205 00b0 E4       		.byte	-28
 206 00b1 01       		.byte	1
 207 00b2 B9       		.byte	-71
 208 00b3 80       		.byte	-128
 209 00b4 BF       		.byte	-65
 210 00b5 40       		.byte	64
 211 00b6 D9       		.byte	-39
 212 00b7 04       		.byte	4
 213 00b8 DF       		.byte	-33
 214 00b9 01       		.byte	1
 215 00ba 27       		.byte	39
 216 00bb 02       		.byte	2
 217 00bc 87       		.byte	-121
 218 00bd 10       		.byte	16
 219 00be 8B       		.byte	-117
 220 00bf 02       		.byte	2
 221 00c0 97       		.byte	-105
 222 00c1 10       		.byte	16
 223 00c2 AB       		.byte	-85
 224 00c3 40       		.byte	64
 225 00c4 AE       		.byte	-82
 226 00c5 11       		.byte	17
 227 00c6 B0       		.byte	-80
 228 00c7 80       		.byte	-128
ARM GAS  C:\Users\adria\AppData\Local\Temp\ccZgKO0p.s 			page 5


 229 00c8 B2       		.byte	-78
 230 00c9 01       		.byte	1
 231 00ca B3       		.byte	-77
 232 00cb 24       		.byte	36
 233 00cc E2       		.byte	-30
 234 00cd 20       		.byte	32
 235 00ce E8       		.byte	-24
 236 00cf A0       		.byte	-96
 237 00d0 EC       		.byte	-20
 238 00d1 01       		.byte	1
 239 00d2 13       		.byte	19
 240 00d3 04       		.byte	4
 241 00d4 14       		.byte	20
 242 00d5 20       		.byte	32
 243 00d6 3B       		.byte	59
 244 00d7 04       		.byte	4
 245 00d8 3F       		.byte	63
 246 00d9 40       		.byte	64
 247 00da C4       		.byte	-60
 248 00db 30       		.byte	48
 249 00dc CE       		.byte	-50
 250 00dd 60       		.byte	96
 251 00de 63       		.byte	99
 252 00df 02       		.byte	2
 253 00e0 97       		.byte	-105
 254 00e1 40       		.byte	64
 255 00e2 98       		.byte	-104
 256 00e3 20       		.byte	32
 257 00e4 D6       		.byte	-42
 258 00e5 40       		.byte	64
 259 00e6 97       		.byte	-105
 260 00e7 40       		.byte	64
 261 00e8 98       		.byte	-104
 262 00e9 20       		.byte	32
 263 00ea A7       		.byte	-89
 264 00eb 01       		.byte	1
 265 00ec 1B       		.byte	27
 266 00ed 01       		.byte	1
 267 00ee 97       		.byte	-105
 268 00ef 40       		.byte	64
 269 00f0 98       		.byte	-104
 270 00f1 20       		.byte	32
 271 00f2 A7       		.byte	-89
 272 00f3 01       		.byte	1
 273 00f4 C6       		.byte	-58
 274 00f5 10       		.byte	16
 275 00f6 50       		.byte	80
 276 00f7 10       		.byte	16
 277 00f8 59       		.byte	89
 278 00f9 40       		.byte	64
 279 00fa 5C       		.byte	92
 280 00fb 10       		.byte	16
 281 00fc 5D       		.byte	93
 282 00fd 01       		.byte	1
 283 00fe 60       		.byte	96
 284 00ff 01       		.byte	1
 285 0100 61       		.byte	97
ARM GAS  C:\Users\adria\AppData\Local\Temp\ccZgKO0p.s 			page 6


 286 0101 10       		.byte	16
 287 0102 67       		.byte	103
 288 0103 04       		.byte	4
 289 0104 D4       		.byte	-44
 290 0105 05       		.byte	5
 291 0106 D6       		.byte	-42
 292 0107 07       		.byte	7
 293 0108 D8       		.byte	-40
 294 0109 03       		.byte	3
 295 010a 94       		.byte	-108
 296 010b 31       		.byte	49
 297 010c 95       		.byte	-107
 298 010d 01       		.byte	1
 299 010e 97       		.byte	-105
 300 010f 04       		.byte	4
 301 0110 9D       		.byte	-99
 302 0111 50       		.byte	80
 303 0112 89       		.byte	-119
 304 0113 01       		.byte	1
 305 0114 8C       		.byte	-116
 306 0115 01       		.byte	1
 307 0116 8D       		.byte	-115
 308 0117 10       		.byte	16
 309 0118 94       		.byte	-108
 310 0119 31       		.byte	49
 311 011a 95       		.byte	-107
 312 011b 01       		.byte	1
 313 011c 97       		.byte	-105
 314 011d 04       		.byte	4
 315 011e 9D       		.byte	-99
 316 011f 50       		.byte	80
 317 0120 E0       		.byte	-32
 318 0121 02       		.byte	2
 319 0122 E4       		.byte	-28
 320 0123 09       		.byte	9
 321 0124 25       		.byte	37
 322 0125 40       		.byte	64
 323 0126 67       		.byte	103
 324 0127 20       		.byte	32
 325 0128 97       		.byte	-105
 326 0129 40       		.byte	64
 327 012a 98       		.byte	-104
 328 012b 20       		.byte	32
 329 012c C8       		.byte	-56
 330 012d 20       		.byte	32
 331 012e D8       		.byte	-40
 332 012f 80       		.byte	-128
 333 0130 00       		.byte	0
 334 0131 08       		.byte	8
 335 0132 06       		.byte	6
 336 0133 40       		.byte	64
 337 0134 86       		.byte	-122
 338 0135 40       		.byte	64
 339 0136 8B       		.byte	-117
 340 0137 10       		.byte	16
 341 0138 97       		.byte	-105
 342 0139 20       		.byte	32
ARM GAS  C:\Users\adria\AppData\Local\Temp\ccZgKO0p.s 			page 7


 343 013a A4       		.byte	-92
 344 013b 04       		.byte	4
 345 013c AD       		.byte	-83
 346 013d 40       		.byte	64
 347 013e AF       		.byte	-81
 348 013f 40       		.byte	64
 349 0140 B0       		.byte	-80
 350 0141 24       		.byte	36
 351 0142 C0       		.byte	-64
 352 0143 30       		.byte	48
 353 0144 E0       		.byte	-32
 354 0145 10       		.byte	16
 355 0146 E8       		.byte	-24
 356 0147 40       		.byte	64
 357 0148 EE       		.byte	-18
 358 0149 40       		.byte	64
 359 014a 58       		.byte	88
 360 014b 01       		.byte	1
 361 014c 5A       		.byte	90
 362 014d 80       		.byte	-128
 363 014e 62       		.byte	98
 364 014f 04       		.byte	4
 365 0150 64       		.byte	100
 366 0151 04       		.byte	4
 367 0152 66       		.byte	102
 368 0153 40       		.byte	64
 369 0154 80       		.byte	-128
 370 0155 10       		.byte	16
 371 0156 86       		.byte	-122
 372 0157 40       		.byte	64
 373 0158 87       		.byte	-121
 374 0159 04       		.byte	4
 375 015a 8C       		.byte	-116
 376 015b 10       		.byte	16
 377 015c 8E       		.byte	-114
 378 015d 04       		.byte	4
 379 015e 94       		.byte	-108
 380 015f 30       		.byte	48
 381 0160 97       		.byte	-105
 382 0161 04       		.byte	4
 383 0162 B1       		.byte	-79
 384 0163 40       		.byte	64
 385 0164 D4       		.byte	-44
 386 0165 01       		.byte	1
 387 0166 D6       		.byte	-42
 388 0167 03       		.byte	3
 389 0168 D8       		.byte	-40
 390 0169 03       		.byte	3
 391 016a E4       		.byte	-28
 392 016b 0A       		.byte	10
 393 016c E8       		.byte	-24
 394 016d 01       		.byte	1
 395 016e AA       		.byte	-86
 396 016f 40       		.byte	64
 397 0170 B0       		.byte	-80
 398 0171 05       		.byte	5
 399 0172 EC       		.byte	-20
ARM GAS  C:\Users\adria\AppData\Local\Temp\ccZgKO0p.s 			page 8


 400 0173 05       		.byte	5
 401 0174 10       		.byte	16
 402 0175 0A       		.byte	10
 403 0176 00       		.byte	0
 404 0177 00       		.byte	0
 405 0178 00       		.byte	0
 406 0179 80       		.byte	-128
 407 017a 80       		.byte	-128
 408 017b 00       		.byte	0
 409 017c 80       		.byte	-128
 410 017d 00       		.byte	0
 411 017e 00       		.byte	0
 412 017f 00       		.byte	0
 413 0180 F4       		.byte	-12
 414 0181 00       		.byte	0
 415 0182 F4       		.byte	-12
 416 0183 FF       		.byte	-1
 417 0184 FF       		.byte	-1
 418 0185 00       		.byte	0
 419 0186 F4       		.byte	-12
 420 0187 00       		.byte	0
 421 0188 00       		.byte	0
 422 0189 00       		.byte	0
 423 018a 00       		.byte	0
 424 018b 00       		.byte	0
 425 018c E0       		.byte	-32
 426 018d 00       		.byte	0
 427 018e E0       		.byte	-32
 428 018f FE       		.byte	-2
 429 0190 FE       		.byte	-2
 430 0191 00       		.byte	0
 431 0192 FE       		.byte	-2
 432 0193 00       		.byte	0
 433 0194 00       		.byte	0
 434 0195 00       		.byte	0
 435 0196 00       		.byte	0
 436 0197 00       		.byte	0
 437 0198 03       		.byte	3
 438 0199 00       		.byte	0
 439 019a 00       		.byte	0
 440 019b 03       		.byte	3
 441 019c 00       		.byte	0
 442 019d 00       		.byte	0
 443 019e 00       		.byte	0
 444 019f 00       		.byte	0
 445 01a0 00       		.byte	0
 446 01a1 00       		.byte	0
 447 01a2 00       		.byte	0
 448 01a3 00       		.byte	0
 449 01a4 00       		.byte	0
 450 01a5 01       		.byte	1
 451 01a6 00       		.byte	0
 452 01a7 00       		.byte	0
 453              		.section	.cywolatch,"a",%progbits
 454              		.align	2
 455              		.type	cy_meta_wonvl, %object
 456              		.size	cy_meta_wonvl, 4
ARM GAS  C:\Users\adria\AppData\Local\Temp\ccZgKO0p.s 			page 9


 457              	cy_meta_wonvl:
 458 0000 BC       		.byte	-68
 459 0001 90       		.byte	-112
 460 0002 AC       		.byte	-84
 461 0003 AF       		.byte	-81
 462              		.section	.cycustnvl,"a",%progbits
 463              		.align	2
 464              		.type	cy_meta_custnvl, %object
 465              		.size	cy_meta_custnvl, 4
 466              	cy_meta_custnvl:
 467 0000 00       		.byte	0
 468 0001 00       		.byte	0
 469 0002 40       		.byte	64
 470 0003 05       		.byte	5
 471              		.section	.cymeta,"a",%progbits
 472              		.align	2
 473              		.type	cy_metadata, %object
 474              		.size	cy_metadata, 12
 475              	cy_metadata:
 476 0000 00       		.byte	0
 477 0001 01       		.byte	1
 478 0002 2E       		.byte	46
 479 0003 16       		.byte	22
 480 0004 10       		.byte	16
 481 0005 69       		.byte	105
 482 0006 00       		.byte	0
 483 0007 01       		.byte	1
 484 0008 00       		.byte	0
 485 0009 00       		.byte	0
 486 000a 00       		.byte	0
 487 000b 00       		.byte	0
 488              		.section	.cyflashprotect,"a",%progbits
 489              		.align	2
 490              		.type	cy_meta_flashprotect, %object
 491              		.size	cy_meta_flashprotect, 256
 492              	cy_meta_flashprotect:
 493 0000 00000000 		.space	256
 493      00000000 
 493      00000000 
 493      00000000 
 493      00000000 
 494              		.text
 495              	.Letext0:
 496              		.file 1 "c:\\program files (x86)\\cypress\\psoc creator\\4.4\\psoc creator\\import\\gnu\\arm\\5.4.
 497              		.file 2 "c:\\program files (x86)\\cypress\\psoc creator\\4.4\\psoc creator\\import\\gnu\\arm\\5.4.
 498              		.file 3 "Generated_Source\\PSoC5\\cymetadata.c"
 499              		.section	.debug_info,"",%progbits
 500              	.Ldebug_info0:
 501 0000 31010000 		.4byte	0x131
 502 0004 0400     		.2byte	0x4
 503 0006 00000000 		.4byte	.Ldebug_abbrev0
 504 000a 04       		.byte	0x4
 505 000b 01       		.uleb128 0x1
 506 000c 24000000 		.4byte	.LASF17
 507 0010 0C       		.byte	0xc
 508 0011 D1010000 		.4byte	.LASF18
 509 0015 F9000000 		.4byte	.LASF19
ARM GAS  C:\Users\adria\AppData\Local\Temp\ccZgKO0p.s 			page 10


 510 0019 00000000 		.4byte	.Ldebug_line0
 511 001d 02       		.uleb128 0x2
 512 001e 01       		.byte	0x1
 513 001f 06       		.byte	0x6
 514 0020 C5010000 		.4byte	.LASF0
 515 0024 03       		.uleb128 0x3
 516 0025 00000000 		.4byte	.LASF9
 517 0029 01       		.byte	0x1
 518 002a 1D       		.byte	0x1d
 519 002b 2F000000 		.4byte	0x2f
 520 002f 02       		.uleb128 0x2
 521 0030 01       		.byte	0x1
 522 0031 08       		.byte	0x8
 523 0032 16000000 		.4byte	.LASF1
 524 0036 02       		.uleb128 0x2
 525 0037 02       		.byte	0x2
 526 0038 05       		.byte	0x5
 527 0039 B2010000 		.4byte	.LASF2
 528 003d 02       		.uleb128 0x2
 529 003e 02       		.byte	0x2
 530 003f 07       		.byte	0x7
 531 0040 C4000000 		.4byte	.LASF3
 532 0044 02       		.uleb128 0x2
 533 0045 04       		.byte	0x4
 534 0046 05       		.byte	0x5
 535 0047 BC010000 		.4byte	.LASF4
 536 004b 02       		.uleb128 0x2
 537 004c 04       		.byte	0x4
 538 004d 07       		.byte	0x7
 539 004e B2000000 		.4byte	.LASF5
 540 0052 02       		.uleb128 0x2
 541 0053 08       		.byte	0x8
 542 0054 05       		.byte	0x5
 543 0055 A4010000 		.4byte	.LASF6
 544 0059 02       		.uleb128 0x2
 545 005a 08       		.byte	0x8
 546 005b 07       		.byte	0x7
 547 005c 59010000 		.4byte	.LASF7
 548 0060 04       		.uleb128 0x4
 549 0061 04       		.byte	0x4
 550 0062 05       		.byte	0x5
 551 0063 696E7400 		.ascii	"int\000"
 552 0067 02       		.uleb128 0x2
 553 0068 04       		.byte	0x4
 554 0069 07       		.byte	0x7
 555 006a 4C010000 		.4byte	.LASF8
 556 006e 03       		.uleb128 0x3
 557 006f 70010000 		.4byte	.LASF10
 558 0073 02       		.byte	0x2
 559 0074 18       		.byte	0x18
 560 0075 24000000 		.4byte	0x24
 561 0079 05       		.uleb128 0x5
 562 007a 91000000 		.4byte	0x91
 563 007e 8A000000 		.4byte	0x8a
 564 0082 06       		.uleb128 0x6
 565 0083 8A000000 		.4byte	0x8a
 566 0087 A701     		.2byte	0x1a7
ARM GAS  C:\Users\adria\AppData\Local\Temp\ccZgKO0p.s 			page 11


 567 0089 00       		.byte	0
 568 008a 02       		.uleb128 0x2
 569 008b 04       		.byte	0x4
 570 008c 07       		.byte	0x7
 571 008d 9B010000 		.4byte	.LASF11
 572 0091 07       		.uleb128 0x7
 573 0092 6E000000 		.4byte	0x6e
 574 0096 08       		.uleb128 0x8
 575 0097 E7000000 		.4byte	.LASF12
 576 009b 03       		.byte	0x3
 577 009c 1F       		.byte	0x1f
 578 009d A7000000 		.4byte	0xa7
 579 00a1 05       		.uleb128 0x5
 580 00a2 03       		.byte	0x3
 581 00a3 00000000 		.4byte	cy_meta_configecc
 582 00a7 07       		.uleb128 0x7
 583 00a8 79000000 		.4byte	0x79
 584 00ac 05       		.uleb128 0x5
 585 00ad 91000000 		.4byte	0x91
 586 00b1 BC000000 		.4byte	0xbc
 587 00b5 09       		.uleb128 0x9
 588 00b6 8A000000 		.4byte	0x8a
 589 00ba 03       		.byte	0x3
 590 00bb 00       		.byte	0
 591 00bc 08       		.uleb128 0x8
 592 00bd D7000000 		.4byte	.LASF13
 593 00c1 03       		.byte	0x3
 594 00c2 61       		.byte	0x61
 595 00c3 CD000000 		.4byte	0xcd
 596 00c7 05       		.uleb128 0x5
 597 00c8 03       		.byte	0x3
 598 00c9 00000000 		.4byte	cy_meta_custnvl
 599 00cd 07       		.uleb128 0x7
 600 00ce AC000000 		.4byte	0xac
 601 00d2 08       		.uleb128 0x8
 602 00d3 8D010000 		.4byte	.LASF14
 603 00d7 03       		.byte	0x3
 604 00d8 6F       		.byte	0x6f
 605 00d9 E3000000 		.4byte	0xe3
 606 00dd 05       		.uleb128 0x5
 607 00de 03       		.byte	0x3
 608 00df 00000000 		.4byte	cy_meta_wonvl
 609 00e3 07       		.uleb128 0x7
 610 00e4 AC000000 		.4byte	0xac
 611 00e8 05       		.uleb128 0x5
 612 00e9 91000000 		.4byte	0x91
 613 00ed F8000000 		.4byte	0xf8
 614 00f1 09       		.uleb128 0x9
 615 00f2 8A000000 		.4byte	0x8a
 616 00f6 FF       		.byte	0xff
 617 00f7 00       		.byte	0
 618 00f8 08       		.uleb128 0x8
 619 00f9 78010000 		.4byte	.LASF15
 620 00fd 03       		.byte	0x3
 621 00fe 7D       		.byte	0x7d
 622 00ff 09010000 		.4byte	0x109
 623 0103 05       		.uleb128 0x5
ARM GAS  C:\Users\adria\AppData\Local\Temp\ccZgKO0p.s 			page 12


 624 0104 03       		.byte	0x3
 625 0105 00000000 		.4byte	cy_meta_flashprotect
 626 0109 07       		.uleb128 0x7
 627 010a E8000000 		.4byte	0xe8
 628 010e 05       		.uleb128 0x5
 629 010f 91000000 		.4byte	0x91
 630 0113 1E010000 		.4byte	0x11e
 631 0117 09       		.uleb128 0x9
 632 0118 8A000000 		.4byte	0x8a
 633 011c 0B       		.byte	0xb
 634 011d 00       		.byte	0
 635 011e 08       		.uleb128 0x8
 636 011f 0A000000 		.4byte	.LASF16
 637 0123 03       		.byte	0x3
 638 0124 AA       		.byte	0xaa
 639 0125 2F010000 		.4byte	0x12f
 640 0129 05       		.uleb128 0x5
 641 012a 03       		.byte	0x3
 642 012b 00000000 		.4byte	cy_metadata
 643 012f 07       		.uleb128 0x7
 644 0130 0E010000 		.4byte	0x10e
 645 0134 00       		.byte	0
 646              		.section	.debug_abbrev,"",%progbits
 647              	.Ldebug_abbrev0:
 648 0000 01       		.uleb128 0x1
 649 0001 11       		.uleb128 0x11
 650 0002 01       		.byte	0x1
 651 0003 25       		.uleb128 0x25
 652 0004 0E       		.uleb128 0xe
 653 0005 13       		.uleb128 0x13
 654 0006 0B       		.uleb128 0xb
 655 0007 03       		.uleb128 0x3
 656 0008 0E       		.uleb128 0xe
 657 0009 1B       		.uleb128 0x1b
 658 000a 0E       		.uleb128 0xe
 659 000b 10       		.uleb128 0x10
 660 000c 17       		.uleb128 0x17
 661 000d 00       		.byte	0
 662 000e 00       		.byte	0
 663 000f 02       		.uleb128 0x2
 664 0010 24       		.uleb128 0x24
 665 0011 00       		.byte	0
 666 0012 0B       		.uleb128 0xb
 667 0013 0B       		.uleb128 0xb
 668 0014 3E       		.uleb128 0x3e
 669 0015 0B       		.uleb128 0xb
 670 0016 03       		.uleb128 0x3
 671 0017 0E       		.uleb128 0xe
 672 0018 00       		.byte	0
 673 0019 00       		.byte	0
 674 001a 03       		.uleb128 0x3
 675 001b 16       		.uleb128 0x16
 676 001c 00       		.byte	0
 677 001d 03       		.uleb128 0x3
 678 001e 0E       		.uleb128 0xe
 679 001f 3A       		.uleb128 0x3a
 680 0020 0B       		.uleb128 0xb
ARM GAS  C:\Users\adria\AppData\Local\Temp\ccZgKO0p.s 			page 13


 681 0021 3B       		.uleb128 0x3b
 682 0022 0B       		.uleb128 0xb
 683 0023 49       		.uleb128 0x49
 684 0024 13       		.uleb128 0x13
 685 0025 00       		.byte	0
 686 0026 00       		.byte	0
 687 0027 04       		.uleb128 0x4
 688 0028 24       		.uleb128 0x24
 689 0029 00       		.byte	0
 690 002a 0B       		.uleb128 0xb
 691 002b 0B       		.uleb128 0xb
 692 002c 3E       		.uleb128 0x3e
 693 002d 0B       		.uleb128 0xb
 694 002e 03       		.uleb128 0x3
 695 002f 08       		.uleb128 0x8
 696 0030 00       		.byte	0
 697 0031 00       		.byte	0
 698 0032 05       		.uleb128 0x5
 699 0033 01       		.uleb128 0x1
 700 0034 01       		.byte	0x1
 701 0035 49       		.uleb128 0x49
 702 0036 13       		.uleb128 0x13
 703 0037 01       		.uleb128 0x1
 704 0038 13       		.uleb128 0x13
 705 0039 00       		.byte	0
 706 003a 00       		.byte	0
 707 003b 06       		.uleb128 0x6
 708 003c 21       		.uleb128 0x21
 709 003d 00       		.byte	0
 710 003e 49       		.uleb128 0x49
 711 003f 13       		.uleb128 0x13
 712 0040 2F       		.uleb128 0x2f
 713 0041 05       		.uleb128 0x5
 714 0042 00       		.byte	0
 715 0043 00       		.byte	0
 716 0044 07       		.uleb128 0x7
 717 0045 26       		.uleb128 0x26
 718 0046 00       		.byte	0
 719 0047 49       		.uleb128 0x49
 720 0048 13       		.uleb128 0x13
 721 0049 00       		.byte	0
 722 004a 00       		.byte	0
 723 004b 08       		.uleb128 0x8
 724 004c 34       		.uleb128 0x34
 725 004d 00       		.byte	0
 726 004e 03       		.uleb128 0x3
 727 004f 0E       		.uleb128 0xe
 728 0050 3A       		.uleb128 0x3a
 729 0051 0B       		.uleb128 0xb
 730 0052 3B       		.uleb128 0x3b
 731 0053 0B       		.uleb128 0xb
 732 0054 49       		.uleb128 0x49
 733 0055 13       		.uleb128 0x13
 734 0056 3F       		.uleb128 0x3f
 735 0057 19       		.uleb128 0x19
 736 0058 02       		.uleb128 0x2
 737 0059 18       		.uleb128 0x18
ARM GAS  C:\Users\adria\AppData\Local\Temp\ccZgKO0p.s 			page 14


 738 005a 00       		.byte	0
 739 005b 00       		.byte	0
 740 005c 09       		.uleb128 0x9
 741 005d 21       		.uleb128 0x21
 742 005e 00       		.byte	0
 743 005f 49       		.uleb128 0x49
 744 0060 13       		.uleb128 0x13
 745 0061 2F       		.uleb128 0x2f
 746 0062 0B       		.uleb128 0xb
 747 0063 00       		.byte	0
 748 0064 00       		.byte	0
 749 0065 00       		.byte	0
 750              		.section	.debug_aranges,"",%progbits
 751 0000 14000000 		.4byte	0x14
 752 0004 0200     		.2byte	0x2
 753 0006 00000000 		.4byte	.Ldebug_info0
 754 000a 04       		.byte	0x4
 755 000b 00       		.byte	0
 756 000c 0000     		.2byte	0
 757 000e 0000     		.2byte	0
 758 0010 00000000 		.4byte	0
 759 0014 00000000 		.4byte	0
 760              		.section	.debug_line,"",%progbits
 761              	.Ldebug_line0:
 762 0000 3D010000 		.section	.debug_str,"MS",%progbits,1
 762      02003701 
 762      00000201 
 762      FB0E0D00 
 762      01010101 
 763              	.LASF9:
 764 0000 5F5F7569 		.ascii	"__uint8_t\000"
 764      6E74385F 
 764      7400
 765              	.LASF16:
 766 000a 63795F6D 		.ascii	"cy_metadata\000"
 766      65746164 
 766      61746100 
 767              	.LASF1:
 768 0016 756E7369 		.ascii	"unsigned char\000"
 768      676E6564 
 768      20636861 
 768      7200
 769              	.LASF17:
 770 0024 474E5520 		.ascii	"GNU C11 5.4.1 20160609 (release) [ARM/embedded-5-br"
 770      43313120 
 770      352E342E 
 770      31203230 
 770      31363036 
 771 0057 616E6368 		.ascii	"anch revision 237715] -mcpu=cortex-m3 -mthumb -g -O"
 771      20726576 
 771      6973696F 
 771      6E203233 
 771      37373135 
 772 008a 67202D66 		.ascii	"g -ffunction-sections -ffat-lto-objects\000"
 772      66756E63 
 772      74696F6E 
 772      2D736563 
ARM GAS  C:\Users\adria\AppData\Local\Temp\ccZgKO0p.s 			page 15


 772      74696F6E 
 773              	.LASF5:
 774 00b2 6C6F6E67 		.ascii	"long unsigned int\000"
 774      20756E73 
 774      69676E65 
 774      6420696E 
 774      7400
 775              	.LASF3:
 776 00c4 73686F72 		.ascii	"short unsigned int\000"
 776      7420756E 
 776      7369676E 
 776      65642069 
 776      6E7400
 777              	.LASF13:
 778 00d7 63795F6D 		.ascii	"cy_meta_custnvl\000"
 778      6574615F 
 778      63757374 
 778      6E766C00 
 779              	.LASF12:
 780 00e7 63795F6D 		.ascii	"cy_meta_configecc\000"
 780      6574615F 
 780      636F6E66 
 780      69676563 
 780      6300
 781              	.LASF19:
 782 00f9 443A5C47 		.ascii	"D:\\GITHUB\\Psoc_Projectos_propios\\PWM_Motor_180dc"
 782      49544855 
 782      425C5073 
 782      6F635F50 
 782      726F6A65 
 783 0129 5C576F72 		.ascii	"\\Workspace01\\PWM_Motor_dc180.cydsn\000"
 783      6B737061 
 783      63653031 
 783      5C50574D 
 783      5F4D6F74 
 784              	.LASF8:
 785 014c 756E7369 		.ascii	"unsigned int\000"
 785      676E6564 
 785      20696E74 
 785      00
 786              	.LASF7:
 787 0159 6C6F6E67 		.ascii	"long long unsigned int\000"
 787      206C6F6E 
 787      6720756E 
 787      7369676E 
 787      65642069 
 788              	.LASF10:
 789 0170 75696E74 		.ascii	"uint8_t\000"
 789      385F7400 
 790              	.LASF15:
 791 0178 63795F6D 		.ascii	"cy_meta_flashprotect\000"
 791      6574615F 
 791      666C6173 
 791      6870726F 
 791      74656374 
 792              	.LASF14:
 793 018d 63795F6D 		.ascii	"cy_meta_wonvl\000"
ARM GAS  C:\Users\adria\AppData\Local\Temp\ccZgKO0p.s 			page 16


 793      6574615F 
 793      776F6E76 
 793      6C00
 794              	.LASF11:
 795 019b 73697A65 		.ascii	"sizetype\000"
 795      74797065 
 795      00
 796              	.LASF6:
 797 01a4 6C6F6E67 		.ascii	"long long int\000"
 797      206C6F6E 
 797      6720696E 
 797      7400
 798              	.LASF2:
 799 01b2 73686F72 		.ascii	"short int\000"
 799      7420696E 
 799      7400
 800              	.LASF4:
 801 01bc 6C6F6E67 		.ascii	"long int\000"
 801      20696E74 
 801      00
 802              	.LASF0:
 803 01c5 7369676E 		.ascii	"signed char\000"
 803      65642063 
 803      68617200 
 804              	.LASF18:
 805 01d1 47656E65 		.ascii	"Generated_Source\\PSoC5\\cymetadata.c\000"
 805      72617465 
 805      645F536F 
 805      75726365 
 805      5C50536F 
 806              		.ident	"GCC: (GNU Tools for ARM Embedded Processors) 5.4.1 20160609 (release) [ARM/embedded-5-bran
