ARM GAS  C:\Users\adria\AppData\Local\Temp\cc0nu9v3.s 			page 1


   1              		.syntax unified
   2              		.cpu cortex-m3
   3              		.fpu softvfp
   4              		.eabi_attribute 20, 1
   5              		.eabi_attribute 21, 1
   6              		.eabi_attribute 23, 3
   7              		.eabi_attribute 24, 1
   8              		.eabi_attribute 25, 1
   9              		.eabi_attribute 26, 1
  10              		.eabi_attribute 30, 1
  11              		.eabi_attribute 34, 1
  12              		.eabi_attribute 18, 4
  13              		.thumb
  14              		.syntax unified
  15              		.file	"cymetadata.c"
  16              		.text
  17              	.Ltext0:
  18              		.cfi_sections	.debug_frame
  19              		.global	cy_metadata
  20              		.global	cy_meta_flashprotect
  21              		.global	cy_meta_wonvl
  22              		.global	cy_meta_custnvl
  23              		.global	cy_meta_configecc
  24              		.section	.cyconfigecc,"a",%progbits
  25              		.align	2
  26              		.type	cy_meta_configecc, %object
  27              		.size	cy_meta_configecc, 432
  28              	cy_meta_configecc:
  29 0000 02       		.byte	2
  30 0001 52       		.byte	82
  31 0002 00       		.byte	0
  32 0003 40       		.byte	64
  33 0004 01       		.byte	1
  34 0005 65       		.byte	101
  35 0006 00       		.byte	0
  36 0007 40       		.byte	64
  37 0008 02       		.byte	2
  38 0009 15       		.byte	21
  39 000a 01       		.byte	1
  40 000b 40       		.byte	64
  41 000c 59       		.byte	89
  42 000d 1A       		.byte	26
  43 000e 01       		.byte	1
  44 000f 40       		.byte	64
  45 0010 31       		.byte	49
  46 0011 1B       		.byte	27
  47 0012 01       		.byte	1
  48 0013 40       		.byte	64
  49 0014 03       		.byte	3
  50 0015 40       		.byte	64
  51 0016 01       		.byte	1
  52 0017 40       		.byte	64
  53 0018 02       		.byte	2
  54 0019 41       		.byte	65
  55 001a 01       		.byte	1
  56 001b 40       		.byte	64
  57 001c 02       		.byte	2
ARM GAS  C:\Users\adria\AppData\Local\Temp\cc0nu9v3.s 			page 2


  58 001d 42       		.byte	66
  59 001e 01       		.byte	1
  60 001f 40       		.byte	64
  61 0020 02       		.byte	2
  62 0021 43       		.byte	67
  63 0022 01       		.byte	1
  64 0023 40       		.byte	64
  65 0024 02       		.byte	2
  66 0025 48       		.byte	72
  67 0026 01       		.byte	1
  68 0027 40       		.byte	64
  69 0028 05       		.byte	5
  70 0029 49       		.byte	73
  71 002a 01       		.byte	1
  72 002b 40       		.byte	64
  73 002c 02       		.byte	2
  74 002d 4C       		.byte	76
  75 002e 01       		.byte	1
  76 002f 40       		.byte	64
  77 0030 05       		.byte	5
  78 0031 4D       		.byte	77
  79 0032 01       		.byte	1
  80 0033 40       		.byte	64
  81 0034 02       		.byte	2
  82 0035 50       		.byte	80
  83 0036 01       		.byte	1
  84 0037 40       		.byte	64
  85 0038 01       		.byte	1
  86 0039 51       		.byte	81
  87 003a 01       		.byte	1
  88 003b 40       		.byte	64
  89 003c 60       		.byte	96
  90 003d 80       		.byte	-128
  91 003e 61       		.byte	97
  92 003f 80       		.byte	-128
  93 0040 8B       		.byte	-117
  94 0041 0F       		.byte	15
  95 0042 E6       		.byte	-26
  96 0043 02       		.byte	2
  97 0044 EE       		.byte	-18
  98 0045 08       		.byte	8
  99 0046 04       		.byte	4
 100 0047 09       		.byte	9
 101 0048 06       		.byte	6
 102 0049 10       		.byte	16
 103 004a 07       		.byte	7
 104 004b 0C       		.byte	12
 105 004c 09       		.byte	9
 106 004d 80       		.byte	-128
 107 004e 0A       		.byte	10
 108 004f 03       		.byte	3
 109 0050 0B       		.byte	11
 110 0051 13       		.byte	19
 111 0052 0C       		.byte	12
 112 0053 14       		.byte	20
 113 0054 0F       		.byte	15
 114 0055 08       		.byte	8
ARM GAS  C:\Users\adria\AppData\Local\Temp\cc0nu9v3.s 			page 3


 115 0056 10       		.byte	16
 116 0057 30       		.byte	48
 117 0058 12       		.byte	18
 118 0059 0C       		.byte	12
 119 005a 14       		.byte	20
 120 005b 1C       		.byte	28
 121 005c 15       		.byte	21
 122 005d 2C       		.byte	44
 123 005e 16       		.byte	22
 124 005f 22       		.byte	34
 125 0060 17       		.byte	23
 126 0061 43       		.byte	67
 127 0062 1C       		.byte	28
 128 0063 2C       		.byte	44
 129 0064 1E       		.byte	30
 130 0065 11       		.byte	17
 131 0066 20       		.byte	32
 132 0067 10       		.byte	16
 133 0068 21       		.byte	33
 134 0069 71       		.byte	113
 135 006a 23       		.byte	35
 136 006b 06       		.byte	6
 137 006c 26       		.byte	38
 138 006d 20       		.byte	32
 139 006e 2A       		.byte	42
 140 006f 20       		.byte	32
 141 0070 2D       		.byte	45
 142 0071 71       		.byte	113
 143 0072 2F       		.byte	47
 144 0073 0E       		.byte	14
 145 0074 30       		.byte	48
 146 0075 20       		.byte	32
 147 0076 32       		.byte	50
 148 0077 1F       		.byte	31
 149 0078 33       		.byte	51
 150 0079 0F       		.byte	15
 151 007a 35       		.byte	53
 152 007b C0       		.byte	-64
 153 007c 37       		.byte	55
 154 007d 30       		.byte	48
 155 007e 39       		.byte	57
 156 007f A0       		.byte	-96
 157 0080 3B       		.byte	59
 158 0081 08       		.byte	8
 159 0082 3E       		.byte	62
 160 0083 01       		.byte	1
 161 0084 3F       		.byte	63
 162 0085 40       		.byte	64
 163 0086 40       		.byte	64
 164 0087 01       		.byte	1
 165 0088 46       		.byte	70
 166 0089 04       		.byte	4
 167 008a 49       		.byte	73
 168 008b FF       		.byte	-1
 169 008c 4A       		.byte	74
 170 008d 07       		.byte	7
 171 008e 4B       		.byte	75
ARM GAS  C:\Users\adria\AppData\Local\Temp\cc0nu9v3.s 			page 4


 172 008f FF       		.byte	-1
 173 0090 4C       		.byte	76
 174 0091 40       		.byte	64
 175 0092 4D       		.byte	77
 176 0093 20       		.byte	32
 177 0094 4E       		.byte	78
 178 0095 F0       		.byte	-16
 179 0096 4F       		.byte	79
 180 0097 05       		.byte	5
 181 0098 50       		.byte	80
 182 0099 08       		.byte	8
 183 009a 58       		.byte	88
 184 009b 04       		.byte	4
 185 009c 59       		.byte	89
 186 009d 04       		.byte	4
 187 009e 5A       		.byte	90
 188 009f 04       		.byte	4
 189 00a0 5F       		.byte	95
 190 00a1 01       		.byte	1
 191 00a2 60       		.byte	96
 192 00a3 40       		.byte	64
 193 00a4 61       		.byte	97
 194 00a5 A8       		.byte	-88
 195 00a6 62       		.byte	98
 196 00a7 40       		.byte	64
 197 00a8 63       		.byte	99
 198 00a9 20       		.byte	32
 199 00aa 82       		.byte	-126
 200 00ab 20       		.byte	32
 201 00ac 86       		.byte	-122
 202 00ad 15       		.byte	21
 203 00ae 88       		.byte	-120
 204 00af 40       		.byte	64
 205 00b0 8C       		.byte	-116
 206 00b1 03       		.byte	3
 207 00b2 8E       		.byte	-114
 208 00b3 1C       		.byte	28
 209 00b4 90       		.byte	-112
 210 00b5 80       		.byte	-128
 211 00b6 94       		.byte	-108
 212 00b7 03       		.byte	3
 213 00b8 96       		.byte	-106
 214 00b9 04       		.byte	4
 215 00ba 9C       		.byte	-100
 216 00bb 03       		.byte	3
 217 00bc 9E       		.byte	-98
 218 00bd 34       		.byte	52
 219 00be A4       		.byte	-92
 220 00bf 2A       		.byte	42
 221 00c0 A6       		.byte	-90
 222 00c1 14       		.byte	20
 223 00c2 AA       		.byte	-86
 224 00c3 28       		.byte	40
 225 00c4 B0       		.byte	-80
 226 00c5 0F       		.byte	15
 227 00c6 B2       		.byte	-78
 228 00c7 40       		.byte	64
ARM GAS  C:\Users\adria\AppData\Local\Temp\cc0nu9v3.s 			page 5


 229 00c8 B4       		.byte	-76
 230 00c9 80       		.byte	-128
 231 00ca B6       		.byte	-74
 232 00cb 38       		.byte	56
 233 00cc BA       		.byte	-70
 234 00cd 82       		.byte	-126
 235 00ce BE       		.byte	-66
 236 00cf 14       		.byte	20
 237 00d0 C0       		.byte	-64
 238 00d1 43       		.byte	67
 239 00d2 C1       		.byte	-63
 240 00d3 01       		.byte	1
 241 00d4 C6       		.byte	-58
 242 00d5 CE       		.byte	-50
 243 00d6 C7       		.byte	-57
 244 00d7 B0       		.byte	-80
 245 00d8 C8       		.byte	-56
 246 00d9 2C       		.byte	44
 247 00da C9       		.byte	-55
 248 00db FF       		.byte	-1
 249 00dc CA       		.byte	-54
 250 00dd FF       		.byte	-1
 251 00de CB       		.byte	-53
 252 00df FF       		.byte	-1
 253 00e0 CE       		.byte	-50
 254 00e1 F0       		.byte	-16
 255 00e2 CF       		.byte	-49
 256 00e3 44       		.byte	68
 257 00e4 D0       		.byte	-48
 258 00e5 0C       		.byte	12
 259 00e6 D4       		.byte	-44
 260 00e7 01       		.byte	1
 261 00e8 D6       		.byte	-42
 262 00e9 04       		.byte	4
 263 00ea D8       		.byte	-40
 264 00eb 04       		.byte	4
 265 00ec DA       		.byte	-38
 266 00ed 04       		.byte	4
 267 00ee DB       		.byte	-37
 268 00ef 04       		.byte	4
 269 00f0 DF       		.byte	-33
 270 00f1 01       		.byte	1
 271 00f2 E6       		.byte	-26
 272 00f3 C0       		.byte	-64
 273 00f4 EA       		.byte	-22
 274 00f5 40       		.byte	64
 275 00f6 EB       		.byte	-21
 276 00f7 02       		.byte	2
 277 00f8 00       		.byte	0
 278 00f9 14       		.byte	20
 279 00fa 02       		.byte	2
 280 00fb 01       		.byte	1
 281 00fc 04       		.byte	4
 282 00fd 50       		.byte	80
 283 00fe 06       		.byte	6
 284 00ff 50       		.byte	80
 285 0100 09       		.byte	9
ARM GAS  C:\Users\adria\AppData\Local\Temp\cc0nu9v3.s 			page 6


 286 0101 8A       		.byte	-118
 287 0102 0D       		.byte	13
 288 0103 80       		.byte	-128
 289 0104 0F       		.byte	15
 290 0105 A0       		.byte	-96
 291 0106 10       		.byte	16
 292 0107 20       		.byte	32
 293 0108 11       		.byte	17
 294 0109 20       		.byte	32
 295 010a 12       		.byte	18
 296 010b 40       		.byte	64
 297 010c 13       		.byte	19
 298 010d 20       		.byte	32
 299 010e 15       		.byte	21
 300 010f 28       		.byte	40
 301 0110 18       		.byte	24
 302 0111 10       		.byte	16
 303 0112 1A       		.byte	26
 304 0113 40       		.byte	64
 305 0114 1C       		.byte	28
 306 0115 40       		.byte	64
 307 0116 1D       		.byte	29
 308 0117 C3       		.byte	-61
 309 0118 1E       		.byte	30
 310 0119 24       		.byte	36
 311 011a 20       		.byte	32
 312 011b 05       		.byte	5
 313 011c 21       		.byte	33
 314 011d 1C       		.byte	28
 315 011e 29       		.byte	41
 316 011f 41       		.byte	65
 317 0120 31       		.byte	49
 318 0121 08       		.byte	8
 319 0122 38       		.byte	56
 320 0123 24       		.byte	36
 321 0124 3A       		.byte	58
 322 0125 40       		.byte	64
 323 0126 40       		.byte	64
 324 0127 01       		.byte	1
 325 0128 45       		.byte	69
 326 0129 82       		.byte	-126
 327 012a 46       		.byte	70
 328 012b 10       		.byte	16
 329 012c 50       		.byte	80
 330 012d 30       		.byte	48
 331 012e 52       		.byte	82
 332 012f 50       		.byte	80
 333 0130 55       		.byte	85
 334 0131 10       		.byte	16
 335 0132 56       		.byte	86
 336 0133 01       		.byte	1
 337 0134 57       		.byte	87
 338 0135 50       		.byte	80
 339 0136 5D       		.byte	93
 340 0137 01       		.byte	1
 341 0138 5E       		.byte	94
 342 0139 44       		.byte	68
ARM GAS  C:\Users\adria\AppData\Local\Temp\cc0nu9v3.s 			page 7


 343 013a 5F       		.byte	95
 344 013b 20       		.byte	32
 345 013c 67       		.byte	103
 346 013d 40       		.byte	64
 347 013e 79       		.byte	121
 348 013f 01       		.byte	1
 349 0140 7B       		.byte	123
 350 0141 40       		.byte	64
 351 0142 87       		.byte	-121
 352 0143 40       		.byte	64
 353 0144 8A       		.byte	-118
 354 0145 10       		.byte	16
 355 0146 C0       		.byte	-64
 356 0147 F7       		.byte	-9
 357 0148 C2       		.byte	-62
 358 0149 BD       		.byte	-67
 359 014a C4       		.byte	-60
 360 014b 6E       		.byte	110
 361 014c CA       		.byte	-54
 362 014d 09       		.byte	9
 363 014e CC       		.byte	-52
 364 014f 02       		.byte	2
 365 0150 CE       		.byte	-50
 366 0151 0E       		.byte	14
 367 0152 D0       		.byte	-48
 368 0153 D8       		.byte	-40
 369 0154 D6       		.byte	-42
 370 0155 F0       		.byte	-16
 371 0156 D8       		.byte	-40
 372 0157 80       		.byte	-128
 373 0158 EE       		.byte	-18
 374 0159 08       		.byte	8
 375 015a 33       		.byte	51
 376 015b 20       		.byte	32
 377 015c 36       		.byte	54
 378 015d 20       		.byte	32
 379 015e CC       		.byte	-52
 380 015f 30       		.byte	48
 381 0160 A6       		.byte	-90
 382 0161 20       		.byte	32
 383 0162 A7       		.byte	-89
 384 0163 20       		.byte	32
 385 0164 A6       		.byte	-90
 386 0165 20       		.byte	32
 387 0166 A7       		.byte	-89
 388 0167 20       		.byte	32
 389 0168 A6       		.byte	-90
 390 0169 20       		.byte	32
 391 016a A7       		.byte	-89
 392 016b 20       		.byte	32
 393 016c A6       		.byte	-90
 394 016d 20       		.byte	32
 395 016e A7       		.byte	-89
 396 016f 20       		.byte	32
 397 0170 86       		.byte	-122
 398 0171 20       		.byte	32
 399 0172 A6       		.byte	-90
ARM GAS  C:\Users\adria\AppData\Local\Temp\cc0nu9v3.s 			page 8


 400 0173 20       		.byte	32
 401 0174 AF       		.byte	-81
 402 0175 20       		.byte	32
 403 0176 E6       		.byte	-26
 404 0177 40       		.byte	64
 405 0178 EE       		.byte	-18
 406 0179 10       		.byte	16
 407 017a 1F       		.byte	31
 408 017b 80       		.byte	-128
 409 017c C6       		.byte	-58
 410 017d 01       		.byte	1
 411 017e 75       		.byte	117
 412 017f 02       		.byte	2
 413 0180 89       		.byte	-119
 414 0181 02       		.byte	2
 415 0182 AF       		.byte	-81
 416 0183 80       		.byte	-128
 417 0184 DE       		.byte	-34
 418 0185 04       		.byte	4
 419 0186 E0       		.byte	-32
 420 0187 01       		.byte	1
 421 0188 10       		.byte	16
 422 0189 01       		.byte	1
 423 018a 1C       		.byte	28
 424 018b 01       		.byte	1
 425 018c 00       		.byte	0
 426 018d 0F       		.byte	15
 427 018e 00       		.byte	0
 428 018f 00       		.byte	0
 429 0190 80       		.byte	-128
 430 0191 00       		.byte	0
 431 0192 00       		.byte	0
 432 0193 80       		.byte	-128
 433 0194 80       		.byte	-128
 434 0195 00       		.byte	0
 435 0196 80       		.byte	-128
 436 0197 00       		.byte	0
 437 0198 00       		.byte	0
 438 0199 00       		.byte	0
 439 019a 00       		.byte	0
 440 019b 00       		.byte	0
 441 019c 00       		.byte	0
 442 019d 0B       		.byte	11
 443 019e 0B       		.byte	11
 444 019f 00       		.byte	0
 445 01a0 00       		.byte	0
 446 01a1 00       		.byte	0
 447 01a2 00       		.byte	0
 448 01a3 00       		.byte	0
 449 01a4 00       		.byte	0
 450 01a5 00       		.byte	0
 451 01a6 00       		.byte	0
 452 01a7 00       		.byte	0
 453 01a8 00       		.byte	0
 454 01a9 00       		.byte	0
 455 01aa 01       		.byte	1
 456 01ab 00       		.byte	0
ARM GAS  C:\Users\adria\AppData\Local\Temp\cc0nu9v3.s 			page 9


 457 01ac 17       		.byte	23
 458 01ad 00       		.byte	0
 459 01ae 18       		.byte	24
 460 01af 01       		.byte	1
 461              		.section	.cywolatch,"a",%progbits
 462              		.align	2
 463              		.type	cy_meta_wonvl, %object
 464              		.size	cy_meta_wonvl, 4
 465              	cy_meta_wonvl:
 466 0000 BC       		.byte	-68
 467 0001 90       		.byte	-112
 468 0002 AC       		.byte	-84
 469 0003 AF       		.byte	-81
 470              		.section	.cycustnvl,"a",%progbits
 471              		.align	2
 472              		.type	cy_meta_custnvl, %object
 473              		.size	cy_meta_custnvl, 4
 474              	cy_meta_custnvl:
 475 0000 00       		.byte	0
 476 0001 00       		.byte	0
 477 0002 40       		.byte	64
 478 0003 05       		.byte	5
 479              		.section	.cymeta,"a",%progbits
 480              		.align	2
 481              		.type	cy_metadata, %object
 482              		.size	cy_metadata, 12
 483              	cy_metadata:
 484 0000 00       		.byte	0
 485 0001 01       		.byte	1
 486 0002 2E       		.byte	46
 487 0003 16       		.byte	22
 488 0004 10       		.byte	16
 489 0005 69       		.byte	105
 490 0006 00       		.byte	0
 491 0007 01       		.byte	1
 492 0008 00       		.byte	0
 493 0009 00       		.byte	0
 494 000a 00       		.byte	0
 495 000b 00       		.byte	0
 496              		.section	.cyflashprotect,"a",%progbits
 497              		.align	2
 498              		.type	cy_meta_flashprotect, %object
 499              		.size	cy_meta_flashprotect, 256
 500              	cy_meta_flashprotect:
 501 0000 00000000 		.space	256
 501      00000000 
 501      00000000 
 501      00000000 
 501      00000000 
 502              		.text
 503              	.Letext0:
 504              		.file 1 "c:\\program files (x86)\\cypress\\psoc creator\\4.4\\psoc creator\\import\\gnu\\arm\\5.4.
 505              		.file 2 "c:\\program files (x86)\\cypress\\psoc creator\\4.4\\psoc creator\\import\\gnu\\arm\\5.4.
 506              		.file 3 "Generated_Source\\PSoC5\\cymetadata.c"
 507              		.section	.debug_info,"",%progbits
 508              	.Ldebug_info0:
 509 0000 31010000 		.4byte	0x131
ARM GAS  C:\Users\adria\AppData\Local\Temp\cc0nu9v3.s 			page 10


 510 0004 0400     		.2byte	0x4
 511 0006 00000000 		.4byte	.Ldebug_abbrev0
 512 000a 04       		.byte	0x4
 513 000b 01       		.uleb128 0x1
 514 000c 51000000 		.4byte	.LASF17
 515 0010 0C       		.byte	0xc
 516 0011 AB010000 		.4byte	.LASF18
 517 0015 0A000000 		.4byte	.LASF19
 518 0019 00000000 		.4byte	.Ldebug_line0
 519 001d 02       		.uleb128 0x2
 520 001e 01       		.byte	0x1
 521 001f 06       		.byte	0x6
 522 0020 9F010000 		.4byte	.LASF0
 523 0024 03       		.uleb128 0x3
 524 0025 00000000 		.4byte	.LASF9
 525 0029 01       		.byte	0x1
 526 002a 1D       		.byte	0x1d
 527 002b 2F000000 		.4byte	0x2f
 528 002f 02       		.uleb128 0x2
 529 0030 01       		.byte	0x1
 530 0031 08       		.byte	0x8
 531 0032 43000000 		.4byte	.LASF1
 532 0036 02       		.uleb128 0x2
 533 0037 02       		.byte	0x2
 534 0038 05       		.byte	0x5
 535 0039 8C010000 		.4byte	.LASF2
 536 003d 02       		.uleb128 0x2
 537 003e 02       		.byte	0x2
 538 003f 07       		.byte	0x7
 539 0040 F1000000 		.4byte	.LASF3
 540 0044 02       		.uleb128 0x2
 541 0045 04       		.byte	0x4
 542 0046 05       		.byte	0x5
 543 0047 96010000 		.4byte	.LASF4
 544 004b 02       		.uleb128 0x2
 545 004c 04       		.byte	0x4
 546 004d 07       		.byte	0x7
 547 004e DF000000 		.4byte	.LASF5
 548 0052 02       		.uleb128 0x2
 549 0053 08       		.byte	0x8
 550 0054 05       		.byte	0x5
 551 0055 7E010000 		.4byte	.LASF6
 552 0059 02       		.uleb128 0x2
 553 005a 08       		.byte	0x8
 554 005b 07       		.byte	0x7
 555 005c 33010000 		.4byte	.LASF7
 556 0060 04       		.uleb128 0x4
 557 0061 04       		.byte	0x4
 558 0062 05       		.byte	0x5
 559 0063 696E7400 		.ascii	"int\000"
 560 0067 02       		.uleb128 0x2
 561 0068 04       		.byte	0x4
 562 0069 07       		.byte	0x7
 563 006a 26010000 		.4byte	.LASF8
 564 006e 03       		.uleb128 0x3
 565 006f 4A010000 		.4byte	.LASF10
 566 0073 02       		.byte	0x2
ARM GAS  C:\Users\adria\AppData\Local\Temp\cc0nu9v3.s 			page 11


 567 0074 18       		.byte	0x18
 568 0075 24000000 		.4byte	0x24
 569 0079 05       		.uleb128 0x5
 570 007a 91000000 		.4byte	0x91
 571 007e 8A000000 		.4byte	0x8a
 572 0082 06       		.uleb128 0x6
 573 0083 8A000000 		.4byte	0x8a
 574 0087 AF01     		.2byte	0x1af
 575 0089 00       		.byte	0
 576 008a 02       		.uleb128 0x2
 577 008b 04       		.byte	0x4
 578 008c 07       		.byte	0x7
 579 008d 75010000 		.4byte	.LASF11
 580 0091 07       		.uleb128 0x7
 581 0092 6E000000 		.4byte	0x6e
 582 0096 08       		.uleb128 0x8
 583 0097 14010000 		.4byte	.LASF12
 584 009b 03       		.byte	0x3
 585 009c 1F       		.byte	0x1f
 586 009d A7000000 		.4byte	0xa7
 587 00a1 05       		.uleb128 0x5
 588 00a2 03       		.byte	0x3
 589 00a3 00000000 		.4byte	cy_meta_configecc
 590 00a7 07       		.uleb128 0x7
 591 00a8 79000000 		.4byte	0x79
 592 00ac 05       		.uleb128 0x5
 593 00ad 91000000 		.4byte	0x91
 594 00b1 BC000000 		.4byte	0xbc
 595 00b5 09       		.uleb128 0x9
 596 00b6 8A000000 		.4byte	0x8a
 597 00ba 03       		.byte	0x3
 598 00bb 00       		.byte	0
 599 00bc 08       		.uleb128 0x8
 600 00bd 04010000 		.4byte	.LASF13
 601 00c1 03       		.byte	0x3
 602 00c2 62       		.byte	0x62
 603 00c3 CD000000 		.4byte	0xcd
 604 00c7 05       		.uleb128 0x5
 605 00c8 03       		.byte	0x3
 606 00c9 00000000 		.4byte	cy_meta_custnvl
 607 00cd 07       		.uleb128 0x7
 608 00ce AC000000 		.4byte	0xac
 609 00d2 08       		.uleb128 0x8
 610 00d3 67010000 		.4byte	.LASF14
 611 00d7 03       		.byte	0x3
 612 00d8 70       		.byte	0x70
 613 00d9 E3000000 		.4byte	0xe3
 614 00dd 05       		.uleb128 0x5
 615 00de 03       		.byte	0x3
 616 00df 00000000 		.4byte	cy_meta_wonvl
 617 00e3 07       		.uleb128 0x7
 618 00e4 AC000000 		.4byte	0xac
 619 00e8 05       		.uleb128 0x5
 620 00e9 91000000 		.4byte	0x91
 621 00ed F8000000 		.4byte	0xf8
 622 00f1 09       		.uleb128 0x9
 623 00f2 8A000000 		.4byte	0x8a
ARM GAS  C:\Users\adria\AppData\Local\Temp\cc0nu9v3.s 			page 12


 624 00f6 FF       		.byte	0xff
 625 00f7 00       		.byte	0
 626 00f8 08       		.uleb128 0x8
 627 00f9 52010000 		.4byte	.LASF15
 628 00fd 03       		.byte	0x3
 629 00fe 7E       		.byte	0x7e
 630 00ff 09010000 		.4byte	0x109
 631 0103 05       		.uleb128 0x5
 632 0104 03       		.byte	0x3
 633 0105 00000000 		.4byte	cy_meta_flashprotect
 634 0109 07       		.uleb128 0x7
 635 010a E8000000 		.4byte	0xe8
 636 010e 05       		.uleb128 0x5
 637 010f 91000000 		.4byte	0x91
 638 0113 1E010000 		.4byte	0x11e
 639 0117 09       		.uleb128 0x9
 640 0118 8A000000 		.4byte	0x8a
 641 011c 0B       		.byte	0xb
 642 011d 00       		.byte	0
 643 011e 08       		.uleb128 0x8
 644 011f 37000000 		.4byte	.LASF16
 645 0123 03       		.byte	0x3
 646 0124 AB       		.byte	0xab
 647 0125 2F010000 		.4byte	0x12f
 648 0129 05       		.uleb128 0x5
 649 012a 03       		.byte	0x3
 650 012b 00000000 		.4byte	cy_metadata
 651 012f 07       		.uleb128 0x7
 652 0130 0E010000 		.4byte	0x10e
 653 0134 00       		.byte	0
 654              		.section	.debug_abbrev,"",%progbits
 655              	.Ldebug_abbrev0:
 656 0000 01       		.uleb128 0x1
 657 0001 11       		.uleb128 0x11
 658 0002 01       		.byte	0x1
 659 0003 25       		.uleb128 0x25
 660 0004 0E       		.uleb128 0xe
 661 0005 13       		.uleb128 0x13
 662 0006 0B       		.uleb128 0xb
 663 0007 03       		.uleb128 0x3
 664 0008 0E       		.uleb128 0xe
 665 0009 1B       		.uleb128 0x1b
 666 000a 0E       		.uleb128 0xe
 667 000b 10       		.uleb128 0x10
 668 000c 17       		.uleb128 0x17
 669 000d 00       		.byte	0
 670 000e 00       		.byte	0
 671 000f 02       		.uleb128 0x2
 672 0010 24       		.uleb128 0x24
 673 0011 00       		.byte	0
 674 0012 0B       		.uleb128 0xb
 675 0013 0B       		.uleb128 0xb
 676 0014 3E       		.uleb128 0x3e
 677 0015 0B       		.uleb128 0xb
 678 0016 03       		.uleb128 0x3
 679 0017 0E       		.uleb128 0xe
 680 0018 00       		.byte	0
ARM GAS  C:\Users\adria\AppData\Local\Temp\cc0nu9v3.s 			page 13


 681 0019 00       		.byte	0
 682 001a 03       		.uleb128 0x3
 683 001b 16       		.uleb128 0x16
 684 001c 00       		.byte	0
 685 001d 03       		.uleb128 0x3
 686 001e 0E       		.uleb128 0xe
 687 001f 3A       		.uleb128 0x3a
 688 0020 0B       		.uleb128 0xb
 689 0021 3B       		.uleb128 0x3b
 690 0022 0B       		.uleb128 0xb
 691 0023 49       		.uleb128 0x49
 692 0024 13       		.uleb128 0x13
 693 0025 00       		.byte	0
 694 0026 00       		.byte	0
 695 0027 04       		.uleb128 0x4
 696 0028 24       		.uleb128 0x24
 697 0029 00       		.byte	0
 698 002a 0B       		.uleb128 0xb
 699 002b 0B       		.uleb128 0xb
 700 002c 3E       		.uleb128 0x3e
 701 002d 0B       		.uleb128 0xb
 702 002e 03       		.uleb128 0x3
 703 002f 08       		.uleb128 0x8
 704 0030 00       		.byte	0
 705 0031 00       		.byte	0
 706 0032 05       		.uleb128 0x5
 707 0033 01       		.uleb128 0x1
 708 0034 01       		.byte	0x1
 709 0035 49       		.uleb128 0x49
 710 0036 13       		.uleb128 0x13
 711 0037 01       		.uleb128 0x1
 712 0038 13       		.uleb128 0x13
 713 0039 00       		.byte	0
 714 003a 00       		.byte	0
 715 003b 06       		.uleb128 0x6
 716 003c 21       		.uleb128 0x21
 717 003d 00       		.byte	0
 718 003e 49       		.uleb128 0x49
 719 003f 13       		.uleb128 0x13
 720 0040 2F       		.uleb128 0x2f
 721 0041 05       		.uleb128 0x5
 722 0042 00       		.byte	0
 723 0043 00       		.byte	0
 724 0044 07       		.uleb128 0x7
 725 0045 26       		.uleb128 0x26
 726 0046 00       		.byte	0
 727 0047 49       		.uleb128 0x49
 728 0048 13       		.uleb128 0x13
 729 0049 00       		.byte	0
 730 004a 00       		.byte	0
 731 004b 08       		.uleb128 0x8
 732 004c 34       		.uleb128 0x34
 733 004d 00       		.byte	0
 734 004e 03       		.uleb128 0x3
 735 004f 0E       		.uleb128 0xe
 736 0050 3A       		.uleb128 0x3a
 737 0051 0B       		.uleb128 0xb
ARM GAS  C:\Users\adria\AppData\Local\Temp\cc0nu9v3.s 			page 14


 738 0052 3B       		.uleb128 0x3b
 739 0053 0B       		.uleb128 0xb
 740 0054 49       		.uleb128 0x49
 741 0055 13       		.uleb128 0x13
 742 0056 3F       		.uleb128 0x3f
 743 0057 19       		.uleb128 0x19
 744 0058 02       		.uleb128 0x2
 745 0059 18       		.uleb128 0x18
 746 005a 00       		.byte	0
 747 005b 00       		.byte	0
 748 005c 09       		.uleb128 0x9
 749 005d 21       		.uleb128 0x21
 750 005e 00       		.byte	0
 751 005f 49       		.uleb128 0x49
 752 0060 13       		.uleb128 0x13
 753 0061 2F       		.uleb128 0x2f
 754 0062 0B       		.uleb128 0xb
 755 0063 00       		.byte	0
 756 0064 00       		.byte	0
 757 0065 00       		.byte	0
 758              		.section	.debug_aranges,"",%progbits
 759 0000 14000000 		.4byte	0x14
 760 0004 0200     		.2byte	0x2
 761 0006 00000000 		.4byte	.Ldebug_info0
 762 000a 04       		.byte	0x4
 763 000b 00       		.byte	0
 764 000c 0000     		.2byte	0
 765 000e 0000     		.2byte	0
 766 0010 00000000 		.4byte	0
 767 0014 00000000 		.4byte	0
 768              		.section	.debug_line,"",%progbits
 769              	.Ldebug_line0:
 770 0000 3D010000 		.section	.debug_str,"MS",%progbits,1
 770      02003701 
 770      00000201 
 770      FB0E0D00 
 770      01010101 
 771              	.LASF9:
 772 0000 5F5F7569 		.ascii	"__uint8_t\000"
 772      6E74385F 
 772      7400
 773              	.LASF19:
 774 000a 443A5C43 		.ascii	"D:\\Control digital\\Filtros_FIR\\Filtros.cydsn\000"
 774      6F6E7472 
 774      6F6C2064 
 774      69676974 
 774      616C5C46 
 775              	.LASF16:
 776 0037 63795F6D 		.ascii	"cy_metadata\000"
 776      65746164 
 776      61746100 
 777              	.LASF1:
 778 0043 756E7369 		.ascii	"unsigned char\000"
 778      676E6564 
 778      20636861 
 778      7200
 779              	.LASF17:
ARM GAS  C:\Users\adria\AppData\Local\Temp\cc0nu9v3.s 			page 15


 780 0051 474E5520 		.ascii	"GNU C11 5.4.1 20160609 (release) [ARM/embedded-5-br"
 780      43313120 
 780      352E342E 
 780      31203230 
 780      31363036 
 781 0084 616E6368 		.ascii	"anch revision 237715] -mcpu=cortex-m3 -mthumb -g -O"
 781      20726576 
 781      6973696F 
 781      6E203233 
 781      37373135 
 782 00b7 67202D66 		.ascii	"g -ffunction-sections -ffat-lto-objects\000"
 782      66756E63 
 782      74696F6E 
 782      2D736563 
 782      74696F6E 
 783              	.LASF5:
 784 00df 6C6F6E67 		.ascii	"long unsigned int\000"
 784      20756E73 
 784      69676E65 
 784      6420696E 
 784      7400
 785              	.LASF3:
 786 00f1 73686F72 		.ascii	"short unsigned int\000"
 786      7420756E 
 786      7369676E 
 786      65642069 
 786      6E7400
 787              	.LASF13:
 788 0104 63795F6D 		.ascii	"cy_meta_custnvl\000"
 788      6574615F 
 788      63757374 
 788      6E766C00 
 789              	.LASF12:
 790 0114 63795F6D 		.ascii	"cy_meta_configecc\000"
 790      6574615F 
 790      636F6E66 
 790      69676563 
 790      6300
 791              	.LASF8:
 792 0126 756E7369 		.ascii	"unsigned int\000"
 792      676E6564 
 792      20696E74 
 792      00
 793              	.LASF7:
 794 0133 6C6F6E67 		.ascii	"long long unsigned int\000"
 794      206C6F6E 
 794      6720756E 
 794      7369676E 
 794      65642069 
 795              	.LASF10:
 796 014a 75696E74 		.ascii	"uint8_t\000"
 796      385F7400 
 797              	.LASF15:
 798 0152 63795F6D 		.ascii	"cy_meta_flashprotect\000"
 798      6574615F 
 798      666C6173 
 798      6870726F 
ARM GAS  C:\Users\adria\AppData\Local\Temp\cc0nu9v3.s 			page 16


 798      74656374 
 799              	.LASF14:
 800 0167 63795F6D 		.ascii	"cy_meta_wonvl\000"
 800      6574615F 
 800      776F6E76 
 800      6C00
 801              	.LASF11:
 802 0175 73697A65 		.ascii	"sizetype\000"
 802      74797065 
 802      00
 803              	.LASF6:
 804 017e 6C6F6E67 		.ascii	"long long int\000"
 804      206C6F6E 
 804      6720696E 
 804      7400
 805              	.LASF2:
 806 018c 73686F72 		.ascii	"short int\000"
 806      7420696E 
 806      7400
 807              	.LASF4:
 808 0196 6C6F6E67 		.ascii	"long int\000"
 808      20696E74 
 808      00
 809              	.LASF0:
 810 019f 7369676E 		.ascii	"signed char\000"
 810      65642063 
 810      68617200 
 811              	.LASF18:
 812 01ab 47656E65 		.ascii	"Generated_Source\\PSoC5\\cymetadata.c\000"
 812      72617465 
 812      645F536F 
 812      75726365 
 812      5C50536F 
 813              		.ident	"GCC: (GNU Tools for ARM Embedded Processors) 5.4.1 20160609 (release) [ARM/embedded-5-bran
