ARM GAS  C:\Users\adria\AppData\Local\Temp\ccNenx2e.s 			page 1


   1              		.syntax unified
   2              		.cpu cortex-m3
   3              		.fpu softvfp
   4              		.eabi_attribute 20, 1
   5              		.eabi_attribute 21, 1
   6              		.eabi_attribute 23, 3
   7              		.eabi_attribute 24, 1
   8              		.eabi_attribute 25, 1
   9              		.eabi_attribute 26, 1
  10              		.eabi_attribute 30, 1
  11              		.eabi_attribute 34, 1
  12              		.eabi_attribute 18, 4
  13              		.thumb
  14              		.syntax unified
  15              		.file	"main.c"
  16              		.text
  17              	.Ltext0:
  18              		.cfi_sections	.debug_frame
  19              		.section	.text.isr_1,"ax",%progbits
  20              		.align	2
  21              		.global	isr_1
  22              		.thumb
  23              		.thumb_func
  24              		.type	isr_1, %function
  25              	isr_1:
  26              	.LFB63:
  27              		.file 1 "main.c"
   1:main.c        **** #include "project.h"
   2:main.c        **** #include "Display_librerria.h"
   3:main.c        **** 
   4:main.c        **** uint16_t num=0;
   5:main.c        **** char bandera=0x00;
   6:main.c        **** 
   7:main.c        **** //Rutina de interrupcion
   8:main.c        **** CY_ISR(isr_1){//Paro/inicio
  28              		.loc 1 8 0
  29              		.cfi_startproc
  30              		@ args = 0, pretend = 0, frame = 0
  31              		@ frame_needed = 0, uses_anonymous_args = 0
  32 0000 08B5     		push	{r3, lr}
  33              		.cfi_def_cfa_offset 8
  34              		.cfi_offset 3, -8
  35              		.cfi_offset 14, -4
   9:main.c        ****     isr_1_ClearPending();
  36              		.loc 1 9 0
  37 0002 FFF7FEFF 		bl	isr_1_ClearPending
  38              	.LVL0:
  10:main.c        ****     bandera ^= BIT0;//Habilitamos el conteo
  39              		.loc 1 10 0
  40 0006 034A     		ldr	r2, .L3
  41 0008 1378     		ldrb	r3, [r2]	@ zero_extendqisi2
  42 000a 83F00103 		eor	r3, r3, #1
  43 000e 1370     		strb	r3, [r2]
  44 0010 08BD     		pop	{r3, pc}
  45              	.L4:
  46 0012 00BF     		.align	2
  47              	.L3:
ARM GAS  C:\Users\adria\AppData\Local\Temp\ccNenx2e.s 			page 2


  48 0014 00000000 		.word	.LANCHOR0
  49              		.cfi_endproc
  50              	.LFE63:
  51              		.size	isr_1, .-isr_1
  52              		.section	.text.isr_2,"ax",%progbits
  53              		.align	2
  54              		.global	isr_2
  55              		.thumb
  56              		.thumb_func
  57              		.type	isr_2, %function
  58              	isr_2:
  59              	.LFB64:
  11:main.c        **** }
  12:main.c        **** CY_ISR(isr_2){//reset
  60              		.loc 1 12 0
  61              		.cfi_startproc
  62              		@ args = 0, pretend = 0, frame = 0
  63              		@ frame_needed = 0, uses_anonymous_args = 0
  64 0000 08B5     		push	{r3, lr}
  65              		.cfi_def_cfa_offset 8
  66              		.cfi_offset 3, -8
  67              		.cfi_offset 14, -4
  13:main.c        ****     isr_2_ClearPending();
  68              		.loc 1 13 0
  69 0002 FFF7FEFF 		bl	isr_2_ClearPending
  70              	.LVL1:
  14:main.c        ****     num=0;//Seteamos el cronometro 
  71              		.loc 1 14 0
  72 0006 0020     		movs	r0, #0
  73 0008 024B     		ldr	r3, .L7
  74 000a 5880     		strh	r0, [r3, #2]	@ movhi
  15:main.c        ****     
  16:main.c        ****     //Actualizamos en el display
  17:main.c        ****     Separa_digitos(num);  
  75              		.loc 1 17 0
  76 000c FFF7FEFF 		bl	Separa_digitos
  77              	.LVL2:
  78 0010 08BD     		pop	{r3, pc}
  79              	.L8:
  80 0012 00BF     		.align	2
  81              	.L7:
  82 0014 00000000 		.word	.LANCHOR0
  83              		.cfi_endproc
  84              	.LFE64:
  85              		.size	isr_2, .-isr_2
  86              		.section	.text.main,"ax",%progbits
  87              		.align	2
  88              		.global	main
  89              		.thumb
  90              		.thumb_func
  91              		.type	main, %function
  92              	main:
  93              	.LFB65:
  18:main.c        **** }
  19:main.c        **** 
  20:main.c        **** 
  21:main.c        **** 
ARM GAS  C:\Users\adria\AppData\Local\Temp\ccNenx2e.s 			page 3


  22:main.c        **** int main(void)
  23:main.c        **** {
  94              		.loc 1 23 0
  95              		.cfi_startproc
  96              		@ Volatile: function does not return.
  97              		@ args = 0, pretend = 0, frame = 0
  98              		@ frame_needed = 0, uses_anonymous_args = 0
  99 0000 08B5     		push	{r3, lr}
 100              		.cfi_def_cfa_offset 8
 101              		.cfi_offset 3, -8
 102              		.cfi_offset 14, -4
  24:main.c        ****     CyGlobalIntEnable;
 103              		.loc 1 24 0
 104              		.syntax unified
 105              	@ 24 "main.c" 1
 106 0002 62B6     		CPSIE   i
 107              	@ 0 "" 2
  25:main.c        ****     //Activamos y limpiamos las interrupcione
  26:main.c        ****     isr_1_StartEx(isr_1);
 108              		.loc 1 26 0
 109              		.thumb
 110              		.syntax unified
 111 0004 1048     		ldr	r0, .L15
 112 0006 FFF7FEFF 		bl	isr_1_StartEx
 113              	.LVL3:
  27:main.c        ****     isr_1_ClearPending();
 114              		.loc 1 27 0
 115 000a FFF7FEFF 		bl	isr_1_ClearPending
 116              	.LVL4:
  28:main.c        ****     isr_2_StartEx(isr_2);
 117              		.loc 1 28 0
 118 000e 0F48     		ldr	r0, .L15+4
 119 0010 FFF7FEFF 		bl	isr_2_StartEx
 120              	.LVL5:
  29:main.c        ****     isr_2_ClearPending();
 121              		.loc 1 29 0
 122 0014 FFF7FEFF 		bl	isr_2_ClearPending
 123              	.LVL6:
 124              	.L11:
  30:main.c        ****     
  31:main.c        ****     for(;;)
  32:main.c        ****     {
  33:main.c        **** 
  34:main.c        ****         if(bandera){
 125              		.loc 1 34 0
 126 0018 0D4B     		ldr	r3, .L15+8
 127 001a 1B78     		ldrb	r3, [r3]	@ zero_extendqisi2
 128 001c 002B     		cmp	r3, #0
 129 001e FBD0     		beq	.L11
  35:main.c        ****             //Simulamos el segundo de conteo
  36:main.c        ****             CyDelay(10);//segundo 1
 130              		.loc 1 36 0
 131 0020 0A20     		movs	r0, #10
 132 0022 FFF7FEFF 		bl	CyDelay
 133              	.LVL7:
  37:main.c        ****             if(num < 9999){
 134              		.loc 1 37 0
ARM GAS  C:\Users\adria\AppData\Local\Temp\ccNenx2e.s 			page 4


 135 0026 0A4B     		ldr	r3, .L15+8
 136 0028 5888     		ldrh	r0, [r3, #2]
 137 002a 42F20E73 		movw	r3, #9998
 138 002e 9842     		cmp	r0, r3
 139 0030 06D8     		bhi	.L12
  38:main.c        ****                 //Actualizamos en el display
  39:main.c        ****                 Separa_digitos(num);   
 140              		.loc 1 39 0
 141 0032 FFF7FEFF 		bl	Separa_digitos
 142              	.LVL8:
  40:main.c        ****                 num++;
 143              		.loc 1 40 0
 144 0036 064A     		ldr	r2, .L15+8
 145 0038 5388     		ldrh	r3, [r2, #2]
 146 003a 0133     		adds	r3, r3, #1
 147 003c 5380     		strh	r3, [r2, #2]	@ movhi
 148 003e EBE7     		b	.L11
 149              	.L12:
  41:main.c        ****             }else{
  42:main.c        ****                 num=0;
 150              		.loc 1 42 0
 151 0040 0022     		movs	r2, #0
 152 0042 034B     		ldr	r3, .L15+8
 153 0044 5A80     		strh	r2, [r3, #2]	@ movhi
 154 0046 E7E7     		b	.L11
 155              	.L16:
 156              		.align	2
 157              	.L15:
 158 0048 00000000 		.word	isr_1
 159 004c 00000000 		.word	isr_2
 160 0050 00000000 		.word	.LANCHOR0
 161              		.cfi_endproc
 162              	.LFE65:
 163              		.size	main, .-main
 164              		.global	bandera
 165              		.global	num
 166              		.bss
 167              		.align	1
 168              		.set	.LANCHOR0,. + 0
 169              		.type	bandera, %object
 170              		.size	bandera, 1
 171              	bandera:
 172 0000 00       		.space	1
 173 0001 00       		.space	1
 174              		.type	num, %object
 175              		.size	num, 2
 176              	num:
 177 0002 0000     		.space	2
 178              		.text
 179              	.Letext0:
 180              		.file 2 "c:\\program files (x86)\\cypress\\psoc creator\\4.4\\psoc creator\\import\\gnu\\arm\\5.4.
 181              		.file 3 "c:\\program files (x86)\\cypress\\psoc creator\\4.4\\psoc creator\\import\\gnu\\arm\\5.4.
 182              		.file 4 "Generated_Source\\PSoC5/core_cm3.h"
 183              		.file 5 "Generated_Source\\PSoC5/isr_1.h"
 184              		.file 6 "Generated_Source\\PSoC5/isr_2.h"
 185              		.file 7 "Display_librerria.h"
 186              		.file 8 "Generated_Source\\PSoC5/CyLib.h"
ARM GAS  C:\Users\adria\AppData\Local\Temp\ccNenx2e.s 			page 5


 187              		.section	.debug_info,"",%progbits
 188              	.Ldebug_info0:
 189 0000 EF010000 		.4byte	0x1ef
 190 0004 0400     		.2byte	0x4
 191 0006 00000000 		.4byte	.Ldebug_abbrev0
 192 000a 04       		.byte	0x4
 193 000b 01       		.uleb128 0x1
 194 000c 31000000 		.4byte	.LASF28
 195 0010 0C       		.byte	0xc
 196 0011 E6010000 		.4byte	.LASF29
 197 0015 64010000 		.4byte	.LASF30
 198 0019 00000000 		.4byte	.Ldebug_ranges0+0
 199 001d 00000000 		.4byte	0
 200 0021 00000000 		.4byte	.Ldebug_line0
 201 0025 02       		.uleb128 0x2
 202 0026 01       		.byte	0x1
 203 0027 06       		.byte	0x6
 204 0028 1A020000 		.4byte	.LASF0
 205 002c 02       		.uleb128 0x2
 206 002d 01       		.byte	0x1
 207 002e 08       		.byte	0x8
 208 002f 23000000 		.4byte	.LASF1
 209 0033 02       		.uleb128 0x2
 210 0034 02       		.byte	0x2
 211 0035 05       		.byte	0x5
 212 0036 F2010000 		.4byte	.LASF2
 213 003a 03       		.uleb128 0x3
 214 003b 07010000 		.4byte	.LASF4
 215 003f 02       		.byte	0x2
 216 0040 2B       		.byte	0x2b
 217 0041 45000000 		.4byte	0x45
 218 0045 02       		.uleb128 0x2
 219 0046 02       		.byte	0x2
 220 0047 07       		.byte	0x7
 221 0048 DF000000 		.4byte	.LASF3
 222 004c 03       		.uleb128 0x3
 223 004d 13000000 		.4byte	.LASF5
 224 0051 02       		.byte	0x2
 225 0052 3F       		.byte	0x3f
 226 0053 57000000 		.4byte	0x57
 227 0057 02       		.uleb128 0x2
 228 0058 04       		.byte	0x4
 229 0059 05       		.byte	0x5
 230 005a 05020000 		.4byte	.LASF6
 231 005e 02       		.uleb128 0x2
 232 005f 04       		.byte	0x4
 233 0060 07       		.byte	0x7
 234 0061 CD000000 		.4byte	.LASF7
 235 0065 02       		.uleb128 0x2
 236 0066 08       		.byte	0x8
 237 0067 05       		.byte	0x5
 238 0068 D8010000 		.4byte	.LASF8
 239 006c 02       		.uleb128 0x2
 240 006d 08       		.byte	0x8
 241 006e 07       		.byte	0x7
 242 006f 4D010000 		.4byte	.LASF9
 243 0073 04       		.uleb128 0x4
ARM GAS  C:\Users\adria\AppData\Local\Temp\ccNenx2e.s 			page 6


 244 0074 04       		.byte	0x4
 245 0075 05       		.byte	0x5
 246 0076 696E7400 		.ascii	"int\000"
 247 007a 02       		.uleb128 0x2
 248 007b 04       		.byte	0x4
 249 007c 07       		.byte	0x7
 250 007d 40010000 		.4byte	.LASF10
 251 0081 03       		.uleb128 0x3
 252 0082 FC010000 		.4byte	.LASF11
 253 0086 03       		.byte	0x3
 254 0087 24       		.byte	0x24
 255 0088 3A000000 		.4byte	0x3a
 256 008c 03       		.uleb128 0x3
 257 008d C7010000 		.4byte	.LASF12
 258 0091 03       		.byte	0x3
 259 0092 2C       		.byte	0x2c
 260 0093 4C000000 		.4byte	0x4c
 261 0097 02       		.uleb128 0x2
 262 0098 04       		.byte	0x4
 263 0099 04       		.byte	0x4
 264 009a 1D000000 		.4byte	.LASF13
 265 009e 02       		.uleb128 0x2
 266 009f 08       		.byte	0x8
 267 00a0 04       		.byte	0x4
 268 00a1 12010000 		.4byte	.LASF14
 269 00a5 02       		.uleb128 0x2
 270 00a6 01       		.byte	0x1
 271 00a7 08       		.byte	0x8
 272 00a8 ED010000 		.4byte	.LASF15
 273 00ac 02       		.uleb128 0x2
 274 00ad 04       		.byte	0x4
 275 00ae 07       		.byte	0x7
 276 00af CF010000 		.4byte	.LASF16
 277 00b3 02       		.uleb128 0x2
 278 00b4 08       		.byte	0x8
 279 00b5 04       		.byte	0x4
 280 00b6 0E020000 		.4byte	.LASF17
 281 00ba 05       		.uleb128 0x5
 282 00bb 34020000 		.4byte	.LASF18
 283 00bf 01       		.byte	0x1
 284 00c0 08       		.byte	0x8
 285 00c1 00000000 		.4byte	.LFB63
 286 00c5 18000000 		.4byte	.LFE63-.LFB63
 287 00c9 01       		.uleb128 0x1
 288 00ca 9C       		.byte	0x9c
 289 00cb D9000000 		.4byte	0xd9
 290 00cf 06       		.uleb128 0x6
 291 00d0 06000000 		.4byte	.LVL0
 292 00d4 B0010000 		.4byte	0x1b0
 293 00d8 00       		.byte	0
 294 00d9 05       		.uleb128 0x5
 295 00da 3A020000 		.4byte	.LASF19
 296 00de 01       		.byte	0x1
 297 00df 0C       		.byte	0xc
 298 00e0 00000000 		.4byte	.LFB64
 299 00e4 18000000 		.4byte	.LFE64-.LFB64
 300 00e8 01       		.uleb128 0x1
ARM GAS  C:\Users\adria\AppData\Local\Temp\ccNenx2e.s 			page 7


 301 00e9 9C       		.byte	0x9c
 302 00ea 07010000 		.4byte	0x107
 303 00ee 06       		.uleb128 0x6
 304 00ef 06000000 		.4byte	.LVL1
 305 00f3 BB010000 		.4byte	0x1bb
 306 00f7 07       		.uleb128 0x7
 307 00f8 10000000 		.4byte	.LVL2
 308 00fc C6010000 		.4byte	0x1c6
 309 0100 08       		.uleb128 0x8
 310 0101 01       		.uleb128 0x1
 311 0102 50       		.byte	0x50
 312 0103 01       		.uleb128 0x1
 313 0104 30       		.byte	0x30
 314 0105 00       		.byte	0
 315 0106 00       		.byte	0
 316 0107 09       		.uleb128 0x9
 317 0108 19010000 		.4byte	.LASF31
 318 010c 01       		.byte	0x1
 319 010d 16       		.byte	0x16
 320 010e 73000000 		.4byte	0x73
 321 0112 00000000 		.4byte	.LFB65
 322 0116 54000000 		.4byte	.LFE65-.LFB65
 323 011a 01       		.uleb128 0x1
 324 011b 9C       		.byte	0x9c
 325 011c 7D010000 		.4byte	0x17d
 326 0120 0A       		.uleb128 0xa
 327 0121 0A000000 		.4byte	.LVL3
 328 0125 D1010000 		.4byte	0x1d1
 329 0129 37010000 		.4byte	0x137
 330 012d 08       		.uleb128 0x8
 331 012e 01       		.uleb128 0x1
 332 012f 50       		.byte	0x50
 333 0130 05       		.uleb128 0x5
 334 0131 03       		.byte	0x3
 335 0132 00000000 		.4byte	isr_1
 336 0136 00       		.byte	0
 337 0137 06       		.uleb128 0x6
 338 0138 0E000000 		.4byte	.LVL4
 339 013c B0010000 		.4byte	0x1b0
 340 0140 0A       		.uleb128 0xa
 341 0141 14000000 		.4byte	.LVL5
 342 0145 DC010000 		.4byte	0x1dc
 343 0149 57010000 		.4byte	0x157
 344 014d 08       		.uleb128 0x8
 345 014e 01       		.uleb128 0x1
 346 014f 50       		.byte	0x50
 347 0150 05       		.uleb128 0x5
 348 0151 03       		.byte	0x3
 349 0152 00000000 		.4byte	isr_2
 350 0156 00       		.byte	0
 351 0157 06       		.uleb128 0x6
 352 0158 18000000 		.4byte	.LVL6
 353 015c BB010000 		.4byte	0x1bb
 354 0160 0A       		.uleb128 0xa
 355 0161 26000000 		.4byte	.LVL7
 356 0165 E7010000 		.4byte	0x1e7
 357 0169 73010000 		.4byte	0x173
ARM GAS  C:\Users\adria\AppData\Local\Temp\ccNenx2e.s 			page 8


 358 016d 08       		.uleb128 0x8
 359 016e 01       		.uleb128 0x1
 360 016f 50       		.byte	0x50
 361 0170 01       		.uleb128 0x1
 362 0171 3A       		.byte	0x3a
 363 0172 00       		.byte	0
 364 0173 06       		.uleb128 0x6
 365 0174 36000000 		.4byte	.LVL8
 366 0178 C6010000 		.4byte	0x1c6
 367 017c 00       		.byte	0
 368 017d 0B       		.uleb128 0xb
 369 017e F2000000 		.4byte	.LASF20
 370 0182 04       		.byte	0x4
 371 0183 1207     		.2byte	0x712
 372 0185 89010000 		.4byte	0x189
 373 0189 0C       		.uleb128 0xc
 374 018a 8C000000 		.4byte	0x8c
 375 018e 0D       		.uleb128 0xd
 376 018f 6E756D00 		.ascii	"num\000"
 377 0193 01       		.byte	0x1
 378 0194 04       		.byte	0x4
 379 0195 81000000 		.4byte	0x81
 380 0199 05       		.uleb128 0x5
 381 019a 03       		.byte	0x3
 382 019b 00000000 		.4byte	num
 383 019f 0E       		.uleb128 0xe
 384 01a0 FF000000 		.4byte	.LASF21
 385 01a4 01       		.byte	0x1
 386 01a5 05       		.byte	0x5
 387 01a6 A5000000 		.4byte	0xa5
 388 01aa 05       		.uleb128 0x5
 389 01ab 03       		.byte	0x3
 390 01ac 00000000 		.4byte	bandera
 391 01b0 0F       		.uleb128 0xf
 392 01b1 00000000 		.4byte	.LASF22
 393 01b5 00000000 		.4byte	.LASF22
 394 01b9 05       		.byte	0x5
 395 01ba 28       		.byte	0x28
 396 01bb 0F       		.uleb128 0xf
 397 01bc 1E010000 		.4byte	.LASF23
 398 01c0 1E010000 		.4byte	.LASF23
 399 01c4 06       		.byte	0x6
 400 01c5 28       		.byte	0x28
 401 01c6 0F       		.uleb128 0xf
 402 01c7 31010000 		.4byte	.LASF24
 403 01cb 31010000 		.4byte	.LASF24
 404 01cf 07       		.byte	0x7
 405 01d0 0F       		.byte	0xf
 406 01d1 0F       		.uleb128 0xf
 407 01d2 26020000 		.4byte	.LASF25
 408 01d6 26020000 		.4byte	.LASF25
 409 01da 05       		.byte	0x5
 410 01db 18       		.byte	0x18
 411 01dc 0F       		.uleb128 0xf
 412 01dd BF000000 		.4byte	.LASF26
 413 01e1 BF000000 		.4byte	.LASF26
 414 01e5 06       		.byte	0x6
ARM GAS  C:\Users\adria\AppData\Local\Temp\ccNenx2e.s 			page 9


 415 01e6 18       		.byte	0x18
 416 01e7 0F       		.uleb128 0xf
 417 01e8 40020000 		.4byte	.LASF27
 418 01ec 40020000 		.4byte	.LASF27
 419 01f0 08       		.byte	0x8
 420 01f1 76       		.byte	0x76
 421 01f2 00       		.byte	0
 422              		.section	.debug_abbrev,"",%progbits
 423              	.Ldebug_abbrev0:
 424 0000 01       		.uleb128 0x1
 425 0001 11       		.uleb128 0x11
 426 0002 01       		.byte	0x1
 427 0003 25       		.uleb128 0x25
 428 0004 0E       		.uleb128 0xe
 429 0005 13       		.uleb128 0x13
 430 0006 0B       		.uleb128 0xb
 431 0007 03       		.uleb128 0x3
 432 0008 0E       		.uleb128 0xe
 433 0009 1B       		.uleb128 0x1b
 434 000a 0E       		.uleb128 0xe
 435 000b 55       		.uleb128 0x55
 436 000c 17       		.uleb128 0x17
 437 000d 11       		.uleb128 0x11
 438 000e 01       		.uleb128 0x1
 439 000f 10       		.uleb128 0x10
 440 0010 17       		.uleb128 0x17
 441 0011 00       		.byte	0
 442 0012 00       		.byte	0
 443 0013 02       		.uleb128 0x2
 444 0014 24       		.uleb128 0x24
 445 0015 00       		.byte	0
 446 0016 0B       		.uleb128 0xb
 447 0017 0B       		.uleb128 0xb
 448 0018 3E       		.uleb128 0x3e
 449 0019 0B       		.uleb128 0xb
 450 001a 03       		.uleb128 0x3
 451 001b 0E       		.uleb128 0xe
 452 001c 00       		.byte	0
 453 001d 00       		.byte	0
 454 001e 03       		.uleb128 0x3
 455 001f 16       		.uleb128 0x16
 456 0020 00       		.byte	0
 457 0021 03       		.uleb128 0x3
 458 0022 0E       		.uleb128 0xe
 459 0023 3A       		.uleb128 0x3a
 460 0024 0B       		.uleb128 0xb
 461 0025 3B       		.uleb128 0x3b
 462 0026 0B       		.uleb128 0xb
 463 0027 49       		.uleb128 0x49
 464 0028 13       		.uleb128 0x13
 465 0029 00       		.byte	0
 466 002a 00       		.byte	0
 467 002b 04       		.uleb128 0x4
 468 002c 24       		.uleb128 0x24
 469 002d 00       		.byte	0
 470 002e 0B       		.uleb128 0xb
 471 002f 0B       		.uleb128 0xb
ARM GAS  C:\Users\adria\AppData\Local\Temp\ccNenx2e.s 			page 10


 472 0030 3E       		.uleb128 0x3e
 473 0031 0B       		.uleb128 0xb
 474 0032 03       		.uleb128 0x3
 475 0033 08       		.uleb128 0x8
 476 0034 00       		.byte	0
 477 0035 00       		.byte	0
 478 0036 05       		.uleb128 0x5
 479 0037 2E       		.uleb128 0x2e
 480 0038 01       		.byte	0x1
 481 0039 3F       		.uleb128 0x3f
 482 003a 19       		.uleb128 0x19
 483 003b 03       		.uleb128 0x3
 484 003c 0E       		.uleb128 0xe
 485 003d 3A       		.uleb128 0x3a
 486 003e 0B       		.uleb128 0xb
 487 003f 3B       		.uleb128 0x3b
 488 0040 0B       		.uleb128 0xb
 489 0041 27       		.uleb128 0x27
 490 0042 19       		.uleb128 0x19
 491 0043 11       		.uleb128 0x11
 492 0044 01       		.uleb128 0x1
 493 0045 12       		.uleb128 0x12
 494 0046 06       		.uleb128 0x6
 495 0047 40       		.uleb128 0x40
 496 0048 18       		.uleb128 0x18
 497 0049 9742     		.uleb128 0x2117
 498 004b 19       		.uleb128 0x19
 499 004c 01       		.uleb128 0x1
 500 004d 13       		.uleb128 0x13
 501 004e 00       		.byte	0
 502 004f 00       		.byte	0
 503 0050 06       		.uleb128 0x6
 504 0051 898201   		.uleb128 0x4109
 505 0054 00       		.byte	0
 506 0055 11       		.uleb128 0x11
 507 0056 01       		.uleb128 0x1
 508 0057 31       		.uleb128 0x31
 509 0058 13       		.uleb128 0x13
 510 0059 00       		.byte	0
 511 005a 00       		.byte	0
 512 005b 07       		.uleb128 0x7
 513 005c 898201   		.uleb128 0x4109
 514 005f 01       		.byte	0x1
 515 0060 11       		.uleb128 0x11
 516 0061 01       		.uleb128 0x1
 517 0062 31       		.uleb128 0x31
 518 0063 13       		.uleb128 0x13
 519 0064 00       		.byte	0
 520 0065 00       		.byte	0
 521 0066 08       		.uleb128 0x8
 522 0067 8A8201   		.uleb128 0x410a
 523 006a 00       		.byte	0
 524 006b 02       		.uleb128 0x2
 525 006c 18       		.uleb128 0x18
 526 006d 9142     		.uleb128 0x2111
 527 006f 18       		.uleb128 0x18
 528 0070 00       		.byte	0
ARM GAS  C:\Users\adria\AppData\Local\Temp\ccNenx2e.s 			page 11


 529 0071 00       		.byte	0
 530 0072 09       		.uleb128 0x9
 531 0073 2E       		.uleb128 0x2e
 532 0074 01       		.byte	0x1
 533 0075 3F       		.uleb128 0x3f
 534 0076 19       		.uleb128 0x19
 535 0077 03       		.uleb128 0x3
 536 0078 0E       		.uleb128 0xe
 537 0079 3A       		.uleb128 0x3a
 538 007a 0B       		.uleb128 0xb
 539 007b 3B       		.uleb128 0x3b
 540 007c 0B       		.uleb128 0xb
 541 007d 27       		.uleb128 0x27
 542 007e 19       		.uleb128 0x19
 543 007f 49       		.uleb128 0x49
 544 0080 13       		.uleb128 0x13
 545 0081 8701     		.uleb128 0x87
 546 0083 19       		.uleb128 0x19
 547 0084 11       		.uleb128 0x11
 548 0085 01       		.uleb128 0x1
 549 0086 12       		.uleb128 0x12
 550 0087 06       		.uleb128 0x6
 551 0088 40       		.uleb128 0x40
 552 0089 18       		.uleb128 0x18
 553 008a 9742     		.uleb128 0x2117
 554 008c 19       		.uleb128 0x19
 555 008d 01       		.uleb128 0x1
 556 008e 13       		.uleb128 0x13
 557 008f 00       		.byte	0
 558 0090 00       		.byte	0
 559 0091 0A       		.uleb128 0xa
 560 0092 898201   		.uleb128 0x4109
 561 0095 01       		.byte	0x1
 562 0096 11       		.uleb128 0x11
 563 0097 01       		.uleb128 0x1
 564 0098 31       		.uleb128 0x31
 565 0099 13       		.uleb128 0x13
 566 009a 01       		.uleb128 0x1
 567 009b 13       		.uleb128 0x13
 568 009c 00       		.byte	0
 569 009d 00       		.byte	0
 570 009e 0B       		.uleb128 0xb
 571 009f 34       		.uleb128 0x34
 572 00a0 00       		.byte	0
 573 00a1 03       		.uleb128 0x3
 574 00a2 0E       		.uleb128 0xe
 575 00a3 3A       		.uleb128 0x3a
 576 00a4 0B       		.uleb128 0xb
 577 00a5 3B       		.uleb128 0x3b
 578 00a6 05       		.uleb128 0x5
 579 00a7 49       		.uleb128 0x49
 580 00a8 13       		.uleb128 0x13
 581 00a9 3F       		.uleb128 0x3f
 582 00aa 19       		.uleb128 0x19
 583 00ab 3C       		.uleb128 0x3c
 584 00ac 19       		.uleb128 0x19
 585 00ad 00       		.byte	0
ARM GAS  C:\Users\adria\AppData\Local\Temp\ccNenx2e.s 			page 12


 586 00ae 00       		.byte	0
 587 00af 0C       		.uleb128 0xc
 588 00b0 35       		.uleb128 0x35
 589 00b1 00       		.byte	0
 590 00b2 49       		.uleb128 0x49
 591 00b3 13       		.uleb128 0x13
 592 00b4 00       		.byte	0
 593 00b5 00       		.byte	0
 594 00b6 0D       		.uleb128 0xd
 595 00b7 34       		.uleb128 0x34
 596 00b8 00       		.byte	0
 597 00b9 03       		.uleb128 0x3
 598 00ba 08       		.uleb128 0x8
 599 00bb 3A       		.uleb128 0x3a
 600 00bc 0B       		.uleb128 0xb
 601 00bd 3B       		.uleb128 0x3b
 602 00be 0B       		.uleb128 0xb
 603 00bf 49       		.uleb128 0x49
 604 00c0 13       		.uleb128 0x13
 605 00c1 3F       		.uleb128 0x3f
 606 00c2 19       		.uleb128 0x19
 607 00c3 02       		.uleb128 0x2
 608 00c4 18       		.uleb128 0x18
 609 00c5 00       		.byte	0
 610 00c6 00       		.byte	0
 611 00c7 0E       		.uleb128 0xe
 612 00c8 34       		.uleb128 0x34
 613 00c9 00       		.byte	0
 614 00ca 03       		.uleb128 0x3
 615 00cb 0E       		.uleb128 0xe
 616 00cc 3A       		.uleb128 0x3a
 617 00cd 0B       		.uleb128 0xb
 618 00ce 3B       		.uleb128 0x3b
 619 00cf 0B       		.uleb128 0xb
 620 00d0 49       		.uleb128 0x49
 621 00d1 13       		.uleb128 0x13
 622 00d2 3F       		.uleb128 0x3f
 623 00d3 19       		.uleb128 0x19
 624 00d4 02       		.uleb128 0x2
 625 00d5 18       		.uleb128 0x18
 626 00d6 00       		.byte	0
 627 00d7 00       		.byte	0
 628 00d8 0F       		.uleb128 0xf
 629 00d9 2E       		.uleb128 0x2e
 630 00da 00       		.byte	0
 631 00db 3F       		.uleb128 0x3f
 632 00dc 19       		.uleb128 0x19
 633 00dd 3C       		.uleb128 0x3c
 634 00de 19       		.uleb128 0x19
 635 00df 6E       		.uleb128 0x6e
 636 00e0 0E       		.uleb128 0xe
 637 00e1 03       		.uleb128 0x3
 638 00e2 0E       		.uleb128 0xe
 639 00e3 3A       		.uleb128 0x3a
 640 00e4 0B       		.uleb128 0xb
 641 00e5 3B       		.uleb128 0x3b
 642 00e6 0B       		.uleb128 0xb
ARM GAS  C:\Users\adria\AppData\Local\Temp\ccNenx2e.s 			page 13


 643 00e7 00       		.byte	0
 644 00e8 00       		.byte	0
 645 00e9 00       		.byte	0
 646              		.section	.debug_aranges,"",%progbits
 647 0000 2C000000 		.4byte	0x2c
 648 0004 0200     		.2byte	0x2
 649 0006 00000000 		.4byte	.Ldebug_info0
 650 000a 04       		.byte	0x4
 651 000b 00       		.byte	0
 652 000c 0000     		.2byte	0
 653 000e 0000     		.2byte	0
 654 0010 00000000 		.4byte	.LFB63
 655 0014 18000000 		.4byte	.LFE63-.LFB63
 656 0018 00000000 		.4byte	.LFB64
 657 001c 18000000 		.4byte	.LFE64-.LFB64
 658 0020 00000000 		.4byte	.LFB65
 659 0024 54000000 		.4byte	.LFE65-.LFB65
 660 0028 00000000 		.4byte	0
 661 002c 00000000 		.4byte	0
 662              		.section	.debug_ranges,"",%progbits
 663              	.Ldebug_ranges0:
 664 0000 00000000 		.4byte	.LFB63
 665 0004 18000000 		.4byte	.LFE63
 666 0008 00000000 		.4byte	.LFB64
 667 000c 18000000 		.4byte	.LFE64
 668 0010 00000000 		.4byte	.LFB65
 669 0014 54000000 		.4byte	.LFE65
 670 0018 00000000 		.4byte	0
 671 001c 00000000 		.4byte	0
 672              		.section	.debug_line,"",%progbits
 673              	.Ldebug_line0:
 674 0000 B8010000 		.section	.debug_str,"MS",%progbits,1
 674      02007701 
 674      00000201 
 674      FB0E0D00 
 674      01010101 
 675              	.LASF22:
 676 0000 6973725F 		.ascii	"isr_1_ClearPending\000"
 676      315F436C 
 676      65617250 
 676      656E6469 
 676      6E6700
 677              	.LASF5:
 678 0013 5F5F696E 		.ascii	"__int32_t\000"
 678      7433325F 
 678      7400
 679              	.LASF13:
 680 001d 666C6F61 		.ascii	"float\000"
 680      7400
 681              	.LASF1:
 682 0023 756E7369 		.ascii	"unsigned char\000"
 682      676E6564 
 682      20636861 
 682      7200
 683              	.LASF28:
 684 0031 474E5520 		.ascii	"GNU C11 5.4.1 20160609 (release) [ARM/embedded-5-br"
 684      43313120 
ARM GAS  C:\Users\adria\AppData\Local\Temp\ccNenx2e.s 			page 14


 684      352E342E 
 684      31203230 
 684      31363036 
 685 0064 616E6368 		.ascii	"anch revision 237715] -mcpu=cortex-m3 -mthumb -g -O"
 685      20726576 
 685      6973696F 
 685      6E203233 
 685      37373135 
 686 0097 67202D66 		.ascii	"g -ffunction-sections -ffat-lto-objects\000"
 686      66756E63 
 686      74696F6E 
 686      2D736563 
 686      74696F6E 
 687              	.LASF26:
 688 00bf 6973725F 		.ascii	"isr_2_StartEx\000"
 688      325F5374 
 688      61727445 
 688      7800
 689              	.LASF7:
 690 00cd 6C6F6E67 		.ascii	"long unsigned int\000"
 690      20756E73 
 690      69676E65 
 690      6420696E 
 690      7400
 691              	.LASF3:
 692 00df 73686F72 		.ascii	"short unsigned int\000"
 692      7420756E 
 692      7369676E 
 692      65642069 
 692      6E7400
 693              	.LASF20:
 694 00f2 49544D5F 		.ascii	"ITM_RxBuffer\000"
 694      52784275 
 694      66666572 
 694      00
 695              	.LASF21:
 696 00ff 62616E64 		.ascii	"bandera\000"
 696      65726100 
 697              	.LASF4:
 698 0107 5F5F7569 		.ascii	"__uint16_t\000"
 698      6E743136 
 698      5F7400
 699              	.LASF14:
 700 0112 646F7562 		.ascii	"double\000"
 700      6C6500
 701              	.LASF31:
 702 0119 6D61696E 		.ascii	"main\000"
 702      00
 703              	.LASF23:
 704 011e 6973725F 		.ascii	"isr_2_ClearPending\000"
 704      325F436C 
 704      65617250 
 704      656E6469 
 704      6E6700
 705              	.LASF24:
 706 0131 53657061 		.ascii	"Separa_digitos\000"
 706      72615F64 
ARM GAS  C:\Users\adria\AppData\Local\Temp\ccNenx2e.s 			page 15


 706      69676974 
 706      6F7300
 707              	.LASF10:
 708 0140 756E7369 		.ascii	"unsigned int\000"
 708      676E6564 
 708      20696E74 
 708      00
 709              	.LASF9:
 710 014d 6C6F6E67 		.ascii	"long long unsigned int\000"
 710      206C6F6E 
 710      6720756E 
 710      7369676E 
 710      65642069 
 711              	.LASF30:
 712 0164 433A5C55 		.ascii	"C:\\Users\\adria\\OneDrive\\Documents\\psoc\\7seg_m"
 712      73657273 
 712      5C616472 
 712      69615C4F 
 712      6E654472 
 713 0191 756C7469 		.ascii	"ultiplexado_hardware\\7seg_multiplexado_hardware.cy"
 713      706C6578 
 713      61646F5F 
 713      68617264 
 713      77617265 
 714 01c3 64736E00 		.ascii	"dsn\000"
 715              	.LASF12:
 716 01c7 696E7433 		.ascii	"int32_t\000"
 716      325F7400 
 717              	.LASF16:
 718 01cf 73697A65 		.ascii	"sizetype\000"
 718      74797065 
 718      00
 719              	.LASF8:
 720 01d8 6C6F6E67 		.ascii	"long long int\000"
 720      206C6F6E 
 720      6720696E 
 720      7400
 721              	.LASF29:
 722 01e6 6D61696E 		.ascii	"main.c\000"
 722      2E6300
 723              	.LASF15:
 724 01ed 63686172 		.ascii	"char\000"
 724      00
 725              	.LASF2:
 726 01f2 73686F72 		.ascii	"short int\000"
 726      7420696E 
 726      7400
 727              	.LASF11:
 728 01fc 75696E74 		.ascii	"uint16_t\000"
 728      31365F74 
 728      00
 729              	.LASF6:
 730 0205 6C6F6E67 		.ascii	"long int\000"
 730      20696E74 
 730      00
 731              	.LASF17:
 732 020e 6C6F6E67 		.ascii	"long double\000"
ARM GAS  C:\Users\adria\AppData\Local\Temp\ccNenx2e.s 			page 16


 732      20646F75 
 732      626C6500 
 733              	.LASF0:
 734 021a 7369676E 		.ascii	"signed char\000"
 734      65642063 
 734      68617200 
 735              	.LASF25:
 736 0226 6973725F 		.ascii	"isr_1_StartEx\000"
 736      315F5374 
 736      61727445 
 736      7800
 737              	.LASF18:
 738 0234 6973725F 		.ascii	"isr_1\000"
 738      3100
 739              	.LASF19:
 740 023a 6973725F 		.ascii	"isr_2\000"
 740      3200
 741              	.LASF27:
 742 0240 43794465 		.ascii	"CyDelay\000"
 742      6C617900 
 743              		.ident	"GCC: (GNU Tools for ARM Embedded Processors) 5.4.1 20160609 (release) [ARM/embedded-5-bran
