ARM GAS  C:\Users\adria\AppData\Local\Temp\ccFkoOY1.s 			page 1


   1              		.syntax unified
   2              		.cpu cortex-m3
   3              		.fpu softvfp
   4              		.eabi_attribute 20, 1
   5              		.eabi_attribute 21, 1
   6              		.eabi_attribute 23, 3
   7              		.eabi_attribute 24, 1
   8              		.eabi_attribute 25, 1
   9              		.eabi_attribute 26, 1
  10              		.eabi_attribute 30, 1
  11              		.eabi_attribute 34, 1
  12              		.eabi_attribute 18, 4
  13              		.thumb
  14              		.syntax unified
  15              		.file	"cymetadata.c"
  16              		.text
  17              	.Ltext0:
  18              		.cfi_sections	.debug_frame
  19              		.global	cy_metadata
  20              		.global	cy_meta_flashprotect
  21              		.global	cy_meta_wonvl
  22              		.global	cy_meta_custnvl
  23              		.global	cy_meta_configecc
  24              		.section	.cyconfigecc,"a",%progbits
  25              		.align	2
  26              		.type	cy_meta_configecc, %object
  27              		.size	cy_meta_configecc, 1556
  28              	cy_meta_configecc:
  29 0000 02       		.byte	2
  30 0001 4F       		.byte	79
  31 0002 00       		.byte	0
  32 0003 40       		.byte	64
  33 0004 04       		.byte	4
  34 0005 52       		.byte	82
  35 0006 00       		.byte	0
  36 0007 40       		.byte	64
  37 0008 01       		.byte	1
  38 0009 64       		.byte	100
  39 000a 00       		.byte	0
  40 000b 40       		.byte	64
  41 000c 03       		.byte	3
  42 000d 65       		.byte	101
  43 000e 00       		.byte	0
  44 000f 40       		.byte	64
  45 0010 4F       		.byte	79
  46 0011 06       		.byte	6
  47 0012 01       		.byte	1
  48 0013 40       		.byte	64
  49 0014 34       		.byte	52
  50 0015 07       		.byte	7
  51 0016 01       		.byte	1
  52 0017 40       		.byte	64
  53 0018 01       		.byte	1
  54 0019 09       		.byte	9
  55 001a 01       		.byte	1
  56 001b 40       		.byte	64
  57 001c 04       		.byte	4
ARM GAS  C:\Users\adria\AppData\Local\Temp\ccFkoOY1.s 			page 2


  58 001d 0A       		.byte	10
  59 001e 01       		.byte	1
  60 001f 40       		.byte	64
  61 0020 01       		.byte	1
  62 0021 0B       		.byte	11
  63 0022 01       		.byte	1
  64 0023 40       		.byte	64
  65 0024 50       		.byte	80
  66 0025 14       		.byte	20
  67 0026 01       		.byte	1
  68 0027 40       		.byte	64
  69 0028 56       		.byte	86
  70 0029 15       		.byte	21
  71 002a 01       		.byte	1
  72 002b 40       		.byte	64
  73 002c 56       		.byte	86
  74 002d 16       		.byte	22
  75 002e 01       		.byte	1
  76 002f 40       		.byte	64
  77 0030 47       		.byte	71
  78 0031 17       		.byte	23
  79 0032 01       		.byte	1
  80 0033 40       		.byte	64
  81 0034 0A       		.byte	10
  82 0035 19       		.byte	25
  83 0036 01       		.byte	1
  84 0037 40       		.byte	64
  85 0038 36       		.byte	54
  86 0039 1A       		.byte	26
  87 003a 01       		.byte	1
  88 003b 40       		.byte	64
  89 003c 40       		.byte	64
  90 003d 1B       		.byte	27
  91 003e 01       		.byte	1
  92 003f 40       		.byte	64
  93 0040 04       		.byte	4
  94 0041 40       		.byte	64
  95 0042 01       		.byte	1
  96 0043 40       		.byte	64
  97 0044 09       		.byte	9
  98 0045 41       		.byte	65
  99 0046 01       		.byte	1
 100 0047 40       		.byte	64
 101 0048 07       		.byte	7
 102 0049 42       		.byte	66
 103 004a 01       		.byte	1
 104 004b 40       		.byte	64
 105 004c 0D       		.byte	13
 106 004d 43       		.byte	67
 107 004e 01       		.byte	1
 108 004f 40       		.byte	64
 109 0050 0B       		.byte	11
 110 0051 48       		.byte	72
 111 0052 01       		.byte	1
 112 0053 40       		.byte	64
 113 0054 21       		.byte	33
 114 0055 49       		.byte	73
ARM GAS  C:\Users\adria\AppData\Local\Temp\ccFkoOY1.s 			page 3


 115 0056 01       		.byte	1
 116 0057 40       		.byte	64
 117 0058 06       		.byte	6
 118 0059 4C       		.byte	76
 119 005a 01       		.byte	1
 120 005b 40       		.byte	64
 121 005c 0E       		.byte	14
 122 005d 4D       		.byte	77
 123 005e 01       		.byte	1
 124 005f 40       		.byte	64
 125 0060 05       		.byte	5
 126 0061 50       		.byte	80
 127 0062 01       		.byte	1
 128 0063 40       		.byte	64
 129 0064 02       		.byte	2
 130 0065 51       		.byte	81
 131 0066 01       		.byte	1
 132 0067 40       		.byte	64
 133 0068 01       		.byte	1
 134 0069 30       		.byte	48
 135 006a 0A       		.byte	10
 136 006b 1B       		.byte	27
 137 006c 00       		.byte	0
 138 006d 20       		.byte	32
 139 006e 01       		.byte	1
 140 006f 60       		.byte	96
 141 0070 18       		.byte	24
 142 0071 C8       		.byte	-56
 143 0072 19       		.byte	25
 144 0073 54       		.byte	84
 145 0074 87       		.byte	-121
 146 0075 67       		.byte	103
 147 0076 86       		.byte	-122
 148 0077 0F       		.byte	15
 149 0078 87       		.byte	-121
 150 0079 72       		.byte	114
 151 007a 8B       		.byte	-117
 152 007b 38       		.byte	56
 153 007c 07       		.byte	7
 154 007d 01       		.byte	1
 155 007e 10       		.byte	16
 156 007f 03       		.byte	3
 157 0080 12       		.byte	18
 158 0081 0C       		.byte	12
 159 0082 13       		.byte	19
 160 0083 06       		.byte	6
 161 0084 15       		.byte	21
 162 0085 06       		.byte	6
 163 0086 17       		.byte	23
 164 0087 01       		.byte	1
 165 0088 1A       		.byte	26
 166 0089 05       		.byte	5
 167 008a 1B       		.byte	27
 168 008b 03       		.byte	3
 169 008c 1C       		.byte	28
 170 008d 03       		.byte	3
 171 008e 1E       		.byte	30
ARM GAS  C:\Users\adria\AppData\Local\Temp\ccFkoOY1.s 			page 4


 172 008f 04       		.byte	4
 173 0090 22       		.byte	34
 174 0091 08       		.byte	8
 175 0092 23       		.byte	35
 176 0093 05       		.byte	5
 177 0094 24       		.byte	36
 178 0095 0A       		.byte	10
 179 0096 26       		.byte	38
 180 0097 04       		.byte	4
 181 0098 28       		.byte	40
 182 0099 03       		.byte	3
 183 009a 2A       		.byte	42
 184 009b 04       		.byte	4
 185 009c 2B       		.byte	43
 186 009d 02       		.byte	2
 187 009e 30       		.byte	48
 188 009f 0F       		.byte	15
 189 00a0 32       		.byte	50
 190 00a1 0F       		.byte	15
 191 00a2 33       		.byte	51
 192 00a3 07       		.byte	7
 193 00a4 36       		.byte	54
 194 00a5 0F       		.byte	15
 195 00a6 3A       		.byte	58
 196 00a7 8A       		.byte	-118
 197 00a8 3B       		.byte	59
 198 00a9 08       		.byte	8
 199 00aa 58       		.byte	88
 200 00ab 04       		.byte	4
 201 00ac 59       		.byte	89
 202 00ad 04       		.byte	4
 203 00ae 5F       		.byte	95
 204 00af 01       		.byte	1
 205 00b0 84       		.byte	-124
 206 00b1 01       		.byte	1
 207 00b2 8A       		.byte	-118
 208 00b3 04       		.byte	4
 209 00b4 8B       		.byte	-117
 210 00b5 01       		.byte	1
 211 00b6 8C       		.byte	-116
 212 00b7 01       		.byte	1
 213 00b8 91       		.byte	-111
 214 00b9 08       		.byte	8
 215 00ba 97       		.byte	-105
 216 00bb 0C       		.byte	12
 217 00bc 9C       		.byte	-100
 218 00bd 02       		.byte	2
 219 00be 9D       		.byte	-99
 220 00bf 02       		.byte	2
 221 00c0 A0       		.byte	-96
 222 00c1 01       		.byte	1
 223 00c2 A1       		.byte	-95
 224 00c3 02       		.byte	2
 225 00c4 AA       		.byte	-86
 226 00c5 02       		.byte	2
 227 00c6 B1       		.byte	-79
 228 00c7 04       		.byte	4
ARM GAS  C:\Users\adria\AppData\Local\Temp\ccFkoOY1.s 			page 5


 229 00c8 B2       		.byte	-78
 230 00c9 02       		.byte	2
 231 00ca B3       		.byte	-77
 232 00cb 08       		.byte	8
 233 00cc B4       		.byte	-76
 234 00cd 06       		.byte	6
 235 00ce B5       		.byte	-75
 236 00cf 02       		.byte	2
 237 00d0 B6       		.byte	-74
 238 00d1 01       		.byte	1
 239 00d2 B7       		.byte	-73
 240 00d3 01       		.byte	1
 241 00d4 BE       		.byte	-66
 242 00d5 54       		.byte	84
 243 00d6 BF       		.byte	-65
 244 00d7 04       		.byte	4
 245 00d8 C0       		.byte	-64
 246 00d9 32       		.byte	50
 247 00da C1       		.byte	-63
 248 00db 05       		.byte	5
 249 00dc C5       		.byte	-59
 250 00dd 40       		.byte	64
 251 00de C6       		.byte	-58
 252 00df C2       		.byte	-62
 253 00e0 C7       		.byte	-57
 254 00e1 5E       		.byte	94
 255 00e2 C8       		.byte	-56
 256 00e3 3F       		.byte	63
 257 00e4 C9       		.byte	-55
 258 00e5 FF       		.byte	-1
 259 00e6 CA       		.byte	-54
 260 00e7 FF       		.byte	-1
 261 00e8 CB       		.byte	-53
 262 00e9 FF       		.byte	-1
 263 00ea CD       		.byte	-51
 264 00eb A0       		.byte	-96
 265 00ec CF       		.byte	-49
 266 00ed 01       		.byte	1
 267 00ee D0       		.byte	-48
 268 00ef 18       		.byte	24
 269 00f0 D2       		.byte	-46
 270 00f1 80       		.byte	-128
 271 00f2 D4       		.byte	-44
 272 00f3 07       		.byte	7
 273 00f4 D8       		.byte	-40
 274 00f5 04       		.byte	4
 275 00f6 D9       		.byte	-39
 276 00f7 04       		.byte	4
 277 00f8 DA       		.byte	-38
 278 00f9 04       		.byte	4
 279 00fa DB       		.byte	-37
 280 00fb 04       		.byte	4
 281 00fc DC       		.byte	-36
 282 00fd 10       		.byte	16
 283 00fe DD       		.byte	-35
 284 00ff 11       		.byte	17
 285 0100 DF       		.byte	-33
ARM GAS  C:\Users\adria\AppData\Local\Temp\ccFkoOY1.s 			page 6


 286 0101 05       		.byte	5
 287 0102 E0       		.byte	-32
 288 0103 40       		.byte	64
 289 0104 E2       		.byte	-30
 290 0105 80       		.byte	-128
 291 0106 E4       		.byte	-28
 292 0107 40       		.byte	64
 293 0108 E5       		.byte	-27
 294 0109 40       		.byte	64
 295 010a E6       		.byte	-26
 296 010b 80       		.byte	-128
 297 010c E8       		.byte	-24
 298 010d 40       		.byte	64
 299 010e EA       		.byte	-22
 300 010f 50       		.byte	80
 301 0110 EB       		.byte	-21
 302 0111 A8       		.byte	-88
 303 0112 EC       		.byte	-20
 304 0113 40       		.byte	64
 305 0114 ED       		.byte	-19
 306 0115 20       		.byte	32
 307 0116 EE       		.byte	-18
 308 0117 50       		.byte	80
 309 0118 EF       		.byte	-17
 310 0119 A8       		.byte	-88
 311 011a 00       		.byte	0
 312 011b 28       		.byte	40
 313 011c 02       		.byte	2
 314 011d 01       		.byte	1
 315 011e 0B       		.byte	11
 316 011f 01       		.byte	1
 317 0120 0E       		.byte	14
 318 0121 81       		.byte	-127
 319 0122 0F       		.byte	15
 320 0123 04       		.byte	4
 321 0124 10       		.byte	16
 322 0125 80       		.byte	-128
 323 0126 11       		.byte	17
 324 0127 30       		.byte	48
 325 0128 17       		.byte	23
 326 0129 25       		.byte	37
 327 012a 18       		.byte	24
 328 012b 04       		.byte	4
 329 012c 19       		.byte	25
 330 012d 80       		.byte	-128
 331 012e 1B       		.byte	27
 332 012f 04       		.byte	4
 333 0130 1D       		.byte	29
 334 0131 80       		.byte	-128
 335 0132 1E       		.byte	30
 336 0133 90       		.byte	-112
 337 0134 1F       		.byte	31
 338 0135 80       		.byte	-128
 339 0136 20       		.byte	32
 340 0137 08       		.byte	8
 341 0138 21       		.byte	33
 342 0139 02       		.byte	2
ARM GAS  C:\Users\adria\AppData\Local\Temp\ccFkoOY1.s 			page 7


 343 013a 22       		.byte	34
 344 013b 04       		.byte	4
 345 013c 23       		.byte	35
 346 013d 01       		.byte	1
 347 013e 27       		.byte	39
 348 013f 20       		.byte	32
 349 0140 2A       		.byte	42
 350 0141 01       		.byte	1
 351 0142 2F       		.byte	47
 352 0143 88       		.byte	-120
 353 0144 30       		.byte	48
 354 0145 80       		.byte	-128
 355 0146 31       		.byte	49
 356 0147 06       		.byte	6
 357 0148 37       		.byte	55
 358 0149 25       		.byte	37
 359 014a 39       		.byte	57
 360 014b 10       		.byte	16
 361 014c 3F       		.byte	63
 362 014d 04       		.byte	4
 363 014e 40       		.byte	64
 364 014f 14       		.byte	20
 365 0150 48       		.byte	72
 366 0151 90       		.byte	-112
 367 0152 49       		.byte	73
 368 0153 04       		.byte	4
 369 0154 4A       		.byte	74
 370 0155 02       		.byte	2
 371 0156 51       		.byte	81
 372 0157 08       		.byte	8
 373 0158 52       		.byte	82
 374 0159 91       		.byte	-111
 375 015a 59       		.byte	89
 376 015b 90       		.byte	-112
 377 015c 5A       		.byte	90
 378 015d 08       		.byte	8
 379 015e 61       		.byte	97
 380 015f 08       		.byte	8
 381 0160 62       		.byte	98
 382 0161 10       		.byte	16
 383 0162 71       		.byte	113
 384 0163 01       		.byte	1
 385 0164 7B       		.byte	123
 386 0165 04       		.byte	4
 387 0166 84       		.byte	-124
 388 0167 04       		.byte	4
 389 0168 A1       		.byte	-95
 390 0169 10       		.byte	16
 391 016a A9       		.byte	-87
 392 016b 10       		.byte	16
 393 016c C0       		.byte	-64
 394 016d 07       		.byte	7
 395 016e C2       		.byte	-62
 396 016f D1       		.byte	-47
 397 0170 C4       		.byte	-60
 398 0171 7A       		.byte	122
 399 0172 CA       		.byte	-54
ARM GAS  C:\Users\adria\AppData\Local\Temp\ccFkoOY1.s 			page 8


 400 0173 A1       		.byte	-95
 401 0174 CC       		.byte	-52
 402 0175 EB       		.byte	-21
 403 0176 CE       		.byte	-50
 404 0177 44       		.byte	68
 405 0178 D0       		.byte	-48
 406 0179 06       		.byte	6
 407 017a D2       		.byte	-46
 408 017b 08       		.byte	8
 409 017c D6       		.byte	-42
 410 017d 0E       		.byte	14
 411 017e D8       		.byte	-40
 412 017f 06       		.byte	6
 413 0180 DE       		.byte	-34
 414 0181 04       		.byte	4
 415 0182 A1       		.byte	-95
 416 0183 02       		.byte	2
 417 0184 39       		.byte	57
 418 0185 02       		.byte	2
 419 0186 3F       		.byte	63
 420 0187 01       		.byte	1
 421 0188 59       		.byte	89
 422 0189 04       		.byte	4
 423 018a 5F       		.byte	95
 424 018b 01       		.byte	1
 425 018c 21       		.byte	33
 426 018d 02       		.byte	2
 427 018e 00       		.byte	0
 428 018f 01       		.byte	1
 429 0190 02       		.byte	2
 430 0191 16       		.byte	22
 431 0192 04       		.byte	4
 432 0193 84       		.byte	-124
 433 0194 05       		.byte	5
 434 0195 0E       		.byte	14
 435 0196 06       		.byte	6
 436 0197 61       		.byte	97
 437 0198 07       		.byte	7
 438 0199 01       		.byte	1
 439 019a 09       		.byte	9
 440 019b 06       		.byte	6
 441 019c 0F       		.byte	15
 442 019d 10       		.byte	16
 443 019e 10       		.byte	16
 444 019f 08       		.byte	8
 445 01a0 11       		.byte	17
 446 01a1 0F       		.byte	15
 447 01a2 14       		.byte	20
 448 01a3 C7       		.byte	-57
 449 01a4 19       		.byte	25
 450 01a5 0E       		.byte	14
 451 01a6 1A       		.byte	26
 452 01a7 08       		.byte	8
 453 01a8 1B       		.byte	27
 454 01a9 01       		.byte	1
 455 01aa 1C       		.byte	28
 456 01ab 08       		.byte	8
ARM GAS  C:\Users\adria\AppData\Local\Temp\ccFkoOY1.s 			page 9


 457 01ac 1D       		.byte	29
 458 01ad 09       		.byte	9
 459 01ae 1F       		.byte	31
 460 01af 06       		.byte	6
 461 01b0 21       		.byte	33
 462 01b1 04       		.byte	4
 463 01b2 22       		.byte	34
 464 01b3 08       		.byte	8
 465 01b4 24       		.byte	36
 466 01b5 C7       		.byte	-57
 467 01b6 27       		.byte	39
 468 01b7 10       		.byte	16
 469 01b8 28       		.byte	40
 470 01b9 42       		.byte	66
 471 01ba 29       		.byte	41
 472 01bb 02       		.byte	2
 473 01bc 2A       		.byte	42
 474 01bd A1       		.byte	-95
 475 01be 2F       		.byte	47
 476 01bf 01       		.byte	1
 477 01c0 30       		.byte	48
 478 01c1 07       		.byte	7
 479 01c2 32       		.byte	50
 480 01c3 08       		.byte	8
 481 01c4 33       		.byte	51
 482 01c5 10       		.byte	16
 483 01c6 34       		.byte	52
 484 01c7 C0       		.byte	-64
 485 01c8 35       		.byte	53
 486 01c9 07       		.byte	7
 487 01ca 36       		.byte	54
 488 01cb 30       		.byte	48
 489 01cc 37       		.byte	55
 490 01cd 08       		.byte	8
 491 01ce 38       		.byte	56
 492 01cf 08       		.byte	8
 493 01d0 3B       		.byte	59
 494 01d1 20       		.byte	32
 495 01d2 3E       		.byte	62
 496 01d3 40       		.byte	64
 497 01d4 3F       		.byte	63
 498 01d5 44       		.byte	68
 499 01d6 58       		.byte	88
 500 01d7 04       		.byte	4
 501 01d8 59       		.byte	89
 502 01d9 04       		.byte	4
 503 01da 5F       		.byte	95
 504 01db 01       		.byte	1
 505 01dc 85       		.byte	-123
 506 01dd 14       		.byte	20
 507 01de 89       		.byte	-119
 508 01df 10       		.byte	16
 509 01e0 8B       		.byte	-117
 510 01e1 0C       		.byte	12
 511 01e2 90       		.byte	-112
 512 01e3 03       		.byte	3
 513 01e4 95       		.byte	-107
ARM GAS  C:\Users\adria\AppData\Local\Temp\ccFkoOY1.s 			page 10


 514 01e5 1C       		.byte	28
 515 01e6 97       		.byte	-105
 516 01e7 02       		.byte	2
 517 01e8 99       		.byte	-103
 518 01e9 0C       		.byte	12
 519 01ea 9A       		.byte	-102
 520 01eb 01       		.byte	1
 521 01ec 9B       		.byte	-101
 522 01ed 11       		.byte	17
 523 01ee 9D       		.byte	-99
 524 01ef 20       		.byte	32
 525 01f0 9F       		.byte	-97
 526 01f1 03       		.byte	3
 527 01f2 A4       		.byte	-92
 528 01f3 02       		.byte	2
 529 01f4 A8       		.byte	-88
 530 01f5 03       		.byte	3
 531 01f6 A9       		.byte	-87
 532 01f7 10       		.byte	16
 533 01f8 AD       		.byte	-83
 534 01f9 09       		.byte	9
 535 01fa AF       		.byte	-81
 536 01fb 10       		.byte	16
 537 01fc B3       		.byte	-77
 538 01fd 20       		.byte	32
 539 01fe B6       		.byte	-74
 540 01ff 03       		.byte	3
 541 0200 B7       		.byte	-73
 542 0201 1F       		.byte	31
 543 0202 B8       		.byte	-72
 544 0203 80       		.byte	-128
 545 0204 BE       		.byte	-66
 546 0205 40       		.byte	64
 547 0206 BF       		.byte	-65
 548 0207 04       		.byte	4
 549 0208 C0       		.byte	-64
 550 0209 01       		.byte	1
 551 020a C7       		.byte	-57
 552 020b 04       		.byte	4
 553 020c C9       		.byte	-55
 554 020d FF       		.byte	-1
 555 020e CA       		.byte	-54
 556 020f 07       		.byte	7
 557 0210 CB       		.byte	-53
 558 0211 FF       		.byte	-1
 559 0212 CC       		.byte	-52
 560 0213 40       		.byte	64
 561 0214 CD       		.byte	-51
 562 0215 20       		.byte	32
 563 0216 CE       		.byte	-50
 564 0217 F0       		.byte	-16
 565 0218 CF       		.byte	-49
 566 0219 05       		.byte	5
 567 021a D0       		.byte	-48
 568 021b 08       		.byte	8
 569 021c D8       		.byte	-40
 570 021d 04       		.byte	4
ARM GAS  C:\Users\adria\AppData\Local\Temp\ccFkoOY1.s 			page 11


 571 021e D9       		.byte	-39
 572 021f 04       		.byte	4
 573 0220 DA       		.byte	-38
 574 0221 04       		.byte	4
 575 0222 DB       		.byte	-37
 576 0223 04       		.byte	4
 577 0224 DF       		.byte	-33
 578 0225 01       		.byte	1
 579 0226 E0       		.byte	-32
 580 0227 40       		.byte	64
 581 0228 E1       		.byte	-31
 582 0229 A8       		.byte	-88
 583 022a E2       		.byte	-30
 584 022b 40       		.byte	64
 585 022c E3       		.byte	-29
 586 022d 20       		.byte	32
 587 022e 00       		.byte	0
 588 022f 04       		.byte	4
 589 0230 01       		.byte	1
 590 0231 02       		.byte	2
 591 0232 08       		.byte	8
 592 0233 41       		.byte	65
 593 0234 09       		.byte	9
 594 0235 20       		.byte	32
 595 0236 0A       		.byte	10
 596 0237 20       		.byte	32
 597 0238 0E       		.byte	14
 598 0239 80       		.byte	-128
 599 023a 0F       		.byte	15
 600 023b 04       		.byte	4
 601 023c 10       		.byte	16
 602 023d 24       		.byte	36
 603 023e 11       		.byte	17
 604 023f 02       		.byte	2
 605 0240 17       		.byte	23
 606 0241 24       		.byte	36
 607 0242 18       		.byte	24
 608 0243 05       		.byte	5
 609 0244 19       		.byte	25
 610 0245 06       		.byte	6
 611 0246 1D       		.byte	29
 612 0247 80       		.byte	-128
 613 0248 20       		.byte	32
 614 0249 20       		.byte	32
 615 024a 21       		.byte	33
 616 024b 20       		.byte	32
 617 024c 22       		.byte	34
 618 024d 60       		.byte	96
 619 024e 25       		.byte	37
 620 024f 08       		.byte	8
 621 0250 26       		.byte	38
 622 0251 80       		.byte	-128
 623 0252 28       		.byte	40
 624 0253 02       		.byte	2
 625 0254 29       		.byte	41
 626 0255 14       		.byte	20
 627 0256 2A       		.byte	42
ARM GAS  C:\Users\adria\AppData\Local\Temp\ccFkoOY1.s 			page 12


 628 0257 02       		.byte	2
 629 0258 2F       		.byte	47
 630 0259 0A       		.byte	10
 631 025a 30       		.byte	48
 632 025b 41       		.byte	65
 633 025c 31       		.byte	49
 634 025d 20       		.byte	32
 635 025e 36       		.byte	54
 636 025f 80       		.byte	-128
 637 0260 37       		.byte	55
 638 0261 24       		.byte	36
 639 0262 38       		.byte	56
 640 0263 08       		.byte	8
 641 0264 39       		.byte	57
 642 0265 80       		.byte	-128
 643 0266 3A       		.byte	58
 644 0267 20       		.byte	32
 645 0268 3E       		.byte	62
 646 0269 18       		.byte	24
 647 026a 45       		.byte	69
 648 026b 80       		.byte	-128
 649 026c 4F       		.byte	79
 650 026d 04       		.byte	4
 651 026e 57       		.byte	87
 652 026f 08       		.byte	8
 653 0270 6C       		.byte	108
 654 0271 02       		.byte	2
 655 0272 6D       		.byte	109
 656 0273 04       		.byte	4
 657 0274 6E       		.byte	110
 658 0275 20       		.byte	32
 659 0276 6F       		.byte	111
 660 0277 80       		.byte	-128
 661 0278 76       		.byte	118
 662 0279 04       		.byte	4
 663 027a 77       		.byte	119
 664 027b 02       		.byte	2
 665 027c 78       		.byte	120
 666 027d C0       		.byte	-64
 667 027e 80       		.byte	-128
 668 027f 06       		.byte	6
 669 0280 81       		.byte	-127
 670 0281 01       		.byte	1
 671 0282 82       		.byte	-126
 672 0283 04       		.byte	4
 673 0284 83       		.byte	-125
 674 0285 80       		.byte	-128
 675 0286 84       		.byte	-124
 676 0287 10       		.byte	16
 677 0288 86       		.byte	-122
 678 0289 10       		.byte	16
 679 028a 87       		.byte	-121
 680 028b 02       		.byte	2
 681 028c 88       		.byte	-120
 682 028d 45       		.byte	69
 683 028e 89       		.byte	-119
 684 028f 04       		.byte	4
ARM GAS  C:\Users\adria\AppData\Local\Temp\ccFkoOY1.s 			page 13


 685 0290 8A       		.byte	-118
 686 0291 02       		.byte	2
 687 0292 8C       		.byte	-116
 688 0293 04       		.byte	4
 689 0294 8D       		.byte	-115
 690 0295 0A       		.byte	10
 691 0296 8E       		.byte	-114
 692 0297 20       		.byte	32
 693 0298 91       		.byte	-111
 694 0299 80       		.byte	-128
 695 029a 92       		.byte	-110
 696 029b 30       		.byte	48
 697 029c 94       		.byte	-108
 698 029d 01       		.byte	1
 699 029e 96       		.byte	-106
 700 029f 80       		.byte	-128
 701 02a0 97       		.byte	-105
 702 02a1 04       		.byte	4
 703 02a2 98       		.byte	-104
 704 02a3 02       		.byte	2
 705 02a4 99       		.byte	-103
 706 02a5 10       		.byte	16
 707 02a6 9A       		.byte	-102
 708 02a7 2A       		.byte	42
 709 02a8 9B       		.byte	-101
 710 02a9 24       		.byte	36
 711 02aa 9C       		.byte	-100
 712 02ab 80       		.byte	-128
 713 02ac A0       		.byte	-96
 714 02ad 20       		.byte	32
 715 02ae A2       		.byte	-94
 716 02af 40       		.byte	64
 717 02b0 A3       		.byte	-93
 718 02b1 02       		.byte	2
 719 02b2 A6       		.byte	-90
 720 02b3 02       		.byte	2
 721 02b4 A7       		.byte	-89
 722 02b5 08       		.byte	8
 723 02b6 A8       		.byte	-88
 724 02b7 10       		.byte	16
 725 02b8 A9       		.byte	-87
 726 02b9 80       		.byte	-128
 727 02ba AC       		.byte	-84
 728 02bb 04       		.byte	4
 729 02bc B1       		.byte	-79
 730 02bd 10       		.byte	16
 731 02be B3       		.byte	-77
 732 02bf 01       		.byte	1
 733 02c0 C0       		.byte	-64
 734 02c1 0C       		.byte	12
 735 02c2 C2       		.byte	-62
 736 02c3 5F       		.byte	95
 737 02c4 C4       		.byte	-60
 738 02c5 6E       		.byte	110
 739 02c6 CA       		.byte	-54
 740 02c7 3F       		.byte	63
 741 02c8 CC       		.byte	-52
ARM GAS  C:\Users\adria\AppData\Local\Temp\ccFkoOY1.s 			page 14


 742 02c9 7D       		.byte	125
 743 02ca CE       		.byte	-50
 744 02cb 6E       		.byte	110
 745 02cc D0       		.byte	-48
 746 02cd 10       		.byte	16
 747 02ce E0       		.byte	-32
 748 02cf 08       		.byte	8
 749 02d0 E2       		.byte	-30
 750 02d1 20       		.byte	32
 751 02d2 E6       		.byte	-26
 752 02d3 01       		.byte	1
 753 02d4 E8       		.byte	-24
 754 02d5 30       		.byte	48
 755 02d6 EA       		.byte	-22
 756 02d7 0B       		.byte	11
 757 02d8 EE       		.byte	-18
 758 02d9 02       		.byte	2
 759 02da 03       		.byte	3
 760 02db 04       		.byte	4
 761 02dc 05       		.byte	5
 762 02dd 02       		.byte	2
 763 02de 07       		.byte	7
 764 02df 1C       		.byte	28
 765 02e0 09       		.byte	9
 766 02e1 0D       		.byte	13
 767 02e2 0B       		.byte	11
 768 02e3 30       		.byte	48
 769 02e4 13       		.byte	19
 770 02e5 60       		.byte	96
 771 02e6 15       		.byte	21
 772 02e7 60       		.byte	96
 773 02e8 17       		.byte	23
 774 02e9 1D       		.byte	29
 775 02ea 18       		.byte	24
 776 02eb 01       		.byte	1
 777 02ec 19       		.byte	25
 778 02ed 0D       		.byte	13
 779 02ee 1B       		.byte	27
 780 02ef 70       		.byte	112
 781 02f0 2B       		.byte	43
 782 02f1 40       		.byte	64
 783 02f2 33       		.byte	51
 784 02f3 04       		.byte	4
 785 02f4 34       		.byte	52
 786 02f5 01       		.byte	1
 787 02f6 35       		.byte	53
 788 02f7 78       		.byte	120
 789 02f8 37       		.byte	55
 790 02f9 03       		.byte	3
 791 02fa 39       		.byte	57
 792 02fb 80       		.byte	-128
 793 02fc 3B       		.byte	59
 794 02fd 20       		.byte	32
 795 02fe 3E       		.byte	62
 796 02ff 10       		.byte	16
 797 0300 3F       		.byte	63
 798 0301 04       		.byte	4
ARM GAS  C:\Users\adria\AppData\Local\Temp\ccFkoOY1.s 			page 15


 799 0302 40       		.byte	64
 800 0303 13       		.byte	19
 801 0304 41       		.byte	65
 802 0305 02       		.byte	2
 803 0306 45       		.byte	69
 804 0307 EE       		.byte	-18
 805 0308 47       		.byte	71
 806 0309 CB       		.byte	-53
 807 030a 48       		.byte	72
 808 030b 33       		.byte	51
 809 030c 49       		.byte	73
 810 030d FF       		.byte	-1
 811 030e 4A       		.byte	74
 812 030f FF       		.byte	-1
 813 0310 4B       		.byte	75
 814 0311 FF       		.byte	-1
 815 0312 4E       		.byte	78
 816 0313 F0       		.byte	-16
 817 0314 4F       		.byte	79
 818 0315 44       		.byte	68
 819 0316 50       		.byte	80
 820 0317 0C       		.byte	12
 821 0318 54       		.byte	84
 822 0319 01       		.byte	1
 823 031a 56       		.byte	86
 824 031b 04       		.byte	4
 825 031c 58       		.byte	88
 826 031d 04       		.byte	4
 827 031e 59       		.byte	89
 828 031f 04       		.byte	4
 829 0320 5A       		.byte	90
 830 0321 04       		.byte	4
 831 0322 5B       		.byte	91
 832 0323 04       		.byte	4
 833 0324 5F       		.byte	95
 834 0325 01       		.byte	1
 835 0326 66       		.byte	102
 836 0327 C0       		.byte	-64
 837 0328 6A       		.byte	106
 838 0329 40       		.byte	64
 839 032a 6B       		.byte	107
 840 032b 02       		.byte	2
 841 032c 80       		.byte	-128
 842 032d 02       		.byte	2
 843 032e 86       		.byte	-122
 844 032f 01       		.byte	1
 845 0330 8A       		.byte	-118
 846 0331 01       		.byte	1
 847 0332 8B       		.byte	-117
 848 0333 03       		.byte	3
 849 0334 91       		.byte	-111
 850 0335 01       		.byte	1
 851 0336 94       		.byte	-108
 852 0337 02       		.byte	2
 853 0338 A3       		.byte	-93
 854 0339 01       		.byte	1
 855 033a A4       		.byte	-92
ARM GAS  C:\Users\adria\AppData\Local\Temp\ccFkoOY1.s 			page 16


 856 033b 02       		.byte	2
 857 033c B0       		.byte	-80
 858 033d 01       		.byte	1
 859 033e B1       		.byte	-79
 860 033f 02       		.byte	2
 861 0340 B2       		.byte	-78
 862 0341 02       		.byte	2
 863 0342 B3       		.byte	-77
 864 0343 01       		.byte	1
 865 0344 BE       		.byte	-66
 866 0345 01       		.byte	1
 867 0346 BF       		.byte	-65
 868 0347 04       		.byte	4
 869 0348 C0       		.byte	-64
 870 0349 42       		.byte	66
 871 034a C1       		.byte	-63
 872 034b 05       		.byte	5
 873 034c C2       		.byte	-62
 874 034d 06       		.byte	6
 875 034e C4       		.byte	-60
 876 034f 01       		.byte	1
 877 0350 C5       		.byte	-59
 878 0351 0C       		.byte	12
 879 0352 C6       		.byte	-58
 880 0353 0E       		.byte	14
 881 0354 C8       		.byte	-56
 882 0355 05       		.byte	5
 883 0356 C9       		.byte	-55
 884 0357 FF       		.byte	-1
 885 0358 CA       		.byte	-54
 886 0359 FF       		.byte	-1
 887 035a CB       		.byte	-53
 888 035b FF       		.byte	-1
 889 035c CC       		.byte	-52
 890 035d 62       		.byte	98
 891 035e CD       		.byte	-51
 892 035f A0       		.byte	-96
 893 0360 CE       		.byte	-50
 894 0361 F0       		.byte	-16
 895 0362 CF       		.byte	-49
 896 0363 41       		.byte	65
 897 0364 D0       		.byte	-48
 898 0365 0C       		.byte	12
 899 0366 D6       		.byte	-42
 900 0367 02       		.byte	2
 901 0368 D7       		.byte	-41
 902 0369 10       		.byte	16
 903 036a D8       		.byte	-40
 904 036b 04       		.byte	4
 905 036c D9       		.byte	-39
 906 036d 04       		.byte	4
 907 036e DA       		.byte	-38
 908 036f 04       		.byte	4
 909 0370 DB       		.byte	-37
 910 0371 04       		.byte	4
 911 0372 DC       		.byte	-36
 912 0373 10       		.byte	16
ARM GAS  C:\Users\adria\AppData\Local\Temp\ccFkoOY1.s 			page 17


 913 0374 DF       		.byte	-33
 914 0375 01       		.byte	1
 915 0376 E6       		.byte	-26
 916 0377 40       		.byte	64
 917 0378 E7       		.byte	-25
 918 0379 02       		.byte	2
 919 037a E9       		.byte	-23
 920 037b 10       		.byte	16
 921 037c EA       		.byte	-22
 922 037d 30       		.byte	48
 923 037e EB       		.byte	-21
 924 037f 10       		.byte	16
 925 0380 ED       		.byte	-19
 926 0381 10       		.byte	16
 927 0382 EE       		.byte	-18
 928 0383 10       		.byte	16
 929 0384 EF       		.byte	-17
 930 0385 12       		.byte	18
 931 0386 00       		.byte	0
 932 0387 2A       		.byte	42
 933 0388 03       		.byte	3
 934 0389 03       		.byte	3
 935 038a 0A       		.byte	10
 936 038b 20       		.byte	32
 937 038c 0F       		.byte	15
 938 038d 08       		.byte	8
 939 038e 10       		.byte	16
 940 038f 20       		.byte	32
 941 0390 19       		.byte	25
 942 0391 06       		.byte	6
 943 0392 1E       		.byte	30
 944 0393 08       		.byte	8
 945 0394 20       		.byte	32
 946 0395 10       		.byte	16
 947 0396 21       		.byte	33
 948 0397 02       		.byte	2
 949 0398 24       		.byte	36
 950 0399 20       		.byte	32
 951 039a 27       		.byte	39
 952 039b 05       		.byte	5
 953 039c 29       		.byte	41
 954 039d 01       		.byte	1
 955 039e 2F       		.byte	47
 956 039f 08       		.byte	8
 957 03a0 31       		.byte	49
 958 03a1 02       		.byte	2
 959 03a2 37       		.byte	55
 960 03a3 25       		.byte	37
 961 03a4 39       		.byte	57
 962 03a5 20       		.byte	32
 963 03a6 3D       		.byte	61
 964 03a7 08       		.byte	8
 965 03a8 3E       		.byte	62
 966 03a9 11       		.byte	17
 967 03aa 3F       		.byte	63
 968 03ab 06       		.byte	6
 969 03ac 40       		.byte	64
ARM GAS  C:\Users\adria\AppData\Local\Temp\ccFkoOY1.s 			page 18


 970 03ad 81       		.byte	-127
 971 03ae 42       		.byte	66
 972 03af 04       		.byte	4
 973 03b0 45       		.byte	69
 974 03b1 84       		.byte	-124
 975 03b2 47       		.byte	71
 976 03b3 20       		.byte	32
 977 03b4 48       		.byte	72
 978 03b5 14       		.byte	20
 979 03b6 4A       		.byte	74
 980 03b7 02       		.byte	2
 981 03b8 4F       		.byte	79
 982 03b9 09       		.byte	9
 983 03ba 51       		.byte	81
 984 03bb 40       		.byte	64
 985 03bc 56       		.byte	86
 986 03bd 08       		.byte	8
 987 03be 57       		.byte	87
 988 03bf 01       		.byte	1
 989 03c0 59       		.byte	89
 990 03c1 04       		.byte	4
 991 03c2 5A       		.byte	90
 992 03c3 84       		.byte	-124
 993 03c4 5D       		.byte	93
 994 03c5 90       		.byte	-112
 995 03c6 5E       		.byte	94
 996 03c7 08       		.byte	8
 997 03c8 5F       		.byte	95
 998 03c9 01       		.byte	1
 999 03ca 67       		.byte	103
 1000 03cb 40       		.byte	64
 1001 03cc 68       		.byte	104
 1002 03cd 21       		.byte	33
 1003 03ce 6A       		.byte	106
 1004 03cf 20       		.byte	32
 1005 03d0 71       		.byte	113
 1006 03d1 10       		.byte	16
 1007 03d2 72       		.byte	114
 1008 03d3 22       		.byte	34
 1009 03d4 80       		.byte	-128
 1010 03d5 02       		.byte	2
 1011 03d6 81       		.byte	-127
 1012 03d7 14       		.byte	20
 1013 03d8 85       		.byte	-123
 1014 03d9 02       		.byte	2
 1015 03da 87       		.byte	-121
 1016 03db 40       		.byte	64
 1017 03dc 89       		.byte	-119
 1018 03dd 10       		.byte	16
 1019 03de 8A       		.byte	-118
 1020 03df 20       		.byte	32
 1021 03e0 8E       		.byte	-114
 1022 03e1 02       		.byte	2
 1023 03e2 92       		.byte	-110
 1024 03e3 10       		.byte	16
 1025 03e4 94       		.byte	-108
 1026 03e5 10       		.byte	16
ARM GAS  C:\Users\adria\AppData\Local\Temp\ccFkoOY1.s 			page 19


 1027 03e6 96       		.byte	-106
 1028 03e7 01       		.byte	1
 1029 03e8 97       		.byte	-105
 1030 03e9 04       		.byte	4
 1031 03ea 99       		.byte	-103
 1032 03eb 01       		.byte	1
 1033 03ec 9B       		.byte	-101
 1034 03ed 20       		.byte	32
 1035 03ee 9F       		.byte	-97
 1036 03ef 05       		.byte	5
 1037 03f0 A1       		.byte	-95
 1038 03f1 80       		.byte	-128
 1039 03f2 A2       		.byte	-94
 1040 03f3 40       		.byte	64
 1041 03f4 A7       		.byte	-89
 1042 03f5 08       		.byte	8
 1043 03f6 A9       		.byte	-87
 1044 03f7 10       		.byte	16
 1045 03f8 AA       		.byte	-86
 1046 03f9 82       		.byte	-126
 1047 03fa C0       		.byte	-64
 1048 03fb 0E       		.byte	14
 1049 03fc C2       		.byte	-62
 1050 03fd 44       		.byte	68
 1051 03fe C4       		.byte	-60
 1052 03ff 04       		.byte	4
 1053 0400 CA       		.byte	-54
 1054 0401 21       		.byte	33
 1055 0402 CC       		.byte	-52
 1056 0403 E1       		.byte	-31
 1057 0404 CE       		.byte	-50
 1058 0405 E4       		.byte	-28
 1059 0406 D0       		.byte	-48
 1060 0407 7D       		.byte	125
 1061 0408 D2       		.byte	-46
 1062 0409 0C       		.byte	12
 1063 040a D6       		.byte	-42
 1064 040b F8       		.byte	-8
 1065 040c D8       		.byte	-40
 1066 040d 80       		.byte	-128
 1067 040e E2       		.byte	-30
 1068 040f 20       		.byte	32
 1069 0410 E4       		.byte	-28
 1070 0411 2D       		.byte	45
 1071 0412 EA       		.byte	-22
 1072 0413 01       		.byte	1
 1073 0414 80       		.byte	-128
 1074 0415 80       		.byte	-128
 1075 0416 82       		.byte	-126
 1076 0417 02       		.byte	2
 1077 0418 85       		.byte	-123
 1078 0419 40       		.byte	64
 1079 041a 88       		.byte	-120
 1080 041b 80       		.byte	-128
 1081 041c 8B       		.byte	-117
 1082 041d 40       		.byte	64
 1083 041e 8E       		.byte	-114
ARM GAS  C:\Users\adria\AppData\Local\Temp\ccFkoOY1.s 			page 20


 1084 041f 04       		.byte	4
 1085 0420 A9       		.byte	-87
 1086 0421 02       		.byte	2
 1087 0422 E0       		.byte	-32
 1088 0423 40       		.byte	64
 1089 0424 E2       		.byte	-30
 1090 0425 20       		.byte	32
 1091 0426 E4       		.byte	-28
 1092 0427 80       		.byte	-128
 1093 0428 04       		.byte	4
 1094 0429 07       		.byte	7
 1095 042a 10       		.byte	16
 1096 042b 06       		.byte	6
 1097 042c 12       		.byte	18
 1098 042d 01       		.byte	1
 1099 042e 18       		.byte	24
 1100 042f 01       		.byte	1
 1101 0430 1A       		.byte	26
 1102 0431 06       		.byte	6
 1103 0432 1E       		.byte	30
 1104 0433 01       		.byte	1
 1105 0434 20       		.byte	32
 1106 0435 06       		.byte	6
 1107 0436 24       		.byte	36
 1108 0437 04       		.byte	4
 1109 0438 28       		.byte	40
 1110 0439 07       		.byte	7
 1111 043a 2C       		.byte	44
 1112 043b 02       		.byte	2
 1113 043c 32       		.byte	50
 1114 043d 07       		.byte	7
 1115 043e 58       		.byte	88
 1116 043f 04       		.byte	4
 1117 0440 5F       		.byte	95
 1118 0441 01       		.byte	1
 1119 0442 80       		.byte	-128
 1120 0443 03       		.byte	3
 1121 0444 81       		.byte	-127
 1122 0445 08       		.byte	8
 1123 0446 84       		.byte	-124
 1124 0447 02       		.byte	2
 1125 0448 87       		.byte	-121
 1126 0449 04       		.byte	4
 1127 044a 88       		.byte	-120
 1128 044b 0C       		.byte	12
 1129 044c 89       		.byte	-119
 1130 044d 80       		.byte	-128
 1131 044e 8A       		.byte	-118
 1132 044f 03       		.byte	3
 1133 0450 8C       		.byte	-116
 1134 0451 04       		.byte	4
 1135 0452 8D       		.byte	-115
 1136 0453 1C       		.byte	28
 1137 0454 8F       		.byte	-113
 1138 0455 C1       		.byte	-63
 1139 0456 90       		.byte	-112
 1140 0457 0F       		.byte	15
ARM GAS  C:\Users\adria\AppData\Local\Temp\ccFkoOY1.s 			page 21


 1141 0458 91       		.byte	-111
 1142 0459 C0       		.byte	-64
 1143 045a 94       		.byte	-108
 1144 045b 03       		.byte	3
 1145 045c 95       		.byte	-107
 1146 045d 44       		.byte	68
 1147 045e 96       		.byte	-106
 1148 045f 0C       		.byte	12
 1149 0460 97       		.byte	-105
 1150 0461 20       		.byte	32
 1151 0462 98       		.byte	-104
 1152 0463 08       		.byte	8
 1153 0464 99       		.byte	-103
 1154 0465 1C       		.byte	28
 1155 0466 9B       		.byte	-101
 1156 0467 C2       		.byte	-62
 1157 0468 9C       		.byte	-100
 1158 0469 0C       		.byte	12
 1159 046a 9F       		.byte	-97
 1160 046b C3       		.byte	-61
 1161 046c A1       		.byte	-95
 1162 046d 18       		.byte	24
 1163 046e A2       		.byte	-94
 1164 046f 03       		.byte	3
 1165 0470 A4       		.byte	-92
 1166 0471 01       		.byte	1
 1167 0472 A5       		.byte	-91
 1168 0473 10       		.byte	16
 1169 0474 A8       		.byte	-88
 1170 0475 0F       		.byte	15
 1171 0476 A9       		.byte	-87
 1172 0477 C7       		.byte	-57
 1173 0478 AB       		.byte	-85
 1174 0479 18       		.byte	24
 1175 047a AD       		.byte	-83
 1176 047b DF       		.byte	-33
 1177 047c B1       		.byte	-79
 1178 047d C0       		.byte	-64
 1179 047e B2       		.byte	-78
 1180 047f 0F       		.byte	15
 1181 0480 B3       		.byte	-77
 1182 0481 1F       		.byte	31
 1183 0482 B5       		.byte	-75
 1184 0483 20       		.byte	32
 1185 0484 BA       		.byte	-70
 1186 0485 28       		.byte	40
 1187 0486 BB       		.byte	-69
 1188 0487 08       		.byte	8
 1189 0488 D4       		.byte	-44
 1190 0489 18       		.byte	24
 1191 048a D6       		.byte	-42
 1192 048b 04       		.byte	4
 1193 048c D8       		.byte	-40
 1194 048d 04       		.byte	4
 1195 048e D9       		.byte	-39
 1196 048f 04       		.byte	4
 1197 0490 DB       		.byte	-37
ARM GAS  C:\Users\adria\AppData\Local\Temp\ccFkoOY1.s 			page 22


 1198 0491 04       		.byte	4
 1199 0492 DF       		.byte	-33
 1200 0493 01       		.byte	1
 1201 0494 00       		.byte	0
 1202 0495 08       		.byte	8
 1203 0496 04       		.byte	4
 1204 0497 12       		.byte	18
 1205 0498 05       		.byte	5
 1206 0499 02       		.byte	2
 1207 049a 06       		.byte	6
 1208 049b 23       		.byte	35
 1209 049c 08       		.byte	8
 1210 049d 80       		.byte	-128
 1211 049e 09       		.byte	9
 1212 049f 01       		.byte	1
 1213 04a0 0A       		.byte	10
 1214 04a1 40       		.byte	64
 1215 04a2 0B       		.byte	11
 1216 04a3 08       		.byte	8
 1217 04a4 0C       		.byte	12
 1218 04a5 90       		.byte	-112
 1219 04a6 0E       		.byte	14
 1220 04a7 58       		.byte	88
 1221 04a8 10       		.byte	16
 1222 04a9 90       		.byte	-112
 1223 04aa 12       		.byte	18
 1224 04ab 01       		.byte	1
 1225 04ac 13       		.byte	19
 1226 04ad 20       		.byte	32
 1227 04ae 14       		.byte	20
 1228 04af 80       		.byte	-128
 1229 04b0 15       		.byte	21
 1230 04b1 28       		.byte	40
 1231 04b2 1B       		.byte	27
 1232 04b3 08       		.byte	8
 1233 04b4 1C       		.byte	28
 1234 04b5 08       		.byte	8
 1235 04b6 1E       		.byte	30
 1236 04b7 14       		.byte	20
 1237 04b8 1F       		.byte	31
 1238 04b9 04       		.byte	4
 1239 04ba 24       		.byte	36
 1240 04bb 14       		.byte	20
 1241 04bc 26       		.byte	38
 1242 04bd 01       		.byte	1
 1243 04be 27       		.byte	39
 1244 04bf 20       		.byte	32
 1245 04c0 2C       		.byte	44
 1246 04c1 90       		.byte	-112
 1247 04c2 2E       		.byte	46
 1248 04c3 80       		.byte	-128
 1249 04c4 2F       		.byte	47
 1250 04c5 04       		.byte	4
 1251 04c6 34       		.byte	52
 1252 04c7 80       		.byte	-128
 1253 04c8 35       		.byte	53
 1254 04c9 02       		.byte	2
ARM GAS  C:\Users\adria\AppData\Local\Temp\ccFkoOY1.s 			page 23


 1255 04ca 37       		.byte	55
 1256 04cb 28       		.byte	40
 1257 04cc 3C       		.byte	60
 1258 04cd 04       		.byte	4
 1259 04ce 3E       		.byte	62
 1260 04cf 62       		.byte	98
 1261 04d0 5E       		.byte	94
 1262 04d1 02       		.byte	2
 1263 04d2 64       		.byte	100
 1264 04d3 04       		.byte	4
 1265 04d4 65       		.byte	101
 1266 04d5 40       		.byte	64
 1267 04d6 67       		.byte	103
 1268 04d7 40       		.byte	64
 1269 04d8 80       		.byte	-128
 1270 04d9 10       		.byte	16
 1271 04da 84       		.byte	-124
 1272 04db 04       		.byte	4
 1273 04dc 89       		.byte	-119
 1274 04dd 14       		.byte	20
 1275 04de 8A       		.byte	-118
 1276 04df 84       		.byte	-124
 1277 04e0 8B       		.byte	-117
 1278 04e1 0C       		.byte	12
 1279 04e2 8C       		.byte	-116
 1280 04e3 01       		.byte	1
 1281 04e4 8D       		.byte	-115
 1282 04e5 01       		.byte	1
 1283 04e6 8E       		.byte	-114
 1284 04e7 20       		.byte	32
 1285 04e8 97       		.byte	-105
 1286 04e9 40       		.byte	64
 1287 04ea 98       		.byte	-104
 1288 04eb 80       		.byte	-128
 1289 04ec 99       		.byte	-103
 1290 04ed 40       		.byte	64
 1291 04ee 9A       		.byte	-102
 1292 04ef 02       		.byte	2
 1293 04f0 A0       		.byte	-96
 1294 04f1 80       		.byte	-128
 1295 04f2 A2       		.byte	-94
 1296 04f3 04       		.byte	4
 1297 04f4 A7       		.byte	-89
 1298 04f5 08       		.byte	8
 1299 04f6 AF       		.byte	-81
 1300 04f7 08       		.byte	8
 1301 04f8 C0       		.byte	-64
 1302 04f9 F4       		.byte	-12
 1303 04fa C2       		.byte	-62
 1304 04fb FB       		.byte	-5
 1305 04fc C4       		.byte	-60
 1306 04fd 7F       		.byte	127
 1307 04fe CA       		.byte	-54
 1308 04ff F0       		.byte	-16
 1309 0500 CC       		.byte	-52
 1310 0501 F0       		.byte	-16
 1311 0502 CE       		.byte	-50
ARM GAS  C:\Users\adria\AppData\Local\Temp\ccFkoOY1.s 			page 24


 1312 0503 F0       		.byte	-16
 1313 0504 D6       		.byte	-42
 1314 0505 80       		.byte	-128
 1315 0506 D8       		.byte	-40
 1316 0507 B0       		.byte	-80
 1317 0508 E0       		.byte	-32
 1318 0509 50       		.byte	80
 1319 050a E2       		.byte	-30
 1320 050b 80       		.byte	-128
 1321 050c E4       		.byte	-28
 1322 050d 50       		.byte	80
 1323 050e E6       		.byte	-26
 1324 050f A0       		.byte	-96
 1325 0510 E8       		.byte	-24
 1326 0511 30       		.byte	48
 1327 0512 EA       		.byte	-22
 1328 0513 0B       		.byte	11
 1329 0514 30       		.byte	48
 1330 0515 10       		.byte	16
 1331 0516 33       		.byte	51
 1332 0517 08       		.byte	8
 1333 0518 36       		.byte	54
 1334 0519 40       		.byte	64
 1335 051a CC       		.byte	-52
 1336 051b 70       		.byte	112
 1337 051c 0C       		.byte	12
 1338 051d 20       		.byte	32
 1339 051e 63       		.byte	99
 1340 051f 40       		.byte	64
 1341 0520 65       		.byte	101
 1342 0521 04       		.byte	4
 1343 0522 9C       		.byte	-100
 1344 0523 10       		.byte	16
 1345 0524 A6       		.byte	-90
 1346 0525 40       		.byte	64
 1347 0526 AC       		.byte	-84
 1348 0527 10       		.byte	16
 1349 0528 AF       		.byte	-81
 1350 0529 08       		.byte	8
 1351 052a C2       		.byte	-62
 1352 052b 80       		.byte	-128
 1353 052c D8       		.byte	-40
 1354 052d C0       		.byte	-64
 1355 052e 3E       		.byte	62
 1356 052f 10       		.byte	16
 1357 0530 97       		.byte	-105
 1358 0531 40       		.byte	64
 1359 0532 9C       		.byte	-100
 1360 0533 10       		.byte	16
 1361 0534 9D       		.byte	-99
 1362 0535 04       		.byte	4
 1363 0536 A0       		.byte	-96
 1364 0537 20       		.byte	32
 1365 0538 A6       		.byte	-90
 1366 0539 40       		.byte	64
 1367 053a CE       		.byte	-50
 1368 053b 20       		.byte	32
ARM GAS  C:\Users\adria\AppData\Local\Temp\ccFkoOY1.s 			page 25


 1369 053c 19       		.byte	25
 1370 053d 04       		.byte	4
 1371 053e 61       		.byte	97
 1372 053f 02       		.byte	2
 1373 0540 87       		.byte	-121
 1374 0541 40       		.byte	64
 1375 0542 96       		.byte	-106
 1376 0543 10       		.byte	16
 1377 0544 97       		.byte	-105
 1378 0545 40       		.byte	64
 1379 0546 9C       		.byte	-100
 1380 0547 10       		.byte	16
 1381 0548 9D       		.byte	-99
 1382 0549 04       		.byte	4
 1383 054a A6       		.byte	-90
 1384 054b 40       		.byte	64
 1385 054c A8       		.byte	-88
 1386 054d 20       		.byte	32
 1387 054e C6       		.byte	-58
 1388 054f 10       		.byte	16
 1389 0550 D8       		.byte	-40
 1390 0551 40       		.byte	64
 1391 0552 E6       		.byte	-26
 1392 0553 40       		.byte	64
 1393 0554 E8       		.byte	-24
 1394 0555 80       		.byte	-128
 1395 0556 27       		.byte	39
 1396 0557 80       		.byte	-128
 1397 0558 86       		.byte	-122
 1398 0559 40       		.byte	64
 1399 055a 88       		.byte	-120
 1400 055b 10       		.byte	16
 1401 055c 8B       		.byte	-117
 1402 055d 80       		.byte	-128
 1403 055e 96       		.byte	-106
 1404 055f 10       		.byte	16
 1405 0560 9C       		.byte	-100
 1406 0561 10       		.byte	16
 1407 0562 A6       		.byte	-90
 1408 0563 40       		.byte	64
 1409 0564 A9       		.byte	-87
 1410 0565 02       		.byte	2
 1411 0566 C8       		.byte	-56
 1412 0567 80       		.byte	-128
 1413 0568 E6       		.byte	-26
 1414 0569 40       		.byte	64
 1415 056a EA       		.byte	-22
 1416 056b 80       		.byte	-128
 1417 056c 13       		.byte	19
 1418 056d 02       		.byte	2
 1419 056e 14       		.byte	20
 1420 056f 80       		.byte	-128
 1421 0570 52       		.byte	82
 1422 0571 02       		.byte	2
 1423 0572 57       		.byte	87
 1424 0573 08       		.byte	8
 1425 0574 58       		.byte	88
ARM GAS  C:\Users\adria\AppData\Local\Temp\ccFkoOY1.s 			page 26


 1426 0575 08       		.byte	8
 1427 0576 62       		.byte	98
 1428 0577 08       		.byte	8
 1429 0578 66       		.byte	102
 1430 0579 08       		.byte	8
 1431 057a 67       		.byte	103
 1432 057b 02       		.byte	2
 1433 057c 76       		.byte	118
 1434 057d 10       		.byte	16
 1435 057e 7B       		.byte	123
 1436 057f 02       		.byte	2
 1437 0580 82       		.byte	-126
 1438 0581 0A       		.byte	10
 1439 0582 83       		.byte	-125
 1440 0583 01       		.byte	1
 1441 0584 84       		.byte	-124
 1442 0585 08       		.byte	8
 1443 0586 87       		.byte	-121
 1444 0587 08       		.byte	8
 1445 0588 8A       		.byte	-118
 1446 0589 08       		.byte	8
 1447 058a 9A       		.byte	-102
 1448 058b 10       		.byte	16
 1449 058c 9C       		.byte	-100
 1450 058d 80       		.byte	-128
 1451 058e 9F       		.byte	-97
 1452 058f 02       		.byte	2
 1453 0590 A3       		.byte	-93
 1454 0591 02       		.byte	2
 1455 0592 AA       		.byte	-86
 1456 0593 10       		.byte	16
 1457 0594 AE       		.byte	-82
 1458 0595 10       		.byte	16
 1459 0596 AF       		.byte	-81
 1460 0597 02       		.byte	2
 1461 0598 B3       		.byte	-77
 1462 0599 02       		.byte	2
 1463 059a B4       		.byte	-76
 1464 059b 80       		.byte	-128
 1465 059c C4       		.byte	-60
 1466 059d 30       		.byte	48
 1467 059e D4       		.byte	-44
 1468 059f C0       		.byte	-64
 1469 05a0 D6       		.byte	-42
 1470 05a1 C0       		.byte	-64
 1471 05a2 D8       		.byte	-40
 1472 05a3 C0       		.byte	-64
 1473 05a4 DC       		.byte	-36
 1474 05a5 80       		.byte	-128
 1475 05a6 DE       		.byte	-34
 1476 05a7 20       		.byte	32
 1477 05a8 E2       		.byte	-30
 1478 05a9 A0       		.byte	-96
 1479 05aa E6       		.byte	-26
 1480 05ab 70       		.byte	112
 1481 05ac EA       		.byte	-22
 1482 05ad D0       		.byte	-48
ARM GAS  C:\Users\adria\AppData\Local\Temp\ccFkoOY1.s 			page 27


 1483 05ae 13       		.byte	19
 1484 05af 28       		.byte	40
 1485 05b0 16       		.byte	22
 1486 05b1 80       		.byte	-128
 1487 05b2 78       		.byte	120
 1488 05b3 10       		.byte	16
 1489 05b4 7C       		.byte	124
 1490 05b5 10       		.byte	16
 1491 05b6 C4       		.byte	-60
 1492 05b7 0E       		.byte	14
 1493 05b8 DE       		.byte	-34
 1494 05b9 03       		.byte	3
 1495 05ba 10       		.byte	16
 1496 05bb 80       		.byte	-128
 1497 05bc 79       		.byte	121
 1498 05bd 80       		.byte	-128
 1499 05be 88       		.byte	-120
 1500 05bf 80       		.byte	-128
 1501 05c0 8D       		.byte	-115
 1502 05c1 40       		.byte	64
 1503 05c2 AB       		.byte	-85
 1504 05c3 20       		.byte	32
 1505 05c4 AE       		.byte	-82
 1506 05c5 80       		.byte	-128
 1507 05c6 AF       		.byte	-81
 1508 05c7 08       		.byte	8
 1509 05c8 B0       		.byte	-80
 1510 05c9 10       		.byte	16
 1511 05ca B4       		.byte	-76
 1512 05cb 10       		.byte	16
 1513 05cc C4       		.byte	-60
 1514 05cd 08       		.byte	8
 1515 05ce DC       		.byte	-36
 1516 05cf 01       		.byte	1
 1517 05d0 E4       		.byte	-28
 1518 05d1 08       		.byte	8
 1519 05d2 E6       		.byte	-26
 1520 05d3 01       		.byte	1
 1521 05d4 E8       		.byte	-24
 1522 05d5 0C       		.byte	12
 1523 05d6 00       		.byte	0
 1524 05d7 03       		.byte	3
 1525 05d8 0A       		.byte	10
 1526 05d9 03       		.byte	3
 1527 05da 10       		.byte	16
 1528 05db 03       		.byte	3
 1529 05dc 1A       		.byte	26
 1530 05dd 03       		.byte	3
 1531 05de 1C       		.byte	28
 1532 05df 01       		.byte	1
 1533 05e0 00       		.byte	0
 1534 05e1 3F       		.byte	63
 1535 05e2 03       		.byte	3
 1536 05e3 C0       		.byte	-64
 1537 05e4 02       		.byte	2
 1538 05e5 80       		.byte	-128
 1539 05e6 00       		.byte	0
ARM GAS  C:\Users\adria\AppData\Local\Temp\ccFkoOY1.s 			page 28


 1540 05e7 00       		.byte	0
 1541 05e8 40       		.byte	64
 1542 05e9 00       		.byte	0
 1543 05ea 00       		.byte	0
 1544 05eb 00       		.byte	0
 1545 05ec 20       		.byte	32
 1546 05ed 00       		.byte	0
 1547 05ee A0       		.byte	-96
 1548 05ef E0       		.byte	-32
 1549 05f0 60       		.byte	96
 1550 05f1 00       		.byte	0
 1551 05f2 60       		.byte	96
 1552 05f3 00       		.byte	0
 1553 05f4 00       		.byte	0
 1554 05f5 00       		.byte	0
 1555 05f6 00       		.byte	0
 1556 05f7 00       		.byte	0
 1557 05f8 81       		.byte	-127
 1558 05f9 00       		.byte	0
 1559 05fa 40       		.byte	64
 1560 05fb 81       		.byte	-127
 1561 05fc 82       		.byte	-126
 1562 05fd 00       		.byte	0
 1563 05fe 83       		.byte	-125
 1564 05ff 00       		.byte	0
 1565 0600 00       		.byte	0
 1566 0601 00       		.byte	0
 1567 0602 00       		.byte	0
 1568 0603 00       		.byte	0
 1569 0604 00       		.byte	0
 1570 0605 0B       		.byte	11
 1571 0606 0B       		.byte	11
 1572 0607 00       		.byte	0
 1573 0608 00       		.byte	0
 1574 0609 00       		.byte	0
 1575 060a 00       		.byte	0
 1576 060b 00       		.byte	0
 1577 060c 00       		.byte	0
 1578 060d FC       		.byte	-4
 1579 060e FC       		.byte	-4
 1580 060f 00       		.byte	0
 1581 0610 FC       		.byte	-4
 1582 0611 00       		.byte	0
 1583 0612 00       		.byte	0
 1584 0613 00       		.byte	0
 1585              		.section	.cywolatch,"a",%progbits
 1586              		.align	2
 1587              		.type	cy_meta_wonvl, %object
 1588              		.size	cy_meta_wonvl, 4
 1589              	cy_meta_wonvl:
 1590 0000 BC       		.byte	-68
 1591 0001 90       		.byte	-112
 1592 0002 AC       		.byte	-84
 1593 0003 AF       		.byte	-81
 1594              		.section	.cycustnvl,"a",%progbits
 1595              		.align	2
 1596              		.type	cy_meta_custnvl, %object
ARM GAS  C:\Users\adria\AppData\Local\Temp\ccFkoOY1.s 			page 29


 1597              		.size	cy_meta_custnvl, 4
 1598              	cy_meta_custnvl:
 1599 0000 00       		.byte	0
 1600 0001 00       		.byte	0
 1601 0002 40       		.byte	64
 1602 0003 05       		.byte	5
 1603              		.section	.cymeta,"a",%progbits
 1604              		.align	2
 1605              		.type	cy_metadata, %object
 1606              		.size	cy_metadata, 12
 1607              	cy_metadata:
 1608 0000 00       		.byte	0
 1609 0001 01       		.byte	1
 1610 0002 2E       		.byte	46
 1611 0003 16       		.byte	22
 1612 0004 10       		.byte	16
 1613 0005 69       		.byte	105
 1614 0006 00       		.byte	0
 1615 0007 01       		.byte	1
 1616 0008 00       		.byte	0
 1617 0009 00       		.byte	0
 1618 000a 00       		.byte	0
 1619 000b 00       		.byte	0
 1620              		.section	.cyflashprotect,"a",%progbits
 1621              		.align	2
 1622              		.type	cy_meta_flashprotect, %object
 1623              		.size	cy_meta_flashprotect, 256
 1624              	cy_meta_flashprotect:
 1625 0000 00000000 		.space	256
 1625      00000000 
 1625      00000000 
 1625      00000000 
 1625      00000000 
 1626              		.text
 1627              	.Letext0:
 1628              		.file 1 "c:\\program files (x86)\\cypress\\psoc creator\\4.4\\psoc creator\\import\\gnu\\arm\\5.4.
 1629              		.file 2 "c:\\program files (x86)\\cypress\\psoc creator\\4.4\\psoc creator\\import\\gnu\\arm\\5.4.
 1630              		.file 3 "Generated_Source\\PSoC5\\cymetadata.c"
 1631              		.section	.debug_info,"",%progbits
 1632              	.Ldebug_info0:
 1633 0000 33010000 		.4byte	0x133
 1634 0004 0400     		.2byte	0x4
 1635 0006 00000000 		.4byte	.Ldebug_abbrev0
 1636 000a 04       		.byte	0x4
 1637 000b 01       		.uleb128 0x1
 1638 000c 24000000 		.4byte	.LASF17
 1639 0010 0C       		.byte	0xc
 1640 0011 CD010000 		.4byte	.LASF18
 1641 0015 D7000000 		.4byte	.LASF19
 1642 0019 00000000 		.4byte	.Ldebug_line0
 1643 001d 02       		.uleb128 0x2
 1644 001e 01       		.byte	0x1
 1645 001f 06       		.byte	0x6
 1646 0020 C1010000 		.4byte	.LASF0
 1647 0024 03       		.uleb128 0x3
 1648 0025 00000000 		.4byte	.LASF9
 1649 0029 01       		.byte	0x1
ARM GAS  C:\Users\adria\AppData\Local\Temp\ccFkoOY1.s 			page 30


 1650 002a 1D       		.byte	0x1d
 1651 002b 2F000000 		.4byte	0x2f
 1652 002f 02       		.uleb128 0x2
 1653 0030 01       		.byte	0x1
 1654 0031 08       		.byte	0x8
 1655 0032 16000000 		.4byte	.LASF1
 1656 0036 02       		.uleb128 0x2
 1657 0037 02       		.byte	0x2
 1658 0038 05       		.byte	0x5
 1659 0039 AE010000 		.4byte	.LASF2
 1660 003d 02       		.uleb128 0x2
 1661 003e 02       		.byte	0x2
 1662 003f 07       		.byte	0x7
 1663 0040 C4000000 		.4byte	.LASF3
 1664 0044 02       		.uleb128 0x2
 1665 0045 04       		.byte	0x4
 1666 0046 05       		.byte	0x5
 1667 0047 B8010000 		.4byte	.LASF4
 1668 004b 02       		.uleb128 0x2
 1669 004c 04       		.byte	0x4
 1670 004d 07       		.byte	0x7
 1671 004e B2000000 		.4byte	.LASF5
 1672 0052 02       		.uleb128 0x2
 1673 0053 08       		.byte	0x8
 1674 0054 05       		.byte	0x5
 1675 0055 A0010000 		.4byte	.LASF6
 1676 0059 02       		.uleb128 0x2
 1677 005a 08       		.byte	0x8
 1678 005b 07       		.byte	0x7
 1679 005c 55010000 		.4byte	.LASF7
 1680 0060 04       		.uleb128 0x4
 1681 0061 04       		.byte	0x4
 1682 0062 05       		.byte	0x5
 1683 0063 696E7400 		.ascii	"int\000"
 1684 0067 02       		.uleb128 0x2
 1685 0068 04       		.byte	0x4
 1686 0069 07       		.byte	0x7
 1687 006a 48010000 		.4byte	.LASF8
 1688 006e 03       		.uleb128 0x3
 1689 006f 6C010000 		.4byte	.LASF10
 1690 0073 02       		.byte	0x2
 1691 0074 18       		.byte	0x18
 1692 0075 24000000 		.4byte	0x24
 1693 0079 05       		.uleb128 0x5
 1694 007a 91000000 		.4byte	0x91
 1695 007e 8A000000 		.4byte	0x8a
 1696 0082 06       		.uleb128 0x6
 1697 0083 8A000000 		.4byte	0x8a
 1698 0087 1306     		.2byte	0x613
 1699 0089 00       		.byte	0
 1700 008a 02       		.uleb128 0x2
 1701 008b 04       		.byte	0x4
 1702 008c 07       		.byte	0x7
 1703 008d 97010000 		.4byte	.LASF11
 1704 0091 07       		.uleb128 0x7
 1705 0092 6E000000 		.4byte	0x6e
 1706 0096 08       		.uleb128 0x8
ARM GAS  C:\Users\adria\AppData\Local\Temp\ccFkoOY1.s 			page 31


 1707 0097 36010000 		.4byte	.LASF12
 1708 009b 03       		.byte	0x3
 1709 009c 1F       		.byte	0x1f
 1710 009d A7000000 		.4byte	0xa7
 1711 00a1 05       		.uleb128 0x5
 1712 00a2 03       		.byte	0x3
 1713 00a3 00000000 		.4byte	cy_meta_configecc
 1714 00a7 07       		.uleb128 0x7
 1715 00a8 79000000 		.4byte	0x79
 1716 00ac 05       		.uleb128 0x5
 1717 00ad 91000000 		.4byte	0x91
 1718 00b1 BC000000 		.4byte	0xbc
 1719 00b5 09       		.uleb128 0x9
 1720 00b6 8A000000 		.4byte	0x8a
 1721 00ba 03       		.byte	0x3
 1722 00bb 00       		.byte	0
 1723 00bc 08       		.uleb128 0x8
 1724 00bd 26010000 		.4byte	.LASF13
 1725 00c1 03       		.byte	0x3
 1726 00c2 EF       		.byte	0xef
 1727 00c3 CD000000 		.4byte	0xcd
 1728 00c7 05       		.uleb128 0x5
 1729 00c8 03       		.byte	0x3
 1730 00c9 00000000 		.4byte	cy_meta_custnvl
 1731 00cd 07       		.uleb128 0x7
 1732 00ce AC000000 		.4byte	0xac
 1733 00d2 08       		.uleb128 0x8
 1734 00d3 89010000 		.4byte	.LASF14
 1735 00d7 03       		.byte	0x3
 1736 00d8 FD       		.byte	0xfd
 1737 00d9 E3000000 		.4byte	0xe3
 1738 00dd 05       		.uleb128 0x5
 1739 00de 03       		.byte	0x3
 1740 00df 00000000 		.4byte	cy_meta_wonvl
 1741 00e3 07       		.uleb128 0x7
 1742 00e4 AC000000 		.4byte	0xac
 1743 00e8 05       		.uleb128 0x5
 1744 00e9 91000000 		.4byte	0x91
 1745 00ed F8000000 		.4byte	0xf8
 1746 00f1 09       		.uleb128 0x9
 1747 00f2 8A000000 		.4byte	0x8a
 1748 00f6 FF       		.byte	0xff
 1749 00f7 00       		.byte	0
 1750 00f8 0A       		.uleb128 0xa
 1751 00f9 74010000 		.4byte	.LASF15
 1752 00fd 03       		.byte	0x3
 1753 00fe 0B01     		.2byte	0x10b
 1754 0100 0A010000 		.4byte	0x10a
 1755 0104 05       		.uleb128 0x5
 1756 0105 03       		.byte	0x3
 1757 0106 00000000 		.4byte	cy_meta_flashprotect
 1758 010a 07       		.uleb128 0x7
 1759 010b E8000000 		.4byte	0xe8
 1760 010f 05       		.uleb128 0x5
 1761 0110 91000000 		.4byte	0x91
 1762 0114 1F010000 		.4byte	0x11f
 1763 0118 09       		.uleb128 0x9
ARM GAS  C:\Users\adria\AppData\Local\Temp\ccFkoOY1.s 			page 32


 1764 0119 8A000000 		.4byte	0x8a
 1765 011d 0B       		.byte	0xb
 1766 011e 00       		.byte	0
 1767 011f 0A       		.uleb128 0xa
 1768 0120 0A000000 		.4byte	.LASF16
 1769 0124 03       		.byte	0x3
 1770 0125 3801     		.2byte	0x138
 1771 0127 31010000 		.4byte	0x131
 1772 012b 05       		.uleb128 0x5
 1773 012c 03       		.byte	0x3
 1774 012d 00000000 		.4byte	cy_metadata
 1775 0131 07       		.uleb128 0x7
 1776 0132 0F010000 		.4byte	0x10f
 1777 0136 00       		.byte	0
 1778              		.section	.debug_abbrev,"",%progbits
 1779              	.Ldebug_abbrev0:
 1780 0000 01       		.uleb128 0x1
 1781 0001 11       		.uleb128 0x11
 1782 0002 01       		.byte	0x1
 1783 0003 25       		.uleb128 0x25
 1784 0004 0E       		.uleb128 0xe
 1785 0005 13       		.uleb128 0x13
 1786 0006 0B       		.uleb128 0xb
 1787 0007 03       		.uleb128 0x3
 1788 0008 0E       		.uleb128 0xe
 1789 0009 1B       		.uleb128 0x1b
 1790 000a 0E       		.uleb128 0xe
 1791 000b 10       		.uleb128 0x10
 1792 000c 17       		.uleb128 0x17
 1793 000d 00       		.byte	0
 1794 000e 00       		.byte	0
 1795 000f 02       		.uleb128 0x2
 1796 0010 24       		.uleb128 0x24
 1797 0011 00       		.byte	0
 1798 0012 0B       		.uleb128 0xb
 1799 0013 0B       		.uleb128 0xb
 1800 0014 3E       		.uleb128 0x3e
 1801 0015 0B       		.uleb128 0xb
 1802 0016 03       		.uleb128 0x3
 1803 0017 0E       		.uleb128 0xe
 1804 0018 00       		.byte	0
 1805 0019 00       		.byte	0
 1806 001a 03       		.uleb128 0x3
 1807 001b 16       		.uleb128 0x16
 1808 001c 00       		.byte	0
 1809 001d 03       		.uleb128 0x3
 1810 001e 0E       		.uleb128 0xe
 1811 001f 3A       		.uleb128 0x3a
 1812 0020 0B       		.uleb128 0xb
 1813 0021 3B       		.uleb128 0x3b
 1814 0022 0B       		.uleb128 0xb
 1815 0023 49       		.uleb128 0x49
 1816 0024 13       		.uleb128 0x13
 1817 0025 00       		.byte	0
 1818 0026 00       		.byte	0
 1819 0027 04       		.uleb128 0x4
 1820 0028 24       		.uleb128 0x24
ARM GAS  C:\Users\adria\AppData\Local\Temp\ccFkoOY1.s 			page 33


 1821 0029 00       		.byte	0
 1822 002a 0B       		.uleb128 0xb
 1823 002b 0B       		.uleb128 0xb
 1824 002c 3E       		.uleb128 0x3e
 1825 002d 0B       		.uleb128 0xb
 1826 002e 03       		.uleb128 0x3
 1827 002f 08       		.uleb128 0x8
 1828 0030 00       		.byte	0
 1829 0031 00       		.byte	0
 1830 0032 05       		.uleb128 0x5
 1831 0033 01       		.uleb128 0x1
 1832 0034 01       		.byte	0x1
 1833 0035 49       		.uleb128 0x49
 1834 0036 13       		.uleb128 0x13
 1835 0037 01       		.uleb128 0x1
 1836 0038 13       		.uleb128 0x13
 1837 0039 00       		.byte	0
 1838 003a 00       		.byte	0
 1839 003b 06       		.uleb128 0x6
 1840 003c 21       		.uleb128 0x21
 1841 003d 00       		.byte	0
 1842 003e 49       		.uleb128 0x49
 1843 003f 13       		.uleb128 0x13
 1844 0040 2F       		.uleb128 0x2f
 1845 0041 05       		.uleb128 0x5
 1846 0042 00       		.byte	0
 1847 0043 00       		.byte	0
 1848 0044 07       		.uleb128 0x7
 1849 0045 26       		.uleb128 0x26
 1850 0046 00       		.byte	0
 1851 0047 49       		.uleb128 0x49
 1852 0048 13       		.uleb128 0x13
 1853 0049 00       		.byte	0
 1854 004a 00       		.byte	0
 1855 004b 08       		.uleb128 0x8
 1856 004c 34       		.uleb128 0x34
 1857 004d 00       		.byte	0
 1858 004e 03       		.uleb128 0x3
 1859 004f 0E       		.uleb128 0xe
 1860 0050 3A       		.uleb128 0x3a
 1861 0051 0B       		.uleb128 0xb
 1862 0052 3B       		.uleb128 0x3b
 1863 0053 0B       		.uleb128 0xb
 1864 0054 49       		.uleb128 0x49
 1865 0055 13       		.uleb128 0x13
 1866 0056 3F       		.uleb128 0x3f
 1867 0057 19       		.uleb128 0x19
 1868 0058 02       		.uleb128 0x2
 1869 0059 18       		.uleb128 0x18
 1870 005a 00       		.byte	0
 1871 005b 00       		.byte	0
 1872 005c 09       		.uleb128 0x9
 1873 005d 21       		.uleb128 0x21
 1874 005e 00       		.byte	0
 1875 005f 49       		.uleb128 0x49
 1876 0060 13       		.uleb128 0x13
 1877 0061 2F       		.uleb128 0x2f
ARM GAS  C:\Users\adria\AppData\Local\Temp\ccFkoOY1.s 			page 34


 1878 0062 0B       		.uleb128 0xb
 1879 0063 00       		.byte	0
 1880 0064 00       		.byte	0
 1881 0065 0A       		.uleb128 0xa
 1882 0066 34       		.uleb128 0x34
 1883 0067 00       		.byte	0
 1884 0068 03       		.uleb128 0x3
 1885 0069 0E       		.uleb128 0xe
 1886 006a 3A       		.uleb128 0x3a
 1887 006b 0B       		.uleb128 0xb
 1888 006c 3B       		.uleb128 0x3b
 1889 006d 05       		.uleb128 0x5
 1890 006e 49       		.uleb128 0x49
 1891 006f 13       		.uleb128 0x13
 1892 0070 3F       		.uleb128 0x3f
 1893 0071 19       		.uleb128 0x19
 1894 0072 02       		.uleb128 0x2
 1895 0073 18       		.uleb128 0x18
 1896 0074 00       		.byte	0
 1897 0075 00       		.byte	0
 1898 0076 00       		.byte	0
 1899              		.section	.debug_aranges,"",%progbits
 1900 0000 14000000 		.4byte	0x14
 1901 0004 0200     		.2byte	0x2
 1902 0006 00000000 		.4byte	.Ldebug_info0
 1903 000a 04       		.byte	0x4
 1904 000b 00       		.byte	0
 1905 000c 0000     		.2byte	0
 1906 000e 0000     		.2byte	0
 1907 0010 00000000 		.4byte	0
 1908 0014 00000000 		.4byte	0
 1909              		.section	.debug_line,"",%progbits
 1910              	.Ldebug_line0:
 1911 0000 3D010000 		.section	.debug_str,"MS",%progbits,1
 1911      02003701 
 1911      00000201 
 1911      FB0E0D00 
 1911      01010101 
 1912              	.LASF9:
 1913 0000 5F5F7569 		.ascii	"__uint8_t\000"
 1913      6E74385F 
 1913      7400
 1914              	.LASF16:
 1915 000a 63795F6D 		.ascii	"cy_metadata\000"
 1915      65746164 
 1915      61746100 
 1916              	.LASF1:
 1917 0016 756E7369 		.ascii	"unsigned char\000"
 1917      676E6564 
 1917      20636861 
 1917      7200
 1918              	.LASF17:
 1919 0024 474E5520 		.ascii	"GNU C11 5.4.1 20160609 (release) [ARM/embedded-5-br"
 1919      43313120 
 1919      352E342E 
 1919      31203230 
 1919      31363036 
ARM GAS  C:\Users\adria\AppData\Local\Temp\ccFkoOY1.s 			page 35


 1920 0057 616E6368 		.ascii	"anch revision 237715] -mcpu=cortex-m3 -mthumb -g -O"
 1920      20726576 
 1920      6973696F 
 1920      6E203233 
 1920      37373135 
 1921 008a 67202D66 		.ascii	"g -ffunction-sections -ffat-lto-objects\000"
 1921      66756E63 
 1921      74696F6E 
 1921      2D736563 
 1921      74696F6E 
 1922              	.LASF5:
 1923 00b2 6C6F6E67 		.ascii	"long unsigned int\000"
 1923      20756E73 
 1923      69676E65 
 1923      6420696E 
 1923      7400
 1924              	.LASF3:
 1925 00c4 73686F72 		.ascii	"short unsigned int\000"
 1925      7420756E 
 1925      7369676E 
 1925      65642069 
 1925      6E7400
 1926              	.LASF19:
 1927 00d7 433A5C55 		.ascii	"C:\\Users\\adria\\OneDrive\\Documents\\PSoC Creator"
 1927      73657273 
 1927      5C616472 
 1927      69615C4F 
 1927      6E654472 
 1928 0105 5C50524F 		.ascii	"\\PROYECTO_IOT\\Proyecto_iot.cydsn\000"
 1928      59454354 
 1928      4F5F494F 
 1928      545C5072 
 1928      6F796563 
 1929              	.LASF13:
 1930 0126 63795F6D 		.ascii	"cy_meta_custnvl\000"
 1930      6574615F 
 1930      63757374 
 1930      6E766C00 
 1931              	.LASF12:
 1932 0136 63795F6D 		.ascii	"cy_meta_configecc\000"
 1932      6574615F 
 1932      636F6E66 
 1932      69676563 
 1932      6300
 1933              	.LASF8:
 1934 0148 756E7369 		.ascii	"unsigned int\000"
 1934      676E6564 
 1934      20696E74 
 1934      00
 1935              	.LASF7:
 1936 0155 6C6F6E67 		.ascii	"long long unsigned int\000"
 1936      206C6F6E 
 1936      6720756E 
 1936      7369676E 
 1936      65642069 
 1937              	.LASF10:
 1938 016c 75696E74 		.ascii	"uint8_t\000"
ARM GAS  C:\Users\adria\AppData\Local\Temp\ccFkoOY1.s 			page 36


 1938      385F7400 
 1939              	.LASF15:
 1940 0174 63795F6D 		.ascii	"cy_meta_flashprotect\000"
 1940      6574615F 
 1940      666C6173 
 1940      6870726F 
 1940      74656374 
 1941              	.LASF14:
 1942 0189 63795F6D 		.ascii	"cy_meta_wonvl\000"
 1942      6574615F 
 1942      776F6E76 
 1942      6C00
 1943              	.LASF11:
 1944 0197 73697A65 		.ascii	"sizetype\000"
 1944      74797065 
 1944      00
 1945              	.LASF6:
 1946 01a0 6C6F6E67 		.ascii	"long long int\000"
 1946      206C6F6E 
 1946      6720696E 
 1946      7400
 1947              	.LASF2:
 1948 01ae 73686F72 		.ascii	"short int\000"
 1948      7420696E 
 1948      7400
 1949              	.LASF4:
 1950 01b8 6C6F6E67 		.ascii	"long int\000"
 1950      20696E74 
 1950      00
 1951              	.LASF0:
 1952 01c1 7369676E 		.ascii	"signed char\000"
 1952      65642063 
 1952      68617200 
 1953              	.LASF18:
 1954 01cd 47656E65 		.ascii	"Generated_Source\\PSoC5\\cymetadata.c\000"
 1954      72617465 
 1954      645F536F 
 1954      75726365 
 1954      5C50536F 
 1955              		.ident	"GCC: (GNU Tools for ARM Embedded Processors) 5.4.1 20160609 (release) [ARM/embedded-5-bran
