ARM GAS  C:\Users\adria\AppData\Local\Temp\cc4tpiAc.s 			page 1


   1              		.syntax unified
   2              		.cpu cortex-m3
   3              		.fpu softvfp
   4              		.eabi_attribute 20, 1
   5              		.eabi_attribute 21, 1
   6              		.eabi_attribute 23, 3
   7              		.eabi_attribute 24, 1
   8              		.eabi_attribute 25, 1
   9              		.eabi_attribute 26, 1
  10              		.eabi_attribute 30, 1
  11              		.eabi_attribute 34, 1
  12              		.eabi_attribute 18, 4
  13              		.thumb
  14              		.syntax unified
  15              		.file	"main.c"
  16              		.text
  17              	.Ltext0:
  18              		.cfi_sections	.debug_frame
  19              		.global	__aeabi_i2f
  20              		.global	__aeabi_fadd
  21              		.global	__aeabi_f2uiz
  22              		.section	.text.isr_setpoint,"ax",%progbits
  23              		.align	2
  24              		.global	isr_setpoint
  25              		.thumb
  26              		.thumb_func
  27              		.type	isr_setpoint, %function
  28              	isr_setpoint:
  29              	.LFB64:
  30              		.file 1 "main.c"
   1:main.c        **** #include "project.h"
   2:main.c        **** #include "stdio.h"
   3:main.c        **** 
   4:main.c        **** #include "..\..\lcd_7seg\Workspace01\LCD.cydsn\PSOC_LCD.h"
   5:main.c        **** #include "D:\GITHUB\Librerias_PSOC\Libreria_PSOC\LIB_psoc.h"
   6:main.c        **** #include "..\..\PROYECTO_IOT\MAX6675.cydsn\MAX6675_.h"
   7:main.c        **** 
   8:main.c        **** 
   9:main.c        **** float Kp = 8.0;//Contrante proporcional
  10:main.c        **** float setpoint = 0;
  11:main.c        **** //INTERRUPCION DE ACTUALIZACIÓN DE SETPOINT Y KP
  12:main.c        **** char buffer_Rx[4];//Buffer para lectura
  13:main.c        **** uint8_t i = 0; //contador para leer el buffer
  14:main.c        **** CY_ISR(isr_setpoint){
  31              		.loc 1 14 0
  32              		.cfi_startproc
  33              		@ args = 0, pretend = 0, frame = 0
  34              		@ frame_needed = 0, uses_anonymous_args = 0
  35 0000 F8B5     		push	{r3, r4, r5, r6, r7, lr}
  36              		.cfi_def_cfa_offset 24
  37              		.cfi_offset 3, -24
  38              		.cfi_offset 4, -20
  39              		.cfi_offset 5, -16
  40              		.cfi_offset 6, -12
  41              		.cfi_offset 7, -8
  42              		.cfi_offset 14, -4
  15:main.c        ****     isr_setpoint_ClearPending();  // Limpieza de interrupción
ARM GAS  C:\Users\adria\AppData\Local\Temp\cc4tpiAc.s 			page 2


  43              		.loc 1 15 0
  44 0002 FFF7FEFF 		bl	isr_setpoint_ClearPending
  45              	.LVL0:
  16:main.c        ****     
  17:main.c        ****     buffer_Rx[i] =  UART_GetByte();//Agregamos al arreglo el ascci del caracter recibido
  46              		.loc 1 17 0
  47 0006 364D     		ldr	r5, .L5
  48 0008 2C78     		ldrb	r4, [r5]	@ zero_extendqisi2
  49 000a FFF7FEFF 		bl	UART_GetByte
  50              	.LVL1:
  51 000e 354B     		ldr	r3, .L5+4
  52 0010 1855     		strb	r0, [r3, r4]
  18:main.c        ****     i++;
  53              		.loc 1 18 0
  54 0012 2C78     		ldrb	r4, [r5]	@ zero_extendqisi2
  55 0014 0134     		adds	r4, r4, #1
  56 0016 E4B2     		uxtb	r4, r4
  57 0018 2C70     		strb	r4, [r5]
  19:main.c        ****     
  20:main.c        ****     if(buffer_Rx[i-1] == '*'){ //REBIZAMOS EL BUFFER SETPOINT
  58              		.loc 1 20 0
  59 001a 621E     		subs	r2, r4, #1
  60 001c 9B5C     		ldrb	r3, [r3, r2]	@ zero_extendqisi2
  61 001e 2A2B     		cmp	r3, #42
  62 0020 2FD1     		bne	.L2
  21:main.c        ****         setpoint = 0;                    // Limpiar valor de SP
  22:main.c        ****                 
  23:main.c        ****         setpoint += (buffer_Rx[i-2] - 0x30) * 1;     // Unidades
  63              		.loc 1 23 0
  64 0022 A31E     		subs	r3, r4, #2
  65 0024 2F4E     		ldr	r6, .L5+4
  66 0026 F05C     		ldrb	r0, [r6, r3]	@ zero_extendqisi2
  67 0028 3038     		subs	r0, r0, #48
  68 002a FFF7FEFF 		bl	__aeabi_i2f
  69              	.LVL2:
  70 002e 0021     		movs	r1, #0
  71 0030 FFF7FEFF 		bl	__aeabi_fadd
  72              	.LVL3:
  73 0034 0746     		mov	r7, r0
  24:main.c        ****         setpoint += (buffer_Rx[i-3] - 0x30) * 10;    // Decenas
  74              		.loc 1 24 0
  75 0036 E31E     		subs	r3, r4, #3
  76 0038 F05C     		ldrb	r0, [r6, r3]	@ zero_extendqisi2
  77 003a 3038     		subs	r0, r0, #48
  78 003c 00EB8000 		add	r0, r0, r0, lsl #2
  79 0040 4000     		lsls	r0, r0, #1
  80 0042 FFF7FEFF 		bl	__aeabi_i2f
  81              	.LVL4:
  82 0046 3946     		mov	r1, r7
  83 0048 FFF7FEFF 		bl	__aeabi_fadd
  84              	.LVL5:
  85 004c 0746     		mov	r7, r0
  25:main.c        ****         setpoint += (buffer_Rx[i-4] - 0x30) * 100;   // Centenas
  86              		.loc 1 25 0
  87 004e 043C     		subs	r4, r4, #4
  88 0050 335D     		ldrb	r3, [r6, r4]	@ zero_extendqisi2
  89 0052 303B     		subs	r3, r3, #48
ARM GAS  C:\Users\adria\AppData\Local\Temp\cc4tpiAc.s 			page 3


  90 0054 6420     		movs	r0, #100
  91 0056 00FB03F0 		mul	r0, r0, r3
  92 005a FFF7FEFF 		bl	__aeabi_i2f
  93              	.LVL6:
  94 005e 3946     		mov	r1, r7
  95 0060 FFF7FEFF 		bl	__aeabi_fadd
  96              	.LVL7:
  97 0064 6860     		str	r0, [r5, #4]	@ float
  26:main.c        ****         
  27:main.c        ****         i=0;
  98              		.loc 1 27 0
  99 0066 0023     		movs	r3, #0
 100 0068 2B70     		strb	r3, [r5]
  28:main.c        ****         
  29:main.c        ****         //Actualizamos en displat LCD KP
  30:main.c        ****         LCD_Position(1,10);
 101              		.loc 1 30 0
 102 006a 0A21     		movs	r1, #10
 103 006c 0120     		movs	r0, #1
 104 006e FFF7FEFF 		bl	LCD_Position
 105              	.LVL8:
  31:main.c        ****         LCD_PrintNumber(setpoint);
 106              		.loc 1 31 0
 107 0072 6868     		ldr	r0, [r5, #4]	@ float
 108 0074 FFF7FEFF 		bl	__aeabi_f2uiz
 109              	.LVL9:
 110 0078 FFF7FEFF 		bl	LCD_PrintNumber
 111              	.LVL10:
  32:main.c        ****         LCD_PrintString("C");
 112              		.loc 1 32 0
 113 007c 1A48     		ldr	r0, .L5+8
 114 007e FFF7FEFF 		bl	LCD_PrintString
 115              	.LVL11:
 116              	.L2:
  33:main.c        ****     }
  34:main.c        ****     
  35:main.c        ****     if(buffer_Rx[i-1] == '+'){ //REBIZAMOS EL KP
 117              		.loc 1 35 0
 118 0082 174B     		ldr	r3, .L5
 119 0084 1C78     		ldrb	r4, [r3]	@ zero_extendqisi2
 120 0086 631E     		subs	r3, r4, #1
 121 0088 164A     		ldr	r2, .L5+4
 122 008a D35C     		ldrb	r3, [r2, r3]	@ zero_extendqisi2
 123 008c 2B2B     		cmp	r3, #43
 124 008e 25D1     		bne	.L1
  36:main.c        ****         Kp = 0;                    // Limpiar valor de SP
  37:main.c        ****                 
  38:main.c        ****         Kp += (buffer_Rx[i-2] - 0x30) * 1;     // Unidades
 125              		.loc 1 38 0
 126 0090 A31E     		subs	r3, r4, #2
 127 0092 1546     		mov	r5, r2
 128 0094 D05C     		ldrb	r0, [r2, r3]	@ zero_extendqisi2
 129 0096 3038     		subs	r0, r0, #48
 130 0098 FFF7FEFF 		bl	__aeabi_i2f
 131              	.LVL12:
 132 009c 0021     		movs	r1, #0
 133 009e FFF7FEFF 		bl	__aeabi_fadd
ARM GAS  C:\Users\adria\AppData\Local\Temp\cc4tpiAc.s 			page 4


 134              	.LVL13:
 135 00a2 0646     		mov	r6, r0
  39:main.c        ****         Kp += (buffer_Rx[i-3] - 0x30) * 10;    // Decenas
 136              		.loc 1 39 0
 137 00a4 E31E     		subs	r3, r4, #3
 138 00a6 E85C     		ldrb	r0, [r5, r3]	@ zero_extendqisi2
 139 00a8 3038     		subs	r0, r0, #48
 140 00aa 00EB8000 		add	r0, r0, r0, lsl #2
 141 00ae 4000     		lsls	r0, r0, #1
 142 00b0 FFF7FEFF 		bl	__aeabi_i2f
 143              	.LVL14:
 144 00b4 3146     		mov	r1, r6
 145 00b6 FFF7FEFF 		bl	__aeabi_fadd
 146              	.LVL15:
 147 00ba 0646     		mov	r6, r0
  40:main.c        ****         Kp += (buffer_Rx[i-4] - 0x30) * 100;   // Centenas
 148              		.loc 1 40 0
 149 00bc 231F     		subs	r3, r4, #4
 150 00be EB5C     		ldrb	r3, [r5, r3]	@ zero_extendqisi2
 151 00c0 303B     		subs	r3, r3, #48
 152 00c2 6420     		movs	r0, #100
 153 00c4 00FB03F0 		mul	r0, r0, r3
 154 00c8 FFF7FEFF 		bl	__aeabi_i2f
 155              	.LVL16:
 156 00cc 3146     		mov	r1, r6
 157 00ce FFF7FEFF 		bl	__aeabi_fadd
 158              	.LVL17:
 159 00d2 064B     		ldr	r3, .L5+12
 160 00d4 1860     		str	r0, [r3]	@ float
  41:main.c        ****         
  42:main.c        ****         i=0;   
 161              		.loc 1 42 0
 162 00d6 0022     		movs	r2, #0
 163 00d8 014B     		ldr	r3, .L5
 164 00da 1A70     		strb	r2, [r3]
 165              	.L1:
 166 00dc F8BD     		pop	{r3, r4, r5, r6, r7, pc}
 167              	.L6:
 168 00de 00BF     		.align	2
 169              	.L5:
 170 00e0 00000000 		.word	.LANCHOR0
 171 00e4 00000000 		.word	buffer_Rx
 172 00e8 00000000 		.word	.LC0
 173 00ec 00000000 		.word	.LANCHOR1
 174              		.cfi_endproc
 175              	.LFE64:
 176              		.size	isr_setpoint, .-isr_setpoint
 177              		.section	.text.DIS_0,"ax",%progbits
 178              		.align	2
 179              		.global	DIS_0
 180              		.thumb
 181              		.thumb_func
 182              		.type	DIS_0, %function
 183              	DIS_0:
 184              	.LFB65:
  43:main.c        ****     }
  44:main.c        ****    
ARM GAS  C:\Users\adria\AppData\Local\Temp\cc4tpiAc.s 			page 5


  45:main.c        **** }
  46:main.c        **** 
  47:main.c        **** //RUTINAS POR LINEA DE ANGULO DE DISPARO DE CADA LINEA
  48:main.c        **** CY_ISR(DIS_0){ //linea1
 185              		.loc 1 48 0
 186              		.cfi_startproc
 187              		@ args = 0, pretend = 0, frame = 0
 188              		@ frame_needed = 0, uses_anonymous_args = 0
 189 0000 08B5     		push	{r3, lr}
 190              		.cfi_def_cfa_offset 8
 191              		.cfi_offset 3, -8
 192              		.cfi_offset 14, -4
  49:main.c        ****     DIS_0_ClearPending();
 193              		.loc 1 49 0
 194 0002 FFF7FEFF 		bl	DIS_0_ClearPending
 195              	.LVL18:
  50:main.c        ****     
  51:main.c        ****     DISPARADORES_Write(DISPARADORES_Read() | BIT0);
 196              		.loc 1 51 0
 197 0006 FFF7FEFF 		bl	DISPARADORES_Read
 198              	.LVL19:
 199 000a 40F00100 		orr	r0, r0, #1
 200 000e C0B2     		uxtb	r0, r0
 201 0010 FFF7FEFF 		bl	DISPARADORES_Write
 202              	.LVL20:
  52:main.c        ****     CyDelayUs(10);
 203              		.loc 1 52 0
 204 0014 0A20     		movs	r0, #10
 205 0016 FFF7FEFF 		bl	CyDelayUs
 206              	.LVL21:
  53:main.c        ****     DISPARADORES_Write(DISPARADORES_Read() & (~BIT0));
 207              		.loc 1 53 0
 208 001a FFF7FEFF 		bl	DISPARADORES_Read
 209              	.LVL22:
 210 001e 00F0FE00 		and	r0, r0, #254
 211 0022 FFF7FEFF 		bl	DISPARADORES_Write
 212              	.LVL23:
 213 0026 08BD     		pop	{r3, pc}
 214              		.cfi_endproc
 215              	.LFE65:
 216              		.size	DIS_0, .-DIS_0
 217              		.section	.text.DIS_1,"ax",%progbits
 218              		.align	2
 219              		.global	DIS_1
 220              		.thumb
 221              		.thumb_func
 222              		.type	DIS_1, %function
 223              	DIS_1:
 224              	.LFB66:
  54:main.c        **** }
  55:main.c        **** 
  56:main.c        **** CY_ISR(DIS_1){ //linea2
 225              		.loc 1 56 0
 226              		.cfi_startproc
 227              		@ args = 0, pretend = 0, frame = 0
 228              		@ frame_needed = 0, uses_anonymous_args = 0
 229 0000 08B5     		push	{r3, lr}
ARM GAS  C:\Users\adria\AppData\Local\Temp\cc4tpiAc.s 			page 6


 230              		.cfi_def_cfa_offset 8
 231              		.cfi_offset 3, -8
 232              		.cfi_offset 14, -4
  57:main.c        ****     DIS_1_ClearPending();
 233              		.loc 1 57 0
 234 0002 FFF7FEFF 		bl	DIS_1_ClearPending
 235              	.LVL24:
  58:main.c        ****     
  59:main.c        ****     DISPARADORES_Write(DISPARADORES_Read() | BIT1);
 236              		.loc 1 59 0
 237 0006 FFF7FEFF 		bl	DISPARADORES_Read
 238              	.LVL25:
 239 000a 40F00200 		orr	r0, r0, #2
 240 000e C0B2     		uxtb	r0, r0
 241 0010 FFF7FEFF 		bl	DISPARADORES_Write
 242              	.LVL26:
  60:main.c        ****     CyDelayUs(10);
 243              		.loc 1 60 0
 244 0014 0A20     		movs	r0, #10
 245 0016 FFF7FEFF 		bl	CyDelayUs
 246              	.LVL27:
  61:main.c        ****     DISPARADORES_Write(DISPARADORES_Read() & (~BIT1));
 247              		.loc 1 61 0
 248 001a FFF7FEFF 		bl	DISPARADORES_Read
 249              	.LVL28:
 250 001e 00F0FD00 		and	r0, r0, #253
 251 0022 FFF7FEFF 		bl	DISPARADORES_Write
 252              	.LVL29:
 253 0026 08BD     		pop	{r3, pc}
 254              		.cfi_endproc
 255              	.LFE66:
 256              		.size	DIS_1, .-DIS_1
 257              		.section	.text.DIS_2,"ax",%progbits
 258              		.align	2
 259              		.global	DIS_2
 260              		.thumb
 261              		.thumb_func
 262              		.type	DIS_2, %function
 263              	DIS_2:
 264              	.LFB67:
  62:main.c        **** }
  63:main.c        **** 
  64:main.c        **** CY_ISR(DIS_2){//Linea3
 265              		.loc 1 64 0
 266              		.cfi_startproc
 267              		@ args = 0, pretend = 0, frame = 0
 268              		@ frame_needed = 0, uses_anonymous_args = 0
 269 0000 08B5     		push	{r3, lr}
 270              		.cfi_def_cfa_offset 8
 271              		.cfi_offset 3, -8
 272              		.cfi_offset 14, -4
  65:main.c        ****     DIS_2_ClearPending();
 273              		.loc 1 65 0
 274 0002 FFF7FEFF 		bl	DIS_2_ClearPending
 275              	.LVL30:
  66:main.c        ****     
  67:main.c        ****     DISPARADORES_Write(DISPARADORES_Read() | BIT2);
ARM GAS  C:\Users\adria\AppData\Local\Temp\cc4tpiAc.s 			page 7


 276              		.loc 1 67 0
 277 0006 FFF7FEFF 		bl	DISPARADORES_Read
 278              	.LVL31:
 279 000a 40F00400 		orr	r0, r0, #4
 280 000e C0B2     		uxtb	r0, r0
 281 0010 FFF7FEFF 		bl	DISPARADORES_Write
 282              	.LVL32:
  68:main.c        ****     CyDelayUs(10);
 283              		.loc 1 68 0
 284 0014 0A20     		movs	r0, #10
 285 0016 FFF7FEFF 		bl	CyDelayUs
 286              	.LVL33:
  69:main.c        ****     DISPARADORES_Write(DISPARADORES_Read() & (~BIT2));
 287              		.loc 1 69 0
 288 001a FFF7FEFF 		bl	DISPARADORES_Read
 289              	.LVL34:
 290 001e 00F0FB00 		and	r0, r0, #251
 291 0022 FFF7FEFF 		bl	DISPARADORES_Write
 292              	.LVL35:
 293 0026 08BD     		pop	{r3, pc}
 294              		.cfi_endproc
 295              	.LFE67:
 296              		.size	DIS_2, .-DIS_2
 297              		.section	.text.sensado,"ax",%progbits
 298              		.align	2
 299              		.global	sensado
 300              		.thumb
 301              		.thumb_func
 302              		.type	sensado, %function
 303              	sensado:
 304              	.LFB68:
  70:main.c        **** }
  71:main.c        **** 
  72:main.c        **** //Actualizacion de sensado
  73:main.c        **** uint8_t flag = ~BIT0;
  74:main.c        **** CY_ISR(sensado){
 305              		.loc 1 74 0
 306              		.cfi_startproc
 307              		@ args = 0, pretend = 0, frame = 0
 308              		@ frame_needed = 0, uses_anonymous_args = 0
 309 0000 08B5     		push	{r3, lr}
 310              		.cfi_def_cfa_offset 8
 311              		.cfi_offset 3, -8
 312              		.cfi_offset 14, -4
  75:main.c        ****     sensado_ClearPending();
 313              		.loc 1 75 0
 314 0002 FFF7FEFF 		bl	sensado_ClearPending
 315              	.LVL36:
  76:main.c        ****    
  77:main.c        ****     flag = BIT0;
 316              		.loc 1 77 0
 317 0006 0122     		movs	r2, #1
 318 0008 014B     		ldr	r3, .L15
 319 000a 1A71     		strb	r2, [r3, #4]
 320 000c 08BD     		pop	{r3, pc}
 321              	.L16:
 322 000e 00BF     		.align	2
ARM GAS  C:\Users\adria\AppData\Local\Temp\cc4tpiAc.s 			page 8


 323              	.L15:
 324 0010 00000000 		.word	.LANCHOR1
 325              		.cfi_endproc
 326              	.LFE68:
 327              		.size	sensado, .-sensado
 328              		.global	__aeabi_fsub
 329              		.global	__aeabi_fmul
 330              		.global	__aeabi_f2iz
 331              		.section	.text.main,"ax",%progbits
 332              		.align	2
 333              		.global	main
 334              		.thumb
 335              		.thumb_func
 336              		.type	main, %function
 337              	main:
 338              	.LFB69:
  78:main.c        **** }
  79:main.c        **** 
  80:main.c        **** int main(void)
  81:main.c        **** {
 339              		.loc 1 81 0
 340              		.cfi_startproc
 341              		@ args = 0, pretend = 0, frame = 32
 342              		@ frame_needed = 0, uses_anonymous_args = 0
 343 0000 30B5     		push	{r4, r5, lr}
 344              		.cfi_def_cfa_offset 12
 345              		.cfi_offset 4, -12
 346              		.cfi_offset 5, -8
 347              		.cfi_offset 14, -4
 348 0002 8BB0     		sub	sp, sp, #44
 349              		.cfi_def_cfa_offset 56
  82:main.c        ****     CyGlobalIntEnable; 
 350              		.loc 1 82 0
 351              		.syntax unified
 352              	@ 82 "main.c" 1
 353 0004 62B6     		CPSIE   i
 354              	@ 0 "" 2
  83:main.c        ****     //pERIFERICOS DE COMUNICACION
  84:main.c        ****     UART_Start();
 355              		.loc 1 84 0
 356              		.thumb
 357              		.syntax unified
 358 0006 FFF7FEFF 		bl	UART_Start
 359              	.LVL37:
  85:main.c        ****     UART_ClearTxBuffer();
 360              		.loc 1 85 0
 361 000a FFF7FEFF 		bl	UART_ClearTxBuffer
 362              	.LVL38:
  86:main.c        ****     UART_ClearRxBuffer();
 363              		.loc 1 86 0
 364 000e FFF7FEFF 		bl	UART_ClearRxBuffer
 365              	.LVL39:
  87:main.c        ****     SPIM_Start();
 366              		.loc 1 87 0
 367 0012 FFF7FEFF 		bl	SPIM_Start
 368              	.LVL40:
  88:main.c        ****     
ARM GAS  C:\Users\adria\AppData\Local\Temp\cc4tpiAc.s 			page 9


  89:main.c        ****     //PERIFÉRICOS TIMERS    
  90:main.c        ****     Timer_0_Start();
 369              		.loc 1 90 0
 370 0016 FFF7FEFF 		bl	Timer_0_Start
 371              	.LVL41:
  91:main.c        ****     Timer_1_Start();
 372              		.loc 1 91 0
 373 001a FFF7FEFF 		bl	Timer_1_Start
 374              	.LVL42:
  92:main.c        ****     Timer_2_Start();
 375              		.loc 1 92 0
 376 001e FFF7FEFF 		bl	Timer_2_Start
 377              	.LVL43:
  93:main.c        ****     
  94:main.c        ****     //Congifuramos las interrupcciones de los cruces por cero
  95:main.c        ****     DIS_0_StartEx(DIS_0);
 378              		.loc 1 95 0
 379 0022 3548     		ldr	r0, .L21
 380 0024 FFF7FEFF 		bl	DIS_0_StartEx
 381              	.LVL44:
  96:main.c        ****     DIS_0_ClearPending();
 382              		.loc 1 96 0
 383 0028 FFF7FEFF 		bl	DIS_0_ClearPending
 384              	.LVL45:
  97:main.c        ****     DIS_1_StartEx(DIS_1);
 385              		.loc 1 97 0
 386 002c 3348     		ldr	r0, .L21+4
 387 002e FFF7FEFF 		bl	DIS_1_StartEx
 388              	.LVL46:
  98:main.c        ****     DIS_1_ClearPending();
 389              		.loc 1 98 0
 390 0032 FFF7FEFF 		bl	DIS_1_ClearPending
 391              	.LVL47:
  99:main.c        ****     DIS_2_StartEx(DIS_2);
 392              		.loc 1 99 0
 393 0036 3248     		ldr	r0, .L21+8
 394 0038 FFF7FEFF 		bl	DIS_2_StartEx
 395              	.LVL48:
 100:main.c        ****     DIS_2_ClearPending();
 396              		.loc 1 100 0
 397 003c FFF7FEFF 		bl	DIS_2_ClearPending
 398              	.LVL49:
 101:main.c        ****     
 102:main.c        ****     //Iterrupciion de ssampling
 103:main.c        ****     SAMPLING_Start();
 399              		.loc 1 103 0
 400 0040 FFF7FEFF 		bl	SAMPLING_Start
 401              	.LVL50:
 104:main.c        ****     sensado_StartEx(sensado);
 402              		.loc 1 104 0
 403 0044 2F48     		ldr	r0, .L21+12
 404 0046 FFF7FEFF 		bl	sensado_StartEx
 405              	.LVL51:
 105:main.c        ****     sensado_ClearPending();
 406              		.loc 1 105 0
 407 004a FFF7FEFF 		bl	sensado_ClearPending
 408              	.LVL52:
ARM GAS  C:\Users\adria\AppData\Local\Temp\cc4tpiAc.s 			page 10


 106:main.c        ****     
 107:main.c        ****     //Interrupcion de actualizadode controlador
 108:main.c        ****     isr_setpoint_StartEx(isr_setpoint);
 409              		.loc 1 108 0
 410 004e 2E48     		ldr	r0, .L21+16
 411 0050 FFF7FEFF 		bl	isr_setpoint_StartEx
 412              	.LVL53:
 109:main.c        ****     isr_setpoint_ClearPending();
 413              		.loc 1 109 0
 414 0054 FFF7FEFF 		bl	isr_setpoint_ClearPending
 415              	.LVL54:
 110:main.c        ****     
 111:main.c        ****     //LCD
 112:main.c        ****     LCD_Start();
 416              		.loc 1 112 0
 417 0058 FFF7FEFF 		bl	LCD_Start
 418              	.LVL55:
 113:main.c        ****     LCD_ClearDisplay();
 419              		.loc 1 113 0
 420 005c FFF7FEFF 		bl	LCD_ClearDisplay
 421              	.LVL56:
 114:main.c        ****     LCD_Position(0,0);
 422              		.loc 1 114 0
 423 0060 0021     		movs	r1, #0
 424 0062 0846     		mov	r0, r1
 425 0064 FFF7FEFF 		bl	LCD_Position
 426              	.LVL57:
 115:main.c        ****     LCD_PrintString("TEMP:");
 427              		.loc 1 115 0
 428 0068 2848     		ldr	r0, .L21+20
 429 006a FFF7FEFF 		bl	LCD_PrintString
 430              	.LVL58:
 116:main.c        ****     LCD_Position(1,0);
 431              		.loc 1 116 0
 432 006e 0021     		movs	r1, #0
 433 0070 0120     		movs	r0, #1
 434 0072 FFF7FEFF 		bl	LCD_Position
 435              	.LVL59:
 117:main.c        ****     LCD_PrintString("SetPoint:");
 436              		.loc 1 117 0
 437 0076 2648     		ldr	r0, .L21+24
 438 0078 FFF7FEFF 		bl	LCD_PrintString
 439              	.LVL60:
 440              	.L18:
 118:main.c        ****     
 119:main.c        ****     //SENSOR DE TEMPERATURA
 120:main.c        ****     struct max6675 thermocupla; //Sensor themocupla MAX6675
 121:main.c        ****     
 122:main.c        ****     //cONTROLADOR PROPORCIONAL
 123:main.c        ****     float ERROR = 0;
 124:main.c        ****     float out = 0;
 125:main.c        ****     float temp = 0;
 126:main.c        ****     
 127:main.c        ****     uint8_t ang_dis;
 128:main.c        ****     char buffer_Tx[16];
 129:main.c        ****     for(;;)
 130:main.c        ****     {
ARM GAS  C:\Users\adria\AppData\Local\Temp\cc4tpiAc.s 			page 11


 131:main.c        ****         if(flag == BIT0){// Cada segundo se entra y ejecuta el controlador
 441              		.loc 1 131 0
 442 007c 254B     		ldr	r3, .L21+28
 443 007e 1B79     		ldrb	r3, [r3, #4]	@ zero_extendqisi2
 444 0080 012B     		cmp	r3, #1
 445 0082 FBD1     		bne	.L18
 132:main.c        ****             flag = ~BIT0;
 446              		.loc 1 132 0
 447 0084 234C     		ldr	r4, .L21+28
 448 0086 FE23     		movs	r3, #254
 449 0088 2371     		strb	r3, [r4, #4]
 133:main.c        ****             
 134:main.c        ****             //SENSAMOS
 135:main.c        ****             SENS_max6675(&thermocupla);
 450              		.loc 1 135 0
 451 008a 07A8     		add	r0, sp, #28
 452 008c FFF7FEFF 		bl	SENS_max6675
 453              	.LVL61:
 136:main.c        ****             temp = thermocupla.data.temperatura_decimal;
 454              		.loc 1 136 0
 455 0090 099D     		ldr	r5, [sp, #36]	@ float
 456              	.LVL62:
 137:main.c        ****             
 138:main.c        ****             //ENVIAMOS A LABWIEV LO SENSADO
 139:main.c        ****             //sprintf(buffer_Tx,"%d.%d\n\r",thermocupla.data.temperatura>>7,thermocupla.data.temper
 140:main.c        ****             sprintf(buffer_Tx,"%d\n\r",thermocupla.data.temperatura>>7);
 457              		.loc 1 140 0
 458 0092 BDF82020 		ldrh	r2, [sp, #32]
 459 0096 D209     		lsrs	r2, r2, #7
 460 0098 1F49     		ldr	r1, .L21+32
 461 009a 03A8     		add	r0, sp, #12
 462 009c FFF7FEFF 		bl	sprintf
 463              	.LVL63:
 141:main.c        ****             UART_PutString(buffer_Tx);
 464              		.loc 1 141 0
 465 00a0 03A8     		add	r0, sp, #12
 466 00a2 FFF7FEFF 		bl	UART_PutString
 467              	.LVL64:
 142:main.c        ****             
 143:main.c        ****             //Mostramos en LCD
 144:main.c        ****             LCD_Position(0,10);
 468              		.loc 1 144 0
 469 00a6 0A21     		movs	r1, #10
 470 00a8 0020     		movs	r0, #0
 471 00aa FFF7FEFF 		bl	LCD_Position
 472              	.LVL65:
 145:main.c        ****             LCD_PrintNumber(thermocupla.data.temperatura>>7);
 473              		.loc 1 145 0
 474 00ae BDF82000 		ldrh	r0, [sp, #32]
 475 00b2 C009     		lsrs	r0, r0, #7
 476 00b4 FFF7FEFF 		bl	LCD_PrintNumber
 477              	.LVL66:
 146:main.c        ****             LCD_PrintString("c");
 478              		.loc 1 146 0
 479 00b8 1848     		ldr	r0, .L21+36
 480 00ba FFF7FEFF 		bl	LCD_PrintString
 481              	.LVL67:
ARM GAS  C:\Users\adria\AppData\Local\Temp\cc4tpiAc.s 			page 12


 147:main.c        ****             
 148:main.c        ****             ERROR = setpoint - temp;
 482              		.loc 1 148 0
 483 00be 2946     		mov	r1, r5
 484 00c0 174B     		ldr	r3, .L21+40
 485 00c2 5868     		ldr	r0, [r3, #4]	@ float
 486 00c4 FFF7FEFF 		bl	__aeabi_fsub
 487              	.LVL68:
 149:main.c        ****             
 150:main.c        ****             //CONTROLADOR proporcional
 151:main.c        ****             out = Kp*ERROR;
 488              		.loc 1 151 0
 489 00c8 2168     		ldr	r1, [r4]	@ float
 490 00ca FFF7FEFF 		bl	__aeabi_fmul
 491              	.LVL69:
 152:main.c        ****             
 153:main.c        ****             //ACTUALIZACION EN EL ACTUADOR        
 154:main.c        ****             //mapeo de out a actuador
 155:main.c        ****             //Cliping del actuador en caso de saturacion
 156:main.c        ****             ang_dis = map(out,0,220,2,255);
 492              		.loc 1 156 0
 493 00ce FFF7FEFF 		bl	__aeabi_f2iz
 494              	.LVL70:
 495 00d2 FF23     		movs	r3, #255
 496 00d4 0093     		str	r3, [sp]
 497 00d6 0223     		movs	r3, #2
 498 00d8 DC22     		movs	r2, #220
 499 00da 0021     		movs	r1, #0
 500 00dc FFF7FEFF 		bl	map
 501              	.LVL71:
 502 00e0 C4B2     		uxtb	r4, r0
 503              	.LVL72:
 157:main.c        ****             
 158:main.c        ****             //Actualizamos actuador
 159:main.c        ****             Timer_0_WritePeriod(ang_dis);
 504              		.loc 1 159 0
 505 00e2 2046     		mov	r0, r4
 506 00e4 FFF7FEFF 		bl	Timer_0_WritePeriod
 507              	.LVL73:
 160:main.c        ****             Timer_1_WritePeriod(ang_dis);
 508              		.loc 1 160 0
 509 00e8 2046     		mov	r0, r4
 510 00ea FFF7FEFF 		bl	Timer_1_WritePeriod
 511              	.LVL74:
 161:main.c        ****             Timer_2_WritePeriod(ang_dis);
 512              		.loc 1 161 0
 513 00ee 2046     		mov	r0, r4
 514 00f0 FFF7FEFF 		bl	Timer_2_WritePeriod
 515              	.LVL75:
 516 00f4 C2E7     		b	.L18
 517              	.L22:
 518 00f6 00BF     		.align	2
 519              	.L21:
 520 00f8 00000000 		.word	DIS_0
 521 00fc 00000000 		.word	DIS_1
 522 0100 00000000 		.word	DIS_2
 523 0104 00000000 		.word	sensado
ARM GAS  C:\Users\adria\AppData\Local\Temp\cc4tpiAc.s 			page 13


 524 0108 00000000 		.word	isr_setpoint
 525 010c 04000000 		.word	.LC1
 526 0110 0C000000 		.word	.LC2
 527 0114 00000000 		.word	.LANCHOR1
 528 0118 18000000 		.word	.LC3
 529 011c 20000000 		.word	.LC4
 530 0120 00000000 		.word	.LANCHOR0
 531              		.cfi_endproc
 532              	.LFE69:
 533              		.size	main, .-main
 534              		.global	flag
 535              		.global	i
 536              		.comm	buffer_Rx,4,4
 537              		.global	setpoint
 538              		.global	Kp
 539              		.data
 540              		.align	2
 541              		.set	.LANCHOR1,. + 0
 542              		.type	Kp, %object
 543              		.size	Kp, 4
 544              	Kp:
 545 0000 00000041 		.word	1090519040
 546              		.type	flag, %object
 547              		.size	flag, 1
 548              	flag:
 549 0004 FE       		.byte	-2
 550              		.section	.rodata.str1.4,"aMS",%progbits,1
 551              		.align	2
 552              	.LC0:
 553 0000 4300     		.ascii	"C\000"
 554 0002 0000     		.space	2
 555              	.LC1:
 556 0004 54454D50 		.ascii	"TEMP:\000"
 556      3A00
 557 000a 0000     		.space	2
 558              	.LC2:
 559 000c 53657450 		.ascii	"SetPoint:\000"
 559      6F696E74 
 559      3A00
 560 0016 0000     		.space	2
 561              	.LC3:
 562 0018 25640A0D 		.ascii	"%d\012\015\000"
 562      00
 563 001d 000000   		.space	3
 564              	.LC4:
 565 0020 6300     		.ascii	"c\000"
 566              		.bss
 567              		.align	2
 568              		.set	.LANCHOR0,. + 0
 569              		.type	i, %object
 570              		.size	i, 1
 571              	i:
 572 0000 00       		.space	1
 573 0001 000000   		.space	3
 574              		.type	setpoint, %object
 575              		.size	setpoint, 4
 576              	setpoint:
ARM GAS  C:\Users\adria\AppData\Local\Temp\cc4tpiAc.s 			page 14


 577 0004 00000000 		.space	4
 578              		.text
 579              	.Letext0:
 580              		.file 2 "c:\\program files (x86)\\cypress\\psoc creator\\4.4\\psoc creator\\import\\gnu\\arm\\5.4.
 581              		.file 3 "c:\\program files (x86)\\cypress\\psoc creator\\4.4\\psoc creator\\import\\gnu\\arm\\5.4.
 582              		.file 4 "..\\..\\PROYECTO_IOT\\MAX6675.cydsn\\MAX6675_.h"
 583              		.file 5 "Generated_Source\\PSoC5/core_cm3.h"
 584              		.file 6 "Generated_Source\\PSoC5/isr_setpoint.h"
 585              		.file 7 "Generated_Source\\PSoC5/UART.h"
 586              		.file 8 "..\\..\\lcd_7seg\\Workspace01\\LCD.cydsn\\PSOC_LCD.h"
 587              		.file 9 "Generated_Source\\PSoC5/DIS_0.h"
 588              		.file 10 "Generated_Source\\PSoC5/DISPARADORES.h"
 589              		.file 11 "Generated_Source\\PSoC5/CyLib.h"
 590              		.file 12 "Generated_Source\\PSoC5/DIS_1.h"
 591              		.file 13 "Generated_Source\\PSoC5/DIS_2.h"
 592              		.file 14 "Generated_Source\\PSoC5/sensado.h"
 593              		.file 15 "Generated_Source\\PSoC5/SPIM.h"
 594              		.file 16 "Generated_Source\\PSoC5/Timer_0.h"
 595              		.file 17 "Generated_Source\\PSoC5/Timer_1.h"
 596              		.file 18 "Generated_Source\\PSoC5/Timer_2.h"
 597              		.file 19 "Generated_Source\\PSoC5/SAMPLING.h"
 598              		.file 20 "c:\\program files (x86)\\cypress\\psoc creator\\4.4\\psoc creator\\import\\gnu\\arm\\5.4
 599              		.file 21 "D:\\GITHUB\\Librerias_PSOC\\Libreria_PSOC\\LIB_psoc.h"
 600              		.section	.debug_info,"",%progbits
 601              	.Ldebug_info0:
 602 0000 3B070000 		.4byte	0x73b
 603 0004 0400     		.2byte	0x4
 604 0006 00000000 		.4byte	.Ldebug_abbrev0
 605 000a 04       		.byte	0x4
 606 000b 01       		.uleb128 0x1
 607 000c 11040000 		.4byte	.LASF74
 608 0010 0C       		.byte	0xc
 609 0011 83030000 		.4byte	.LASF75
 610 0015 14030000 		.4byte	.LASF76
 611 0019 00000000 		.4byte	.Ldebug_ranges0+0
 612 001d 00000000 		.4byte	0
 613 0021 00000000 		.4byte	.Ldebug_line0
 614 0025 02       		.uleb128 0x2
 615 0026 01       		.byte	0x1
 616 0027 06       		.byte	0x6
 617 0028 FF010000 		.4byte	.LASF0
 618 002c 03       		.uleb128 0x3
 619 002d B1040000 		.4byte	.LASF3
 620 0031 02       		.byte	0x2
 621 0032 1D       		.byte	0x1d
 622 0033 37000000 		.4byte	0x37
 623 0037 02       		.uleb128 0x2
 624 0038 01       		.byte	0x1
 625 0039 08       		.byte	0x8
 626 003a DE010000 		.4byte	.LASF1
 627 003e 02       		.uleb128 0x2
 628 003f 02       		.byte	0x2
 629 0040 05       		.byte	0x5
 630 0041 45000000 		.4byte	.LASF2
 631 0045 03       		.uleb128 0x3
 632 0046 A6000000 		.4byte	.LASF4
 633 004a 02       		.byte	0x2
ARM GAS  C:\Users\adria\AppData\Local\Temp\cc4tpiAc.s 			page 15


 634 004b 2B       		.byte	0x2b
 635 004c 50000000 		.4byte	0x50
 636 0050 02       		.uleb128 0x2
 637 0051 02       		.byte	0x2
 638 0052 07       		.byte	0x7
 639 0053 63020000 		.4byte	.LASF5
 640 0057 03       		.uleb128 0x3
 641 0058 CE030000 		.4byte	.LASF6
 642 005c 02       		.byte	0x2
 643 005d 3F       		.byte	0x3f
 644 005e 62000000 		.4byte	0x62
 645 0062 02       		.uleb128 0x2
 646 0063 04       		.byte	0x4
 647 0064 05       		.byte	0x5
 648 0065 59010000 		.4byte	.LASF7
 649 0069 02       		.uleb128 0x2
 650 006a 04       		.byte	0x4
 651 006b 07       		.byte	0x7
 652 006c 8A030000 		.4byte	.LASF8
 653 0070 02       		.uleb128 0x2
 654 0071 08       		.byte	0x8
 655 0072 05       		.byte	0x5
 656 0073 38010000 		.4byte	.LASF9
 657 0077 02       		.uleb128 0x2
 658 0078 08       		.byte	0x8
 659 0079 07       		.byte	0x7
 660 007a 0B020000 		.4byte	.LASF10
 661 007e 04       		.uleb128 0x4
 662 007f 04       		.byte	0x4
 663 0080 05       		.byte	0x5
 664 0081 696E7400 		.ascii	"int\000"
 665 0085 02       		.uleb128 0x2
 666 0086 04       		.byte	0x4
 667 0087 07       		.byte	0x7
 668 0088 22020000 		.4byte	.LASF11
 669 008c 03       		.uleb128 0x3
 670 008d E5000000 		.4byte	.LASF12
 671 0091 03       		.byte	0x3
 672 0092 18       		.byte	0x18
 673 0093 2C000000 		.4byte	0x2c
 674 0097 03       		.uleb128 0x3
 675 0098 3F020000 		.4byte	.LASF13
 676 009c 03       		.byte	0x3
 677 009d 24       		.byte	0x24
 678 009e 45000000 		.4byte	0x45
 679 00a2 03       		.uleb128 0x3
 680 00a3 AD020000 		.4byte	.LASF14
 681 00a7 03       		.byte	0x3
 682 00a8 2C       		.byte	0x2c
 683 00a9 57000000 		.4byte	0x57
 684 00ad 02       		.uleb128 0x2
 685 00ae 04       		.byte	0x4
 686 00af 04       		.byte	0x4
 687 00b0 23010000 		.4byte	.LASF15
 688 00b4 02       		.uleb128 0x2
 689 00b5 08       		.byte	0x8
 690 00b6 04       		.byte	0x4
ARM GAS  C:\Users\adria\AppData\Local\Temp\cc4tpiAc.s 			page 16


 691 00b7 EF030000 		.4byte	.LASF16
 692 00bb 02       		.uleb128 0x2
 693 00bc 01       		.byte	0x1
 694 00bd 08       		.byte	0x8
 695 00be 8A020000 		.4byte	.LASF17
 696 00c2 02       		.uleb128 0x2
 697 00c3 08       		.byte	0x8
 698 00c4 04       		.byte	0x4
 699 00c5 B7010000 		.4byte	.LASF18
 700 00c9 02       		.uleb128 0x2
 701 00ca 04       		.byte	0x4
 702 00cb 07       		.byte	0x7
 703 00cc 62000000 		.4byte	.LASF19
 704 00d0 05       		.uleb128 0x5
 705 00d1 99000000 		.4byte	.LASF24
 706 00d5 0C       		.byte	0xc
 707 00d6 04       		.byte	0x4
 708 00d7 16       		.byte	0x16
 709 00d8 0D010000 		.4byte	0x10d
 710 00dc 06       		.uleb128 0x6
 711 00dd 5B020000 		.4byte	.LASF20
 712 00e1 04       		.byte	0x4
 713 00e2 17       		.byte	0x17
 714 00e3 97000000 		.4byte	0x97
 715 00e7 00       		.byte	0
 716 00e8 06       		.uleb128 0x6
 717 00e9 00000000 		.4byte	.LASF21
 718 00ed 04       		.byte	0x4
 719 00ee 18       		.byte	0x18
 720 00ef 8C000000 		.4byte	0x8c
 721 00f3 02       		.byte	0x2
 722 00f4 06       		.uleb128 0x6
 723 00f5 C2030000 		.4byte	.LASF22
 724 00f9 04       		.byte	0x4
 725 00fa 1A       		.byte	0x1a
 726 00fb 97000000 		.4byte	0x97
 727 00ff 04       		.byte	0x4
 728 0100 06       		.uleb128 0x6
 729 0101 AE030000 		.4byte	.LASF23
 730 0105 04       		.byte	0x4
 731 0106 1B       		.byte	0x1b
 732 0107 AD000000 		.4byte	0xad
 733 010b 08       		.byte	0x8
 734 010c 00       		.byte	0
 735 010d 05       		.uleb128 0x5
 736 010e C1000000 		.4byte	.LASF25
 737 0112 0C       		.byte	0xc
 738 0113 04       		.byte	0x4
 739 0114 1F       		.byte	0x1f
 740 0115 26010000 		.4byte	0x126
 741 0119 06       		.uleb128 0x6
 742 011a EB020000 		.4byte	.LASF26
 743 011e 04       		.byte	0x4
 744 011f 20       		.byte	0x20
 745 0120 D0000000 		.4byte	0xd0
 746 0124 00       		.byte	0
 747 0125 00       		.byte	0
ARM GAS  C:\Users\adria\AppData\Local\Temp\cc4tpiAc.s 			page 17


 748 0126 07       		.uleb128 0x7
 749 0127 C9000000 		.4byte	.LASF27
 750 012b 01       		.byte	0x1
 751 012c 0E       		.byte	0xe
 752 012d 00000000 		.4byte	.LFB64
 753 0131 F0000000 		.4byte	.LFE64-.LFB64
 754 0135 01       		.uleb128 0x1
 755 0136 9C       		.byte	0x9c
 756 0137 82010000 		.4byte	0x182
 757 013b 08       		.uleb128 0x8
 758 013c 06000000 		.4byte	.LVL0
 759 0140 C8050000 		.4byte	0x5c8
 760 0144 08       		.uleb128 0x8
 761 0145 0E000000 		.4byte	.LVL1
 762 0149 D3050000 		.4byte	0x5d3
 763 014d 09       		.uleb128 0x9
 764 014e 72000000 		.4byte	.LVL8
 765 0152 DE050000 		.4byte	0x5de
 766 0156 65010000 		.4byte	0x165
 767 015a 0A       		.uleb128 0xa
 768 015b 01       		.uleb128 0x1
 769 015c 50       		.byte	0x50
 770 015d 01       		.uleb128 0x1
 771 015e 31       		.byte	0x31
 772 015f 0A       		.uleb128 0xa
 773 0160 01       		.uleb128 0x1
 774 0161 51       		.byte	0x51
 775 0162 01       		.uleb128 0x1
 776 0163 3A       		.byte	0x3a
 777 0164 00       		.byte	0
 778 0165 08       		.uleb128 0x8
 779 0166 7C000000 		.4byte	.LVL10
 780 016a E9050000 		.4byte	0x5e9
 781 016e 0B       		.uleb128 0xb
 782 016f 82000000 		.4byte	.LVL11
 783 0173 F4050000 		.4byte	0x5f4
 784 0177 0A       		.uleb128 0xa
 785 0178 01       		.uleb128 0x1
 786 0179 50       		.byte	0x50
 787 017a 05       		.uleb128 0x5
 788 017b 03       		.byte	0x3
 789 017c 00000000 		.4byte	.LC0
 790 0180 00       		.byte	0
 791 0181 00       		.byte	0
 792 0182 0C       		.uleb128 0xc
 793 0183 9C030000 		.4byte	.LASF28
 794 0187 01       		.byte	0x1
 795 0188 30       		.byte	0x30
 796 0189 00000000 		.4byte	.LFB65
 797 018d 28000000 		.4byte	.LFE65-.LFB65
 798 0191 01       		.uleb128 0x1
 799 0192 9C       		.byte	0x9c
 800 0193 D8010000 		.4byte	0x1d8
 801 0197 08       		.uleb128 0x8
 802 0198 06000000 		.4byte	.LVL18
 803 019c FF050000 		.4byte	0x5ff
 804 01a0 08       		.uleb128 0x8
ARM GAS  C:\Users\adria\AppData\Local\Temp\cc4tpiAc.s 			page 18


 805 01a1 0A000000 		.4byte	.LVL19
 806 01a5 0A060000 		.4byte	0x60a
 807 01a9 08       		.uleb128 0x8
 808 01aa 14000000 		.4byte	.LVL20
 809 01ae 15060000 		.4byte	0x615
 810 01b2 09       		.uleb128 0x9
 811 01b3 1A000000 		.4byte	.LVL21
 812 01b7 20060000 		.4byte	0x620
 813 01bb C5010000 		.4byte	0x1c5
 814 01bf 0A       		.uleb128 0xa
 815 01c0 01       		.uleb128 0x1
 816 01c1 50       		.byte	0x50
 817 01c2 01       		.uleb128 0x1
 818 01c3 3A       		.byte	0x3a
 819 01c4 00       		.byte	0
 820 01c5 08       		.uleb128 0x8
 821 01c6 1E000000 		.4byte	.LVL22
 822 01ca 0A060000 		.4byte	0x60a
 823 01ce 08       		.uleb128 0x8
 824 01cf 26000000 		.4byte	.LVL23
 825 01d3 15060000 		.4byte	0x615
 826 01d7 00       		.byte	0
 827 01d8 0C       		.uleb128 0xc
 828 01d9 A2030000 		.4byte	.LASF29
 829 01dd 01       		.byte	0x1
 830 01de 38       		.byte	0x38
 831 01df 00000000 		.4byte	.LFB66
 832 01e3 28000000 		.4byte	.LFE66-.LFB66
 833 01e7 01       		.uleb128 0x1
 834 01e8 9C       		.byte	0x9c
 835 01e9 2E020000 		.4byte	0x22e
 836 01ed 08       		.uleb128 0x8
 837 01ee 06000000 		.4byte	.LVL24
 838 01f2 2B060000 		.4byte	0x62b
 839 01f6 08       		.uleb128 0x8
 840 01f7 0A000000 		.4byte	.LVL25
 841 01fb 0A060000 		.4byte	0x60a
 842 01ff 08       		.uleb128 0x8
 843 0200 14000000 		.4byte	.LVL26
 844 0204 15060000 		.4byte	0x615
 845 0208 09       		.uleb128 0x9
 846 0209 1A000000 		.4byte	.LVL27
 847 020d 20060000 		.4byte	0x620
 848 0211 1B020000 		.4byte	0x21b
 849 0215 0A       		.uleb128 0xa
 850 0216 01       		.uleb128 0x1
 851 0217 50       		.byte	0x50
 852 0218 01       		.uleb128 0x1
 853 0219 3A       		.byte	0x3a
 854 021a 00       		.byte	0
 855 021b 08       		.uleb128 0x8
 856 021c 1E000000 		.4byte	.LVL28
 857 0220 0A060000 		.4byte	0x60a
 858 0224 08       		.uleb128 0x8
 859 0225 26000000 		.4byte	.LVL29
 860 0229 15060000 		.4byte	0x615
 861 022d 00       		.byte	0
ARM GAS  C:\Users\adria\AppData\Local\Temp\cc4tpiAc.s 			page 19


 862 022e 0C       		.uleb128 0xc
 863 022f A8030000 		.4byte	.LASF30
 864 0233 01       		.byte	0x1
 865 0234 40       		.byte	0x40
 866 0235 00000000 		.4byte	.LFB67
 867 0239 28000000 		.4byte	.LFE67-.LFB67
 868 023d 01       		.uleb128 0x1
 869 023e 9C       		.byte	0x9c
 870 023f 84020000 		.4byte	0x284
 871 0243 08       		.uleb128 0x8
 872 0244 06000000 		.4byte	.LVL30
 873 0248 36060000 		.4byte	0x636
 874 024c 08       		.uleb128 0x8
 875 024d 0A000000 		.4byte	.LVL31
 876 0251 0A060000 		.4byte	0x60a
 877 0255 08       		.uleb128 0x8
 878 0256 14000000 		.4byte	.LVL32
 879 025a 15060000 		.4byte	0x615
 880 025e 09       		.uleb128 0x9
 881 025f 1A000000 		.4byte	.LVL33
 882 0263 20060000 		.4byte	0x620
 883 0267 71020000 		.4byte	0x271
 884 026b 0A       		.uleb128 0xa
 885 026c 01       		.uleb128 0x1
 886 026d 50       		.byte	0x50
 887 026e 01       		.uleb128 0x1
 888 026f 3A       		.byte	0x3a
 889 0270 00       		.byte	0
 890 0271 08       		.uleb128 0x8
 891 0272 1E000000 		.4byte	.LVL34
 892 0276 0A060000 		.4byte	0x60a
 893 027a 08       		.uleb128 0x8
 894 027b 26000000 		.4byte	.LVL35
 895 027f 15060000 		.4byte	0x615
 896 0283 00       		.byte	0
 897 0284 0C       		.uleb128 0xc
 898 0285 C9020000 		.4byte	.LASF31
 899 0289 01       		.byte	0x1
 900 028a 4A       		.byte	0x4a
 901 028b 00000000 		.4byte	.LFB68
 902 028f 14000000 		.4byte	.LFE68-.LFB68
 903 0293 01       		.uleb128 0x1
 904 0294 9C       		.byte	0x9c
 905 0295 A3020000 		.4byte	0x2a3
 906 0299 08       		.uleb128 0x8
 907 029a 06000000 		.4byte	.LVL36
 908 029e 41060000 		.4byte	0x641
 909 02a2 00       		.byte	0
 910 02a3 0D       		.uleb128 0xd
 911 02a4 86000000 		.4byte	.LASF77
 912 02a8 01       		.byte	0x1
 913 02a9 50       		.byte	0x50
 914 02aa 7E000000 		.4byte	0x7e
 915 02ae 00000000 		.4byte	.LFB69
 916 02b2 24010000 		.4byte	.LFE69-.LFB69
 917 02b6 01       		.uleb128 0x1
 918 02b7 9C       		.byte	0x9c
ARM GAS  C:\Users\adria\AppData\Local\Temp\cc4tpiAc.s 			page 20


 919 02b8 45050000 		.4byte	0x545
 920 02bc 0E       		.uleb128 0xe
 921 02bd D1020000 		.4byte	.LASF32
 922 02c1 01       		.byte	0x1
 923 02c2 78       		.byte	0x78
 924 02c3 0D010000 		.4byte	0x10d
 925 02c7 02       		.uleb128 0x2
 926 02c8 91       		.byte	0x91
 927 02c9 64       		.sleb128 -28
 928 02ca 0F       		.uleb128 0xf
 929 02cb 94010000 		.4byte	.LASF33
 930 02cf 01       		.byte	0x1
 931 02d0 7B       		.byte	0x7b
 932 02d1 AD000000 		.4byte	0xad
 933 02d5 00000000 		.4byte	.LLST0
 934 02d9 10       		.uleb128 0x10
 935 02da 6F757400 		.ascii	"out\000"
 936 02de 01       		.byte	0x1
 937 02df 7C       		.byte	0x7c
 938 02e0 AD000000 		.4byte	0xad
 939 02e4 13000000 		.4byte	.LLST1
 940 02e8 0F       		.uleb128 0xf
 941 02e9 33010000 		.4byte	.LASF34
 942 02ed 01       		.byte	0x1
 943 02ee 7D       		.byte	0x7d
 944 02ef AD000000 		.4byte	0xad
 945 02f3 26000000 		.4byte	.LLST2
 946 02f7 0E       		.uleb128 0xe
 947 02f8 2F000000 		.4byte	.LASF35
 948 02fc 01       		.byte	0x1
 949 02fd 7F       		.byte	0x7f
 950 02fe 8C000000 		.4byte	0x8c
 951 0302 01       		.uleb128 0x1
 952 0303 54       		.byte	0x54
 953 0304 0E       		.uleb128 0xe
 954 0305 D8030000 		.4byte	.LASF36
 955 0309 01       		.byte	0x1
 956 030a 80       		.byte	0x80
 957 030b 45050000 		.4byte	0x545
 958 030f 02       		.uleb128 0x2
 959 0310 91       		.byte	0x91
 960 0311 54       		.sleb128 -44
 961 0312 08       		.uleb128 0x8
 962 0313 0A000000 		.4byte	.LVL37
 963 0317 4C060000 		.4byte	0x64c
 964 031b 08       		.uleb128 0x8
 965 031c 0E000000 		.4byte	.LVL38
 966 0320 57060000 		.4byte	0x657
 967 0324 08       		.uleb128 0x8
 968 0325 12000000 		.4byte	.LVL39
 969 0329 62060000 		.4byte	0x662
 970 032d 08       		.uleb128 0x8
 971 032e 16000000 		.4byte	.LVL40
 972 0332 6D060000 		.4byte	0x66d
 973 0336 08       		.uleb128 0x8
 974 0337 1A000000 		.4byte	.LVL41
 975 033b 78060000 		.4byte	0x678
ARM GAS  C:\Users\adria\AppData\Local\Temp\cc4tpiAc.s 			page 21


 976 033f 08       		.uleb128 0x8
 977 0340 1E000000 		.4byte	.LVL42
 978 0344 83060000 		.4byte	0x683
 979 0348 08       		.uleb128 0x8
 980 0349 22000000 		.4byte	.LVL43
 981 034d 8E060000 		.4byte	0x68e
 982 0351 09       		.uleb128 0x9
 983 0352 28000000 		.4byte	.LVL44
 984 0356 99060000 		.4byte	0x699
 985 035a 68030000 		.4byte	0x368
 986 035e 0A       		.uleb128 0xa
 987 035f 01       		.uleb128 0x1
 988 0360 50       		.byte	0x50
 989 0361 05       		.uleb128 0x5
 990 0362 03       		.byte	0x3
 991 0363 00000000 		.4byte	DIS_0
 992 0367 00       		.byte	0
 993 0368 08       		.uleb128 0x8
 994 0369 2C000000 		.4byte	.LVL45
 995 036d FF050000 		.4byte	0x5ff
 996 0371 09       		.uleb128 0x9
 997 0372 32000000 		.4byte	.LVL46
 998 0376 A4060000 		.4byte	0x6a4
 999 037a 88030000 		.4byte	0x388
 1000 037e 0A       		.uleb128 0xa
 1001 037f 01       		.uleb128 0x1
 1002 0380 50       		.byte	0x50
 1003 0381 05       		.uleb128 0x5
 1004 0382 03       		.byte	0x3
 1005 0383 00000000 		.4byte	DIS_1
 1006 0387 00       		.byte	0
 1007 0388 08       		.uleb128 0x8
 1008 0389 36000000 		.4byte	.LVL47
 1009 038d 2B060000 		.4byte	0x62b
 1010 0391 09       		.uleb128 0x9
 1011 0392 3C000000 		.4byte	.LVL48
 1012 0396 AF060000 		.4byte	0x6af
 1013 039a A8030000 		.4byte	0x3a8
 1014 039e 0A       		.uleb128 0xa
 1015 039f 01       		.uleb128 0x1
 1016 03a0 50       		.byte	0x50
 1017 03a1 05       		.uleb128 0x5
 1018 03a2 03       		.byte	0x3
 1019 03a3 00000000 		.4byte	DIS_2
 1020 03a7 00       		.byte	0
 1021 03a8 08       		.uleb128 0x8
 1022 03a9 40000000 		.4byte	.LVL49
 1023 03ad 36060000 		.4byte	0x636
 1024 03b1 08       		.uleb128 0x8
 1025 03b2 44000000 		.4byte	.LVL50
 1026 03b6 BA060000 		.4byte	0x6ba
 1027 03ba 09       		.uleb128 0x9
 1028 03bb 4A000000 		.4byte	.LVL51
 1029 03bf C5060000 		.4byte	0x6c5
 1030 03c3 D1030000 		.4byte	0x3d1
 1031 03c7 0A       		.uleb128 0xa
 1032 03c8 01       		.uleb128 0x1
ARM GAS  C:\Users\adria\AppData\Local\Temp\cc4tpiAc.s 			page 22


 1033 03c9 50       		.byte	0x50
 1034 03ca 05       		.uleb128 0x5
 1035 03cb 03       		.byte	0x3
 1036 03cc 00000000 		.4byte	sensado
 1037 03d0 00       		.byte	0
 1038 03d1 08       		.uleb128 0x8
 1039 03d2 4E000000 		.4byte	.LVL52
 1040 03d6 41060000 		.4byte	0x641
 1041 03da 09       		.uleb128 0x9
 1042 03db 54000000 		.4byte	.LVL53
 1043 03df D0060000 		.4byte	0x6d0
 1044 03e3 F1030000 		.4byte	0x3f1
 1045 03e7 0A       		.uleb128 0xa
 1046 03e8 01       		.uleb128 0x1
 1047 03e9 50       		.byte	0x50
 1048 03ea 05       		.uleb128 0x5
 1049 03eb 03       		.byte	0x3
 1050 03ec 00000000 		.4byte	isr_setpoint
 1051 03f0 00       		.byte	0
 1052 03f1 08       		.uleb128 0x8
 1053 03f2 58000000 		.4byte	.LVL54
 1054 03f6 C8050000 		.4byte	0x5c8
 1055 03fa 08       		.uleb128 0x8
 1056 03fb 5C000000 		.4byte	.LVL55
 1057 03ff DB060000 		.4byte	0x6db
 1058 0403 08       		.uleb128 0x8
 1059 0404 60000000 		.4byte	.LVL56
 1060 0408 E6060000 		.4byte	0x6e6
 1061 040c 09       		.uleb128 0x9
 1062 040d 68000000 		.4byte	.LVL57
 1063 0411 DE050000 		.4byte	0x5de
 1064 0415 24040000 		.4byte	0x424
 1065 0419 0A       		.uleb128 0xa
 1066 041a 01       		.uleb128 0x1
 1067 041b 50       		.byte	0x50
 1068 041c 01       		.uleb128 0x1
 1069 041d 30       		.byte	0x30
 1070 041e 0A       		.uleb128 0xa
 1071 041f 01       		.uleb128 0x1
 1072 0420 51       		.byte	0x51
 1073 0421 01       		.uleb128 0x1
 1074 0422 30       		.byte	0x30
 1075 0423 00       		.byte	0
 1076 0424 09       		.uleb128 0x9
 1077 0425 6E000000 		.4byte	.LVL58
 1078 0429 F4050000 		.4byte	0x5f4
 1079 042d 3B040000 		.4byte	0x43b
 1080 0431 0A       		.uleb128 0xa
 1081 0432 01       		.uleb128 0x1
 1082 0433 50       		.byte	0x50
 1083 0434 05       		.uleb128 0x5
 1084 0435 03       		.byte	0x3
 1085 0436 04000000 		.4byte	.LC1
 1086 043a 00       		.byte	0
 1087 043b 09       		.uleb128 0x9
 1088 043c 76000000 		.4byte	.LVL59
 1089 0440 DE050000 		.4byte	0x5de
ARM GAS  C:\Users\adria\AppData\Local\Temp\cc4tpiAc.s 			page 23


 1090 0444 53040000 		.4byte	0x453
 1091 0448 0A       		.uleb128 0xa
 1092 0449 01       		.uleb128 0x1
 1093 044a 50       		.byte	0x50
 1094 044b 01       		.uleb128 0x1
 1095 044c 31       		.byte	0x31
 1096 044d 0A       		.uleb128 0xa
 1097 044e 01       		.uleb128 0x1
 1098 044f 51       		.byte	0x51
 1099 0450 01       		.uleb128 0x1
 1100 0451 30       		.byte	0x30
 1101 0452 00       		.byte	0
 1102 0453 09       		.uleb128 0x9
 1103 0454 7C000000 		.4byte	.LVL60
 1104 0458 F4050000 		.4byte	0x5f4
 1105 045c 6A040000 		.4byte	0x46a
 1106 0460 0A       		.uleb128 0xa
 1107 0461 01       		.uleb128 0x1
 1108 0462 50       		.byte	0x50
 1109 0463 05       		.uleb128 0x5
 1110 0464 03       		.byte	0x3
 1111 0465 0C000000 		.4byte	.LC2
 1112 0469 00       		.byte	0
 1113 046a 09       		.uleb128 0x9
 1114 046b 90000000 		.4byte	.LVL61
 1115 046f F1060000 		.4byte	0x6f1
 1116 0473 7E040000 		.4byte	0x47e
 1117 0477 0A       		.uleb128 0xa
 1118 0478 01       		.uleb128 0x1
 1119 0479 50       		.byte	0x50
 1120 047a 02       		.uleb128 0x2
 1121 047b 91       		.byte	0x91
 1122 047c 64       		.sleb128 -28
 1123 047d 00       		.byte	0
 1124 047e 09       		.uleb128 0x9
 1125 047f A0000000 		.4byte	.LVL63
 1126 0483 FC060000 		.4byte	0x6fc
 1127 0487 9B040000 		.4byte	0x49b
 1128 048b 0A       		.uleb128 0xa
 1129 048c 01       		.uleb128 0x1
 1130 048d 50       		.byte	0x50
 1131 048e 02       		.uleb128 0x2
 1132 048f 91       		.byte	0x91
 1133 0490 54       		.sleb128 -44
 1134 0491 0A       		.uleb128 0xa
 1135 0492 01       		.uleb128 0x1
 1136 0493 51       		.byte	0x51
 1137 0494 05       		.uleb128 0x5
 1138 0495 03       		.byte	0x3
 1139 0496 18000000 		.4byte	.LC3
 1140 049a 00       		.byte	0
 1141 049b 09       		.uleb128 0x9
 1142 049c A6000000 		.4byte	.LVL64
 1143 04a0 07070000 		.4byte	0x707
 1144 04a4 AF040000 		.4byte	0x4af
 1145 04a8 0A       		.uleb128 0xa
 1146 04a9 01       		.uleb128 0x1
ARM GAS  C:\Users\adria\AppData\Local\Temp\cc4tpiAc.s 			page 24


 1147 04aa 50       		.byte	0x50
 1148 04ab 02       		.uleb128 0x2
 1149 04ac 91       		.byte	0x91
 1150 04ad 54       		.sleb128 -44
 1151 04ae 00       		.byte	0
 1152 04af 09       		.uleb128 0x9
 1153 04b0 AE000000 		.4byte	.LVL65
 1154 04b4 DE050000 		.4byte	0x5de
 1155 04b8 C7040000 		.4byte	0x4c7
 1156 04bc 0A       		.uleb128 0xa
 1157 04bd 01       		.uleb128 0x1
 1158 04be 50       		.byte	0x50
 1159 04bf 01       		.uleb128 0x1
 1160 04c0 30       		.byte	0x30
 1161 04c1 0A       		.uleb128 0xa
 1162 04c2 01       		.uleb128 0x1
 1163 04c3 51       		.byte	0x51
 1164 04c4 01       		.uleb128 0x1
 1165 04c5 3A       		.byte	0x3a
 1166 04c6 00       		.byte	0
 1167 04c7 08       		.uleb128 0x8
 1168 04c8 B8000000 		.4byte	.LVL66
 1169 04cc E9050000 		.4byte	0x5e9
 1170 04d0 09       		.uleb128 0x9
 1171 04d1 BE000000 		.4byte	.LVL67
 1172 04d5 F4050000 		.4byte	0x5f4
 1173 04d9 E7040000 		.4byte	0x4e7
 1174 04dd 0A       		.uleb128 0xa
 1175 04de 01       		.uleb128 0x1
 1176 04df 50       		.byte	0x50
 1177 04e0 05       		.uleb128 0x5
 1178 04e1 03       		.byte	0x3
 1179 04e2 20000000 		.4byte	.LC4
 1180 04e6 00       		.byte	0
 1181 04e7 09       		.uleb128 0x9
 1182 04e8 E0000000 		.4byte	.LVL71
 1183 04ec 12070000 		.4byte	0x712
 1184 04f0 0C050000 		.4byte	0x50c
 1185 04f4 0A       		.uleb128 0xa
 1186 04f5 01       		.uleb128 0x1
 1187 04f6 51       		.byte	0x51
 1188 04f7 01       		.uleb128 0x1
 1189 04f8 30       		.byte	0x30
 1190 04f9 0A       		.uleb128 0xa
 1191 04fa 01       		.uleb128 0x1
 1192 04fb 52       		.byte	0x52
 1193 04fc 02       		.uleb128 0x2
 1194 04fd 08       		.byte	0x8
 1195 04fe DC       		.byte	0xdc
 1196 04ff 0A       		.uleb128 0xa
 1197 0500 01       		.uleb128 0x1
 1198 0501 53       		.byte	0x53
 1199 0502 01       		.uleb128 0x1
 1200 0503 32       		.byte	0x32
 1201 0504 0A       		.uleb128 0xa
 1202 0505 02       		.uleb128 0x2
 1203 0506 7D       		.byte	0x7d
ARM GAS  C:\Users\adria\AppData\Local\Temp\cc4tpiAc.s 			page 25


 1204 0507 00       		.sleb128 0
 1205 0508 02       		.uleb128 0x2
 1206 0509 08       		.byte	0x8
 1207 050a FF       		.byte	0xff
 1208 050b 00       		.byte	0
 1209 050c 09       		.uleb128 0x9
 1210 050d E8000000 		.4byte	.LVL73
 1211 0511 1D070000 		.4byte	0x71d
 1212 0515 20050000 		.4byte	0x520
 1213 0519 0A       		.uleb128 0xa
 1214 051a 01       		.uleb128 0x1
 1215 051b 50       		.byte	0x50
 1216 051c 02       		.uleb128 0x2
 1217 051d 74       		.byte	0x74
 1218 051e 00       		.sleb128 0
 1219 051f 00       		.byte	0
 1220 0520 09       		.uleb128 0x9
 1221 0521 EE000000 		.4byte	.LVL74
 1222 0525 28070000 		.4byte	0x728
 1223 0529 34050000 		.4byte	0x534
 1224 052d 0A       		.uleb128 0xa
 1225 052e 01       		.uleb128 0x1
 1226 052f 50       		.byte	0x50
 1227 0530 02       		.uleb128 0x2
 1228 0531 74       		.byte	0x74
 1229 0532 00       		.sleb128 0
 1230 0533 00       		.byte	0
 1231 0534 0B       		.uleb128 0xb
 1232 0535 F4000000 		.4byte	.LVL75
 1233 0539 33070000 		.4byte	0x733
 1234 053d 0A       		.uleb128 0xa
 1235 053e 01       		.uleb128 0x1
 1236 053f 50       		.byte	0x50
 1237 0540 02       		.uleb128 0x2
 1238 0541 74       		.byte	0x74
 1239 0542 00       		.sleb128 0
 1240 0543 00       		.byte	0
 1241 0544 00       		.byte	0
 1242 0545 11       		.uleb128 0x11
 1243 0546 BB000000 		.4byte	0xbb
 1244 054a 55050000 		.4byte	0x555
 1245 054e 12       		.uleb128 0x12
 1246 054f C9000000 		.4byte	0xc9
 1247 0553 0F       		.byte	0xf
 1248 0554 00       		.byte	0
 1249 0555 13       		.uleb128 0x13
 1250 0556 04040000 		.4byte	.LASF37
 1251 055a 05       		.byte	0x5
 1252 055b 1207     		.2byte	0x712
 1253 055d 61050000 		.4byte	0x561
 1254 0561 14       		.uleb128 0x14
 1255 0562 A2000000 		.4byte	0xa2
 1256 0566 15       		.uleb128 0x15
 1257 0567 4B7000   		.ascii	"Kp\000"
 1258 056a 01       		.byte	0x1
 1259 056b 09       		.byte	0x9
 1260 056c AD000000 		.4byte	0xad
ARM GAS  C:\Users\adria\AppData\Local\Temp\cc4tpiAc.s 			page 26


 1261 0570 05       		.uleb128 0x5
 1262 0571 03       		.byte	0x3
 1263 0572 00000000 		.4byte	Kp
 1264 0576 16       		.uleb128 0x16
 1265 0577 FB030000 		.4byte	.LASF38
 1266 057b 01       		.byte	0x1
 1267 057c 0A       		.byte	0xa
 1268 057d AD000000 		.4byte	0xad
 1269 0581 05       		.uleb128 0x5
 1270 0582 03       		.byte	0x3
 1271 0583 00000000 		.4byte	setpoint
 1272 0587 11       		.uleb128 0x11
 1273 0588 BB000000 		.4byte	0xbb
 1274 058c 97050000 		.4byte	0x597
 1275 0590 12       		.uleb128 0x12
 1276 0591 C9000000 		.4byte	0xc9
 1277 0595 03       		.byte	0x3
 1278 0596 00       		.byte	0
 1279 0597 16       		.uleb128 0x16
 1280 0598 29010000 		.4byte	.LASF39
 1281 059c 01       		.byte	0x1
 1282 059d 0C       		.byte	0xc
 1283 059e 87050000 		.4byte	0x587
 1284 05a2 05       		.uleb128 0x5
 1285 05a3 03       		.byte	0x3
 1286 05a4 00000000 		.4byte	buffer_Rx
 1287 05a8 15       		.uleb128 0x15
 1288 05a9 6900     		.ascii	"i\000"
 1289 05ab 01       		.byte	0x1
 1290 05ac 0D       		.byte	0xd
 1291 05ad 8C000000 		.4byte	0x8c
 1292 05b1 05       		.uleb128 0x5
 1293 05b2 03       		.byte	0x3
 1294 05b3 00000000 		.4byte	i
 1295 05b7 16       		.uleb128 0x16
 1296 05b8 F6030000 		.4byte	.LASF40
 1297 05bc 01       		.byte	0x1
 1298 05bd 49       		.byte	0x49
 1299 05be 8C000000 		.4byte	0x8c
 1300 05c2 05       		.uleb128 0x5
 1301 05c3 03       		.byte	0x3
 1302 05c4 00000000 		.4byte	flag
 1303 05c8 17       		.uleb128 0x17
 1304 05c9 15000000 		.4byte	.LASF41
 1305 05cd 15000000 		.4byte	.LASF41
 1306 05d1 06       		.byte	0x6
 1307 05d2 28       		.byte	0x28
 1308 05d3 17       		.uleb128 0x17
 1309 05d4 08000000 		.4byte	.LASF42
 1310 05d8 08000000 		.4byte	.LASF42
 1311 05dc 07       		.byte	0x7
 1312 05dd 72       		.byte	0x72
 1313 05de 17       		.uleb128 0x17
 1314 05df E2030000 		.4byte	.LASF43
 1315 05e3 E2030000 		.4byte	.LASF43
 1316 05e7 08       		.byte	0x8
 1317 05e8 0B       		.byte	0xb
ARM GAS  C:\Users\adria\AppData\Local\Temp\cc4tpiAc.s 			page 27


 1318 05e9 17       		.uleb128 0x17
 1319 05ea B1000000 		.4byte	.LASF44
 1320 05ee B1000000 		.4byte	.LASF44
 1321 05f2 08       		.byte	0x8
 1322 05f3 10       		.byte	0x10
 1323 05f4 17       		.uleb128 0x17
 1324 05f5 2F020000 		.4byte	.LASF45
 1325 05f9 2F020000 		.4byte	.LASF45
 1326 05fd 08       		.byte	0x8
 1327 05fe 11       		.byte	0x11
 1328 05ff 17       		.uleb128 0x17
 1329 0600 48020000 		.4byte	.LASF46
 1330 0604 48020000 		.4byte	.LASF46
 1331 0608 09       		.byte	0x9
 1332 0609 28       		.byte	0x28
 1333 060a 17       		.uleb128 0x17
 1334 060b 9F040000 		.4byte	.LASF47
 1335 060f 9F040000 		.4byte	.LASF47
 1336 0613 0A       		.byte	0xa
 1337 0614 30       		.byte	0x30
 1338 0615 17       		.uleb128 0x17
 1339 0616 4F000000 		.4byte	.LASF48
 1340 061a 4F000000 		.4byte	.LASF48
 1341 061e 0A       		.byte	0xa
 1342 061f 2F       		.byte	0x2f
 1343 0620 17       		.uleb128 0x17
 1344 0621 D4010000 		.4byte	.LASF49
 1345 0625 D4010000 		.4byte	.LASF49
 1346 0629 0B       		.byte	0xb
 1347 062a 77       		.byte	0x77
 1348 062b 17       		.uleb128 0x17
 1349 062c A4010000 		.4byte	.LASF50
 1350 0630 A4010000 		.4byte	.LASF50
 1351 0634 0C       		.byte	0xc
 1352 0635 28       		.byte	0x28
 1353 0636 17       		.uleb128 0x17
 1354 0637 10010000 		.4byte	.LASF51
 1355 063b 10010000 		.4byte	.LASF51
 1356 063f 0D       		.byte	0xd
 1357 0640 28       		.byte	0x28
 1358 0641 17       		.uleb128 0x17
 1359 0642 F0020000 		.4byte	.LASF52
 1360 0646 F0020000 		.4byte	.LASF52
 1361 064a 0E       		.byte	0xe
 1362 064b 28       		.byte	0x28
 1363 064c 17       		.uleb128 0x17
 1364 064d A2020000 		.4byte	.LASF53
 1365 0651 A2020000 		.4byte	.LASF53
 1366 0655 07       		.byte	0x7
 1367 0656 54       		.byte	0x54
 1368 0657 17       		.uleb128 0x17
 1369 0658 46010000 		.4byte	.LASF54
 1370 065c 46010000 		.4byte	.LASF54
 1371 0660 07       		.byte	0x7
 1372 0661 8F       		.byte	0x8f
 1373 0662 17       		.uleb128 0x17
 1374 0663 8F020000 		.4byte	.LASF55
ARM GAS  C:\Users\adria\AppData\Local\Temp\cc4tpiAc.s 			page 28


 1375 0667 8F020000 		.4byte	.LASF55
 1376 066b 07       		.byte	0x7
 1377 066c 75       		.byte	0x75
 1378 066d 17       		.uleb128 0x17
 1379 066e EC010000 		.4byte	.LASF56
 1380 0672 EC010000 		.4byte	.LASF56
 1381 0676 0F       		.byte	0xf
 1382 0677 4D       		.byte	0x4d
 1383 0678 17       		.uleb128 0x17
 1384 0679 8B000000 		.4byte	.LASF57
 1385 067d 8B000000 		.4byte	.LASF57
 1386 0681 10       		.byte	0x10
 1387 0682 5A       		.byte	0x5a
 1388 0683 17       		.uleb128 0x17
 1389 0684 DD020000 		.4byte	.LASF58
 1390 0688 DD020000 		.4byte	.LASF58
 1391 068c 11       		.byte	0x11
 1392 068d 5A       		.byte	0x5a
 1393 068e 17       		.uleb128 0x17
 1394 068f ED000000 		.4byte	.LASF59
 1395 0693 ED000000 		.4byte	.LASF59
 1396 0697 12       		.byte	0x12
 1397 0698 5A       		.byte	0x5a
 1398 0699 17       		.uleb128 0x17
 1399 069a 37000000 		.4byte	.LASF60
 1400 069e 37000000 		.4byte	.LASF60
 1401 06a2 09       		.byte	0x9
 1402 06a3 18       		.byte	0x18
 1403 06a4 17       		.uleb128 0x17
 1404 06a5 78000000 		.4byte	.LASF61
 1405 06a9 78000000 		.4byte	.LASF61
 1406 06ad 0C       		.byte	0xc
 1407 06ae 18       		.byte	0x18
 1408 06af 17       		.uleb128 0x17
 1409 06b0 72010000 		.4byte	.LASF62
 1410 06b4 72010000 		.4byte	.LASF62
 1411 06b8 0D       		.byte	0xd
 1412 06b9 18       		.byte	0x18
 1413 06ba 17       		.uleb128 0x17
 1414 06bb 05030000 		.4byte	.LASF63
 1415 06bf 05030000 		.4byte	.LASF63
 1416 06c3 13       		.byte	0x13
 1417 06c4 5A       		.byte	0x5a
 1418 06c5 17       		.uleb128 0x17
 1419 06c6 62010000 		.4byte	.LASF64
 1420 06ca 62010000 		.4byte	.LASF64
 1421 06ce 0E       		.byte	0xe
 1422 06cf 18       		.byte	0x18
 1423 06d0 17       		.uleb128 0x17
 1424 06d1 FB000000 		.4byte	.LASF65
 1425 06d5 FB000000 		.4byte	.LASF65
 1426 06d9 06       		.byte	0x6
 1427 06da 18       		.byte	0x18
 1428 06db 17       		.uleb128 0x17
 1429 06dc 9A010000 		.4byte	.LASF66
 1430 06e0 9A010000 		.4byte	.LASF66
 1431 06e4 08       		.byte	0x8
ARM GAS  C:\Users\adria\AppData\Local\Temp\cc4tpiAc.s 			page 29


 1432 06e5 09       		.byte	0x9
 1433 06e6 17       		.uleb128 0x17
 1434 06e7 C3010000 		.4byte	.LASF67
 1435 06eb C3010000 		.4byte	.LASF67
 1436 06ef 08       		.byte	0x8
 1437 06f0 0A       		.byte	0xa
 1438 06f1 17       		.uleb128 0x17
 1439 06f2 6B000000 		.4byte	.LASF68
 1440 06f6 6B000000 		.4byte	.LASF68
 1441 06fa 04       		.byte	0x4
 1442 06fb 24       		.byte	0x24
 1443 06fc 17       		.uleb128 0x17
 1444 06fd F7010000 		.4byte	.LASF69
 1445 0701 F7010000 		.4byte	.LASF69
 1446 0705 14       		.byte	0x14
 1447 0706 E7       		.byte	0xe7
 1448 0707 17       		.uleb128 0x17
 1449 0708 D6000000 		.4byte	.LASF70
 1450 070c D6000000 		.4byte	.LASF70
 1451 0710 07       		.byte	0x7
 1452 0711 8B       		.byte	0x8b
 1453 0712 18       		.uleb128 0x18
 1454 0713 6D617000 		.ascii	"map\000"
 1455 0717 6D617000 		.ascii	"map\000"
 1456 071b 15       		.byte	0x15
 1457 071c 20       		.byte	0x20
 1458 071d 17       		.uleb128 0x17
 1459 071e 76020000 		.4byte	.LASF71
 1460 0722 76020000 		.4byte	.LASF71
 1461 0726 10       		.byte	0x10
 1462 0727 68       		.byte	0x68
 1463 0728 17       		.uleb128 0x17
 1464 0729 80010000 		.4byte	.LASF72
 1465 072d 80010000 		.4byte	.LASF72
 1466 0731 11       		.byte	0x11
 1467 0732 68       		.byte	0x68
 1468 0733 17       		.uleb128 0x17
 1469 0734 B5020000 		.4byte	.LASF73
 1470 0738 B5020000 		.4byte	.LASF73
 1471 073c 12       		.byte	0x12
 1472 073d 68       		.byte	0x68
 1473 073e 00       		.byte	0
 1474              		.section	.debug_abbrev,"",%progbits
 1475              	.Ldebug_abbrev0:
 1476 0000 01       		.uleb128 0x1
 1477 0001 11       		.uleb128 0x11
 1478 0002 01       		.byte	0x1
 1479 0003 25       		.uleb128 0x25
 1480 0004 0E       		.uleb128 0xe
 1481 0005 13       		.uleb128 0x13
 1482 0006 0B       		.uleb128 0xb
 1483 0007 03       		.uleb128 0x3
 1484 0008 0E       		.uleb128 0xe
 1485 0009 1B       		.uleb128 0x1b
 1486 000a 0E       		.uleb128 0xe
 1487 000b 55       		.uleb128 0x55
 1488 000c 17       		.uleb128 0x17
ARM GAS  C:\Users\adria\AppData\Local\Temp\cc4tpiAc.s 			page 30


 1489 000d 11       		.uleb128 0x11
 1490 000e 01       		.uleb128 0x1
 1491 000f 10       		.uleb128 0x10
 1492 0010 17       		.uleb128 0x17
 1493 0011 00       		.byte	0
 1494 0012 00       		.byte	0
 1495 0013 02       		.uleb128 0x2
 1496 0014 24       		.uleb128 0x24
 1497 0015 00       		.byte	0
 1498 0016 0B       		.uleb128 0xb
 1499 0017 0B       		.uleb128 0xb
 1500 0018 3E       		.uleb128 0x3e
 1501 0019 0B       		.uleb128 0xb
 1502 001a 03       		.uleb128 0x3
 1503 001b 0E       		.uleb128 0xe
 1504 001c 00       		.byte	0
 1505 001d 00       		.byte	0
 1506 001e 03       		.uleb128 0x3
 1507 001f 16       		.uleb128 0x16
 1508 0020 00       		.byte	0
 1509 0021 03       		.uleb128 0x3
 1510 0022 0E       		.uleb128 0xe
 1511 0023 3A       		.uleb128 0x3a
 1512 0024 0B       		.uleb128 0xb
 1513 0025 3B       		.uleb128 0x3b
 1514 0026 0B       		.uleb128 0xb
 1515 0027 49       		.uleb128 0x49
 1516 0028 13       		.uleb128 0x13
 1517 0029 00       		.byte	0
 1518 002a 00       		.byte	0
 1519 002b 04       		.uleb128 0x4
 1520 002c 24       		.uleb128 0x24
 1521 002d 00       		.byte	0
 1522 002e 0B       		.uleb128 0xb
 1523 002f 0B       		.uleb128 0xb
 1524 0030 3E       		.uleb128 0x3e
 1525 0031 0B       		.uleb128 0xb
 1526 0032 03       		.uleb128 0x3
 1527 0033 08       		.uleb128 0x8
 1528 0034 00       		.byte	0
 1529 0035 00       		.byte	0
 1530 0036 05       		.uleb128 0x5
 1531 0037 13       		.uleb128 0x13
 1532 0038 01       		.byte	0x1
 1533 0039 03       		.uleb128 0x3
 1534 003a 0E       		.uleb128 0xe
 1535 003b 0B       		.uleb128 0xb
 1536 003c 0B       		.uleb128 0xb
 1537 003d 3A       		.uleb128 0x3a
 1538 003e 0B       		.uleb128 0xb
 1539 003f 3B       		.uleb128 0x3b
 1540 0040 0B       		.uleb128 0xb
 1541 0041 01       		.uleb128 0x1
 1542 0042 13       		.uleb128 0x13
 1543 0043 00       		.byte	0
 1544 0044 00       		.byte	0
 1545 0045 06       		.uleb128 0x6
ARM GAS  C:\Users\adria\AppData\Local\Temp\cc4tpiAc.s 			page 31


 1546 0046 0D       		.uleb128 0xd
 1547 0047 00       		.byte	0
 1548 0048 03       		.uleb128 0x3
 1549 0049 0E       		.uleb128 0xe
 1550 004a 3A       		.uleb128 0x3a
 1551 004b 0B       		.uleb128 0xb
 1552 004c 3B       		.uleb128 0x3b
 1553 004d 0B       		.uleb128 0xb
 1554 004e 49       		.uleb128 0x49
 1555 004f 13       		.uleb128 0x13
 1556 0050 38       		.uleb128 0x38
 1557 0051 0B       		.uleb128 0xb
 1558 0052 00       		.byte	0
 1559 0053 00       		.byte	0
 1560 0054 07       		.uleb128 0x7
 1561 0055 2E       		.uleb128 0x2e
 1562 0056 01       		.byte	0x1
 1563 0057 3F       		.uleb128 0x3f
 1564 0058 19       		.uleb128 0x19
 1565 0059 03       		.uleb128 0x3
 1566 005a 0E       		.uleb128 0xe
 1567 005b 3A       		.uleb128 0x3a
 1568 005c 0B       		.uleb128 0xb
 1569 005d 3B       		.uleb128 0x3b
 1570 005e 0B       		.uleb128 0xb
 1571 005f 27       		.uleb128 0x27
 1572 0060 19       		.uleb128 0x19
 1573 0061 11       		.uleb128 0x11
 1574 0062 01       		.uleb128 0x1
 1575 0063 12       		.uleb128 0x12
 1576 0064 06       		.uleb128 0x6
 1577 0065 40       		.uleb128 0x40
 1578 0066 18       		.uleb128 0x18
 1579 0067 9642     		.uleb128 0x2116
 1580 0069 19       		.uleb128 0x19
 1581 006a 01       		.uleb128 0x1
 1582 006b 13       		.uleb128 0x13
 1583 006c 00       		.byte	0
 1584 006d 00       		.byte	0
 1585 006e 08       		.uleb128 0x8
 1586 006f 898201   		.uleb128 0x4109
 1587 0072 00       		.byte	0
 1588 0073 11       		.uleb128 0x11
 1589 0074 01       		.uleb128 0x1
 1590 0075 31       		.uleb128 0x31
 1591 0076 13       		.uleb128 0x13
 1592 0077 00       		.byte	0
 1593 0078 00       		.byte	0
 1594 0079 09       		.uleb128 0x9
 1595 007a 898201   		.uleb128 0x4109
 1596 007d 01       		.byte	0x1
 1597 007e 11       		.uleb128 0x11
 1598 007f 01       		.uleb128 0x1
 1599 0080 31       		.uleb128 0x31
 1600 0081 13       		.uleb128 0x13
 1601 0082 01       		.uleb128 0x1
 1602 0083 13       		.uleb128 0x13
ARM GAS  C:\Users\adria\AppData\Local\Temp\cc4tpiAc.s 			page 32


 1603 0084 00       		.byte	0
 1604 0085 00       		.byte	0
 1605 0086 0A       		.uleb128 0xa
 1606 0087 8A8201   		.uleb128 0x410a
 1607 008a 00       		.byte	0
 1608 008b 02       		.uleb128 0x2
 1609 008c 18       		.uleb128 0x18
 1610 008d 9142     		.uleb128 0x2111
 1611 008f 18       		.uleb128 0x18
 1612 0090 00       		.byte	0
 1613 0091 00       		.byte	0
 1614 0092 0B       		.uleb128 0xb
 1615 0093 898201   		.uleb128 0x4109
 1616 0096 01       		.byte	0x1
 1617 0097 11       		.uleb128 0x11
 1618 0098 01       		.uleb128 0x1
 1619 0099 31       		.uleb128 0x31
 1620 009a 13       		.uleb128 0x13
 1621 009b 00       		.byte	0
 1622 009c 00       		.byte	0
 1623 009d 0C       		.uleb128 0xc
 1624 009e 2E       		.uleb128 0x2e
 1625 009f 01       		.byte	0x1
 1626 00a0 3F       		.uleb128 0x3f
 1627 00a1 19       		.uleb128 0x19
 1628 00a2 03       		.uleb128 0x3
 1629 00a3 0E       		.uleb128 0xe
 1630 00a4 3A       		.uleb128 0x3a
 1631 00a5 0B       		.uleb128 0xb
 1632 00a6 3B       		.uleb128 0x3b
 1633 00a7 0B       		.uleb128 0xb
 1634 00a8 27       		.uleb128 0x27
 1635 00a9 19       		.uleb128 0x19
 1636 00aa 11       		.uleb128 0x11
 1637 00ab 01       		.uleb128 0x1
 1638 00ac 12       		.uleb128 0x12
 1639 00ad 06       		.uleb128 0x6
 1640 00ae 40       		.uleb128 0x40
 1641 00af 18       		.uleb128 0x18
 1642 00b0 9742     		.uleb128 0x2117
 1643 00b2 19       		.uleb128 0x19
 1644 00b3 01       		.uleb128 0x1
 1645 00b4 13       		.uleb128 0x13
 1646 00b5 00       		.byte	0
 1647 00b6 00       		.byte	0
 1648 00b7 0D       		.uleb128 0xd
 1649 00b8 2E       		.uleb128 0x2e
 1650 00b9 01       		.byte	0x1
 1651 00ba 3F       		.uleb128 0x3f
 1652 00bb 19       		.uleb128 0x19
 1653 00bc 03       		.uleb128 0x3
 1654 00bd 0E       		.uleb128 0xe
 1655 00be 3A       		.uleb128 0x3a
 1656 00bf 0B       		.uleb128 0xb
 1657 00c0 3B       		.uleb128 0x3b
 1658 00c1 0B       		.uleb128 0xb
 1659 00c2 27       		.uleb128 0x27
ARM GAS  C:\Users\adria\AppData\Local\Temp\cc4tpiAc.s 			page 33


 1660 00c3 19       		.uleb128 0x19
 1661 00c4 49       		.uleb128 0x49
 1662 00c5 13       		.uleb128 0x13
 1663 00c6 8701     		.uleb128 0x87
 1664 00c8 19       		.uleb128 0x19
 1665 00c9 11       		.uleb128 0x11
 1666 00ca 01       		.uleb128 0x1
 1667 00cb 12       		.uleb128 0x12
 1668 00cc 06       		.uleb128 0x6
 1669 00cd 40       		.uleb128 0x40
 1670 00ce 18       		.uleb128 0x18
 1671 00cf 9642     		.uleb128 0x2116
 1672 00d1 19       		.uleb128 0x19
 1673 00d2 01       		.uleb128 0x1
 1674 00d3 13       		.uleb128 0x13
 1675 00d4 00       		.byte	0
 1676 00d5 00       		.byte	0
 1677 00d6 0E       		.uleb128 0xe
 1678 00d7 34       		.uleb128 0x34
 1679 00d8 00       		.byte	0
 1680 00d9 03       		.uleb128 0x3
 1681 00da 0E       		.uleb128 0xe
 1682 00db 3A       		.uleb128 0x3a
 1683 00dc 0B       		.uleb128 0xb
 1684 00dd 3B       		.uleb128 0x3b
 1685 00de 0B       		.uleb128 0xb
 1686 00df 49       		.uleb128 0x49
 1687 00e0 13       		.uleb128 0x13
 1688 00e1 02       		.uleb128 0x2
 1689 00e2 18       		.uleb128 0x18
 1690 00e3 00       		.byte	0
 1691 00e4 00       		.byte	0
 1692 00e5 0F       		.uleb128 0xf
 1693 00e6 34       		.uleb128 0x34
 1694 00e7 00       		.byte	0
 1695 00e8 03       		.uleb128 0x3
 1696 00e9 0E       		.uleb128 0xe
 1697 00ea 3A       		.uleb128 0x3a
 1698 00eb 0B       		.uleb128 0xb
 1699 00ec 3B       		.uleb128 0x3b
 1700 00ed 0B       		.uleb128 0xb
 1701 00ee 49       		.uleb128 0x49
 1702 00ef 13       		.uleb128 0x13
 1703 00f0 02       		.uleb128 0x2
 1704 00f1 17       		.uleb128 0x17
 1705 00f2 00       		.byte	0
 1706 00f3 00       		.byte	0
 1707 00f4 10       		.uleb128 0x10
 1708 00f5 34       		.uleb128 0x34
 1709 00f6 00       		.byte	0
 1710 00f7 03       		.uleb128 0x3
 1711 00f8 08       		.uleb128 0x8
 1712 00f9 3A       		.uleb128 0x3a
 1713 00fa 0B       		.uleb128 0xb
 1714 00fb 3B       		.uleb128 0x3b
 1715 00fc 0B       		.uleb128 0xb
 1716 00fd 49       		.uleb128 0x49
ARM GAS  C:\Users\adria\AppData\Local\Temp\cc4tpiAc.s 			page 34


 1717 00fe 13       		.uleb128 0x13
 1718 00ff 02       		.uleb128 0x2
 1719 0100 17       		.uleb128 0x17
 1720 0101 00       		.byte	0
 1721 0102 00       		.byte	0
 1722 0103 11       		.uleb128 0x11
 1723 0104 01       		.uleb128 0x1
 1724 0105 01       		.byte	0x1
 1725 0106 49       		.uleb128 0x49
 1726 0107 13       		.uleb128 0x13
 1727 0108 01       		.uleb128 0x1
 1728 0109 13       		.uleb128 0x13
 1729 010a 00       		.byte	0
 1730 010b 00       		.byte	0
 1731 010c 12       		.uleb128 0x12
 1732 010d 21       		.uleb128 0x21
 1733 010e 00       		.byte	0
 1734 010f 49       		.uleb128 0x49
 1735 0110 13       		.uleb128 0x13
 1736 0111 2F       		.uleb128 0x2f
 1737 0112 0B       		.uleb128 0xb
 1738 0113 00       		.byte	0
 1739 0114 00       		.byte	0
 1740 0115 13       		.uleb128 0x13
 1741 0116 34       		.uleb128 0x34
 1742 0117 00       		.byte	0
 1743 0118 03       		.uleb128 0x3
 1744 0119 0E       		.uleb128 0xe
 1745 011a 3A       		.uleb128 0x3a
 1746 011b 0B       		.uleb128 0xb
 1747 011c 3B       		.uleb128 0x3b
 1748 011d 05       		.uleb128 0x5
 1749 011e 49       		.uleb128 0x49
 1750 011f 13       		.uleb128 0x13
 1751 0120 3F       		.uleb128 0x3f
 1752 0121 19       		.uleb128 0x19
 1753 0122 3C       		.uleb128 0x3c
 1754 0123 19       		.uleb128 0x19
 1755 0124 00       		.byte	0
 1756 0125 00       		.byte	0
 1757 0126 14       		.uleb128 0x14
 1758 0127 35       		.uleb128 0x35
 1759 0128 00       		.byte	0
 1760 0129 49       		.uleb128 0x49
 1761 012a 13       		.uleb128 0x13
 1762 012b 00       		.byte	0
 1763 012c 00       		.byte	0
 1764 012d 15       		.uleb128 0x15
 1765 012e 34       		.uleb128 0x34
 1766 012f 00       		.byte	0
 1767 0130 03       		.uleb128 0x3
 1768 0131 08       		.uleb128 0x8
 1769 0132 3A       		.uleb128 0x3a
 1770 0133 0B       		.uleb128 0xb
 1771 0134 3B       		.uleb128 0x3b
 1772 0135 0B       		.uleb128 0xb
 1773 0136 49       		.uleb128 0x49
ARM GAS  C:\Users\adria\AppData\Local\Temp\cc4tpiAc.s 			page 35


 1774 0137 13       		.uleb128 0x13
 1775 0138 3F       		.uleb128 0x3f
 1776 0139 19       		.uleb128 0x19
 1777 013a 02       		.uleb128 0x2
 1778 013b 18       		.uleb128 0x18
 1779 013c 00       		.byte	0
 1780 013d 00       		.byte	0
 1781 013e 16       		.uleb128 0x16
 1782 013f 34       		.uleb128 0x34
 1783 0140 00       		.byte	0
 1784 0141 03       		.uleb128 0x3
 1785 0142 0E       		.uleb128 0xe
 1786 0143 3A       		.uleb128 0x3a
 1787 0144 0B       		.uleb128 0xb
 1788 0145 3B       		.uleb128 0x3b
 1789 0146 0B       		.uleb128 0xb
 1790 0147 49       		.uleb128 0x49
 1791 0148 13       		.uleb128 0x13
 1792 0149 3F       		.uleb128 0x3f
 1793 014a 19       		.uleb128 0x19
 1794 014b 02       		.uleb128 0x2
 1795 014c 18       		.uleb128 0x18
 1796 014d 00       		.byte	0
 1797 014e 00       		.byte	0
 1798 014f 17       		.uleb128 0x17
 1799 0150 2E       		.uleb128 0x2e
 1800 0151 00       		.byte	0
 1801 0152 3F       		.uleb128 0x3f
 1802 0153 19       		.uleb128 0x19
 1803 0154 3C       		.uleb128 0x3c
 1804 0155 19       		.uleb128 0x19
 1805 0156 6E       		.uleb128 0x6e
 1806 0157 0E       		.uleb128 0xe
 1807 0158 03       		.uleb128 0x3
 1808 0159 0E       		.uleb128 0xe
 1809 015a 3A       		.uleb128 0x3a
 1810 015b 0B       		.uleb128 0xb
 1811 015c 3B       		.uleb128 0x3b
 1812 015d 0B       		.uleb128 0xb
 1813 015e 00       		.byte	0
 1814 015f 00       		.byte	0
 1815 0160 18       		.uleb128 0x18
 1816 0161 2E       		.uleb128 0x2e
 1817 0162 00       		.byte	0
 1818 0163 3F       		.uleb128 0x3f
 1819 0164 19       		.uleb128 0x19
 1820 0165 3C       		.uleb128 0x3c
 1821 0166 19       		.uleb128 0x19
 1822 0167 6E       		.uleb128 0x6e
 1823 0168 08       		.uleb128 0x8
 1824 0169 03       		.uleb128 0x3
 1825 016a 08       		.uleb128 0x8
 1826 016b 3A       		.uleb128 0x3a
 1827 016c 0B       		.uleb128 0xb
 1828 016d 3B       		.uleb128 0x3b
 1829 016e 0B       		.uleb128 0xb
 1830 016f 00       		.byte	0
ARM GAS  C:\Users\adria\AppData\Local\Temp\cc4tpiAc.s 			page 36


 1831 0170 00       		.byte	0
 1832 0171 00       		.byte	0
 1833              		.section	.debug_loc,"",%progbits
 1834              	.Ldebug_loc0:
 1835              	.LLST0:
 1836 0000 C8000000 		.4byte	.LVL68
 1837 0004 CD000000 		.4byte	.LVL69-1
 1838 0008 0100     		.2byte	0x1
 1839 000a 50       		.byte	0x50
 1840 000b 00000000 		.4byte	0
 1841 000f 00000000 		.4byte	0
 1842              	.LLST1:
 1843 0013 CE000000 		.4byte	.LVL69
 1844 0017 D1000000 		.4byte	.LVL70-1
 1845 001b 0100     		.2byte	0x1
 1846 001d 50       		.byte	0x50
 1847 001e 00000000 		.4byte	0
 1848 0022 00000000 		.4byte	0
 1849              	.LLST2:
 1850 0026 92000000 		.4byte	.LVL62
 1851 002a 24010000 		.4byte	.LFE69
 1852 002e 0100     		.2byte	0x1
 1853 0030 55       		.byte	0x55
 1854 0031 00000000 		.4byte	0
 1855 0035 00000000 		.4byte	0
 1856              		.section	.debug_aranges,"",%progbits
 1857 0000 44000000 		.4byte	0x44
 1858 0004 0200     		.2byte	0x2
 1859 0006 00000000 		.4byte	.Ldebug_info0
 1860 000a 04       		.byte	0x4
 1861 000b 00       		.byte	0
 1862 000c 0000     		.2byte	0
 1863 000e 0000     		.2byte	0
 1864 0010 00000000 		.4byte	.LFB64
 1865 0014 F0000000 		.4byte	.LFE64-.LFB64
 1866 0018 00000000 		.4byte	.LFB65
 1867 001c 28000000 		.4byte	.LFE65-.LFB65
 1868 0020 00000000 		.4byte	.LFB66
 1869 0024 28000000 		.4byte	.LFE66-.LFB66
 1870 0028 00000000 		.4byte	.LFB67
 1871 002c 28000000 		.4byte	.LFE67-.LFB67
 1872 0030 00000000 		.4byte	.LFB68
 1873 0034 14000000 		.4byte	.LFE68-.LFB68
 1874 0038 00000000 		.4byte	.LFB69
 1875 003c 24010000 		.4byte	.LFE69-.LFB69
 1876 0040 00000000 		.4byte	0
 1877 0044 00000000 		.4byte	0
 1878              		.section	.debug_ranges,"",%progbits
 1879              	.Ldebug_ranges0:
 1880 0000 00000000 		.4byte	.LFB64
 1881 0004 F0000000 		.4byte	.LFE64
 1882 0008 00000000 		.4byte	.LFB65
 1883 000c 28000000 		.4byte	.LFE65
 1884 0010 00000000 		.4byte	.LFB66
 1885 0014 28000000 		.4byte	.LFE66
 1886 0018 00000000 		.4byte	.LFB67
 1887 001c 28000000 		.4byte	.LFE67
ARM GAS  C:\Users\adria\AppData\Local\Temp\cc4tpiAc.s 			page 37


 1888 0020 00000000 		.4byte	.LFB68
 1889 0024 14000000 		.4byte	.LFE68
 1890 0028 00000000 		.4byte	.LFB69
 1891 002c 24010000 		.4byte	.LFE69
 1892 0030 00000000 		.4byte	0
 1893 0034 00000000 		.4byte	0
 1894              		.section	.debug_line,"",%progbits
 1895              	.Ldebug_line0:
 1896 0000 99030000 		.section	.debug_str,"MS",%progbits,1
 1896      0200EF02 
 1896      00000201 
 1896      FB0E0D00 
 1896      01010101 
 1897              	.LASF21:
 1898 0000 6572726F 		.ascii	"errores\000"
 1898      72657300 
 1899              	.LASF42:
 1900 0008 55415254 		.ascii	"UART_GetByte\000"
 1900      5F476574 
 1900      42797465 
 1900      00
 1901              	.LASF41:
 1902 0015 6973725F 		.ascii	"isr_setpoint_ClearPending\000"
 1902      73657470 
 1902      6F696E74 
 1902      5F436C65 
 1902      61725065 
 1903              	.LASF35:
 1904 002f 616E675F 		.ascii	"ang_dis\000"
 1904      64697300 
 1905              	.LASF60:
 1906 0037 4449535F 		.ascii	"DIS_0_StartEx\000"
 1906      305F5374 
 1906      61727445 
 1906      7800
 1907              	.LASF2:
 1908 0045 73686F72 		.ascii	"short int\000"
 1908      7420696E 
 1908      7400
 1909              	.LASF48:
 1910 004f 44495350 		.ascii	"DISPARADORES_Write\000"
 1910      41524144 
 1910      4F524553 
 1910      5F577269 
 1910      746500
 1911              	.LASF19:
 1912 0062 73697A65 		.ascii	"sizetype\000"
 1912      74797065 
 1912      00
 1913              	.LASF68:
 1914 006b 53454E53 		.ascii	"SENS_max6675\000"
 1914      5F6D6178 
 1914      36363735 
 1914      00
 1915              	.LASF61:
 1916 0078 4449535F 		.ascii	"DIS_1_StartEx\000"
 1916      315F5374 
ARM GAS  C:\Users\adria\AppData\Local\Temp\cc4tpiAc.s 			page 38


 1916      61727445 
 1916      7800
 1917              	.LASF77:
 1918 0086 6D61696E 		.ascii	"main\000"
 1918      00
 1919              	.LASF57:
 1920 008b 54696D65 		.ascii	"Timer_0_Start\000"
 1920      725F305F 
 1920      53746172 
 1920      7400
 1921              	.LASF24:
 1922 0099 6D617836 		.ascii	"max6675_data\000"
 1922      3637355F 
 1922      64617461 
 1922      00
 1923              	.LASF4:
 1924 00a6 5F5F7569 		.ascii	"__uint16_t\000"
 1924      6E743136 
 1924      5F7400
 1925              	.LASF44:
 1926 00b1 4C43445F 		.ascii	"LCD_PrintNumber\000"
 1926      5072696E 
 1926      744E756D 
 1926      62657200 
 1927              	.LASF25:
 1928 00c1 6D617836 		.ascii	"max6675\000"
 1928      36373500 
 1929              	.LASF27:
 1930 00c9 6973725F 		.ascii	"isr_setpoint\000"
 1930      73657470 
 1930      6F696E74 
 1930      00
 1931              	.LASF70:
 1932 00d6 55415254 		.ascii	"UART_PutString\000"
 1932      5F507574 
 1932      53747269 
 1932      6E6700
 1933              	.LASF12:
 1934 00e5 75696E74 		.ascii	"uint8_t\000"
 1934      385F7400 
 1935              	.LASF59:
 1936 00ed 54696D65 		.ascii	"Timer_2_Start\000"
 1936      725F325F 
 1936      53746172 
 1936      7400
 1937              	.LASF65:
 1938 00fb 6973725F 		.ascii	"isr_setpoint_StartEx\000"
 1938      73657470 
 1938      6F696E74 
 1938      5F537461 
 1938      72744578 
 1939              	.LASF51:
 1940 0110 4449535F 		.ascii	"DIS_2_ClearPending\000"
 1940      325F436C 
 1940      65617250 
 1940      656E6469 
 1940      6E6700
ARM GAS  C:\Users\adria\AppData\Local\Temp\cc4tpiAc.s 			page 39


 1941              	.LASF15:
 1942 0123 666C6F61 		.ascii	"float\000"
 1942      7400
 1943              	.LASF39:
 1944 0129 62756666 		.ascii	"buffer_Rx\000"
 1944      65725F52 
 1944      7800
 1945              	.LASF34:
 1946 0133 74656D70 		.ascii	"temp\000"
 1946      00
 1947              	.LASF9:
 1948 0138 6C6F6E67 		.ascii	"long long int\000"
 1948      206C6F6E 
 1948      6720696E 
 1948      7400
 1949              	.LASF54:
 1950 0146 55415254 		.ascii	"UART_ClearTxBuffer\000"
 1950      5F436C65 
 1950      61725478 
 1950      42756666 
 1950      657200
 1951              	.LASF7:
 1952 0159 6C6F6E67 		.ascii	"long int\000"
 1952      20696E74 
 1952      00
 1953              	.LASF64:
 1954 0162 73656E73 		.ascii	"sensado_StartEx\000"
 1954      61646F5F 
 1954      53746172 
 1954      74457800 
 1955              	.LASF62:
 1956 0172 4449535F 		.ascii	"DIS_2_StartEx\000"
 1956      325F5374 
 1956      61727445 
 1956      7800
 1957              	.LASF72:
 1958 0180 54696D65 		.ascii	"Timer_1_WritePeriod\000"
 1958      725F315F 
 1958      57726974 
 1958      65506572 
 1958      696F6400 
 1959              	.LASF33:
 1960 0194 4552524F 		.ascii	"ERROR\000"
 1960      5200
 1961              	.LASF66:
 1962 019a 4C43445F 		.ascii	"LCD_Start\000"
 1962      53746172 
 1962      7400
 1963              	.LASF50:
 1964 01a4 4449535F 		.ascii	"DIS_1_ClearPending\000"
 1964      315F436C 
 1964      65617250 
 1964      656E6469 
 1964      6E6700
 1965              	.LASF18:
 1966 01b7 6C6F6E67 		.ascii	"long double\000"
 1966      20646F75 
ARM GAS  C:\Users\adria\AppData\Local\Temp\cc4tpiAc.s 			page 40


 1966      626C6500 
 1967              	.LASF67:
 1968 01c3 4C43445F 		.ascii	"LCD_ClearDisplay\000"
 1968      436C6561 
 1968      72446973 
 1968      706C6179 
 1968      00
 1969              	.LASF49:
 1970 01d4 43794465 		.ascii	"CyDelayUs\000"
 1970      6C617955 
 1970      7300
 1971              	.LASF1:
 1972 01de 756E7369 		.ascii	"unsigned char\000"
 1972      676E6564 
 1972      20636861 
 1972      7200
 1973              	.LASF56:
 1974 01ec 5350494D 		.ascii	"SPIM_Start\000"
 1974      5F537461 
 1974      727400
 1975              	.LASF69:
 1976 01f7 73707269 		.ascii	"sprintf\000"
 1976      6E746600 
 1977              	.LASF0:
 1978 01ff 7369676E 		.ascii	"signed char\000"
 1978      65642063 
 1978      68617200 
 1979              	.LASF10:
 1980 020b 6C6F6E67 		.ascii	"long long unsigned int\000"
 1980      206C6F6E 
 1980      6720756E 
 1980      7369676E 
 1980      65642069 
 1981              	.LASF11:
 1982 0222 756E7369 		.ascii	"unsigned int\000"
 1982      676E6564 
 1982      20696E74 
 1982      00
 1983              	.LASF45:
 1984 022f 4C43445F 		.ascii	"LCD_PrintString\000"
 1984      5072696E 
 1984      74537472 
 1984      696E6700 
 1985              	.LASF13:
 1986 023f 75696E74 		.ascii	"uint16_t\000"
 1986      31365F74 
 1986      00
 1987              	.LASF46:
 1988 0248 4449535F 		.ascii	"DIS_0_ClearPending\000"
 1988      305F436C 
 1988      65617250 
 1988      656E6469 
 1988      6E6700
 1989              	.LASF20:
 1990 025b 70616C61 		.ascii	"palabra\000"
 1990      62726100 
 1991              	.LASF5:
ARM GAS  C:\Users\adria\AppData\Local\Temp\cc4tpiAc.s 			page 41


 1992 0263 73686F72 		.ascii	"short unsigned int\000"
 1992      7420756E 
 1992      7369676E 
 1992      65642069 
 1992      6E7400
 1993              	.LASF71:
 1994 0276 54696D65 		.ascii	"Timer_0_WritePeriod\000"
 1994      725F305F 
 1994      57726974 
 1994      65506572 
 1994      696F6400 
 1995              	.LASF17:
 1996 028a 63686172 		.ascii	"char\000"
 1996      00
 1997              	.LASF55:
 1998 028f 55415254 		.ascii	"UART_ClearRxBuffer\000"
 1998      5F436C65 
 1998      61725278 
 1998      42756666 
 1998      657200
 1999              	.LASF53:
 2000 02a2 55415254 		.ascii	"UART_Start\000"
 2000      5F537461 
 2000      727400
 2001              	.LASF14:
 2002 02ad 696E7433 		.ascii	"int32_t\000"
 2002      325F7400 
 2003              	.LASF73:
 2004 02b5 54696D65 		.ascii	"Timer_2_WritePeriod\000"
 2004      725F325F 
 2004      57726974 
 2004      65506572 
 2004      696F6400 
 2005              	.LASF31:
 2006 02c9 73656E73 		.ascii	"sensado\000"
 2006      61646F00 
 2007              	.LASF32:
 2008 02d1 74686572 		.ascii	"thermocupla\000"
 2008      6D6F6375 
 2008      706C6100 
 2009              	.LASF58:
 2010 02dd 54696D65 		.ascii	"Timer_1_Start\000"
 2010      725F315F 
 2010      53746172 
 2010      7400
 2011              	.LASF26:
 2012 02eb 64617461 		.ascii	"data\000"
 2012      00
 2013              	.LASF52:
 2014 02f0 73656E73 		.ascii	"sensado_ClearPending\000"
 2014      61646F5F 
 2014      436C6561 
 2014      7250656E 
 2014      64696E67 
 2015              	.LASF63:
 2016 0305 53414D50 		.ascii	"SAMPLING_Start\000"
 2016      4C494E47 
ARM GAS  C:\Users\adria\AppData\Local\Temp\cc4tpiAc.s 			page 42


 2016      5F537461 
 2016      727400
 2017              	.LASF76:
 2018 0314 433A5C55 		.ascii	"C:\\Users\\adria\\OneDrive\\Documents\\psoc\\Final_"
 2018      73657273 
 2018      5C616472 
 2018      69615C4F 
 2018      6E654472 
 2019 0341 4D454C43 		.ascii	"MELCHOR\\Proyecto_resistencias_calefactoras_estrell"
 2019      484F525C 
 2019      50726F79 
 2019      6563746F 
 2019      5F726573 
 2020 0373 615F6162 		.ascii	"a_abierta.cydsn\000"
 2020      69657274 
 2020      612E6379 
 2020      64736E00 
 2021              	.LASF75:
 2022 0383 6D61696E 		.ascii	"main.c\000"
 2022      2E6300
 2023              	.LASF8:
 2024 038a 6C6F6E67 		.ascii	"long unsigned int\000"
 2024      20756E73 
 2024      69676E65 
 2024      6420696E 
 2024      7400
 2025              	.LASF28:
 2026 039c 4449535F 		.ascii	"DIS_0\000"
 2026      3000
 2027              	.LASF29:
 2028 03a2 4449535F 		.ascii	"DIS_1\000"
 2028      3100
 2029              	.LASF30:
 2030 03a8 4449535F 		.ascii	"DIS_2\000"
 2030      3200
 2031              	.LASF23:
 2032 03ae 74656D70 		.ascii	"temperatura_decimal\000"
 2032      65726174 
 2032      7572615F 
 2032      64656369 
 2032      6D616C00 
 2033              	.LASF22:
 2034 03c2 74656D70 		.ascii	"temperatura\000"
 2034      65726174 
 2034      75726100 
 2035              	.LASF6:
 2036 03ce 5F5F696E 		.ascii	"__int32_t\000"
 2036      7433325F 
 2036      7400
 2037              	.LASF36:
 2038 03d8 62756666 		.ascii	"buffer_Tx\000"
 2038      65725F54 
 2038      7800
 2039              	.LASF43:
 2040 03e2 4C43445F 		.ascii	"LCD_Position\000"
 2040      506F7369 
 2040      74696F6E 
ARM GAS  C:\Users\adria\AppData\Local\Temp\cc4tpiAc.s 			page 43


 2040      00
 2041              	.LASF16:
 2042 03ef 646F7562 		.ascii	"double\000"
 2042      6C6500
 2043              	.LASF40:
 2044 03f6 666C6167 		.ascii	"flag\000"
 2044      00
 2045              	.LASF38:
 2046 03fb 73657470 		.ascii	"setpoint\000"
 2046      6F696E74 
 2046      00
 2047              	.LASF37:
 2048 0404 49544D5F 		.ascii	"ITM_RxBuffer\000"
 2048      52784275 
 2048      66666572 
 2048      00
 2049              	.LASF74:
 2050 0411 474E5520 		.ascii	"GNU C11 5.4.1 20160609 (release) [ARM/embedded-5-br"
 2050      43313120 
 2050      352E342E 
 2050      31203230 
 2050      31363036 
 2051 0444 616E6368 		.ascii	"anch revision 237715] -mcpu=cortex-m3 -mthumb -g -O"
 2051      20726576 
 2051      6973696F 
 2051      6E203233 
 2051      37373135 
 2052 0477 67202D66 		.ascii	"g -ffunction-sections -ffat-lto-objects\000"
 2052      66756E63 
 2052      74696F6E 
 2052      2D736563 
 2052      74696F6E 
 2053              	.LASF47:
 2054 049f 44495350 		.ascii	"DISPARADORES_Read\000"
 2054      41524144 
 2054      4F524553 
 2054      5F526561 
 2054      6400
 2055              	.LASF3:
 2056 04b1 5F5F7569 		.ascii	"__uint8_t\000"
 2056      6E74385F 
 2056      7400
 2057              		.ident	"GCC: (GNU Tools for ARM Embedded Processors) 5.4.1 20160609 (release) [ARM/embedded-5-bran
