ARM GAS  C:\Users\adria\AppData\Local\Temp\ccHKzrHp.s 			page 1


   1              		.syntax unified
   2              		.cpu cortex-m3
   3              		.fpu softvfp
   4              		.eabi_attribute 20, 1
   5              		.eabi_attribute 21, 1
   6              		.eabi_attribute 23, 3
   7              		.eabi_attribute 24, 1
   8              		.eabi_attribute 25, 1
   9              		.eabi_attribute 26, 1
  10              		.eabi_attribute 30, 1
  11              		.eabi_attribute 34, 1
  12              		.eabi_attribute 18, 4
  13              		.thumb
  14              		.syntax unified
  15              		.file	"main.c"
  16              		.text
  17              	.Ltext0:
  18              		.cfi_sections	.debug_frame
  19              		.global	__aeabi_f2iz
  20              		.section	.text.main,"ax",%progbits
  21              		.align	2
  22              		.global	main
  23              		.thumb
  24              		.thumb_func
  25              		.type	main, %function
  26              	main:
  27              	.LFB63:
  28              		.file 1 "main.c"
   1:main.c        **** /* ========================================
   2:main.c        ****     Filtros de media movil y de media movil con pesos espoinenciales
   3:main.c        ****  * ========================================
   4:main.c        **** */
   5:main.c        **** #include "project.h"
   6:main.c        **** #include <stdint.h>
   7:main.c        **** 
   8:main.c        **** uint8 retMode = 0;//Argumento de api del ADC
   9:main.c        **** int16 lectura = 0;//Lectura del adc
  10:main.c        **** int16 ADC_out = 0;//Suma de la ventana para aplicar el filtros FIR
  11:main.c        **** 
  12:main.c        **** //longitud de la ventana PARA FILTRO-FIR
  13:main.c        **** const char VENTANA = 5;
  14:main.c        **** char cont = 0;
  15:main.c        **** uint16 valores[] = {0,0,0,0,0};//Array de la ventana
  16:main.c        **** uint16 pesos[] = {1,1,1,1,1};//pesos calulados dependiendo del filtro
  17:main.c        **** 
  18:main.c        **** int main(void)
  19:main.c        **** {
  29              		.loc 1 19 0
  30              		.cfi_startproc
  31              		@ args = 0, pretend = 0, frame = 0
  32              		@ frame_needed = 0, uses_anonymous_args = 0
  33 0000 10B5     		push	{r4, lr}
  34              		.cfi_def_cfa_offset 8
  35              		.cfi_offset 4, -8
  36              		.cfi_offset 14, -4
  20:main.c        ****     CyGlobalIntEnable; /* Enable global interrupts. */
  37              		.loc 1 20 0
ARM GAS  C:\Users\adria\AppData\Local\Temp\ccHKzrHp.s 			page 2


  38              		.syntax unified
  39              	@ 20 "main.c" 1
  40 0002 62B6     		CPSIE   i
  41              	@ 0 "" 2
  21:main.c        ****     //Inicializamos la Uart
  22:main.c        ****     UART_Start();
  42              		.loc 1 22 0
  43              		.thumb
  44              		.syntax unified
  45 0004 FFF7FEFF 		bl	UART_Start
  46              	.LVL0:
  23:main.c        ****     //Inicializamos el ADC
  24:main.c        ****     ADC_Start();
  47              		.loc 1 24 0
  48 0008 FFF7FEFF 		bl	ADC_Start
  49              	.LVL1:
  25:main.c        ****     ADC_StartConvert();
  50              		.loc 1 25 0
  51 000c FFF7FEFF 		bl	ADC_StartConvert
  52              	.LVL2:
  26:main.c        ****     
  27:main.c        ****     //Mandamos saludo de inicialización
  28:main.c        ****     UART_PutString("Hola soy tu psoc Y te voy a mandar lectura del adc filtrado y sin filtrar \n \n
  53              		.loc 1 28 0
  54 0010 1C48     		ldr	r0, .L8
  55 0012 FFF7FEFF 		bl	UART_PutString
  56              	.LVL3:
  57 0016 2DE0     		b	.L2
  58              	.L6:
  29:main.c        ****     
  30:main.c        ****     for(;;)
  31:main.c        ****     {
  32:main.c        ****               
  33:main.c        ****         while(cont<VENTANA){//Salimos del bucle hasta tener n lecturas segun nuestra ventana
  34:main.c        ****             
  35:main.c        ****             if(ADC_IsEndConversion(retMode)){//Checamos si alguna converción a terminado
  59              		.loc 1 35 0
  60 0018 1B4B     		ldr	r3, .L8+4
  61 001a 1878     		ldrb	r0, [r3]	@ zero_extendqisi2
  62 001c FFF7FEFF 		bl	ADC_IsEndConversion
  63              	.LVL4:
  64 0020 40B3     		cbz	r0, .L2
  65              	.LBB2:
  36:main.c        ****                 
  37:main.c        ****                 int16 adc_raw = ADC_GetResult16();//Optenemos lectur adc raw
  66              		.loc 1 37 0
  67 0022 FFF7FEFF 		bl	ADC_GetResult16
  68              	.LVL5:
  38:main.c        ****                 lectura = ADC_CountsTo_Volts(adc_raw);//Convertimos a V con puntro decimal
  69              		.loc 1 38 0
  70 0026 FFF7FEFF 		bl	ADC_CountsTo_Volts
  71              	.LVL6:
  72 002a FFF7FEFF 		bl	__aeabi_f2iz
  73              	.LVL7:
  74 002e 00B2     		sxth	r0, r0
  75 0030 154B     		ldr	r3, .L8+4
  76 0032 5880     		strh	r0, [r3, #2]	@ movhi
ARM GAS  C:\Users\adria\AppData\Local\Temp\ccHKzrHp.s 			page 3


  39:main.c        ****                 valores[cont] = lectura; //agrgamos dato al array de ventana
  77              		.loc 1 39 0
  78 0034 1A79     		ldrb	r2, [r3, #4]	@ zero_extendqisi2
  79 0036 03EB4203 		add	r3, r3, r2, lsl #1
  80 003a 1881     		strh	r0, [r3, #8]	@ movhi
  81              	.LVL8:
  82              	.LBB3:
  40:main.c        ****                 
  41:main.c        ****                 //Aplicamos filtro
  42:main.c        ****                 for(char i=0;i<VENTANA;i++){
  83              		.loc 1 42 0
  84 003c 0023     		movs	r3, #0
  85 003e 0CE0     		b	.L4
  86              	.LVL9:
  87              	.L5:
  43:main.c        ****                     ADC_out += pesos[i]*valores[i];
  88              		.loc 1 43 0 discriminator 3
  89 0040 124A     		ldr	r2, .L8+8
  90 0042 32F81300 		ldrh	r0, [r2, r3, lsl #1]
  91 0046 104A     		ldr	r2, .L8+4
  92 0048 02EB4301 		add	r1, r2, r3, lsl #1
  93 004c 0C89     		ldrh	r4, [r1, #8]
  94 004e 518A     		ldrh	r1, [r2, #18]
  95 0050 04FB0011 		mla	r1, r4, r0, r1
  96 0054 5182     		strh	r1, [r2, #18]	@ movhi
  42:main.c        ****                     ADC_out += pesos[i]*valores[i];
  97              		.loc 1 42 0 discriminator 3
  98 0056 0133     		adds	r3, r3, #1
  99              	.LVL10:
 100 0058 DBB2     		uxtb	r3, r3
 101              	.LVL11:
 102              	.L4:
  42:main.c        ****                     ADC_out += pesos[i]*valores[i];
 103              		.loc 1 42 0 is_stmt 0 discriminator 1
 104 005a 042B     		cmp	r3, #4
 105 005c F0D9     		bls	.L5
 106              	.LBE3:
  44:main.c        ****                 }
  45:main.c        ****                 
  46:main.c        ****                 //Checamos que se están mandando los valores convertimos por UART
  47:main.c        ****                 UART_PutChar((uint8)ADC_out);
 107              		.loc 1 47 0 is_stmt 1
 108 005e 0A4C     		ldr	r4, .L8+4
 109 0060 A07C     		ldrb	r0, [r4, #18]	@ zero_extendqisi2
 110 0062 FFF7FEFF 		bl	UART_PutChar
 111              	.LVL12:
  48:main.c        ****                 CyDelay(500);
 112              		.loc 1 48 0
 113 0066 4FF4FA70 		mov	r0, #500
 114 006a FFF7FEFF 		bl	CyDelay
 115              	.LVL13:
  49:main.c        ****                 
  50:main.c        ****                 cont++;//Agregamos al contador
 116              		.loc 1 50 0
 117 006e 2379     		ldrb	r3, [r4, #4]	@ zero_extendqisi2
 118 0070 0133     		adds	r3, r3, #1
 119 0072 2371     		strb	r3, [r4, #4]
ARM GAS  C:\Users\adria\AppData\Local\Temp\ccHKzrHp.s 			page 4


 120              	.L2:
 121              	.LBE2:
  33:main.c        ****             
 122              		.loc 1 33 0
 123 0074 044B     		ldr	r3, .L8+4
 124 0076 1B79     		ldrb	r3, [r3, #4]	@ zero_extendqisi2
 125 0078 042B     		cmp	r3, #4
 126 007a CDD9     		bls	.L6
  51:main.c        ****             }
  52:main.c        ****         }
  53:main.c        ****         cont = 0; //Seteamos el contador para realizar depsues el siguiente lote de lecturas       
 127              		.loc 1 53 0
 128 007c 0022     		movs	r2, #0
 129 007e 024B     		ldr	r3, .L8+4
 130 0080 1A71     		strb	r2, [r3, #4]
  54:main.c        ****         
  55:main.c        ****         
  56:main.c        ****         /*
  57:main.c        ****         for(char i=0;i<VENTANA;i++){//Ponemos en todo el buffer de la Uart la ventana completa
  58:main.c        ****             //UART_PutString();//Colocamos la lectura en el buffer
  59:main.c        ****             CyDelay(1000);
  60:main.c        ****         }
  61:main.c        ****         */
  62:main.c        ****         
  63:main.c        ****     }
 131              		.loc 1 63 0
 132 0082 F7E7     		b	.L2
 133              	.L9:
 134              		.align	2
 135              	.L8:
 136 0084 00000000 		.word	.LC0
 137 0088 00000000 		.word	.LANCHOR0
 138 008c 00000000 		.word	.LANCHOR1
 139              		.cfi_endproc
 140              	.LFE63:
 141              		.size	main, .-main
 142              		.global	pesos
 143              		.global	valores
 144              		.global	cont
 145              		.global	VENTANA
 146              		.global	ADC_out
 147              		.global	lectura
 148              		.global	retMode
 149              		.section	.rodata
 150              		.type	VENTANA, %object
 151              		.size	VENTANA, 1
 152              	VENTANA:
 153 0000 05       		.byte	5
 154              		.data
 155              		.align	2
 156              		.set	.LANCHOR1,. + 0
 157              		.type	pesos, %object
 158              		.size	pesos, 10
 159              	pesos:
 160 0000 0100     		.short	1
 161 0002 0100     		.short	1
 162 0004 0100     		.short	1
ARM GAS  C:\Users\adria\AppData\Local\Temp\ccHKzrHp.s 			page 5


 163 0006 0100     		.short	1
 164 0008 0100     		.short	1
 165              		.section	.rodata.str1.4,"aMS",%progbits,1
 166              		.align	2
 167              	.LC0:
 168 0000 486F6C61 		.ascii	"Hola soy tu psoc Y te voy a mandar lectura del adc "
 168      20736F79 
 168      20747520 
 168      70736F63 
 168      20592074 
 169 0033 66696C74 		.ascii	"filtrado y sin filtrar \012 \012\000"
 169      7261646F 
 169      20792073 
 169      696E2066 
 169      696C7472 
 170              		.bss
 171              		.align	2
 172              		.set	.LANCHOR0,. + 0
 173              		.type	retMode, %object
 174              		.size	retMode, 1
 175              	retMode:
 176 0000 00       		.space	1
 177 0001 00       		.space	1
 178              		.type	lectura, %object
 179              		.size	lectura, 2
 180              	lectura:
 181 0002 0000     		.space	2
 182              		.type	cont, %object
 183              		.size	cont, 1
 184              	cont:
 185 0004 00       		.space	1
 186 0005 000000   		.space	3
 187              		.type	valores, %object
 188              		.size	valores, 10
 189              	valores:
 190 0008 00000000 		.space	10
 190      00000000 
 190      0000
 191              		.type	ADC_out, %object
 192              		.size	ADC_out, 2
 193              	ADC_out:
 194 0012 0000     		.space	2
 195              		.text
 196              	.Letext0:
 197              		.file 2 "c:\\program files (x86)\\cypress\\psoc creator\\4.4\\psoc creator\\import\\gnu\\arm\\5.4.
 198              		.file 3 "c:\\program files (x86)\\cypress\\psoc creator\\4.4\\psoc creator\\import\\gnu\\arm\\5.4.
 199              		.file 4 "Generated_Source\\PSoC5/cytypes.h"
 200              		.file 5 "Generated_Source\\PSoC5/core_cm3.h"
 201              		.file 6 "Generated_Source\\PSoC5/ADC.h"
 202              		.file 7 "Generated_Source\\PSoC5/UART.h"
 203              		.file 8 "Generated_Source\\PSoC5/CyLib.h"
 204              		.section	.debug_info,"",%progbits
 205              	.Ldebug_info0:
 206 0000 7E020000 		.4byte	0x27e
 207 0004 0400     		.2byte	0x4
 208 0006 00000000 		.4byte	.Ldebug_abbrev0
 209 000a 04       		.byte	0x4
ARM GAS  C:\Users\adria\AppData\Local\Temp\ccHKzrHp.s 			page 6


 210 000b 01       		.uleb128 0x1
 211 000c 49000000 		.4byte	.LASF37
 212 0010 0C       		.byte	0xc
 213 0011 FA010000 		.4byte	.LASF38
 214 0015 38010000 		.4byte	.LASF39
 215 0019 00000000 		.4byte	.Ldebug_ranges0+0
 216 001d 00000000 		.4byte	0
 217 0021 00000000 		.4byte	.Ldebug_line0
 218 0025 02       		.uleb128 0x2
 219 0026 01       		.byte	0x1
 220 0027 06       		.byte	0x6
 221 0028 2F000000 		.4byte	.LASF0
 222 002c 02       		.uleb128 0x2
 223 002d 01       		.byte	0x1
 224 002e 08       		.byte	0x8
 225 002f 3B000000 		.4byte	.LASF1
 226 0033 02       		.uleb128 0x2
 227 0034 02       		.byte	0x2
 228 0035 05       		.byte	0x5
 229 0036 0E020000 		.4byte	.LASF2
 230 003a 02       		.uleb128 0x2
 231 003b 02       		.byte	0x2
 232 003c 07       		.byte	0x7
 233 003d 02010000 		.4byte	.LASF3
 234 0041 03       		.uleb128 0x3
 235 0042 00000000 		.4byte	.LASF9
 236 0046 02       		.byte	0x2
 237 0047 3F       		.byte	0x3f
 238 0048 4C000000 		.4byte	0x4c
 239 004c 02       		.uleb128 0x2
 240 004d 04       		.byte	0x4
 241 004e 05       		.byte	0x5
 242 004f 26020000 		.4byte	.LASF4
 243 0053 02       		.uleb128 0x2
 244 0054 04       		.byte	0x4
 245 0055 07       		.byte	0x7
 246 0056 5E010000 		.4byte	.LASF5
 247 005a 02       		.uleb128 0x2
 248 005b 08       		.byte	0x8
 249 005c 05       		.byte	0x5
 250 005d EC010000 		.4byte	.LASF6
 251 0061 02       		.uleb128 0x2
 252 0062 08       		.byte	0x8
 253 0063 07       		.byte	0x7
 254 0064 96010000 		.4byte	.LASF7
 255 0068 04       		.uleb128 0x4
 256 0069 04       		.byte	0x4
 257 006a 05       		.byte	0x5
 258 006b 696E7400 		.ascii	"int\000"
 259 006f 02       		.uleb128 0x2
 260 0070 04       		.byte	0x4
 261 0071 07       		.byte	0x7
 262 0072 89010000 		.4byte	.LASF8
 263 0076 03       		.uleb128 0x3
 264 0077 19000000 		.4byte	.LASF10
 265 007b 03       		.byte	0x3
 266 007c 2C       		.byte	0x2c
ARM GAS  C:\Users\adria\AppData\Local\Temp\ccHKzrHp.s 			page 7


 267 007d 41000000 		.4byte	0x41
 268 0081 05       		.uleb128 0x5
 269 0082 20020000 		.4byte	.LASF11
 270 0086 04       		.byte	0x4
 271 0087 E901     		.2byte	0x1e9
 272 0089 2C000000 		.4byte	0x2c
 273 008d 05       		.uleb128 0x5
 274 008e 75010000 		.4byte	.LASF12
 275 0092 04       		.byte	0x4
 276 0093 EA01     		.2byte	0x1ea
 277 0095 3A000000 		.4byte	0x3a
 278 0099 05       		.uleb128 0x5
 279 009a E8000000 		.4byte	.LASF13
 280 009e 04       		.byte	0x4
 281 009f ED01     		.2byte	0x1ed
 282 00a1 33000000 		.4byte	0x33
 283 00a5 02       		.uleb128 0x2
 284 00a6 04       		.byte	0x4
 285 00a7 04       		.byte	0x4
 286 00a8 29000000 		.4byte	.LASF14
 287 00ac 02       		.uleb128 0x2
 288 00ad 08       		.byte	0x8
 289 00ae 04       		.byte	0x4
 290 00af 12000000 		.4byte	.LASF15
 291 00b3 02       		.uleb128 0x2
 292 00b4 01       		.byte	0x1
 293 00b5 08       		.byte	0x8
 294 00b6 01020000 		.4byte	.LASF16
 295 00ba 02       		.uleb128 0x2
 296 00bb 08       		.byte	0x8
 297 00bc 04       		.byte	0x4
 298 00bd CA010000 		.4byte	.LASF17
 299 00c1 02       		.uleb128 0x2
 300 00c2 04       		.byte	0x4
 301 00c3 07       		.byte	0x7
 302 00c4 E3010000 		.4byte	.LASF18
 303 00c8 06       		.uleb128 0x6
 304 00c9 B3000000 		.4byte	0xb3
 305 00cd 07       		.uleb128 0x7
 306 00ce 70010000 		.4byte	.LASF40
 307 00d2 01       		.byte	0x1
 308 00d3 12       		.byte	0x12
 309 00d4 68000000 		.4byte	0x68
 310 00d8 00000000 		.4byte	.LFB63
 311 00dc 90000000 		.4byte	.LFE63-.LFB63
 312 00e0 01       		.uleb128 0x1
 313 00e1 9C       		.byte	0x9c
 314 00e2 86010000 		.4byte	0x186
 315 00e6 08       		.uleb128 0x8
 316 00e7 22000000 		.4byte	.LBB2
 317 00eb 52000000 		.4byte	.LBE2-.LBB2
 318 00ef 4A010000 		.4byte	0x14a
 319 00f3 09       		.uleb128 0x9
 320 00f4 30010000 		.4byte	.LASF19
 321 00f8 01       		.byte	0x1
 322 00f9 25       		.byte	0x25
 323 00fa 99000000 		.4byte	0x99
ARM GAS  C:\Users\adria\AppData\Local\Temp\ccHKzrHp.s 			page 8


 324 00fe 00000000 		.4byte	.LLST0
 325 0102 08       		.uleb128 0x8
 326 0103 3C000000 		.4byte	.LBB3
 327 0107 22000000 		.4byte	.LBE3-.LBB3
 328 010b 1D010000 		.4byte	0x11d
 329 010f 0A       		.uleb128 0xa
 330 0110 6900     		.ascii	"i\000"
 331 0112 01       		.byte	0x1
 332 0113 2A       		.byte	0x2a
 333 0114 B3000000 		.4byte	0xb3
 334 0118 13000000 		.4byte	.LLST1
 335 011c 00       		.byte	0
 336 011d 0B       		.uleb128 0xb
 337 011e 26000000 		.4byte	.LVL5
 338 0122 1E020000 		.4byte	0x21e
 339 0126 0B       		.uleb128 0xb
 340 0127 2A000000 		.4byte	.LVL6
 341 012b 29020000 		.4byte	0x229
 342 012f 0B       		.uleb128 0xb
 343 0130 66000000 		.4byte	.LVL12
 344 0134 34020000 		.4byte	0x234
 345 0138 0C       		.uleb128 0xc
 346 0139 6E000000 		.4byte	.LVL13
 347 013d 3F020000 		.4byte	0x23f
 348 0141 0D       		.uleb128 0xd
 349 0142 01       		.uleb128 0x1
 350 0143 50       		.byte	0x50
 351 0144 03       		.uleb128 0x3
 352 0145 0A       		.byte	0xa
 353 0146 F401     		.2byte	0x1f4
 354 0148 00       		.byte	0
 355 0149 00       		.byte	0
 356 014a 0B       		.uleb128 0xb
 357 014b 08000000 		.4byte	.LVL0
 358 014f 4A020000 		.4byte	0x24a
 359 0153 0B       		.uleb128 0xb
 360 0154 0C000000 		.4byte	.LVL1
 361 0158 55020000 		.4byte	0x255
 362 015c 0B       		.uleb128 0xb
 363 015d 10000000 		.4byte	.LVL2
 364 0161 60020000 		.4byte	0x260
 365 0165 0E       		.uleb128 0xe
 366 0166 16000000 		.4byte	.LVL3
 367 016a 6B020000 		.4byte	0x26b
 368 016e 7C010000 		.4byte	0x17c
 369 0172 0D       		.uleb128 0xd
 370 0173 01       		.uleb128 0x1
 371 0174 50       		.byte	0x50
 372 0175 05       		.uleb128 0x5
 373 0176 03       		.byte	0x3
 374 0177 00000000 		.4byte	.LC0
 375 017b 00       		.byte	0
 376 017c 0B       		.uleb128 0xb
 377 017d 20000000 		.4byte	.LVL4
 378 0181 76020000 		.4byte	0x276
 379 0185 00       		.byte	0
 380 0186 0F       		.uleb128 0xf
ARM GAS  C:\Users\adria\AppData\Local\Temp\ccHKzrHp.s 			page 9


 381 0187 7C010000 		.4byte	.LASF20
 382 018b 05       		.byte	0x5
 383 018c 1207     		.2byte	0x712
 384 018e 92010000 		.4byte	0x192
 385 0192 10       		.uleb128 0x10
 386 0193 76000000 		.4byte	0x76
 387 0197 11       		.uleb128 0x11
 388 0198 06020000 		.4byte	.LASF21
 389 019c 01       		.byte	0x1
 390 019d 08       		.byte	0x8
 391 019e 81000000 		.4byte	0x81
 392 01a2 05       		.uleb128 0x5
 393 01a3 03       		.byte	0x3
 394 01a4 00000000 		.4byte	retMode
 395 01a8 11       		.uleb128 0x11
 396 01a9 34020000 		.4byte	.LASF22
 397 01ad 01       		.byte	0x1
 398 01ae 09       		.byte	0x9
 399 01af 99000000 		.4byte	0x99
 400 01b3 05       		.uleb128 0x5
 401 01b4 03       		.byte	0x3
 402 01b5 00000000 		.4byte	lectura
 403 01b9 11       		.uleb128 0x11
 404 01ba 0A000000 		.4byte	.LASF23
 405 01be 01       		.byte	0x1
 406 01bf 0A       		.byte	0xa
 407 01c0 99000000 		.4byte	0x99
 408 01c4 05       		.uleb128 0x5
 409 01c5 03       		.byte	0x3
 410 01c6 00000000 		.4byte	ADC_out
 411 01ca 11       		.uleb128 0x11
 412 01cb 21000000 		.4byte	.LASF24
 413 01cf 01       		.byte	0x1
 414 01d0 0D       		.byte	0xd
 415 01d1 C8000000 		.4byte	0xc8
 416 01d5 05       		.uleb128 0x5
 417 01d6 03       		.byte	0x3
 418 01d7 00000000 		.4byte	VENTANA
 419 01db 11       		.uleb128 0x11
 420 01dc 2F020000 		.4byte	.LASF25
 421 01e0 01       		.byte	0x1
 422 01e1 0E       		.byte	0xe
 423 01e2 B3000000 		.4byte	0xb3
 424 01e6 05       		.uleb128 0x5
 425 01e7 03       		.byte	0x3
 426 01e8 00000000 		.4byte	cont
 427 01ec 12       		.uleb128 0x12
 428 01ed 8D000000 		.4byte	0x8d
 429 01f1 FC010000 		.4byte	0x1fc
 430 01f5 13       		.uleb128 0x13
 431 01f6 C1000000 		.4byte	0xc1
 432 01fa 04       		.byte	0x4
 433 01fb 00       		.byte	0
 434 01fc 11       		.uleb128 0x11
 435 01fd 18020000 		.4byte	.LASF26
 436 0201 01       		.byte	0x1
 437 0202 0F       		.byte	0xf
ARM GAS  C:\Users\adria\AppData\Local\Temp\ccHKzrHp.s 			page 10


 438 0203 EC010000 		.4byte	0x1ec
 439 0207 05       		.uleb128 0x5
 440 0208 03       		.byte	0x3
 441 0209 00000000 		.4byte	valores
 442 020d 11       		.uleb128 0x11
 443 020e 53020000 		.4byte	.LASF27
 444 0212 01       		.byte	0x1
 445 0213 10       		.byte	0x10
 446 0214 EC010000 		.4byte	0x1ec
 447 0218 05       		.uleb128 0x5
 448 0219 03       		.byte	0x3
 449 021a 00000000 		.4byte	pesos
 450 021e 14       		.uleb128 0x14
 451 021f 20010000 		.4byte	.LASF28
 452 0223 20010000 		.4byte	.LASF28
 453 0227 06       		.byte	0x6
 454 0228 3B       		.byte	0x3b
 455 0229 14       		.uleb128 0x14
 456 022a B7010000 		.4byte	.LASF29
 457 022e B7010000 		.4byte	.LASF29
 458 0232 06       		.byte	0x6
 459 0233 41       		.byte	0x41
 460 0234 14       		.uleb128 0x14
 461 0235 D6010000 		.4byte	.LASF30
 462 0239 D6010000 		.4byte	.LASF30
 463 023d 07       		.byte	0x7
 464 023e 8A       		.byte	0x8a
 465 023f 14       		.uleb128 0x14
 466 0240 4B020000 		.4byte	.LASF31
 467 0244 4B020000 		.4byte	.LASF31
 468 0248 08       		.byte	0x8
 469 0249 76       		.byte	0x76
 470 024a 14       		.uleb128 0x14
 471 024b 15010000 		.4byte	.LASF32
 472 024f 15010000 		.4byte	.LASF32
 473 0253 07       		.byte	0x7
 474 0254 54       		.byte	0x54
 475 0255 14       		.uleb128 0x14
 476 0256 AD010000 		.4byte	.LASF33
 477 025a AD010000 		.4byte	.LASF33
 478 025e 06       		.byte	0x6
 479 025f 34       		.byte	0x34
 480 0260 14       		.uleb128 0x14
 481 0261 D7000000 		.4byte	.LASF34
 482 0265 D7000000 		.4byte	.LASF34
 483 0269 06       		.byte	0x6
 484 026a D1       		.byte	0xd1
 485 026b 14       		.uleb128 0x14
 486 026c 3C020000 		.4byte	.LASF35
 487 0270 3C020000 		.4byte	.LASF35
 488 0274 07       		.byte	0x7
 489 0275 8B       		.byte	0x8b
 490 0276 14       		.uleb128 0x14
 491 0277 EE000000 		.4byte	.LASF36
 492 027b EE000000 		.4byte	.LASF36
 493 027f 06       		.byte	0x6
 494 0280 39       		.byte	0x39
ARM GAS  C:\Users\adria\AppData\Local\Temp\ccHKzrHp.s 			page 11


 495 0281 00       		.byte	0
 496              		.section	.debug_abbrev,"",%progbits
 497              	.Ldebug_abbrev0:
 498 0000 01       		.uleb128 0x1
 499 0001 11       		.uleb128 0x11
 500 0002 01       		.byte	0x1
 501 0003 25       		.uleb128 0x25
 502 0004 0E       		.uleb128 0xe
 503 0005 13       		.uleb128 0x13
 504 0006 0B       		.uleb128 0xb
 505 0007 03       		.uleb128 0x3
 506 0008 0E       		.uleb128 0xe
 507 0009 1B       		.uleb128 0x1b
 508 000a 0E       		.uleb128 0xe
 509 000b 55       		.uleb128 0x55
 510 000c 17       		.uleb128 0x17
 511 000d 11       		.uleb128 0x11
 512 000e 01       		.uleb128 0x1
 513 000f 10       		.uleb128 0x10
 514 0010 17       		.uleb128 0x17
 515 0011 00       		.byte	0
 516 0012 00       		.byte	0
 517 0013 02       		.uleb128 0x2
 518 0014 24       		.uleb128 0x24
 519 0015 00       		.byte	0
 520 0016 0B       		.uleb128 0xb
 521 0017 0B       		.uleb128 0xb
 522 0018 3E       		.uleb128 0x3e
 523 0019 0B       		.uleb128 0xb
 524 001a 03       		.uleb128 0x3
 525 001b 0E       		.uleb128 0xe
 526 001c 00       		.byte	0
 527 001d 00       		.byte	0
 528 001e 03       		.uleb128 0x3
 529 001f 16       		.uleb128 0x16
 530 0020 00       		.byte	0
 531 0021 03       		.uleb128 0x3
 532 0022 0E       		.uleb128 0xe
 533 0023 3A       		.uleb128 0x3a
 534 0024 0B       		.uleb128 0xb
 535 0025 3B       		.uleb128 0x3b
 536 0026 0B       		.uleb128 0xb
 537 0027 49       		.uleb128 0x49
 538 0028 13       		.uleb128 0x13
 539 0029 00       		.byte	0
 540 002a 00       		.byte	0
 541 002b 04       		.uleb128 0x4
 542 002c 24       		.uleb128 0x24
 543 002d 00       		.byte	0
 544 002e 0B       		.uleb128 0xb
 545 002f 0B       		.uleb128 0xb
 546 0030 3E       		.uleb128 0x3e
 547 0031 0B       		.uleb128 0xb
 548 0032 03       		.uleb128 0x3
 549 0033 08       		.uleb128 0x8
 550 0034 00       		.byte	0
 551 0035 00       		.byte	0
ARM GAS  C:\Users\adria\AppData\Local\Temp\ccHKzrHp.s 			page 12


 552 0036 05       		.uleb128 0x5
 553 0037 16       		.uleb128 0x16
 554 0038 00       		.byte	0
 555 0039 03       		.uleb128 0x3
 556 003a 0E       		.uleb128 0xe
 557 003b 3A       		.uleb128 0x3a
 558 003c 0B       		.uleb128 0xb
 559 003d 3B       		.uleb128 0x3b
 560 003e 05       		.uleb128 0x5
 561 003f 49       		.uleb128 0x49
 562 0040 13       		.uleb128 0x13
 563 0041 00       		.byte	0
 564 0042 00       		.byte	0
 565 0043 06       		.uleb128 0x6
 566 0044 26       		.uleb128 0x26
 567 0045 00       		.byte	0
 568 0046 49       		.uleb128 0x49
 569 0047 13       		.uleb128 0x13
 570 0048 00       		.byte	0
 571 0049 00       		.byte	0
 572 004a 07       		.uleb128 0x7
 573 004b 2E       		.uleb128 0x2e
 574 004c 01       		.byte	0x1
 575 004d 3F       		.uleb128 0x3f
 576 004e 19       		.uleb128 0x19
 577 004f 03       		.uleb128 0x3
 578 0050 0E       		.uleb128 0xe
 579 0051 3A       		.uleb128 0x3a
 580 0052 0B       		.uleb128 0xb
 581 0053 3B       		.uleb128 0x3b
 582 0054 0B       		.uleb128 0xb
 583 0055 27       		.uleb128 0x27
 584 0056 19       		.uleb128 0x19
 585 0057 49       		.uleb128 0x49
 586 0058 13       		.uleb128 0x13
 587 0059 8701     		.uleb128 0x87
 588 005b 19       		.uleb128 0x19
 589 005c 11       		.uleb128 0x11
 590 005d 01       		.uleb128 0x1
 591 005e 12       		.uleb128 0x12
 592 005f 06       		.uleb128 0x6
 593 0060 40       		.uleb128 0x40
 594 0061 18       		.uleb128 0x18
 595 0062 9642     		.uleb128 0x2116
 596 0064 19       		.uleb128 0x19
 597 0065 01       		.uleb128 0x1
 598 0066 13       		.uleb128 0x13
 599 0067 00       		.byte	0
 600 0068 00       		.byte	0
 601 0069 08       		.uleb128 0x8
 602 006a 0B       		.uleb128 0xb
 603 006b 01       		.byte	0x1
 604 006c 11       		.uleb128 0x11
 605 006d 01       		.uleb128 0x1
 606 006e 12       		.uleb128 0x12
 607 006f 06       		.uleb128 0x6
 608 0070 01       		.uleb128 0x1
ARM GAS  C:\Users\adria\AppData\Local\Temp\ccHKzrHp.s 			page 13


 609 0071 13       		.uleb128 0x13
 610 0072 00       		.byte	0
 611 0073 00       		.byte	0
 612 0074 09       		.uleb128 0x9
 613 0075 34       		.uleb128 0x34
 614 0076 00       		.byte	0
 615 0077 03       		.uleb128 0x3
 616 0078 0E       		.uleb128 0xe
 617 0079 3A       		.uleb128 0x3a
 618 007a 0B       		.uleb128 0xb
 619 007b 3B       		.uleb128 0x3b
 620 007c 0B       		.uleb128 0xb
 621 007d 49       		.uleb128 0x49
 622 007e 13       		.uleb128 0x13
 623 007f 02       		.uleb128 0x2
 624 0080 17       		.uleb128 0x17
 625 0081 00       		.byte	0
 626 0082 00       		.byte	0
 627 0083 0A       		.uleb128 0xa
 628 0084 34       		.uleb128 0x34
 629 0085 00       		.byte	0
 630 0086 03       		.uleb128 0x3
 631 0087 08       		.uleb128 0x8
 632 0088 3A       		.uleb128 0x3a
 633 0089 0B       		.uleb128 0xb
 634 008a 3B       		.uleb128 0x3b
 635 008b 0B       		.uleb128 0xb
 636 008c 49       		.uleb128 0x49
 637 008d 13       		.uleb128 0x13
 638 008e 02       		.uleb128 0x2
 639 008f 17       		.uleb128 0x17
 640 0090 00       		.byte	0
 641 0091 00       		.byte	0
 642 0092 0B       		.uleb128 0xb
 643 0093 898201   		.uleb128 0x4109
 644 0096 00       		.byte	0
 645 0097 11       		.uleb128 0x11
 646 0098 01       		.uleb128 0x1
 647 0099 31       		.uleb128 0x31
 648 009a 13       		.uleb128 0x13
 649 009b 00       		.byte	0
 650 009c 00       		.byte	0
 651 009d 0C       		.uleb128 0xc
 652 009e 898201   		.uleb128 0x4109
 653 00a1 01       		.byte	0x1
 654 00a2 11       		.uleb128 0x11
 655 00a3 01       		.uleb128 0x1
 656 00a4 31       		.uleb128 0x31
 657 00a5 13       		.uleb128 0x13
 658 00a6 00       		.byte	0
 659 00a7 00       		.byte	0
 660 00a8 0D       		.uleb128 0xd
 661 00a9 8A8201   		.uleb128 0x410a
 662 00ac 00       		.byte	0
 663 00ad 02       		.uleb128 0x2
 664 00ae 18       		.uleb128 0x18
 665 00af 9142     		.uleb128 0x2111
ARM GAS  C:\Users\adria\AppData\Local\Temp\ccHKzrHp.s 			page 14


 666 00b1 18       		.uleb128 0x18
 667 00b2 00       		.byte	0
 668 00b3 00       		.byte	0
 669 00b4 0E       		.uleb128 0xe
 670 00b5 898201   		.uleb128 0x4109
 671 00b8 01       		.byte	0x1
 672 00b9 11       		.uleb128 0x11
 673 00ba 01       		.uleb128 0x1
 674 00bb 31       		.uleb128 0x31
 675 00bc 13       		.uleb128 0x13
 676 00bd 01       		.uleb128 0x1
 677 00be 13       		.uleb128 0x13
 678 00bf 00       		.byte	0
 679 00c0 00       		.byte	0
 680 00c1 0F       		.uleb128 0xf
 681 00c2 34       		.uleb128 0x34
 682 00c3 00       		.byte	0
 683 00c4 03       		.uleb128 0x3
 684 00c5 0E       		.uleb128 0xe
 685 00c6 3A       		.uleb128 0x3a
 686 00c7 0B       		.uleb128 0xb
 687 00c8 3B       		.uleb128 0x3b
 688 00c9 05       		.uleb128 0x5
 689 00ca 49       		.uleb128 0x49
 690 00cb 13       		.uleb128 0x13
 691 00cc 3F       		.uleb128 0x3f
 692 00cd 19       		.uleb128 0x19
 693 00ce 3C       		.uleb128 0x3c
 694 00cf 19       		.uleb128 0x19
 695 00d0 00       		.byte	0
 696 00d1 00       		.byte	0
 697 00d2 10       		.uleb128 0x10
 698 00d3 35       		.uleb128 0x35
 699 00d4 00       		.byte	0
 700 00d5 49       		.uleb128 0x49
 701 00d6 13       		.uleb128 0x13
 702 00d7 00       		.byte	0
 703 00d8 00       		.byte	0
 704 00d9 11       		.uleb128 0x11
 705 00da 34       		.uleb128 0x34
 706 00db 00       		.byte	0
 707 00dc 03       		.uleb128 0x3
 708 00dd 0E       		.uleb128 0xe
 709 00de 3A       		.uleb128 0x3a
 710 00df 0B       		.uleb128 0xb
 711 00e0 3B       		.uleb128 0x3b
 712 00e1 0B       		.uleb128 0xb
 713 00e2 49       		.uleb128 0x49
 714 00e3 13       		.uleb128 0x13
 715 00e4 3F       		.uleb128 0x3f
 716 00e5 19       		.uleb128 0x19
 717 00e6 02       		.uleb128 0x2
 718 00e7 18       		.uleb128 0x18
 719 00e8 00       		.byte	0
 720 00e9 00       		.byte	0
 721 00ea 12       		.uleb128 0x12
 722 00eb 01       		.uleb128 0x1
ARM GAS  C:\Users\adria\AppData\Local\Temp\ccHKzrHp.s 			page 15


 723 00ec 01       		.byte	0x1
 724 00ed 49       		.uleb128 0x49
 725 00ee 13       		.uleb128 0x13
 726 00ef 01       		.uleb128 0x1
 727 00f0 13       		.uleb128 0x13
 728 00f1 00       		.byte	0
 729 00f2 00       		.byte	0
 730 00f3 13       		.uleb128 0x13
 731 00f4 21       		.uleb128 0x21
 732 00f5 00       		.byte	0
 733 00f6 49       		.uleb128 0x49
 734 00f7 13       		.uleb128 0x13
 735 00f8 2F       		.uleb128 0x2f
 736 00f9 0B       		.uleb128 0xb
 737 00fa 00       		.byte	0
 738 00fb 00       		.byte	0
 739 00fc 14       		.uleb128 0x14
 740 00fd 2E       		.uleb128 0x2e
 741 00fe 00       		.byte	0
 742 00ff 3F       		.uleb128 0x3f
 743 0100 19       		.uleb128 0x19
 744 0101 3C       		.uleb128 0x3c
 745 0102 19       		.uleb128 0x19
 746 0103 6E       		.uleb128 0x6e
 747 0104 0E       		.uleb128 0xe
 748 0105 03       		.uleb128 0x3
 749 0106 0E       		.uleb128 0xe
 750 0107 3A       		.uleb128 0x3a
 751 0108 0B       		.uleb128 0xb
 752 0109 3B       		.uleb128 0x3b
 753 010a 0B       		.uleb128 0xb
 754 010b 00       		.byte	0
 755 010c 00       		.byte	0
 756 010d 00       		.byte	0
 757              		.section	.debug_loc,"",%progbits
 758              	.Ldebug_loc0:
 759              	.LLST0:
 760 0000 26000000 		.4byte	.LVL5
 761 0004 29000000 		.4byte	.LVL6-1
 762 0008 0100     		.2byte	0x1
 763 000a 50       		.byte	0x50
 764 000b 00000000 		.4byte	0
 765 000f 00000000 		.4byte	0
 766              	.LLST1:
 767 0013 3C000000 		.4byte	.LVL8
 768 0017 40000000 		.4byte	.LVL9
 769 001b 0200     		.2byte	0x2
 770 001d 30       		.byte	0x30
 771 001e 9F       		.byte	0x9f
 772 001f 40000000 		.4byte	.LVL9
 773 0023 58000000 		.4byte	.LVL10
 774 0027 0100     		.2byte	0x1
 775 0029 53       		.byte	0x53
 776 002a 5A000000 		.4byte	.LVL11
 777 002e 65000000 		.4byte	.LVL12-1
 778 0032 0100     		.2byte	0x1
 779 0034 53       		.byte	0x53
ARM GAS  C:\Users\adria\AppData\Local\Temp\ccHKzrHp.s 			page 16


 780 0035 00000000 		.4byte	0
 781 0039 00000000 		.4byte	0
 782              		.section	.debug_aranges,"",%progbits
 783 0000 1C000000 		.4byte	0x1c
 784 0004 0200     		.2byte	0x2
 785 0006 00000000 		.4byte	.Ldebug_info0
 786 000a 04       		.byte	0x4
 787 000b 00       		.byte	0
 788 000c 0000     		.2byte	0
 789 000e 0000     		.2byte	0
 790 0010 00000000 		.4byte	.LFB63
 791 0014 90000000 		.4byte	.LFE63-.LFB63
 792 0018 00000000 		.4byte	0
 793 001c 00000000 		.4byte	0
 794              		.section	.debug_ranges,"",%progbits
 795              	.Ldebug_ranges0:
 796 0000 00000000 		.4byte	.LFB63
 797 0004 90000000 		.4byte	.LFE63
 798 0008 00000000 		.4byte	0
 799 000c 00000000 		.4byte	0
 800              		.section	.debug_line,"",%progbits
 801              	.Ldebug_line0:
 802 0000 A6010000 		.section	.debug_str,"MS",%progbits,1
 802      02006A01 
 802      00000201 
 802      FB0E0D00 
 802      01010101 
 803              	.LASF9:
 804 0000 5F5F696E 		.ascii	"__int32_t\000"
 804      7433325F 
 804      7400
 805              	.LASF23:
 806 000a 4144435F 		.ascii	"ADC_out\000"
 806      6F757400 
 807              	.LASF15:
 808 0012 646F7562 		.ascii	"double\000"
 808      6C6500
 809              	.LASF10:
 810 0019 696E7433 		.ascii	"int32_t\000"
 810      325F7400 
 811              	.LASF24:
 812 0021 56454E54 		.ascii	"VENTANA\000"
 812      414E4100 
 813              	.LASF14:
 814 0029 666C6F61 		.ascii	"float\000"
 814      7400
 815              	.LASF0:
 816 002f 7369676E 		.ascii	"signed char\000"
 816      65642063 
 816      68617200 
 817              	.LASF1:
 818 003b 756E7369 		.ascii	"unsigned char\000"
 818      676E6564 
 818      20636861 
 818      7200
 819              	.LASF37:
 820 0049 474E5520 		.ascii	"GNU C11 5.4.1 20160609 (release) [ARM/embedded-5-br"
ARM GAS  C:\Users\adria\AppData\Local\Temp\ccHKzrHp.s 			page 17


 820      43313120 
 820      352E342E 
 820      31203230 
 820      31363036 
 821 007c 616E6368 		.ascii	"anch revision 237715] -mcpu=cortex-m3 -mthumb -g -O"
 821      20726576 
 821      6973696F 
 821      6E203233 
 821      37373135 
 822 00af 67202D66 		.ascii	"g -ffunction-sections -ffat-lto-objects\000"
 822      66756E63 
 822      74696F6E 
 822      2D736563 
 822      74696F6E 
 823              	.LASF34:
 824 00d7 4144435F 		.ascii	"ADC_StartConvert\000"
 824      53746172 
 824      74436F6E 
 824      76657274 
 824      00
 825              	.LASF13:
 826 00e8 696E7431 		.ascii	"int16\000"
 826      3600
 827              	.LASF36:
 828 00ee 4144435F 		.ascii	"ADC_IsEndConversion\000"
 828      4973456E 
 828      64436F6E 
 828      76657273 
 828      696F6E00 
 829              	.LASF3:
 830 0102 73686F72 		.ascii	"short unsigned int\000"
 830      7420756E 
 830      7369676E 
 830      65642069 
 830      6E7400
 831              	.LASF32:
 832 0115 55415254 		.ascii	"UART_Start\000"
 832      5F537461 
 832      727400
 833              	.LASF28:
 834 0120 4144435F 		.ascii	"ADC_GetResult16\000"
 834      47657452 
 834      6573756C 
 834      74313600 
 835              	.LASF19:
 836 0130 6164635F 		.ascii	"adc_raw\000"
 836      72617700 
 837              	.LASF39:
 838 0138 443A5C43 		.ascii	"D:\\Control digital\\Filtros FIRR.cydsn\000"
 838      6F6E7472 
 838      6F6C2064 
 838      69676974 
 838      616C5C46 
 839              	.LASF5:
 840 015e 6C6F6E67 		.ascii	"long unsigned int\000"
 840      20756E73 
 840      69676E65 
ARM GAS  C:\Users\adria\AppData\Local\Temp\ccHKzrHp.s 			page 18


 840      6420696E 
 840      7400
 841              	.LASF40:
 842 0170 6D61696E 		.ascii	"main\000"
 842      00
 843              	.LASF12:
 844 0175 75696E74 		.ascii	"uint16\000"
 844      313600
 845              	.LASF20:
 846 017c 49544D5F 		.ascii	"ITM_RxBuffer\000"
 846      52784275 
 846      66666572 
 846      00
 847              	.LASF8:
 848 0189 756E7369 		.ascii	"unsigned int\000"
 848      676E6564 
 848      20696E74 
 848      00
 849              	.LASF7:
 850 0196 6C6F6E67 		.ascii	"long long unsigned int\000"
 850      206C6F6E 
 850      6720756E 
 850      7369676E 
 850      65642069 
 851              	.LASF33:
 852 01ad 4144435F 		.ascii	"ADC_Start\000"
 852      53746172 
 852      7400
 853              	.LASF29:
 854 01b7 4144435F 		.ascii	"ADC_CountsTo_Volts\000"
 854      436F756E 
 854      7473546F 
 854      5F566F6C 
 854      747300
 855              	.LASF17:
 856 01ca 6C6F6E67 		.ascii	"long double\000"
 856      20646F75 
 856      626C6500 
 857              	.LASF30:
 858 01d6 55415254 		.ascii	"UART_PutChar\000"
 858      5F507574 
 858      43686172 
 858      00
 859              	.LASF18:
 860 01e3 73697A65 		.ascii	"sizetype\000"
 860      74797065 
 860      00
 861              	.LASF6:
 862 01ec 6C6F6E67 		.ascii	"long long int\000"
 862      206C6F6E 
 862      6720696E 
 862      7400
 863              	.LASF38:
 864 01fa 6D61696E 		.ascii	"main.c\000"
 864      2E6300
 865              	.LASF16:
 866 0201 63686172 		.ascii	"char\000"
ARM GAS  C:\Users\adria\AppData\Local\Temp\ccHKzrHp.s 			page 19


 866      00
 867              	.LASF21:
 868 0206 7265744D 		.ascii	"retMode\000"
 868      6F646500 
 869              	.LASF2:
 870 020e 73686F72 		.ascii	"short int\000"
 870      7420696E 
 870      7400
 871              	.LASF26:
 872 0218 76616C6F 		.ascii	"valores\000"
 872      72657300 
 873              	.LASF11:
 874 0220 75696E74 		.ascii	"uint8\000"
 874      3800
 875              	.LASF4:
 876 0226 6C6F6E67 		.ascii	"long int\000"
 876      20696E74 
 876      00
 877              	.LASF25:
 878 022f 636F6E74 		.ascii	"cont\000"
 878      00
 879              	.LASF22:
 880 0234 6C656374 		.ascii	"lectura\000"
 880      75726100 
 881              	.LASF35:
 882 023c 55415254 		.ascii	"UART_PutString\000"
 882      5F507574 
 882      53747269 
 882      6E6700
 883              	.LASF31:
 884 024b 43794465 		.ascii	"CyDelay\000"
 884      6C617900 
 885              	.LASF27:
 886 0253 7065736F 		.ascii	"pesos\000"
 886      7300
 887              		.ident	"GCC: (GNU Tools for ARM Embedded Processors) 5.4.1 20160609 (release) [ARM/embedded-5-bran
