Loading plugins phase: Elapsed time ==> 0s.260ms
<CYPRESSTAG name="CyDsfit arguments...">
cydsfit arguments: -.fdsnotice -.fdswarpdepfile=warp_dependencies.txt -.fdselabdepfile=elab_dependencies.txt -.fdsbldfile=generated_files.txt -.fdsreffile=referenced_files.txt -p C:\Users\adria\OneDrive\Documents\psoc\Simulacion_sensores_en_linea\Simulacion_sensores_en_linea.cydsn\Simulacion_sensores_en_linea.cyprj -d CY8C5888LTI-LP097 -s C:\Users\adria\OneDrive\Documents\psoc\Simulacion_sensores_en_linea\Simulacion_sensores_en_linea.cydsn\Generated_Source\PSoC5 -- -yv2 -q10 -ygs -o2 -v3 -.fftcfgtype=LE
</CYPRESSTAG>
<CYPRESSTAG name="Design elaboration results...">
</CYPRESSTAG>
Elaboration phase: Elapsed time ==> 2s.294ms
<CYPRESSTAG name="HDL generation results...">
</CYPRESSTAG>
HDL generation phase: Elapsed time ==> 0s.039ms
<CYPRESSTAG name="Synthesis results...">

     | | | | | | |
   _________________
  -|               |-
  -|               |-
  -|               |-
  -|    CYPRESS    |-
  -|               |-
  -|               |-   Warp Verilog Synthesis Compiler: Version 6.3 IR 41
  -|               |-   Copyright (C) 1991-2001 Cypress Semiconductor
   |_______________|
     | | | | | | |

======================================================================
Compiling:  Simulacion_sensores_en_linea.v
Program  :   C:\Program Files (x86)\Cypress\PSoC Creator\4.4\PSoC Creator\warp\bin\warp.exe
Options  :    -yv2 -q10 -ygs -o2 -v3 -.fftcfgtype=LE -ya -.fftprj=C:\Users\adria\OneDrive\Documents\psoc\Simulacion_sensores_en_linea\Simulacion_sensores_en_linea.cydsn\Simulacion_sensores_en_linea.cyprj -dcpsoc3 Simulacion_sensores_en_linea.v -verilog
======================================================================

======================================================================
Compiling:  Simulacion_sensores_en_linea.v
Program  :   C:\Program Files (x86)\Cypress\PSoC Creator\4.4\PSoC Creator\warp\bin\warp.exe
Options  :    -yv2 -q10 -ygs -o2 -v3 -.fftcfgtype=LE -ya -.fftprj=C:\Users\adria\OneDrive\Documents\psoc\Simulacion_sensores_en_linea\Simulacion_sensores_en_linea.cydsn\Simulacion_sensores_en_linea.cyprj -dcpsoc3 Simulacion_sensores_en_linea.v -verilog
======================================================================

======================================================================
Compiling:  Simulacion_sensores_en_linea.v
Program  :   vlogfe
Options  :    -yv2 -q10 -ygs -o2 -v3 -.fftcfgtype=LE -ya -.fftprj=C:\Users\adria\OneDrive\Documents\psoc\Simulacion_sensores_en_linea\Simulacion_sensores_en_linea.cydsn\Simulacion_sensores_en_linea.cyprj -dcpsoc3 -verilog Simulacion_sensores_en_linea.v
======================================================================

vlogfe V6.3 IR 41:  Verilog parser
Sun Sep 10 11:52:45 2023


======================================================================
Compiling:  Simulacion_sensores_en_linea.v
Program  :   vpp
Options  :    -yv2 -q10 Simulacion_sensores_en_linea.v
======================================================================

vpp V6.3 IR 41:  Verilog Pre-Processor
Sun Sep 10 11:52:45 2023

Flattening file 'C:\Program Files (x86)\Cypress\PSoC Creator\4.4\PSoC Creator\psoc\content\CyPrimitives\cyprimitives.cylib\cy_virtualmux_v1_0\cy_virtualmux_v1_0.v'
Flattening file 'C:\Program Files (x86)\Cypress\PSoC Creator\4.4\PSoC Creator\psoc\content\CyComponentLibrary\CyComponentLibrary.cylib\B_UART_v2_50\B_UART_v2_50.v'
Flattening file 'C:\Program Files (x86)\Cypress\PSoC Creator\4.4\PSoC Creator\warp\lib\common\cypress.v'
Flattening file 'C:\Program Files (x86)\Cypress\PSoC Creator\4.4\PSoC Creator\warp\lib\common\cy_psoc3_inc.v'
Flattening file 'C:\Program Files (x86)\Cypress\PSoC Creator\4.4\PSoC Creator\psoc\content\CyComponentLibrary\CyComponentLibrary.cylib\Debouncer_v1_0\Debouncer_v1_0.v'
Flattening file 'C:\Program Files (x86)\Cypress\PSoC Creator\4.4\PSoC Creator\warp\lib\common\cypress.v'
Flattening file 'C:\Program Files (x86)\Cypress\PSoC Creator\4.4\PSoC Creator\psoc\content\CyPrimitives\cyprimitives.cylib\CyStatusReg_v1_90\CyStatusReg_v1_90.v'
Flattening file 'C:\Program Files (x86)\Cypress\PSoC Creator\4.4\PSoC Creator\warp\lib\common\cypress.v'

vpp:  No errors.

Library 'work' => directory 'lcpsoc3'
General_symbol_table
General_symbol_table
Linking 'C:\Program Files (x86)\Cypress\PSoC Creator\4.4\PSoC Creator\warp\lib\common\std.vhd'.
Linking 'C:\Program Files (x86)\Cypress\PSoC Creator\4.4\PSoC Creator\warp\lib\common\cypress.vhd'.
Linking 'C:\Program Files (x86)\Cypress\PSoC Creator\4.4\PSoC Creator\warp\lib\common\work\cypress.vif'.
Linking 'C:\Program Files (x86)\Cypress\PSoC Creator\4.4\PSoC Creator\warp\lib\ieee\work\stdlogic.vif'.
Linking 'C:\Program Files (x86)\Cypress\PSoC Creator\4.4\PSoC Creator\warp\lib\common\stdlogic\lpmpkg.vif'.
Linking 'C:\Program Files (x86)\Cypress\PSoC Creator\4.4\PSoC Creator\warp\lib\common\stdlogic\rtlpkg.vif'.
Linking 'C:\Program Files (x86)\Cypress\PSoC Creator\4.4\PSoC Creator\warp\lib\common\stdlogic\mod_cnst.vif'.
Linking 'C:\Program Files (x86)\Cypress\PSoC Creator\4.4\PSoC Creator\warp\lib\common\stdlogic\mod_mthv.vif'.
Linking 'C:\Program Files (x86)\Cypress\PSoC Creator\4.4\PSoC Creator\warp\lib\common\stdlogic\mod_genv.vif'.
Using control file 'Simulacion_sensores_en_linea.ctl'.
C:\Program Files (x86)\Cypress\PSoC Creator\4.4\PSoC Creator\psoc\content\CyComponentLibrary\CyComponentLibrary.cylib\B_UART_v2_50\B_UART_v2_50.v (line 1113, col 55):  Note: Substituting module 'add_vv_vv' for '+'.
C:\Program Files (x86)\Cypress\PSoC Creator\4.4\PSoC Creator\psoc\content\CyComponentLibrary\CyComponentLibrary.cylib\B_UART_v2_50\B_UART_v2_50.v (line 1122, col 48):  Note: Substituting module 'cmp_vv_vv' for '<'.
C:\Program Files (x86)\Cypress\PSoC Creator\4.4\PSoC Creator\psoc\content\CyComponentLibrary\CyComponentLibrary.cylib\B_UART_v2_50\B_UART_v2_50.v (line 1122, col 77):  Note: Substituting module 'cmp_vv_vv' for '<'.
C:\Program Files (x86)\Cypress\PSoC Creator\4.4\PSoC Creator\psoc\content\CyComponentLibrary\CyComponentLibrary.cylib\B_UART_v2_50\B_UART_v2_50.v (line 1389, col 59):  Note: Substituting module 'cmp_vv_vv' for '<'.
C:\Program Files (x86)\Cypress\PSoC Creator\4.4\PSoC Creator\psoc\content\CyComponentLibrary\CyComponentLibrary.cylib\B_UART_v2_50\B_UART_v2_50.v (line 1424, col 61):  Note: Substituting module 'cmp_vv_vv' for '/='.
C:\Program Files (x86)\Cypress\PSoC Creator\4.4\PSoC Creator\psoc\content\CyComponentLibrary\CyComponentLibrary.cylib\B_UART_v2_50\B_UART_v2_50.v (line 1547, col 106):  Note: Substituting module 'cmp_vv_vv' for '<'.
C:\Program Files (x86)\Cypress\PSoC Creator\4.4\PSoC Creator\psoc\content\CyComponentLibrary\CyComponentLibrary.cylib\B_UART_v2_50\B_UART_v2_50.v (line 1603, col 68):  Note: Substituting module 'cmp_vv_vv' for '<'.
C:\Program Files (x86)\Cypress\PSoC Creator\4.4\PSoC Creator\psoc\content\CyComponentLibrary\CyComponentLibrary.cylib\B_UART_v2_50\B_UART_v2_50.v (line 1604, col 68):  Note: Substituting module 'cmp_vv_vv' for '<'.
Linking 'C:\Program Files (x86)\Cypress\PSoC Creator\4.4\PSoC Creator\warp\lib\common\stdlogic\cy_psoc3pkg.vif'.
Linking 'C:\Program Files (x86)\Cypress\PSoC Creator\4.4\PSoC Creator\warp\lib\common\stdlogic\cy_psoc3.vif'.

vlogfe:  No errors.


======================================================================
Compiling:  Simulacion_sensores_en_linea.v
Program  :   tovif
Options  :    -yv2 -q10 -ygs -o2 -v3 -.fftcfgtype=LE -ya -.fftprj=C:\Users\adria\OneDrive\Documents\psoc\Simulacion_sensores_en_linea\Simulacion_sensores_en_linea.cydsn\Simulacion_sensores_en_linea.cyprj -dcpsoc3 -verilog Simulacion_sensores_en_linea.v
======================================================================

tovif V6.3 IR 41:  High-level synthesis
Sun Sep 10 11:52:45 2023

Linking 'C:\Program Files (x86)\Cypress\PSoC Creator\4.4\PSoC Creator\warp\lib\common\std.vhd'.
Linking 'C:\Program Files (x86)\Cypress\PSoC Creator\4.4\PSoC Creator\warp\lib\common\cypress.vhd'.
Linking 'C:\Program Files (x86)\Cypress\PSoC Creator\4.4\PSoC Creator\warp\lib\common\work\cypress.vif'.
Linking 'C:\Program Files (x86)\Cypress\PSoC Creator\4.4\PSoC Creator\warp\lib\ieee\work\stdlogic.vif'.
Linking 'C:\Program Files (x86)\Cypress\PSoC Creator\4.4\PSoC Creator\warp\lib\common\stdlogic\lpmpkg.vif'.
Linking 'C:\Program Files (x86)\Cypress\PSoC Creator\4.4\PSoC Creator\warp\lib\common\stdlogic\rtlpkg.vif'.
Linking 'C:\Program Files (x86)\Cypress\PSoC Creator\4.4\PSoC Creator\warp\lib\common\stdlogic\mod_cnst.vif'.
Linking 'C:\Program Files (x86)\Cypress\PSoC Creator\4.4\PSoC Creator\warp\lib\common\stdlogic\mod_mthv.vif'.
Linking 'C:\Program Files (x86)\Cypress\PSoC Creator\4.4\PSoC Creator\warp\lib\common\stdlogic\mod_genv.vif'.
Linking 'C:\Users\adria\OneDrive\Documents\psoc\Simulacion_sensores_en_linea\Simulacion_sensores_en_linea.cydsn\codegentemp\Simulacion_sensores_en_linea.ctl'.
Linking 'C:\Program Files (x86)\Cypress\PSoC Creator\4.4\PSoC Creator\psoc\content\CyPrimitives\cyprimitives.cylib\cy_virtualmux_v1_0\cy_virtualmux_v1_0.v'.
Linking 'C:\Users\adria\OneDrive\Documents\psoc\Simulacion_sensores_en_linea\Simulacion_sensores_en_linea.cydsn\codegentemp\Simulacion_sensores_en_linea.v'.
Linking 'C:\Program Files (x86)\Cypress\PSoC Creator\4.4\PSoC Creator\psoc\content\CyComponentLibrary\CyComponentLibrary.cylib\B_UART_v2_50\B_UART_v2_50.v'.
Linking 'C:\Program Files (x86)\Cypress\PSoC Creator\4.4\PSoC Creator\warp\lib\common\cypress.v'.
Linking 'C:\Program Files (x86)\Cypress\PSoC Creator\4.4\PSoC Creator\warp\lib\common\cy_psoc3_inc.v'.
Linking 'C:\Program Files (x86)\Cypress\PSoC Creator\4.4\PSoC Creator\psoc\content\CyComponentLibrary\CyComponentLibrary.cylib\Debouncer_v1_0\Debouncer_v1_0.v'.
Linking 'C:\Program Files (x86)\Cypress\PSoC Creator\4.4\PSoC Creator\psoc\content\CyPrimitives\cyprimitives.cylib\CyStatusReg_v1_90\CyStatusReg_v1_90.v'.
Linking 'C:\Program Files (x86)\Cypress\PSoC Creator\4.4\PSoC Creator\warp\lib\common\stdlogic\cy_psoc3pkg.vif'.
Linking 'C:\Program Files (x86)\Cypress\PSoC Creator\4.4\PSoC Creator\warp\lib\common\stdlogic\cy_psoc3.vif'.

tovif:  No errors.


======================================================================
Compiling:  Simulacion_sensores_en_linea.v
Program  :   topld
Options  :    -yv2 -q10 -ygs -o2 -v3 -.fftcfgtype=LE -ya -.fftprj=C:\Users\adria\OneDrive\Documents\psoc\Simulacion_sensores_en_linea\Simulacion_sensores_en_linea.cydsn\Simulacion_sensores_en_linea.cyprj -dcpsoc3 -verilog Simulacion_sensores_en_linea.v
======================================================================

topld V6.3 IR 41:  Synthesis and optimization
Sun Sep 10 11:52:45 2023

Linking 'C:\Program Files (x86)\Cypress\PSoC Creator\4.4\PSoC Creator\warp\lib\common\std.vhd'.
Linking 'C:\Program Files (x86)\Cypress\PSoC Creator\4.4\PSoC Creator\warp\lib\common\cypress.vhd'.
Linking 'C:\Program Files (x86)\Cypress\PSoC Creator\4.4\PSoC Creator\warp\lib\common\work\cypress.vif'.
Linking 'C:\Program Files (x86)\Cypress\PSoC Creator\4.4\PSoC Creator\warp\lib\ieee\work\stdlogic.vif'.
Linking 'C:\Program Files (x86)\Cypress\PSoC Creator\4.4\PSoC Creator\warp\lib\common\stdlogic\lpmpkg.vif'.
Linking 'C:\Program Files (x86)\Cypress\PSoC Creator\4.4\PSoC Creator\warp\lib\common\stdlogic\rtlpkg.vif'.
Linking 'C:\Program Files (x86)\Cypress\PSoC Creator\4.4\PSoC Creator\warp\lib\common\stdlogic\mod_cnst.vif'.
Linking 'C:\Program Files (x86)\Cypress\PSoC Creator\4.4\PSoC Creator\warp\lib\common\stdlogic\mod_mthv.vif'.
Linking 'C:\Program Files (x86)\Cypress\PSoC Creator\4.4\PSoC Creator\warp\lib\common\stdlogic\mod_genv.vif'.
Linking 'C:\Users\adria\OneDrive\Documents\psoc\Simulacion_sensores_en_linea\Simulacion_sensores_en_linea.cydsn\codegentemp\Simulacion_sensores_en_linea.ctl'.
Linking 'C:\Program Files (x86)\Cypress\PSoC Creator\4.4\PSoC Creator\psoc\content\CyPrimitives\cyprimitives.cylib\cy_virtualmux_v1_0\cy_virtualmux_v1_0.v'.
Linking 'C:\Users\adria\OneDrive\Documents\psoc\Simulacion_sensores_en_linea\Simulacion_sensores_en_linea.cydsn\codegentemp\Simulacion_sensores_en_linea.v'.
Linking 'C:\Program Files (x86)\Cypress\PSoC Creator\4.4\PSoC Creator\psoc\content\CyComponentLibrary\CyComponentLibrary.cylib\B_UART_v2_50\B_UART_v2_50.v'.
Linking 'C:\Program Files (x86)\Cypress\PSoC Creator\4.4\PSoC Creator\warp\lib\common\cypress.v'.
Linking 'C:\Program Files (x86)\Cypress\PSoC Creator\4.4\PSoC Creator\warp\lib\common\cy_psoc3_inc.v'.
Linking 'C:\Program Files (x86)\Cypress\PSoC Creator\4.4\PSoC Creator\psoc\content\CyComponentLibrary\CyComponentLibrary.cylib\Debouncer_v1_0\Debouncer_v1_0.v'.
Linking 'C:\Program Files (x86)\Cypress\PSoC Creator\4.4\PSoC Creator\psoc\content\CyPrimitives\cyprimitives.cylib\CyStatusReg_v1_90\CyStatusReg_v1_90.v'.
Linking 'C:\Program Files (x86)\Cypress\PSoC Creator\4.4\PSoC Creator\warp\lib\common\stdlogic\cy_psoc3pkg.vif'.
Linking 'C:\Program Files (x86)\Cypress\PSoC Creator\4.4\PSoC Creator\warp\lib\common\stdlogic\cy_psoc3.vif'.
Linking 'C:\Program Files (x86)\Cypress\PSoC Creator\4.4\PSoC Creator\warp\lib\lcpsoc3\stdlogic\cpsoc3.vif'.

----------------------------------------------------------
Detecting unused logic.
----------------------------------------------------------
    User names
	\UART:BUART:HalfDuplexSend\
	\UART:BUART:FinalAddrMode_2\
	\UART:BUART:FinalAddrMode_1\
	\UART:BUART:FinalAddrMode_0\
	\UART:BUART:reset_sr\
	Net_8
	Net_32_0
	Net_32_1
	Net_32_2
	Net_32_3
	\Status_Reg:status_7\


Deleted 11 User equations/components.
Deleted 0 Synthesized equations/components.

------------------------------------------------------
Alias Detection
------------------------------------------------------
Aliasing \UART:BUART:FinalParityType_1\ to \UART:BUART:tx_hd_send_break\
Aliasing \UART:BUART:FinalParityType_0\ to \UART:BUART:tx_hd_send_break\
Aliasing \UART:BUART:tx_ctrl_mark\ to \UART:BUART:tx_hd_send_break\
Aliasing zero to \UART:BUART:tx_hd_send_break\
Aliasing \UART:BUART:tx_status_6\ to \UART:BUART:tx_hd_send_break\
Aliasing \UART:BUART:tx_status_5\ to \UART:BUART:tx_hd_send_break\
Aliasing \UART:BUART:tx_status_4\ to \UART:BUART:tx_hd_send_break\
Aliasing tmpOE__Tx_1_net_0 to one
Aliasing tmpOE__SENSORES_net_3 to one
Aliasing tmpOE__SENSORES_net_2 to one
Aliasing tmpOE__SENSORES_net_1 to one
Aliasing tmpOE__SENSORES_net_0 to one
Aliasing \Status_Reg:status_6\ to \UART:BUART:tx_hd_send_break\
Aliasing \Status_Reg:status_5\ to \UART:BUART:tx_hd_send_break\
Aliasing \Status_Reg:status_4\ to \UART:BUART:tx_hd_send_break\
Aliasing \UART:BUART:reset_reg\\D\ to \UART:BUART:tx_hd_send_break\
Aliasing Net_12D to \UART:BUART:tx_hd_send_break\
Aliasing Net_31_0D to \UART:BUART:tx_hd_send_break\
Aliasing Net_29_0D to \UART:BUART:tx_hd_send_break\
Aliasing Net_31_1D to \UART:BUART:tx_hd_send_break\
Aliasing Net_29_1D to \UART:BUART:tx_hd_send_break\
Aliasing Net_31_2D to \UART:BUART:tx_hd_send_break\
Aliasing Net_29_2D to \UART:BUART:tx_hd_send_break\
Aliasing Net_31_3D to \UART:BUART:tx_hd_send_break\
Aliasing Net_29_3D to \UART:BUART:tx_hd_send_break\
Removing Rhs of wire Net_13[1] = \UART:BUART:tx_interrupt_out\[21]
Removing Lhs of wire \UART:Net_61\[4] = \UART:Net_9\[3]
Removing Lhs of wire \UART:BUART:FinalParityType_1\[11] = \UART:BUART:tx_hd_send_break\[9]
Removing Lhs of wire \UART:BUART:FinalParityType_0\[12] = \UART:BUART:tx_hd_send_break\[9]
Removing Lhs of wire \UART:BUART:tx_ctrl_mark\[16] = \UART:BUART:tx_hd_send_break\[9]
Removing Rhs of wire \UART:BUART:tx_bitclk_enable_pre\[26] = \UART:BUART:tx_bitclk_dp\[63]
Removing Rhs of wire zero[27] = \UART:BUART:tx_hd_send_break\[9]
Removing Lhs of wire \UART:BUART:tx_counter_tc\[73] = \UART:BUART:tx_counter_dp\[64]
Removing Lhs of wire \UART:BUART:tx_status_6\[74] = zero[27]
Removing Lhs of wire \UART:BUART:tx_status_5\[75] = zero[27]
Removing Lhs of wire \UART:BUART:tx_status_4\[76] = zero[27]
Removing Lhs of wire \UART:BUART:tx_status_1\[78] = \UART:BUART:tx_fifo_empty\[41]
Removing Lhs of wire \UART:BUART:tx_status_3\[80] = \UART:BUART:tx_fifo_notfull\[40]
Removing Lhs of wire tmpOE__Tx_1_net_0[119] = one[6]
Removing Lhs of wire tmpOE__SENSORES_net_3[125] = one[6]
Removing Lhs of wire tmpOE__SENSORES_net_2[126] = one[6]
Removing Lhs of wire tmpOE__SENSORES_net_1[127] = one[6]
Removing Lhs of wire tmpOE__SENSORES_net_0[128] = one[6]
Removing Lhs of wire \Status_Reg:status_6\[138] = zero[27]
Removing Lhs of wire \Status_Reg:status_5\[139] = zero[27]
Removing Lhs of wire \Status_Reg:status_4\[140] = zero[27]
Removing Lhs of wire \Status_Reg:status_3\[141] = Net_30_3[116]
Removing Lhs of wire \Status_Reg:status_2\[142] = Net_30_2[109]
Removing Lhs of wire \Status_Reg:status_1\[143] = Net_30_1[102]
Removing Lhs of wire \Status_Reg:status_0\[144] = Net_30_0[95]
Removing Lhs of wire \UART:BUART:reset_reg\\D\[147] = zero[27]
Removing Lhs of wire Net_12D[152] = zero[27]
Removing Lhs of wire \Debouncer:DEBOUNCER[0]:d_sync_0\\D\[157] = Net_28_0[91]
Removing Lhs of wire \Debouncer:DEBOUNCER[0]:d_sync_1\\D\[158] = \Debouncer:DEBOUNCER[0]:d_sync_0\[90]
Removing Lhs of wire Net_31_0D[159] = zero[27]
Removing Lhs of wire Net_29_0D[161] = zero[27]
Removing Lhs of wire \Debouncer:DEBOUNCER[1]:d_sync_0\\D\[162] = Net_28_1[98]
Removing Lhs of wire \Debouncer:DEBOUNCER[1]:d_sync_1\\D\[163] = \Debouncer:DEBOUNCER[1]:d_sync_0\[97]
Removing Lhs of wire Net_31_1D[164] = zero[27]
Removing Lhs of wire Net_29_1D[166] = zero[27]
Removing Lhs of wire \Debouncer:DEBOUNCER[2]:d_sync_0\\D\[167] = Net_28_2[105]
Removing Lhs of wire \Debouncer:DEBOUNCER[2]:d_sync_1\\D\[168] = \Debouncer:DEBOUNCER[2]:d_sync_0\[104]
Removing Lhs of wire Net_31_2D[169] = zero[27]
Removing Lhs of wire Net_29_2D[171] = zero[27]
Removing Lhs of wire \Debouncer:DEBOUNCER[3]:d_sync_0\\D\[172] = Net_28_3[112]
Removing Lhs of wire \Debouncer:DEBOUNCER[3]:d_sync_1\\D\[173] = \Debouncer:DEBOUNCER[3]:d_sync_0\[111]
Removing Lhs of wire Net_31_3D[174] = zero[27]
Removing Lhs of wire Net_29_3D[176] = zero[27]

------------------------------------------------------
Aliased 0 equations, 43 wires.
------------------------------------------------------

----------------------------------------------------------
Circuit simplification
----------------------------------------------------------

Substituting virtuals - pass 1:

Note:  Expanding virtual equation for 'zero' (cost = 0):
zero <=  ('0') ;


Substituting virtuals - pass 2:


----------------------------------------------------------
Circuit simplification results:

	Expanded 1 signals.
	Turned 0 signals into soft nodes.
	Maximum default expansion cost was set at 3.
----------------------------------------------------------

------------------------------------------------------
Alias Detection
------------------------------------------------------
Removing Lhs of wire \UART:BUART:tx_ctrl_mark_last\\D\[154] = \UART:BUART:tx_ctrl_mark_last\[84]

------------------------------------------------------
Aliased 0 equations, 1 wires.
------------------------------------------------------

----------------------------------------------------------
Circuit simplification
----------------------------------------------------------

Eliminating unused logic - pass 1:


Eliminating unused logic - pass 2:


Substituting virtuals - pass 1:


----------------------------------------------------------
Circuit simplification results:

	Expanded 0 signals.
	Turned 0 signals into soft nodes.
	Maximum default expansion cost was set at 3.
----------------------------------------------------------

topld:  No errors.

CYPRESS_DIR    : C:\Program Files (x86)\Cypress\PSoC Creator\4.4\PSoC Creator\warp
Warp Program   : C:\Program Files (x86)\Cypress\PSoC Creator\4.4\PSoC Creator\warp\bin\warp.exe
Warp Arguments : -yv2 -q10 -ygs -o2 -v3 -.fftcfgtype=LE -ya -.fftprj=C:\Users\adria\OneDrive\Documents\psoc\Simulacion_sensores_en_linea\Simulacion_sensores_en_linea.cydsn\Simulacion_sensores_en_linea.cyprj -dcpsoc3 Simulacion_sensores_en_linea.v -verilog
</CYPRESSTAG>
Warp synthesis phase: Elapsed time ==> 0s.820ms
<CYPRESSTAG name="Fitter results...">
<CYPRESSTAG name="Fitter startup details...">
cyp3fit: V4.4.0.80, Family: PSoC3, Started at: Sunday, 10 September 2023 11:52:45
Options: -yv2 -q10 -ygs -o2 -v3 -.fftcfgtype=LE -ya -.fftprj=C:\Users\adria\OneDrive\Documents\psoc\Simulacion_sensores_en_linea\Simulacion_sensores_en_linea.cydsn\Simulacion_sensores_en_linea.cyprj -d CY8C5888LTI-LP097 Simulacion_sensores_en_linea.v -verilog
</CYPRESSTAG>
<CYPRESSTAG name="Design parsing">
Design parsing phase: Elapsed time ==> 0s.013ms
</CYPRESSTAG>
<CYPRESSTAG name="Tech Mapping">
<CYPRESSTAG name="Initial Mapping" icon="FILE_RPT_TECHM">
    Converted constant MacroCell: \UART:BUART:reset_reg\ from registered to combinatorial
    Converted constant MacroCell: Net_12 from registered to combinatorial
    Converted constant MacroCell: Net_31_0 from registered to combinatorial
    Converted constant MacroCell: Net_29_0 from registered to combinatorial
    Converted constant MacroCell: Net_31_1 from registered to combinatorial
    Converted constant MacroCell: Net_29_1 from registered to combinatorial
    Converted constant MacroCell: Net_31_2 from registered to combinatorial
    Converted constant MacroCell: Net_29_2 from registered to combinatorial
    Converted constant MacroCell: Net_31_3 from registered to combinatorial
    Converted constant MacroCell: Net_29_3 from registered to combinatorial
<CYPRESSTAG name="Global Clock Selection" icon="FILE_RPT_TECHM">
    Digital Clock 0: Automatic-assigning  clock 'UART_IntClock'. Fanout=1, Signal=\UART:Net_9\
    Digital Clock 1: Automatic-assigning  clock 'Clock'. Fanout=1, Signal=Net_23
</CYPRESSTAG>

Removing unused cells resulting from optimization
Done removing unused cells.
<CYPRESSTAG name="UDB Clock/Enable Remapping Results">
    UDB Clk/Enable \UART:BUART:ClkSync\: with output requested to be synchronous
        ClockIn: UART_IntClock was determined to be a global clock that is synchronous to BUS_CLK
        EnableIn: Constant 1 was determined to be synchronous to ClockIn
        ClockOut: UART_IntClock, EnableOut: Constant 1
    UDB Clk/Enable \Debouncer:ClkSync\: with output requested to be synchronous
        ClockIn: Clock was determined to be a global clock that is synchronous to BUS_CLK
        EnableIn: Constant 1 was determined to be synchronous to ClockIn
        ClockOut: Clock, EnableOut: Constant 1
</CYPRESSTAG>

Removing unused cells resulting from optimization
Done removing unused cells.
<CYPRESSTAG name="Duplicate Macrocell detection">
</CYPRESSTAG>
</CYPRESSTAG>
<CYPRESSTAG name="Duplicate Macrocell detection">

Removing duplicate macrocells
    Removing \UART:BUART:tx_parity_bit\, Duplicate of \UART:BUART:tx_ctrl_mark_last\ 
    MacroCell: Name=\UART:BUART:tx_parity_bit\, Mode=(T-Register)
        Total # of inputs        : 0
        Total # of product terms : 0
        List of special equations: 
            Clock  = (\UART:Net_9\) => Global
            Clock Enable: True
        Main Equation            : 0 pterms
        (
            0
        );
        Output = \UART:BUART:tx_parity_bit\ (fanout=0)

    Removing \UART:BUART:tx_mark\, Duplicate of \UART:BUART:tx_ctrl_mark_last\ 
    MacroCell: Name=\UART:BUART:tx_mark\, Mode=(T-Register)
        Total # of inputs        : 0
        Total # of product terms : 0
        List of special equations: 
            Clock  = (\UART:Net_9\) => Global
            Clock Enable: True
        Main Equation            : 0 pterms
        (
            0
        );
        Output = \UART:BUART:tx_mark\ (fanout=0)


Removing unused cells resulting from optimization
Done removing unused cells.
End removing duplicate macrocells: used 1 pass
</CYPRESSTAG>
<CYPRESSTAG name="Design Equations" icon="FILE_RPT_EQUATION">

------------------------------------------------------------
Design Equations
------------------------------------------------------------
    <CYPRESSTAG name="Pin listing">

    ------------------------------------------------------------
    Pin listing
    ------------------------------------------------------------

    Pin : Name = Tx_1(0)
        Attributes:
            In Group/Port: True
            In Sync Option: AUTO
            Out Sync Option: NOSYNC
            Interrupt generated: False
            Interrupt mode: NONE
            Drive mode: CMOS_OUT
            VTrip: EITHER
            Slew: FAST
            Input Sync needed: False
            Output Sync needed: False
            SC shield enabled: False
            POR State: ANY
            LCD Mode: COMMON
            Register Mode: RegComb
            CaSense Mode: NEITHER
            Treat as pin: True
            Is OE Registered: False
            Uses Analog: False
            Can contain Digital: True
            Is SIO: False
            SIO Output Buf: NONREGULATED
            SIO Input Buf: SINGLE_ENDED
            SIO HiFreq: LOW
            SIO Hyst: DISABLED
            SIO Vtrip: MULTIPLIER_0_5
            SIO Multiplier Index: 0
            SIO RefSel: VCC_IO
            Required Capabilities: DIGITAL, ROUTABLE
            Initial Value: 1
            IO Voltage: 0
        PORT MAP (
            pa_out => Tx_1(0)__PA ,
            pin_input => Net_9 ,
            pad => Tx_1(0)_PAD );
        Properties:
        {
        }

    Pin : Name = SENSORES(0)
        Attributes:
            In Group/Port: True
            In Sync Option: NOSYNC
            Out Sync Option: AUTO
            Interrupt generated: False
            Interrupt mode: NONE
            Drive mode: RES_PULL_UP
            VTrip: CMOS
            Slew: FAST
            Input Sync needed: False
            Output Sync needed: False
            SC shield enabled: False
            POR State: ANY
            LCD Mode: COMMON
            Register Mode: RegComb
            CaSense Mode: NEITHER
            Treat as pin: True
            Is OE Registered: False
            Uses Analog: False
            Can contain Digital: True
            Is SIO: False
            SIO Output Buf: NONREGULATED
            SIO Input Buf: SINGLE_ENDED
            SIO HiFreq: LOW
            SIO Hyst: DISABLED
            SIO Vtrip: MULTIPLIER_0_5
            SIO Multiplier Index: 0
            SIO RefSel: VCC_IO
            Required Capabilities: DIGITAL, ROUTABLE
            Initial Value: 1
            IO Voltage: 0
        PORT MAP (
            pa_out => SENSORES(0)__PA ,
            fb => Net_28_0 ,
            pad => SENSORES(0)_PAD );
        Properties:
        {
        }

    Pin : Name = SENSORES(1)
        Attributes:
            In Group/Port: True
            In Sync Option: NOSYNC
            Out Sync Option: AUTO
            Interrupt generated: False
            Interrupt mode: NONE
            Drive mode: RES_PULL_UP
            VTrip: CMOS
            Slew: FAST
            Input Sync needed: False
            Output Sync needed: False
            SC shield enabled: False
            POR State: ANY
            LCD Mode: COMMON
            Register Mode: RegComb
            CaSense Mode: NEITHER
            Treat as pin: True
            Is OE Registered: False
            Uses Analog: False
            Can contain Digital: True
            Is SIO: False
            SIO Output Buf: NONREGULATED
            SIO Input Buf: SINGLE_ENDED
            SIO HiFreq: LOW
            SIO Hyst: DISABLED
            SIO Vtrip: MULTIPLIER_0_5
            SIO Multiplier Index: 0
            SIO RefSel: VCC_IO
            Required Capabilities: DIGITAL, ROUTABLE
            Initial Value: 1
            IO Voltage: 0
        PORT MAP (
            pa_out => SENSORES(1)__PA ,
            fb => Net_28_1 ,
            pad => SENSORES(1)_PAD );
        Properties:
        {
        }

    Pin : Name = SENSORES(2)
        Attributes:
            In Group/Port: True
            In Sync Option: NOSYNC
            Out Sync Option: AUTO
            Interrupt generated: False
            Interrupt mode: NONE
            Drive mode: RES_PULL_UP
            VTrip: CMOS
            Slew: FAST
            Input Sync needed: False
            Output Sync needed: False
            SC shield enabled: False
            POR State: ANY
            LCD Mode: COMMON
            Register Mode: RegComb
            CaSense Mode: NEITHER
            Treat as pin: True
            Is OE Registered: False
            Uses Analog: False
            Can contain Digital: True
            Is SIO: False
            SIO Output Buf: NONREGULATED
            SIO Input Buf: SINGLE_ENDED
            SIO HiFreq: LOW
            SIO Hyst: DISABLED
            SIO Vtrip: MULTIPLIER_0_5
            SIO Multiplier Index: 0
            SIO RefSel: VCC_IO
            Required Capabilities: DIGITAL, ROUTABLE
            Initial Value: 1
            IO Voltage: 0
        PORT MAP (
            pa_out => SENSORES(2)__PA ,
            fb => Net_28_2 ,
            pad => SENSORES(2)_PAD );
        Properties:
        {
        }

    Pin : Name = SENSORES(3)
        Attributes:
            In Group/Port: True
            In Sync Option: NOSYNC
            Out Sync Option: AUTO
            Interrupt generated: False
            Interrupt mode: NONE
            Drive mode: RES_PULL_UP
            VTrip: CMOS
            Slew: FAST
            Input Sync needed: False
            Output Sync needed: False
            SC shield enabled: False
            POR State: ANY
            LCD Mode: COMMON
            Register Mode: RegComb
            CaSense Mode: NEITHER
            Treat as pin: True
            Is OE Registered: False
            Uses Analog: False
            Can contain Digital: True
            Is SIO: False
            SIO Output Buf: NONREGULATED
            SIO Input Buf: SINGLE_ENDED
            SIO HiFreq: LOW
            SIO Hyst: DISABLED
            SIO Vtrip: MULTIPLIER_0_5
            SIO Multiplier Index: 0
            SIO RefSel: VCC_IO
            Required Capabilities: DIGITAL, ROUTABLE
            Initial Value: 1
            IO Voltage: 0
        PORT MAP (
            pa_out => SENSORES(3)__PA ,
            fb => Net_28_3 ,
            pad => SENSORES(3)_PAD );
        Properties:
        {
        }
    </CYPRESSTAG>
    <CYPRESSTAG name="Macrocell listing" icon="FILE_RPT_EQUATION">

    ------------------------------------------------------------
    Macrocell listing
    ------------------------------------------------------------

    MacroCell: Name=Net_9, Mode=(Combinatorial)
        Total # of inputs        : 1
        Total # of product terms : 1
            Clock Enable: True
        Main Equation            : 1 pterm
        (
              !\UART:BUART:txn\
        );
        Output = Net_9 (fanout=1)

    MacroCell: Name=\UART:BUART:counter_load_not\, Mode=(Combinatorial)
        Total # of inputs        : 4
        Total # of product terms : 2
            Clock Enable: True
        Main Equation            : 2 pterms
        !(
              !\UART:BUART:tx_state_1\ * !\UART:BUART:tx_state_0\ * 
              \UART:BUART:tx_bitclk_enable_pre\
            + !\UART:BUART:tx_state_1\ * !\UART:BUART:tx_state_0\ * 
              !\UART:BUART:tx_state_2\
        );
        Output = \UART:BUART:counter_load_not\ (fanout=1)

    MacroCell: Name=\UART:BUART:tx_status_0\, Mode=(Combinatorial)
        Total # of inputs        : 5
        Total # of product terms : 1
            Clock Enable: True
        Main Equation            : 1 pterm
        (
              !\UART:BUART:tx_state_1\ * !\UART:BUART:tx_state_0\ * 
              \UART:BUART:tx_bitclk_enable_pre\ * \UART:BUART:tx_fifo_empty\ * 
              \UART:BUART:tx_state_2\
        );
        Output = \UART:BUART:tx_status_0\ (fanout=1)

    MacroCell: Name=\UART:BUART:tx_status_2\, Mode=(Combinatorial)
        Total # of inputs        : 1
        Total # of product terms : 1
            Clock Enable: True
        Main Equation            : 1 pterm
        (
              !\UART:BUART:tx_fifo_notfull\
        );
        Output = \UART:BUART:tx_status_2\ (fanout=1)

    MacroCell: Name=\UART:BUART:txn\, Mode=(D-Register)
        Total # of inputs        : 7
        Total # of product terms : 5
        List of special equations: 
            Clock  = (\UART:Net_9\) => Global
            Clock Enable: True
        Main Equation            : 5 pterms
        (
              \UART:BUART:txn\ * \UART:BUART:tx_state_1\ * 
              !\UART:BUART:tx_bitclk\
            + \UART:BUART:txn\ * \UART:BUART:tx_state_2\
            + !\UART:BUART:tx_state_1\ * \UART:BUART:tx_state_0\ * 
              !\UART:BUART:tx_shift_out\ * !\UART:BUART:tx_state_2\
            + !\UART:BUART:tx_state_1\ * \UART:BUART:tx_state_0\ * 
              !\UART:BUART:tx_state_2\ * !\UART:BUART:tx_bitclk\
            + \UART:BUART:tx_state_1\ * !\UART:BUART:tx_state_0\ * 
              !\UART:BUART:tx_shift_out\ * !\UART:BUART:tx_state_2\ * 
              !\UART:BUART:tx_counter_dp\ * \UART:BUART:tx_bitclk\
        );
        Output = \UART:BUART:txn\ (fanout=2)

    MacroCell: Name=\UART:BUART:tx_state_1\, Mode=(T-Register)
        Total # of inputs        : 6
        Total # of product terms : 3
        List of special equations: 
            Clock  = (\UART:Net_9\) => Global
            Clock Enable: True
        Main Equation            : 3 pterms
        (
              \UART:BUART:tx_state_1\ * \UART:BUART:tx_state_0\ * 
              \UART:BUART:tx_bitclk_enable_pre\ * \UART:BUART:tx_state_2\
            + \UART:BUART:tx_state_1\ * !\UART:BUART:tx_state_2\ * 
              \UART:BUART:tx_counter_dp\ * \UART:BUART:tx_bitclk\
            + \UART:BUART:tx_state_0\ * !\UART:BUART:tx_state_2\ * 
              \UART:BUART:tx_bitclk\
        );
        Output = \UART:BUART:tx_state_1\ (fanout=8)

    MacroCell: Name=\UART:BUART:tx_state_0\, Mode=(T-Register)
        Total # of inputs        : 6
        Total # of product terms : 4
        List of special equations: 
            Clock  = (\UART:Net_9\) => Global
            Clock Enable: True
        Main Equation            : 4 pterms
        (
              !\UART:BUART:tx_state_1\ * !\UART:BUART:tx_state_0\ * 
              \UART:BUART:tx_bitclk_enable_pre\ * !\UART:BUART:tx_fifo_empty\
            + !\UART:BUART:tx_state_1\ * !\UART:BUART:tx_state_0\ * 
              !\UART:BUART:tx_fifo_empty\ * !\UART:BUART:tx_state_2\
            + \UART:BUART:tx_state_1\ * \UART:BUART:tx_state_0\ * 
              \UART:BUART:tx_bitclk_enable_pre\ * \UART:BUART:tx_fifo_empty\ * 
              \UART:BUART:tx_state_2\
            + \UART:BUART:tx_state_0\ * !\UART:BUART:tx_state_2\ * 
              \UART:BUART:tx_bitclk\
        );
        Output = \UART:BUART:tx_state_0\ (fanout=8)

    MacroCell: Name=\UART:BUART:tx_state_2\, Mode=(T-Register)
        Total # of inputs        : 6
        Total # of product terms : 4
        List of special equations: 
            Clock  = (\UART:Net_9\) => Global
            Clock Enable: True
        Main Equation            : 4 pterms
        (
              !\UART:BUART:tx_state_1\ * !\UART:BUART:tx_state_0\ * 
              \UART:BUART:tx_bitclk_enable_pre\ * \UART:BUART:tx_state_2\
            + \UART:BUART:tx_state_1\ * \UART:BUART:tx_state_0\ * 
              \UART:BUART:tx_bitclk_enable_pre\ * \UART:BUART:tx_state_2\
            + \UART:BUART:tx_state_1\ * \UART:BUART:tx_state_0\ * 
              !\UART:BUART:tx_state_2\ * \UART:BUART:tx_bitclk\
            + \UART:BUART:tx_state_1\ * !\UART:BUART:tx_state_2\ * 
              \UART:BUART:tx_counter_dp\ * \UART:BUART:tx_bitclk\
        );
        Output = \UART:BUART:tx_state_2\ (fanout=7)

    MacroCell: Name=\UART:BUART:tx_bitclk\, Mode=(D-Register)
        Total # of inputs        : 4
        Total # of product terms : 2
        List of special equations: 
            Clock  = (\UART:Net_9\) => Global
            Clock Enable: True
        Main Equation            : 2 pterms
        !(
              !\UART:BUART:tx_state_1\ * !\UART:BUART:tx_state_0\ * 
              \UART:BUART:tx_state_2\
            + !\UART:BUART:tx_bitclk_enable_pre\
        );
        Output = \UART:BUART:tx_bitclk\ (fanout=4)

    MacroCell: Name=\Debouncer:DEBOUNCER[0]:d_sync_0\, Mode=(D-Register)
        Total # of inputs        : 1
        Total # of product terms : 1
        List of special equations: 
            Clock  = (Net_23) => Global
            Clock Enable: True
        Main Equation            : 1 pterm
        (
              Net_28_0
        );
        Output = \Debouncer:DEBOUNCER[0]:d_sync_0\ (fanout=2)

    MacroCell: Name=\Debouncer:DEBOUNCER[0]:d_sync_1\, Mode=(D-Register)
        Total # of inputs        : 1
        Total # of product terms : 1
        List of special equations: 
            Clock  = (Net_23) => Global
            Clock Enable: True
        Main Equation            : 1 pterm
        (
              \Debouncer:DEBOUNCER[0]:d_sync_0\
        );
        Output = \Debouncer:DEBOUNCER[0]:d_sync_1\ (fanout=1)

    MacroCell: Name=Net_30_0, Mode=(D-Register)
        Total # of inputs        : 2
        Total # of product terms : 1
        List of special equations: 
            Clock  = (Net_23) => Global
            Clock Enable: True
        Main Equation            : 1 pterm
        (
              !\Debouncer:DEBOUNCER[0]:d_sync_0\ * 
              \Debouncer:DEBOUNCER[0]:d_sync_1\
        );
        Output = Net_30_0 (fanout=1)

    MacroCell: Name=\Debouncer:DEBOUNCER[1]:d_sync_0\, Mode=(D-Register)
        Total # of inputs        : 1
        Total # of product terms : 1
        List of special equations: 
            Clock  = (Net_23) => Global
            Clock Enable: True
        Main Equation            : 1 pterm
        (
              Net_28_1
        );
        Output = \Debouncer:DEBOUNCER[1]:d_sync_0\ (fanout=2)

    MacroCell: Name=\Debouncer:DEBOUNCER[1]:d_sync_1\, Mode=(D-Register)
        Total # of inputs        : 1
        Total # of product terms : 1
        List of special equations: 
            Clock  = (Net_23) => Global
            Clock Enable: True
        Main Equation            : 1 pterm
        (
              \Debouncer:DEBOUNCER[1]:d_sync_0\
        );
        Output = \Debouncer:DEBOUNCER[1]:d_sync_1\ (fanout=1)

    MacroCell: Name=Net_30_1, Mode=(D-Register)
        Total # of inputs        : 2
        Total # of product terms : 1
        List of special equations: 
            Clock  = (Net_23) => Global
            Clock Enable: True
        Main Equation            : 1 pterm
        (
              !\Debouncer:DEBOUNCER[1]:d_sync_0\ * 
              \Debouncer:DEBOUNCER[1]:d_sync_1\
        );
        Output = Net_30_1 (fanout=1)

    MacroCell: Name=\Debouncer:DEBOUNCER[2]:d_sync_0\, Mode=(D-Register)
        Total # of inputs        : 1
        Total # of product terms : 1
        List of special equations: 
            Clock  = (Net_23) => Global
            Clock Enable: True
        Main Equation            : 1 pterm
        (
              Net_28_2
        );
        Output = \Debouncer:DEBOUNCER[2]:d_sync_0\ (fanout=2)

    MacroCell: Name=\Debouncer:DEBOUNCER[2]:d_sync_1\, Mode=(D-Register)
        Total # of inputs        : 1
        Total # of product terms : 1
        List of special equations: 
            Clock  = (Net_23) => Global
            Clock Enable: True
        Main Equation            : 1 pterm
        (
              \Debouncer:DEBOUNCER[2]:d_sync_0\
        );
        Output = \Debouncer:DEBOUNCER[2]:d_sync_1\ (fanout=1)

    MacroCell: Name=Net_30_2, Mode=(D-Register)
        Total # of inputs        : 2
        Total # of product terms : 1
        List of special equations: 
            Clock  = (Net_23) => Global
            Clock Enable: True
        Main Equation            : 1 pterm
        (
              !\Debouncer:DEBOUNCER[2]:d_sync_0\ * 
              \Debouncer:DEBOUNCER[2]:d_sync_1\
        );
        Output = Net_30_2 (fanout=1)

    MacroCell: Name=\Debouncer:DEBOUNCER[3]:d_sync_0\, Mode=(D-Register)
        Total # of inputs        : 1
        Total # of product terms : 1
        List of special equations: 
            Clock  = (Net_23) => Global
            Clock Enable: True
        Main Equation            : 1 pterm
        (
              Net_28_3
        );
        Output = \Debouncer:DEBOUNCER[3]:d_sync_0\ (fanout=2)

    MacroCell: Name=\Debouncer:DEBOUNCER[3]:d_sync_1\, Mode=(D-Register)
        Total # of inputs        : 1
        Total # of product terms : 1
        List of special equations: 
            Clock  = (Net_23) => Global
            Clock Enable: True
        Main Equation            : 1 pterm
        (
              \Debouncer:DEBOUNCER[3]:d_sync_0\
        );
        Output = \Debouncer:DEBOUNCER[3]:d_sync_1\ (fanout=1)

    MacroCell: Name=Net_30_3, Mode=(D-Register)
        Total # of inputs        : 2
        Total # of product terms : 1
        List of special equations: 
            Clock  = (Net_23) => Global
            Clock Enable: True
        Main Equation            : 1 pterm
        (
              !\Debouncer:DEBOUNCER[3]:d_sync_0\ * 
              \Debouncer:DEBOUNCER[3]:d_sync_1\
        );
        Output = Net_30_3 (fanout=1)
    </CYPRESSTAG>
    <CYPRESSTAG name="Datapath listing">

    ------------------------------------------------------------
    Datapath listing
    ------------------------------------------------------------

    datapathcell: Name =\UART:BUART:sTX:TxShifter:u0\
        PORT MAP (
            clock => \UART:Net_9\ ,
            cs_addr_2 => \UART:BUART:tx_state_1\ ,
            cs_addr_1 => \UART:BUART:tx_state_0\ ,
            cs_addr_0 => \UART:BUART:tx_bitclk_enable_pre\ ,
            so_comb => \UART:BUART:tx_shift_out\ ,
            f0_bus_stat_comb => \UART:BUART:tx_fifo_notfull\ ,
            f0_blk_stat_comb => \UART:BUART:tx_fifo_empty\ );
        Properties:
        {
            a0_init = "00000000"
            a1_init = "00000000"
            ce0_sync = 1
            ce1_sync = 1
            cl0_sync = 1
            cl1_sync = 1
            cmsb_sync = 1
            co_msb_sync = 1
            cy_dpconfig = "0000000000000000000000000000000000000000000000000000000011000000000000000000000000000010010000000000000000000000000000000000000011111111000000001111111111111111000000000000000001000100111100000000000000001100"
            d0_init = "00000000"
            d1_init = "00000000"
            f0_blk_sync = 1
            f0_bus_sync = 1
            f1_blk_sync = 1
            f1_bus_sync = 1
            ff0_sync = 1
            ff1_sync = 1
            ov_msb_sync = 1
            so_sync = 1
            z0_sync = 1
            z1_sync = 1
        }
        Clock Polarity: Active High
        Clock Enable: True

    datapathcell: Name =\UART:BUART:sTX:sCLOCK:TxBitClkGen\
        PORT MAP (
            clock => \UART:Net_9\ ,
            cs_addr_0 => \UART:BUART:counter_load_not\ ,
            ce0_reg => \UART:BUART:tx_bitclk_enable_pre\ ,
            ce1_reg => \UART:BUART:tx_counter_dp\ );
        Properties:
        {
            a0_init = "00000000"
            a1_init = "00000000"
            ce0_sync = 1
            ce1_sync = 1
            cl0_sync = 1
            cl1_sync = 1
            cmsb_sync = 1
            co_msb_sync = 1
            cy_dpconfig = "1010100001000000001000000100000000000000000000000000000000000000000000000000000000000000000000000000000000000000000000000000000011111111000000001111111100000111001000000100000000000101111100000000000000001000"
            d0_init = "00000000"
            d1_init = "00000000"
            f0_blk_sync = 1
            f0_bus_sync = 1
            f1_blk_sync = 1
            f1_bus_sync = 1
            ff0_sync = 1
            ff1_sync = 1
            ov_msb_sync = 1
            so_sync = 1
            z0_sync = 1
            z1_sync = 1
        }
        Clock Polarity: Active High
        Clock Enable: True
    </CYPRESSTAG>
    <CYPRESSTAG name="Status register listing">
    </CYPRESSTAG>
    <CYPRESSTAG name="StatusI register listing">

    ------------------------------------------------------------
    StatusI register listing
    ------------------------------------------------------------

    statusicell: Name =\UART:BUART:sTX:TxSts\
        PORT MAP (
            clock => \UART:Net_9\ ,
            status_3 => \UART:BUART:tx_fifo_notfull\ ,
            status_2 => \UART:BUART:tx_status_2\ ,
            status_1 => \UART:BUART:tx_fifo_empty\ ,
            status_0 => \UART:BUART:tx_status_0\ ,
            interrupt => Net_13 );
        Properties:
        {
            cy_force_order = 1
            cy_int_mask = "1111111"
            cy_md_select = "0000001"
        }
        Clock Polarity: Active High
        Clock Enable: True

    statusicell: Name =\Status_Reg:sts_intr:sts_reg\
        PORT MAP (
            status_3 => Net_30_3 ,
            status_2 => Net_30_2 ,
            status_1 => Net_30_1 ,
            status_0 => Net_30_0 ,
            interrupt => Net_49 );
        Properties:
        {
            cy_force_order = 1
            cy_int_mask = "0001111"
            cy_md_select = "0000000"
        }
        Clock Enable: True
    </CYPRESSTAG>
    <CYPRESSTAG name="Sync listing">
    </CYPRESSTAG>
    <CYPRESSTAG name="Control register listing">
    </CYPRESSTAG>
    <CYPRESSTAG name="Count7 listing">
    </CYPRESSTAG>
    <CYPRESSTAG name="DRQ listing">
    </CYPRESSTAG>
    <CYPRESSTAG name="Interrupt listing">

    ------------------------------------------------------------
    Interrupt listing
    ------------------------------------------------------------

    interrupt: Name =\UART:TXInternalInterrupt\
        PORT MAP (
            interrupt => Net_13 );
        Properties:
        {
            int_type = "10"
            is_nmi = 0
        }

    interrupt: Name =isr_1
        PORT MAP (
            interrupt => Net_49 );
        Properties:
        {
            int_type = "10"
            is_nmi = 0
        }
    </CYPRESSTAG>
</CYPRESSTAG>
<CYPRESSTAG name="Technology mapping summary" expanded>

------------------------------------------------------------
Technology mapping summary
------------------------------------------------------------

Resource Type                 : Used : Free :  Max :  % Used
============================================================
Digital Clocks                :    2 :    6 :    8 : 25.00 %
Analog Clocks                 :    0 :    4 :    4 :  0.00 %
CapSense Buffers              :    0 :    2 :    2 :  0.00 %
Digital Filter Block          :    0 :    1 :    1 :  0.00 %
Interrupts                    :    2 :   30 :   32 :  6.25 %
IO                            :    8 :   40 :   48 : 16.67 %
Segment LCD                   :    0 :    1 :    1 :  0.00 %
CAN 2.0b                      :    0 :    1 :    1 :  0.00 %
I2C                           :    0 :    1 :    1 :  0.00 %
USB                           :    0 :    1 :    1 :  0.00 %
DMA Channels                  :    0 :   24 :   24 :  0.00 %
Timer                         :    0 :    4 :    4 :  0.00 %
UDB                           :      :      :      :        
  Macrocells                  :   21 :  171 :  192 : 10.94 %
  Unique P-terms              :   32 :  352 :  384 :  8.33 %
  Total P-terms               :   35 :      :      :        
  Datapath Cells              :    2 :   22 :   24 :  8.33 %
  Status Cells                :    2 :   22 :   24 :  8.33 %
    StatusI Registers         :    2 :      :      :        
  Control Cells               :    0 :   24 :   24 :  0.00 %
Opamp                         :    0 :    4 :    4 :  0.00 %
Comparator                    :    0 :    4 :    4 :  0.00 %
Delta-Sigma ADC               :    0 :    1 :    1 :  0.00 %
LPF                           :    0 :    2 :    2 :  0.00 %
SAR ADC                       :    0 :    2 :    2 :  0.00 %
Analog (SC/CT) Blocks         :    0 :    4 :    4 :  0.00 %
DAC                           :      :      :      :        
  VIDAC                       :    0 :    4 :    4 :  0.00 %
</CYPRESSTAG>
Technology Mapping: Elapsed time ==> 0s.107ms
Tech Mapping phase: Elapsed time ==> 0s.205ms
</CYPRESSTAG>
<CYPRESSTAG name="Analog Placement">
Initial Analog Placement Results:
IO_0@[IOP=(3)][IoId=(0)] : SENSORES(0) (fixed)
IO_1@[IOP=(3)][IoId=(1)] : SENSORES(1) (fixed)
IO_0@[IOP=(15)][IoId=(0)] : SENSORES(2) (fixed)
IO_1@[IOP=(15)][IoId=(1)] : SENSORES(3) (fixed)
IO_7@[IOP=(12)][IoId=(7)] : Tx_1(0) (fixed)
Analog Placement phase: Elapsed time ==> 0s.029ms
</CYPRESSTAG>
<CYPRESSTAG name="Analog Routing">
Analog Routing phase: Elapsed time ==> 0s.000ms
</CYPRESSTAG>
<CYPRESSTAG name="Analog Code Generation">
============ Analog Final Answer Routes ============
Dump of CyAnalogRoutingResultsDB
Map of net to items {
}
Map of item to net {
}
Mux Info {
}
Dump of CyP35AnalogRoutingResultsDB
IsVddaHalfUsedForComp = False
IsVddaHalfUsedForSar0 = False
IsVddaHalfUsedForSar1 = False
Analog Code Generation phase: Elapsed time ==> 0s.424ms
</CYPRESSTAG>
<CYPRESSTAG name="Digital Placement">
<CYPRESSTAG name="Detailed placement messages">
I2076: Total run-time: 0.9 sec.

</CYPRESSTAG>
<CYPRESSTAG name="PLD Packing">
<CYPRESSTAG name="PLD Packing Summary" expanded>

------------------------------------------------------------
PLD Packing Summary
------------------------------------------------------------
            Resource Type : Used : Free :  Max :  % Used
    ====================================================
                     PLDs :    8 :   40 :   48 :  16.67%

<CYPRESSTAG name="PLD Statistics">

        PLD Resource Type :     Average/LAB
    =======================================
                   Inputs :            4.63
                   Pterms :            4.13
               Macrocells :            2.63
</CYPRESSTAG>
<CYPRESSTAG name="Packed PLD Contents">
Packed PLD Contents not displayed at this verbose level.</CYPRESSTAG>
</CYPRESSTAG>
PLD Packing: Elapsed time ==> 0s.002ms
</CYPRESSTAG>
<CYPRESSTAG name="Partitioning">
<CYPRESSTAG name="Initial Partitioning Summary">
Initial Partitioning Summary not displayed at this verbose level.</CYPRESSTAG>
<CYPRESSTAG name="Final Partitioning Summary">
Final Partitioning Summary not displayed at this verbose level.</CYPRESSTAG>
Partitioning: Elapsed time ==> 0s.026ms
</CYPRESSTAG>
<CYPRESSTAG name="Final Placement Summary">

------------------------------------------------------------
Final Placement Summary
------------------------------------------------------------

       Resource Type :      Count : Avg Inputs : Avg Outputs
    ========================================================
                 UDB :          4 :       7.25 :       5.25
<CYPRESSTAG name="Final Placement Details">
<CYPRESSTAG name="Component Details">

------------------------------------------------------------
Component Placement Details
------------------------------------------------------------
UDB [UDB=(0,0)] is empty.
UDB [UDB=(0,1)] is empty.
UDB [UDB=(0,2)] is empty.
UDB [UDB=(0,3)] is empty.
UDB [UDB=(0,4)] is empty.
UDB [UDB=(0,5)] is empty.
UDB [UDB=(1,0)] is empty.
UDB [UDB=(1,1)] is empty.
UDB [UDB=(1,2)] is empty.
UDB [UDB=(1,3)] is empty.
UDB [UDB=(1,4)] is empty.
UDB [UDB=(1,5)] is empty.
UDB [UDB=(2,0)] contents:
LAB@[UDB=(2,0)][LB=0] #macrocells=3, #inputs=9, #pterms=8
{
    [McSlotId=0]:     MacroCell: Name=\UART:BUART:txn\, Mode=(D-Register) @ [UDB=(2,0)][LB=0][MC=0]
        Total # of inputs        : 7
        Total # of product terms : 5
        List of special equations: 
            Clock  = (\UART:Net_9\) => Global
            Clock Enable: True
        Main Equation            : 5 pterms
        (
              \UART:BUART:txn\ * \UART:BUART:tx_state_1\ * 
              !\UART:BUART:tx_bitclk\
            + \UART:BUART:txn\ * \UART:BUART:tx_state_2\
            + !\UART:BUART:tx_state_1\ * \UART:BUART:tx_state_0\ * 
              !\UART:BUART:tx_shift_out\ * !\UART:BUART:tx_state_2\
            + !\UART:BUART:tx_state_1\ * \UART:BUART:tx_state_0\ * 
              !\UART:BUART:tx_state_2\ * !\UART:BUART:tx_bitclk\
            + \UART:BUART:tx_state_1\ * !\UART:BUART:tx_state_0\ * 
              !\UART:BUART:tx_shift_out\ * !\UART:BUART:tx_state_2\ * 
              !\UART:BUART:tx_counter_dp\ * \UART:BUART:tx_bitclk\
        );
        Output = \UART:BUART:txn\ (fanout=2)
        Properties               : 
        {
        }

    [McSlotId=1]:     MacroCell: Name=\UART:BUART:tx_bitclk\, Mode=(D-Register) @ [UDB=(2,0)][LB=0][MC=1]
        Total # of inputs        : 4
        Total # of product terms : 2
        List of special equations: 
            Clock  = (\UART:Net_9\) => Global
            Clock Enable: True
        Main Equation            : 2 pterms
        !(
              !\UART:BUART:tx_state_1\ * !\UART:BUART:tx_state_0\ * 
              \UART:BUART:tx_state_2\
            + !\UART:BUART:tx_bitclk_enable_pre\
        );
        Output = \UART:BUART:tx_bitclk\ (fanout=4)
        Properties               : 
        {
        }

    [McSlotId=2]:     MacroCell: Name=\UART:BUART:tx_status_2\, Mode=(Combinatorial) @ [UDB=(2,0)][LB=0][MC=2]
        Total # of inputs        : 1
        Total # of product terms : 1
            Clock Enable: True
        Main Equation            : 1 pterm
        (
              !\UART:BUART:tx_fifo_notfull\
        );
        Output = \UART:BUART:tx_status_2\ (fanout=1)
        Properties               : 
        {
        }

    [McSlotId=3]: (empty)
}

LAB@[UDB=(2,0)][LB=1] #macrocells=3, #inputs=3, #pterms=3
{
    [McSlotId=0]:     MacroCell: Name=Net_30_0, Mode=(D-Register) @ [UDB=(2,0)][LB=1][MC=0]
        Total # of inputs        : 2
        Total # of product terms : 1
        List of special equations: 
            Clock  = (Net_23) => Global
            Clock Enable: True
        Main Equation            : 1 pterm
        (
              !\Debouncer:DEBOUNCER[0]:d_sync_0\ * 
              \Debouncer:DEBOUNCER[0]:d_sync_1\
        );
        Output = Net_30_0 (fanout=1)
        Properties               : 
        {
        }

    [McSlotId=1]:     MacroCell: Name=\Debouncer:DEBOUNCER[0]:d_sync_1\, Mode=(D-Register) @ [UDB=(2,0)][LB=1][MC=1]
        Total # of inputs        : 1
        Total # of product terms : 1
        List of special equations: 
            Clock  = (Net_23) => Global
            Clock Enable: True
        Main Equation            : 1 pterm
        (
              \Debouncer:DEBOUNCER[0]:d_sync_0\
        );
        Output = \Debouncer:DEBOUNCER[0]:d_sync_1\ (fanout=1)
        Properties               : 
        {
        }

    [McSlotId=2]:     MacroCell: Name=\Debouncer:DEBOUNCER[0]:d_sync_0\, Mode=(D-Register) @ [UDB=(2,0)][LB=1][MC=2]
        Total # of inputs        : 1
        Total # of product terms : 1
        List of special equations: 
            Clock  = (Net_23) => Global
            Clock Enable: True
        Main Equation            : 1 pterm
        (
              Net_28_0
        );
        Output = \Debouncer:DEBOUNCER[0]:d_sync_0\ (fanout=2)
        Properties               : 
        {
        }

    [McSlotId=3]: (empty)
}

datapathcell: Name =\UART:BUART:sTX:TxShifter:u0\
    PORT MAP (
        clock => \UART:Net_9\ ,
        cs_addr_2 => \UART:BUART:tx_state_1\ ,
        cs_addr_1 => \UART:BUART:tx_state_0\ ,
        cs_addr_0 => \UART:BUART:tx_bitclk_enable_pre\ ,
        so_comb => \UART:BUART:tx_shift_out\ ,
        f0_bus_stat_comb => \UART:BUART:tx_fifo_notfull\ ,
        f0_blk_stat_comb => \UART:BUART:tx_fifo_empty\ );
    Properties:
    {
        a0_init = "00000000"
        a1_init = "00000000"
        ce0_sync = 1
        ce1_sync = 1
        cl0_sync = 1
        cl1_sync = 1
        cmsb_sync = 1
        co_msb_sync = 1
        cy_dpconfig = "0000000000000000000000000000000000000000000000000000000011000000000000000000000000000010010000000000000000000000000000000000000011111111000000001111111111111111000000000000000001000100111100000000000000001100"
        d0_init = "00000000"
        d1_init = "00000000"
        f0_blk_sync = 1
        f0_bus_sync = 1
        f1_blk_sync = 1
        f1_bus_sync = 1
        ff0_sync = 1
        ff1_sync = 1
        ov_msb_sync = 1
        so_sync = 1
        z0_sync = 1
        z1_sync = 1
    }
    Clock Polarity: Active High
    Clock Enable: True

UDB [UDB=(2,1)] contents:
LAB@[UDB=(2,1)][LB=0] #macrocells=2, #inputs=6, #pterms=5
{
    [McSlotId=0]:     MacroCell: Name=\UART:BUART:tx_state_2\, Mode=(T-Register) @ [UDB=(2,1)][LB=0][MC=0]
        Total # of inputs        : 6
        Total # of product terms : 4
        List of special equations: 
            Clock  = (\UART:Net_9\) => Global
            Clock Enable: True
        Main Equation            : 4 pterms
        (
              !\UART:BUART:tx_state_1\ * !\UART:BUART:tx_state_0\ * 
              \UART:BUART:tx_bitclk_enable_pre\ * \UART:BUART:tx_state_2\
            + \UART:BUART:tx_state_1\ * \UART:BUART:tx_state_0\ * 
              \UART:BUART:tx_bitclk_enable_pre\ * \UART:BUART:tx_state_2\
            + \UART:BUART:tx_state_1\ * \UART:BUART:tx_state_0\ * 
              !\UART:BUART:tx_state_2\ * \UART:BUART:tx_bitclk\
            + \UART:BUART:tx_state_1\ * !\UART:BUART:tx_state_2\ * 
              \UART:BUART:tx_counter_dp\ * \UART:BUART:tx_bitclk\
        );
        Output = \UART:BUART:tx_state_2\ (fanout=7)
        Properties               : 
        {
        }

    [McSlotId=1]:     MacroCell: Name=\UART:BUART:tx_state_1\, Mode=(T-Register) @ [UDB=(2,1)][LB=0][MC=1]
        Total # of inputs        : 6
        Total # of product terms : 3
        List of special equations: 
            Clock  = (\UART:Net_9\) => Global
            Clock Enable: True
        Main Equation            : 3 pterms
        (
              \UART:BUART:tx_state_1\ * \UART:BUART:tx_state_0\ * 
              \UART:BUART:tx_bitclk_enable_pre\ * \UART:BUART:tx_state_2\
            + \UART:BUART:tx_state_1\ * !\UART:BUART:tx_state_2\ * 
              \UART:BUART:tx_counter_dp\ * \UART:BUART:tx_bitclk\
            + \UART:BUART:tx_state_0\ * !\UART:BUART:tx_state_2\ * 
              \UART:BUART:tx_bitclk\
        );
        Output = \UART:BUART:tx_state_1\ (fanout=8)
        Properties               : 
        {
        }

    [McSlotId=2]: (empty)
    [McSlotId=3]: (empty)
}

LAB@[UDB=(2,1)][LB=1] #macrocells=4, #inputs=7, #pterms=8
{
    [McSlotId=0]:     MacroCell: Name=\UART:BUART:tx_state_0\, Mode=(T-Register) @ [UDB=(2,1)][LB=1][MC=0]
        Total # of inputs        : 6
        Total # of product terms : 4
        List of special equations: 
            Clock  = (\UART:Net_9\) => Global
            Clock Enable: True
        Main Equation            : 4 pterms
        (
              !\UART:BUART:tx_state_1\ * !\UART:BUART:tx_state_0\ * 
              \UART:BUART:tx_bitclk_enable_pre\ * !\UART:BUART:tx_fifo_empty\
            + !\UART:BUART:tx_state_1\ * !\UART:BUART:tx_state_0\ * 
              !\UART:BUART:tx_fifo_empty\ * !\UART:BUART:tx_state_2\
            + \UART:BUART:tx_state_1\ * \UART:BUART:tx_state_0\ * 
              \UART:BUART:tx_bitclk_enable_pre\ * \UART:BUART:tx_fifo_empty\ * 
              \UART:BUART:tx_state_2\
            + \UART:BUART:tx_state_0\ * !\UART:BUART:tx_state_2\ * 
              \UART:BUART:tx_bitclk\
        );
        Output = \UART:BUART:tx_state_0\ (fanout=8)
        Properties               : 
        {
        }

    [McSlotId=1]:     MacroCell: Name=\UART:BUART:counter_load_not\, Mode=(Combinatorial) @ [UDB=(2,1)][LB=1][MC=1]
        Total # of inputs        : 4
        Total # of product terms : 2
            Clock Enable: True
        Main Equation            : 2 pterms
        !(
              !\UART:BUART:tx_state_1\ * !\UART:BUART:tx_state_0\ * 
              \UART:BUART:tx_bitclk_enable_pre\
            + !\UART:BUART:tx_state_1\ * !\UART:BUART:tx_state_0\ * 
              !\UART:BUART:tx_state_2\
        );
        Output = \UART:BUART:counter_load_not\ (fanout=1)
        Properties               : 
        {
        }

    [McSlotId=2]:     MacroCell: Name=\UART:BUART:tx_status_0\, Mode=(Combinatorial) @ [UDB=(2,1)][LB=1][MC=2]
        Total # of inputs        : 5
        Total # of product terms : 1
            Clock Enable: True
        Main Equation            : 1 pterm
        (
              !\UART:BUART:tx_state_1\ * !\UART:BUART:tx_state_0\ * 
              \UART:BUART:tx_bitclk_enable_pre\ * \UART:BUART:tx_fifo_empty\ * 
              \UART:BUART:tx_state_2\
        );
        Output = \UART:BUART:tx_status_0\ (fanout=1)
        Properties               : 
        {
        }

    [McSlotId=3]:     MacroCell: Name=Net_9, Mode=(Combinatorial) @ [UDB=(2,1)][LB=1][MC=3]
        Total # of inputs        : 1
        Total # of product terms : 1
            Clock Enable: True
        Main Equation            : 1 pterm
        (
              !\UART:BUART:txn\
        );
        Output = Net_9 (fanout=1)
        Properties               : 
        {
        }
}

datapathcell: Name =\UART:BUART:sTX:sCLOCK:TxBitClkGen\
    PORT MAP (
        clock => \UART:Net_9\ ,
        cs_addr_0 => \UART:BUART:counter_load_not\ ,
        ce0_reg => \UART:BUART:tx_bitclk_enable_pre\ ,
        ce1_reg => \UART:BUART:tx_counter_dp\ );
    Properties:
    {
        a0_init = "00000000"
        a1_init = "00000000"
        ce0_sync = 1
        ce1_sync = 1
        cl0_sync = 1
        cl1_sync = 1
        cmsb_sync = 1
        co_msb_sync = 1
        cy_dpconfig = "1010100001000000001000000100000000000000000000000000000000000000000000000000000000000000000000000000000000000000000000000000000011111111000000001111111100000111001000000100000000000101111100000000000000001000"
        d0_init = "00000000"
        d1_init = "00000000"
        f0_blk_sync = 1
        f0_bus_sync = 1
        f1_blk_sync = 1
        f1_bus_sync = 1
        ff0_sync = 1
        ff1_sync = 1
        ov_msb_sync = 1
        so_sync = 1
        z0_sync = 1
        z1_sync = 1
    }
    Clock Polarity: Active High
    Clock Enable: True

statusicell: Name =\UART:BUART:sTX:TxSts\
    PORT MAP (
        clock => \UART:Net_9\ ,
        status_3 => \UART:BUART:tx_fifo_notfull\ ,
        status_2 => \UART:BUART:tx_status_2\ ,
        status_1 => \UART:BUART:tx_fifo_empty\ ,
        status_0 => \UART:BUART:tx_status_0\ ,
        interrupt => Net_13 );
    Properties:
    {
        cy_force_order = 1
        cy_int_mask = "1111111"
        cy_md_select = "0000001"
    }
    Clock Polarity: Active High
    Clock Enable: True

UDB [UDB=(2,2)] is empty.
UDB [UDB=(2,3)] is empty.
UDB [UDB=(2,4)] is empty.
UDB [UDB=(2,5)] is empty.
UDB [UDB=(3,0)] contents:
LAB@[UDB=(3,0)][LB=0] #macrocells=3, #inputs=4, #pterms=3
{
    [McSlotId=0]: (empty)
    [McSlotId=1]:     MacroCell: Name=\Debouncer:DEBOUNCER[2]:d_sync_0\, Mode=(D-Register) @ [UDB=(3,0)][LB=0][MC=1]
        Total # of inputs        : 1
        Total # of product terms : 1
        List of special equations: 
            Clock  = (Net_23) => Global
            Clock Enable: True
        Main Equation            : 1 pterm
        (
              Net_28_2
        );
        Output = \Debouncer:DEBOUNCER[2]:d_sync_0\ (fanout=2)
        Properties               : 
        {
        }

    [McSlotId=2]:     MacroCell: Name=\Debouncer:DEBOUNCER[1]:d_sync_0\, Mode=(D-Register) @ [UDB=(3,0)][LB=0][MC=2]
        Total # of inputs        : 1
        Total # of product terms : 1
        List of special equations: 
            Clock  = (Net_23) => Global
            Clock Enable: True
        Main Equation            : 1 pterm
        (
              Net_28_1
        );
        Output = \Debouncer:DEBOUNCER[1]:d_sync_0\ (fanout=2)
        Properties               : 
        {
        }

    [McSlotId=3]:     MacroCell: Name=Net_30_2, Mode=(D-Register) @ [UDB=(3,0)][LB=0][MC=3]
        Total # of inputs        : 2
        Total # of product terms : 1
        List of special equations: 
            Clock  = (Net_23) => Global
            Clock Enable: True
        Main Equation            : 1 pterm
        (
              !\Debouncer:DEBOUNCER[2]:d_sync_0\ * 
              \Debouncer:DEBOUNCER[2]:d_sync_1\
        );
        Output = Net_30_2 (fanout=1)
        Properties               : 
        {
        }
}

LAB@[UDB=(3,0)][LB=1] #macrocells=1, #inputs=1, #pterms=1
{
    [McSlotId=0]:     MacroCell: Name=\Debouncer:DEBOUNCER[2]:d_sync_1\, Mode=(D-Register) @ [UDB=(3,0)][LB=1][MC=0]
        Total # of inputs        : 1
        Total # of product terms : 1
        List of special equations: 
            Clock  = (Net_23) => Global
            Clock Enable: True
        Main Equation            : 1 pterm
        (
              \Debouncer:DEBOUNCER[2]:d_sync_0\
        );
        Output = \Debouncer:DEBOUNCER[2]:d_sync_1\ (fanout=1)
        Properties               : 
        {
        }

    [McSlotId=1]: (empty)
    [McSlotId=2]: (empty)
    [McSlotId=3]: (empty)
}

statusicell: Name =\Status_Reg:sts_intr:sts_reg\
    PORT MAP (
        status_3 => Net_30_3 ,
        status_2 => Net_30_2 ,
        status_1 => Net_30_1 ,
        status_0 => Net_30_0 ,
        interrupt => Net_49 );
    Properties:
    {
        cy_force_order = 1
        cy_int_mask = "0001111"
        cy_md_select = "0000000"
    }
    Clock Enable: True

UDB [UDB=(3,1)] contents:
LAB@[UDB=(3,1)][LB=0] #macrocells=3, #inputs=3, #pterms=3
{
    [McSlotId=0]:     MacroCell: Name=\Debouncer:DEBOUNCER[1]:d_sync_1\, Mode=(D-Register) @ [UDB=(3,1)][LB=0][MC=0]
        Total # of inputs        : 1
        Total # of product terms : 1
        List of special equations: 
            Clock  = (Net_23) => Global
            Clock Enable: True
        Main Equation            : 1 pterm
        (
              \Debouncer:DEBOUNCER[1]:d_sync_0\
        );
        Output = \Debouncer:DEBOUNCER[1]:d_sync_1\ (fanout=1)
        Properties               : 
        {
        }

    [McSlotId=1]:     MacroCell: Name=\Debouncer:DEBOUNCER[3]:d_sync_1\, Mode=(D-Register) @ [UDB=(3,1)][LB=0][MC=1]
        Total # of inputs        : 1
        Total # of product terms : 1
        List of special equations: 
            Clock  = (Net_23) => Global
            Clock Enable: True
        Main Equation            : 1 pterm
        (
              \Debouncer:DEBOUNCER[3]:d_sync_0\
        );
        Output = \Debouncer:DEBOUNCER[3]:d_sync_1\ (fanout=1)
        Properties               : 
        {
        }

    [McSlotId=2]:     MacroCell: Name=\Debouncer:DEBOUNCER[3]:d_sync_0\, Mode=(D-Register) @ [UDB=(3,1)][LB=0][MC=2]
        Total # of inputs        : 1
        Total # of product terms : 1
        List of special equations: 
            Clock  = (Net_23) => Global
            Clock Enable: True
        Main Equation            : 1 pterm
        (
              Net_28_3
        );
        Output = \Debouncer:DEBOUNCER[3]:d_sync_0\ (fanout=2)
        Properties               : 
        {
        }

    [McSlotId=3]: (empty)
}

LAB@[UDB=(3,1)][LB=1] #macrocells=2, #inputs=4, #pterms=2
{
    [McSlotId=0]: (empty)
    [McSlotId=1]:     MacroCell: Name=Net_30_3, Mode=(D-Register) @ [UDB=(3,1)][LB=1][MC=1]
        Total # of inputs        : 2
        Total # of product terms : 1
        List of special equations: 
            Clock  = (Net_23) => Global
            Clock Enable: True
        Main Equation            : 1 pterm
        (
              !\Debouncer:DEBOUNCER[3]:d_sync_0\ * 
              \Debouncer:DEBOUNCER[3]:d_sync_1\
        );
        Output = Net_30_3 (fanout=1)
        Properties               : 
        {
        }

    [McSlotId=2]: (empty)
    [McSlotId=3]:     MacroCell: Name=Net_30_1, Mode=(D-Register) @ [UDB=(3,1)][LB=1][MC=3]
        Total # of inputs        : 2
        Total # of product terms : 1
        List of special equations: 
            Clock  = (Net_23) => Global
            Clock Enable: True
        Main Equation            : 1 pterm
        (
              !\Debouncer:DEBOUNCER[1]:d_sync_0\ * 
              \Debouncer:DEBOUNCER[1]:d_sync_1\
        );
        Output = Net_30_1 (fanout=1)
        Properties               : 
        {
        }
}

UDB [UDB=(3,2)] is empty.
UDB [UDB=(3,3)] is empty.
UDB [UDB=(3,4)] is empty.
UDB [UDB=(3,5)] is empty.
Intr container @ [IntrContainer=(0)]: 
  Intr@ [IntrContainer=(0)][IntrId=(0)] 
    interrupt: Name =\UART:TXInternalInterrupt\
        PORT MAP (
            interrupt => Net_13 );
        Properties:
        {
            int_type = "10"
            is_nmi = 0
        }
  Intr@ [IntrContainer=(0)][IntrId=(1)] 
    interrupt: Name =isr_1
        PORT MAP (
            interrupt => Net_49 );
        Properties:
        {
            int_type = "10"
            is_nmi = 0
        }
Drq container @ [DrqContainer=(0)]: empty
Port 0 contains the following IO cells:
Port 1 contains the following IO cells:
Port 2 contains the following IO cells:
Port 3 contains the following IO cells:
[IoId=0]: 
Pin : Name = SENSORES(0)
    Attributes:
        In Group/Port: True
        In Sync Option: NOSYNC
        Out Sync Option: AUTO
        Interrupt generated: False
        Interrupt mode: NONE
        Drive mode: RES_PULL_UP
        VTrip: CMOS
        Slew: FAST
        Input Sync needed: False
        Output Sync needed: False
        SC shield enabled: False
        POR State: ANY
        LCD Mode: COMMON
        Register Mode: RegComb
        CaSense Mode: NEITHER
        Treat as pin: True
        Is OE Registered: False
        Uses Analog: False
        Can contain Digital: True
        Is SIO: False
        SIO Output Buf: NONREGULATED
        SIO Input Buf: SINGLE_ENDED
        SIO HiFreq: LOW
        SIO Hyst: DISABLED
        SIO Vtrip: MULTIPLIER_0_5
        SIO Multiplier Index: 0
        SIO RefSel: VCC_IO
        Required Capabilities: DIGITAL, ROUTABLE
        Initial Value: 1
        IO Voltage: 0
    PORT MAP (
        pa_out => SENSORES(0)__PA ,
        fb => Net_28_0 ,
        pad => SENSORES(0)_PAD );
    Properties:
    {
    }

[IoId=1]: 
Pin : Name = SENSORES(1)
    Attributes:
        In Group/Port: True
        In Sync Option: NOSYNC
        Out Sync Option: AUTO
        Interrupt generated: False
        Interrupt mode: NONE
        Drive mode: RES_PULL_UP
        VTrip: CMOS
        Slew: FAST
        Input Sync needed: False
        Output Sync needed: False
        SC shield enabled: False
        POR State: ANY
        LCD Mode: COMMON
        Register Mode: RegComb
        CaSense Mode: NEITHER
        Treat as pin: True
        Is OE Registered: False
        Uses Analog: False
        Can contain Digital: True
        Is SIO: False
        SIO Output Buf: NONREGULATED
        SIO Input Buf: SINGLE_ENDED
        SIO HiFreq: LOW
        SIO Hyst: DISABLED
        SIO Vtrip: MULTIPLIER_0_5
        SIO Multiplier Index: 0
        SIO RefSel: VCC_IO
        Required Capabilities: DIGITAL, ROUTABLE
        Initial Value: 1
        IO Voltage: 0
    PORT MAP (
        pa_out => SENSORES(1)__PA ,
        fb => Net_28_1 ,
        pad => SENSORES(1)_PAD );
    Properties:
    {
    }

Port 12 contains the following IO cells:
[IoId=7]: 
Pin : Name = Tx_1(0)
    Attributes:
        In Group/Port: True
        In Sync Option: AUTO
        Out Sync Option: NOSYNC
        Interrupt generated: False
        Interrupt mode: NONE
        Drive mode: CMOS_OUT
        VTrip: EITHER
        Slew: FAST
        Input Sync needed: False
        Output Sync needed: False
        SC shield enabled: False
        POR State: ANY
        LCD Mode: COMMON
        Register Mode: RegComb
        CaSense Mode: NEITHER
        Treat as pin: True
        Is OE Registered: False
        Uses Analog: False
        Can contain Digital: True
        Is SIO: False
        SIO Output Buf: NONREGULATED
        SIO Input Buf: SINGLE_ENDED
        SIO HiFreq: LOW
        SIO Hyst: DISABLED
        SIO Vtrip: MULTIPLIER_0_5
        SIO Multiplier Index: 0
        SIO RefSel: VCC_IO
        Required Capabilities: DIGITAL, ROUTABLE
        Initial Value: 1
        IO Voltage: 0
    PORT MAP (
        pa_out => Tx_1(0)__PA ,
        pin_input => Net_9 ,
        pad => Tx_1(0)_PAD );
    Properties:
    {
    }

Port 15 contains the following IO cells:
[IoId=0]: 
Pin : Name = SENSORES(2)
    Attributes:
        In Group/Port: True
        In Sync Option: NOSYNC
        Out Sync Option: AUTO
        Interrupt generated: False
        Interrupt mode: NONE
        Drive mode: RES_PULL_UP
        VTrip: CMOS
        Slew: FAST
        Input Sync needed: False
        Output Sync needed: False
        SC shield enabled: False
        POR State: ANY
        LCD Mode: COMMON
        Register Mode: RegComb
        CaSense Mode: NEITHER
        Treat as pin: True
        Is OE Registered: False
        Uses Analog: False
        Can contain Digital: True
        Is SIO: False
        SIO Output Buf: NONREGULATED
        SIO Input Buf: SINGLE_ENDED
        SIO HiFreq: LOW
        SIO Hyst: DISABLED
        SIO Vtrip: MULTIPLIER_0_5
        SIO Multiplier Index: 0
        SIO RefSel: VCC_IO
        Required Capabilities: DIGITAL, ROUTABLE
        Initial Value: 1
        IO Voltage: 0
    PORT MAP (
        pa_out => SENSORES(2)__PA ,
        fb => Net_28_2 ,
        pad => SENSORES(2)_PAD );
    Properties:
    {
    }

[IoId=1]: 
Pin : Name = SENSORES(3)
    Attributes:
        In Group/Port: True
        In Sync Option: NOSYNC
        Out Sync Option: AUTO
        Interrupt generated: False
        Interrupt mode: NONE
        Drive mode: RES_PULL_UP
        VTrip: CMOS
        Slew: FAST
        Input Sync needed: False
        Output Sync needed: False
        SC shield enabled: False
        POR State: ANY
        LCD Mode: COMMON
        Register Mode: RegComb
        CaSense Mode: NEITHER
        Treat as pin: True
        Is OE Registered: False
        Uses Analog: False
        Can contain Digital: True
        Is SIO: False
        SIO Output Buf: NONREGULATED
        SIO Input Buf: SINGLE_ENDED
        SIO HiFreq: LOW
        SIO Hyst: DISABLED
        SIO Vtrip: MULTIPLIER_0_5
        SIO Multiplier Index: 0
        SIO RefSel: VCC_IO
        Required Capabilities: DIGITAL, ROUTABLE
        Initial Value: 1
        IO Voltage: 0
    PORT MAP (
        pa_out => SENSORES(3)__PA ,
        fb => Net_28_3 ,
        pad => SENSORES(3)_PAD );
    Properties:
    {
    }

ARM group 0: empty
CAN group 0: empty
Cache group 0: empty
CapSense group 0: empty
Clock group 0: 
    Clock Block @ F(Clock,0): 
    clockblockcell: Name =ClockBlock
        PORT MAP (
            imo => ClockBlock_IMO ,
            pllout => ClockBlock_PLL_OUT ,
            ilo => ClockBlock_ILO ,
            clk_100k => ClockBlock_100k ,
            clk_1k => ClockBlock_1k ,
            clk_32k => ClockBlock_32k ,
            xtal => ClockBlock_XTAL ,
            clk_32k_xtal => ClockBlock_XTAL_32KHZ ,
            clk_sync => ClockBlock_MASTER_CLK ,
            clk_bus_glb => ClockBlock_BUS_CLK ,
            clk_bus => ClockBlock_BUS_CLK_local ,
            dclk_glb_0 => \UART:Net_9\ ,
            dclk_0 => \UART:Net_9_local\ ,
            dclk_glb_1 => Net_23 ,
            dclk_1 => Net_23_local );
        Properties:
        {
        }
Comparator group 0: empty
DFB group 0: empty
DSM group 0: empty
Decimator group 0: empty
EMIF group 0: empty
I2C group 0: empty
LCD group 0: empty
LVD group 0: empty
PICU group 0: empty
PM group 0: empty
SC group 0: empty
SPC group 0: empty
Timer group 0: empty
USB group 0: empty
VIDAC group 0: empty
OpAmp group 0: empty
CsAbuf group 0: empty
Vref group 0: empty
LPF group 0: empty
SAR group 0: empty
ANAIF group 0: empty
PHUB group 0: empty
</CYPRESSTAG>
<CYPRESSTAG name="Port Configuration Details">

------------------------------------------------------------
Port Configuration report
------------------------------------------------------------
     |     |       | Interrupt |                  |             | 
Port | Pin | Fixed |      Type |       Drive Mode |        Name | Connections
-----+-----+-------+-----------+------------------+-------------+-------------
   3 |   0 |     * |      NONE |      RES_PULL_UP | SENSORES(0) | FB(Net_28_0)
     |   1 |     * |      NONE |      RES_PULL_UP | SENSORES(1) | FB(Net_28_1)
-----+-----+-------+-----------+------------------+-------------+-------------
  12 |   7 |     * |      NONE |         CMOS_OUT |     Tx_1(0) | In(Net_9)
-----+-----+-------+-----------+------------------+-------------+-------------
  15 |   0 |     * |      NONE |      RES_PULL_UP | SENSORES(2) | FB(Net_28_2)
     |   1 |     * |      NONE |      RES_PULL_UP | SENSORES(3) | FB(Net_28_3)
------------------------------------------------------------------------------
</CYPRESSTAG>
</CYPRESSTAG>
</CYPRESSTAG>
Digital component placer commit/Report: Elapsed time ==> 0s.041ms
Digital Placement phase: Elapsed time ==> 1s.301ms
</CYPRESSTAG>
<CYPRESSTAG name="Digital Routing">
"C:\Program Files (x86)\Cypress\PSoC Creator\4.4\PSoC Creator\bin/sjrouter.exe" --xml-path "C:\Program Files (x86)\Cypress\PSoC Creator\4.4\PSoC Creator\dev\psoc5/psoc5lp/route_arch-rrg.cydata" --vh2-path "Simulacion_sensores_en_linea_r.vh2" --pcf-path "Simulacion_sensores_en_linea.pco" --des-name "Simulacion_sensores_en_linea" --dsf-path "Simulacion_sensores_en_linea.dsf" --sdc-path "Simulacion_sensores_en_linea.sdc" --lib-path "Simulacion_sensores_en_linea_r.lib"
Routing successful.
Digital Routing phase: Elapsed time ==> 1s.978ms
</CYPRESSTAG>
<CYPRESSTAG name="Bitstream Generation">
Bitstream Generation phase: Elapsed time ==> 0s.257ms
</CYPRESSTAG>
<CYPRESSTAG name="Bitstream Verification">
Bitstream Verification phase: Elapsed time ==> 0s.062ms
</CYPRESSTAG>
<CYPRESSTAG name="Static timing analysis">
Timing report is in Simulacion_sensores_en_linea_timing.html.
Static timing analysis phase: Elapsed time ==> 0s.394ms
</CYPRESSTAG>
<CYPRESSTAG name="Data reporting">
Data reporting phase: Elapsed time ==> 0s.000ms
</CYPRESSTAG>
<CYPRESSTAG name="Database update...">
Design database save phase: Elapsed time ==> 0s.314ms
</CYPRESSTAG>
cydsfit: Elapsed time ==> 5s.070ms
</CYPRESSTAG>
Fitter phase: Elapsed time ==> 5s.072ms
API generation phase: Elapsed time ==> 1s.274ms
Dependency generation phase: Elapsed time ==> 0s.011ms
Cleanup phase: Elapsed time ==> 0s.001ms
