ARM GAS  C:\Users\adria\AppData\Local\Temp\ccAcbKaD.s 			page 1


   1              		.syntax unified
   2              		.cpu cortex-m3
   3              		.fpu softvfp
   4              		.eabi_attribute 20, 1
   5              		.eabi_attribute 21, 1
   6              		.eabi_attribute 23, 3
   7              		.eabi_attribute 24, 1
   8              		.eabi_attribute 25, 1
   9              		.eabi_attribute 26, 1
  10              		.eabi_attribute 30, 1
  11              		.eabi_attribute 34, 1
  12              		.eabi_attribute 18, 4
  13              		.thumb
  14              		.syntax unified
  15              		.file	"cymetadata.c"
  16              		.text
  17              	.Ltext0:
  18              		.cfi_sections	.debug_frame
  19              		.global	cy_metadata
  20              		.global	cy_meta_flashprotect
  21              		.global	cy_meta_wonvl
  22              		.global	cy_meta_custnvl
  23              		.global	cy_meta_configecc
  24              		.section	.cyconfigecc,"a",%progbits
  25              		.align	2
  26              		.type	cy_meta_configecc, %object
  27              		.size	cy_meta_configecc, 1792
  28              	cy_meta_configecc:
  29 0000 03       		.byte	3
  30 0001 4F       		.byte	79
  31 0002 00       		.byte	0
  32 0003 40       		.byte	64
  33 0004 04       		.byte	4
  34 0005 52       		.byte	82
  35 0006 00       		.byte	0
  36 0007 40       		.byte	64
  37 0008 02       		.byte	2
  38 0009 64       		.byte	100
  39 000a 00       		.byte	0
  40 000b 40       		.byte	64
  41 000c 01       		.byte	1
  42 000d 65       		.byte	101
  43 000e 00       		.byte	0
  44 000f 40       		.byte	64
  45 0010 01       		.byte	1
  46 0011 05       		.byte	5
  47 0012 01       		.byte	1
  48 0013 40       		.byte	64
  49 0014 01       		.byte	1
  50 0015 07       		.byte	7
  51 0016 01       		.byte	1
  52 0017 40       		.byte	64
  53 0018 51       		.byte	81
  54 0019 08       		.byte	8
  55 001a 01       		.byte	1
  56 001b 40       		.byte	64
  57 001c 52       		.byte	82
ARM GAS  C:\Users\adria\AppData\Local\Temp\ccAcbKaD.s 			page 2


  58 001d 09       		.byte	9
  59 001e 01       		.byte	1
  60 001f 40       		.byte	64
  61 0020 45       		.byte	69
  62 0021 0A       		.byte	10
  63 0022 01       		.byte	1
  64 0023 40       		.byte	64
  65 0024 3F       		.byte	63
  66 0025 0B       		.byte	11
  67 0026 01       		.byte	1
  68 0027 40       		.byte	64
  69 0028 62       		.byte	98
  70 0029 0C       		.byte	12
  71 002a 01       		.byte	1
  72 002b 40       		.byte	64
  73 002c 33       		.byte	51
  74 002d 0D       		.byte	13
  75 002e 01       		.byte	1
  76 002f 40       		.byte	64
  77 0030 01       		.byte	1
  78 0031 15       		.byte	21
  79 0032 01       		.byte	1
  80 0033 40       		.byte	64
  81 0034 02       		.byte	2
  82 0035 17       		.byte	23
  83 0036 01       		.byte	1
  84 0037 40       		.byte	64
  85 0038 4E       		.byte	78
  86 0039 18       		.byte	24
  87 003a 01       		.byte	1
  88 003b 40       		.byte	64
  89 003c 41       		.byte	65
  90 003d 19       		.byte	25
  91 003e 01       		.byte	1
  92 003f 40       		.byte	64
  93 0040 51       		.byte	81
  94 0041 1A       		.byte	26
  95 0042 01       		.byte	1
  96 0043 40       		.byte	64
  97 0044 49       		.byte	73
  98 0045 1B       		.byte	27
  99 0046 01       		.byte	1
 100 0047 40       		.byte	64
 101 0048 09       		.byte	9
 102 0049 40       		.byte	64
 103 004a 01       		.byte	1
 104 004b 40       		.byte	64
 105 004c 04       		.byte	4
 106 004d 41       		.byte	65
 107 004e 01       		.byte	1
 108 004f 40       		.byte	64
 109 0050 08       		.byte	8
 110 0051 42       		.byte	66
 111 0052 01       		.byte	1
 112 0053 40       		.byte	64
 113 0054 05       		.byte	5
 114 0055 43       		.byte	67
ARM GAS  C:\Users\adria\AppData\Local\Temp\ccAcbKaD.s 			page 3


 115 0056 01       		.byte	1
 116 0057 40       		.byte	64
 117 0058 02       		.byte	2
 118 0059 46       		.byte	70
 119 005a 01       		.byte	1
 120 005b 40       		.byte	64
 121 005c 01       		.byte	1
 122 005d 47       		.byte	71
 123 005e 01       		.byte	1
 124 005f 40       		.byte	64
 125 0060 07       		.byte	7
 126 0061 48       		.byte	72
 127 0062 01       		.byte	1
 128 0063 40       		.byte	64
 129 0064 03       		.byte	3
 130 0065 49       		.byte	73
 131 0066 01       		.byte	1
 132 0067 40       		.byte	64
 133 0068 06       		.byte	6
 134 0069 4C       		.byte	76
 135 006a 01       		.byte	1
 136 006b 40       		.byte	64
 137 006c 07       		.byte	7
 138 006d 4D       		.byte	77
 139 006e 01       		.byte	1
 140 006f 40       		.byte	64
 141 0070 05       		.byte	5
 142 0071 50       		.byte	80
 143 0072 01       		.byte	1
 144 0073 40       		.byte	64
 145 0074 02       		.byte	2
 146 0075 51       		.byte	81
 147 0076 01       		.byte	1
 148 0077 40       		.byte	64
 149 0078 0A       		.byte	10
 150 0079 36       		.byte	54
 151 007a 0D       		.byte	13
 152 007b 20       		.byte	32
 153 007c 16       		.byte	22
 154 007d 36       		.byte	54
 155 007e 61       		.byte	97
 156 007f 80       		.byte	-128
 157 0080 64       		.byte	100
 158 0081 40       		.byte	64
 159 0082 78       		.byte	120
 160 0083 20       		.byte	32
 161 0084 79       		.byte	121
 162 0085 20       		.byte	32
 163 0086 89       		.byte	-119
 164 0087 72       		.byte	114
 165 0088 8A       		.byte	-118
 166 0089 0F       		.byte	15
 167 008a 8B       		.byte	-117
 168 008b 79       		.byte	121
 169 008c E2       		.byte	-30
 170 008d 04       		.byte	4
 171 008e EE       		.byte	-18
ARM GAS  C:\Users\adria\AppData\Local\Temp\ccAcbKaD.s 			page 4


 172 008f 04       		.byte	4
 173 0090 00       		.byte	0
 174 0091 02       		.byte	2
 175 0092 02       		.byte	2
 176 0093 01       		.byte	1
 177 0094 06       		.byte	6
 178 0095 02       		.byte	2
 179 0096 0A       		.byte	10
 180 0097 03       		.byte	3
 181 0098 0E       		.byte	14
 182 0099 08       		.byte	8
 183 009a 10       		.byte	16
 184 009b 04       		.byte	4
 185 009c 14       		.byte	20
 186 009d 07       		.byte	7
 187 009e 1A       		.byte	26
 188 009f 01       		.byte	1
 189 00a0 1C       		.byte	28
 190 00a1 04       		.byte	4
 191 00a2 1E       		.byte	30
 192 00a3 03       		.byte	3
 193 00a4 20       		.byte	32
 194 00a5 07       		.byte	7
 195 00a6 26       		.byte	38
 196 00a7 01       		.byte	1
 197 00a8 28       		.byte	40
 198 00a9 04       		.byte	4
 199 00aa 2C       		.byte	44
 200 00ab 03       		.byte	3
 201 00ac 2E       		.byte	46
 202 00ad 04       		.byte	4
 203 00ae 30       		.byte	48
 204 00af 0F       		.byte	15
 205 00b0 40       		.byte	64
 206 00b1 43       		.byte	67
 207 00b2 41       		.byte	65
 208 00b3 02       		.byte	2
 209 00b4 42       		.byte	66
 210 00b5 01       		.byte	1
 211 00b6 44       		.byte	68
 212 00b7 06       		.byte	6
 213 00b8 45       		.byte	69
 214 00b9 E0       		.byte	-32
 215 00ba 46       		.byte	70
 216 00bb 04       		.byte	4
 217 00bc 47       		.byte	71
 218 00bd 0C       		.byte	12
 219 00be 48       		.byte	72
 220 00bf 17       		.byte	23
 221 00c0 49       		.byte	73
 222 00c1 FF       		.byte	-1
 223 00c2 4A       		.byte	74
 224 00c3 FF       		.byte	-1
 225 00c4 4B       		.byte	75
 226 00c5 FF       		.byte	-1
 227 00c6 4C       		.byte	76
 228 00c7 62       		.byte	98
ARM GAS  C:\Users\adria\AppData\Local\Temp\ccAcbKaD.s 			page 5


 229 00c8 4D       		.byte	77
 230 00c9 A0       		.byte	-96
 231 00ca 4E       		.byte	78
 232 00cb F0       		.byte	-16
 233 00cc 4F       		.byte	79
 234 00cd 41       		.byte	65
 235 00ce 50       		.byte	80
 236 00cf 0C       		.byte	12
 237 00d0 58       		.byte	88
 238 00d1 04       		.byte	4
 239 00d2 5A       		.byte	90
 240 00d3 04       		.byte	4
 241 00d4 5C       		.byte	92
 242 00d5 01       		.byte	1
 243 00d6 5D       		.byte	93
 244 00d7 01       		.byte	1
 245 00d8 5F       		.byte	95
 246 00d9 01       		.byte	1
 247 00da 66       		.byte	102
 248 00db 40       		.byte	64
 249 00dc 67       		.byte	103
 250 00dd 02       		.byte	2
 251 00de 69       		.byte	105
 252 00df 10       		.byte	16
 253 00e0 6A       		.byte	106
 254 00e1 30       		.byte	48
 255 00e2 6B       		.byte	107
 256 00e3 10       		.byte	16
 257 00e4 6D       		.byte	109
 258 00e5 10       		.byte	16
 259 00e6 6E       		.byte	110
 260 00e7 10       		.byte	16
 261 00e8 6F       		.byte	111
 262 00e9 12       		.byte	18
 263 00ea 80       		.byte	-128
 264 00eb 03       		.byte	3
 265 00ec 83       		.byte	-125
 266 00ed 10       		.byte	16
 267 00ee 85       		.byte	-123
 268 00ef 0A       		.byte	10
 269 00f0 89       		.byte	-119
 270 00f1 1F       		.byte	31
 271 00f2 8C       		.byte	-116
 272 00f3 03       		.byte	3
 273 00f4 8D       		.byte	-115
 274 00f5 1F       		.byte	31
 275 00f6 90       		.byte	-112
 276 00f7 01       		.byte	1
 277 00f8 91       		.byte	-111
 278 00f9 03       		.byte	3
 279 00fa 93       		.byte	-109
 280 00fb 0C       		.byte	12
 281 00fc 94       		.byte	-108
 282 00fd 03       		.byte	3
 283 00fe 95       		.byte	-107
 284 00ff 0C       		.byte	12
 285 0100 97       		.byte	-105
ARM GAS  C:\Users\adria\AppData\Local\Temp\ccAcbKaD.s 			page 6


 286 0101 03       		.byte	3
 287 0102 9A       		.byte	-102
 288 0103 04       		.byte	4
 289 0104 9B       		.byte	-101
 290 0105 1F       		.byte	31
 291 0106 9C       		.byte	-100
 292 0107 02       		.byte	2
 293 0108 9F       		.byte	-97
 294 0109 1F       		.byte	31
 295 010a A1       		.byte	-95
 296 010b 02       		.byte	2
 297 010c A2       		.byte	-94
 298 010d 03       		.byte	3
 299 010e A3       		.byte	-93
 300 010f 05       		.byte	5
 301 0110 A5       		.byte	-91
 302 0111 0C       		.byte	12
 303 0112 A7       		.byte	-89
 304 0113 03       		.byte	3
 305 0114 A8       		.byte	-88
 306 0115 03       		.byte	3
 307 0116 A9       		.byte	-87
 308 0117 01       		.byte	1
 309 0118 AD       		.byte	-83
 310 0119 01       		.byte	1
 311 011a B5       		.byte	-75
 312 011b 1F       		.byte	31
 313 011c B6       		.byte	-74
 314 011d 07       		.byte	7
 315 011e BA       		.byte	-70
 316 011f 80       		.byte	-128
 317 0120 BF       		.byte	-65
 318 0121 10       		.byte	16
 319 0122 D6       		.byte	-42
 320 0123 02       		.byte	2
 321 0124 D7       		.byte	-41
 322 0125 13       		.byte	19
 323 0126 D8       		.byte	-40
 324 0127 04       		.byte	4
 325 0128 D9       		.byte	-39
 326 0129 04       		.byte	4
 327 012a DB       		.byte	-37
 328 012b 04       		.byte	4
 329 012c DC       		.byte	-36
 330 012d 01       		.byte	1
 331 012e DD       		.byte	-35
 332 012f 10       		.byte	16
 333 0130 DF       		.byte	-33
 334 0131 01       		.byte	1
 335 0132 02       		.byte	2
 336 0133 02       		.byte	2
 337 0134 03       		.byte	3
 338 0135 80       		.byte	-128
 339 0136 04       		.byte	4
 340 0137 04       		.byte	4
 341 0138 05       		.byte	5
 342 0139 11       		.byte	17
ARM GAS  C:\Users\adria\AppData\Local\Temp\ccAcbKaD.s 			page 7


 343 013a 07       		.byte	7
 344 013b 02       		.byte	2
 345 013c 08       		.byte	8
 346 013d 0D       		.byte	13
 347 013e 09       		.byte	9
 348 013f 21       		.byte	33
 349 0140 0B       		.byte	11
 350 0141 21       		.byte	33
 351 0142 0C       		.byte	12
 352 0143 05       		.byte	5
 353 0144 0E       		.byte	14
 354 0145 01       		.byte	1
 355 0146 0F       		.byte	15
 356 0147 08       		.byte	8
 357 0148 11       		.byte	17
 358 0149 10       		.byte	16
 359 014a 12       		.byte	18
 360 014b 40       		.byte	64
 361 014c 13       		.byte	19
 362 014d 10       		.byte	16
 363 014e 15       		.byte	21
 364 014f 56       		.byte	86
 365 0150 1A       		.byte	26
 366 0151 01       		.byte	1
 367 0152 1B       		.byte	27
 368 0153 80       		.byte	-128
 369 0154 1E       		.byte	30
 370 0155 80       		.byte	-128
 371 0156 21       		.byte	33
 372 0157 20       		.byte	32
 373 0158 29       		.byte	41
 374 0159 09       		.byte	9
 375 015a 2A       		.byte	42
 376 015b 80       		.byte	-128
 377 015c 2B       		.byte	43
 378 015d 0C       		.byte	12
 379 015e 2D       		.byte	45
 380 015f 0C       		.byte	12
 381 0160 2E       		.byte	46
 382 0161 04       		.byte	4
 383 0162 30       		.byte	48
 384 0163 10       		.byte	16
 385 0164 31       		.byte	49
 386 0165 12       		.byte	18
 387 0166 33       		.byte	51
 388 0167 84       		.byte	-124
 389 0168 36       		.byte	54
 390 0169 40       		.byte	64
 391 016a 37       		.byte	55
 392 016b 40       		.byte	64
 393 016c 38       		.byte	56
 394 016d 44       		.byte	68
 395 016e 39       		.byte	57
 396 016f 42       		.byte	66
 397 0170 3A       		.byte	58
 398 0171 40       		.byte	64
 399 0172 3B       		.byte	59
ARM GAS  C:\Users\adria\AppData\Local\Temp\ccAcbKaD.s 			page 8


 400 0173 20       		.byte	32
 401 0174 41       		.byte	65
 402 0175 02       		.byte	2
 403 0176 42       		.byte	66
 404 0177 40       		.byte	64
 405 0178 44       		.byte	68
 406 0179 18       		.byte	24
 407 017a 46       		.byte	70
 408 017b 40       		.byte	64
 409 017c 47       		.byte	71
 410 017d 40       		.byte	64
 411 017e 4D       		.byte	77
 412 017f 02       		.byte	2
 413 0180 4F       		.byte	79
 414 0181 28       		.byte	40
 415 0182 55       		.byte	85
 416 0183 08       		.byte	8
 417 0184 56       		.byte	86
 418 0185 80       		.byte	-128
 419 0186 5A       		.byte	90
 420 0187 02       		.byte	2
 421 0188 68       		.byte	104
 422 0189 29       		.byte	41
 423 018a 71       		.byte	113
 424 018b 40       		.byte	64
 425 018c 72       		.byte	114
 426 018d 18       		.byte	24
 427 018e 73       		.byte	115
 428 018f 11       		.byte	17
 429 0190 8D       		.byte	-115
 430 0191 01       		.byte	1
 431 0192 8E       		.byte	-114
 432 0193 08       		.byte	8
 433 0194 90       		.byte	-112
 434 0195 44       		.byte	68
 435 0196 92       		.byte	-110
 436 0197 66       		.byte	102
 437 0198 93       		.byte	-109
 438 0199 62       		.byte	98
 439 019a 95       		.byte	-107
 440 019b 0A       		.byte	10
 441 019c 96       		.byte	-106
 442 019d 10       		.byte	16
 443 019e 97       		.byte	-105
 444 019f 01       		.byte	1
 445 01a0 99       		.byte	-103
 446 01a1 10       		.byte	16
 447 01a2 9B       		.byte	-101
 448 01a3 04       		.byte	4
 449 01a4 9C       		.byte	-100
 450 01a5 10       		.byte	16
 451 01a6 9D       		.byte	-99
 452 01a7 02       		.byte	2
 453 01a8 9E       		.byte	-98
 454 01a9 80       		.byte	-128
 455 01aa A1       		.byte	-95
 456 01ab 04       		.byte	4
ARM GAS  C:\Users\adria\AppData\Local\Temp\ccAcbKaD.s 			page 9


 457 01ac A3       		.byte	-93
 458 01ad 01       		.byte	1
 459 01ae A4       		.byte	-92
 460 01af 29       		.byte	41
 461 01b0 A5       		.byte	-91
 462 01b1 09       		.byte	9
 463 01b2 A6       		.byte	-90
 464 01b3 40       		.byte	64
 465 01b4 A7       		.byte	-89
 466 01b5 8A       		.byte	-118
 467 01b6 A8       		.byte	-88
 468 01b7 80       		.byte	-128
 469 01b8 AA       		.byte	-86
 470 01b9 40       		.byte	64
 471 01ba AC       		.byte	-84
 472 01bb 01       		.byte	1
 473 01bc AE       		.byte	-82
 474 01bd 10       		.byte	16
 475 01be B4       		.byte	-76
 476 01bf 20       		.byte	32
 477 01c0 B6       		.byte	-74
 478 01c1 10       		.byte	16
 479 01c2 C0       		.byte	-64
 480 01c3 F9       		.byte	-7
 481 01c4 C2       		.byte	-62
 482 01c5 FF       		.byte	-1
 483 01c6 C4       		.byte	-60
 484 01c7 FA       		.byte	-6
 485 01c8 CA       		.byte	-54
 486 01c9 0F       		.byte	15
 487 01ca CC       		.byte	-52
 488 01cb 0F       		.byte	15
 489 01cc CE       		.byte	-50
 490 01cd 0F       		.byte	15
 491 01ce D0       		.byte	-48
 492 01cf F0       		.byte	-16
 493 01d0 D2       		.byte	-46
 494 01d1 20       		.byte	32
 495 01d2 D6       		.byte	-42
 496 01d3 01       		.byte	1
 497 01d4 EE       		.byte	-18
 498 01d5 04       		.byte	4
 499 01d6 00       		.byte	0
 500 01d7 08       		.byte	8
 501 01d8 01       		.byte	1
 502 01d9 01       		.byte	1
 503 01da 04       		.byte	4
 504 01db 07       		.byte	7
 505 01dc 05       		.byte	5
 506 01dd 02       		.byte	2
 507 01de 07       		.byte	7
 508 01df 04       		.byte	4
 509 01e0 08       		.byte	8
 510 01e1 08       		.byte	8
 511 01e2 09       		.byte	9
 512 01e3 01       		.byte	1
 513 01e4 0C       		.byte	12
ARM GAS  C:\Users\adria\AppData\Local\Temp\ccAcbKaD.s 			page 10


 514 01e5 01       		.byte	1
 515 01e6 10       		.byte	16
 516 01e7 02       		.byte	2
 517 01e8 14       		.byte	20
 518 01e9 06       		.byte	6
 519 01ea 15       		.byte	21
 520 01eb 06       		.byte	6
 521 01ec 19       		.byte	25
 522 01ed 06       		.byte	6
 523 01ee 1A       		.byte	26
 524 01ef 01       		.byte	1
 525 01f0 1C       		.byte	28
 526 01f1 04       		.byte	4
 527 01f2 20       		.byte	32
 528 01f3 07       		.byte	7
 529 01f4 21       		.byte	33
 530 01f5 01       		.byte	1
 531 01f6 24       		.byte	36
 532 01f7 08       		.byte	8
 533 01f8 25       		.byte	37
 534 01f9 04       		.byte	4
 535 01fa 27       		.byte	39
 536 01fb 02       		.byte	2
 537 01fc 28       		.byte	40
 538 01fd 01       		.byte	1
 539 01fe 29       		.byte	41
 540 01ff 08       		.byte	8
 541 0200 2A       		.byte	42
 542 0201 06       		.byte	6
 543 0202 2C       		.byte	44
 544 0203 06       		.byte	6
 545 0204 2D       		.byte	45
 546 0205 01       		.byte	1
 547 0206 2E       		.byte	46
 548 0207 01       		.byte	1
 549 0208 30       		.byte	48
 550 0209 07       		.byte	7
 551 020a 31       		.byte	49
 552 020b 01       		.byte	1
 553 020c 33       		.byte	51
 554 020d 08       		.byte	8
 555 020e 34       		.byte	52
 556 020f 08       		.byte	8
 557 0210 35       		.byte	53
 558 0211 06       		.byte	6
 559 0212 3A       		.byte	58
 560 0213 02       		.byte	2
 561 0214 3F       		.byte	63
 562 0215 05       		.byte	5
 563 0216 54       		.byte	84
 564 0217 01       		.byte	1
 565 0218 56       		.byte	86
 566 0219 04       		.byte	4
 567 021a 58       		.byte	88
 568 021b 04       		.byte	4
 569 021c 59       		.byte	89
 570 021d 04       		.byte	4
ARM GAS  C:\Users\adria\AppData\Local\Temp\ccAcbKaD.s 			page 11


 571 021e 5B       		.byte	91
 572 021f 04       		.byte	4
 573 0220 5C       		.byte	92
 574 0221 11       		.byte	17
 575 0222 5D       		.byte	93
 576 0223 10       		.byte	16
 577 0224 5F       		.byte	95
 578 0225 01       		.byte	1
 579 0226 81       		.byte	-127
 580 0227 3F       		.byte	63
 581 0228 85       		.byte	-123
 582 0229 38       		.byte	56
 583 022a 87       		.byte	-121
 584 022b 07       		.byte	7
 585 022c 89       		.byte	-119
 586 022d 3F       		.byte	63
 587 022e 8D       		.byte	-115
 588 022f 09       		.byte	9
 589 0230 8F       		.byte	-113
 590 0231 24       		.byte	36
 591 0232 91       		.byte	-111
 592 0233 36       		.byte	54
 593 0234 92       		.byte	-110
 594 0235 01       		.byte	1
 595 0236 93       		.byte	-109
 596 0237 09       		.byte	9
 597 0238 95       		.byte	-107
 598 0239 38       		.byte	56
 599 023a 96       		.byte	-106
 600 023b 01       		.byte	1
 601 023c 97       		.byte	-105
 602 023d 07       		.byte	7
 603 023e 9B       		.byte	-101
 604 023f 3F       		.byte	63
 605 0240 9F       		.byte	-97
 606 0241 3F       		.byte	63
 607 0242 A1       		.byte	-95
 608 0243 07       		.byte	7
 609 0244 A3       		.byte	-93
 610 0245 38       		.byte	56
 611 0246 A5       		.byte	-91
 612 0247 3F       		.byte	63
 613 0248 A9       		.byte	-87
 614 0249 09       		.byte	9
 615 024a AB       		.byte	-85
 616 024b 12       		.byte	18
 617 024c AF       		.byte	-81
 618 024d 3F       		.byte	63
 619 024e B0       		.byte	-80
 620 024f 01       		.byte	1
 621 0250 B5       		.byte	-75
 622 0251 3F       		.byte	63
 623 0252 BA       		.byte	-70
 624 0253 20       		.byte	32
 625 0254 BB       		.byte	-69
 626 0255 20       		.byte	32
 627 0256 BE       		.byte	-66
ARM GAS  C:\Users\adria\AppData\Local\Temp\ccAcbKaD.s 			page 12


 628 0257 01       		.byte	1
 629 0258 D8       		.byte	-40
 630 0259 04       		.byte	4
 631 025a D9       		.byte	-39
 632 025b 04       		.byte	4
 633 025c DC       		.byte	-36
 634 025d 11       		.byte	17
 635 025e DF       		.byte	-33
 636 025f 01       		.byte	1
 637 0260 00       		.byte	0
 638 0261 0A       		.byte	10
 639 0262 02       		.byte	2
 640 0263 08       		.byte	8
 641 0264 03       		.byte	3
 642 0265 02       		.byte	2
 643 0266 08       		.byte	8
 644 0267 10       		.byte	16
 645 0268 09       		.byte	9
 646 0269 01       		.byte	1
 647 026a 0A       		.byte	10
 648 026b 10       		.byte	16
 649 026c 0B       		.byte	11
 650 026d 01       		.byte	1
 651 026e 0D       		.byte	13
 652 026f 08       		.byte	8
 653 0270 0E       		.byte	14
 654 0271 80       		.byte	-128
 655 0272 10       		.byte	16
 656 0273 60       		.byte	96
 657 0274 11       		.byte	17
 658 0275 10       		.byte	16
 659 0276 12       		.byte	18
 660 0277 01       		.byte	1
 661 0278 18       		.byte	24
 662 0279 40       		.byte	64
 663 027a 19       		.byte	25
 664 027b 10       		.byte	16
 665 027c 1B       		.byte	27
 666 027d 01       		.byte	1
 667 027e 1C       		.byte	28
 668 027f 08       		.byte	8
 669 0280 1F       		.byte	31
 670 0281 11       		.byte	17
 671 0282 22       		.byte	34
 672 0283 15       		.byte	21
 673 0284 24       		.byte	36
 674 0285 04       		.byte	4
 675 0286 28       		.byte	40
 676 0287 60       		.byte	96
 677 0288 29       		.byte	41
 678 0289 40       		.byte	64
 679 028a 2A       		.byte	42
 680 028b 10       		.byte	16
 681 028c 2B       		.byte	43
 682 028d 81       		.byte	-127
 683 028e 2C       		.byte	44
 684 028f 80       		.byte	-128
ARM GAS  C:\Users\adria\AppData\Local\Temp\ccAcbKaD.s 			page 13


 685 0290 2F       		.byte	47
 686 0291 1A       		.byte	26
 687 0292 30       		.byte	48
 688 0293 28       		.byte	40
 689 0294 32       		.byte	50
 690 0295 08       		.byte	8
 691 0296 34       		.byte	52
 692 0297 40       		.byte	64
 693 0298 35       		.byte	53
 694 0299 11       		.byte	17
 695 029a 37       		.byte	55
 696 029b 04       		.byte	4
 697 029c 39       		.byte	57
 698 029d 0A       		.byte	10
 699 029e 3A       		.byte	58
 700 029f 03       		.byte	3
 701 02a0 3B       		.byte	59
 702 02a1 20       		.byte	32
 703 02a2 3D       		.byte	61
 704 02a3 10       		.byte	16
 705 02a4 3E       		.byte	62
 706 02a5 86       		.byte	-122
 707 02a6 58       		.byte	88
 708 02a7 01       		.byte	1
 709 02a8 5A       		.byte	90
 710 02a9 08       		.byte	8
 711 02aa 5B       		.byte	91
 712 02ab 60       		.byte	96
 713 02ac 63       		.byte	99
 714 02ad 80       		.byte	-128
 715 02ae 83       		.byte	-125
 716 02af 40       		.byte	64
 717 02b0 89       		.byte	-119
 718 02b1 10       		.byte	16
 719 02b2 8B       		.byte	-117
 720 02b3 01       		.byte	1
 721 02b4 8C       		.byte	-116
 722 02b5 04       		.byte	4
 723 02b6 8D       		.byte	-115
 724 02b7 01       		.byte	1
 725 02b8 92       		.byte	-110
 726 02b9 44       		.byte	68
 727 02ba 93       		.byte	-109
 728 02bb 40       		.byte	64
 729 02bc 97       		.byte	-105
 730 02bd 20       		.byte	32
 731 02be 9A       		.byte	-102
 732 02bf 10       		.byte	16
 733 02c0 9B       		.byte	-101
 734 02c1 64       		.byte	100
 735 02c2 9D       		.byte	-99
 736 02c3 42       		.byte	66
 737 02c4 9E       		.byte	-98
 738 02c5 02       		.byte	2
 739 02c6 A1       		.byte	-95
 740 02c7 04       		.byte	4
 741 02c8 A7       		.byte	-89
ARM GAS  C:\Users\adria\AppData\Local\Temp\ccAcbKaD.s 			page 14


 742 02c9 80       		.byte	-128
 743 02ca B6       		.byte	-74
 744 02cb 20       		.byte	32
 745 02cc B7       		.byte	-73
 746 02cd 40       		.byte	64
 747 02ce C0       		.byte	-64
 748 02cf 0F       		.byte	15
 749 02d0 C2       		.byte	-62
 750 02d1 3F       		.byte	63
 751 02d2 C4       		.byte	-60
 752 02d3 0F       		.byte	15
 753 02d4 CA       		.byte	-54
 754 02d5 FF       		.byte	-1
 755 02d6 CC       		.byte	-52
 756 02d7 F6       		.byte	-10
 757 02d8 CE       		.byte	-50
 758 02d9 F7       		.byte	-9
 759 02da D6       		.byte	-42
 760 02db 0F       		.byte	15
 761 02dc D8       		.byte	-40
 762 02dd 01       		.byte	1
 763 02de 00       		.byte	0
 764 02df 02       		.byte	2
 765 02e0 02       		.byte	2
 766 02e1 24       		.byte	36
 767 02e2 03       		.byte	3
 768 02e3 02       		.byte	2
 769 02e4 08       		.byte	8
 770 02e5 58       		.byte	88
 771 02e6 0A       		.byte	10
 772 02e7 05       		.byte	5
 773 02e8 0C       		.byte	12
 774 02e9 61       		.byte	97
 775 02ea 0E       		.byte	14
 776 02eb 14       		.byte	20
 777 02ec 0F       		.byte	15
 778 02ed 01       		.byte	1
 779 02ee 13       		.byte	19
 780 02ef 01       		.byte	1
 781 02f0 14       		.byte	20
 782 02f1 61       		.byte	97
 783 02f2 16       		.byte	22
 784 02f3 0C       		.byte	12
 785 02f4 1D       		.byte	29
 786 02f5 02       		.byte	2
 787 02f6 23       		.byte	35
 788 02f7 02       		.byte	2
 789 02f8 25       		.byte	37
 790 02f9 02       		.byte	2
 791 02fa 2A       		.byte	42
 792 02fb 08       		.byte	8
 793 02fc 2E       		.byte	46
 794 02fd 18       		.byte	24
 795 02fe 30       		.byte	48
 796 02ff 03       		.byte	3
 797 0300 32       		.byte	50
 798 0301 1C       		.byte	28
ARM GAS  C:\Users\adria\AppData\Local\Temp\ccAcbKaD.s 			page 15


 799 0302 33       		.byte	51
 800 0303 01       		.byte	1
 801 0304 34       		.byte	52
 802 0305 60       		.byte	96
 803 0306 37       		.byte	55
 804 0307 02       		.byte	2
 805 0308 38       		.byte	56
 806 0309 22       		.byte	34
 807 030a 39       		.byte	57
 808 030b 80       		.byte	-128
 809 030c 3A       		.byte	58
 810 030d 08       		.byte	8
 811 030e 3E       		.byte	62
 812 030f 10       		.byte	16
 813 0310 3F       		.byte	63
 814 0311 04       		.byte	4
 815 0312 40       		.byte	64
 816 0313 02       		.byte	2
 817 0314 47       		.byte	71
 818 0315 04       		.byte	4
 819 0316 49       		.byte	73
 820 0317 FF       		.byte	-1
 821 0318 4A       		.byte	74
 822 0319 07       		.byte	7
 823 031a 4B       		.byte	75
 824 031b FF       		.byte	-1
 825 031c 4C       		.byte	76
 826 031d 40       		.byte	64
 827 031e 4D       		.byte	77
 828 031f 20       		.byte	32
 829 0320 4E       		.byte	78
 830 0321 F0       		.byte	-16
 831 0322 4F       		.byte	79
 832 0323 05       		.byte	5
 833 0324 50       		.byte	80
 834 0325 08       		.byte	8
 835 0326 58       		.byte	88
 836 0327 04       		.byte	4
 837 0328 59       		.byte	89
 838 0329 04       		.byte	4
 839 032a 5A       		.byte	90
 840 032b 04       		.byte	4
 841 032c 5C       		.byte	92
 842 032d 11       		.byte	17
 843 032e 5D       		.byte	93
 844 032f 01       		.byte	1
 845 0330 5F       		.byte	95
 846 0331 01       		.byte	1
 847 0332 60       		.byte	96
 848 0333 40       		.byte	64
 849 0334 61       		.byte	97
 850 0335 A8       		.byte	-88
 851 0336 62       		.byte	98
 852 0337 40       		.byte	64
 853 0338 63       		.byte	99
 854 0339 20       		.byte	32
 855 033a 82       		.byte	-126
ARM GAS  C:\Users\adria\AppData\Local\Temp\ccAcbKaD.s 			page 16


 856 033b 53       		.byte	83
 857 033c 87       		.byte	-121
 858 033d 20       		.byte	32
 859 033e 8A       		.byte	-118
 860 033f 08       		.byte	8
 861 0340 8C       		.byte	-116
 862 0341 31       		.byte	49
 863 0342 8D       		.byte	-115
 864 0343 30       		.byte	48
 865 0344 8E       		.byte	-114
 866 0345 C6       		.byte	-58
 867 0346 8F       		.byte	-113
 868 0347 0C       		.byte	12
 869 0348 92       		.byte	-110
 870 0349 8C       		.byte	-116
 871 034a 93       		.byte	-109
 872 034b 03       		.byte	3
 873 034c 94       		.byte	-108
 874 034d 31       		.byte	49
 875 034e 96       		.byte	-106
 876 034f 4E       		.byte	78
 877 0350 98       		.byte	-104
 878 0351 AC       		.byte	-84
 879 0352 99       		.byte	-103
 880 0353 1C       		.byte	28
 881 0354 9A       		.byte	-102
 882 0355 43       		.byte	67
 883 0356 9B       		.byte	-101
 884 0357 22       		.byte	34
 885 0358 9D       		.byte	-99
 886 0359 14       		.byte	20
 887 035a A3       		.byte	-93
 888 035b 20       		.byte	32
 889 035c A5       		.byte	-91
 890 035d 10       		.byte	16
 891 035e A8       		.byte	-88
 892 035f 30       		.byte	48
 893 0360 A9       		.byte	-87
 894 0361 2C       		.byte	44
 895 0362 AA       		.byte	-86
 896 0363 40       		.byte	64
 897 0364 AB       		.byte	-85
 898 0365 11       		.byte	17
 899 0366 AD       		.byte	-83
 900 0367 09       		.byte	9
 901 0368 AF       		.byte	-81
 902 0369 10       		.byte	16
 903 036a B0       		.byte	-80
 904 036b F0       		.byte	-16
 905 036c B1       		.byte	-79
 906 036d 1F       		.byte	31
 907 036e B4       		.byte	-76
 908 036f 0F       		.byte	15
 909 0370 B5       		.byte	-75
 910 0371 20       		.byte	32
 911 0372 BA       		.byte	-70
 912 0373 22       		.byte	34
ARM GAS  C:\Users\adria\AppData\Local\Temp\ccAcbKaD.s 			page 17


 913 0374 BF       		.byte	-65
 914 0375 10       		.byte	16
 915 0376 C0       		.byte	-64
 916 0377 14       		.byte	20
 917 0378 C1       		.byte	-63
 918 0379 03       		.byte	3
 919 037a C6       		.byte	-58
 920 037b EB       		.byte	-21
 921 037c C7       		.byte	-57
 922 037d 0C       		.byte	12
 923 037e C8       		.byte	-56
 924 037f 1C       		.byte	28
 925 0380 C9       		.byte	-55
 926 0381 FF       		.byte	-1
 927 0382 CA       		.byte	-54
 928 0383 FF       		.byte	-1
 929 0384 CB       		.byte	-53
 930 0385 FF       		.byte	-1
 931 0386 CE       		.byte	-50
 932 0387 F0       		.byte	-16
 933 0388 CF       		.byte	-49
 934 0389 44       		.byte	68
 935 038a D0       		.byte	-48
 936 038b 0C       		.byte	12
 937 038c D2       		.byte	-46
 938 038d E0       		.byte	-32
 939 038e D8       		.byte	-40
 940 038f 04       		.byte	4
 941 0390 D9       		.byte	-39
 942 0391 04       		.byte	4
 943 0392 DA       		.byte	-38
 944 0393 04       		.byte	4
 945 0394 DB       		.byte	-37
 946 0395 04       		.byte	4
 947 0396 DC       		.byte	-36
 948 0397 11       		.byte	17
 949 0398 DD       		.byte	-35
 950 0399 11       		.byte	17
 951 039a DF       		.byte	-33
 952 039b 01       		.byte	1
 953 039c E6       		.byte	-26
 954 039d C0       		.byte	-64
 955 039e EA       		.byte	-22
 956 039f 40       		.byte	64
 957 03a0 EB       		.byte	-21
 958 03a1 02       		.byte	2
 959 03a2 00       		.byte	0
 960 03a3 40       		.byte	64
 961 03a4 02       		.byte	2
 962 03a5 44       		.byte	68
 963 03a6 04       		.byte	4
 964 03a7 80       		.byte	-128
 965 03a8 05       		.byte	5
 966 03a9 10       		.byte	16
 967 03aa 06       		.byte	6
 968 03ab 40       		.byte	64
 969 03ac 08       		.byte	8
ARM GAS  C:\Users\adria\AppData\Local\Temp\ccAcbKaD.s 			page 18


 970 03ad 01       		.byte	1
 971 03ae 0A       		.byte	10
 972 03af 18       		.byte	24
 973 03b0 0E       		.byte	14
 974 03b1 10       		.byte	16
 975 03b2 10       		.byte	16
 976 03b3 08       		.byte	8
 977 03b4 13       		.byte	19
 978 03b5 20       		.byte	32
 979 03b6 14       		.byte	20
 980 03b7 01       		.byte	1
 981 03b8 16       		.byte	22
 982 03b9 04       		.byte	4
 983 03ba 18       		.byte	24
 984 03bb C0       		.byte	-64
 985 03bc 19       		.byte	25
 986 03bd 10       		.byte	16
 987 03be 1A       		.byte	26
 988 03bf 08       		.byte	8
 989 03c0 1D       		.byte	29
 990 03c1 20       		.byte	32
 991 03c2 1E       		.byte	30
 992 03c3 10       		.byte	16
 993 03c4 1F       		.byte	31
 994 03c5 0A       		.byte	10
 995 03c6 21       		.byte	33
 996 03c7 02       		.byte	2
 997 03c8 22       		.byte	34
 998 03c9 20       		.byte	32
 999 03ca 23       		.byte	35
 1000 03cb 40       		.byte	64
 1001 03cc 25       		.byte	37
 1002 03cd 44       		.byte	68
 1003 03ce 28       		.byte	40
 1004 03cf 01       		.byte	1
 1005 03d0 2A       		.byte	42
 1006 03d1 04       		.byte	4
 1007 03d2 2B       		.byte	43
 1008 03d3 4A       		.byte	74
 1009 03d4 2F       		.byte	47
 1010 03d5 90       		.byte	-112
 1011 03d6 31       		.byte	49
 1012 03d7 1A       		.byte	26
 1013 03d8 32       		.byte	50
 1014 03d9 80       		.byte	-128
 1015 03da 33       		.byte	51
 1016 03db 04       		.byte	4
 1017 03dc 35       		.byte	53
 1018 03dd 42       		.byte	66
 1019 03de 38       		.byte	56
 1020 03df 80       		.byte	-128
 1021 03e0 39       		.byte	57
 1022 03e1 88       		.byte	-120
 1023 03e2 3D       		.byte	61
 1024 03e3 80       		.byte	-128
 1025 03e4 3E       		.byte	62
 1026 03e5 02       		.byte	2
ARM GAS  C:\Users\adria\AppData\Local\Temp\ccAcbKaD.s 			page 19


 1027 03e6 41       		.byte	65
 1028 03e7 40       		.byte	64
 1029 03e8 42       		.byte	66
 1030 03e9 90       		.byte	-112
 1031 03ea 45       		.byte	69
 1032 03eb 20       		.byte	32
 1033 03ec 50       		.byte	80
 1034 03ed 08       		.byte	8
 1035 03ee 51       		.byte	81
 1036 03ef 04       		.byte	4
 1037 03f0 52       		.byte	82
 1038 03f1 90       		.byte	-112
 1039 03f2 56       		.byte	86
 1040 03f3 C4       		.byte	-60
 1041 03f4 57       		.byte	87
 1042 03f5 40       		.byte	64
 1043 03f6 71       		.byte	113
 1044 03f7 08       		.byte	8
 1045 03f8 72       		.byte	114
 1046 03f9 44       		.byte	68
 1047 03fa C0       		.byte	-64
 1048 03fb DB       		.byte	-37
 1049 03fc C2       		.byte	-62
 1050 03fd 2E       		.byte	46
 1051 03fe C4       		.byte	-60
 1052 03ff C2       		.byte	-62
 1053 0400 CA       		.byte	-54
 1054 0401 CF       		.byte	-49
 1055 0402 CC       		.byte	-52
 1056 0403 9D       		.byte	-99
 1057 0404 CE       		.byte	-50
 1058 0405 9A       		.byte	-102
 1059 0406 D0       		.byte	-48
 1060 0407 2B       		.byte	43
 1061 0408 EE       		.byte	-18
 1062 0409 02       		.byte	2
 1063 040a EA       		.byte	-22
 1064 040b 08       		.byte	8
 1065 040c EC       		.byte	-20
 1066 040d 40       		.byte	64
 1067 040e 01       		.byte	1
 1068 040f 0F       		.byte	15
 1069 0410 02       		.byte	2
 1070 0411 08       		.byte	8
 1071 0412 03       		.byte	3
 1072 0413 10       		.byte	16
 1073 0414 04       		.byte	4
 1074 0415 04       		.byte	4
 1075 0416 05       		.byte	5
 1076 0417 01       		.byte	1
 1077 0418 06       		.byte	6
 1078 0419 02       		.byte	2
 1079 041a 07       		.byte	7
 1080 041b 0C       		.byte	12
 1081 041c 0A       		.byte	10
 1082 041d 0F       		.byte	15
 1083 041e 0B       		.byte	11
ARM GAS  C:\Users\adria\AppData\Local\Temp\ccAcbKaD.s 			page 20


 1084 041f 08       		.byte	8
 1085 0420 0C       		.byte	12
 1086 0421 10       		.byte	16
 1087 0422 0E       		.byte	14
 1088 0423 0F       		.byte	15
 1089 0424 0F       		.byte	15
 1090 0425 08       		.byte	8
 1091 0426 10       		.byte	16
 1092 0427 1F       		.byte	31
 1093 0428 11       		.byte	17
 1094 0429 1F       		.byte	31
 1095 042a 14       		.byte	20
 1096 042b 10       		.byte	16
 1097 042c 15       		.byte	21
 1098 042d 04       		.byte	4
 1099 042e 17       		.byte	23
 1100 042f 02       		.byte	2
 1101 0430 1A       		.byte	26
 1102 0431 08       		.byte	8
 1103 0432 1B       		.byte	27
 1104 0433 0F       		.byte	15
 1105 0434 1C       		.byte	28
 1106 0435 0F       		.byte	15
 1107 0436 1D       		.byte	29
 1108 0437 10       		.byte	16
 1109 0438 1E       		.byte	30
 1110 0439 10       		.byte	16
 1111 043a 20       		.byte	32
 1112 043b 10       		.byte	16
 1113 043c 21       		.byte	33
 1114 043d 10       		.byte	16
 1115 043e 23       		.byte	35
 1116 043f 0F       		.byte	15
 1117 0440 24       		.byte	36
 1118 0441 01       		.byte	1
 1119 0442 25       		.byte	37
 1120 0443 1F       		.byte	31
 1121 0444 26       		.byte	38
 1122 0445 0C       		.byte	12
 1123 0446 28       		.byte	40
 1124 0447 10       		.byte	16
 1125 0448 29       		.byte	41
 1126 0449 10       		.byte	16
 1127 044a 2C       		.byte	44
 1128 044b 01       		.byte	1
 1129 044c 2D       		.byte	45
 1130 044d 01       		.byte	1
 1131 044e 2E       		.byte	46
 1132 044f 02       		.byte	2
 1133 0450 2F       		.byte	47
 1134 0451 02       		.byte	2
 1135 0452 36       		.byte	54
 1136 0453 1F       		.byte	31
 1137 0454 37       		.byte	55
 1138 0455 1F       		.byte	31
 1139 0456 39       		.byte	57
 1140 0457 20       		.byte	32
ARM GAS  C:\Users\adria\AppData\Local\Temp\ccAcbKaD.s 			page 21


 1141 0458 3E       		.byte	62
 1142 0459 40       		.byte	64
 1143 045a 3F       		.byte	63
 1144 045b 50       		.byte	80
 1145 045c 58       		.byte	88
 1146 045d 04       		.byte	4
 1147 045e 59       		.byte	89
 1148 045f 04       		.byte	4
 1149 0460 5F       		.byte	95
 1150 0461 01       		.byte	1
 1151 0462 80       		.byte	-128
 1152 0463 0C       		.byte	12
 1153 0464 82       		.byte	-126
 1154 0465 01       		.byte	1
 1155 0466 86       		.byte	-122
 1156 0467 01       		.byte	1
 1157 0468 87       		.byte	-121
 1158 0469 01       		.byte	1
 1159 046a 89       		.byte	-119
 1160 046b 01       		.byte	1
 1161 046c 8A       		.byte	-118
 1162 046d 04       		.byte	4
 1163 046e 8D       		.byte	-115
 1164 046f 08       		.byte	8
 1165 0470 8E       		.byte	-114
 1166 0471 01       		.byte	1
 1167 0472 90       		.byte	-112
 1168 0473 0C       		.byte	12
 1169 0474 91       		.byte	-111
 1170 0475 01       		.byte	1
 1171 0476 92       		.byte	-110
 1172 0477 02       		.byte	2
 1173 0478 94       		.byte	-108
 1174 0479 0F       		.byte	15
 1175 047a 9A       		.byte	-102
 1176 047b 03       		.byte	3
 1177 047c 9B       		.byte	-101
 1178 047d 01       		.byte	1
 1179 047e 9C       		.byte	-100
 1180 047f 08       		.byte	8
 1181 0480 9F       		.byte	-97
 1182 0481 04       		.byte	4
 1183 0482 A0       		.byte	-96
 1184 0483 07       		.byte	7
 1185 0484 A2       		.byte	-94
 1186 0485 08       		.byte	8
 1187 0486 A3       		.byte	-93
 1188 0487 02       		.byte	2
 1189 0488 A6       		.byte	-90
 1190 0489 01       		.byte	1
 1191 048a A8       		.byte	-88
 1192 048b 08       		.byte	8
 1193 048c A9       		.byte	-87
 1194 048d 01       		.byte	1
 1195 048e AC       		.byte	-84
 1196 048f 04       		.byte	4
 1197 0490 AE       		.byte	-82
ARM GAS  C:\Users\adria\AppData\Local\Temp\ccAcbKaD.s 			page 22


 1198 0491 10       		.byte	16
 1199 0492 AF       		.byte	-81
 1200 0493 01       		.byte	1
 1201 0494 B0       		.byte	-80
 1202 0495 0F       		.byte	15
 1203 0496 B1       		.byte	-79
 1204 0497 07       		.byte	7
 1205 0498 B3       		.byte	-77
 1206 0499 08       		.byte	8
 1207 049a B4       		.byte	-76
 1208 049b 10       		.byte	16
 1209 049c BB       		.byte	-69
 1210 049d 02       		.byte	2
 1211 049e BE       		.byte	-66
 1212 049f 01       		.byte	1
 1213 04a0 BF       		.byte	-65
 1214 04a1 04       		.byte	4
 1215 04a2 D8       		.byte	-40
 1216 04a3 04       		.byte	4
 1217 04a4 D9       		.byte	-39
 1218 04a5 04       		.byte	4
 1219 04a6 DC       		.byte	-36
 1220 04a7 11       		.byte	17
 1221 04a8 DF       		.byte	-33
 1222 04a9 01       		.byte	1
 1223 04aa 00       		.byte	0
 1224 04ab 80       		.byte	-128
 1225 04ac 01       		.byte	1
 1226 04ad 21       		.byte	33
 1227 04ae 03       		.byte	3
 1228 04af 20       		.byte	32
 1229 04b0 05       		.byte	5
 1230 04b1 99       		.byte	-103
 1231 04b2 06       		.byte	6
 1232 04b3 02       		.byte	2
 1233 04b4 08       		.byte	8
 1234 04b5 90       		.byte	-112
 1235 04b6 09       		.byte	9
 1236 04b7 02       		.byte	2
 1237 04b8 0B       		.byte	11
 1238 04b9 20       		.byte	32
 1239 04ba 0E       		.byte	14
 1240 04bb 90       		.byte	-112
 1241 04bc 0F       		.byte	15
 1242 04bd 0A       		.byte	10
 1243 04be 10       		.byte	16
 1244 04bf 06       		.byte	6
 1245 04c0 11       		.byte	17
 1246 04c1 0A       		.byte	10
 1247 04c2 15       		.byte	21
 1248 04c3 46       		.byte	70
 1249 04c4 16       		.byte	22
 1250 04c5 08       		.byte	8
 1251 04c6 19       		.byte	25
 1252 04c7 22       		.byte	34
 1253 04c8 1F       		.byte	31
 1254 04c9 80       		.byte	-128
ARM GAS  C:\Users\adria\AppData\Local\Temp\ccAcbKaD.s 			page 23


 1255 04ca 20       		.byte	32
 1256 04cb 20       		.byte	32
 1257 04cc 21       		.byte	33
 1258 04cd 03       		.byte	3
 1259 04ce 22       		.byte	34
 1260 04cf 02       		.byte	2
 1261 04d0 26       		.byte	38
 1262 04d1 20       		.byte	32
 1263 04d2 27       		.byte	39
 1264 04d3 02       		.byte	2
 1265 04d4 28       		.byte	40
 1266 04d5 08       		.byte	8
 1267 04d6 29       		.byte	41
 1268 04d7 82       		.byte	-126
 1269 04d8 2C       		.byte	44
 1270 04d9 44       		.byte	68
 1271 04da 2D       		.byte	45
 1272 04db 41       		.byte	65
 1273 04dc 2E       		.byte	46
 1274 04dd 53       		.byte	83
 1275 04de 2F       		.byte	47
 1276 04df 10       		.byte	16
 1277 04e0 31       		.byte	49
 1278 04e1 11       		.byte	17
 1279 04e2 33       		.byte	51
 1280 04e3 80       		.byte	-128
 1281 04e4 34       		.byte	52
 1282 04e5 90       		.byte	-112
 1283 04e6 35       		.byte	53
 1284 04e7 58       		.byte	88
 1285 04e8 36       		.byte	54
 1286 04e9 02       		.byte	2
 1287 04ea 37       		.byte	55
 1288 04eb 04       		.byte	4
 1289 04ec 38       		.byte	56
 1290 04ed 04       		.byte	4
 1291 04ee 3B       		.byte	59
 1292 04ef 60       		.byte	96
 1293 04f0 3C       		.byte	60
 1294 04f1 80       		.byte	-128
 1295 04f2 3D       		.byte	61
 1296 04f3 0E       		.byte	14
 1297 04f4 3E       		.byte	62
 1298 04f5 84       		.byte	-124
 1299 04f6 3F       		.byte	63
 1300 04f7 22       		.byte	34
 1301 04f8 84       		.byte	-124
 1302 04f9 10       		.byte	16
 1303 04fa 90       		.byte	-112
 1304 04fb 44       		.byte	68
 1305 04fc 92       		.byte	-110
 1306 04fd 75       		.byte	117
 1307 04fe 93       		.byte	-109
 1308 04ff 62       		.byte	98
 1309 0500 95       		.byte	-107
 1310 0501 0A       		.byte	10
 1311 0502 97       		.byte	-105
ARM GAS  C:\Users\adria\AppData\Local\Temp\ccAcbKaD.s 			page 24


 1312 0503 80       		.byte	-128
 1313 0504 99       		.byte	-103
 1314 0505 50       		.byte	80
 1315 0506 9A       		.byte	-102
 1316 0507 A8       		.byte	-88
 1317 0508 9B       		.byte	-101
 1318 0509 04       		.byte	4
 1319 050a 9D       		.byte	-99
 1320 050b 01       		.byte	1
 1321 050c 9F       		.byte	-97
 1322 050d 02       		.byte	2
 1323 050e A0       		.byte	-96
 1324 050f 28       		.byte	40
 1325 0510 A3       		.byte	-93
 1326 0511 05       		.byte	5
 1327 0512 A6       		.byte	-90
 1328 0513 02       		.byte	2
 1329 0514 A7       		.byte	-89
 1330 0515 12       		.byte	18
 1331 0516 A9       		.byte	-87
 1332 0517 04       		.byte	4
 1333 0518 AA       		.byte	-86
 1334 0519 20       		.byte	32
 1335 051a AF       		.byte	-81
 1336 051b 40       		.byte	64
 1337 051c C0       		.byte	-64
 1338 051d FF       		.byte	-1
 1339 051e C2       		.byte	-62
 1340 051f FF       		.byte	-1
 1341 0520 C4       		.byte	-60
 1342 0521 FF       		.byte	-1
 1343 0522 CA       		.byte	-54
 1344 0523 FD       		.byte	-3
 1345 0524 CC       		.byte	-52
 1346 0525 FD       		.byte	-3
 1347 0526 CE       		.byte	-50
 1348 0527 FE       		.byte	-2
 1349 0528 E0       		.byte	-32
 1350 0529 08       		.byte	8
 1351 052a EC       		.byte	-20
 1352 052b 40       		.byte	64
 1353 052c 03       		.byte	3
 1354 052d 3F       		.byte	63
 1355 052e 05       		.byte	5
 1356 052f 40       		.byte	64
 1357 0530 07       		.byte	7
 1358 0531 30       		.byte	48
 1359 0532 08       		.byte	8
 1360 0533 04       		.byte	4
 1361 0534 0A       		.byte	10
 1362 0535 19       		.byte	25
 1363 0536 0D       		.byte	13
 1364 0537 40       		.byte	64
 1365 0538 0F       		.byte	15
 1366 0539 03       		.byte	3
 1367 053a 11       		.byte	17
 1368 053b 80       		.byte	-128
ARM GAS  C:\Users\adria\AppData\Local\Temp\ccAcbKaD.s 			page 25


 1369 053c 14       		.byte	20
 1370 053d 10       		.byte	16
 1371 053e 15       		.byte	21
 1372 053f 40       		.byte	64
 1373 0540 16       		.byte	22
 1374 0541 06       		.byte	6
 1375 0542 17       		.byte	23
 1376 0543 0C       		.byte	12
 1377 0544 1B       		.byte	27
 1378 0545 3F       		.byte	63
 1379 0546 1D       		.byte	29
 1380 0547 3F       		.byte	63
 1381 0548 23       		.byte	35
 1382 0549 3F       		.byte	63
 1383 054a 24       		.byte	36
 1384 054b 1C       		.byte	28
 1385 054c 25       		.byte	37
 1386 054d 3F       		.byte	63
 1387 054e 28       		.byte	40
 1388 054f 1C       		.byte	28
 1389 0550 2B       		.byte	43
 1390 0551 15       		.byte	21
 1391 0552 2C       		.byte	44
 1392 0553 08       		.byte	8
 1393 0554 2E       		.byte	46
 1394 0555 06       		.byte	6
 1395 0556 2F       		.byte	47
 1396 0557 2A       		.byte	42
 1397 0558 30       		.byte	48
 1398 0559 03       		.byte	3
 1399 055a 31       		.byte	49
 1400 055b 3F       		.byte	63
 1401 055c 32       		.byte	50
 1402 055d 1C       		.byte	28
 1403 055e 33       		.byte	51
 1404 055f C0       		.byte	-64
 1405 0560 34       		.byte	52
 1406 0561 03       		.byte	3
 1407 0562 39       		.byte	57
 1408 0563 08       		.byte	8
 1409 0564 3E       		.byte	62
 1410 0565 11       		.byte	17
 1411 0566 3F       		.byte	63
 1412 0567 04       		.byte	4
 1413 0568 58       		.byte	88
 1414 0569 04       		.byte	4
 1415 056a 59       		.byte	89
 1416 056b 04       		.byte	4
 1417 056c 5C       		.byte	92
 1418 056d 11       		.byte	17
 1419 056e 5F       		.byte	95
 1420 056f 01       		.byte	1
 1421 0570 80       		.byte	-128
 1422 0571 A0       		.byte	-96
 1423 0572 84       		.byte	-124
 1424 0573 A7       		.byte	-89
 1425 0574 87       		.byte	-121
ARM GAS  C:\Users\adria\AppData\Local\Temp\ccAcbKaD.s 			page 26


 1426 0575 E0       		.byte	-32
 1427 0576 88       		.byte	-120
 1428 0577 08       		.byte	8
 1429 0578 89       		.byte	-119
 1430 0579 92       		.byte	-110
 1431 057a 8A       		.byte	-118
 1432 057b 02       		.byte	2
 1433 057c 8B       		.byte	-117
 1434 057d 6D       		.byte	109
 1435 057e 8C       		.byte	-116
 1436 057f 20       		.byte	32
 1437 0580 8D       		.byte	-115
 1438 0581 FF       		.byte	-1
 1439 0582 8E       		.byte	-114
 1440 0583 87       		.byte	-121
 1441 0584 90       		.byte	-112
 1442 0585 08       		.byte	8
 1443 0586 91       		.byte	-111
 1444 0587 DB       		.byte	-37
 1445 0588 92       		.byte	-110
 1446 0589 21       		.byte	33
 1447 058a 93       		.byte	-109
 1448 058b 24       		.byte	36
 1449 058c 96       		.byte	-106
 1450 058d 27       		.byte	39
 1451 058e 97       		.byte	-105
 1452 058f 1C       		.byte	28
 1453 0590 98       		.byte	-104
 1454 0591 08       		.byte	8
 1455 0592 9A       		.byte	-102
 1456 0593 04       		.byte	4
 1457 0594 9B       		.byte	-101
 1458 0595 FF       		.byte	-1
 1459 0596 9D       		.byte	-99
 1460 0597 24       		.byte	36
 1461 0598 9E       		.byte	-98
 1462 0599 40       		.byte	64
 1463 059a 9F       		.byte	-97
 1464 059b DB       		.byte	-37
 1465 059c A2       		.byte	-94
 1466 059d A7       		.byte	-89
 1467 059e A5       		.byte	-91
 1468 059f FF       		.byte	-1
 1469 05a0 A6       		.byte	-90
 1470 05a1 A7       		.byte	-89
 1471 05a2 A8       		.byte	-88
 1472 05a3 A7       		.byte	-89
 1473 05a4 A9       		.byte	-87
 1474 05a5 6D       		.byte	109
 1475 05a6 AB       		.byte	-85
 1476 05a7 92       		.byte	-110
 1477 05a8 AC       		.byte	-84
 1478 05a9 10       		.byte	16
 1479 05aa AF       		.byte	-81
 1480 05ab 03       		.byte	3
 1481 05ac B0       		.byte	-80
 1482 05ad 07       		.byte	7
ARM GAS  C:\Users\adria\AppData\Local\Temp\ccAcbKaD.s 			page 27


 1483 05ae B2       		.byte	-78
 1484 05af 60       		.byte	96
 1485 05b0 B4       		.byte	-76
 1486 05b1 18       		.byte	24
 1487 05b2 B6       		.byte	-74
 1488 05b3 80       		.byte	-128
 1489 05b4 B7       		.byte	-73
 1490 05b5 FF       		.byte	-1
 1491 05b6 B8       		.byte	-72
 1492 05b7 20       		.byte	32
 1493 05b8 BA       		.byte	-70
 1494 05b9 08       		.byte	8
 1495 05ba BE       		.byte	-66
 1496 05bb 10       		.byte	16
 1497 05bc BF       		.byte	-65
 1498 05bd 40       		.byte	64
 1499 05be D4       		.byte	-44
 1500 05bf 59       		.byte	89
 1501 05c0 D6       		.byte	-42
 1502 05c1 04       		.byte	4
 1503 05c2 D8       		.byte	-40
 1504 05c3 04       		.byte	4
 1505 05c4 D9       		.byte	-39
 1506 05c5 04       		.byte	4
 1507 05c6 DB       		.byte	-37
 1508 05c7 04       		.byte	4
 1509 05c8 DC       		.byte	-36
 1510 05c9 01       		.byte	1
 1511 05ca DD       		.byte	-35
 1512 05cb 10       		.byte	16
 1513 05cc DF       		.byte	-33
 1514 05cd 01       		.byte	1
 1515 05ce 00       		.byte	0
 1516 05cf 90       		.byte	-112
 1517 05d0 02       		.byte	2
 1518 05d1 01       		.byte	1
 1519 05d2 05       		.byte	5
 1520 05d3 09       		.byte	9
 1521 05d4 06       		.byte	6
 1522 05d5 02       		.byte	2
 1523 05d6 07       		.byte	7
 1524 05d7 04       		.byte	4
 1525 05d8 0A       		.byte	10
 1526 05d9 20       		.byte	32
 1527 05da 0D       		.byte	13
 1528 05db 80       		.byte	-128
 1529 05dc 0E       		.byte	14
 1530 05dd 54       		.byte	84
 1531 05de 10       		.byte	16
 1532 05df 2A       		.byte	42
 1533 05e0 14       		.byte	20
 1534 05e1 18       		.byte	24
 1535 05e2 15       		.byte	21
 1536 05e3 02       		.byte	2
 1537 05e4 16       		.byte	22
 1538 05e5 01       		.byte	1
 1539 05e6 18       		.byte	24
ARM GAS  C:\Users\adria\AppData\Local\Temp\ccAcbKaD.s 			page 28


 1540 05e7 10       		.byte	16
 1541 05e8 19       		.byte	25
 1542 05e9 21       		.byte	33
 1543 05ea 1B       		.byte	27
 1544 05eb 32       		.byte	50
 1545 05ec 1C       		.byte	28
 1546 05ed 88       		.byte	-120
 1547 05ee 1E       		.byte	30
 1548 05ef 12       		.byte	18
 1549 05f0 21       		.byte	33
 1550 05f1 02       		.byte	2
 1551 05f2 23       		.byte	35
 1552 05f3 10       		.byte	16
 1553 05f4 25       		.byte	37
 1554 05f5 80       		.byte	-128
 1555 05f6 29       		.byte	41
 1556 05f7 0A       		.byte	10
 1557 05f8 2A       		.byte	42
 1558 05f9 80       		.byte	-128
 1559 05fa 2B       		.byte	43
 1560 05fb 04       		.byte	4
 1561 05fc 2D       		.byte	45
 1562 05fd 28       		.byte	40
 1563 05fe 2E       		.byte	46
 1564 05ff 40       		.byte	64
 1565 0600 2F       		.byte	47
 1566 0601 10       		.byte	16
 1567 0602 31       		.byte	49
 1568 0603 12       		.byte	18
 1569 0604 32       		.byte	50
 1570 0605 80       		.byte	-128
 1571 0606 33       		.byte	51
 1572 0607 04       		.byte	4
 1573 0608 34       		.byte	52
 1574 0609 40       		.byte	64
 1575 060a 35       		.byte	53
 1576 060b 12       		.byte	18
 1577 060c 36       		.byte	54
 1578 060d 02       		.byte	2
 1579 060e 37       		.byte	55
 1580 060f 04       		.byte	4
 1581 0610 39       		.byte	57
 1582 0611 44       		.byte	68
 1583 0612 3A       		.byte	58
 1584 0613 02       		.byte	2
 1585 0614 3C       		.byte	60
 1586 0615 40       		.byte	64
 1587 0616 3E       		.byte	62
 1588 0617 14       		.byte	20
 1589 0618 5C       		.byte	92
 1590 0619 80       		.byte	-128
 1591 061a 5E       		.byte	94
 1592 061b 02       		.byte	2
 1593 061c 66       		.byte	102
 1594 061d 20       		.byte	32
 1595 061e 67       		.byte	103
 1596 061f 92       		.byte	-110
ARM GAS  C:\Users\adria\AppData\Local\Temp\ccAcbKaD.s 			page 29


 1597 0620 80       		.byte	-128
 1598 0621 48       		.byte	72
 1599 0622 82       		.byte	-126
 1600 0623 80       		.byte	-128
 1601 0624 88       		.byte	-120
 1602 0625 86       		.byte	-122
 1603 0626 89       		.byte	-119
 1604 0627 04       		.byte	4
 1605 0628 90       		.byte	-112
 1606 0629 40       		.byte	64
 1607 062a 91       		.byte	-111
 1608 062b 46       		.byte	70
 1609 062c 92       		.byte	-110
 1610 062d 64       		.byte	100
 1611 062e 93       		.byte	-109
 1612 062f 22       		.byte	34
 1613 0630 95       		.byte	-107
 1614 0631 08       		.byte	8
 1615 0632 97       		.byte	-105
 1616 0633 80       		.byte	-128
 1617 0634 98       		.byte	-104
 1618 0635 50       		.byte	80
 1619 0636 99       		.byte	-103
 1620 0637 10       		.byte	16
 1621 0638 9A       		.byte	-102
 1622 0639 A2       		.byte	-94
 1623 063a 9B       		.byte	-101
 1624 063b 04       		.byte	4
 1625 063c 9C       		.byte	-100
 1626 063d 08       		.byte	8
 1627 063e 9D       		.byte	-99
 1628 063f 01       		.byte	1
 1629 0640 A0       		.byte	-96
 1630 0641 28       		.byte	40
 1631 0642 A2       		.byte	-94
 1632 0643 02       		.byte	2
 1633 0644 A3       		.byte	-93
 1634 0645 04       		.byte	4
 1635 0646 A4       		.byte	-92
 1636 0647 02       		.byte	2
 1637 0648 A7       		.byte	-89
 1638 0649 32       		.byte	50
 1639 064a AE       		.byte	-82
 1640 064b 20       		.byte	32
 1641 064c B2       		.byte	-78
 1642 064d 40       		.byte	64
 1643 064e B3       		.byte	-77
 1644 064f 10       		.byte	16
 1645 0650 C0       		.byte	-64
 1646 0651 F2       		.byte	-14
 1647 0652 C2       		.byte	-62
 1648 0653 F4       		.byte	-12
 1649 0654 C4       		.byte	-60
 1650 0655 F7       		.byte	-9
 1651 0656 CA       		.byte	-54
 1652 0657 7F       		.byte	127
 1653 0658 CC       		.byte	-52
ARM GAS  C:\Users\adria\AppData\Local\Temp\ccAcbKaD.s 			page 30


 1654 0659 FF       		.byte	-1
 1655 065a CE       		.byte	-50
 1656 065b 7B       		.byte	123
 1657 065c D6       		.byte	-42
 1658 065d 90       		.byte	-112
 1659 065e D8       		.byte	-40
 1660 065f F0       		.byte	-16
 1661 0660 30       		.byte	48
 1662 0661 02       		.byte	2
 1663 0662 33       		.byte	51
 1664 0663 20       		.byte	32
 1665 0664 35       		.byte	53
 1666 0665 80       		.byte	-128
 1667 0666 36       		.byte	54
 1668 0667 01       		.byte	1
 1669 0668 3A       		.byte	58
 1670 0669 80       		.byte	-128
 1671 066a 6E       		.byte	110
 1672 066b 02       		.byte	2
 1673 066c 75       		.byte	117
 1674 066d 80       		.byte	-128
 1675 066e CC       		.byte	-52
 1676 066f F0       		.byte	-16
 1677 0670 CE       		.byte	-50
 1678 0671 10       		.byte	16
 1679 0672 9D       		.byte	-99
 1680 0673 80       		.byte	-128
 1681 0674 9E       		.byte	-98
 1682 0675 80       		.byte	-128
 1683 0676 A4       		.byte	-92
 1684 0677 02       		.byte	2
 1685 0678 A7       		.byte	-89
 1686 0679 20       		.byte	32
 1687 067a 16       		.byte	22
 1688 067b 80       		.byte	-128
 1689 067c 80       		.byte	-128
 1690 067d 02       		.byte	2
 1691 067e 9D       		.byte	-99
 1692 067f 80       		.byte	-128
 1693 0680 9E       		.byte	-98
 1694 0681 80       		.byte	-128
 1695 0682 A4       		.byte	-92
 1696 0683 02       		.byte	2
 1697 0684 A7       		.byte	-89
 1698 0685 20       		.byte	32
 1699 0686 C4       		.byte	-60
 1700 0687 20       		.byte	32
 1701 0688 E2       		.byte	-30
 1702 0689 20       		.byte	32
 1703 068a 19       		.byte	25
 1704 068b 01       		.byte	1
 1705 068c 9D       		.byte	-99
 1706 068d 80       		.byte	-128
 1707 068e AB       		.byte	-85
 1708 068f 20       		.byte	32
 1709 0690 C6       		.byte	-58
 1710 0691 10       		.byte	16
ARM GAS  C:\Users\adria\AppData\Local\Temp\ccAcbKaD.s 			page 31


 1711 0692 EE       		.byte	-18
 1712 0693 20       		.byte	32
 1713 0694 1B       		.byte	27
 1714 0695 04       		.byte	4
 1715 0696 C6       		.byte	-58
 1716 0697 08       		.byte	8
 1717 0698 AB       		.byte	-85
 1718 0699 04       		.byte	4
 1719 069a 64       		.byte	100
 1720 069b 10       		.byte	16
 1721 069c 69       		.byte	105
 1722 069d 04       		.byte	4
 1723 069e AD       		.byte	-83
 1724 069f 80       		.byte	-128
 1725 06a0 B5       		.byte	-75
 1726 06a1 01       		.byte	1
 1727 06a2 D8       		.byte	-40
 1728 06a3 80       		.byte	-128
 1729 06a4 DA       		.byte	-38
 1730 06a5 40       		.byte	64
 1731 06a6 EA       		.byte	-22
 1732 06a7 10       		.byte	16
 1733 06a8 AC       		.byte	-84
 1734 06a9 10       		.byte	16
 1735 06aa AD       		.byte	-83
 1736 06ab 04       		.byte	4
 1737 06ac EE       		.byte	-18
 1738 06ad 40       		.byte	64
 1739 06ae 74       		.byte	116
 1740 06af 02       		.byte	2
 1741 06b0 87       		.byte	-121
 1742 06b1 10       		.byte	16
 1743 06b2 A0       		.byte	-96
 1744 06b3 02       		.byte	2
 1745 06b4 B4       		.byte	-76
 1746 06b5 02       		.byte	2
 1747 06b6 DE       		.byte	-34
 1748 06b7 04       		.byte	4
 1749 06b8 EC       		.byte	-20
 1750 06b9 02       		.byte	2
 1751 06ba 10       		.byte	16
 1752 06bb 80       		.byte	-128
 1753 06bc 73       		.byte	115
 1754 06bd 10       		.byte	16
 1755 06be 88       		.byte	-120
 1756 06bf 80       		.byte	-128
 1757 06c0 93       		.byte	-109
 1758 06c1 10       		.byte	16
 1759 06c2 C4       		.byte	-60
 1760 06c3 08       		.byte	8
 1761 06c4 DC       		.byte	-36
 1762 06c5 01       		.byte	1
 1763 06c6 E6       		.byte	-26
 1764 06c7 01       		.byte	1
 1765 06c8 00       		.byte	0
 1766 06c9 02       		.byte	2
 1767 06ca 0C       		.byte	12
ARM GAS  C:\Users\adria\AppData\Local\Temp\ccAcbKaD.s 			page 32


 1768 06cb 02       		.byte	2
 1769 06cc 0E       		.byte	14
 1770 06cd 02       		.byte	2
 1771 06ce 10       		.byte	16
 1772 06cf 02       		.byte	2
 1773 06d0 1C       		.byte	28
 1774 06d1 02       		.byte	2
 1775 06d2 00       		.byte	0
 1776 06d3 FF       		.byte	-1
 1777 06d4 01       		.byte	1
 1778 06d5 02       		.byte	2
 1779 06d6 00       		.byte	0
 1780 06d7 00       		.byte	0
 1781 06d8 00       		.byte	0
 1782 06d9 00       		.byte	0
 1783 06da 00       		.byte	0
 1784 06db 00       		.byte	0
 1785 06dc 00       		.byte	0
 1786 06dd 00       		.byte	0
 1787 06de 01       		.byte	1
 1788 06df 00       		.byte	0
 1789 06e0 80       		.byte	-128
 1790 06e1 00       		.byte	0
 1791 06e2 40       		.byte	64
 1792 06e3 80       		.byte	-128
 1793 06e4 80       		.byte	-128
 1794 06e5 00       		.byte	0
 1795 06e6 80       		.byte	-128
 1796 06e7 00       		.byte	0
 1797 06e8 00       		.byte	0
 1798 06e9 00       		.byte	0
 1799 06ea 00       		.byte	0
 1800 06eb 00       		.byte	0
 1801 06ec 00       		.byte	0
 1802 06ed 20       		.byte	32
 1803 06ee 20       		.byte	32
 1804 06ef 00       		.byte	0
 1805 06f0 20       		.byte	32
 1806 06f1 00       		.byte	0
 1807 06f2 00       		.byte	0
 1808 06f3 00       		.byte	0
 1809 06f4 00       		.byte	0
 1810 06f5 0B       		.byte	11
 1811 06f6 0B       		.byte	11
 1812 06f7 00       		.byte	0
 1813 06f8 00       		.byte	0
 1814 06f9 00       		.byte	0
 1815 06fa 00       		.byte	0
 1816 06fb 00       		.byte	0
 1817 06fc 0E       		.byte	14
 1818 06fd 00       		.byte	0
 1819 06fe 18       		.byte	24
 1820 06ff 01       		.byte	1
 1821              		.section	.cywolatch,"a",%progbits
 1822              		.align	2
 1823              		.type	cy_meta_wonvl, %object
 1824              		.size	cy_meta_wonvl, 4
ARM GAS  C:\Users\adria\AppData\Local\Temp\ccAcbKaD.s 			page 33


 1825              	cy_meta_wonvl:
 1826 0000 BC       		.byte	-68
 1827 0001 90       		.byte	-112
 1828 0002 AC       		.byte	-84
 1829 0003 AF       		.byte	-81
 1830              		.section	.cycustnvl,"a",%progbits
 1831              		.align	2
 1832              		.type	cy_meta_custnvl, %object
 1833              		.size	cy_meta_custnvl, 4
 1834              	cy_meta_custnvl:
 1835 0000 00       		.byte	0
 1836 0001 00       		.byte	0
 1837 0002 40       		.byte	64
 1838 0003 05       		.byte	5
 1839              		.section	.cymeta,"a",%progbits
 1840              		.align	2
 1841              		.type	cy_metadata, %object
 1842              		.size	cy_metadata, 12
 1843              	cy_metadata:
 1844 0000 00       		.byte	0
 1845 0001 01       		.byte	1
 1846 0002 2E       		.byte	46
 1847 0003 16       		.byte	22
 1848 0004 10       		.byte	16
 1849 0005 69       		.byte	105
 1850 0006 00       		.byte	0
 1851 0007 01       		.byte	1
 1852 0008 00       		.byte	0
 1853 0009 00       		.byte	0
 1854 000a 00       		.byte	0
 1855 000b 00       		.byte	0
 1856              		.section	.cyflashprotect,"a",%progbits
 1857              		.align	2
 1858              		.type	cy_meta_flashprotect, %object
 1859              		.size	cy_meta_flashprotect, 256
 1860              	cy_meta_flashprotect:
 1861 0000 00000000 		.space	256
 1861      00000000 
 1861      00000000 
 1861      00000000 
 1861      00000000 
 1862              		.text
 1863              	.Letext0:
 1864              		.file 1 "c:\\program files (x86)\\cypress\\psoc creator\\4.4\\psoc creator\\import\\gnu\\arm\\5.4.
 1865              		.file 2 "c:\\program files (x86)\\cypress\\psoc creator\\4.4\\psoc creator\\import\\gnu\\arm\\5.4.
 1866              		.file 3 "Generated_Source\\PSoC5\\cymetadata.c"
 1867              		.section	.debug_info,"",%progbits
 1868              	.Ldebug_info0:
 1869 0000 35010000 		.4byte	0x135
 1870 0004 0400     		.2byte	0x4
 1871 0006 00000000 		.4byte	.Ldebug_abbrev0
 1872 000a 04       		.byte	0x4
 1873 000b 01       		.uleb128 0x1
 1874 000c 24000000 		.4byte	.LASF17
 1875 0010 0C       		.byte	0xc
 1876 0011 D2010000 		.4byte	.LASF18
 1877 0015 D7000000 		.4byte	.LASF19
ARM GAS  C:\Users\adria\AppData\Local\Temp\ccAcbKaD.s 			page 34


 1878 0019 00000000 		.4byte	.Ldebug_line0
 1879 001d 02       		.uleb128 0x2
 1880 001e 01       		.byte	0x1
 1881 001f 06       		.byte	0x6
 1882 0020 C6010000 		.4byte	.LASF0
 1883 0024 03       		.uleb128 0x3
 1884 0025 00000000 		.4byte	.LASF9
 1885 0029 01       		.byte	0x1
 1886 002a 1D       		.byte	0x1d
 1887 002b 2F000000 		.4byte	0x2f
 1888 002f 02       		.uleb128 0x2
 1889 0030 01       		.byte	0x1
 1890 0031 08       		.byte	0x8
 1891 0032 16000000 		.4byte	.LASF1
 1892 0036 02       		.uleb128 0x2
 1893 0037 02       		.byte	0x2
 1894 0038 05       		.byte	0x5
 1895 0039 B3010000 		.4byte	.LASF2
 1896 003d 02       		.uleb128 0x2
 1897 003e 02       		.byte	0x2
 1898 003f 07       		.byte	0x7
 1899 0040 C4000000 		.4byte	.LASF3
 1900 0044 02       		.uleb128 0x2
 1901 0045 04       		.byte	0x4
 1902 0046 05       		.byte	0x5
 1903 0047 BD010000 		.4byte	.LASF4
 1904 004b 02       		.uleb128 0x2
 1905 004c 04       		.byte	0x4
 1906 004d 07       		.byte	0x7
 1907 004e B2000000 		.4byte	.LASF5
 1908 0052 02       		.uleb128 0x2
 1909 0053 08       		.byte	0x8
 1910 0054 05       		.byte	0x5
 1911 0055 A5010000 		.4byte	.LASF6
 1912 0059 02       		.uleb128 0x2
 1913 005a 08       		.byte	0x8
 1914 005b 07       		.byte	0x7
 1915 005c 5A010000 		.4byte	.LASF7
 1916 0060 04       		.uleb128 0x4
 1917 0061 04       		.byte	0x4
 1918 0062 05       		.byte	0x5
 1919 0063 696E7400 		.ascii	"int\000"
 1920 0067 02       		.uleb128 0x2
 1921 0068 04       		.byte	0x4
 1922 0069 07       		.byte	0x7
 1923 006a 4D010000 		.4byte	.LASF8
 1924 006e 03       		.uleb128 0x3
 1925 006f 71010000 		.4byte	.LASF10
 1926 0073 02       		.byte	0x2
 1927 0074 18       		.byte	0x18
 1928 0075 24000000 		.4byte	0x24
 1929 0079 05       		.uleb128 0x5
 1930 007a 91000000 		.4byte	0x91
 1931 007e 8A000000 		.4byte	0x8a
 1932 0082 06       		.uleb128 0x6
 1933 0083 8A000000 		.4byte	0x8a
 1934 0087 FF06     		.2byte	0x6ff
ARM GAS  C:\Users\adria\AppData\Local\Temp\ccAcbKaD.s 			page 35


 1935 0089 00       		.byte	0
 1936 008a 02       		.uleb128 0x2
 1937 008b 04       		.byte	0x4
 1938 008c 07       		.byte	0x7
 1939 008d 9C010000 		.4byte	.LASF11
 1940 0091 07       		.uleb128 0x7
 1941 0092 6E000000 		.4byte	0x6e
 1942 0096 08       		.uleb128 0x8
 1943 0097 3B010000 		.4byte	.LASF12
 1944 009b 03       		.byte	0x3
 1945 009c 1F       		.byte	0x1f
 1946 009d A7000000 		.4byte	0xa7
 1947 00a1 05       		.uleb128 0x5
 1948 00a2 03       		.byte	0x3
 1949 00a3 00000000 		.4byte	cy_meta_configecc
 1950 00a7 07       		.uleb128 0x7
 1951 00a8 79000000 		.4byte	0x79
 1952 00ac 05       		.uleb128 0x5
 1953 00ad 91000000 		.4byte	0x91
 1954 00b1 BC000000 		.4byte	0xbc
 1955 00b5 09       		.uleb128 0x9
 1956 00b6 8A000000 		.4byte	0x8a
 1957 00ba 03       		.byte	0x3
 1958 00bb 00       		.byte	0
 1959 00bc 0A       		.uleb128 0xa
 1960 00bd 2B010000 		.4byte	.LASF13
 1961 00c1 03       		.byte	0x3
 1962 00c2 0C01     		.2byte	0x10c
 1963 00c4 CE000000 		.4byte	0xce
 1964 00c8 05       		.uleb128 0x5
 1965 00c9 03       		.byte	0x3
 1966 00ca 00000000 		.4byte	cy_meta_custnvl
 1967 00ce 07       		.uleb128 0x7
 1968 00cf AC000000 		.4byte	0xac
 1969 00d3 0A       		.uleb128 0xa
 1970 00d4 8E010000 		.4byte	.LASF14
 1971 00d8 03       		.byte	0x3
 1972 00d9 1A01     		.2byte	0x11a
 1973 00db E5000000 		.4byte	0xe5
 1974 00df 05       		.uleb128 0x5
 1975 00e0 03       		.byte	0x3
 1976 00e1 00000000 		.4byte	cy_meta_wonvl
 1977 00e5 07       		.uleb128 0x7
 1978 00e6 AC000000 		.4byte	0xac
 1979 00ea 05       		.uleb128 0x5
 1980 00eb 91000000 		.4byte	0x91
 1981 00ef FA000000 		.4byte	0xfa
 1982 00f3 09       		.uleb128 0x9
 1983 00f4 8A000000 		.4byte	0x8a
 1984 00f8 FF       		.byte	0xff
 1985 00f9 00       		.byte	0
 1986 00fa 0A       		.uleb128 0xa
 1987 00fb 79010000 		.4byte	.LASF15
 1988 00ff 03       		.byte	0x3
 1989 0100 2801     		.2byte	0x128
 1990 0102 0C010000 		.4byte	0x10c
 1991 0106 05       		.uleb128 0x5
ARM GAS  C:\Users\adria\AppData\Local\Temp\ccAcbKaD.s 			page 36


 1992 0107 03       		.byte	0x3
 1993 0108 00000000 		.4byte	cy_meta_flashprotect
 1994 010c 07       		.uleb128 0x7
 1995 010d EA000000 		.4byte	0xea
 1996 0111 05       		.uleb128 0x5
 1997 0112 91000000 		.4byte	0x91
 1998 0116 21010000 		.4byte	0x121
 1999 011a 09       		.uleb128 0x9
 2000 011b 8A000000 		.4byte	0x8a
 2001 011f 0B       		.byte	0xb
 2002 0120 00       		.byte	0
 2003 0121 0A       		.uleb128 0xa
 2004 0122 0A000000 		.4byte	.LASF16
 2005 0126 03       		.byte	0x3
 2006 0127 5501     		.2byte	0x155
 2007 0129 33010000 		.4byte	0x133
 2008 012d 05       		.uleb128 0x5
 2009 012e 03       		.byte	0x3
 2010 012f 00000000 		.4byte	cy_metadata
 2011 0133 07       		.uleb128 0x7
 2012 0134 11010000 		.4byte	0x111
 2013 0138 00       		.byte	0
 2014              		.section	.debug_abbrev,"",%progbits
 2015              	.Ldebug_abbrev0:
 2016 0000 01       		.uleb128 0x1
 2017 0001 11       		.uleb128 0x11
 2018 0002 01       		.byte	0x1
 2019 0003 25       		.uleb128 0x25
 2020 0004 0E       		.uleb128 0xe
 2021 0005 13       		.uleb128 0x13
 2022 0006 0B       		.uleb128 0xb
 2023 0007 03       		.uleb128 0x3
 2024 0008 0E       		.uleb128 0xe
 2025 0009 1B       		.uleb128 0x1b
 2026 000a 0E       		.uleb128 0xe
 2027 000b 10       		.uleb128 0x10
 2028 000c 17       		.uleb128 0x17
 2029 000d 00       		.byte	0
 2030 000e 00       		.byte	0
 2031 000f 02       		.uleb128 0x2
 2032 0010 24       		.uleb128 0x24
 2033 0011 00       		.byte	0
 2034 0012 0B       		.uleb128 0xb
 2035 0013 0B       		.uleb128 0xb
 2036 0014 3E       		.uleb128 0x3e
 2037 0015 0B       		.uleb128 0xb
 2038 0016 03       		.uleb128 0x3
 2039 0017 0E       		.uleb128 0xe
 2040 0018 00       		.byte	0
 2041 0019 00       		.byte	0
 2042 001a 03       		.uleb128 0x3
 2043 001b 16       		.uleb128 0x16
 2044 001c 00       		.byte	0
 2045 001d 03       		.uleb128 0x3
 2046 001e 0E       		.uleb128 0xe
 2047 001f 3A       		.uleb128 0x3a
 2048 0020 0B       		.uleb128 0xb
ARM GAS  C:\Users\adria\AppData\Local\Temp\ccAcbKaD.s 			page 37


 2049 0021 3B       		.uleb128 0x3b
 2050 0022 0B       		.uleb128 0xb
 2051 0023 49       		.uleb128 0x49
 2052 0024 13       		.uleb128 0x13
 2053 0025 00       		.byte	0
 2054 0026 00       		.byte	0
 2055 0027 04       		.uleb128 0x4
 2056 0028 24       		.uleb128 0x24
 2057 0029 00       		.byte	0
 2058 002a 0B       		.uleb128 0xb
 2059 002b 0B       		.uleb128 0xb
 2060 002c 3E       		.uleb128 0x3e
 2061 002d 0B       		.uleb128 0xb
 2062 002e 03       		.uleb128 0x3
 2063 002f 08       		.uleb128 0x8
 2064 0030 00       		.byte	0
 2065 0031 00       		.byte	0
 2066 0032 05       		.uleb128 0x5
 2067 0033 01       		.uleb128 0x1
 2068 0034 01       		.byte	0x1
 2069 0035 49       		.uleb128 0x49
 2070 0036 13       		.uleb128 0x13
 2071 0037 01       		.uleb128 0x1
 2072 0038 13       		.uleb128 0x13
 2073 0039 00       		.byte	0
 2074 003a 00       		.byte	0
 2075 003b 06       		.uleb128 0x6
 2076 003c 21       		.uleb128 0x21
 2077 003d 00       		.byte	0
 2078 003e 49       		.uleb128 0x49
 2079 003f 13       		.uleb128 0x13
 2080 0040 2F       		.uleb128 0x2f
 2081 0041 05       		.uleb128 0x5
 2082 0042 00       		.byte	0
 2083 0043 00       		.byte	0
 2084 0044 07       		.uleb128 0x7
 2085 0045 26       		.uleb128 0x26
 2086 0046 00       		.byte	0
 2087 0047 49       		.uleb128 0x49
 2088 0048 13       		.uleb128 0x13
 2089 0049 00       		.byte	0
 2090 004a 00       		.byte	0
 2091 004b 08       		.uleb128 0x8
 2092 004c 34       		.uleb128 0x34
 2093 004d 00       		.byte	0
 2094 004e 03       		.uleb128 0x3
 2095 004f 0E       		.uleb128 0xe
 2096 0050 3A       		.uleb128 0x3a
 2097 0051 0B       		.uleb128 0xb
 2098 0052 3B       		.uleb128 0x3b
 2099 0053 0B       		.uleb128 0xb
 2100 0054 49       		.uleb128 0x49
 2101 0055 13       		.uleb128 0x13
 2102 0056 3F       		.uleb128 0x3f
 2103 0057 19       		.uleb128 0x19
 2104 0058 02       		.uleb128 0x2
 2105 0059 18       		.uleb128 0x18
ARM GAS  C:\Users\adria\AppData\Local\Temp\ccAcbKaD.s 			page 38


 2106 005a 00       		.byte	0
 2107 005b 00       		.byte	0
 2108 005c 09       		.uleb128 0x9
 2109 005d 21       		.uleb128 0x21
 2110 005e 00       		.byte	0
 2111 005f 49       		.uleb128 0x49
 2112 0060 13       		.uleb128 0x13
 2113 0061 2F       		.uleb128 0x2f
 2114 0062 0B       		.uleb128 0xb
 2115 0063 00       		.byte	0
 2116 0064 00       		.byte	0
 2117 0065 0A       		.uleb128 0xa
 2118 0066 34       		.uleb128 0x34
 2119 0067 00       		.byte	0
 2120 0068 03       		.uleb128 0x3
 2121 0069 0E       		.uleb128 0xe
 2122 006a 3A       		.uleb128 0x3a
 2123 006b 0B       		.uleb128 0xb
 2124 006c 3B       		.uleb128 0x3b
 2125 006d 05       		.uleb128 0x5
 2126 006e 49       		.uleb128 0x49
 2127 006f 13       		.uleb128 0x13
 2128 0070 3F       		.uleb128 0x3f
 2129 0071 19       		.uleb128 0x19
 2130 0072 02       		.uleb128 0x2
 2131 0073 18       		.uleb128 0x18
 2132 0074 00       		.byte	0
 2133 0075 00       		.byte	0
 2134 0076 00       		.byte	0
 2135              		.section	.debug_aranges,"",%progbits
 2136 0000 14000000 		.4byte	0x14
 2137 0004 0200     		.2byte	0x2
 2138 0006 00000000 		.4byte	.Ldebug_info0
 2139 000a 04       		.byte	0x4
 2140 000b 00       		.byte	0
 2141 000c 0000     		.2byte	0
 2142 000e 0000     		.2byte	0
 2143 0010 00000000 		.4byte	0
 2144 0014 00000000 		.4byte	0
 2145              		.section	.debug_line,"",%progbits
 2146              	.Ldebug_line0:
 2147 0000 3D010000 		.section	.debug_str,"MS",%progbits,1
 2147      02003701 
 2147      00000201 
 2147      FB0E0D00 
 2147      01010101 
 2148              	.LASF9:
 2149 0000 5F5F7569 		.ascii	"__uint8_t\000"
 2149      6E74385F 
 2149      7400
 2150              	.LASF16:
 2151 000a 63795F6D 		.ascii	"cy_metadata\000"
 2151      65746164 
 2151      61746100 
 2152              	.LASF1:
 2153 0016 756E7369 		.ascii	"unsigned char\000"
 2153      676E6564 
ARM GAS  C:\Users\adria\AppData\Local\Temp\ccAcbKaD.s 			page 39


 2153      20636861 
 2153      7200
 2154              	.LASF17:
 2155 0024 474E5520 		.ascii	"GNU C11 5.4.1 20160609 (release) [ARM/embedded-5-br"
 2155      43313120 
 2155      352E342E 
 2155      31203230 
 2155      31363036 
 2156 0057 616E6368 		.ascii	"anch revision 237715] -mcpu=cortex-m3 -mthumb -g -O"
 2156      20726576 
 2156      6973696F 
 2156      6E203233 
 2156      37373135 
 2157 008a 67202D66 		.ascii	"g -ffunction-sections -ffat-lto-objects\000"
 2157      66756E63 
 2157      74696F6E 
 2157      2D736563 
 2157      74696F6E 
 2158              	.LASF5:
 2159 00b2 6C6F6E67 		.ascii	"long unsigned int\000"
 2159      20756E73 
 2159      69676E65 
 2159      6420696E 
 2159      7400
 2160              	.LASF3:
 2161 00c4 73686F72 		.ascii	"short unsigned int\000"
 2161      7420756E 
 2161      7369676E 
 2161      65642069 
 2161      6E7400
 2162              	.LASF19:
 2163 00d7 433A5C55 		.ascii	"C:\\Users\\adria\\OneDrive\\Documents\\PSoC Creator"
 2163      73657273 
 2163      5C616472 
 2163      69615C4F 
 2163      6E654472 
 2164 0105 5C46494E 		.ascii	"\\FINAL_vilchis\\PID_anticolision.cydsn\000"
 2164      414C5F76 
 2164      696C6368 
 2164      69735C50 
 2164      49445F61 
 2165              	.LASF13:
 2166 012b 63795F6D 		.ascii	"cy_meta_custnvl\000"
 2166      6574615F 
 2166      63757374 
 2166      6E766C00 
 2167              	.LASF12:
 2168 013b 63795F6D 		.ascii	"cy_meta_configecc\000"
 2168      6574615F 
 2168      636F6E66 
 2168      69676563 
 2168      6300
 2169              	.LASF8:
 2170 014d 756E7369 		.ascii	"unsigned int\000"
 2170      676E6564 
 2170      20696E74 
 2170      00
ARM GAS  C:\Users\adria\AppData\Local\Temp\ccAcbKaD.s 			page 40


 2171              	.LASF7:
 2172 015a 6C6F6E67 		.ascii	"long long unsigned int\000"
 2172      206C6F6E 
 2172      6720756E 
 2172      7369676E 
 2172      65642069 
 2173              	.LASF10:
 2174 0171 75696E74 		.ascii	"uint8_t\000"
 2174      385F7400 
 2175              	.LASF15:
 2176 0179 63795F6D 		.ascii	"cy_meta_flashprotect\000"
 2176      6574615F 
 2176      666C6173 
 2176      6870726F 
 2176      74656374 
 2177              	.LASF14:
 2178 018e 63795F6D 		.ascii	"cy_meta_wonvl\000"
 2178      6574615F 
 2178      776F6E76 
 2178      6C00
 2179              	.LASF11:
 2180 019c 73697A65 		.ascii	"sizetype\000"
 2180      74797065 
 2180      00
 2181              	.LASF6:
 2182 01a5 6C6F6E67 		.ascii	"long long int\000"
 2182      206C6F6E 
 2182      6720696E 
 2182      7400
 2183              	.LASF2:
 2184 01b3 73686F72 		.ascii	"short int\000"
 2184      7420696E 
 2184      7400
 2185              	.LASF4:
 2186 01bd 6C6F6E67 		.ascii	"long int\000"
 2186      20696E74 
 2186      00
 2187              	.LASF0:
 2188 01c6 7369676E 		.ascii	"signed char\000"
 2188      65642063 
 2188      68617200 
 2189              	.LASF18:
 2190 01d2 47656E65 		.ascii	"Generated_Source\\PSoC5\\cymetadata.c\000"
 2190      72617465 
 2190      645F536F 
 2190      75726365 
 2190      5C50536F 
 2191              		.ident	"GCC: (GNU Tools for ARM Embedded Processors) 5.4.1 20160609 (release) [ARM/embedded-5-bran
