ARM GAS  C:\Users\adria\AppData\Local\Temp\cc2uqve0.s 			page 1


   1              		.syntax unified
   2              		.cpu cortex-m3
   3              		.fpu softvfp
   4              		.eabi_attribute 20, 1
   5              		.eabi_attribute 21, 1
   6              		.eabi_attribute 23, 3
   7              		.eabi_attribute 24, 1
   8              		.eabi_attribute 25, 1
   9              		.eabi_attribute 26, 1
  10              		.eabi_attribute 30, 1
  11              		.eabi_attribute 34, 1
  12              		.eabi_attribute 18, 4
  13              		.thumb
  14              		.syntax unified
  15              		.file	"cymetadata.c"
  16              		.text
  17              	.Ltext0:
  18              		.cfi_sections	.debug_frame
  19              		.global	cy_metadata
  20              		.global	cy_meta_flashprotect
  21              		.global	cy_meta_wonvl
  22              		.global	cy_meta_custnvl
  23              		.global	cy_meta_configecc
  24              		.section	.cyconfigecc,"a",%progbits
  25              		.align	2
  26              		.type	cy_meta_configecc, %object
  27              		.size	cy_meta_configecc, 1408
  28              	cy_meta_configecc:
  29 0000 07       		.byte	7
  30 0001 52       		.byte	82
  31 0002 00       		.byte	0
  32 0003 40       		.byte	64
  33 0004 02       		.byte	2
  34 0005 64       		.byte	100
  35 0006 00       		.byte	0
  36 0007 40       		.byte	64
  37 0008 01       		.byte	1
  38 0009 65       		.byte	101
  39 000a 00       		.byte	0
  40 000b 40       		.byte	64
  41 000c 3C       		.byte	60
  42 000d 02       		.byte	2
  43 000e 01       		.byte	1
  44 000f 40       		.byte	64
  45 0010 30       		.byte	48
  46 0011 03       		.byte	3
  47 0012 01       		.byte	1
  48 0013 40       		.byte	64
  49 0014 15       		.byte	21
  50 0015 05       		.byte	5
  51 0016 01       		.byte	1
  52 0017 40       		.byte	64
  53 0018 3B       		.byte	59
  54 0019 06       		.byte	6
  55 001a 01       		.byte	1
  56 001b 40       		.byte	64
  57 001c 3B       		.byte	59
ARM GAS  C:\Users\adria\AppData\Local\Temp\cc2uqve0.s 			page 2


  58 001d 07       		.byte	7
  59 001e 01       		.byte	1
  60 001f 40       		.byte	64
  61 0020 03       		.byte	3
  62 0021 0B       		.byte	11
  63 0022 01       		.byte	1
  64 0023 40       		.byte	64
  65 0024 01       		.byte	1
  66 0025 0D       		.byte	13
  67 0026 01       		.byte	1
  68 0027 40       		.byte	64
  69 0028 40       		.byte	64
  70 0029 14       		.byte	20
  71 002a 01       		.byte	1
  72 002b 40       		.byte	64
  73 002c 47       		.byte	71
  74 002d 15       		.byte	21
  75 002e 01       		.byte	1
  76 002f 40       		.byte	64
  77 0030 42       		.byte	66
  78 0031 16       		.byte	22
  79 0032 01       		.byte	1
  80 0033 40       		.byte	64
  81 0034 33       		.byte	51
  82 0035 17       		.byte	23
  83 0036 01       		.byte	1
  84 0037 40       		.byte	64
  85 0038 01       		.byte	1
  86 0039 19       		.byte	25
  87 003a 01       		.byte	1
  88 003b 40       		.byte	64
  89 003c 01       		.byte	1
  90 003d 1B       		.byte	27
  91 003e 01       		.byte	1
  92 003f 40       		.byte	64
  93 0040 04       		.byte	4
  94 0041 40       		.byte	64
  95 0042 01       		.byte	1
  96 0043 40       		.byte	64
  97 0044 15       		.byte	21
  98 0045 41       		.byte	65
  99 0046 01       		.byte	1
 100 0047 40       		.byte	64
 101 0048 08       		.byte	8
 102 0049 42       		.byte	66
 103 004a 01       		.byte	1
 104 004b 40       		.byte	64
 105 004c 02       		.byte	2
 106 004d 43       		.byte	67
 107 004e 01       		.byte	1
 108 004f 40       		.byte	64
 109 0050 07       		.byte	7
 110 0051 45       		.byte	69
 111 0052 01       		.byte	1
 112 0053 40       		.byte	64
 113 0054 06       		.byte	6
 114 0055 46       		.byte	70
ARM GAS  C:\Users\adria\AppData\Local\Temp\cc2uqve0.s 			page 3


 115 0056 01       		.byte	1
 116 0057 40       		.byte	64
 117 0058 03       		.byte	3
 118 0059 47       		.byte	71
 119 005a 01       		.byte	1
 120 005b 40       		.byte	64
 121 005c 07       		.byte	7
 122 005d 48       		.byte	72
 123 005e 01       		.byte	1
 124 005f 40       		.byte	64
 125 0060 1A       		.byte	26
 126 0061 49       		.byte	73
 127 0062 01       		.byte	1
 128 0063 40       		.byte	64
 129 0064 09       		.byte	9
 130 0065 4C       		.byte	76
 131 0066 01       		.byte	1
 132 0067 40       		.byte	64
 133 0068 04       		.byte	4
 134 0069 4D       		.byte	77
 135 006a 01       		.byte	1
 136 006b 40       		.byte	64
 137 006c 05       		.byte	5
 138 006d 50       		.byte	80
 139 006e 01       		.byte	1
 140 006f 40       		.byte	64
 141 0070 01       		.byte	1
 142 0071 51       		.byte	81
 143 0072 01       		.byte	1
 144 0073 40       		.byte	64
 145 0074 00       		.byte	0
 146 0075 18       		.byte	24
 147 0076 01       		.byte	1
 148 0077 18       		.byte	24
 149 0078 09       		.byte	9
 150 0079 20       		.byte	32
 151 007a 10       		.byte	16
 152 007b 04       		.byte	4
 153 007c 11       		.byte	17
 154 007d 05       		.byte	5
 155 007e 18       		.byte	24
 156 007f 98       		.byte	-104
 157 0080 19       		.byte	25
 158 0081 50       		.byte	80
 159 0082 86       		.byte	-122
 160 0083 0D       		.byte	13
 161 0084 87       		.byte	-121
 162 0085 04       		.byte	4
 163 0086 84       		.byte	-124
 164 0087 0D       		.byte	13
 165 0088 04       		.byte	4
 166 0089 01       		.byte	1
 167 008a 13       		.byte	19
 168 008b 01       		.byte	1
 169 008c 15       		.byte	21
 170 008d 01       		.byte	1
 171 008e 22       		.byte	34
ARM GAS  C:\Users\adria\AppData\Local\Temp\cc2uqve0.s 			page 4


 172 008f 01       		.byte	1
 173 0090 2A       		.byte	42
 174 0091 01       		.byte	1
 175 0092 2D       		.byte	45
 176 0093 01       		.byte	1
 177 0094 31       		.byte	49
 178 0095 01       		.byte	1
 179 0096 36       		.byte	54
 180 0097 01       		.byte	1
 181 0098 39       		.byte	57
 182 0099 02       		.byte	2
 183 009a 3E       		.byte	62
 184 009b 40       		.byte	64
 185 009c 3F       		.byte	63
 186 009d 01       		.byte	1
 187 009e 40       		.byte	64
 188 009f 26       		.byte	38
 189 00a0 41       		.byte	65
 190 00a1 03       		.byte	3
 191 00a2 45       		.byte	69
 192 00a3 EC       		.byte	-20
 193 00a4 47       		.byte	71
 194 00a5 02       		.byte	2
 195 00a6 48       		.byte	72
 196 00a7 13       		.byte	19
 197 00a8 49       		.byte	73
 198 00a9 FF       		.byte	-1
 199 00aa 4A       		.byte	74
 200 00ab FF       		.byte	-1
 201 00ac 4B       		.byte	75
 202 00ad FF       		.byte	-1
 203 00ae 4F       		.byte	79
 204 00af 01       		.byte	1
 205 00b0 50       		.byte	80
 206 00b1 18       		.byte	24
 207 00b2 58       		.byte	88
 208 00b3 04       		.byte	4
 209 00b4 59       		.byte	89
 210 00b5 04       		.byte	4
 211 00b6 5A       		.byte	90
 212 00b7 04       		.byte	4
 213 00b8 5D       		.byte	93
 214 00b9 01       		.byte	1
 215 00ba 5F       		.byte	95
 216 00bb 01       		.byte	1
 217 00bc 60       		.byte	96
 218 00bd 40       		.byte	64
 219 00be 62       		.byte	98
 220 00bf 40       		.byte	64
 221 00c0 64       		.byte	100
 222 00c1 40       		.byte	64
 223 00c2 65       		.byte	101
 224 00c3 40       		.byte	64
 225 00c4 66       		.byte	102
 226 00c5 80       		.byte	-128
 227 00c6 68       		.byte	104
 228 00c7 80       		.byte	-128
ARM GAS  C:\Users\adria\AppData\Local\Temp\cc2uqve0.s 			page 5


 229 00c8 6A       		.byte	106
 230 00c9 80       		.byte	-128
 231 00ca 6C       		.byte	108
 232 00cb 80       		.byte	-128
 233 00cc 6E       		.byte	110
 234 00cd 80       		.byte	-128
 235 00ce 80       		.byte	-128
 236 00cf 01       		.byte	1
 237 00d0 83       		.byte	-125
 238 00d1 01       		.byte	1
 239 00d2 86       		.byte	-122
 240 00d3 01       		.byte	1
 241 00d4 89       		.byte	-119
 242 00d5 04       		.byte	4
 243 00d6 8F       		.byte	-113
 244 00d7 04       		.byte	4
 245 00d8 92       		.byte	-110
 246 00d9 02       		.byte	2
 247 00da 93       		.byte	-109
 248 00db 01       		.byte	1
 249 00dc 94       		.byte	-108
 250 00dd 01       		.byte	1
 251 00de 97       		.byte	-105
 252 00df 08       		.byte	8
 253 00e0 9B       		.byte	-101
 254 00e1 04       		.byte	4
 255 00e2 9F       		.byte	-97
 256 00e3 02       		.byte	2
 257 00e4 A5       		.byte	-91
 258 00e5 01       		.byte	1
 259 00e6 B0       		.byte	-80
 260 00e7 01       		.byte	1
 261 00e8 B1       		.byte	-79
 262 00e9 02       		.byte	2
 263 00ea B3       		.byte	-77
 264 00eb 08       		.byte	8
 265 00ec B4       		.byte	-76
 266 00ed 02       		.byte	2
 267 00ee B5       		.byte	-75
 268 00ef 01       		.byte	1
 269 00f0 B7       		.byte	-73
 270 00f1 04       		.byte	4
 271 00f2 B8       		.byte	-72
 272 00f3 02       		.byte	2
 273 00f4 BE       		.byte	-66
 274 00f5 01       		.byte	1
 275 00f6 BF       		.byte	-65
 276 00f7 50       		.byte	80
 277 00f8 D8       		.byte	-40
 278 00f9 04       		.byte	4
 279 00fa D9       		.byte	-39
 280 00fb 04       		.byte	4
 281 00fc DB       		.byte	-37
 282 00fd 04       		.byte	4
 283 00fe DF       		.byte	-33
 284 00ff 01       		.byte	1
 285 0100 00       		.byte	0
ARM GAS  C:\Users\adria\AppData\Local\Temp\cc2uqve0.s 			page 6


 286 0101 08       		.byte	8
 287 0102 02       		.byte	2
 288 0103 40       		.byte	64
 289 0104 05       		.byte	5
 290 0105 08       		.byte	8
 291 0106 09       		.byte	9
 292 0107 02       		.byte	2
 293 0108 0B       		.byte	11
 294 0109 20       		.byte	32
 295 010a 16       		.byte	22
 296 010b 04       		.byte	4
 297 010c 17       		.byte	23
 298 010d 01       		.byte	1
 299 010e 18       		.byte	24
 300 010f 08       		.byte	8
 301 0110 19       		.byte	25
 302 0111 01       		.byte	1
 303 0112 1F       		.byte	31
 304 0113 80       		.byte	-128
 305 0114 21       		.byte	33
 306 0115 06       		.byte	6
 307 0116 22       		.byte	34
 308 0117 A0       		.byte	-96
 309 0118 27       		.byte	39
 310 0119 40       		.byte	64
 311 011a 2A       		.byte	42
 312 011b 04       		.byte	4
 313 011c 2E       		.byte	46
 314 011d 80       		.byte	-128
 315 011e 31       		.byte	49
 316 011f 80       		.byte	-128
 317 0120 32       		.byte	50
 318 0121 14       		.byte	20
 319 0122 33       		.byte	51
 320 0123 01       		.byte	1
 321 0124 35       		.byte	53
 322 0125 08       		.byte	8
 323 0126 37       		.byte	55
 324 0127 01       		.byte	1
 325 0128 38       		.byte	56
 326 0129 A0       		.byte	-96
 327 012a 3A       		.byte	58
 328 012b 42       		.byte	66
 329 012c 3B       		.byte	59
 330 012d 20       		.byte	32
 331 012e 44       		.byte	68
 332 012f 20       		.byte	32
 333 0130 45       		.byte	69
 334 0131 20       		.byte	32
 335 0132 47       		.byte	71
 336 0133 04       		.byte	4
 337 0134 4E       		.byte	78
 338 0135 08       		.byte	8
 339 0136 4F       		.byte	79
 340 0137 05       		.byte	5
 341 0138 57       		.byte	87
 342 0139 04       		.byte	4
ARM GAS  C:\Users\adria\AppData\Local\Temp\cc2uqve0.s 			page 7


 343 013a 68       		.byte	104
 344 013b 04       		.byte	4
 345 013c 6A       		.byte	106
 346 013d 20       		.byte	32
 347 013e 6B       		.byte	107
 348 013f 01       		.byte	1
 349 0140 7A       		.byte	122
 350 0141 08       		.byte	8
 351 0142 7B       		.byte	123
 352 0143 04       		.byte	4
 353 0144 83       		.byte	-125
 354 0145 80       		.byte	-128
 355 0146 85       		.byte	-123
 356 0147 08       		.byte	8
 357 0148 86       		.byte	-122
 358 0149 02       		.byte	2
 359 014a 8A       		.byte	-118
 360 014b 24       		.byte	36
 361 014c 8F       		.byte	-113
 362 014d 40       		.byte	64
 363 014e C0       		.byte	-64
 364 014f 2C       		.byte	44
 365 0150 C2       		.byte	-62
 366 0151 0C       		.byte	12
 367 0152 C4       		.byte	-60
 368 0153 50       		.byte	80
 369 0154 CA       		.byte	-54
 370 0155 12       		.byte	18
 371 0156 CC       		.byte	-52
 372 0157 CF       		.byte	-49
 373 0158 CE       		.byte	-50
 374 0159 0D       		.byte	13
 375 015a D0       		.byte	-48
 376 015b 60       		.byte	96
 377 015c D2       		.byte	-46
 378 015d 20       		.byte	32
 379 015e E2       		.byte	-30
 380 015f 30       		.byte	48
 381 0160 84       		.byte	-124
 382 0161 01       		.byte	1
 383 0162 88       		.byte	-120
 384 0163 04       		.byte	4
 385 0164 8A       		.byte	-118
 386 0165 08       		.byte	8
 387 0166 90       		.byte	-112
 388 0167 08       		.byte	8
 389 0168 91       		.byte	-111
 390 0169 08       		.byte	8
 391 016a 93       		.byte	-109
 392 016b 05       		.byte	5
 393 016c 94       		.byte	-108
 394 016d A0       		.byte	-96
 395 016e 9F       		.byte	-97
 396 016f 04       		.byte	4
 397 0170 A0       		.byte	-96
 398 0171 04       		.byte	4
 399 0172 A1       		.byte	-95
ARM GAS  C:\Users\adria\AppData\Local\Temp\cc2uqve0.s 			page 8


 400 0173 02       		.byte	2
 401 0174 A3       		.byte	-93
 402 0175 04       		.byte	4
 403 0176 A5       		.byte	-91
 404 0177 A0       		.byte	-96
 405 0178 A9       		.byte	-87
 406 0179 01       		.byte	1
 407 017a AA       		.byte	-86
 408 017b 80       		.byte	-128
 409 017c B0       		.byte	-80
 410 017d 20       		.byte	32
 411 017e B3       		.byte	-77
 412 017f 01       		.byte	1
 413 0180 B6       		.byte	-74
 414 0181 84       		.byte	-124
 415 0182 E8       		.byte	-24
 416 0183 04       		.byte	4
 417 0184 EA       		.byte	-22
 418 0185 80       		.byte	-128
 419 0186 EC       		.byte	-20
 420 0187 14       		.byte	20
 421 0188 EE       		.byte	-18
 422 0189 20       		.byte	32
 423 018a 02       		.byte	2
 424 018b 20       		.byte	32
 425 018c 03       		.byte	3
 426 018d 02       		.byte	2
 427 018e 06       		.byte	6
 428 018f 02       		.byte	2
 429 0190 08       		.byte	8
 430 0191 7B       		.byte	123
 431 0192 0E       		.byte	14
 432 0193 40       		.byte	64
 433 0194 13       		.byte	19
 434 0195 01       		.byte	1
 435 0196 14       		.byte	20
 436 0197 01       		.byte	1
 437 0198 16       		.byte	22
 438 0199 08       		.byte	8
 439 019a 1A       		.byte	26
 440 019b 20       		.byte	32
 441 019c 1B       		.byte	27
 442 019d 02       		.byte	2
 443 019e 1E       		.byte	30
 444 019f 3B       		.byte	59
 445 01a0 22       		.byte	34
 446 01a1 1B       		.byte	27
 447 01a2 23       		.byte	35
 448 01a3 02       		.byte	2
 449 01a4 26       		.byte	38
 450 01a5 30       		.byte	48
 451 01a6 2A       		.byte	42
 452 01a7 20       		.byte	32
 453 01a8 2C       		.byte	44
 454 01a9 08       		.byte	8
 455 01aa 2E       		.byte	46
 456 01ab 05       		.byte	5
ARM GAS  C:\Users\adria\AppData\Local\Temp\cc2uqve0.s 			page 9


 457 01ac 30       		.byte	48
 458 01ad 60       		.byte	96
 459 01ae 32       		.byte	50
 460 01af 04       		.byte	4
 461 01b0 34       		.byte	52
 462 01b1 03       		.byte	3
 463 01b2 35       		.byte	53
 464 01b3 02       		.byte	2
 465 01b4 36       		.byte	54
 466 01b5 18       		.byte	24
 467 01b6 37       		.byte	55
 468 01b7 01       		.byte	1
 469 01b8 3F       		.byte	63
 470 01b9 10       		.byte	16
 471 01ba 52       		.byte	82
 472 01bb 90       		.byte	-112
 473 01bc 54       		.byte	84
 474 01bd 01       		.byte	1
 475 01be 58       		.byte	88
 476 01bf 04       		.byte	4
 477 01c0 59       		.byte	89
 478 01c1 04       		.byte	4
 479 01c2 5B       		.byte	91
 480 01c3 04       		.byte	4
 481 01c4 5C       		.byte	92
 482 01c5 01       		.byte	1
 483 01c6 5D       		.byte	93
 484 01c7 10       		.byte	16
 485 01c8 5F       		.byte	95
 486 01c9 05       		.byte	5
 487 01ca 85       		.byte	-123
 488 01cb 01       		.byte	1
 489 01cc 86       		.byte	-122
 490 01cd 04       		.byte	4
 491 01ce 87       		.byte	-121
 492 01cf 02       		.byte	2
 493 01d0 90       		.byte	-112
 494 01d1 01       		.byte	1
 495 01d2 91       		.byte	-111
 496 01d3 01       		.byte	1
 497 01d4 92       		.byte	-110
 498 01d5 02       		.byte	2
 499 01d6 93       		.byte	-109
 500 01d7 02       		.byte	2
 501 01d8 9A       		.byte	-102
 502 01d9 01       		.byte	1
 503 01da 9D       		.byte	-99
 504 01db 01       		.byte	1
 505 01dc 9F       		.byte	-97
 506 01dd 02       		.byte	2
 507 01de A1       		.byte	-95
 508 01df 02       		.byte	2
 509 01e0 A3       		.byte	-93
 510 01e1 01       		.byte	1
 511 01e2 AA       		.byte	-86
 512 01e3 08       		.byte	8
 513 01e4 AD       		.byte	-83
ARM GAS  C:\Users\adria\AppData\Local\Temp\cc2uqve0.s 			page 10


 514 01e5 01       		.byte	1
 515 01e6 AF       		.byte	-81
 516 01e7 02       		.byte	2
 517 01e8 B0       		.byte	-80
 518 01e9 04       		.byte	4
 519 01ea B2       		.byte	-78
 520 01eb 01       		.byte	1
 521 01ec B4       		.byte	-76
 522 01ed 02       		.byte	2
 523 01ee B6       		.byte	-74
 524 01ef 08       		.byte	8
 525 01f0 B7       		.byte	-73
 526 01f1 03       		.byte	3
 527 01f2 BB       		.byte	-69
 528 01f3 80       		.byte	-128
 529 01f4 D6       		.byte	-42
 530 01f5 04       		.byte	4
 531 01f6 D8       		.byte	-40
 532 01f7 04       		.byte	4
 533 01f8 D9       		.byte	-39
 534 01f9 04       		.byte	4
 535 01fa DB       		.byte	-37
 536 01fb 04       		.byte	4
 537 01fc DC       		.byte	-36
 538 01fd 02       		.byte	2
 539 01fe DF       		.byte	-33
 540 01ff 01       		.byte	1
 541 0200 01       		.byte	1
 542 0201 08       		.byte	8
 543 0202 02       		.byte	2
 544 0203 40       		.byte	64
 545 0204 03       		.byte	3
 546 0205 80       		.byte	-128
 547 0206 04       		.byte	4
 548 0207 56       		.byte	86
 549 0208 07       		.byte	7
 550 0209 04       		.byte	4
 551 020a 0A       		.byte	10
 552 020b 88       		.byte	-120
 553 020c 0C       		.byte	12
 554 020d 80       		.byte	-128
 555 020e 0E       		.byte	14
 556 020f 20       		.byte	32
 557 0210 0F       		.byte	15
 558 0211 08       		.byte	8
 559 0212 13       		.byte	19
 560 0213 20       		.byte	32
 561 0214 14       		.byte	20
 562 0215 20       		.byte	32
 563 0216 15       		.byte	21
 564 0217 80       		.byte	-128
 565 0218 16       		.byte	22
 566 0219 81       		.byte	-127
 567 021a 17       		.byte	23
 568 021b 10       		.byte	16
 569 021c 19       		.byte	25
 570 021d 44       		.byte	68
ARM GAS  C:\Users\adria\AppData\Local\Temp\cc2uqve0.s 			page 11


 571 021e 1A       		.byte	26
 572 021f 88       		.byte	-120
 573 0220 1C       		.byte	28
 574 0221 C4       		.byte	-60
 575 0222 1E       		.byte	30
 576 0223 20       		.byte	32
 577 0224 1F       		.byte	31
 578 0225 80       		.byte	-128
 579 0226 21       		.byte	33
 580 0227 40       		.byte	64
 581 0228 25       		.byte	37
 582 0229 A0       		.byte	-96
 583 022a 28       		.byte	40
 584 022b 01       		.byte	1
 585 022c 2A       		.byte	42
 586 022d 01       		.byte	1
 587 022e 2F       		.byte	47
 588 022f 80       		.byte	-128
 589 0230 31       		.byte	49
 590 0231 82       		.byte	-126
 591 0232 34       		.byte	52
 592 0233 01       		.byte	1
 593 0234 37       		.byte	55
 594 0235 10       		.byte	16
 595 0236 38       		.byte	56
 596 0237 08       		.byte	8
 597 0238 3E       		.byte	62
 598 0239 02       		.byte	2
 599 023a 59       		.byte	89
 600 023b 44       		.byte	68
 601 023c 5A       		.byte	90
 602 023d 10       		.byte	16
 603 023e 5E       		.byte	94
 604 023f 40       		.byte	64
 605 0240 5F       		.byte	95
 606 0241 05       		.byte	5
 607 0242 62       		.byte	98
 608 0243 02       		.byte	2
 609 0244 74       		.byte	116
 610 0245 80       		.byte	-128
 611 0246 76       		.byte	118
 612 0247 82       		.byte	-126
 613 0248 77       		.byte	119
 614 0249 01       		.byte	1
 615 024a 7C       		.byte	124
 616 024b 10       		.byte	16
 617 024c 80       		.byte	-128
 618 024d 20       		.byte	32
 619 024e 83       		.byte	-125
 620 024f 80       		.byte	-128
 621 0250 90       		.byte	-112
 622 0251 08       		.byte	8
 623 0252 91       		.byte	-111
 624 0253 08       		.byte	8
 625 0254 93       		.byte	-109
 626 0255 05       		.byte	5
 627 0256 94       		.byte	-108
ARM GAS  C:\Users\adria\AppData\Local\Temp\cc2uqve0.s 			page 12


 628 0257 A0       		.byte	-96
 629 0258 98       		.byte	-104
 630 0259 01       		.byte	1
 631 025a 9A       		.byte	-102
 632 025b 08       		.byte	8
 633 025c 9F       		.byte	-97
 634 025d 04       		.byte	4
 635 025e A1       		.byte	-95
 636 025f 02       		.byte	2
 637 0260 A3       		.byte	-93
 638 0261 04       		.byte	4
 639 0262 A5       		.byte	-91
 640 0263 A0       		.byte	-96
 641 0264 C0       		.byte	-64
 642 0265 F4       		.byte	-12
 643 0266 C2       		.byte	-62
 644 0267 EA       		.byte	-22
 645 0268 C4       		.byte	-60
 646 0269 F2       		.byte	-14
 647 026a CA       		.byte	-54
 648 026b 89       		.byte	-119
 649 026c CC       		.byte	-52
 650 026d A9       		.byte	-87
 651 026e CE       		.byte	-50
 652 026f 82       		.byte	-126
 653 0270 D6       		.byte	-42
 654 0271 DE       		.byte	-34
 655 0272 D8       		.byte	-40
 656 0273 01       		.byte	1
 657 0274 DE       		.byte	-34
 658 0275 20       		.byte	32
 659 0276 E0       		.byte	-32
 660 0277 20       		.byte	32
 661 0278 E8       		.byte	-24
 662 0279 04       		.byte	4
 663 027a EC       		.byte	-20
 664 027b 04       		.byte	4
 665 027c E2       		.byte	-30
 666 027d 80       		.byte	-128
 667 027e 0B       		.byte	11
 668 027f 01       		.byte	1
 669 0280 12       		.byte	18
 670 0281 01       		.byte	1
 671 0282 13       		.byte	19
 672 0283 02       		.byte	2
 673 0284 17       		.byte	23
 674 0285 02       		.byte	2
 675 0286 1E       		.byte	30
 676 0287 01       		.byte	1
 677 0288 1F       		.byte	31
 678 0289 02       		.byte	2
 679 028a 2A       		.byte	42
 680 028b 01       		.byte	1
 681 028c 2E       		.byte	46
 682 028d 01       		.byte	1
 683 028e 2F       		.byte	47
 684 028f 02       		.byte	2
ARM GAS  C:\Users\adria\AppData\Local\Temp\cc2uqve0.s 			page 13


 685 0290 33       		.byte	51
 686 0291 01       		.byte	1
 687 0292 34       		.byte	52
 688 0293 01       		.byte	1
 689 0294 37       		.byte	55
 690 0295 02       		.byte	2
 691 0296 3F       		.byte	63
 692 0297 40       		.byte	64
 693 0298 40       		.byte	64
 694 0299 64       		.byte	100
 695 029a 41       		.byte	65
 696 029b 02       		.byte	2
 697 029c 45       		.byte	69
 698 029d EC       		.byte	-20
 699 029e 47       		.byte	71
 700 029f 20       		.byte	32
 701 02a0 48       		.byte	72
 702 02a1 23       		.byte	35
 703 02a2 49       		.byte	73
 704 02a3 FF       		.byte	-1
 705 02a4 4A       		.byte	74
 706 02a5 FF       		.byte	-1
 707 02a6 4B       		.byte	75
 708 02a7 FF       		.byte	-1
 709 02a8 4F       		.byte	79
 710 02a9 01       		.byte	1
 711 02aa 50       		.byte	80
 712 02ab 18       		.byte	24
 713 02ac 54       		.byte	84
 714 02ad 01       		.byte	1
 715 02ae 58       		.byte	88
 716 02af 04       		.byte	4
 717 02b0 59       		.byte	89
 718 02b1 04       		.byte	4
 719 02b2 5A       		.byte	90
 720 02b3 04       		.byte	4
 721 02b4 5B       		.byte	91
 722 02b5 04       		.byte	4
 723 02b6 5C       		.byte	92
 724 02b7 01       		.byte	1
 725 02b8 5D       		.byte	93
 726 02b9 11       		.byte	17
 727 02ba 5F       		.byte	95
 728 02bb 05       		.byte	5
 729 02bc 60       		.byte	96
 730 02bd 40       		.byte	64
 731 02be 62       		.byte	98
 732 02bf 40       		.byte	64
 733 02c0 64       		.byte	100
 734 02c1 40       		.byte	64
 735 02c2 65       		.byte	101
 736 02c3 40       		.byte	64
 737 02c4 66       		.byte	102
 738 02c5 80       		.byte	-128
 739 02c6 68       		.byte	104
 740 02c7 80       		.byte	-128
 741 02c8 6A       		.byte	106
ARM GAS  C:\Users\adria\AppData\Local\Temp\cc2uqve0.s 			page 14


 742 02c9 80       		.byte	-128
 743 02ca 6C       		.byte	108
 744 02cb 80       		.byte	-128
 745 02cc 6E       		.byte	110
 746 02cd 80       		.byte	-128
 747 02ce 82       		.byte	-126
 748 02cf 07       		.byte	7
 749 02d0 84       		.byte	-124
 750 02d1 07       		.byte	7
 751 02d2 85       		.byte	-123
 752 02d3 06       		.byte	6
 753 02d4 88       		.byte	-120
 754 02d5 01       		.byte	1
 755 02d6 8E       		.byte	-114
 756 02d7 07       		.byte	7
 757 02d8 8F       		.byte	-113
 758 02d9 02       		.byte	2
 759 02da 92       		.byte	-110
 760 02db 07       		.byte	7
 761 02dc 93       		.byte	-109
 762 02dd 01       		.byte	1
 763 02de 97       		.byte	-105
 764 02df 02       		.byte	2
 765 02e0 98       		.byte	-104
 766 02e1 02       		.byte	2
 767 02e2 9B       		.byte	-101
 768 02e3 04       		.byte	4
 769 02e4 A0       		.byte	-96
 770 02e5 04       		.byte	4
 771 02e6 A3       		.byte	-93
 772 02e7 02       		.byte	2
 773 02e8 A4       		.byte	-92
 774 02e9 07       		.byte	7
 775 02ea AB       		.byte	-85
 776 02eb 02       		.byte	2
 777 02ec AF       		.byte	-81
 778 02ed 02       		.byte	2
 779 02ee B2       		.byte	-78
 780 02ef 07       		.byte	7
 781 02f0 B3       		.byte	-77
 782 02f1 01       		.byte	1
 783 02f2 B5       		.byte	-75
 784 02f3 06       		.byte	6
 785 02f4 D8       		.byte	-40
 786 02f5 04       		.byte	4
 787 02f6 D9       		.byte	-39
 788 02f7 04       		.byte	4
 789 02f8 DB       		.byte	-37
 790 02f9 04       		.byte	4
 791 02fa DC       		.byte	-36
 792 02fb 11       		.byte	17
 793 02fc DF       		.byte	-33
 794 02fd 01       		.byte	1
 795 02fe 04       		.byte	4
 796 02ff 14       		.byte	20
 797 0300 05       		.byte	5
 798 0301 42       		.byte	66
ARM GAS  C:\Users\adria\AppData\Local\Temp\cc2uqve0.s 			page 15


 799 0302 08       		.byte	8
 800 0303 41       		.byte	65
 801 0304 0C       		.byte	12
 802 0305 01       		.byte	1
 803 0306 0E       		.byte	14
 804 0307 48       		.byte	72
 805 0308 10       		.byte	16
 806 0309 02       		.byte	2
 807 030a 12       		.byte	18
 808 030b 08       		.byte	8
 809 030c 15       		.byte	21
 810 030d 02       		.byte	2
 811 030e 17       		.byte	23
 812 030f 04       		.byte	4
 813 0310 18       		.byte	24
 814 0311 04       		.byte	4
 815 0312 1B       		.byte	27
 816 0313 20       		.byte	32
 817 0314 1C       		.byte	28
 818 0315 10       		.byte	16
 819 0316 1F       		.byte	31
 820 0317 08       		.byte	8
 821 0318 21       		.byte	33
 822 0319 08       		.byte	8
 823 031a 22       		.byte	34
 824 031b 40       		.byte	64
 825 031c 26       		.byte	38
 826 031d 2C       		.byte	44
 827 031e 27       		.byte	39
 828 031f 04       		.byte	4
 829 0320 2B       		.byte	43
 830 0321 02       		.byte	2
 831 0322 2C       		.byte	44
 832 0323 40       		.byte	64
 833 0324 2F       		.byte	47
 834 0325 0A       		.byte	10
 835 0326 30       		.byte	48
 836 0327 41       		.byte	65
 837 0328 31       		.byte	49
 838 0329 40       		.byte	64
 839 032a 32       		.byte	50
 840 032b 09       		.byte	9
 841 032c 35       		.byte	53
 842 032d 02       		.byte	2
 843 032e 36       		.byte	54
 844 032f 28       		.byte	40
 845 0330 39       		.byte	57
 846 0331 20       		.byte	32
 847 0332 3C       		.byte	60
 848 0333 04       		.byte	4
 849 0334 3E       		.byte	62
 850 0335 40       		.byte	64
 851 0336 40       		.byte	64
 852 0337 04       		.byte	4
 853 0338 41       		.byte	65
 854 0339 02       		.byte	2
 855 033a 49       		.byte	73
ARM GAS  C:\Users\adria\AppData\Local\Temp\cc2uqve0.s 			page 16


 856 033b 15       		.byte	21
 857 033c 50       		.byte	80
 858 033d 02       		.byte	2
 859 033e 51       		.byte	81
 860 033f 03       		.byte	3
 861 0340 53       		.byte	83
 862 0341 02       		.byte	2
 863 0342 59       		.byte	89
 864 0343 05       		.byte	5
 865 0344 5A       		.byte	90
 866 0345 80       		.byte	-128
 867 0346 6C       		.byte	108
 868 0347 20       		.byte	32
 869 0348 6E       		.byte	110
 870 0349 A0       		.byte	-96
 871 034a 6F       		.byte	111
 872 034b 40       		.byte	64
 873 034c 74       		.byte	116
 874 034d 90       		.byte	-112
 875 034e 7B       		.byte	123
 876 034f 20       		.byte	32
 877 0350 83       		.byte	-125
 878 0351 10       		.byte	16
 879 0352 84       		.byte	-124
 880 0353 10       		.byte	16
 881 0354 86       		.byte	-122
 882 0355 50       		.byte	80
 883 0356 8C       		.byte	-116
 884 0357 A0       		.byte	-96
 885 0358 8F       		.byte	-113
 886 0359 40       		.byte	64
 887 035a 91       		.byte	-111
 888 035b 20       		.byte	32
 889 035c 92       		.byte	-110
 890 035d 02       		.byte	2
 891 035e 94       		.byte	-108
 892 035f 14       		.byte	20
 893 0360 99       		.byte	-103
 894 0361 52       		.byte	82
 895 0362 A5       		.byte	-91
 896 0363 08       		.byte	8
 897 0364 A7       		.byte	-89
 898 0365 10       		.byte	16
 899 0366 A8       		.byte	-88
 900 0367 40       		.byte	64
 901 0368 A9       		.byte	-87
 902 0369 08       		.byte	8
 903 036a AB       		.byte	-85
 904 036b 01       		.byte	1
 905 036c AF       		.byte	-81
 906 036d 20       		.byte	32
 907 036e B1       		.byte	-79
 908 036f 10       		.byte	16
 909 0370 B4       		.byte	-76
 910 0371 40       		.byte	64
 911 0372 C0       		.byte	-64
 912 0373 F0       		.byte	-16
ARM GAS  C:\Users\adria\AppData\Local\Temp\cc2uqve0.s 			page 17


 913 0374 C2       		.byte	-62
 914 0375 59       		.byte	89
 915 0376 C4       		.byte	-60
 916 0377 33       		.byte	51
 917 0378 CA       		.byte	-54
 918 0379 B8       		.byte	-72
 919 037a CC       		.byte	-52
 920 037b EB       		.byte	-21
 921 037c CE       		.byte	-50
 922 037d 54       		.byte	84
 923 037e D0       		.byte	-48
 924 037f 05       		.byte	5
 925 0380 D2       		.byte	-46
 926 0381 04       		.byte	4
 927 0382 D6       		.byte	-42
 928 0383 0B       		.byte	11
 929 0384 DE       		.byte	-34
 930 0385 02       		.byte	2
 931 0386 E2       		.byte	-30
 932 0387 10       		.byte	16
 933 0388 E6       		.byte	-26
 934 0389 50       		.byte	80
 935 038a EA       		.byte	-22
 936 038b 01       		.byte	1
 937 038c 02       		.byte	2
 938 038d 04       		.byte	4
 939 038e 0A       		.byte	10
 940 038f 01       		.byte	1
 941 0390 0D       		.byte	13
 942 0391 1C       		.byte	28
 943 0392 0E       		.byte	14
 944 0393 01       		.byte	1
 945 0394 12       		.byte	18
 946 0395 04       		.byte	4
 947 0396 13       		.byte	19
 948 0397 1E       		.byte	30
 949 0398 15       		.byte	21
 950 0399 1C       		.byte	28
 951 039a 16       		.byte	22
 952 039b 02       		.byte	2
 953 039c 19       		.byte	25
 954 039d 04       		.byte	4
 955 039e 1A       		.byte	26
 956 039f 04       		.byte	4
 957 03a0 1D       		.byte	29
 958 03a1 08       		.byte	8
 959 03a2 1E       		.byte	30
 960 03a3 01       		.byte	1
 961 03a4 1F       		.byte	31
 962 03a5 02       		.byte	2
 963 03a6 22       		.byte	34
 964 03a7 04       		.byte	4
 965 03a8 23       		.byte	35
 966 03a9 1E       		.byte	30
 967 03aa 25       		.byte	37
 968 03ab 10       		.byte	16
 969 03ac 27       		.byte	39
ARM GAS  C:\Users\adria\AppData\Local\Temp\cc2uqve0.s 			page 18


 970 03ad 02       		.byte	2
 971 03ae 2F       		.byte	47
 972 03af 1D       		.byte	29
 973 03b0 30       		.byte	48
 974 03b1 04       		.byte	4
 975 03b2 32       		.byte	50
 976 03b3 02       		.byte	2
 977 03b4 33       		.byte	51
 978 03b5 1C       		.byte	28
 979 03b6 34       		.byte	52
 980 03b7 01       		.byte	1
 981 03b8 35       		.byte	53
 982 03b9 02       		.byte	2
 983 03ba 37       		.byte	55
 984 03bb 01       		.byte	1
 985 03bc 3E       		.byte	62
 986 03bd 11       		.byte	17
 987 03be 52       		.byte	82
 988 03bf 90       		.byte	-112
 989 03c0 58       		.byte	88
 990 03c1 04       		.byte	4
 991 03c2 59       		.byte	89
 992 03c3 04       		.byte	4
 993 03c4 5B       		.byte	91
 994 03c5 04       		.byte	4
 995 03c6 5C       		.byte	92
 996 03c7 12       		.byte	18
 997 03c8 5D       		.byte	93
 998 03c9 10       		.byte	16
 999 03ca 5F       		.byte	95
 1000 03cb 01       		.byte	1
 1001 03cc 81       		.byte	-127
 1002 03cd 08       		.byte	8
 1003 03ce 82       		.byte	-126
 1004 03cf 1B       		.byte	27
 1005 03d0 84       		.byte	-124
 1006 03d1 1B       		.byte	27
 1007 03d2 85       		.byte	-123
 1008 03d3 02       		.byte	2
 1009 03d4 87       		.byte	-121
 1010 03d5 05       		.byte	5
 1011 03d6 8B       		.byte	-117
 1012 03d7 08       		.byte	8
 1013 03d8 8D       		.byte	-115
 1014 03d9 02       		.byte	2
 1015 03da 8E       		.byte	-114
 1016 03db 1B       		.byte	27
 1017 03dc 8F       		.byte	-113
 1018 03dd 01       		.byte	1
 1019 03de 90       		.byte	-112
 1020 03df 01       		.byte	1
 1021 03e0 92       		.byte	-110
 1022 03e1 08       		.byte	8
 1023 03e2 95       		.byte	-107
 1024 03e3 02       		.byte	2
 1025 03e4 97       		.byte	-105
 1026 03e5 01       		.byte	1
ARM GAS  C:\Users\adria\AppData\Local\Temp\cc2uqve0.s 			page 19


 1027 03e6 99       		.byte	-103
 1028 03e7 02       		.byte	2
 1029 03e8 9A       		.byte	-102
 1030 03e9 02       		.byte	2
 1031 03ea 9B       		.byte	-101
 1032 03eb 01       		.byte	1
 1033 03ec 9C       		.byte	-100
 1034 03ed 08       		.byte	8
 1035 03ee 9D       		.byte	-99
 1036 03ef 01       		.byte	1
 1037 03f0 9E       		.byte	-98
 1038 03f1 05       		.byte	5
 1039 03f2 9F       		.byte	-97
 1040 03f3 02       		.byte	2
 1041 03f4 A2       		.byte	-94
 1042 03f5 10       		.byte	16
 1043 03f6 A7       		.byte	-89
 1044 03f7 08       		.byte	8
 1045 03f8 B0       		.byte	-80
 1046 03f9 04       		.byte	4
 1047 03fa B3       		.byte	-77
 1048 03fb 08       		.byte	8
 1049 03fc B4       		.byte	-76
 1050 03fd 03       		.byte	3
 1051 03fe B5       		.byte	-75
 1052 03ff 04       		.byte	4
 1053 0400 B6       		.byte	-74
 1054 0401 18       		.byte	24
 1055 0402 B7       		.byte	-73
 1056 0403 03       		.byte	3
 1057 0404 BB       		.byte	-69
 1058 0405 80       		.byte	-128
 1059 0406 BF       		.byte	-65
 1060 0407 04       		.byte	4
 1061 0408 D8       		.byte	-40
 1062 0409 04       		.byte	4
 1063 040a D9       		.byte	-39
 1064 040b 04       		.byte	4
 1065 040c DC       		.byte	-36
 1066 040d 01       		.byte	1
 1067 040e DF       		.byte	-33
 1068 040f 01       		.byte	1
 1069 0410 00       		.byte	0
 1070 0411 04       		.byte	4
 1071 0412 01       		.byte	1
 1072 0413 82       		.byte	-126
 1073 0414 04       		.byte	4
 1074 0415 10       		.byte	16
 1075 0416 05       		.byte	5
 1076 0417 80       		.byte	-128
 1077 0418 06       		.byte	6
 1078 0419 40       		.byte	64
 1079 041a 09       		.byte	9
 1080 041b 80       		.byte	-128
 1081 041c 0A       		.byte	10
 1082 041d 88       		.byte	-120
 1083 041e 0C       		.byte	12
ARM GAS  C:\Users\adria\AppData\Local\Temp\cc2uqve0.s 			page 20


 1084 041f 50       		.byte	80
 1085 0420 0E       		.byte	14
 1086 0421 81       		.byte	-127
 1087 0422 0F       		.byte	15
 1088 0423 28       		.byte	40
 1089 0424 10       		.byte	16
 1090 0425 40       		.byte	64
 1091 0426 17       		.byte	23
 1092 0427 01       		.byte	1
 1093 0428 1A       		.byte	26
 1094 0429 8B       		.byte	-117
 1095 042a 1D       		.byte	29
 1096 042b 10       		.byte	16
 1097 042c 1E       		.byte	30
 1098 042d 50       		.byte	80
 1099 042e 21       		.byte	33
 1100 042f B0       		.byte	-80
 1101 0430 22       		.byte	34
 1102 0431 08       		.byte	8
 1103 0432 24       		.byte	36
 1104 0433 02       		.byte	2
 1105 0434 26       		.byte	38
 1106 0435 40       		.byte	64
 1107 0436 27       		.byte	39
 1108 0437 14       		.byte	20
 1109 0438 2A       		.byte	42
 1110 0439 08       		.byte	8
 1111 043a 2C       		.byte	44
 1112 043b 10       		.byte	16
 1113 043c 2E       		.byte	46
 1114 043d 80       		.byte	-128
 1115 043e 2F       		.byte	47
 1116 043f 80       		.byte	-128
 1117 0440 31       		.byte	49
 1118 0441 A8       		.byte	-88
 1119 0442 36       		.byte	54
 1120 0443 40       		.byte	64
 1121 0444 37       		.byte	55
 1122 0445 15       		.byte	21
 1123 0446 38       		.byte	56
 1124 0447 60       		.byte	96
 1125 0448 39       		.byte	57
 1126 0449 18       		.byte	24
 1127 044a 3B       		.byte	59
 1128 044b 01       		.byte	1
 1129 044c 3C       		.byte	60
 1130 044d 80       		.byte	-128
 1131 044e 75       		.byte	117
 1132 044f C2       		.byte	-62
 1133 0450 80       		.byte	-128
 1134 0451 04       		.byte	4
 1135 0452 86       		.byte	-122
 1136 0453 08       		.byte	8
 1137 0454 91       		.byte	-111
 1138 0455 08       		.byte	8
 1139 0456 94       		.byte	-108
 1140 0457 A2       		.byte	-94
ARM GAS  C:\Users\adria\AppData\Local\Temp\cc2uqve0.s 			page 21


 1141 0458 96       		.byte	-106
 1142 0459 50       		.byte	80
 1143 045a 9A       		.byte	-102
 1144 045b C8       		.byte	-56
 1145 045c 9B       		.byte	-101
 1146 045d 01       		.byte	1
 1147 045e 9D       		.byte	-99
 1148 045f 08       		.byte	8
 1149 0460 9F       		.byte	-97
 1150 0461 34       		.byte	52
 1151 0462 A0       		.byte	-96
 1152 0463 40       		.byte	64
 1153 0464 A3       		.byte	-93
 1154 0465 84       		.byte	-124
 1155 0466 AA       		.byte	-86
 1156 0467 02       		.byte	2
 1157 0468 C0       		.byte	-64
 1158 0469 DD       		.byte	-35
 1159 046a C2       		.byte	-62
 1160 046b FB       		.byte	-5
 1161 046c C4       		.byte	-60
 1162 046d 18       		.byte	24
 1163 046e CA       		.byte	-54
 1164 046f D2       		.byte	-46
 1165 0470 CC       		.byte	-52
 1166 0471 FE       		.byte	-2
 1167 0472 CE       		.byte	-50
 1168 0473 1F       		.byte	31
 1169 0474 E0       		.byte	-32
 1170 0475 08       		.byte	8
 1171 0476 E0       		.byte	-32
 1172 0477 08       		.byte	8
 1173 0478 EA       		.byte	-22
 1174 0479 C1       		.byte	-63
 1175 047a 31       		.byte	49
 1176 047b 02       		.byte	2
 1177 047c 32       		.byte	50
 1178 047d 80       		.byte	-128
 1179 047e 35       		.byte	53
 1180 047f 80       		.byte	-128
 1181 0480 CC       		.byte	-52
 1182 0481 70       		.byte	112
 1183 0482 07       		.byte	7
 1184 0483 20       		.byte	32
 1185 0484 08       		.byte	8
 1186 0485 40       		.byte	64
 1187 0486 0E       		.byte	14
 1188 0487 10       		.byte	16
 1189 0488 50       		.byte	80
 1190 0489 20       		.byte	32
 1191 048a 5B       		.byte	91
 1192 048b 02       		.byte	2
 1193 048c 5C       		.byte	92
 1194 048d 40       		.byte	64
 1195 048e 66       		.byte	102
 1196 048f 08       		.byte	8
 1197 0490 80       		.byte	-128
ARM GAS  C:\Users\adria\AppData\Local\Temp\cc2uqve0.s 			page 22


 1198 0491 40       		.byte	64
 1199 0492 84       		.byte	-124
 1200 0493 40       		.byte	64
 1201 0494 8A       		.byte	-118
 1202 0495 08       		.byte	8
 1203 0496 8F       		.byte	-113
 1204 0497 02       		.byte	2
 1205 0498 9D       		.byte	-99
 1206 0499 80       		.byte	-128
 1207 049a A5       		.byte	-91
 1208 049b 02       		.byte	2
 1209 049c A6       		.byte	-90
 1210 049d 80       		.byte	-128
 1211 049e C0       		.byte	-64
 1212 049f 20       		.byte	32
 1213 04a0 C2       		.byte	-62
 1214 04a1 60       		.byte	96
 1215 04a2 D4       		.byte	-44
 1216 04a3 20       		.byte	32
 1217 04a4 D6       		.byte	-42
 1218 04a5 60       		.byte	96
 1219 04a6 D8       		.byte	-40
 1220 04a7 80       		.byte	-128
 1221 04a8 E4       		.byte	-28
 1222 04a9 10       		.byte	16
 1223 04aa E6       		.byte	-26
 1224 04ab 20       		.byte	32
 1225 04ac 87       		.byte	-121
 1226 04ad 20       		.byte	32
 1227 04ae 9B       		.byte	-101
 1228 04af 20       		.byte	32
 1229 04b0 9D       		.byte	-99
 1230 04b1 80       		.byte	-128
 1231 04b2 A5       		.byte	-91
 1232 04b3 02       		.byte	2
 1233 04b4 B0       		.byte	-80
 1234 04b5 20       		.byte	32
 1235 04b6 B2       		.byte	-78
 1236 04b7 80       		.byte	-128
 1237 04b8 B6       		.byte	-74
 1238 04b9 10       		.byte	16
 1239 04ba E0       		.byte	-32
 1240 04bb 40       		.byte	64
 1241 04bc 9D       		.byte	-99
 1242 04bd 80       		.byte	-128
 1243 04be A5       		.byte	-91
 1244 04bf 02       		.byte	2
 1245 04c0 51       		.byte	81
 1246 04c1 20       		.byte	32
 1247 04c2 53       		.byte	83
 1248 04c3 02       		.byte	2
 1249 04c4 5C       		.byte	92
 1250 04c5 40       		.byte	64
 1251 04c6 88       		.byte	-120
 1252 04c7 08       		.byte	8
 1253 04c8 D4       		.byte	-44
 1254 04c9 05       		.byte	5
ARM GAS  C:\Users\adria\AppData\Local\Temp\cc2uqve0.s 			page 23


 1255 04ca D6       		.byte	-42
 1256 04cb 04       		.byte	4
 1257 04cc E2       		.byte	-30
 1258 04cd 01       		.byte	1
 1259 04ce 88       		.byte	-120
 1260 04cf 80       		.byte	-128
 1261 04d0 9C       		.byte	-100
 1262 04d1 08       		.byte	8
 1263 04d2 A5       		.byte	-91
 1264 04d3 20       		.byte	32
 1265 04d4 A8       		.byte	-88
 1266 04d5 40       		.byte	64
 1267 04d6 AB       		.byte	-85
 1268 04d7 02       		.byte	2
 1269 04d8 E0       		.byte	-32
 1270 04d9 04       		.byte	4
 1271 04da 98       		.byte	-104
 1272 04db 80       		.byte	-128
 1273 04dc 9C       		.byte	-100
 1274 04dd 08       		.byte	8
 1275 04de A5       		.byte	-91
 1276 04df 20       		.byte	32
 1277 04e0 03       		.byte	3
 1278 04e1 20       		.byte	32
 1279 04e2 81       		.byte	-127
 1280 04e3 80       		.byte	-128
 1281 04e4 9D       		.byte	-99
 1282 04e5 80       		.byte	-128
 1283 04e6 A9       		.byte	-87
 1284 04e7 02       		.byte	2
 1285 04e8 C0       		.byte	-64
 1286 04e9 10       		.byte	16
 1287 04ea E2       		.byte	-30
 1288 04eb 20       		.byte	32
 1289 04ec EA       		.byte	-22
 1290 04ed 80       		.byte	-128
 1291 04ee 02       		.byte	2
 1292 04ef 10       		.byte	16
 1293 04f0 07       		.byte	7
 1294 04f1 40       		.byte	64
 1295 04f2 51       		.byte	81
 1296 04f3 20       		.byte	32
 1297 04f4 56       		.byte	86
 1298 04f5 20       		.byte	32
 1299 04f6 5F       		.byte	95
 1300 04f7 02       		.byte	2
 1301 04f8 62       		.byte	98
 1302 04f9 04       		.byte	4
 1303 04fa 63       		.byte	99
 1304 04fb 02       		.byte	2
 1305 04fc 64       		.byte	100
 1306 04fd 10       		.byte	16
 1307 04fe 83       		.byte	-125
 1308 04ff 40       		.byte	64
 1309 0500 84       		.byte	-124
 1310 0501 10       		.byte	16
 1311 0502 85       		.byte	-123
ARM GAS  C:\Users\adria\AppData\Local\Temp\cc2uqve0.s 			page 24


 1312 0503 20       		.byte	32
 1313 0504 87       		.byte	-121
 1314 0505 01       		.byte	1
 1315 0506 8E       		.byte	-114
 1316 0507 24       		.byte	36
 1317 0508 8F       		.byte	-113
 1318 0509 02       		.byte	2
 1319 050a 9E       		.byte	-98
 1320 050b 10       		.byte	16
 1321 050c AB       		.byte	-85
 1322 050d 20       		.byte	32
 1323 050e AE       		.byte	-82
 1324 050f 10       		.byte	16
 1325 0510 C0       		.byte	-64
 1326 0511 30       		.byte	48
 1327 0512 D4       		.byte	-44
 1328 0513 60       		.byte	96
 1329 0514 D6       		.byte	-42
 1330 0515 C0       		.byte	-64
 1331 0516 D8       		.byte	-40
 1332 0517 C0       		.byte	-64
 1333 0518 E2       		.byte	-30
 1334 0519 10       		.byte	16
 1335 051a E4       		.byte	-28
 1336 051b 80       		.byte	-128
 1337 051c E6       		.byte	-26
 1338 051d 50       		.byte	80
 1339 051e E8       		.byte	-24
 1340 051f 40       		.byte	64
 1341 0520 EC       		.byte	-20
 1342 0521 20       		.byte	32
 1343 0522 08       		.byte	8
 1344 0523 48       		.byte	72
 1345 0524 0F       		.byte	15
 1346 0525 01       		.byte	1
 1347 0526 60       		.byte	96
 1348 0527 80       		.byte	-128
 1349 0528 85       		.byte	-123
 1350 0529 20       		.byte	32
 1351 052a 98       		.byte	-104
 1352 052b 80       		.byte	-128
 1353 052c 9C       		.byte	-100
 1354 052d 08       		.byte	8
 1355 052e A5       		.byte	-91
 1356 052f 20       		.byte	32
 1357 0530 C2       		.byte	-62
 1358 0531 0B       		.byte	11
 1359 0532 D8       		.byte	-40
 1360 0533 02       		.byte	2
 1361 0534 AB       		.byte	-85
 1362 0535 01       		.byte	1
 1363 0536 B0       		.byte	-80
 1364 0537 40       		.byte	64
 1365 0538 B4       		.byte	-76
 1366 0539 08       		.byte	8
 1367 053a EA       		.byte	-22
 1368 053b 03       		.byte	3
ARM GAS  C:\Users\adria\AppData\Local\Temp\cc2uqve0.s 			page 25


 1369 053c 00       		.byte	0
 1370 053d 07       		.byte	7
 1371 053e 08       		.byte	8
 1372 053f 03       		.byte	3
 1373 0540 0A       		.byte	10
 1374 0541 07       		.byte	7
 1375 0542 10       		.byte	16
 1376 0543 07       		.byte	7
 1377 0544 1A       		.byte	26
 1378 0545 07       		.byte	7
 1379 0546 00       		.byte	0
 1380 0547 3F       		.byte	63
 1381 0548 80       		.byte	-128
 1382 0549 00       		.byte	0
 1383 054a FA       		.byte	-6
 1384 054b E3       		.byte	-29
 1385 054c 99       		.byte	-103
 1386 054d 00       		.byte	0
 1387 054e 99       		.byte	-103
 1388 054f 00       		.byte	0
 1389 0550 00       		.byte	0
 1390 0551 00       		.byte	0
 1391 0552 00       		.byte	0
 1392 0553 00       		.byte	0
 1393 0554 01       		.byte	1
 1394 0555 00       		.byte	0
 1395 0556 00       		.byte	0
 1396 0557 01       		.byte	1
 1397 0558 00       		.byte	0
 1398 0559 00       		.byte	0
 1399 055a 00       		.byte	0
 1400 055b 00       		.byte	0
 1401 055c 00       		.byte	0
 1402 055d 00       		.byte	0
 1403 055e 00       		.byte	0
 1404 055f 00       		.byte	0
 1405 0560 D0       		.byte	-48
 1406 0561 FB       		.byte	-5
 1407 0562 2B       		.byte	43
 1408 0563 00       		.byte	0
 1409 0564 20       		.byte	32
 1410 0565 00       		.byte	0
 1411 0566 00       		.byte	0
 1412 0567 00       		.byte	0
 1413 0568 01       		.byte	1
 1414 0569 00       		.byte	0
 1415 056a 07       		.byte	7
 1416 056b 01       		.byte	1
 1417 056c 07       		.byte	7
 1418 056d 00       		.byte	0
 1419 056e 07       		.byte	7
 1420 056f 00       		.byte	0
 1421 0570 00       		.byte	0
 1422 0571 00       		.byte	0
 1423 0572 00       		.byte	0
 1424 0573 00       		.byte	0
 1425 0574 03       		.byte	3
ARM GAS  C:\Users\adria\AppData\Local\Temp\cc2uqve0.s 			page 26


 1426 0575 00       		.byte	0
 1427 0576 00       		.byte	0
 1428 0577 FF       		.byte	-1
 1429 0578 FC       		.byte	-4
 1430 0579 00       		.byte	0
 1431 057a FC       		.byte	-4
 1432 057b 00       		.byte	0
 1433 057c 00       		.byte	0
 1434 057d 00       		.byte	0
 1435 057e 00       		.byte	0
 1436 057f 00       		.byte	0
 1437              		.section	.cywolatch,"a",%progbits
 1438              		.align	2
 1439              		.type	cy_meta_wonvl, %object
 1440              		.size	cy_meta_wonvl, 4
 1441              	cy_meta_wonvl:
 1442 0000 BC       		.byte	-68
 1443 0001 90       		.byte	-112
 1444 0002 AC       		.byte	-84
 1445 0003 AF       		.byte	-81
 1446              		.section	.cycustnvl,"a",%progbits
 1447              		.align	2
 1448              		.type	cy_meta_custnvl, %object
 1449              		.size	cy_meta_custnvl, 4
 1450              	cy_meta_custnvl:
 1451 0000 00       		.byte	0
 1452 0001 00       		.byte	0
 1453 0002 40       		.byte	64
 1454 0003 05       		.byte	5
 1455              		.section	.cymeta,"a",%progbits
 1456              		.align	2
 1457              		.type	cy_metadata, %object
 1458              		.size	cy_metadata, 12
 1459              	cy_metadata:
 1460 0000 00       		.byte	0
 1461 0001 01       		.byte	1
 1462 0002 2E       		.byte	46
 1463 0003 16       		.byte	22
 1464 0004 10       		.byte	16
 1465 0005 69       		.byte	105
 1466 0006 00       		.byte	0
 1467 0007 01       		.byte	1
 1468 0008 00       		.byte	0
 1469 0009 00       		.byte	0
 1470 000a 00       		.byte	0
 1471 000b 00       		.byte	0
 1472              		.section	.cyflashprotect,"a",%progbits
 1473              		.align	2
 1474              		.type	cy_meta_flashprotect, %object
 1475              		.size	cy_meta_flashprotect, 256
 1476              	cy_meta_flashprotect:
 1477 0000 00000000 		.space	256
 1477      00000000 
 1477      00000000 
 1477      00000000 
 1477      00000000 
 1478              		.text
ARM GAS  C:\Users\adria\AppData\Local\Temp\cc2uqve0.s 			page 27


 1479              	.Letext0:
 1480              		.file 1 "c:\\program files (x86)\\cypress\\psoc creator\\4.4\\psoc creator\\import\\gnu\\arm\\5.4.
 1481              		.file 2 "c:\\program files (x86)\\cypress\\psoc creator\\4.4\\psoc creator\\import\\gnu\\arm\\5.4.
 1482              		.file 3 "Generated_Source\\PSoC5\\cymetadata.c"
 1483              		.section	.debug_info,"",%progbits
 1484              	.Ldebug_info0:
 1485 0000 32010000 		.4byte	0x132
 1486 0004 0400     		.2byte	0x4
 1487 0006 00000000 		.4byte	.Ldebug_abbrev0
 1488 000a 04       		.byte	0x4
 1489 000b 01       		.uleb128 0x1
 1490 000c 24000000 		.4byte	.LASF17
 1491 0010 0C       		.byte	0xc
 1492 0011 CF010000 		.4byte	.LASF18
 1493 0015 06010000 		.4byte	.LASF19
 1494 0019 00000000 		.4byte	.Ldebug_line0
 1495 001d 02       		.uleb128 0x2
 1496 001e 01       		.byte	0x1
 1497 001f 06       		.byte	0x6
 1498 0020 C3010000 		.4byte	.LASF0
 1499 0024 03       		.uleb128 0x3
 1500 0025 00000000 		.4byte	.LASF9
 1501 0029 01       		.byte	0x1
 1502 002a 1D       		.byte	0x1d
 1503 002b 2F000000 		.4byte	0x2f
 1504 002f 02       		.uleb128 0x2
 1505 0030 01       		.byte	0x1
 1506 0031 08       		.byte	0x8
 1507 0032 16000000 		.4byte	.LASF1
 1508 0036 02       		.uleb128 0x2
 1509 0037 02       		.byte	0x2
 1510 0038 05       		.byte	0x5
 1511 0039 B0010000 		.4byte	.LASF2
 1512 003d 02       		.uleb128 0x2
 1513 003e 02       		.byte	0x2
 1514 003f 07       		.byte	0x7
 1515 0040 C4000000 		.4byte	.LASF3
 1516 0044 02       		.uleb128 0x2
 1517 0045 04       		.byte	0x4
 1518 0046 05       		.byte	0x5
 1519 0047 BA010000 		.4byte	.LASF4
 1520 004b 02       		.uleb128 0x2
 1521 004c 04       		.byte	0x4
 1522 004d 07       		.byte	0x7
 1523 004e B2000000 		.4byte	.LASF5
 1524 0052 02       		.uleb128 0x2
 1525 0053 08       		.byte	0x8
 1526 0054 05       		.byte	0x5
 1527 0055 A2010000 		.4byte	.LASF6
 1528 0059 02       		.uleb128 0x2
 1529 005a 08       		.byte	0x8
 1530 005b 07       		.byte	0x7
 1531 005c 57010000 		.4byte	.LASF7
 1532 0060 04       		.uleb128 0x4
 1533 0061 04       		.byte	0x4
 1534 0062 05       		.byte	0x5
 1535 0063 696E7400 		.ascii	"int\000"
ARM GAS  C:\Users\adria\AppData\Local\Temp\cc2uqve0.s 			page 28


 1536 0067 02       		.uleb128 0x2
 1537 0068 04       		.byte	0x4
 1538 0069 07       		.byte	0x7
 1539 006a F9000000 		.4byte	.LASF8
 1540 006e 03       		.uleb128 0x3
 1541 006f 6E010000 		.4byte	.LASF10
 1542 0073 02       		.byte	0x2
 1543 0074 18       		.byte	0x18
 1544 0075 24000000 		.4byte	0x24
 1545 0079 05       		.uleb128 0x5
 1546 007a 91000000 		.4byte	0x91
 1547 007e 8A000000 		.4byte	0x8a
 1548 0082 06       		.uleb128 0x6
 1549 0083 8A000000 		.4byte	0x8a
 1550 0087 7F05     		.2byte	0x57f
 1551 0089 00       		.byte	0
 1552 008a 02       		.uleb128 0x2
 1553 008b 04       		.byte	0x4
 1554 008c 07       		.byte	0x7
 1555 008d 99010000 		.4byte	.LASF11
 1556 0091 07       		.uleb128 0x7
 1557 0092 6E000000 		.4byte	0x6e
 1558 0096 08       		.uleb128 0x8
 1559 0097 E7000000 		.4byte	.LASF12
 1560 009b 03       		.byte	0x3
 1561 009c 1F       		.byte	0x1f
 1562 009d A7000000 		.4byte	0xa7
 1563 00a1 05       		.uleb128 0x5
 1564 00a2 03       		.byte	0x3
 1565 00a3 00000000 		.4byte	cy_meta_configecc
 1566 00a7 07       		.uleb128 0x7
 1567 00a8 79000000 		.4byte	0x79
 1568 00ac 05       		.uleb128 0x5
 1569 00ad 91000000 		.4byte	0x91
 1570 00b1 BC000000 		.4byte	0xbc
 1571 00b5 09       		.uleb128 0x9
 1572 00b6 8A000000 		.4byte	0x8a
 1573 00ba 03       		.byte	0x3
 1574 00bb 00       		.byte	0
 1575 00bc 08       		.uleb128 0x8
 1576 00bd D7000000 		.4byte	.LASF13
 1577 00c1 03       		.byte	0x3
 1578 00c2 DC       		.byte	0xdc
 1579 00c3 CD000000 		.4byte	0xcd
 1580 00c7 05       		.uleb128 0x5
 1581 00c8 03       		.byte	0x3
 1582 00c9 00000000 		.4byte	cy_meta_custnvl
 1583 00cd 07       		.uleb128 0x7
 1584 00ce AC000000 		.4byte	0xac
 1585 00d2 08       		.uleb128 0x8
 1586 00d3 8B010000 		.4byte	.LASF14
 1587 00d7 03       		.byte	0x3
 1588 00d8 EA       		.byte	0xea
 1589 00d9 E3000000 		.4byte	0xe3
 1590 00dd 05       		.uleb128 0x5
 1591 00de 03       		.byte	0x3
 1592 00df 00000000 		.4byte	cy_meta_wonvl
ARM GAS  C:\Users\adria\AppData\Local\Temp\cc2uqve0.s 			page 29


 1593 00e3 07       		.uleb128 0x7
 1594 00e4 AC000000 		.4byte	0xac
 1595 00e8 05       		.uleb128 0x5
 1596 00e9 91000000 		.4byte	0x91
 1597 00ed F8000000 		.4byte	0xf8
 1598 00f1 09       		.uleb128 0x9
 1599 00f2 8A000000 		.4byte	0x8a
 1600 00f6 FF       		.byte	0xff
 1601 00f7 00       		.byte	0
 1602 00f8 08       		.uleb128 0x8
 1603 00f9 76010000 		.4byte	.LASF15
 1604 00fd 03       		.byte	0x3
 1605 00fe F8       		.byte	0xf8
 1606 00ff 09010000 		.4byte	0x109
 1607 0103 05       		.uleb128 0x5
 1608 0104 03       		.byte	0x3
 1609 0105 00000000 		.4byte	cy_meta_flashprotect
 1610 0109 07       		.uleb128 0x7
 1611 010a E8000000 		.4byte	0xe8
 1612 010e 05       		.uleb128 0x5
 1613 010f 91000000 		.4byte	0x91
 1614 0113 1E010000 		.4byte	0x11e
 1615 0117 09       		.uleb128 0x9
 1616 0118 8A000000 		.4byte	0x8a
 1617 011c 0B       		.byte	0xb
 1618 011d 00       		.byte	0
 1619 011e 0A       		.uleb128 0xa
 1620 011f 0A000000 		.4byte	.LASF16
 1621 0123 03       		.byte	0x3
 1622 0124 2501     		.2byte	0x125
 1623 0126 30010000 		.4byte	0x130
 1624 012a 05       		.uleb128 0x5
 1625 012b 03       		.byte	0x3
 1626 012c 00000000 		.4byte	cy_metadata
 1627 0130 07       		.uleb128 0x7
 1628 0131 0E010000 		.4byte	0x10e
 1629 0135 00       		.byte	0
 1630              		.section	.debug_abbrev,"",%progbits
 1631              	.Ldebug_abbrev0:
 1632 0000 01       		.uleb128 0x1
 1633 0001 11       		.uleb128 0x11
 1634 0002 01       		.byte	0x1
 1635 0003 25       		.uleb128 0x25
 1636 0004 0E       		.uleb128 0xe
 1637 0005 13       		.uleb128 0x13
 1638 0006 0B       		.uleb128 0xb
 1639 0007 03       		.uleb128 0x3
 1640 0008 0E       		.uleb128 0xe
 1641 0009 1B       		.uleb128 0x1b
 1642 000a 0E       		.uleb128 0xe
 1643 000b 10       		.uleb128 0x10
 1644 000c 17       		.uleb128 0x17
 1645 000d 00       		.byte	0
 1646 000e 00       		.byte	0
 1647 000f 02       		.uleb128 0x2
 1648 0010 24       		.uleb128 0x24
 1649 0011 00       		.byte	0
ARM GAS  C:\Users\adria\AppData\Local\Temp\cc2uqve0.s 			page 30


 1650 0012 0B       		.uleb128 0xb
 1651 0013 0B       		.uleb128 0xb
 1652 0014 3E       		.uleb128 0x3e
 1653 0015 0B       		.uleb128 0xb
 1654 0016 03       		.uleb128 0x3
 1655 0017 0E       		.uleb128 0xe
 1656 0018 00       		.byte	0
 1657 0019 00       		.byte	0
 1658 001a 03       		.uleb128 0x3
 1659 001b 16       		.uleb128 0x16
 1660 001c 00       		.byte	0
 1661 001d 03       		.uleb128 0x3
 1662 001e 0E       		.uleb128 0xe
 1663 001f 3A       		.uleb128 0x3a
 1664 0020 0B       		.uleb128 0xb
 1665 0021 3B       		.uleb128 0x3b
 1666 0022 0B       		.uleb128 0xb
 1667 0023 49       		.uleb128 0x49
 1668 0024 13       		.uleb128 0x13
 1669 0025 00       		.byte	0
 1670 0026 00       		.byte	0
 1671 0027 04       		.uleb128 0x4
 1672 0028 24       		.uleb128 0x24
 1673 0029 00       		.byte	0
 1674 002a 0B       		.uleb128 0xb
 1675 002b 0B       		.uleb128 0xb
 1676 002c 3E       		.uleb128 0x3e
 1677 002d 0B       		.uleb128 0xb
 1678 002e 03       		.uleb128 0x3
 1679 002f 08       		.uleb128 0x8
 1680 0030 00       		.byte	0
 1681 0031 00       		.byte	0
 1682 0032 05       		.uleb128 0x5
 1683 0033 01       		.uleb128 0x1
 1684 0034 01       		.byte	0x1
 1685 0035 49       		.uleb128 0x49
 1686 0036 13       		.uleb128 0x13
 1687 0037 01       		.uleb128 0x1
 1688 0038 13       		.uleb128 0x13
 1689 0039 00       		.byte	0
 1690 003a 00       		.byte	0
 1691 003b 06       		.uleb128 0x6
 1692 003c 21       		.uleb128 0x21
 1693 003d 00       		.byte	0
 1694 003e 49       		.uleb128 0x49
 1695 003f 13       		.uleb128 0x13
 1696 0040 2F       		.uleb128 0x2f
 1697 0041 05       		.uleb128 0x5
 1698 0042 00       		.byte	0
 1699 0043 00       		.byte	0
 1700 0044 07       		.uleb128 0x7
 1701 0045 26       		.uleb128 0x26
 1702 0046 00       		.byte	0
 1703 0047 49       		.uleb128 0x49
 1704 0048 13       		.uleb128 0x13
 1705 0049 00       		.byte	0
 1706 004a 00       		.byte	0
ARM GAS  C:\Users\adria\AppData\Local\Temp\cc2uqve0.s 			page 31


 1707 004b 08       		.uleb128 0x8
 1708 004c 34       		.uleb128 0x34
 1709 004d 00       		.byte	0
 1710 004e 03       		.uleb128 0x3
 1711 004f 0E       		.uleb128 0xe
 1712 0050 3A       		.uleb128 0x3a
 1713 0051 0B       		.uleb128 0xb
 1714 0052 3B       		.uleb128 0x3b
 1715 0053 0B       		.uleb128 0xb
 1716 0054 49       		.uleb128 0x49
 1717 0055 13       		.uleb128 0x13
 1718 0056 3F       		.uleb128 0x3f
 1719 0057 19       		.uleb128 0x19
 1720 0058 02       		.uleb128 0x2
 1721 0059 18       		.uleb128 0x18
 1722 005a 00       		.byte	0
 1723 005b 00       		.byte	0
 1724 005c 09       		.uleb128 0x9
 1725 005d 21       		.uleb128 0x21
 1726 005e 00       		.byte	0
 1727 005f 49       		.uleb128 0x49
 1728 0060 13       		.uleb128 0x13
 1729 0061 2F       		.uleb128 0x2f
 1730 0062 0B       		.uleb128 0xb
 1731 0063 00       		.byte	0
 1732 0064 00       		.byte	0
 1733 0065 0A       		.uleb128 0xa
 1734 0066 34       		.uleb128 0x34
 1735 0067 00       		.byte	0
 1736 0068 03       		.uleb128 0x3
 1737 0069 0E       		.uleb128 0xe
 1738 006a 3A       		.uleb128 0x3a
 1739 006b 0B       		.uleb128 0xb
 1740 006c 3B       		.uleb128 0x3b
 1741 006d 05       		.uleb128 0x5
 1742 006e 49       		.uleb128 0x49
 1743 006f 13       		.uleb128 0x13
 1744 0070 3F       		.uleb128 0x3f
 1745 0071 19       		.uleb128 0x19
 1746 0072 02       		.uleb128 0x2
 1747 0073 18       		.uleb128 0x18
 1748 0074 00       		.byte	0
 1749 0075 00       		.byte	0
 1750 0076 00       		.byte	0
 1751              		.section	.debug_aranges,"",%progbits
 1752 0000 14000000 		.4byte	0x14
 1753 0004 0200     		.2byte	0x2
 1754 0006 00000000 		.4byte	.Ldebug_info0
 1755 000a 04       		.byte	0x4
 1756 000b 00       		.byte	0
 1757 000c 0000     		.2byte	0
 1758 000e 0000     		.2byte	0
 1759 0010 00000000 		.4byte	0
 1760 0014 00000000 		.4byte	0
 1761              		.section	.debug_line,"",%progbits
 1762              	.Ldebug_line0:
 1763 0000 3D010000 		.section	.debug_str,"MS",%progbits,1
ARM GAS  C:\Users\adria\AppData\Local\Temp\cc2uqve0.s 			page 32


 1763      02003701 
 1763      00000201 
 1763      FB0E0D00 
 1763      01010101 
 1764              	.LASF9:
 1765 0000 5F5F7569 		.ascii	"__uint8_t\000"
 1765      6E74385F 
 1765      7400
 1766              	.LASF16:
 1767 000a 63795F6D 		.ascii	"cy_metadata\000"
 1767      65746164 
 1767      61746100 
 1768              	.LASF1:
 1769 0016 756E7369 		.ascii	"unsigned char\000"
 1769      676E6564 
 1769      20636861 
 1769      7200
 1770              	.LASF17:
 1771 0024 474E5520 		.ascii	"GNU C11 5.4.1 20160609 (release) [ARM/embedded-5-br"
 1771      43313120 
 1771      352E342E 
 1771      31203230 
 1771      31363036 
 1772 0057 616E6368 		.ascii	"anch revision 237715] -mcpu=cortex-m3 -mthumb -g -O"
 1772      20726576 
 1772      6973696F 
 1772      6E203233 
 1772      37373135 
 1773 008a 67202D66 		.ascii	"g -ffunction-sections -ffat-lto-objects\000"
 1773      66756E63 
 1773      74696F6E 
 1773      2D736563 
 1773      74696F6E 
 1774              	.LASF5:
 1775 00b2 6C6F6E67 		.ascii	"long unsigned int\000"
 1775      20756E73 
 1775      69676E65 
 1775      6420696E 
 1775      7400
 1776              	.LASF3:
 1777 00c4 73686F72 		.ascii	"short unsigned int\000"
 1777      7420756E 
 1777      7369676E 
 1777      65642069 
 1777      6E7400
 1778              	.LASF13:
 1779 00d7 63795F6D 		.ascii	"cy_meta_custnvl\000"
 1779      6574615F 
 1779      63757374 
 1779      6E766C00 
 1780              	.LASF12:
 1781 00e7 63795F6D 		.ascii	"cy_meta_configecc\000"
 1781      6574615F 
 1781      636F6E66 
 1781      69676563 
 1781      6300
 1782              	.LASF8:
ARM GAS  C:\Users\adria\AppData\Local\Temp\cc2uqve0.s 			page 33


 1783 00f9 756E7369 		.ascii	"unsigned int\000"
 1783      676E6564 
 1783      20696E74 
 1783      00
 1784              	.LASF19:
 1785 0106 433A5C55 		.ascii	"C:\\Users\\adria\\OneDrive\\Documents\\psoc\\Final_"
 1785      73657273 
 1785      5C616472 
 1785      69615C4F 
 1785      6E654472 
 1786 0133 4D454C43 		.ascii	"MELCHOR\\software_control_fase.cydsn\000"
 1786      484F525C 
 1786      736F6674 
 1786      77617265 
 1786      5F636F6E 
 1787              	.LASF7:
 1788 0157 6C6F6E67 		.ascii	"long long unsigned int\000"
 1788      206C6F6E 
 1788      6720756E 
 1788      7369676E 
 1788      65642069 
 1789              	.LASF10:
 1790 016e 75696E74 		.ascii	"uint8_t\000"
 1790      385F7400 
 1791              	.LASF15:
 1792 0176 63795F6D 		.ascii	"cy_meta_flashprotect\000"
 1792      6574615F 
 1792      666C6173 
 1792      6870726F 
 1792      74656374 
 1793              	.LASF14:
 1794 018b 63795F6D 		.ascii	"cy_meta_wonvl\000"
 1794      6574615F 
 1794      776F6E76 
 1794      6C00
 1795              	.LASF11:
 1796 0199 73697A65 		.ascii	"sizetype\000"
 1796      74797065 
 1796      00
 1797              	.LASF6:
 1798 01a2 6C6F6E67 		.ascii	"long long int\000"
 1798      206C6F6E 
 1798      6720696E 
 1798      7400
 1799              	.LASF2:
 1800 01b0 73686F72 		.ascii	"short int\000"
 1800      7420696E 
 1800      7400
 1801              	.LASF4:
 1802 01ba 6C6F6E67 		.ascii	"long int\000"
 1802      20696E74 
 1802      00
 1803              	.LASF0:
 1804 01c3 7369676E 		.ascii	"signed char\000"
 1804      65642063 
 1804      68617200 
 1805              	.LASF18:
ARM GAS  C:\Users\adria\AppData\Local\Temp\cc2uqve0.s 			page 34


 1806 01cf 47656E65 		.ascii	"Generated_Source\\PSoC5\\cymetadata.c\000"
 1806      72617465 
 1806      645F536F 
 1806      75726365 
 1806      5C50536F 
 1807              		.ident	"GCC: (GNU Tools for ARM Embedded Processors) 5.4.1 20160609 (release) [ARM/embedded-5-bran
