ARM GAS  C:\Users\adria\AppData\Local\Temp\ccI89AVj.s 			page 1


   1              		.syntax unified
   2              		.cpu cortex-m3
   3              		.fpu softvfp
   4              		.eabi_attribute 20, 1
   5              		.eabi_attribute 21, 1
   6              		.eabi_attribute 23, 3
   7              		.eabi_attribute 24, 1
   8              		.eabi_attribute 25, 1
   9              		.eabi_attribute 26, 1
  10              		.eabi_attribute 30, 1
  11              		.eabi_attribute 34, 1
  12              		.eabi_attribute 18, 4
  13              		.thumb
  14              		.syntax unified
  15              		.file	"main.c"
  16              		.text
  17              	.Ltext0:
  18              		.cfi_sections	.debug_frame
  19              		.section	.text.actualizar,"ax",%progbits
  20              		.align	2
  21              		.global	actualizar
  22              		.thumb
  23              		.thumb_func
  24              		.type	actualizar, %function
  25              	actualizar:
  26              	.LFB63:
  27              		.file 1 "main.c"
   1:main.c        **** #include "project.h"
   2:main.c        **** #include "..\..\lcd_7seg\Workspace01\LCD.cydsn\PSOC_LCD.h"
   3:main.c        **** #include "D:\GITHUB\Librerias_PSOC\Libreria_PSOC\LIB_psoc.h"
   4:main.c        **** 
   5:main.c        **** //Rutina de interrupcion
   6:main.c        **** uint8_t angulo = 180;//angulo de dispatp
   7:main.c        **** uint8_t flag = 0;
   8:main.c        **** CY_ISR(actualizar){
  28              		.loc 1 8 0
  29              		.cfi_startproc
  30              		@ args = 0, pretend = 0, frame = 0
  31              		@ frame_needed = 0, uses_anonymous_args = 0
  32 0000 30B5     		push	{r4, r5, lr}
  33              		.cfi_def_cfa_offset 12
  34              		.cfi_offset 4, -12
  35              		.cfi_offset 5, -8
  36              		.cfi_offset 14, -4
  37 0002 83B0     		sub	sp, sp, #12
  38              		.cfi_def_cfa_offset 24
   9:main.c        ****     actualizar_ClearPending();
  39              		.loc 1 9 0
  40 0004 FFF7FEFF 		bl	actualizar_ClearPending
  41              	.LVL0:
  10:main.c        ****     
  11:main.c        ****      Timer_0_WritePeriod(map(angulo,0,180,2,255));
  42              		.loc 1 11 0
  43 0008 0B4D     		ldr	r5, .L3
  44 000a 2878     		ldrb	r0, [r5]	@ zero_extendqisi2
  45 000c FF24     		movs	r4, #255
  46 000e 0094     		str	r4, [sp]
ARM GAS  C:\Users\adria\AppData\Local\Temp\ccI89AVj.s 			page 2


  47 0010 0223     		movs	r3, #2
  48 0012 B422     		movs	r2, #180
  49 0014 0021     		movs	r1, #0
  50 0016 FFF7FEFF 		bl	map
  51              	.LVL1:
  52 001a C0B2     		uxtb	r0, r0
  53 001c FFF7FEFF 		bl	Timer_0_WritePeriod
  54              	.LVL2:
  12:main.c        ****      Timer_1_WritePeriod(map(angulo,0,180,2,255));
  55              		.loc 1 12 0
  56 0020 2878     		ldrb	r0, [r5]	@ zero_extendqisi2
  57 0022 0094     		str	r4, [sp]
  58 0024 0223     		movs	r3, #2
  59 0026 B422     		movs	r2, #180
  60 0028 0021     		movs	r1, #0
  61 002a FFF7FEFF 		bl	map
  62              	.LVL3:
  63 002e C0B2     		uxtb	r0, r0
  64 0030 FFF7FEFF 		bl	Timer_1_WritePeriod
  65              	.LVL4:
  13:main.c        **** }
  66              		.loc 1 13 0
  67 0034 03B0     		add	sp, sp, #12
  68              		.cfi_def_cfa_offset 12
  69              		@ sp needed
  70 0036 30BD     		pop	{r4, r5, pc}
  71              	.L4:
  72              		.align	2
  73              	.L3:
  74 0038 00000000 		.word	.LANCHOR0
  75              		.cfi_endproc
  76              	.LFE63:
  77              		.size	actualizar, .-actualizar
  78              		.section	.text.DIS_0,"ax",%progbits
  79              		.align	2
  80              		.global	DIS_0
  81              		.thumb
  82              		.thumb_func
  83              		.type	DIS_0, %function
  84              	DIS_0:
  85              	.LFB64:
  14:main.c        **** 
  15:main.c        **** /*
  16:main.c        ****     Rutinas de disparo para control por fase
  17:main.c        **** */
  18:main.c        **** uint8_t Disparadores_reg = 0;
  19:main.c        **** CY_ISR(DIS_0){
  86              		.loc 1 19 0
  87              		.cfi_startproc
  88              		@ args = 0, pretend = 0, frame = 0
  89              		@ frame_needed = 0, uses_anonymous_args = 0
  90 0000 10B5     		push	{r4, lr}
  91              		.cfi_def_cfa_offset 8
  92              		.cfi_offset 4, -8
  93              		.cfi_offset 14, -4
  20:main.c        ****     DIS_0_ClearPending();
  94              		.loc 1 20 0
ARM GAS  C:\Users\adria\AppData\Local\Temp\ccI89AVj.s 			page 3


  95 0002 FFF7FEFF 		bl	DIS_0_ClearPending
  96              	.LVL5:
  21:main.c        ****     
  22:main.c        ****     Disparadores_reg = DISPARADORES_Read();//Leemos estadoa ctual de los disparos
  97              		.loc 1 22 0
  98 0006 FFF7FEFF 		bl	DISPARADORES_Read
  99              	.LVL6:
 100 000a 074C     		ldr	r4, .L7
 101 000c 2070     		strb	r0, [r4]
  23:main.c        ****     
  24:main.c        ****     DISPARADORES_Write(Disparadores_reg | BIT0);
 102              		.loc 1 24 0
 103 000e 40F00100 		orr	r0, r0, #1
 104 0012 FFF7FEFF 		bl	DISPARADORES_Write
 105              	.LVL7:
  25:main.c        ****     CyDelayUs(9);
 106              		.loc 1 25 0
 107 0016 0920     		movs	r0, #9
 108 0018 FFF7FEFF 		bl	CyDelayUs
 109              	.LVL8:
  26:main.c        ****     DISPARADORES_Write(Disparadores_reg & (~BIT0));
 110              		.loc 1 26 0
 111 001c 2078     		ldrb	r0, [r4]	@ zero_extendqisi2
 112 001e 00F0FE00 		and	r0, r0, #254
 113 0022 FFF7FEFF 		bl	DISPARADORES_Write
 114              	.LVL9:
 115 0026 10BD     		pop	{r4, pc}
 116              	.L8:
 117              		.align	2
 118              	.L7:
 119 0028 00000000 		.word	.LANCHOR1
 120              		.cfi_endproc
 121              	.LFE64:
 122              		.size	DIS_0, .-DIS_0
 123              		.section	.text.DIS_1,"ax",%progbits
 124              		.align	2
 125              		.global	DIS_1
 126              		.thumb
 127              		.thumb_func
 128              		.type	DIS_1, %function
 129              	DIS_1:
 130              	.LFB65:
  27:main.c        ****     
  28:main.c        **** }
  29:main.c        **** 
  30:main.c        **** CY_ISR(DIS_1){
 131              		.loc 1 30 0
 132              		.cfi_startproc
 133              		@ args = 0, pretend = 0, frame = 0
 134              		@ frame_needed = 0, uses_anonymous_args = 0
 135 0000 10B5     		push	{r4, lr}
 136              		.cfi_def_cfa_offset 8
 137              		.cfi_offset 4, -8
 138              		.cfi_offset 14, -4
  31:main.c        ****     DIS_1_ClearPending();
 139              		.loc 1 31 0
 140 0002 FFF7FEFF 		bl	DIS_1_ClearPending
ARM GAS  C:\Users\adria\AppData\Local\Temp\ccI89AVj.s 			page 4


 141              	.LVL10:
  32:main.c        ****     
  33:main.c        ****     Disparadores_reg = DISPARADORES_Read();//Leemos estadoa ctual de los disparos
 142              		.loc 1 33 0
 143 0006 FFF7FEFF 		bl	DISPARADORES_Read
 144              	.LVL11:
 145 000a 074C     		ldr	r4, .L11
 146 000c 2070     		strb	r0, [r4]
  34:main.c        ****     
  35:main.c        ****     DISPARADORES_Write(Disparadores_reg | BIT1);
 147              		.loc 1 35 0
 148 000e 40F00200 		orr	r0, r0, #2
 149 0012 FFF7FEFF 		bl	DISPARADORES_Write
 150              	.LVL12:
  36:main.c        ****     CyDelayUs(9);
 151              		.loc 1 36 0
 152 0016 0920     		movs	r0, #9
 153 0018 FFF7FEFF 		bl	CyDelayUs
 154              	.LVL13:
  37:main.c        ****     DISPARADORES_Write(Disparadores_reg & (~BIT1));
 155              		.loc 1 37 0
 156 001c 2078     		ldrb	r0, [r4]	@ zero_extendqisi2
 157 001e 00F0FD00 		and	r0, r0, #253
 158 0022 FFF7FEFF 		bl	DISPARADORES_Write
 159              	.LVL14:
 160 0026 10BD     		pop	{r4, pc}
 161              	.L12:
 162              		.align	2
 163              	.L11:
 164 0028 00000000 		.word	.LANCHOR1
 165              		.cfi_endproc
 166              	.LFE65:
 167              		.size	DIS_1, .-DIS_1
 168              		.section	.text.main,"ax",%progbits
 169              		.align	2
 170              		.global	main
 171              		.thumb
 172              		.thumb_func
 173              		.type	main, %function
 174              	main:
 175              	.LFB66:
  38:main.c        ****     
  39:main.c        **** }
  40:main.c        **** int main(void)
  41:main.c        **** {
 176              		.loc 1 41 0
 177              		.cfi_startproc
 178              		@ args = 0, pretend = 0, frame = 0
 179              		@ frame_needed = 0, uses_anonymous_args = 0
 180 0000 10B5     		push	{r4, lr}
 181              		.cfi_def_cfa_offset 8
 182              		.cfi_offset 4, -8
 183              		.cfi_offset 14, -4
  42:main.c        ****     CyGlobalIntEnable; 
 184              		.loc 1 42 0
 185              		.syntax unified
 186              	@ 42 "main.c" 1
ARM GAS  C:\Users\adria\AppData\Local\Temp\ccI89AVj.s 			page 5


 187 0002 62B6     		CPSIE   i
 188              	@ 0 "" 2
  43:main.c        ****     //pERIFÉRICOS
  44:main.c        ****     Timer_0_Start();
 189              		.loc 1 44 0
 190              		.thumb
 191              		.syntax unified
 192 0004 FFF7FEFF 		bl	Timer_0_Start
 193              	.LVL15:
  45:main.c        ****     Timer_1_Start();
 194              		.loc 1 45 0
 195 0008 FFF7FEFF 		bl	Timer_1_Start
 196              	.LVL16:
  46:main.c        ****     LCD_Start();
 197              		.loc 1 46 0
 198 000c FFF7FEFF 		bl	LCD_Start
 199              	.LVL17:
  47:main.c        ****     
  48:main.c        ****     //INTERRUPCIONES
  49:main.c        ****     actualizar_StartEx(actualizar);
 200              		.loc 1 49 0
 201 0010 1E48     		ldr	r0, .L18
 202 0012 FFF7FEFF 		bl	actualizar_StartEx
 203              	.LVL18:
  50:main.c        ****     actualizar_ClearPending();
 204              		.loc 1 50 0
 205 0016 FFF7FEFF 		bl	actualizar_ClearPending
 206              	.LVL19:
  51:main.c        ****     btns_InterruptEnable();
 207              		.loc 1 51 0
 208 001a FFF7FEFF 		bl	btns_InterruptEnable
 209              	.LVL20:
  52:main.c        ****     DIS_0_StartEx(DIS_0);
 210              		.loc 1 52 0
 211 001e 1C48     		ldr	r0, .L18+4
 212 0020 FFF7FEFF 		bl	DIS_0_StartEx
 213              	.LVL21:
  53:main.c        ****     DIS_0_ClearPending();
 214              		.loc 1 53 0
 215 0024 FFF7FEFF 		bl	DIS_0_ClearPending
 216              	.LVL22:
  54:main.c        ****     DIS_1_StartEx(DIS_1);
 217              		.loc 1 54 0
 218 0028 1A48     		ldr	r0, .L18+8
 219 002a FFF7FEFF 		bl	DIS_1_StartEx
 220              	.LVL23:
  55:main.c        ****     DIS_1_ClearPending();
 221              		.loc 1 55 0
 222 002e FFF7FEFF 		bl	DIS_1_ClearPending
 223              	.LVL24:
  56:main.c        ****     
  57:main.c        ****     
  58:main.c        ****     //lcd CONFIG INICIAL
  59:main.c        ****     LCD_Position(0,0);
 224              		.loc 1 59 0
 225 0032 0021     		movs	r1, #0
 226 0034 0846     		mov	r0, r1
ARM GAS  C:\Users\adria\AppData\Local\Temp\ccI89AVj.s 			page 6


 227 0036 FFF7FEFF 		bl	LCD_Position
 228              	.LVL25:
  60:main.c        ****     LCD_PrintString("ANGULO:");
 229              		.loc 1 60 0
 230 003a 1748     		ldr	r0, .L18+12
 231 003c FFF7FEFF 		bl	LCD_PrintString
 232              	.LVL26:
 233              	.L16:
  61:main.c        ****     
  62:main.c        ****     //REGISTRO DE BOTONES
  63:main.c        ****     uint8_t btns=0;
  64:main.c        ****     for(;;)
  65:main.c        ****     {
  66:main.c        ****         
  67:main.c        ****         btns = btns_Read();//checamos botones
 234              		.loc 1 67 0
 235 0040 FFF7FEFF 		bl	btns_Read
 236              	.LVL27:
 237 0044 0446     		mov	r4, r0
 238              	.LVL28:
  68:main.c        ****         CyDelay(150);
 239              		.loc 1 68 0
 240 0046 9620     		movs	r0, #150
 241 0048 FFF7FEFF 		bl	CyDelay
 242              	.LVL29:
  69:main.c        ****         
  70:main.c        ****         //SUMAMOS O RESTAMOS SEGUN SE QUIERA EL USUARIO
  71:main.c        ****         if(btns & BIT0){
 243              		.loc 1 71 0
 244 004c 14F0010F 		tst	r4, #1
 245 0050 03D0     		beq	.L14
  72:main.c        ****             angulo ++;
 246              		.loc 1 72 0
 247 0052 124A     		ldr	r2, .L18+16
 248 0054 1378     		ldrb	r3, [r2]	@ zero_extendqisi2
 249 0056 0133     		adds	r3, r3, #1
 250 0058 1370     		strb	r3, [r2]
 251              	.L14:
  73:main.c        ****         }
  74:main.c        ****         
  75:main.c        ****         if((btns & BIT1)>>1){
 252              		.loc 1 75 0
 253 005a 14F0020F 		tst	r4, #2
 254 005e 03D0     		beq	.L15
  76:main.c        ****             angulo--;
 255              		.loc 1 76 0
 256 0060 0E4A     		ldr	r2, .L18+16
 257 0062 1378     		ldrb	r3, [r2]	@ zero_extendqisi2
 258 0064 013B     		subs	r3, r3, #1
 259 0066 1370     		strb	r3, [r2]
 260              	.L15:
  77:main.c        ****         }
  78:main.c        ****         
  79:main.c        ****         //TRUNCAMOS SI SE SATURA EL ACTUADORS
  80:main.c        ****         angulo = trunca(angulo,45,180);
 261              		.loc 1 80 0
 262 0068 0C4C     		ldr	r4, .L18+16
ARM GAS  C:\Users\adria\AppData\Local\Temp\ccI89AVj.s 			page 7


 263              	.LVL30:
 264 006a B422     		movs	r2, #180
 265 006c 2D21     		movs	r1, #45
 266 006e 2078     		ldrb	r0, [r4]	@ zero_extendqisi2
 267 0070 FFF7FEFF 		bl	trunca
 268              	.LVL31:
 269 0074 2070     		strb	r0, [r4]
  81:main.c        ****         
  82:main.c        ****         //Atualizamos el angulo de disparo
  83:main.c        ****         LCD_Position(1,0);
 270              		.loc 1 83 0
 271 0076 0021     		movs	r1, #0
 272 0078 0120     		movs	r0, #1
 273 007a FFF7FEFF 		bl	LCD_Position
 274              	.LVL32:
  84:main.c        ****         LCD_PrintNumber(angulo);
 275              		.loc 1 84 0
 276 007e 2078     		ldrb	r0, [r4]	@ zero_extendqisi2
 277 0080 FFF7FEFF 		bl	LCD_PrintNumber
 278              	.LVL33:
  85:main.c        ****         LCD_PrintString("*          ");
 279              		.loc 1 85 0
 280 0084 0648     		ldr	r0, .L18+20
 281 0086 FFF7FEFF 		bl	LCD_PrintString
 282              	.LVL34:
  86:main.c        ****         
  87:main.c        ****     }
 283              		.loc 1 87 0
 284 008a D9E7     		b	.L16
 285              	.L19:
 286              		.align	2
 287              	.L18:
 288 008c 00000000 		.word	actualizar
 289 0090 00000000 		.word	DIS_0
 290 0094 00000000 		.word	DIS_1
 291 0098 00000000 		.word	.LC0
 292 009c 00000000 		.word	.LANCHOR0
 293 00a0 08000000 		.word	.LC1
 294              		.cfi_endproc
 295              	.LFE66:
 296              		.size	main, .-main
 297              		.global	Disparadores_reg
 298              		.global	flag
 299              		.global	angulo
 300              		.data
 301              		.set	.LANCHOR0,. + 0
 302              		.type	angulo, %object
 303              		.size	angulo, 1
 304              	angulo:
 305 0000 B4       		.byte	-76
 306              		.section	.rodata.str1.4,"aMS",%progbits,1
 307              		.align	2
 308              	.LC0:
 309 0000 414E4755 		.ascii	"ANGULO:\000"
 309      4C4F3A00 
 310              	.LC1:
 311 0008 2A202020 		.ascii	"*          \000"
ARM GAS  C:\Users\adria\AppData\Local\Temp\ccI89AVj.s 			page 8


 311      20202020 
 311      20202000 
 312              		.bss
 313              		.set	.LANCHOR1,. + 0
 314              		.type	Disparadores_reg, %object
 315              		.size	Disparadores_reg, 1
 316              	Disparadores_reg:
 317 0000 00       		.space	1
 318              		.type	flag, %object
 319              		.size	flag, 1
 320              	flag:
 321 0001 00       		.space	1
 322              		.text
 323              	.Letext0:
 324              		.file 2 "c:\\program files (x86)\\cypress\\psoc creator\\4.4\\psoc creator\\import\\gnu\\arm\\5.4.
 325              		.file 3 "c:\\program files (x86)\\cypress\\psoc creator\\4.4\\psoc creator\\import\\gnu\\arm\\5.4.
 326              		.file 4 "Generated_Source\\PSoC5/core_cm3.h"
 327              		.file 5 "Generated_Source\\PSoC5/actualizar.h"
 328              		.file 6 "Generated_Source\\PSoC5/Timer_0.h"
 329              		.file 7 "Generated_Source\\PSoC5/Timer_1.h"
 330              		.file 8 "Generated_Source\\PSoC5/DIS_0.h"
 331              		.file 9 "Generated_Source\\PSoC5/DISPARADORES.h"
 332              		.file 10 "Generated_Source\\PSoC5/CyLib.h"
 333              		.file 11 "Generated_Source\\PSoC5/DIS_1.h"
 334              		.file 12 "..\\..\\lcd_7seg\\Workspace01\\LCD.cydsn\\PSOC_LCD.h"
 335              		.file 13 "Generated_Source\\PSoC5/btns.h"
 336              		.file 14 "D:\\GITHUB\\Librerias_PSOC\\Libreria_PSOC\\LIB_psoc.h"
 337              		.section	.debug_info,"",%progbits
 338              	.Ldebug_info0:
 339 0000 49040000 		.4byte	0x449
 340 0004 0400     		.2byte	0x4
 341 0006 00000000 		.4byte	.Ldebug_abbrev0
 342 000a 04       		.byte	0x4
 343 000b 01       		.uleb128 0x1
 344 000c B4000000 		.4byte	.LASF46
 345 0010 0C       		.byte	0xc
 346 0011 B7020000 		.4byte	.LASF47
 347 0015 F2010000 		.4byte	.LASF48
 348 0019 00000000 		.4byte	.Ldebug_ranges0+0
 349 001d 00000000 		.4byte	0
 350 0021 00000000 		.4byte	.Ldebug_line0
 351 0025 02       		.uleb128 0x2
 352 0026 01       		.byte	0x1
 353 0027 06       		.byte	0x6
 354 0028 EA020000 		.4byte	.LASF0
 355 002c 03       		.uleb128 0x3
 356 002d 14000000 		.4byte	.LASF4
 357 0031 02       		.byte	0x2
 358 0032 1D       		.byte	0x1d
 359 0033 37000000 		.4byte	0x37
 360 0037 02       		.uleb128 0x2
 361 0038 01       		.byte	0x1
 362 0039 08       		.byte	0x8
 363 003a A6000000 		.4byte	.LASF1
 364 003e 02       		.uleb128 0x2
 365 003f 02       		.byte	0x2
 366 0040 05       		.byte	0x5
ARM GAS  C:\Users\adria\AppData\Local\Temp\ccI89AVj.s 			page 9


 367 0041 CB020000 		.4byte	.LASF2
 368 0045 02       		.uleb128 0x2
 369 0046 02       		.byte	0x2
 370 0047 07       		.byte	0x7
 371 0048 54010000 		.4byte	.LASF3
 372 004c 03       		.uleb128 0x3
 373 004d 62000000 		.4byte	.LASF5
 374 0051 02       		.byte	0x2
 375 0052 3F       		.byte	0x3f
 376 0053 57000000 		.4byte	0x57
 377 0057 02       		.uleb128 0x2
 378 0058 04       		.byte	0x4
 379 0059 05       		.byte	0x5
 380 005a D5020000 		.4byte	.LASF6
 381 005e 02       		.uleb128 0x2
 382 005f 04       		.byte	0x4
 383 0060 07       		.byte	0x7
 384 0061 42010000 		.4byte	.LASF7
 385 0065 02       		.uleb128 0x2
 386 0066 08       		.byte	0x8
 387 0067 05       		.byte	0x5
 388 0068 A9020000 		.4byte	.LASF8
 389 006c 02       		.uleb128 0x2
 390 006d 08       		.byte	0x8
 391 006e 07       		.byte	0x7
 392 006f 56020000 		.4byte	.LASF9
 393 0073 04       		.uleb128 0x4
 394 0074 04       		.byte	0x4
 395 0075 05       		.byte	0x5
 396 0076 696E7400 		.ascii	"int\000"
 397 007a 02       		.uleb128 0x2
 398 007b 04       		.byte	0x4
 399 007c 07       		.byte	0x7
 400 007d E5010000 		.4byte	.LASF10
 401 0081 03       		.uleb128 0x3
 402 0082 6D020000 		.4byte	.LASF11
 403 0086 03       		.byte	0x3
 404 0087 18       		.byte	0x18
 405 0088 2C000000 		.4byte	0x2c
 406 008c 03       		.uleb128 0x3
 407 008d C3020000 		.4byte	.LASF12
 408 0091 03       		.byte	0x3
 409 0092 2C       		.byte	0x2c
 410 0093 4C000000 		.4byte	0x4c
 411 0097 02       		.uleb128 0x2
 412 0098 04       		.byte	0x4
 413 0099 04       		.byte	0x4
 414 009a 7F000000 		.4byte	.LASF13
 415 009e 02       		.uleb128 0x2
 416 009f 08       		.byte	0x8
 417 00a0 04       		.byte	0x4
 418 00a1 81010000 		.4byte	.LASF14
 419 00a5 02       		.uleb128 0x2
 420 00a6 01       		.byte	0x1
 421 00a7 08       		.byte	0x8
 422 00a8 BE020000 		.4byte	.LASF15
 423 00ac 02       		.uleb128 0x2
ARM GAS  C:\Users\adria\AppData\Local\Temp\ccI89AVj.s 			page 10


 424 00ad 08       		.byte	0x8
 425 00ae 04       		.byte	0x4
 426 00af DE020000 		.4byte	.LASF16
 427 00b3 02       		.uleb128 0x2
 428 00b4 04       		.byte	0x4
 429 00b5 07       		.byte	0x7
 430 00b6 A0020000 		.4byte	.LASF17
 431 00ba 05       		.uleb128 0x5
 432 00bb 76010000 		.4byte	.LASF18
 433 00bf 01       		.byte	0x1
 434 00c0 08       		.byte	0x8
 435 00c1 00000000 		.4byte	.LFB63
 436 00c5 3C000000 		.4byte	.LFE63-.LFB63
 437 00c9 01       		.uleb128 0x1
 438 00ca 9C       		.byte	0x9c
 439 00cb 35010000 		.4byte	0x135
 440 00cf 06       		.uleb128 0x6
 441 00d0 08000000 		.4byte	.LVL0
 442 00d4 5A030000 		.4byte	0x35a
 443 00d8 07       		.uleb128 0x7
 444 00d9 1A000000 		.4byte	.LVL1
 445 00dd 65030000 		.4byte	0x365
 446 00e1 FD000000 		.4byte	0xfd
 447 00e5 08       		.uleb128 0x8
 448 00e6 01       		.uleb128 0x1
 449 00e7 51       		.byte	0x51
 450 00e8 01       		.uleb128 0x1
 451 00e9 30       		.byte	0x30
 452 00ea 08       		.uleb128 0x8
 453 00eb 01       		.uleb128 0x1
 454 00ec 52       		.byte	0x52
 455 00ed 02       		.uleb128 0x2
 456 00ee 08       		.byte	0x8
 457 00ef B4       		.byte	0xb4
 458 00f0 08       		.uleb128 0x8
 459 00f1 01       		.uleb128 0x1
 460 00f2 53       		.byte	0x53
 461 00f3 01       		.uleb128 0x1
 462 00f4 32       		.byte	0x32
 463 00f5 08       		.uleb128 0x8
 464 00f6 02       		.uleb128 0x2
 465 00f7 7D       		.byte	0x7d
 466 00f8 00       		.sleb128 0
 467 00f9 02       		.uleb128 0x2
 468 00fa 74       		.byte	0x74
 469 00fb 00       		.sleb128 0
 470 00fc 00       		.byte	0
 471 00fd 06       		.uleb128 0x6
 472 00fe 20000000 		.4byte	.LVL2
 473 0102 70030000 		.4byte	0x370
 474 0106 07       		.uleb128 0x7
 475 0107 2E000000 		.4byte	.LVL3
 476 010b 65030000 		.4byte	0x365
 477 010f 2B010000 		.4byte	0x12b
 478 0113 08       		.uleb128 0x8
 479 0114 01       		.uleb128 0x1
 480 0115 51       		.byte	0x51
ARM GAS  C:\Users\adria\AppData\Local\Temp\ccI89AVj.s 			page 11


 481 0116 01       		.uleb128 0x1
 482 0117 30       		.byte	0x30
 483 0118 08       		.uleb128 0x8
 484 0119 01       		.uleb128 0x1
 485 011a 52       		.byte	0x52
 486 011b 02       		.uleb128 0x2
 487 011c 08       		.byte	0x8
 488 011d B4       		.byte	0xb4
 489 011e 08       		.uleb128 0x8
 490 011f 01       		.uleb128 0x1
 491 0120 53       		.byte	0x53
 492 0121 01       		.uleb128 0x1
 493 0122 32       		.byte	0x32
 494 0123 08       		.uleb128 0x8
 495 0124 02       		.uleb128 0x2
 496 0125 7D       		.byte	0x7d
 497 0126 00       		.sleb128 0
 498 0127 02       		.uleb128 0x2
 499 0128 74       		.byte	0x74
 500 0129 00       		.sleb128 0
 501 012a 00       		.byte	0
 502 012b 06       		.uleb128 0x6
 503 012c 34000000 		.4byte	.LVL4
 504 0130 7B030000 		.4byte	0x37b
 505 0134 00       		.byte	0
 506 0135 05       		.uleb128 0x5
 507 0136 73000000 		.4byte	.LASF19
 508 013a 01       		.byte	0x1
 509 013b 13       		.byte	0x13
 510 013c 00000000 		.4byte	.LFB64
 511 0140 2C000000 		.4byte	.LFE64-.LFB64
 512 0144 01       		.uleb128 0x1
 513 0145 9C       		.byte	0x9c
 514 0146 82010000 		.4byte	0x182
 515 014a 06       		.uleb128 0x6
 516 014b 06000000 		.4byte	.LVL5
 517 014f 86030000 		.4byte	0x386
 518 0153 06       		.uleb128 0x6
 519 0154 0A000000 		.4byte	.LVL6
 520 0158 91030000 		.4byte	0x391
 521 015c 06       		.uleb128 0x6
 522 015d 16000000 		.4byte	.LVL7
 523 0161 9C030000 		.4byte	0x39c
 524 0165 07       		.uleb128 0x7
 525 0166 1C000000 		.4byte	.LVL8
 526 016a A7030000 		.4byte	0x3a7
 527 016e 78010000 		.4byte	0x178
 528 0172 08       		.uleb128 0x8
 529 0173 01       		.uleb128 0x1
 530 0174 50       		.byte	0x50
 531 0175 01       		.uleb128 0x1
 532 0176 39       		.byte	0x39
 533 0177 00       		.byte	0
 534 0178 06       		.uleb128 0x6
 535 0179 26000000 		.4byte	.LVL9
 536 017d 9C030000 		.4byte	0x39c
 537 0181 00       		.byte	0
ARM GAS  C:\Users\adria\AppData\Local\Temp\ccI89AVj.s 			page 12


 538 0182 05       		.uleb128 0x5
 539 0183 79000000 		.4byte	.LASF20
 540 0187 01       		.byte	0x1
 541 0188 1E       		.byte	0x1e
 542 0189 00000000 		.4byte	.LFB65
 543 018d 2C000000 		.4byte	.LFE65-.LFB65
 544 0191 01       		.uleb128 0x1
 545 0192 9C       		.byte	0x9c
 546 0193 CF010000 		.4byte	0x1cf
 547 0197 06       		.uleb128 0x6
 548 0198 06000000 		.4byte	.LVL10
 549 019c B2030000 		.4byte	0x3b2
 550 01a0 06       		.uleb128 0x6
 551 01a1 0A000000 		.4byte	.LVL11
 552 01a5 91030000 		.4byte	0x391
 553 01a9 06       		.uleb128 0x6
 554 01aa 16000000 		.4byte	.LVL12
 555 01ae 9C030000 		.4byte	0x39c
 556 01b2 07       		.uleb128 0x7
 557 01b3 1C000000 		.4byte	.LVL13
 558 01b7 A7030000 		.4byte	0x3a7
 559 01bb C5010000 		.4byte	0x1c5
 560 01bf 08       		.uleb128 0x8
 561 01c0 01       		.uleb128 0x1
 562 01c1 50       		.byte	0x50
 563 01c2 01       		.uleb128 0x1
 564 01c3 39       		.byte	0x39
 565 01c4 00       		.byte	0
 566 01c5 06       		.uleb128 0x6
 567 01c6 26000000 		.4byte	.LVL14
 568 01ca 9C030000 		.4byte	0x39c
 569 01ce 00       		.byte	0
 570 01cf 09       		.uleb128 0x9
 571 01d0 DB010000 		.4byte	.LASF49
 572 01d4 01       		.byte	0x1
 573 01d5 28       		.byte	0x28
 574 01d6 73000000 		.4byte	0x73
 575 01da 00000000 		.4byte	.LFB66
 576 01de A4000000 		.4byte	.LFE66-.LFB66
 577 01e2 01       		.uleb128 0x1
 578 01e3 9C       		.byte	0x9c
 579 01e4 16030000 		.4byte	0x316
 580 01e8 0A       		.uleb128 0xa
 581 01e9 67010000 		.4byte	.LASF50
 582 01ed 01       		.byte	0x1
 583 01ee 3F       		.byte	0x3f
 584 01ef 81000000 		.4byte	0x81
 585 01f3 00000000 		.4byte	.LLST0
 586 01f7 06       		.uleb128 0x6
 587 01f8 08000000 		.4byte	.LVL15
 588 01fc BD030000 		.4byte	0x3bd
 589 0200 06       		.uleb128 0x6
 590 0201 0C000000 		.4byte	.LVL16
 591 0205 C8030000 		.4byte	0x3c8
 592 0209 06       		.uleb128 0x6
 593 020a 10000000 		.4byte	.LVL17
 594 020e D3030000 		.4byte	0x3d3
ARM GAS  C:\Users\adria\AppData\Local\Temp\ccI89AVj.s 			page 13


 595 0212 07       		.uleb128 0x7
 596 0213 16000000 		.4byte	.LVL18
 597 0217 DE030000 		.4byte	0x3de
 598 021b 29020000 		.4byte	0x229
 599 021f 08       		.uleb128 0x8
 600 0220 01       		.uleb128 0x1
 601 0221 50       		.byte	0x50
 602 0222 05       		.uleb128 0x5
 603 0223 03       		.byte	0x3
 604 0224 00000000 		.4byte	actualizar
 605 0228 00       		.byte	0
 606 0229 06       		.uleb128 0x6
 607 022a 1A000000 		.4byte	.LVL19
 608 022e 5A030000 		.4byte	0x35a
 609 0232 06       		.uleb128 0x6
 610 0233 1E000000 		.4byte	.LVL20
 611 0237 E9030000 		.4byte	0x3e9
 612 023b 07       		.uleb128 0x7
 613 023c 24000000 		.4byte	.LVL21
 614 0240 F4030000 		.4byte	0x3f4
 615 0244 52020000 		.4byte	0x252
 616 0248 08       		.uleb128 0x8
 617 0249 01       		.uleb128 0x1
 618 024a 50       		.byte	0x50
 619 024b 05       		.uleb128 0x5
 620 024c 03       		.byte	0x3
 621 024d 00000000 		.4byte	DIS_0
 622 0251 00       		.byte	0
 623 0252 06       		.uleb128 0x6
 624 0253 28000000 		.4byte	.LVL22
 625 0257 86030000 		.4byte	0x386
 626 025b 07       		.uleb128 0x7
 627 025c 2E000000 		.4byte	.LVL23
 628 0260 FF030000 		.4byte	0x3ff
 629 0264 72020000 		.4byte	0x272
 630 0268 08       		.uleb128 0x8
 631 0269 01       		.uleb128 0x1
 632 026a 50       		.byte	0x50
 633 026b 05       		.uleb128 0x5
 634 026c 03       		.byte	0x3
 635 026d 00000000 		.4byte	DIS_1
 636 0271 00       		.byte	0
 637 0272 06       		.uleb128 0x6
 638 0273 32000000 		.4byte	.LVL24
 639 0277 B2030000 		.4byte	0x3b2
 640 027b 07       		.uleb128 0x7
 641 027c 3A000000 		.4byte	.LVL25
 642 0280 0A040000 		.4byte	0x40a
 643 0284 93020000 		.4byte	0x293
 644 0288 08       		.uleb128 0x8
 645 0289 01       		.uleb128 0x1
 646 028a 50       		.byte	0x50
 647 028b 01       		.uleb128 0x1
 648 028c 30       		.byte	0x30
 649 028d 08       		.uleb128 0x8
 650 028e 01       		.uleb128 0x1
 651 028f 51       		.byte	0x51
ARM GAS  C:\Users\adria\AppData\Local\Temp\ccI89AVj.s 			page 14


 652 0290 01       		.uleb128 0x1
 653 0291 30       		.byte	0x30
 654 0292 00       		.byte	0
 655 0293 07       		.uleb128 0x7
 656 0294 40000000 		.4byte	.LVL26
 657 0298 15040000 		.4byte	0x415
 658 029c AA020000 		.4byte	0x2aa
 659 02a0 08       		.uleb128 0x8
 660 02a1 01       		.uleb128 0x1
 661 02a2 50       		.byte	0x50
 662 02a3 05       		.uleb128 0x5
 663 02a4 03       		.byte	0x3
 664 02a5 00000000 		.4byte	.LC0
 665 02a9 00       		.byte	0
 666 02aa 06       		.uleb128 0x6
 667 02ab 44000000 		.4byte	.LVL27
 668 02af 20040000 		.4byte	0x420
 669 02b3 07       		.uleb128 0x7
 670 02b4 4C000000 		.4byte	.LVL29
 671 02b8 2B040000 		.4byte	0x42b
 672 02bc C7020000 		.4byte	0x2c7
 673 02c0 08       		.uleb128 0x8
 674 02c1 01       		.uleb128 0x1
 675 02c2 50       		.byte	0x50
 676 02c3 02       		.uleb128 0x2
 677 02c4 08       		.byte	0x8
 678 02c5 96       		.byte	0x96
 679 02c6 00       		.byte	0
 680 02c7 07       		.uleb128 0x7
 681 02c8 74000000 		.4byte	.LVL31
 682 02cc 36040000 		.4byte	0x436
 683 02d0 E1020000 		.4byte	0x2e1
 684 02d4 08       		.uleb128 0x8
 685 02d5 01       		.uleb128 0x1
 686 02d6 51       		.byte	0x51
 687 02d7 02       		.uleb128 0x2
 688 02d8 08       		.byte	0x8
 689 02d9 2D       		.byte	0x2d
 690 02da 08       		.uleb128 0x8
 691 02db 01       		.uleb128 0x1
 692 02dc 52       		.byte	0x52
 693 02dd 02       		.uleb128 0x2
 694 02de 08       		.byte	0x8
 695 02df B4       		.byte	0xb4
 696 02e0 00       		.byte	0
 697 02e1 07       		.uleb128 0x7
 698 02e2 7E000000 		.4byte	.LVL32
 699 02e6 0A040000 		.4byte	0x40a
 700 02ea F9020000 		.4byte	0x2f9
 701 02ee 08       		.uleb128 0x8
 702 02ef 01       		.uleb128 0x1
 703 02f0 50       		.byte	0x50
 704 02f1 01       		.uleb128 0x1
 705 02f2 31       		.byte	0x31
 706 02f3 08       		.uleb128 0x8
 707 02f4 01       		.uleb128 0x1
 708 02f5 51       		.byte	0x51
ARM GAS  C:\Users\adria\AppData\Local\Temp\ccI89AVj.s 			page 15


 709 02f6 01       		.uleb128 0x1
 710 02f7 30       		.byte	0x30
 711 02f8 00       		.byte	0
 712 02f9 06       		.uleb128 0x6
 713 02fa 84000000 		.4byte	.LVL33
 714 02fe 41040000 		.4byte	0x441
 715 0302 0B       		.uleb128 0xb
 716 0303 8A000000 		.4byte	.LVL34
 717 0307 15040000 		.4byte	0x415
 718 030b 08       		.uleb128 0x8
 719 030c 01       		.uleb128 0x1
 720 030d 50       		.byte	0x50
 721 030e 05       		.uleb128 0x5
 722 030f 03       		.byte	0x3
 723 0310 08000000 		.4byte	.LC1
 724 0314 00       		.byte	0
 725 0315 00       		.byte	0
 726 0316 0C       		.uleb128 0xc
 727 0317 CE010000 		.4byte	.LASF21
 728 031b 04       		.byte	0x4
 729 031c 1207     		.2byte	0x712
 730 031e 22030000 		.4byte	0x322
 731 0322 0D       		.uleb128 0xd
 732 0323 8C000000 		.4byte	0x8c
 733 0327 0E       		.uleb128 0xe
 734 0328 96010000 		.4byte	.LASF22
 735 032c 01       		.byte	0x1
 736 032d 06       		.byte	0x6
 737 032e 81000000 		.4byte	0x81
 738 0332 05       		.uleb128 0x5
 739 0333 03       		.byte	0x3
 740 0334 00000000 		.4byte	angulo
 741 0338 0E       		.uleb128 0xe
 742 0339 E0010000 		.4byte	.LASF23
 743 033d 01       		.byte	0x1
 744 033e 07       		.byte	0x7
 745 033f 81000000 		.4byte	0x81
 746 0343 05       		.uleb128 0x5
 747 0344 03       		.byte	0x3
 748 0345 00000000 		.4byte	flag
 749 0349 0E       		.uleb128 0xe
 750 034a 34030000 		.4byte	.LASF24
 751 034e 01       		.byte	0x1
 752 034f 12       		.byte	0x12
 753 0350 81000000 		.4byte	0x81
 754 0354 05       		.uleb128 0x5
 755 0355 03       		.byte	0x3
 756 0356 00000000 		.4byte	Disparadores_reg
 757 035a 0F       		.uleb128 0xf
 758 035b 2C000000 		.4byte	.LASF25
 759 035f 2C000000 		.4byte	.LASF25
 760 0363 05       		.byte	0x5
 761 0364 28       		.byte	0x28
 762 0365 10       		.uleb128 0x10
 763 0366 6D617000 		.ascii	"map\000"
 764 036a 6D617000 		.ascii	"map\000"
 765 036e 0E       		.byte	0xe
ARM GAS  C:\Users\adria\AppData\Local\Temp\ccI89AVj.s 			page 16


 766 036f 20       		.byte	0x20
 767 0370 0F       		.uleb128 0xf
 768 0371 00000000 		.4byte	.LASF26
 769 0375 00000000 		.4byte	.LASF26
 770 0379 06       		.byte	0x6
 771 037a 68       		.byte	0x68
 772 037b 0F       		.uleb128 0xf
 773 037c 4E000000 		.4byte	.LASF27
 774 0380 4E000000 		.4byte	.LASF27
 775 0384 07       		.byte	0x7
 776 0385 68       		.byte	0x68
 777 0386 0F       		.uleb128 0xf
 778 0387 19030000 		.4byte	.LASF28
 779 038b 19030000 		.4byte	.LASF28
 780 038f 08       		.byte	0x8
 781 0390 28       		.byte	0x28
 782 0391 0F       		.uleb128 0xf
 783 0392 9D010000 		.4byte	.LASF29
 784 0396 9D010000 		.4byte	.LASF29
 785 039a 09       		.byte	0x9
 786 039b 30       		.byte	0x30
 787 039c 0F       		.uleb128 0xf
 788 039d 85000000 		.4byte	.LASF30
 789 03a1 85000000 		.4byte	.LASF30
 790 03a5 09       		.byte	0x9
 791 03a6 2F       		.byte	0x2f
 792 03a7 0F       		.uleb128 0xf
 793 03a8 C4010000 		.4byte	.LASF31
 794 03ac C4010000 		.4byte	.LASF31
 795 03b0 0A       		.byte	0xa
 796 03b1 77       		.byte	0x77
 797 03b2 0F       		.uleb128 0xf
 798 03b3 43020000 		.4byte	.LASF32
 799 03b7 43020000 		.4byte	.LASF32
 800 03bb 0B       		.byte	0xb
 801 03bc 28       		.byte	0x28
 802 03bd 0F       		.uleb128 0xf
 803 03be 88010000 		.4byte	.LASF33
 804 03c2 88010000 		.4byte	.LASF33
 805 03c6 06       		.byte	0x6
 806 03c7 5A       		.byte	0x5a
 807 03c8 0F       		.uleb128 0xf
 808 03c9 1E000000 		.4byte	.LASF34
 809 03cd 1E000000 		.4byte	.LASF34
 810 03d1 07       		.byte	0x7
 811 03d2 5A       		.byte	0x5a
 812 03d3 0F       		.uleb128 0xf
 813 03d4 44000000 		.4byte	.LASF35
 814 03d8 44000000 		.4byte	.LASF35
 815 03dc 0C       		.byte	0xc
 816 03dd 09       		.byte	0x9
 817 03de 0F       		.uleb128 0xf
 818 03df F6020000 		.4byte	.LASF36
 819 03e3 F6020000 		.4byte	.LASF36
 820 03e7 05       		.byte	0x5
 821 03e8 18       		.byte	0x18
 822 03e9 0F       		.uleb128 0xf
ARM GAS  C:\Users\adria\AppData\Local\Temp\ccI89AVj.s 			page 17


 823 03ea AF010000 		.4byte	.LASF37
 824 03ee AF010000 		.4byte	.LASF37
 825 03f2 0D       		.byte	0xd
 826 03f3 31       		.byte	0x31
 827 03f4 0F       		.uleb128 0xf
 828 03f5 98000000 		.4byte	.LASF38
 829 03f9 98000000 		.4byte	.LASF38
 830 03fd 08       		.byte	0x8
 831 03fe 18       		.byte	0x18
 832 03ff 0F       		.uleb128 0xf
 833 0400 82020000 		.4byte	.LASF39
 834 0404 82020000 		.4byte	.LASF39
 835 0408 0B       		.byte	0xb
 836 0409 18       		.byte	0x18
 837 040a 0F       		.uleb128 0xf
 838 040b 75020000 		.4byte	.LASF40
 839 040f 75020000 		.4byte	.LASF40
 840 0413 0C       		.byte	0xc
 841 0414 0B       		.byte	0xb
 842 0415 0F       		.uleb128 0xf
 843 0416 90020000 		.4byte	.LASF41
 844 041a 90020000 		.4byte	.LASF41
 845 041e 0C       		.byte	0xc
 846 041f 11       		.byte	0x11
 847 0420 0F       		.uleb128 0xf
 848 0421 6C010000 		.4byte	.LASF42
 849 0425 6C010000 		.4byte	.LASF42
 850 0429 0D       		.byte	0xd
 851 042a 30       		.byte	0x30
 852 042b 0F       		.uleb128 0xf
 853 042c 2C030000 		.4byte	.LASF43
 854 0430 2C030000 		.4byte	.LASF43
 855 0434 0A       		.byte	0xa
 856 0435 76       		.byte	0x76
 857 0436 0F       		.uleb128 0xf
 858 0437 6C000000 		.4byte	.LASF44
 859 043b 6C000000 		.4byte	.LASF44
 860 043f 0E       		.byte	0xe
 861 0440 23       		.byte	0x23
 862 0441 0F       		.uleb128 0xf
 863 0442 09030000 		.4byte	.LASF45
 864 0446 09030000 		.4byte	.LASF45
 865 044a 0C       		.byte	0xc
 866 044b 10       		.byte	0x10
 867 044c 00       		.byte	0
 868              		.section	.debug_abbrev,"",%progbits
 869              	.Ldebug_abbrev0:
 870 0000 01       		.uleb128 0x1
 871 0001 11       		.uleb128 0x11
 872 0002 01       		.byte	0x1
 873 0003 25       		.uleb128 0x25
 874 0004 0E       		.uleb128 0xe
 875 0005 13       		.uleb128 0x13
 876 0006 0B       		.uleb128 0xb
 877 0007 03       		.uleb128 0x3
 878 0008 0E       		.uleb128 0xe
 879 0009 1B       		.uleb128 0x1b
ARM GAS  C:\Users\adria\AppData\Local\Temp\ccI89AVj.s 			page 18


 880 000a 0E       		.uleb128 0xe
 881 000b 55       		.uleb128 0x55
 882 000c 17       		.uleb128 0x17
 883 000d 11       		.uleb128 0x11
 884 000e 01       		.uleb128 0x1
 885 000f 10       		.uleb128 0x10
 886 0010 17       		.uleb128 0x17
 887 0011 00       		.byte	0
 888 0012 00       		.byte	0
 889 0013 02       		.uleb128 0x2
 890 0014 24       		.uleb128 0x24
 891 0015 00       		.byte	0
 892 0016 0B       		.uleb128 0xb
 893 0017 0B       		.uleb128 0xb
 894 0018 3E       		.uleb128 0x3e
 895 0019 0B       		.uleb128 0xb
 896 001a 03       		.uleb128 0x3
 897 001b 0E       		.uleb128 0xe
 898 001c 00       		.byte	0
 899 001d 00       		.byte	0
 900 001e 03       		.uleb128 0x3
 901 001f 16       		.uleb128 0x16
 902 0020 00       		.byte	0
 903 0021 03       		.uleb128 0x3
 904 0022 0E       		.uleb128 0xe
 905 0023 3A       		.uleb128 0x3a
 906 0024 0B       		.uleb128 0xb
 907 0025 3B       		.uleb128 0x3b
 908 0026 0B       		.uleb128 0xb
 909 0027 49       		.uleb128 0x49
 910 0028 13       		.uleb128 0x13
 911 0029 00       		.byte	0
 912 002a 00       		.byte	0
 913 002b 04       		.uleb128 0x4
 914 002c 24       		.uleb128 0x24
 915 002d 00       		.byte	0
 916 002e 0B       		.uleb128 0xb
 917 002f 0B       		.uleb128 0xb
 918 0030 3E       		.uleb128 0x3e
 919 0031 0B       		.uleb128 0xb
 920 0032 03       		.uleb128 0x3
 921 0033 08       		.uleb128 0x8
 922 0034 00       		.byte	0
 923 0035 00       		.byte	0
 924 0036 05       		.uleb128 0x5
 925 0037 2E       		.uleb128 0x2e
 926 0038 01       		.byte	0x1
 927 0039 3F       		.uleb128 0x3f
 928 003a 19       		.uleb128 0x19
 929 003b 03       		.uleb128 0x3
 930 003c 0E       		.uleb128 0xe
 931 003d 3A       		.uleb128 0x3a
 932 003e 0B       		.uleb128 0xb
 933 003f 3B       		.uleb128 0x3b
 934 0040 0B       		.uleb128 0xb
 935 0041 27       		.uleb128 0x27
 936 0042 19       		.uleb128 0x19
ARM GAS  C:\Users\adria\AppData\Local\Temp\ccI89AVj.s 			page 19


 937 0043 11       		.uleb128 0x11
 938 0044 01       		.uleb128 0x1
 939 0045 12       		.uleb128 0x12
 940 0046 06       		.uleb128 0x6
 941 0047 40       		.uleb128 0x40
 942 0048 18       		.uleb128 0x18
 943 0049 9742     		.uleb128 0x2117
 944 004b 19       		.uleb128 0x19
 945 004c 01       		.uleb128 0x1
 946 004d 13       		.uleb128 0x13
 947 004e 00       		.byte	0
 948 004f 00       		.byte	0
 949 0050 06       		.uleb128 0x6
 950 0051 898201   		.uleb128 0x4109
 951 0054 00       		.byte	0
 952 0055 11       		.uleb128 0x11
 953 0056 01       		.uleb128 0x1
 954 0057 31       		.uleb128 0x31
 955 0058 13       		.uleb128 0x13
 956 0059 00       		.byte	0
 957 005a 00       		.byte	0
 958 005b 07       		.uleb128 0x7
 959 005c 898201   		.uleb128 0x4109
 960 005f 01       		.byte	0x1
 961 0060 11       		.uleb128 0x11
 962 0061 01       		.uleb128 0x1
 963 0062 31       		.uleb128 0x31
 964 0063 13       		.uleb128 0x13
 965 0064 01       		.uleb128 0x1
 966 0065 13       		.uleb128 0x13
 967 0066 00       		.byte	0
 968 0067 00       		.byte	0
 969 0068 08       		.uleb128 0x8
 970 0069 8A8201   		.uleb128 0x410a
 971 006c 00       		.byte	0
 972 006d 02       		.uleb128 0x2
 973 006e 18       		.uleb128 0x18
 974 006f 9142     		.uleb128 0x2111
 975 0071 18       		.uleb128 0x18
 976 0072 00       		.byte	0
 977 0073 00       		.byte	0
 978 0074 09       		.uleb128 0x9
 979 0075 2E       		.uleb128 0x2e
 980 0076 01       		.byte	0x1
 981 0077 3F       		.uleb128 0x3f
 982 0078 19       		.uleb128 0x19
 983 0079 03       		.uleb128 0x3
 984 007a 0E       		.uleb128 0xe
 985 007b 3A       		.uleb128 0x3a
 986 007c 0B       		.uleb128 0xb
 987 007d 3B       		.uleb128 0x3b
 988 007e 0B       		.uleb128 0xb
 989 007f 27       		.uleb128 0x27
 990 0080 19       		.uleb128 0x19
 991 0081 49       		.uleb128 0x49
 992 0082 13       		.uleb128 0x13
 993 0083 8701     		.uleb128 0x87
ARM GAS  C:\Users\adria\AppData\Local\Temp\ccI89AVj.s 			page 20


 994 0085 19       		.uleb128 0x19
 995 0086 11       		.uleb128 0x11
 996 0087 01       		.uleb128 0x1
 997 0088 12       		.uleb128 0x12
 998 0089 06       		.uleb128 0x6
 999 008a 40       		.uleb128 0x40
 1000 008b 18       		.uleb128 0x18
 1001 008c 9742     		.uleb128 0x2117
 1002 008e 19       		.uleb128 0x19
 1003 008f 01       		.uleb128 0x1
 1004 0090 13       		.uleb128 0x13
 1005 0091 00       		.byte	0
 1006 0092 00       		.byte	0
 1007 0093 0A       		.uleb128 0xa
 1008 0094 34       		.uleb128 0x34
 1009 0095 00       		.byte	0
 1010 0096 03       		.uleb128 0x3
 1011 0097 0E       		.uleb128 0xe
 1012 0098 3A       		.uleb128 0x3a
 1013 0099 0B       		.uleb128 0xb
 1014 009a 3B       		.uleb128 0x3b
 1015 009b 0B       		.uleb128 0xb
 1016 009c 49       		.uleb128 0x49
 1017 009d 13       		.uleb128 0x13
 1018 009e 02       		.uleb128 0x2
 1019 009f 17       		.uleb128 0x17
 1020 00a0 00       		.byte	0
 1021 00a1 00       		.byte	0
 1022 00a2 0B       		.uleb128 0xb
 1023 00a3 898201   		.uleb128 0x4109
 1024 00a6 01       		.byte	0x1
 1025 00a7 11       		.uleb128 0x11
 1026 00a8 01       		.uleb128 0x1
 1027 00a9 31       		.uleb128 0x31
 1028 00aa 13       		.uleb128 0x13
 1029 00ab 00       		.byte	0
 1030 00ac 00       		.byte	0
 1031 00ad 0C       		.uleb128 0xc
 1032 00ae 34       		.uleb128 0x34
 1033 00af 00       		.byte	0
 1034 00b0 03       		.uleb128 0x3
 1035 00b1 0E       		.uleb128 0xe
 1036 00b2 3A       		.uleb128 0x3a
 1037 00b3 0B       		.uleb128 0xb
 1038 00b4 3B       		.uleb128 0x3b
 1039 00b5 05       		.uleb128 0x5
 1040 00b6 49       		.uleb128 0x49
 1041 00b7 13       		.uleb128 0x13
 1042 00b8 3F       		.uleb128 0x3f
 1043 00b9 19       		.uleb128 0x19
 1044 00ba 3C       		.uleb128 0x3c
 1045 00bb 19       		.uleb128 0x19
 1046 00bc 00       		.byte	0
 1047 00bd 00       		.byte	0
 1048 00be 0D       		.uleb128 0xd
 1049 00bf 35       		.uleb128 0x35
 1050 00c0 00       		.byte	0
ARM GAS  C:\Users\adria\AppData\Local\Temp\ccI89AVj.s 			page 21


 1051 00c1 49       		.uleb128 0x49
 1052 00c2 13       		.uleb128 0x13
 1053 00c3 00       		.byte	0
 1054 00c4 00       		.byte	0
 1055 00c5 0E       		.uleb128 0xe
 1056 00c6 34       		.uleb128 0x34
 1057 00c7 00       		.byte	0
 1058 00c8 03       		.uleb128 0x3
 1059 00c9 0E       		.uleb128 0xe
 1060 00ca 3A       		.uleb128 0x3a
 1061 00cb 0B       		.uleb128 0xb
 1062 00cc 3B       		.uleb128 0x3b
 1063 00cd 0B       		.uleb128 0xb
 1064 00ce 49       		.uleb128 0x49
 1065 00cf 13       		.uleb128 0x13
 1066 00d0 3F       		.uleb128 0x3f
 1067 00d1 19       		.uleb128 0x19
 1068 00d2 02       		.uleb128 0x2
 1069 00d3 18       		.uleb128 0x18
 1070 00d4 00       		.byte	0
 1071 00d5 00       		.byte	0
 1072 00d6 0F       		.uleb128 0xf
 1073 00d7 2E       		.uleb128 0x2e
 1074 00d8 00       		.byte	0
 1075 00d9 3F       		.uleb128 0x3f
 1076 00da 19       		.uleb128 0x19
 1077 00db 3C       		.uleb128 0x3c
 1078 00dc 19       		.uleb128 0x19
 1079 00dd 6E       		.uleb128 0x6e
 1080 00de 0E       		.uleb128 0xe
 1081 00df 03       		.uleb128 0x3
 1082 00e0 0E       		.uleb128 0xe
 1083 00e1 3A       		.uleb128 0x3a
 1084 00e2 0B       		.uleb128 0xb
 1085 00e3 3B       		.uleb128 0x3b
 1086 00e4 0B       		.uleb128 0xb
 1087 00e5 00       		.byte	0
 1088 00e6 00       		.byte	0
 1089 00e7 10       		.uleb128 0x10
 1090 00e8 2E       		.uleb128 0x2e
 1091 00e9 00       		.byte	0
 1092 00ea 3F       		.uleb128 0x3f
 1093 00eb 19       		.uleb128 0x19
 1094 00ec 3C       		.uleb128 0x3c
 1095 00ed 19       		.uleb128 0x19
 1096 00ee 6E       		.uleb128 0x6e
 1097 00ef 08       		.uleb128 0x8
 1098 00f0 03       		.uleb128 0x3
 1099 00f1 08       		.uleb128 0x8
 1100 00f2 3A       		.uleb128 0x3a
 1101 00f3 0B       		.uleb128 0xb
 1102 00f4 3B       		.uleb128 0x3b
 1103 00f5 0B       		.uleb128 0xb
 1104 00f6 00       		.byte	0
 1105 00f7 00       		.byte	0
 1106 00f8 00       		.byte	0
 1107              		.section	.debug_loc,"",%progbits
ARM GAS  C:\Users\adria\AppData\Local\Temp\ccI89AVj.s 			page 22


 1108              	.Ldebug_loc0:
 1109              	.LLST0:
 1110 0000 46000000 		.4byte	.LVL28
 1111 0004 6A000000 		.4byte	.LVL30
 1112 0008 0100     		.2byte	0x1
 1113 000a 54       		.byte	0x54
 1114 000b 00000000 		.4byte	0
 1115 000f 00000000 		.4byte	0
 1116              		.section	.debug_aranges,"",%progbits
 1117 0000 34000000 		.4byte	0x34
 1118 0004 0200     		.2byte	0x2
 1119 0006 00000000 		.4byte	.Ldebug_info0
 1120 000a 04       		.byte	0x4
 1121 000b 00       		.byte	0
 1122 000c 0000     		.2byte	0
 1123 000e 0000     		.2byte	0
 1124 0010 00000000 		.4byte	.LFB63
 1125 0014 3C000000 		.4byte	.LFE63-.LFB63
 1126 0018 00000000 		.4byte	.LFB64
 1127 001c 2C000000 		.4byte	.LFE64-.LFB64
 1128 0020 00000000 		.4byte	.LFB65
 1129 0024 2C000000 		.4byte	.LFE65-.LFB65
 1130 0028 00000000 		.4byte	.LFB66
 1131 002c A4000000 		.4byte	.LFE66-.LFB66
 1132 0030 00000000 		.4byte	0
 1133 0034 00000000 		.4byte	0
 1134              		.section	.debug_ranges,"",%progbits
 1135              	.Ldebug_ranges0:
 1136 0000 00000000 		.4byte	.LFB63
 1137 0004 3C000000 		.4byte	.LFE63
 1138 0008 00000000 		.4byte	.LFB64
 1139 000c 2C000000 		.4byte	.LFE64
 1140 0010 00000000 		.4byte	.LFB65
 1141 0014 2C000000 		.4byte	.LFE65
 1142 0018 00000000 		.4byte	.LFB66
 1143 001c A4000000 		.4byte	.LFE66
 1144 0020 00000000 		.4byte	0
 1145 0024 00000000 		.4byte	0
 1146              		.section	.debug_line,"",%progbits
 1147              	.Ldebug_line0:
 1148 0000 74020000 		.section	.debug_str,"MS",%progbits,1
 1148      02000E02 
 1148      00000201 
 1148      FB0E0D00 
 1148      01010101 
 1149              	.LASF26:
 1150 0000 54696D65 		.ascii	"Timer_0_WritePeriod\000"
 1150      725F305F 
 1150      57726974 
 1150      65506572 
 1150      696F6400 
 1151              	.LASF4:
 1152 0014 5F5F7569 		.ascii	"__uint8_t\000"
 1152      6E74385F 
 1152      7400
 1153              	.LASF34:
 1154 001e 54696D65 		.ascii	"Timer_1_Start\000"
ARM GAS  C:\Users\adria\AppData\Local\Temp\ccI89AVj.s 			page 23


 1154      725F315F 
 1154      53746172 
 1154      7400
 1155              	.LASF25:
 1156 002c 61637475 		.ascii	"actualizar_ClearPending\000"
 1156      616C697A 
 1156      61725F43 
 1156      6C656172 
 1156      50656E64 
 1157              	.LASF35:
 1158 0044 4C43445F 		.ascii	"LCD_Start\000"
 1158      53746172 
 1158      7400
 1159              	.LASF27:
 1160 004e 54696D65 		.ascii	"Timer_1_WritePeriod\000"
 1160      725F315F 
 1160      57726974 
 1160      65506572 
 1160      696F6400 
 1161              	.LASF5:
 1162 0062 5F5F696E 		.ascii	"__int32_t\000"
 1162      7433325F 
 1162      7400
 1163              	.LASF44:
 1164 006c 7472756E 		.ascii	"trunca\000"
 1164      636100
 1165              	.LASF19:
 1166 0073 4449535F 		.ascii	"DIS_0\000"
 1166      3000
 1167              	.LASF20:
 1168 0079 4449535F 		.ascii	"DIS_1\000"
 1168      3100
 1169              	.LASF13:
 1170 007f 666C6F61 		.ascii	"float\000"
 1170      7400
 1171              	.LASF30:
 1172 0085 44495350 		.ascii	"DISPARADORES_Write\000"
 1172      41524144 
 1172      4F524553 
 1172      5F577269 
 1172      746500
 1173              	.LASF38:
 1174 0098 4449535F 		.ascii	"DIS_0_StartEx\000"
 1174      305F5374 
 1174      61727445 
 1174      7800
 1175              	.LASF1:
 1176 00a6 756E7369 		.ascii	"unsigned char\000"
 1176      676E6564 
 1176      20636861 
 1176      7200
 1177              	.LASF46:
 1178 00b4 474E5520 		.ascii	"GNU C11 5.4.1 20160609 (release) [ARM/embedded-5-br"
 1178      43313120 
 1178      352E342E 
 1178      31203230 
 1178      31363036 
ARM GAS  C:\Users\adria\AppData\Local\Temp\ccI89AVj.s 			page 24


 1179 00e7 616E6368 		.ascii	"anch revision 237715] -mcpu=cortex-m3 -mthumb -g -O"
 1179      20726576 
 1179      6973696F 
 1179      6E203233 
 1179      37373135 
 1180 011a 67202D66 		.ascii	"g -ffunction-sections -ffat-lto-objects\000"
 1180      66756E63 
 1180      74696F6E 
 1180      2D736563 
 1180      74696F6E 
 1181              	.LASF7:
 1182 0142 6C6F6E67 		.ascii	"long unsigned int\000"
 1182      20756E73 
 1182      69676E65 
 1182      6420696E 
 1182      7400
 1183              	.LASF3:
 1184 0154 73686F72 		.ascii	"short unsigned int\000"
 1184      7420756E 
 1184      7369676E 
 1184      65642069 
 1184      6E7400
 1185              	.LASF50:
 1186 0167 62746E73 		.ascii	"btns\000"
 1186      00
 1187              	.LASF42:
 1188 016c 62746E73 		.ascii	"btns_Read\000"
 1188      5F526561 
 1188      6400
 1189              	.LASF18:
 1190 0176 61637475 		.ascii	"actualizar\000"
 1190      616C697A 
 1190      617200
 1191              	.LASF14:
 1192 0181 646F7562 		.ascii	"double\000"
 1192      6C6500
 1193              	.LASF33:
 1194 0188 54696D65 		.ascii	"Timer_0_Start\000"
 1194      725F305F 
 1194      53746172 
 1194      7400
 1195              	.LASF22:
 1196 0196 616E6775 		.ascii	"angulo\000"
 1196      6C6F00
 1197              	.LASF29:
 1198 019d 44495350 		.ascii	"DISPARADORES_Read\000"
 1198      41524144 
 1198      4F524553 
 1198      5F526561 
 1198      6400
 1199              	.LASF37:
 1200 01af 62746E73 		.ascii	"btns_InterruptEnable\000"
 1200      5F496E74 
 1200      65727275 
 1200      7074456E 
 1200      61626C65 
 1201              	.LASF31:
ARM GAS  C:\Users\adria\AppData\Local\Temp\ccI89AVj.s 			page 25


 1202 01c4 43794465 		.ascii	"CyDelayUs\000"
 1202      6C617955 
 1202      7300
 1203              	.LASF21:
 1204 01ce 49544D5F 		.ascii	"ITM_RxBuffer\000"
 1204      52784275 
 1204      66666572 
 1204      00
 1205              	.LASF49:
 1206 01db 6D61696E 		.ascii	"main\000"
 1206      00
 1207              	.LASF23:
 1208 01e0 666C6167 		.ascii	"flag\000"
 1208      00
 1209              	.LASF10:
 1210 01e5 756E7369 		.ascii	"unsigned int\000"
 1210      676E6564 
 1210      20696E74 
 1210      00
 1211              	.LASF48:
 1212 01f2 433A5C55 		.ascii	"C:\\Users\\adria\\OneDrive\\Documents\\psoc\\Final_"
 1212      73657273 
 1212      5C616472 
 1212      69615C4F 
 1212      6E654472 
 1213 021f 4D454C43 		.ascii	"MELCHOR\\software_control_fase.cydsn\000"
 1213      484F525C 
 1213      736F6674 
 1213      77617265 
 1213      5F636F6E 
 1214              	.LASF32:
 1215 0243 4449535F 		.ascii	"DIS_1_ClearPending\000"
 1215      315F436C 
 1215      65617250 
 1215      656E6469 
 1215      6E6700
 1216              	.LASF9:
 1217 0256 6C6F6E67 		.ascii	"long long unsigned int\000"
 1217      206C6F6E 
 1217      6720756E 
 1217      7369676E 
 1217      65642069 
 1218              	.LASF11:
 1219 026d 75696E74 		.ascii	"uint8_t\000"
 1219      385F7400 
 1220              	.LASF40:
 1221 0275 4C43445F 		.ascii	"LCD_Position\000"
 1221      506F7369 
 1221      74696F6E 
 1221      00
 1222              	.LASF39:
 1223 0282 4449535F 		.ascii	"DIS_1_StartEx\000"
 1223      315F5374 
 1223      61727445 
 1223      7800
 1224              	.LASF41:
 1225 0290 4C43445F 		.ascii	"LCD_PrintString\000"
ARM GAS  C:\Users\adria\AppData\Local\Temp\ccI89AVj.s 			page 26


 1225      5072696E 
 1225      74537472 
 1225      696E6700 
 1226              	.LASF17:
 1227 02a0 73697A65 		.ascii	"sizetype\000"
 1227      74797065 
 1227      00
 1228              	.LASF8:
 1229 02a9 6C6F6E67 		.ascii	"long long int\000"
 1229      206C6F6E 
 1229      6720696E 
 1229      7400
 1230              	.LASF47:
 1231 02b7 6D61696E 		.ascii	"main.c\000"
 1231      2E6300
 1232              	.LASF15:
 1233 02be 63686172 		.ascii	"char\000"
 1233      00
 1234              	.LASF12:
 1235 02c3 696E7433 		.ascii	"int32_t\000"
 1235      325F7400 
 1236              	.LASF2:
 1237 02cb 73686F72 		.ascii	"short int\000"
 1237      7420696E 
 1237      7400
 1238              	.LASF6:
 1239 02d5 6C6F6E67 		.ascii	"long int\000"
 1239      20696E74 
 1239      00
 1240              	.LASF16:
 1241 02de 6C6F6E67 		.ascii	"long double\000"
 1241      20646F75 
 1241      626C6500 
 1242              	.LASF0:
 1243 02ea 7369676E 		.ascii	"signed char\000"
 1243      65642063 
 1243      68617200 
 1244              	.LASF36:
 1245 02f6 61637475 		.ascii	"actualizar_StartEx\000"
 1245      616C697A 
 1245      61725F53 
 1245      74617274 
 1245      457800
 1246              	.LASF45:
 1247 0309 4C43445F 		.ascii	"LCD_PrintNumber\000"
 1247      5072696E 
 1247      744E756D 
 1247      62657200 
 1248              	.LASF28:
 1249 0319 4449535F 		.ascii	"DIS_0_ClearPending\000"
 1249      305F436C 
 1249      65617250 
 1249      656E6469 
 1249      6E6700
 1250              	.LASF43:
 1251 032c 43794465 		.ascii	"CyDelay\000"
 1251      6C617900 
ARM GAS  C:\Users\adria\AppData\Local\Temp\ccI89AVj.s 			page 27


 1252              	.LASF24:
 1253 0334 44697370 		.ascii	"Disparadores_reg\000"
 1253      61726164 
 1253      6F726573 
 1253      5F726567 
 1253      00
 1254              		.ident	"GCC: (GNU Tools for ARM Embedded Processors) 5.4.1 20160609 (release) [ARM/embedded-5-bran
