ARM GAS  C:\Users\adria\AppData\Local\Temp\cc7W1Vok.s 			page 1


   1              		.syntax unified
   2              		.cpu cortex-m3
   3              		.fpu softvfp
   4              		.eabi_attribute 20, 1
   5              		.eabi_attribute 21, 1
   6              		.eabi_attribute 23, 3
   7              		.eabi_attribute 24, 1
   8              		.eabi_attribute 25, 1
   9              		.eabi_attribute 26, 1
  10              		.eabi_attribute 30, 1
  11              		.eabi_attribute 34, 1
  12              		.eabi_attribute 18, 4
  13              		.thumb
  14              		.syntax unified
  15              		.file	"cymetadata.c"
  16              		.text
  17              	.Ltext0:
  18              		.cfi_sections	.debug_frame
  19              		.global	cy_metadata
  20              		.global	cy_meta_flashprotect
  21              		.global	cy_meta_wonvl
  22              		.global	cy_meta_custnvl
  23              		.global	cy_meta_configecc
  24              		.section	.cyconfigecc,"a",%progbits
  25              		.align	2
  26              		.type	cy_meta_configecc, %object
  27              		.size	cy_meta_configecc, 392
  28              	cy_meta_configecc:
  29 0000 04       		.byte	4
  30 0001 52       		.byte	82
  31 0002 00       		.byte	0
  32 0003 40       		.byte	64
  33 0004 02       		.byte	2
  34 0005 65       		.byte	101
  35 0006 00       		.byte	0
  36 0007 40       		.byte	64
  37 0008 04       		.byte	4
  38 0009 0B       		.byte	11
  39 000a 01       		.byte	1
  40 000b 40       		.byte	64
  41 000c 02       		.byte	2
  42 000d 0C       		.byte	12
  43 000e 01       		.byte	1
  44 000f 40       		.byte	64
  45 0010 05       		.byte	5
  46 0011 0D       		.byte	13
  47 0012 01       		.byte	1
  48 0013 40       		.byte	64
  49 0014 01       		.byte	1
  50 0015 15       		.byte	21
  51 0016 01       		.byte	1
  52 0017 40       		.byte	64
  53 0018 01       		.byte	1
  54 0019 17       		.byte	23
  55 001a 01       		.byte	1
  56 001b 40       		.byte	64
  57 001c 13       		.byte	19
ARM GAS  C:\Users\adria\AppData\Local\Temp\cc7W1Vok.s 			page 2


  58 001d 18       		.byte	24
  59 001e 01       		.byte	1
  60 001f 40       		.byte	64
  61 0020 1F       		.byte	31
  62 0021 19       		.byte	25
  63 0022 01       		.byte	1
  64 0023 40       		.byte	64
  65 0024 08       		.byte	8
  66 0025 1B       		.byte	27
  67 0026 01       		.byte	1
  68 0027 40       		.byte	64
  69 0028 02       		.byte	2
  70 0029 40       		.byte	64
  71 002a 01       		.byte	1
  72 002b 40       		.byte	64
  73 002c 01       		.byte	1
  74 002d 41       		.byte	65
  75 002e 01       		.byte	1
  76 002f 40       		.byte	64
  77 0030 01       		.byte	1
  78 0031 42       		.byte	66
  79 0032 01       		.byte	1
  80 0033 40       		.byte	64
  81 0034 01       		.byte	1
  82 0035 43       		.byte	67
  83 0036 01       		.byte	1
  84 0037 40       		.byte	64
  85 0038 0A       		.byte	10
  86 0039 45       		.byte	69
  87 003a 01       		.byte	1
  88 003b 40       		.byte	64
  89 003c 07       		.byte	7
  90 003d 46       		.byte	70
  91 003e 01       		.byte	1
  92 003f 40       		.byte	64
  93 0040 03       		.byte	3
  94 0041 47       		.byte	71
  95 0042 01       		.byte	1
  96 0043 40       		.byte	64
  97 0044 03       		.byte	3
  98 0045 48       		.byte	72
  99 0046 01       		.byte	1
 100 0047 40       		.byte	64
 101 0048 05       		.byte	5
 102 0049 49       		.byte	73
 103 004a 01       		.byte	1
 104 004b 40       		.byte	64
 105 004c 0E       		.byte	14
 106 004d 4C       		.byte	76
 107 004e 01       		.byte	1
 108 004f 40       		.byte	64
 109 0050 05       		.byte	5
 110 0051 4D       		.byte	77
 111 0052 01       		.byte	1
 112 0053 40       		.byte	64
 113 0054 02       		.byte	2
 114 0055 50       		.byte	80
ARM GAS  C:\Users\adria\AppData\Local\Temp\cc7W1Vok.s 			page 3


 115 0056 01       		.byte	1
 116 0057 40       		.byte	64
 117 0058 01       		.byte	1
 118 0059 51       		.byte	81
 119 005a 01       		.byte	1
 120 005b 40       		.byte	64
 121 005c 08       		.byte	8
 122 005d 64       		.byte	100
 123 005e 09       		.byte	9
 124 005f 44       		.byte	68
 125 0060 10       		.byte	16
 126 0061 5C       		.byte	92
 127 0062 11       		.byte	17
 128 0063 34       		.byte	52
 129 0064 79       		.byte	121
 130 0065 7F       		.byte	127
 131 0066 89       		.byte	-119
 132 0067 03       		.byte	3
 133 0068 AC       		.byte	-84
 134 0069 04       		.byte	4
 135 006a B3       		.byte	-77
 136 006b 80       		.byte	-128
 137 006c B7       		.byte	-73
 138 006d 10       		.byte	16
 139 006e EC       		.byte	-20
 140 006f 02       		.byte	2
 141 0070 DB       		.byte	-37
 142 0071 04       		.byte	4
 143 0072 DF       		.byte	-33
 144 0073 01       		.byte	1
 145 0074 68       		.byte	104
 146 0075 04       		.byte	4
 147 0076 6A       		.byte	106
 148 0077 40       		.byte	64
 149 0078 6B       		.byte	107
 150 0079 90       		.byte	-112
 151 007a 82       		.byte	-126
 152 007b 40       		.byte	64
 153 007c E0       		.byte	-32
 154 007d 04       		.byte	4
 155 007e E0       		.byte	-32
 156 007f 0A       		.byte	10
 157 0080 E6       		.byte	-26
 158 0081 01       		.byte	1
 159 0082 82       		.byte	-126
 160 0083 01       		.byte	1
 161 0084 86       		.byte	-122
 162 0085 04       		.byte	4
 163 0086 8C       		.byte	-116
 164 0087 01       		.byte	1
 165 0088 8E       		.byte	-114
 166 0089 02       		.byte	2
 167 008a 93       		.byte	-109
 168 008b 01       		.byte	1
 169 008c 9E       		.byte	-98
 170 008d 08       		.byte	8
 171 008e AC       		.byte	-84
ARM GAS  C:\Users\adria\AppData\Local\Temp\cc7W1Vok.s 			page 4


 172 008f 08       		.byte	8
 173 0090 AF       		.byte	-81
 174 0091 02       		.byte	2
 175 0092 B0       		.byte	-80
 176 0093 04       		.byte	4
 177 0094 B1       		.byte	-79
 178 0095 02       		.byte	2
 179 0096 B2       		.byte	-78
 180 0097 01       		.byte	1
 181 0098 B4       		.byte	-76
 182 0099 08       		.byte	8
 183 009a B6       		.byte	-74
 184 009b 02       		.byte	2
 185 009c B7       		.byte	-73
 186 009d 01       		.byte	1
 187 009e D6       		.byte	-42
 188 009f 04       		.byte	4
 189 00a0 D8       		.byte	-40
 190 00a1 04       		.byte	4
 191 00a2 D9       		.byte	-39
 192 00a3 04       		.byte	4
 193 00a4 DB       		.byte	-37
 194 00a5 04       		.byte	4
 195 00a6 DF       		.byte	-33
 196 00a7 01       		.byte	1
 197 00a8 00       		.byte	0
 198 00a9 41       		.byte	65
 199 00aa 02       		.byte	2
 200 00ab 10       		.byte	16
 201 00ac 09       		.byte	9
 202 00ad 80       		.byte	-128
 203 00ae 12       		.byte	18
 204 00af 02       		.byte	2
 205 00b0 18       		.byte	24
 206 00b1 41       		.byte	65
 207 00b2 19       		.byte	25
 208 00b3 24       		.byte	36
 209 00b4 21       		.byte	33
 210 00b5 82       		.byte	-126
 211 00b6 22       		.byte	34
 212 00b7 02       		.byte	2
 213 00b8 2A       		.byte	42
 214 00b9 40       		.byte	64
 215 00ba 31       		.byte	49
 216 00bb 02       		.byte	2
 217 00bc 59       		.byte	89
 218 00bd 20       		.byte	32
 219 00be 5B       		.byte	91
 220 00bf 40       		.byte	64
 221 00c0 60       		.byte	96
 222 00c1 80       		.byte	-128
 223 00c2 68       		.byte	104
 224 00c3 80       		.byte	-128
 225 00c4 69       		.byte	105
 226 00c5 10       		.byte	16
 227 00c6 6B       		.byte	107
 228 00c7 21       		.byte	33
ARM GAS  C:\Users\adria\AppData\Local\Temp\cc7W1Vok.s 			page 5


 229 00c8 72       		.byte	114
 230 00c9 12       		.byte	18
 231 00ca 73       		.byte	115
 232 00cb 04       		.byte	4
 233 00cc 80       		.byte	-128
 234 00cd 80       		.byte	-128
 235 00ce 87       		.byte	-121
 236 00cf 01       		.byte	1
 237 00d0 88       		.byte	-120
 238 00d1 80       		.byte	-128
 239 00d2 89       		.byte	-119
 240 00d3 10       		.byte	16
 241 00d4 8E       		.byte	-114
 242 00d5 10       		.byte	16
 243 00d6 C0       		.byte	-64
 244 00d7 0D       		.byte	13
 245 00d8 C2       		.byte	-62
 246 00d9 01       		.byte	1
 247 00da C4       		.byte	-60
 248 00db 01       		.byte	1
 249 00dc CA       		.byte	-54
 250 00dd 08       		.byte	8
 251 00de CC       		.byte	-52
 252 00df 01       		.byte	1
 253 00e0 D6       		.byte	-42
 254 00e1 0C       		.byte	12
 255 00e2 D8       		.byte	-40
 256 00e3 01       		.byte	1
 257 00e4 E0       		.byte	-32
 258 00e5 02       		.byte	2
 259 00e6 86       		.byte	-122
 260 00e7 50       		.byte	80
 261 00e8 9E       		.byte	-98
 262 00e9 50       		.byte	80
 263 00ea A9       		.byte	-87
 264 00eb 04       		.byte	4
 265 00ec AB       		.byte	-85
 266 00ed 40       		.byte	64
 267 00ee AF       		.byte	-81
 268 00ef 04       		.byte	4
 269 00f0 B2       		.byte	-78
 270 00f1 02       		.byte	2
 271 00f2 B7       		.byte	-73
 272 00f3 20       		.byte	32
 273 00f4 E8       		.byte	-24
 274 00f5 02       		.byte	2
 275 00f6 32       		.byte	50
 276 00f7 40       		.byte	64
 277 00f8 CC       		.byte	-52
 278 00f9 10       		.byte	16
 279 00fa 96       		.byte	-106
 280 00fb 80       		.byte	-128
 281 00fc 96       		.byte	-106
 282 00fd 80       		.byte	-128
 283 00fe 96       		.byte	-106
 284 00ff 80       		.byte	-128
 285 0100 50       		.byte	80
ARM GAS  C:\Users\adria\AppData\Local\Temp\cc7W1Vok.s 			page 6


 286 0101 08       		.byte	8
 287 0102 57       		.byte	87
 288 0103 08       		.byte	8
 289 0104 5D       		.byte	93
 290 0105 88       		.byte	-120
 291 0106 60       		.byte	96
 292 0107 01       		.byte	1
 293 0108 63       		.byte	99
 294 0109 04       		.byte	4
 295 010a 66       		.byte	102
 296 010b 01       		.byte	1
 297 010c 82       		.byte	-126
 298 010d 01       		.byte	1
 299 010e D4       		.byte	-44
 300 010f 06       		.byte	6
 301 0110 D6       		.byte	-42
 302 0111 07       		.byte	7
 303 0112 D8       		.byte	-40
 304 0113 03       		.byte	3
 305 0114 94       		.byte	-108
 306 0115 01       		.byte	1
 307 0116 97       		.byte	-105
 308 0117 04       		.byte	4
 309 0118 9D       		.byte	-99
 310 0119 08       		.byte	8
 311 011a AF       		.byte	-81
 312 011b 08       		.byte	8
 313 011c B0       		.byte	-80
 314 011d 08       		.byte	8
 315 011e B5       		.byte	-75
 316 011f 80       		.byte	-128
 317 0120 EC       		.byte	-20
 318 0121 06       		.byte	6
 319 0122 94       		.byte	-108
 320 0123 01       		.byte	1
 321 0124 97       		.byte	-105
 322 0125 04       		.byte	4
 323 0126 9D       		.byte	-99
 324 0127 08       		.byte	8
 325 0128 82       		.byte	-126
 326 0129 40       		.byte	64
 327 012a 96       		.byte	-106
 328 012b 80       		.byte	-128
 329 012c E6       		.byte	-26
 330 012d 80       		.byte	-128
 331 012e 02       		.byte	2
 332 012f 10       		.byte	16
 333 0130 06       		.byte	6
 334 0131 40       		.byte	64
 335 0132 86       		.byte	-122
 336 0133 50       		.byte	80
 337 0134 C0       		.byte	-64
 338 0135 30       		.byte	48
 339 0136 E0       		.byte	-32
 340 0137 50       		.byte	80
 341 0138 54       		.byte	84
 342 0139 02       		.byte	2
ARM GAS  C:\Users\adria\AppData\Local\Temp\cc7W1Vok.s 			page 7


 343 013a 63       		.byte	99
 344 013b 02       		.byte	2
 345 013c 66       		.byte	102
 346 013d 84       		.byte	-124
 347 013e 87       		.byte	-121
 348 013f 04       		.byte	4
 349 0140 88       		.byte	-120
 350 0141 02       		.byte	2
 351 0142 89       		.byte	-119
 352 0143 08       		.byte	8
 353 0144 8E       		.byte	-114
 354 0145 04       		.byte	4
 355 0146 94       		.byte	-108
 356 0147 01       		.byte	1
 357 0148 97       		.byte	-105
 358 0149 04       		.byte	4
 359 014a 9D       		.byte	-99
 360 014b 08       		.byte	8
 361 014c D6       		.byte	-42
 362 014d 07       		.byte	7
 363 014e D8       		.byte	-40
 364 014f 01       		.byte	1
 365 0150 E0       		.byte	-32
 366 0151 01       		.byte	1
 367 0152 E4       		.byte	-28
 368 0153 09       		.byte	9
 369 0154 AE       		.byte	-82
 370 0155 80       		.byte	-128
 371 0156 B3       		.byte	-77
 372 0157 01       		.byte	1
 373 0158 B4       		.byte	-76
 374 0159 01       		.byte	1
 375 015a E8       		.byte	-24
 376 015b 01       		.byte	1
 377 015c EC       		.byte	-20
 378 015d 08       		.byte	8
 379 015e 10       		.byte	16
 380 015f 01       		.byte	1
 381 0160 1C       		.byte	28
 382 0161 01       		.byte	1
 383 0162 00       		.byte	0
 384 0163 03       		.byte	3
 385 0164 74       		.byte	116
 386 0165 00       		.byte	0
 387 0166 74       		.byte	116
 388 0167 7F       		.byte	127
 389 0168 7F       		.byte	127
 390 0169 00       		.byte	0
 391 016a 74       		.byte	116
 392 016b 00       		.byte	0
 393 016c 00       		.byte	0
 394 016d 00       		.byte	0
 395 016e 00       		.byte	0
 396 016f 00       		.byte	0
 397 0170 FE       		.byte	-2
 398 0171 00       		.byte	0
 399 0172 FE       		.byte	-2
ARM GAS  C:\Users\adria\AppData\Local\Temp\cc7W1Vok.s 			page 8


 400 0173 FE       		.byte	-2
 401 0174 FE       		.byte	-2
 402 0175 00       		.byte	0
 403 0176 FE       		.byte	-2
 404 0177 00       		.byte	0
 405 0178 00       		.byte	0
 406 0179 00       		.byte	0
 407 017a 00       		.byte	0
 408 017b 00       		.byte	0
 409 017c 03       		.byte	3
 410 017d 00       		.byte	0
 411 017e 00       		.byte	0
 412 017f 03       		.byte	3
 413 0180 00       		.byte	0
 414 0181 00       		.byte	0
 415 0182 00       		.byte	0
 416 0183 00       		.byte	0
 417 0184 00       		.byte	0
 418 0185 00       		.byte	0
 419 0186 00       		.byte	0
 420 0187 00       		.byte	0
 421              		.section	.cywolatch,"a",%progbits
 422              		.align	2
 423              		.type	cy_meta_wonvl, %object
 424              		.size	cy_meta_wonvl, 4
 425              	cy_meta_wonvl:
 426 0000 BC       		.byte	-68
 427 0001 90       		.byte	-112
 428 0002 AC       		.byte	-84
 429 0003 AF       		.byte	-81
 430              		.section	.cycustnvl,"a",%progbits
 431              		.align	2
 432              		.type	cy_meta_custnvl, %object
 433              		.size	cy_meta_custnvl, 4
 434              	cy_meta_custnvl:
 435 0000 00       		.byte	0
 436 0001 00       		.byte	0
 437 0002 40       		.byte	64
 438 0003 05       		.byte	5
 439              		.section	.cymeta,"a",%progbits
 440              		.align	2
 441              		.type	cy_metadata, %object
 442              		.size	cy_metadata, 12
 443              	cy_metadata:
 444 0000 00       		.byte	0
 445 0001 01       		.byte	1
 446 0002 2E       		.byte	46
 447 0003 16       		.byte	22
 448 0004 10       		.byte	16
 449 0005 69       		.byte	105
 450 0006 00       		.byte	0
 451 0007 01       		.byte	1
 452 0008 00       		.byte	0
 453 0009 00       		.byte	0
 454 000a 00       		.byte	0
 455 000b 00       		.byte	0
 456              		.section	.cyflashprotect,"a",%progbits
ARM GAS  C:\Users\adria\AppData\Local\Temp\cc7W1Vok.s 			page 9


 457              		.align	2
 458              		.type	cy_meta_flashprotect, %object
 459              		.size	cy_meta_flashprotect, 256
 460              	cy_meta_flashprotect:
 461 0000 00000000 		.space	256
 461      00000000 
 461      00000000 
 461      00000000 
 461      00000000 
 462              		.text
 463              	.Letext0:
 464              		.file 1 "c:\\program files (x86)\\cypress\\psoc creator\\4.4\\psoc creator\\import\\gnu\\arm\\5.4.
 465              		.file 2 "c:\\program files (x86)\\cypress\\psoc creator\\4.4\\psoc creator\\import\\gnu\\arm\\5.4.
 466              		.file 3 "Generated_Source\\PSoC5\\cymetadata.c"
 467              		.section	.debug_info,"",%progbits
 468              	.Ldebug_info0:
 469 0000 31010000 		.4byte	0x131
 470 0004 0400     		.2byte	0x4
 471 0006 00000000 		.4byte	.Ldebug_abbrev0
 472 000a 04       		.byte	0x4
 473 000b 01       		.uleb128 0x1
 474 000c 24000000 		.4byte	.LASF17
 475 0010 0C       		.byte	0xc
 476 0011 E1010000 		.4byte	.LASF18
 477 0015 06010000 		.4byte	.LASF19
 478 0019 00000000 		.4byte	.Ldebug_line0
 479 001d 02       		.uleb128 0x2
 480 001e 01       		.byte	0x1
 481 001f 06       		.byte	0x6
 482 0020 D5010000 		.4byte	.LASF0
 483 0024 03       		.uleb128 0x3
 484 0025 00000000 		.4byte	.LASF9
 485 0029 01       		.byte	0x1
 486 002a 1D       		.byte	0x1d
 487 002b 2F000000 		.4byte	0x2f
 488 002f 02       		.uleb128 0x2
 489 0030 01       		.byte	0x1
 490 0031 08       		.byte	0x8
 491 0032 16000000 		.4byte	.LASF1
 492 0036 02       		.uleb128 0x2
 493 0037 02       		.byte	0x2
 494 0038 05       		.byte	0x5
 495 0039 C2010000 		.4byte	.LASF2
 496 003d 02       		.uleb128 0x2
 497 003e 02       		.byte	0x2
 498 003f 07       		.byte	0x7
 499 0040 C4000000 		.4byte	.LASF3
 500 0044 02       		.uleb128 0x2
 501 0045 04       		.byte	0x4
 502 0046 05       		.byte	0x5
 503 0047 CC010000 		.4byte	.LASF4
 504 004b 02       		.uleb128 0x2
 505 004c 04       		.byte	0x4
 506 004d 07       		.byte	0x7
 507 004e B2000000 		.4byte	.LASF5
 508 0052 02       		.uleb128 0x2
 509 0053 08       		.byte	0x8
ARM GAS  C:\Users\adria\AppData\Local\Temp\cc7W1Vok.s 			page 10


 510 0054 05       		.byte	0x5
 511 0055 B4010000 		.4byte	.LASF6
 512 0059 02       		.uleb128 0x2
 513 005a 08       		.byte	0x8
 514 005b 07       		.byte	0x7
 515 005c 69010000 		.4byte	.LASF7
 516 0060 04       		.uleb128 0x4
 517 0061 04       		.byte	0x4
 518 0062 05       		.byte	0x5
 519 0063 696E7400 		.ascii	"int\000"
 520 0067 02       		.uleb128 0x2
 521 0068 04       		.byte	0x4
 522 0069 07       		.byte	0x7
 523 006a F9000000 		.4byte	.LASF8
 524 006e 03       		.uleb128 0x3
 525 006f 80010000 		.4byte	.LASF10
 526 0073 02       		.byte	0x2
 527 0074 18       		.byte	0x18
 528 0075 24000000 		.4byte	0x24
 529 0079 05       		.uleb128 0x5
 530 007a 91000000 		.4byte	0x91
 531 007e 8A000000 		.4byte	0x8a
 532 0082 06       		.uleb128 0x6
 533 0083 8A000000 		.4byte	0x8a
 534 0087 8701     		.2byte	0x187
 535 0089 00       		.byte	0
 536 008a 02       		.uleb128 0x2
 537 008b 04       		.byte	0x4
 538 008c 07       		.byte	0x7
 539 008d AB010000 		.4byte	.LASF11
 540 0091 07       		.uleb128 0x7
 541 0092 6E000000 		.4byte	0x6e
 542 0096 08       		.uleb128 0x8
 543 0097 E7000000 		.4byte	.LASF12
 544 009b 03       		.byte	0x3
 545 009c 1F       		.byte	0x1f
 546 009d A7000000 		.4byte	0xa7
 547 00a1 05       		.uleb128 0x5
 548 00a2 03       		.byte	0x3
 549 00a3 00000000 		.4byte	cy_meta_configecc
 550 00a7 07       		.uleb128 0x7
 551 00a8 79000000 		.4byte	0x79
 552 00ac 05       		.uleb128 0x5
 553 00ad 91000000 		.4byte	0x91
 554 00b1 BC000000 		.4byte	0xbc
 555 00b5 09       		.uleb128 0x9
 556 00b6 8A000000 		.4byte	0x8a
 557 00ba 03       		.byte	0x3
 558 00bb 00       		.byte	0
 559 00bc 08       		.uleb128 0x8
 560 00bd D7000000 		.4byte	.LASF13
 561 00c1 03       		.byte	0x3
 562 00c2 5D       		.byte	0x5d
 563 00c3 CD000000 		.4byte	0xcd
 564 00c7 05       		.uleb128 0x5
 565 00c8 03       		.byte	0x3
 566 00c9 00000000 		.4byte	cy_meta_custnvl
ARM GAS  C:\Users\adria\AppData\Local\Temp\cc7W1Vok.s 			page 11


 567 00cd 07       		.uleb128 0x7
 568 00ce AC000000 		.4byte	0xac
 569 00d2 08       		.uleb128 0x8
 570 00d3 9D010000 		.4byte	.LASF14
 571 00d7 03       		.byte	0x3
 572 00d8 6B       		.byte	0x6b
 573 00d9 E3000000 		.4byte	0xe3
 574 00dd 05       		.uleb128 0x5
 575 00de 03       		.byte	0x3
 576 00df 00000000 		.4byte	cy_meta_wonvl
 577 00e3 07       		.uleb128 0x7
 578 00e4 AC000000 		.4byte	0xac
 579 00e8 05       		.uleb128 0x5
 580 00e9 91000000 		.4byte	0x91
 581 00ed F8000000 		.4byte	0xf8
 582 00f1 09       		.uleb128 0x9
 583 00f2 8A000000 		.4byte	0x8a
 584 00f6 FF       		.byte	0xff
 585 00f7 00       		.byte	0
 586 00f8 08       		.uleb128 0x8
 587 00f9 88010000 		.4byte	.LASF15
 588 00fd 03       		.byte	0x3
 589 00fe 79       		.byte	0x79
 590 00ff 09010000 		.4byte	0x109
 591 0103 05       		.uleb128 0x5
 592 0104 03       		.byte	0x3
 593 0105 00000000 		.4byte	cy_meta_flashprotect
 594 0109 07       		.uleb128 0x7
 595 010a E8000000 		.4byte	0xe8
 596 010e 05       		.uleb128 0x5
 597 010f 91000000 		.4byte	0x91
 598 0113 1E010000 		.4byte	0x11e
 599 0117 09       		.uleb128 0x9
 600 0118 8A000000 		.4byte	0x8a
 601 011c 0B       		.byte	0xb
 602 011d 00       		.byte	0
 603 011e 08       		.uleb128 0x8
 604 011f 0A000000 		.4byte	.LASF16
 605 0123 03       		.byte	0x3
 606 0124 A6       		.byte	0xa6
 607 0125 2F010000 		.4byte	0x12f
 608 0129 05       		.uleb128 0x5
 609 012a 03       		.byte	0x3
 610 012b 00000000 		.4byte	cy_metadata
 611 012f 07       		.uleb128 0x7
 612 0130 0E010000 		.4byte	0x10e
 613 0134 00       		.byte	0
 614              		.section	.debug_abbrev,"",%progbits
 615              	.Ldebug_abbrev0:
 616 0000 01       		.uleb128 0x1
 617 0001 11       		.uleb128 0x11
 618 0002 01       		.byte	0x1
 619 0003 25       		.uleb128 0x25
 620 0004 0E       		.uleb128 0xe
 621 0005 13       		.uleb128 0x13
 622 0006 0B       		.uleb128 0xb
 623 0007 03       		.uleb128 0x3
ARM GAS  C:\Users\adria\AppData\Local\Temp\cc7W1Vok.s 			page 12


 624 0008 0E       		.uleb128 0xe
 625 0009 1B       		.uleb128 0x1b
 626 000a 0E       		.uleb128 0xe
 627 000b 10       		.uleb128 0x10
 628 000c 17       		.uleb128 0x17
 629 000d 00       		.byte	0
 630 000e 00       		.byte	0
 631 000f 02       		.uleb128 0x2
 632 0010 24       		.uleb128 0x24
 633 0011 00       		.byte	0
 634 0012 0B       		.uleb128 0xb
 635 0013 0B       		.uleb128 0xb
 636 0014 3E       		.uleb128 0x3e
 637 0015 0B       		.uleb128 0xb
 638 0016 03       		.uleb128 0x3
 639 0017 0E       		.uleb128 0xe
 640 0018 00       		.byte	0
 641 0019 00       		.byte	0
 642 001a 03       		.uleb128 0x3
 643 001b 16       		.uleb128 0x16
 644 001c 00       		.byte	0
 645 001d 03       		.uleb128 0x3
 646 001e 0E       		.uleb128 0xe
 647 001f 3A       		.uleb128 0x3a
 648 0020 0B       		.uleb128 0xb
 649 0021 3B       		.uleb128 0x3b
 650 0022 0B       		.uleb128 0xb
 651 0023 49       		.uleb128 0x49
 652 0024 13       		.uleb128 0x13
 653 0025 00       		.byte	0
 654 0026 00       		.byte	0
 655 0027 04       		.uleb128 0x4
 656 0028 24       		.uleb128 0x24
 657 0029 00       		.byte	0
 658 002a 0B       		.uleb128 0xb
 659 002b 0B       		.uleb128 0xb
 660 002c 3E       		.uleb128 0x3e
 661 002d 0B       		.uleb128 0xb
 662 002e 03       		.uleb128 0x3
 663 002f 08       		.uleb128 0x8
 664 0030 00       		.byte	0
 665 0031 00       		.byte	0
 666 0032 05       		.uleb128 0x5
 667 0033 01       		.uleb128 0x1
 668 0034 01       		.byte	0x1
 669 0035 49       		.uleb128 0x49
 670 0036 13       		.uleb128 0x13
 671 0037 01       		.uleb128 0x1
 672 0038 13       		.uleb128 0x13
 673 0039 00       		.byte	0
 674 003a 00       		.byte	0
 675 003b 06       		.uleb128 0x6
 676 003c 21       		.uleb128 0x21
 677 003d 00       		.byte	0
 678 003e 49       		.uleb128 0x49
 679 003f 13       		.uleb128 0x13
 680 0040 2F       		.uleb128 0x2f
ARM GAS  C:\Users\adria\AppData\Local\Temp\cc7W1Vok.s 			page 13


 681 0041 05       		.uleb128 0x5
 682 0042 00       		.byte	0
 683 0043 00       		.byte	0
 684 0044 07       		.uleb128 0x7
 685 0045 26       		.uleb128 0x26
 686 0046 00       		.byte	0
 687 0047 49       		.uleb128 0x49
 688 0048 13       		.uleb128 0x13
 689 0049 00       		.byte	0
 690 004a 00       		.byte	0
 691 004b 08       		.uleb128 0x8
 692 004c 34       		.uleb128 0x34
 693 004d 00       		.byte	0
 694 004e 03       		.uleb128 0x3
 695 004f 0E       		.uleb128 0xe
 696 0050 3A       		.uleb128 0x3a
 697 0051 0B       		.uleb128 0xb
 698 0052 3B       		.uleb128 0x3b
 699 0053 0B       		.uleb128 0xb
 700 0054 49       		.uleb128 0x49
 701 0055 13       		.uleb128 0x13
 702 0056 3F       		.uleb128 0x3f
 703 0057 19       		.uleb128 0x19
 704 0058 02       		.uleb128 0x2
 705 0059 18       		.uleb128 0x18
 706 005a 00       		.byte	0
 707 005b 00       		.byte	0
 708 005c 09       		.uleb128 0x9
 709 005d 21       		.uleb128 0x21
 710 005e 00       		.byte	0
 711 005f 49       		.uleb128 0x49
 712 0060 13       		.uleb128 0x13
 713 0061 2F       		.uleb128 0x2f
 714 0062 0B       		.uleb128 0xb
 715 0063 00       		.byte	0
 716 0064 00       		.byte	0
 717 0065 00       		.byte	0
 718              		.section	.debug_aranges,"",%progbits
 719 0000 14000000 		.4byte	0x14
 720 0004 0200     		.2byte	0x2
 721 0006 00000000 		.4byte	.Ldebug_info0
 722 000a 04       		.byte	0x4
 723 000b 00       		.byte	0
 724 000c 0000     		.2byte	0
 725 000e 0000     		.2byte	0
 726 0010 00000000 		.4byte	0
 727 0014 00000000 		.4byte	0
 728              		.section	.debug_line,"",%progbits
 729              	.Ldebug_line0:
 730 0000 3D010000 		.section	.debug_str,"MS",%progbits,1
 730      02003701 
 730      00000201 
 730      FB0E0D00 
 730      01010101 
 731              	.LASF9:
 732 0000 5F5F7569 		.ascii	"__uint8_t\000"
 732      6E74385F 
ARM GAS  C:\Users\adria\AppData\Local\Temp\cc7W1Vok.s 			page 14


 732      7400
 733              	.LASF16:
 734 000a 63795F6D 		.ascii	"cy_metadata\000"
 734      65746164 
 734      61746100 
 735              	.LASF1:
 736 0016 756E7369 		.ascii	"unsigned char\000"
 736      676E6564 
 736      20636861 
 736      7200
 737              	.LASF17:
 738 0024 474E5520 		.ascii	"GNU C11 5.4.1 20160609 (release) [ARM/embedded-5-br"
 738      43313120 
 738      352E342E 
 738      31203230 
 738      31363036 
 739 0057 616E6368 		.ascii	"anch revision 237715] -mcpu=cortex-m3 -mthumb -g -O"
 739      20726576 
 739      6973696F 
 739      6E203233 
 739      37373135 
 740 008a 67202D66 		.ascii	"g -ffunction-sections -ffat-lto-objects\000"
 740      66756E63 
 740      74696F6E 
 740      2D736563 
 740      74696F6E 
 741              	.LASF5:
 742 00b2 6C6F6E67 		.ascii	"long unsigned int\000"
 742      20756E73 
 742      69676E65 
 742      6420696E 
 742      7400
 743              	.LASF3:
 744 00c4 73686F72 		.ascii	"short unsigned int\000"
 744      7420756E 
 744      7369676E 
 744      65642069 
 744      6E7400
 745              	.LASF13:
 746 00d7 63795F6D 		.ascii	"cy_meta_custnvl\000"
 746      6574615F 
 746      63757374 
 746      6E766C00 
 747              	.LASF12:
 748 00e7 63795F6D 		.ascii	"cy_meta_configecc\000"
 748      6574615F 
 748      636F6E66 
 748      69676563 
 748      6300
 749              	.LASF8:
 750 00f9 756E7369 		.ascii	"unsigned int\000"
 750      676E6564 
 750      20696E74 
 750      00
 751              	.LASF19:
 752 0106 433A5C55 		.ascii	"C:\\Users\\adria\\OneDrive\\Documents\\psoc\\7seg_m"
 752      73657273 
ARM GAS  C:\Users\adria\AppData\Local\Temp\cc7W1Vok.s 			page 15


 752      5C616472 
 752      69615C4F 
 752      6E654472 
 753 0133 756C7469 		.ascii	"ultiplexado_hardware\\7seg_multiplexado_firmware.cy"
 753      706C6578 
 753      61646F5F 
 753      68617264 
 753      77617265 
 754 0165 64736E00 		.ascii	"dsn\000"
 755              	.LASF7:
 756 0169 6C6F6E67 		.ascii	"long long unsigned int\000"
 756      206C6F6E 
 756      6720756E 
 756      7369676E 
 756      65642069 
 757              	.LASF10:
 758 0180 75696E74 		.ascii	"uint8_t\000"
 758      385F7400 
 759              	.LASF15:
 760 0188 63795F6D 		.ascii	"cy_meta_flashprotect\000"
 760      6574615F 
 760      666C6173 
 760      6870726F 
 760      74656374 
 761              	.LASF14:
 762 019d 63795F6D 		.ascii	"cy_meta_wonvl\000"
 762      6574615F 
 762      776F6E76 
 762      6C00
 763              	.LASF11:
 764 01ab 73697A65 		.ascii	"sizetype\000"
 764      74797065 
 764      00
 765              	.LASF6:
 766 01b4 6C6F6E67 		.ascii	"long long int\000"
 766      206C6F6E 
 766      6720696E 
 766      7400
 767              	.LASF2:
 768 01c2 73686F72 		.ascii	"short int\000"
 768      7420696E 
 768      7400
 769              	.LASF4:
 770 01cc 6C6F6E67 		.ascii	"long int\000"
 770      20696E74 
 770      00
 771              	.LASF0:
 772 01d5 7369676E 		.ascii	"signed char\000"
 772      65642063 
 772      68617200 
 773              	.LASF18:
 774 01e1 47656E65 		.ascii	"Generated_Source\\PSoC5\\cymetadata.c\000"
 774      72617465 
 774      645F536F 
 774      75726365 
 774      5C50536F 
 775              		.ident	"GCC: (GNU Tools for ARM Embedded Processors) 5.4.1 20160609 (release) [ARM/embedded-5-bran
ARM GAS  C:\Users\adria\AppData\Local\Temp\cc7W1Vok.s 			page 16


