ARM GAS  C:\Users\adria\AppData\Local\Temp\ccpsrgR1.s 			page 1


   1              		.syntax unified
   2              		.cpu cortex-m3
   3              		.fpu softvfp
   4              		.eabi_attribute 20, 1
   5              		.eabi_attribute 21, 1
   6              		.eabi_attribute 23, 3
   7              		.eabi_attribute 24, 1
   8              		.eabi_attribute 25, 1
   9              		.eabi_attribute 26, 1
  10              		.eabi_attribute 30, 1
  11              		.eabi_attribute 34, 1
  12              		.eabi_attribute 18, 4
  13              		.thumb
  14              		.syntax unified
  15              		.file	"main.c"
  16              		.text
  17              	.Ltext0:
  18              		.cfi_sections	.debug_frame
  19              		.section	.text.ISR_botones,"ax",%progbits
  20              		.align	2
  21              		.global	ISR_botones
  22              		.thumb
  23              		.thumb_func
  24              		.type	ISR_botones, %function
  25              	ISR_botones:
  26              	.LFB63:
  27              		.file 1 "main.c"
   1:main.c        **** #include "project.h"
   2:main.c        **** #include "Firmware_7seg.h"
   3:main.c        **** 
   4:main.c        **** #define Conteo_max 9999 //Cambiamos esta madre para el conteo máximo
   5:main.c        **** 
   6:main.c        **** uint16_t cont=0x00;//Contador para el cronometro
   7:main.c        **** uint16_t bandera =0x00;
   8:main.c        **** uint8_t Reg_Botones;//Aqui van qué botones se había apretado
   9:main.c        **** CY_ISR(ISR_botones){
  28              		.loc 1 9 0
  29              		.cfi_startproc
  30              		@ args = 0, pretend = 0, frame = 0
  31              		@ frame_needed = 0, uses_anonymous_args = 0
  32 0000 08B5     		push	{r3, lr}
  33              		.cfi_def_cfa_offset 8
  34              		.cfi_offset 3, -8
  35              		.cfi_offset 14, -4
  10:main.c        ****       ISR_botones_ClearPending();
  36              		.loc 1 10 0
  37 0002 FFF7FEFF 		bl	ISR_botones_ClearPending
  38              	.LVL0:
  11:main.c        ****     
  12:main.c        ****       Reg_Botones = Status_Botones_Read();//Por el sticky se limpia despues de leer
  39              		.loc 1 12 0
  40 0006 FFF7FEFF 		bl	Status_Botones_Read
  41              	.LVL1:
  42 000a 064B     		ldr	r3, .L5
  43 000c 1870     		strb	r0, [r3]
  13:main.c        ****       if(Reg_Botones == 0x02){//SETEO
  44              		.loc 1 13 0
ARM GAS  C:\Users\adria\AppData\Local\Temp\ccpsrgR1.s 			page 2


  45 000e 0228     		cmp	r0, #2
  46 0010 02D1     		bne	.L2
  14:main.c        ****         cont = 0;
  47              		.loc 1 14 0
  48 0012 0022     		movs	r2, #0
  49 0014 044B     		ldr	r3, .L5+4
  50 0016 1A80     		strh	r2, [r3]	@ movhi
  51              	.L2:
  15:main.c        ****         }
  16:main.c        ****       if(Reg_Botones == 0x01){// 0inicio/1paro
  52              		.loc 1 16 0
  53 0018 0128     		cmp	r0, #1
  54 001a 02D1     		bne	.L1
  17:main.c        ****         bandera ^= bandera;//Hacemos
  55              		.loc 1 17 0
  56 001c 0022     		movs	r2, #0
  57 001e 024B     		ldr	r3, .L5+4
  58 0020 5A80     		strh	r2, [r3, #2]	@ movhi
  59              	.L1:
  60 0022 08BD     		pop	{r3, pc}
  61              	.L6:
  62              		.align	2
  63              	.L5:
  64 0024 00000000 		.word	Reg_Botones
  65 0028 00000000 		.word	.LANCHOR0
  66              		.cfi_endproc
  67              	.LFE63:
  68              		.size	ISR_botones, .-ISR_botones
  69              		.section	.text.main,"ax",%progbits
  70              		.align	2
  71              		.global	main
  72              		.thumb
  73              		.thumb_func
  74              		.type	main, %function
  75              	main:
  76              	.LFB64:
  18:main.c        ****       }
  19:main.c        **** }
  20:main.c        **** 
  21:main.c        **** 
  22:main.c        **** int main(void)
  23:main.c        **** {
  77              		.loc 1 23 0
  78              		.cfi_startproc
  79              		@ args = 0, pretend = 0, frame = 8
  80              		@ frame_needed = 0, uses_anonymous_args = 0
  81 0000 10B5     		push	{r4, lr}
  82              		.cfi_def_cfa_offset 8
  83              		.cfi_offset 4, -8
  84              		.cfi_offset 14, -4
  85 0002 82B0     		sub	sp, sp, #8
  86              		.cfi_def_cfa_offset 16
  24:main.c        ****     CyGlobalIntEnable;
  87              		.loc 1 24 0
  88              		.syntax unified
  89              	@ 24 "main.c" 1
  90 0004 62B6     		CPSIE   i
ARM GAS  C:\Users\adria\AppData\Local\Temp\ccpsrgR1.s 			page 3


  91              	@ 0 "" 2
  25:main.c        ****     ISR_botones_StartEx(ISR_botones);
  92              		.loc 1 25 0
  93              		.thumb
  94              		.syntax unified
  95 0006 1748     		ldr	r0, .L14
  96 0008 FFF7FEFF 		bl	ISR_botones_StartEx
  97              	.LVL2:
  26:main.c        ****     ISR_botones_ClearPending();
  98              		.loc 1 26 0
  99 000c FFF7FEFF 		bl	ISR_botones_ClearPending
 100              	.LVL3:
  27:main.c        ****     
  28:main.c        ****     
  29:main.c        ****     uint8_t Mux_dig[] = {BIT0,BIT1,BIT2,BIT3};//Iniciamos con el primer los transistores habilitado
 101              		.loc 1 29 0
 102 0010 154B     		ldr	r3, .L14+4
 103 0012 1868     		ldr	r0, [r3]	@ unaligned
 104 0014 0190     		str	r0, [sp, #4]	@ unaligned
 105              	.L8:
 106              	.LVL4:
 107              	.LBB2:
  30:main.c        ****     for(;;)
  31:main.c        ****     {
  32:main.c        ****         
  33:main.c        ****         
  34:main.c        ****         for(int i=0;i<=3;i++){
 108              		.loc 1 34 0
 109 0016 0024     		movs	r4, #0
 110 0018 0DE0     		b	.L9
 111              	.LVL5:
 112              	.L10:
  35:main.c        ****             //Rutina del multiplexado con displa
  36:main.c        ****             BCD_CODIFIG(DIGITOS[i]);//Codificamos digito
 113              		.loc 1 36 0 discriminator 3
 114 001a 144B     		ldr	r3, .L14+8
 115 001c 185D     		ldrb	r0, [r3, r4]	@ zero_extendqisi2
 116 001e FFF7FEFF 		bl	BCD_CODIFIG
 117              	.LVL6:
  37:main.c        ****             Displays_mux_Write(Mux_dig[i]);//Ensendemos el digito que le toca y apagamos los otros
 118              		.loc 1 37 0 discriminator 3
 119 0022 02AB     		add	r3, sp, #8
 120 0024 2344     		add	r3, r3, r4
 121 0026 13F8040C 		ldrb	r0, [r3, #-4]	@ zero_extendqisi2
 122 002a FFF7FEFF 		bl	Displays_mux_Write
 123              	.LVL7:
  38:main.c        ****             
  39:main.c        ****             CyDelay(10);//Pa que lusca alvrg
 124              		.loc 1 39 0 discriminator 3
 125 002e 0A20     		movs	r0, #10
 126 0030 FFF7FEFF 		bl	CyDelay
 127              	.LVL8:
  34:main.c        ****             //Rutina del multiplexado con displa
 128              		.loc 1 34 0 discriminator 3
 129 0034 0134     		adds	r4, r4, #1
 130              	.LVL9:
 131              	.L9:
ARM GAS  C:\Users\adria\AppData\Local\Temp\ccpsrgR1.s 			page 4


  34:main.c        ****             //Rutina del multiplexado con displa
 132              		.loc 1 34 0 is_stmt 0 discriminator 1
 133 0036 032C     		cmp	r4, #3
 134 0038 EFDD     		ble	.L10
 135              	.LBE2:
  40:main.c        ****         }
  41:main.c        ****         
  42:main.c        ****         
  43:main.c        ****         //imulamos el conteo de segundo
  44:main.c        ****         /* 
  45:main.c        ****             B1,B0
  46:main.c        ****             0  0   B0 PARO   
  47:main.c        ****             0  1   B0 INICIO
  48:main.c        ****             1  0   SETEO
  49:main.c        ****             1  1   N/A
  50:main.c        ****       */
  51:main.c        ****         
  52:main.c        ****             if(cont<=Conteo_max && bandera == 0){
 136              		.loc 1 52 0 is_stmt 1
 137 003a 0D4B     		ldr	r3, .L14+12
 138 003c 1888     		ldrh	r0, [r3]
 139 003e 42F20F73 		movw	r3, #9999
 140 0042 9842     		cmp	r0, r3
 141 0044 09D8     		bhi	.L11
 142              		.loc 1 52 0 is_stmt 0 discriminator 1
 143 0046 0A4B     		ldr	r3, .L14+12
 144 0048 5B88     		ldrh	r3, [r3, #2]
 145 004a 33B9     		cbnz	r3, .L11
  53:main.c        ****             //Actualizamos el valor de 7 segmentos
  54:main.c        ****             Separa_digitos(cont);//separamos digitos
 146              		.loc 1 54 0 is_stmt 1
 147 004c FFF7FEFF 		bl	Separa_digitos
 148              	.LVL10:
  55:main.c        ****             cont++;
 149              		.loc 1 55 0
 150 0050 074A     		ldr	r2, .L14+12
 151 0052 1388     		ldrh	r3, [r2]
 152 0054 0133     		adds	r3, r3, #1
 153 0056 1380     		strh	r3, [r2]	@ movhi
 154 0058 DDE7     		b	.L8
 155              	.L11:
  56:main.c        ****             }else{
  57:main.c        ****                 cont=0;
 156              		.loc 1 57 0
 157 005a 0022     		movs	r2, #0
 158 005c 044B     		ldr	r3, .L14+12
 159 005e 1A80     		strh	r2, [r3]	@ movhi
 160 0060 D9E7     		b	.L8
 161              	.L15:
 162 0062 00BF     		.align	2
 163              	.L14:
 164 0064 00000000 		.word	ISR_botones
 165 0068 00000000 		.word	.LANCHOR1
 166 006c 00000000 		.word	DIGITOS
 167 0070 00000000 		.word	.LANCHOR0
 168              		.cfi_endproc
 169              	.LFE64:
ARM GAS  C:\Users\adria\AppData\Local\Temp\ccpsrgR1.s 			page 5


 170              		.size	main, .-main
 171              		.comm	Reg_Botones,1,1
 172              		.global	bandera
 173              		.global	cont
 174              		.comm	DIGITOS,4,4
 175              		.section	.rodata
 176              		.align	2
 177              		.set	.LANCHOR1,. + 0
 178              	.LC0:
 179 0000 01       		.byte	1
 180 0001 02       		.byte	2
 181 0002 04       		.byte	4
 182 0003 08       		.byte	8
 183              		.bss
 184              		.align	1
 185              		.set	.LANCHOR0,. + 0
 186              		.type	cont, %object
 187              		.size	cont, 2
 188              	cont:
 189 0000 0000     		.space	2
 190              		.type	bandera, %object
 191              		.size	bandera, 2
 192              	bandera:
 193 0002 0000     		.space	2
 194              		.text
 195              	.Letext0:
 196              		.file 2 "c:\\program files (x86)\\cypress\\psoc creator\\4.4\\psoc creator\\import\\gnu\\arm\\5.4.
 197              		.file 3 "c:\\program files (x86)\\cypress\\psoc creator\\4.4\\psoc creator\\import\\gnu\\arm\\5.4.
 198              		.file 4 "Generated_Source\\PSoC5/core_cm3.h"
 199              		.file 5 "Firmware_7seg.h"
 200              		.file 6 "Generated_Source\\PSoC5/ISR_botones.h"
 201              		.file 7 "Generated_Source\\PSoC5/Status_Botones.h"
 202              		.file 8 "Generated_Source\\PSoC5/Displays_mux.h"
 203              		.file 9 "Generated_Source\\PSoC5/CyLib.h"
 204              		.section	.debug_info,"",%progbits
 205              	.Ldebug_info0:
 206 0000 46020000 		.4byte	0x246
 207 0004 0400     		.2byte	0x4
 208 0006 00000000 		.4byte	.Ldebug_abbrev0
 209 000a 04       		.byte	0x4
 210 000b 01       		.uleb128 0x1
 211 000c 5D000000 		.4byte	.LASF33
 212 0010 0C       		.byte	0xc
 213 0011 4C020000 		.4byte	.LASF34
 214 0015 9F010000 		.4byte	.LASF35
 215 0019 00000000 		.4byte	.Ldebug_ranges0+0
 216 001d 00000000 		.4byte	0
 217 0021 00000000 		.4byte	.Ldebug_line0
 218 0025 02       		.uleb128 0x2
 219 0026 01       		.byte	0x1
 220 0027 06       		.byte	0x6
 221 0028 79020000 		.4byte	.LASF0
 222 002c 03       		.uleb128 0x3
 223 002d 00000000 		.4byte	.LASF3
 224 0031 02       		.byte	0x2
 225 0032 1D       		.byte	0x1d
 226 0033 37000000 		.4byte	0x37
ARM GAS  C:\Users\adria\AppData\Local\Temp\ccpsrgR1.s 			page 6


 227 0037 02       		.uleb128 0x2
 228 0038 01       		.byte	0x1
 229 0039 08       		.byte	0x8
 230 003a 4F000000 		.4byte	.LASF1
 231 003e 02       		.uleb128 0x2
 232 003f 02       		.byte	0x2
 233 0040 05       		.byte	0x5
 234 0041 58020000 		.4byte	.LASF2
 235 0045 03       		.uleb128 0x3
 236 0046 4B010000 		.4byte	.LASF4
 237 004a 02       		.byte	0x2
 238 004b 2B       		.byte	0x2b
 239 004c 50000000 		.4byte	0x50
 240 0050 02       		.uleb128 0x2
 241 0051 02       		.byte	0x2
 242 0052 07       		.byte	0x7
 243 0053 11010000 		.4byte	.LASF5
 244 0057 03       		.uleb128 0x3
 245 0058 16000000 		.4byte	.LASF6
 246 005c 02       		.byte	0x2
 247 005d 3F       		.byte	0x3f
 248 005e 62000000 		.4byte	0x62
 249 0062 02       		.uleb128 0x2
 250 0063 04       		.byte	0x4
 251 0064 05       		.byte	0x5
 252 0065 6B020000 		.4byte	.LASF7
 253 0069 02       		.uleb128 0x2
 254 006a 04       		.byte	0x4
 255 006b 07       		.byte	0x7
 256 006c FF000000 		.4byte	.LASF8
 257 0070 02       		.uleb128 0x2
 258 0071 08       		.byte	0x8
 259 0072 05       		.byte	0x5
 260 0073 3E020000 		.4byte	.LASF9
 261 0077 02       		.uleb128 0x2
 262 0078 08       		.byte	0x8
 263 0079 07       		.byte	0x7
 264 007a 02020000 		.4byte	.LASF10
 265 007e 04       		.uleb128 0x4
 266 007f 04       		.byte	0x4
 267 0080 05       		.byte	0x5
 268 0081 696E7400 		.ascii	"int\000"
 269 0085 02       		.uleb128 0x2
 270 0086 04       		.byte	0x4
 271 0087 07       		.byte	0x7
 272 0088 92010000 		.4byte	.LASF11
 273 008c 03       		.uleb128 0x3
 274 008d 19020000 		.4byte	.LASF12
 275 0091 03       		.byte	0x3
 276 0092 18       		.byte	0x18
 277 0093 2C000000 		.4byte	0x2c
 278 0097 03       		.uleb128 0x3
 279 0098 62020000 		.4byte	.LASF13
 280 009c 03       		.byte	0x3
 281 009d 24       		.byte	0x24
 282 009e 45000000 		.4byte	0x45
 283 00a2 03       		.uleb128 0x3
ARM GAS  C:\Users\adria\AppData\Local\Temp\ccpsrgR1.s 			page 7


 284 00a3 41000000 		.4byte	.LASF14
 285 00a7 03       		.byte	0x3
 286 00a8 2C       		.byte	0x2c
 287 00a9 57000000 		.4byte	0x57
 288 00ad 02       		.uleb128 0x2
 289 00ae 04       		.byte	0x4
 290 00af 04       		.byte	0x4
 291 00b0 49000000 		.4byte	.LASF15
 292 00b4 02       		.uleb128 0x2
 293 00b5 08       		.byte	0x8
 294 00b6 04       		.byte	0x4
 295 00b7 56010000 		.4byte	.LASF16
 296 00bb 02       		.uleb128 0x2
 297 00bc 01       		.byte	0x1
 298 00bd 08       		.byte	0x8
 299 00be 53020000 		.4byte	.LASF17
 300 00c2 02       		.uleb128 0x2
 301 00c3 08       		.byte	0x8
 302 00c4 04       		.byte	0x4
 303 00c5 29020000 		.4byte	.LASF18
 304 00c9 02       		.uleb128 0x2
 305 00ca 04       		.byte	0x4
 306 00cb 07       		.byte	0x7
 307 00cc 35020000 		.4byte	.LASF19
 308 00d0 05       		.uleb128 0x5
 309 00d1 85020000 		.4byte	.LASF36
 310 00d5 01       		.byte	0x1
 311 00d6 09       		.byte	0x9
 312 00d7 00000000 		.4byte	.LFB63
 313 00db 2C000000 		.4byte	.LFE63-.LFB63
 314 00df 01       		.uleb128 0x1
 315 00e0 9C       		.byte	0x9c
 316 00e1 F8000000 		.4byte	0xf8
 317 00e5 06       		.uleb128 0x6
 318 00e6 06000000 		.4byte	.LVL0
 319 00ea FC010000 		.4byte	0x1fc
 320 00ee 06       		.uleb128 0x6
 321 00ef 0A000000 		.4byte	.LVL1
 322 00f3 07020000 		.4byte	0x207
 323 00f7 00       		.byte	0
 324 00f8 07       		.uleb128 0x7
 325 00f9 5D010000 		.4byte	.LASF37
 326 00fd 01       		.byte	0x1
 327 00fe 16       		.byte	0x16
 328 00ff 7E000000 		.4byte	0x7e
 329 0103 00000000 		.4byte	.LFB64
 330 0107 74000000 		.4byte	.LFE64-.LFB64
 331 010b 01       		.uleb128 0x1
 332 010c 9C       		.byte	0x9c
 333 010d 97010000 		.4byte	0x197
 334 0111 08       		.uleb128 0x8
 335 0112 39000000 		.4byte	.LASF20
 336 0116 01       		.byte	0x1
 337 0117 1D       		.byte	0x1d
 338 0118 97010000 		.4byte	0x197
 339 011c 02       		.uleb128 0x2
 340 011d 91       		.byte	0x91
ARM GAS  C:\Users\adria\AppData\Local\Temp\ccpsrgR1.s 			page 8


 341 011e 74       		.sleb128 -12
 342 011f 09       		.uleb128 0x9
 343 0120 16000000 		.4byte	.LBB2
 344 0124 24000000 		.4byte	.LBE2-.LBB2
 345 0128 6D010000 		.4byte	0x16d
 346 012c 0A       		.uleb128 0xa
 347 012d 6900     		.ascii	"i\000"
 348 012f 01       		.byte	0x1
 349 0130 22       		.byte	0x22
 350 0131 7E000000 		.4byte	0x7e
 351 0135 00000000 		.4byte	.LLST0
 352 0139 06       		.uleb128 0x6
 353 013a 22000000 		.4byte	.LVL6
 354 013e 12020000 		.4byte	0x212
 355 0142 0B       		.uleb128 0xb
 356 0143 2E000000 		.4byte	.LVL7
 357 0147 1D020000 		.4byte	0x21d
 358 014b 5D010000 		.4byte	0x15d
 359 014f 0C       		.uleb128 0xc
 360 0150 01       		.uleb128 0x1
 361 0151 50       		.byte	0x50
 362 0152 09       		.uleb128 0x9
 363 0153 91       		.byte	0x91
 364 0154 00       		.sleb128 0
 365 0155 74       		.byte	0x74
 366 0156 00       		.sleb128 0
 367 0157 22       		.byte	0x22
 368 0158 3C       		.byte	0x3c
 369 0159 1C       		.byte	0x1c
 370 015a 94       		.byte	0x94
 371 015b 01       		.byte	0x1
 372 015c 00       		.byte	0
 373 015d 0D       		.uleb128 0xd
 374 015e 34000000 		.4byte	.LVL8
 375 0162 28020000 		.4byte	0x228
 376 0166 0C       		.uleb128 0xc
 377 0167 01       		.uleb128 0x1
 378 0168 50       		.byte	0x50
 379 0169 01       		.uleb128 0x1
 380 016a 3A       		.byte	0x3a
 381 016b 00       		.byte	0
 382 016c 00       		.byte	0
 383 016d 0B       		.uleb128 0xb
 384 016e 0C000000 		.4byte	.LVL2
 385 0172 33020000 		.4byte	0x233
 386 0176 84010000 		.4byte	0x184
 387 017a 0C       		.uleb128 0xc
 388 017b 01       		.uleb128 0x1
 389 017c 50       		.byte	0x50
 390 017d 05       		.uleb128 0x5
 391 017e 03       		.byte	0x3
 392 017f 00000000 		.4byte	ISR_botones
 393 0183 00       		.byte	0
 394 0184 06       		.uleb128 0x6
 395 0185 10000000 		.4byte	.LVL3
 396 0189 FC010000 		.4byte	0x1fc
 397 018d 06       		.uleb128 0x6
ARM GAS  C:\Users\adria\AppData\Local\Temp\ccpsrgR1.s 			page 9


 398 018e 50000000 		.4byte	.LVL10
 399 0192 3E020000 		.4byte	0x23e
 400 0196 00       		.byte	0
 401 0197 0E       		.uleb128 0xe
 402 0198 8C000000 		.4byte	0x8c
 403 019c A7010000 		.4byte	0x1a7
 404 01a0 0F       		.uleb128 0xf
 405 01a1 C9000000 		.4byte	0xc9
 406 01a5 03       		.byte	0x3
 407 01a6 00       		.byte	0
 408 01a7 10       		.uleb128 0x10
 409 01a8 76010000 		.4byte	.LASF21
 410 01ac 04       		.byte	0x4
 411 01ad 1207     		.2byte	0x712
 412 01af B3010000 		.4byte	0x1b3
 413 01b3 11       		.uleb128 0x11
 414 01b4 A2000000 		.4byte	0xa2
 415 01b8 12       		.uleb128 0x12
 416 01b9 21020000 		.4byte	.LASF22
 417 01bd 05       		.byte	0x5
 418 01be 12       		.byte	0x12
 419 01bf 97010000 		.4byte	0x197
 420 01c3 05       		.uleb128 0x5
 421 01c4 03       		.byte	0x3
 422 01c5 00000000 		.4byte	DIGITOS
 423 01c9 12       		.uleb128 0x12
 424 01ca 74020000 		.4byte	.LASF23
 425 01ce 01       		.byte	0x1
 426 01cf 06       		.byte	0x6
 427 01d0 97000000 		.4byte	0x97
 428 01d4 05       		.uleb128 0x5
 429 01d5 03       		.byte	0x3
 430 01d6 00000000 		.4byte	cont
 431 01da 12       		.uleb128 0x12
 432 01db 30010000 		.4byte	.LASF24
 433 01df 01       		.byte	0x1
 434 01e0 07       		.byte	0x7
 435 01e1 97000000 		.4byte	0x97
 436 01e5 05       		.uleb128 0x5
 437 01e6 03       		.byte	0x3
 438 01e7 00000000 		.4byte	bandera
 439 01eb 12       		.uleb128 0x12
 440 01ec 0A000000 		.4byte	.LASF25
 441 01f0 01       		.byte	0x1
 442 01f1 08       		.byte	0x8
 443 01f2 8C000000 		.4byte	0x8c
 444 01f6 05       		.uleb128 0x5
 445 01f7 03       		.byte	0x3
 446 01f8 00000000 		.4byte	Reg_Botones
 447 01fc 13       		.uleb128 0x13
 448 01fd 20000000 		.4byte	.LASF26
 449 0201 20000000 		.4byte	.LASF26
 450 0205 06       		.byte	0x6
 451 0206 28       		.byte	0x28
 452 0207 13       		.uleb128 0x13
 453 0208 62010000 		.4byte	.LASF27
 454 020c 62010000 		.4byte	.LASF27
ARM GAS  C:\Users\adria\AppData\Local\Temp\ccpsrgR1.s 			page 10


 455 0210 07       		.byte	0x7
 456 0211 30       		.byte	0x30
 457 0212 13       		.uleb128 0x13
 458 0213 24010000 		.4byte	.LASF28
 459 0217 24010000 		.4byte	.LASF28
 460 021b 05       		.byte	0x5
 461 021c 1B       		.byte	0x1b
 462 021d 13       		.uleb128 0x13
 463 021e 38010000 		.4byte	.LASF29
 464 0222 38010000 		.4byte	.LASF29
 465 0226 08       		.byte	0x8
 466 0227 2F       		.byte	0x2f
 467 0228 13       		.uleb128 0x13
 468 0229 91020000 		.4byte	.LASF30
 469 022d 91020000 		.4byte	.LASF30
 470 0231 09       		.byte	0x9
 471 0232 76       		.byte	0x76
 472 0233 13       		.uleb128 0x13
 473 0234 EB000000 		.4byte	.LASF31
 474 0238 EB000000 		.4byte	.LASF31
 475 023c 06       		.byte	0x6
 476 023d 18       		.byte	0x18
 477 023e 13       		.uleb128 0x13
 478 023f 83010000 		.4byte	.LASF32
 479 0243 83010000 		.4byte	.LASF32
 480 0247 05       		.byte	0x5
 481 0248 18       		.byte	0x18
 482 0249 00       		.byte	0
 483              		.section	.debug_abbrev,"",%progbits
 484              	.Ldebug_abbrev0:
 485 0000 01       		.uleb128 0x1
 486 0001 11       		.uleb128 0x11
 487 0002 01       		.byte	0x1
 488 0003 25       		.uleb128 0x25
 489 0004 0E       		.uleb128 0xe
 490 0005 13       		.uleb128 0x13
 491 0006 0B       		.uleb128 0xb
 492 0007 03       		.uleb128 0x3
 493 0008 0E       		.uleb128 0xe
 494 0009 1B       		.uleb128 0x1b
 495 000a 0E       		.uleb128 0xe
 496 000b 55       		.uleb128 0x55
 497 000c 17       		.uleb128 0x17
 498 000d 11       		.uleb128 0x11
 499 000e 01       		.uleb128 0x1
 500 000f 10       		.uleb128 0x10
 501 0010 17       		.uleb128 0x17
 502 0011 00       		.byte	0
 503 0012 00       		.byte	0
 504 0013 02       		.uleb128 0x2
 505 0014 24       		.uleb128 0x24
 506 0015 00       		.byte	0
 507 0016 0B       		.uleb128 0xb
 508 0017 0B       		.uleb128 0xb
 509 0018 3E       		.uleb128 0x3e
 510 0019 0B       		.uleb128 0xb
 511 001a 03       		.uleb128 0x3
ARM GAS  C:\Users\adria\AppData\Local\Temp\ccpsrgR1.s 			page 11


 512 001b 0E       		.uleb128 0xe
 513 001c 00       		.byte	0
 514 001d 00       		.byte	0
 515 001e 03       		.uleb128 0x3
 516 001f 16       		.uleb128 0x16
 517 0020 00       		.byte	0
 518 0021 03       		.uleb128 0x3
 519 0022 0E       		.uleb128 0xe
 520 0023 3A       		.uleb128 0x3a
 521 0024 0B       		.uleb128 0xb
 522 0025 3B       		.uleb128 0x3b
 523 0026 0B       		.uleb128 0xb
 524 0027 49       		.uleb128 0x49
 525 0028 13       		.uleb128 0x13
 526 0029 00       		.byte	0
 527 002a 00       		.byte	0
 528 002b 04       		.uleb128 0x4
 529 002c 24       		.uleb128 0x24
 530 002d 00       		.byte	0
 531 002e 0B       		.uleb128 0xb
 532 002f 0B       		.uleb128 0xb
 533 0030 3E       		.uleb128 0x3e
 534 0031 0B       		.uleb128 0xb
 535 0032 03       		.uleb128 0x3
 536 0033 08       		.uleb128 0x8
 537 0034 00       		.byte	0
 538 0035 00       		.byte	0
 539 0036 05       		.uleb128 0x5
 540 0037 2E       		.uleb128 0x2e
 541 0038 01       		.byte	0x1
 542 0039 3F       		.uleb128 0x3f
 543 003a 19       		.uleb128 0x19
 544 003b 03       		.uleb128 0x3
 545 003c 0E       		.uleb128 0xe
 546 003d 3A       		.uleb128 0x3a
 547 003e 0B       		.uleb128 0xb
 548 003f 3B       		.uleb128 0x3b
 549 0040 0B       		.uleb128 0xb
 550 0041 27       		.uleb128 0x27
 551 0042 19       		.uleb128 0x19
 552 0043 11       		.uleb128 0x11
 553 0044 01       		.uleb128 0x1
 554 0045 12       		.uleb128 0x12
 555 0046 06       		.uleb128 0x6
 556 0047 40       		.uleb128 0x40
 557 0048 18       		.uleb128 0x18
 558 0049 9742     		.uleb128 0x2117
 559 004b 19       		.uleb128 0x19
 560 004c 01       		.uleb128 0x1
 561 004d 13       		.uleb128 0x13
 562 004e 00       		.byte	0
 563 004f 00       		.byte	0
 564 0050 06       		.uleb128 0x6
 565 0051 898201   		.uleb128 0x4109
 566 0054 00       		.byte	0
 567 0055 11       		.uleb128 0x11
 568 0056 01       		.uleb128 0x1
ARM GAS  C:\Users\adria\AppData\Local\Temp\ccpsrgR1.s 			page 12


 569 0057 31       		.uleb128 0x31
 570 0058 13       		.uleb128 0x13
 571 0059 00       		.byte	0
 572 005a 00       		.byte	0
 573 005b 07       		.uleb128 0x7
 574 005c 2E       		.uleb128 0x2e
 575 005d 01       		.byte	0x1
 576 005e 3F       		.uleb128 0x3f
 577 005f 19       		.uleb128 0x19
 578 0060 03       		.uleb128 0x3
 579 0061 0E       		.uleb128 0xe
 580 0062 3A       		.uleb128 0x3a
 581 0063 0B       		.uleb128 0xb
 582 0064 3B       		.uleb128 0x3b
 583 0065 0B       		.uleb128 0xb
 584 0066 27       		.uleb128 0x27
 585 0067 19       		.uleb128 0x19
 586 0068 49       		.uleb128 0x49
 587 0069 13       		.uleb128 0x13
 588 006a 8701     		.uleb128 0x87
 589 006c 19       		.uleb128 0x19
 590 006d 11       		.uleb128 0x11
 591 006e 01       		.uleb128 0x1
 592 006f 12       		.uleb128 0x12
 593 0070 06       		.uleb128 0x6
 594 0071 40       		.uleb128 0x40
 595 0072 18       		.uleb128 0x18
 596 0073 9742     		.uleb128 0x2117
 597 0075 19       		.uleb128 0x19
 598 0076 01       		.uleb128 0x1
 599 0077 13       		.uleb128 0x13
 600 0078 00       		.byte	0
 601 0079 00       		.byte	0
 602 007a 08       		.uleb128 0x8
 603 007b 34       		.uleb128 0x34
 604 007c 00       		.byte	0
 605 007d 03       		.uleb128 0x3
 606 007e 0E       		.uleb128 0xe
 607 007f 3A       		.uleb128 0x3a
 608 0080 0B       		.uleb128 0xb
 609 0081 3B       		.uleb128 0x3b
 610 0082 0B       		.uleb128 0xb
 611 0083 49       		.uleb128 0x49
 612 0084 13       		.uleb128 0x13
 613 0085 02       		.uleb128 0x2
 614 0086 18       		.uleb128 0x18
 615 0087 00       		.byte	0
 616 0088 00       		.byte	0
 617 0089 09       		.uleb128 0x9
 618 008a 0B       		.uleb128 0xb
 619 008b 01       		.byte	0x1
 620 008c 11       		.uleb128 0x11
 621 008d 01       		.uleb128 0x1
 622 008e 12       		.uleb128 0x12
 623 008f 06       		.uleb128 0x6
 624 0090 01       		.uleb128 0x1
 625 0091 13       		.uleb128 0x13
ARM GAS  C:\Users\adria\AppData\Local\Temp\ccpsrgR1.s 			page 13


 626 0092 00       		.byte	0
 627 0093 00       		.byte	0
 628 0094 0A       		.uleb128 0xa
 629 0095 34       		.uleb128 0x34
 630 0096 00       		.byte	0
 631 0097 03       		.uleb128 0x3
 632 0098 08       		.uleb128 0x8
 633 0099 3A       		.uleb128 0x3a
 634 009a 0B       		.uleb128 0xb
 635 009b 3B       		.uleb128 0x3b
 636 009c 0B       		.uleb128 0xb
 637 009d 49       		.uleb128 0x49
 638 009e 13       		.uleb128 0x13
 639 009f 02       		.uleb128 0x2
 640 00a0 17       		.uleb128 0x17
 641 00a1 00       		.byte	0
 642 00a2 00       		.byte	0
 643 00a3 0B       		.uleb128 0xb
 644 00a4 898201   		.uleb128 0x4109
 645 00a7 01       		.byte	0x1
 646 00a8 11       		.uleb128 0x11
 647 00a9 01       		.uleb128 0x1
 648 00aa 31       		.uleb128 0x31
 649 00ab 13       		.uleb128 0x13
 650 00ac 01       		.uleb128 0x1
 651 00ad 13       		.uleb128 0x13
 652 00ae 00       		.byte	0
 653 00af 00       		.byte	0
 654 00b0 0C       		.uleb128 0xc
 655 00b1 8A8201   		.uleb128 0x410a
 656 00b4 00       		.byte	0
 657 00b5 02       		.uleb128 0x2
 658 00b6 18       		.uleb128 0x18
 659 00b7 9142     		.uleb128 0x2111
 660 00b9 18       		.uleb128 0x18
 661 00ba 00       		.byte	0
 662 00bb 00       		.byte	0
 663 00bc 0D       		.uleb128 0xd
 664 00bd 898201   		.uleb128 0x4109
 665 00c0 01       		.byte	0x1
 666 00c1 11       		.uleb128 0x11
 667 00c2 01       		.uleb128 0x1
 668 00c3 31       		.uleb128 0x31
 669 00c4 13       		.uleb128 0x13
 670 00c5 00       		.byte	0
 671 00c6 00       		.byte	0
 672 00c7 0E       		.uleb128 0xe
 673 00c8 01       		.uleb128 0x1
 674 00c9 01       		.byte	0x1
 675 00ca 49       		.uleb128 0x49
 676 00cb 13       		.uleb128 0x13
 677 00cc 01       		.uleb128 0x1
 678 00cd 13       		.uleb128 0x13
 679 00ce 00       		.byte	0
 680 00cf 00       		.byte	0
 681 00d0 0F       		.uleb128 0xf
 682 00d1 21       		.uleb128 0x21
ARM GAS  C:\Users\adria\AppData\Local\Temp\ccpsrgR1.s 			page 14


 683 00d2 00       		.byte	0
 684 00d3 49       		.uleb128 0x49
 685 00d4 13       		.uleb128 0x13
 686 00d5 2F       		.uleb128 0x2f
 687 00d6 0B       		.uleb128 0xb
 688 00d7 00       		.byte	0
 689 00d8 00       		.byte	0
 690 00d9 10       		.uleb128 0x10
 691 00da 34       		.uleb128 0x34
 692 00db 00       		.byte	0
 693 00dc 03       		.uleb128 0x3
 694 00dd 0E       		.uleb128 0xe
 695 00de 3A       		.uleb128 0x3a
 696 00df 0B       		.uleb128 0xb
 697 00e0 3B       		.uleb128 0x3b
 698 00e1 05       		.uleb128 0x5
 699 00e2 49       		.uleb128 0x49
 700 00e3 13       		.uleb128 0x13
 701 00e4 3F       		.uleb128 0x3f
 702 00e5 19       		.uleb128 0x19
 703 00e6 3C       		.uleb128 0x3c
 704 00e7 19       		.uleb128 0x19
 705 00e8 00       		.byte	0
 706 00e9 00       		.byte	0
 707 00ea 11       		.uleb128 0x11
 708 00eb 35       		.uleb128 0x35
 709 00ec 00       		.byte	0
 710 00ed 49       		.uleb128 0x49
 711 00ee 13       		.uleb128 0x13
 712 00ef 00       		.byte	0
 713 00f0 00       		.byte	0
 714 00f1 12       		.uleb128 0x12
 715 00f2 34       		.uleb128 0x34
 716 00f3 00       		.byte	0
 717 00f4 03       		.uleb128 0x3
 718 00f5 0E       		.uleb128 0xe
 719 00f6 3A       		.uleb128 0x3a
 720 00f7 0B       		.uleb128 0xb
 721 00f8 3B       		.uleb128 0x3b
 722 00f9 0B       		.uleb128 0xb
 723 00fa 49       		.uleb128 0x49
 724 00fb 13       		.uleb128 0x13
 725 00fc 3F       		.uleb128 0x3f
 726 00fd 19       		.uleb128 0x19
 727 00fe 02       		.uleb128 0x2
 728 00ff 18       		.uleb128 0x18
 729 0100 00       		.byte	0
 730 0101 00       		.byte	0
 731 0102 13       		.uleb128 0x13
 732 0103 2E       		.uleb128 0x2e
 733 0104 00       		.byte	0
 734 0105 3F       		.uleb128 0x3f
 735 0106 19       		.uleb128 0x19
 736 0107 3C       		.uleb128 0x3c
 737 0108 19       		.uleb128 0x19
 738 0109 6E       		.uleb128 0x6e
 739 010a 0E       		.uleb128 0xe
ARM GAS  C:\Users\adria\AppData\Local\Temp\ccpsrgR1.s 			page 15


 740 010b 03       		.uleb128 0x3
 741 010c 0E       		.uleb128 0xe
 742 010d 3A       		.uleb128 0x3a
 743 010e 0B       		.uleb128 0xb
 744 010f 3B       		.uleb128 0x3b
 745 0110 0B       		.uleb128 0xb
 746 0111 00       		.byte	0
 747 0112 00       		.byte	0
 748 0113 00       		.byte	0
 749              		.section	.debug_loc,"",%progbits
 750              	.Ldebug_loc0:
 751              	.LLST0:
 752 0000 16000000 		.4byte	.LVL4
 753 0004 1A000000 		.4byte	.LVL5
 754 0008 0200     		.2byte	0x2
 755 000a 30       		.byte	0x30
 756 000b 9F       		.byte	0x9f
 757 000c 1A000000 		.4byte	.LVL5
 758 0010 74000000 		.4byte	.LFE64
 759 0014 0100     		.2byte	0x1
 760 0016 54       		.byte	0x54
 761 0017 00000000 		.4byte	0
 762 001b 00000000 		.4byte	0
 763              		.section	.debug_aranges,"",%progbits
 764 0000 24000000 		.4byte	0x24
 765 0004 0200     		.2byte	0x2
 766 0006 00000000 		.4byte	.Ldebug_info0
 767 000a 04       		.byte	0x4
 768 000b 00       		.byte	0
 769 000c 0000     		.2byte	0
 770 000e 0000     		.2byte	0
 771 0010 00000000 		.4byte	.LFB63
 772 0014 2C000000 		.4byte	.LFE63-.LFB63
 773 0018 00000000 		.4byte	.LFB64
 774 001c 74000000 		.4byte	.LFE64-.LFB64
 775 0020 00000000 		.4byte	0
 776 0024 00000000 		.4byte	0
 777              		.section	.debug_ranges,"",%progbits
 778              	.Ldebug_ranges0:
 779 0000 00000000 		.4byte	.LFB63
 780 0004 2C000000 		.4byte	.LFE63
 781 0008 00000000 		.4byte	.LFB64
 782 000c 74000000 		.4byte	.LFE64
 783 0010 00000000 		.4byte	0
 784 0014 00000000 		.4byte	0
 785              		.section	.debug_line,"",%progbits
 786              	.Ldebug_line0:
 787 0000 E9010000 		.section	.debug_str,"MS",%progbits,1
 787      02009401 
 787      00000201 
 787      FB0E0D00 
 787      01010101 
 788              	.LASF3:
 789 0000 5F5F7569 		.ascii	"__uint8_t\000"
 789      6E74385F 
 789      7400
 790              	.LASF25:
ARM GAS  C:\Users\adria\AppData\Local\Temp\ccpsrgR1.s 			page 16


 791 000a 5265675F 		.ascii	"Reg_Botones\000"
 791      426F746F 
 791      6E657300 
 792              	.LASF6:
 793 0016 5F5F696E 		.ascii	"__int32_t\000"
 793      7433325F 
 793      7400
 794              	.LASF26:
 795 0020 4953525F 		.ascii	"ISR_botones_ClearPending\000"
 795      626F746F 
 795      6E65735F 
 795      436C6561 
 795      7250656E 
 796              	.LASF20:
 797 0039 4D75785F 		.ascii	"Mux_dig\000"
 797      64696700 
 798              	.LASF14:
 799 0041 696E7433 		.ascii	"int32_t\000"
 799      325F7400 
 800              	.LASF15:
 801 0049 666C6F61 		.ascii	"float\000"
 801      7400
 802              	.LASF1:
 803 004f 756E7369 		.ascii	"unsigned char\000"
 803      676E6564 
 803      20636861 
 803      7200
 804              	.LASF33:
 805 005d 474E5520 		.ascii	"GNU C11 5.4.1 20160609 (release) [ARM/embedded-5-br"
 805      43313120 
 805      352E342E 
 805      31203230 
 805      31363036 
 806 0090 616E6368 		.ascii	"anch revision 237715] -mcpu=cortex-m3 -mthumb -g -O"
 806      20726576 
 806      6973696F 
 806      6E203233 
 806      37373135 
 807 00c3 67202D66 		.ascii	"g -ffunction-sections -ffat-lto-objects\000"
 807      66756E63 
 807      74696F6E 
 807      2D736563 
 807      74696F6E 
 808              	.LASF31:
 809 00eb 4953525F 		.ascii	"ISR_botones_StartEx\000"
 809      626F746F 
 809      6E65735F 
 809      53746172 
 809      74457800 
 810              	.LASF8:
 811 00ff 6C6F6E67 		.ascii	"long unsigned int\000"
 811      20756E73 
 811      69676E65 
 811      6420696E 
 811      7400
 812              	.LASF5:
 813 0111 73686F72 		.ascii	"short unsigned int\000"
ARM GAS  C:\Users\adria\AppData\Local\Temp\ccpsrgR1.s 			page 17


 813      7420756E 
 813      7369676E 
 813      65642069 
 813      6E7400
 814              	.LASF28:
 815 0124 4243445F 		.ascii	"BCD_CODIFIG\000"
 815      434F4449 
 815      46494700 
 816              	.LASF24:
 817 0130 62616E64 		.ascii	"bandera\000"
 817      65726100 
 818              	.LASF29:
 819 0138 44697370 		.ascii	"Displays_mux_Write\000"
 819      6C617973 
 819      5F6D7578 
 819      5F577269 
 819      746500
 820              	.LASF4:
 821 014b 5F5F7569 		.ascii	"__uint16_t\000"
 821      6E743136 
 821      5F7400
 822              	.LASF16:
 823 0156 646F7562 		.ascii	"double\000"
 823      6C6500
 824              	.LASF37:
 825 015d 6D61696E 		.ascii	"main\000"
 825      00
 826              	.LASF27:
 827 0162 53746174 		.ascii	"Status_Botones_Read\000"
 827      75735F42 
 827      6F746F6E 
 827      65735F52 
 827      65616400 
 828              	.LASF21:
 829 0176 49544D5F 		.ascii	"ITM_RxBuffer\000"
 829      52784275 
 829      66666572 
 829      00
 830              	.LASF32:
 831 0183 53657061 		.ascii	"Separa_digitos\000"
 831      72615F64 
 831      69676974 
 831      6F7300
 832              	.LASF11:
 833 0192 756E7369 		.ascii	"unsigned int\000"
 833      676E6564 
 833      20696E74 
 833      00
 834              	.LASF35:
 835 019f 433A5C55 		.ascii	"C:\\Users\\adria\\OneDrive\\Documents\\psoc\\7seg_m"
 835      73657273 
 835      5C616472 
 835      69615C4F 
 835      6E654472 
 836 01cc 756C7469 		.ascii	"ultiplexado_hardware\\7seg_multiplexado_firmware.cy"
 836      706C6578 
 836      61646F5F 
ARM GAS  C:\Users\adria\AppData\Local\Temp\ccpsrgR1.s 			page 18


 836      68617264 
 836      77617265 
 837 01fe 64736E00 		.ascii	"dsn\000"
 838              	.LASF10:
 839 0202 6C6F6E67 		.ascii	"long long unsigned int\000"
 839      206C6F6E 
 839      6720756E 
 839      7369676E 
 839      65642069 
 840              	.LASF12:
 841 0219 75696E74 		.ascii	"uint8_t\000"
 841      385F7400 
 842              	.LASF22:
 843 0221 44494749 		.ascii	"DIGITOS\000"
 843      544F5300 
 844              	.LASF18:
 845 0229 6C6F6E67 		.ascii	"long double\000"
 845      20646F75 
 845      626C6500 
 846              	.LASF19:
 847 0235 73697A65 		.ascii	"sizetype\000"
 847      74797065 
 847      00
 848              	.LASF9:
 849 023e 6C6F6E67 		.ascii	"long long int\000"
 849      206C6F6E 
 849      6720696E 
 849      7400
 850              	.LASF34:
 851 024c 6D61696E 		.ascii	"main.c\000"
 851      2E6300
 852              	.LASF17:
 853 0253 63686172 		.ascii	"char\000"
 853      00
 854              	.LASF2:
 855 0258 73686F72 		.ascii	"short int\000"
 855      7420696E 
 855      7400
 856              	.LASF13:
 857 0262 75696E74 		.ascii	"uint16_t\000"
 857      31365F74 
 857      00
 858              	.LASF7:
 859 026b 6C6F6E67 		.ascii	"long int\000"
 859      20696E74 
 859      00
 860              	.LASF23:
 861 0274 636F6E74 		.ascii	"cont\000"
 861      00
 862              	.LASF0:
 863 0279 7369676E 		.ascii	"signed char\000"
 863      65642063 
 863      68617200 
 864              	.LASF36:
 865 0285 4953525F 		.ascii	"ISR_botones\000"
 865      626F746F 
 865      6E657300 
ARM GAS  C:\Users\adria\AppData\Local\Temp\ccpsrgR1.s 			page 19


 866              	.LASF30:
 867 0291 43794465 		.ascii	"CyDelay\000"
 867      6C617900 
 868              		.ident	"GCC: (GNU Tools for ARM Embedded Processors) 5.4.1 20160609 (release) [ARM/embedded-5-bran
