ARM GAS  C:\Users\adria\AppData\Local\Temp\ccIuOpwv.s 			page 1


   1              		.syntax unified
   2              		.cpu cortex-m3
   3              		.fpu softvfp
   4              		.eabi_attribute 20, 1
   5              		.eabi_attribute 21, 1
   6              		.eabi_attribute 23, 3
   7              		.eabi_attribute 24, 1
   8              		.eabi_attribute 25, 1
   9              		.eabi_attribute 26, 1
  10              		.eabi_attribute 30, 1
  11              		.eabi_attribute 34, 1
  12              		.eabi_attribute 18, 4
  13              		.thumb
  14              		.syntax unified
  15              		.file	"cymetadata.c"
  16              		.text
  17              	.Ltext0:
  18              		.cfi_sections	.debug_frame
  19              		.global	cy_metadata
  20              		.global	cy_meta_flashprotect
  21              		.global	cy_meta_wonvl
  22              		.global	cy_meta_custnvl
  23              		.global	cy_meta_configecc
  24              		.section	.cyconfigecc,"a",%progbits
  25              		.align	2
  26              		.type	cy_meta_configecc, %object
  27              		.size	cy_meta_configecc, 928
  28              	cy_meta_configecc:
  29 0000 04       		.byte	4
  30 0001 52       		.byte	82
  31 0002 00       		.byte	0
  32 0003 40       		.byte	64
  33 0004 01       		.byte	1
  34 0005 65       		.byte	101
  35 0006 00       		.byte	0
  36 0007 40       		.byte	64
  37 0008 35       		.byte	53
  38 0009 08       		.byte	8
  39 000a 01       		.byte	1
  40 000b 40       		.byte	64
  41 000c 26       		.byte	38
  42 000d 09       		.byte	9
  43 000e 01       		.byte	1
  44 000f 40       		.byte	64
  45 0010 03       		.byte	3
  46 0011 0B       		.byte	11
  47 0012 01       		.byte	1
  48 0013 40       		.byte	64
  49 0014 01       		.byte	1
  50 0015 15       		.byte	21
  51 0016 01       		.byte	1
  52 0017 40       		.byte	64
  53 0018 03       		.byte	3
  54 0019 17       		.byte	23
  55 001a 01       		.byte	1
  56 001b 40       		.byte	64
  57 001c 36       		.byte	54
ARM GAS  C:\Users\adria\AppData\Local\Temp\ccIuOpwv.s 			page 2


  58 001d 18       		.byte	24
  59 001e 01       		.byte	1
  60 001f 40       		.byte	64
  61 0020 3A       		.byte	58
  62 0021 19       		.byte	25
  63 0022 01       		.byte	1
  64 0023 40       		.byte	64
  65 0024 36       		.byte	54
  66 0025 1A       		.byte	26
  67 0026 01       		.byte	1
  68 0027 40       		.byte	64
  69 0028 3C       		.byte	60
  70 0029 1B       		.byte	27
  71 002a 01       		.byte	1
  72 002b 40       		.byte	64
  73 002c 03       		.byte	3
  74 002d 40       		.byte	64
  75 002e 01       		.byte	1
  76 002f 40       		.byte	64
  77 0030 02       		.byte	2
  78 0031 41       		.byte	65
  79 0032 01       		.byte	1
  80 0033 40       		.byte	64
  81 0034 02       		.byte	2
  82 0035 42       		.byte	66
  83 0036 01       		.byte	1
  84 0037 40       		.byte	64
  85 0038 02       		.byte	2
  86 0039 43       		.byte	67
  87 003a 01       		.byte	1
  88 003b 40       		.byte	64
  89 003c 09       		.byte	9
  90 003d 45       		.byte	69
  91 003e 01       		.byte	1
  92 003f 40       		.byte	64
  93 0040 09       		.byte	9
  94 0041 46       		.byte	70
  95 0042 01       		.byte	1
  96 0043 40       		.byte	64
  97 0044 06       		.byte	6
  98 0045 47       		.byte	71
  99 0046 01       		.byte	1
 100 0047 40       		.byte	64
 101 0048 07       		.byte	7
 102 0049 48       		.byte	72
 103 004a 01       		.byte	1
 104 004b 40       		.byte	64
 105 004c 05       		.byte	5
 106 004d 49       		.byte	73
 107 004e 01       		.byte	1
 108 004f 40       		.byte	64
 109 0050 09       		.byte	9
 110 0051 4C       		.byte	76
 111 0052 01       		.byte	1
 112 0053 40       		.byte	64
 113 0054 0D       		.byte	13
 114 0055 4D       		.byte	77
ARM GAS  C:\Users\adria\AppData\Local\Temp\ccIuOpwv.s 			page 3


 115 0056 01       		.byte	1
 116 0057 40       		.byte	64
 117 0058 04       		.byte	4
 118 0059 50       		.byte	80
 119 005a 01       		.byte	1
 120 005b 40       		.byte	64
 121 005c 01       		.byte	1
 122 005d 51       		.byte	81
 123 005e 01       		.byte	1
 124 005f 40       		.byte	64
 125 0060 08       		.byte	8
 126 0061 10       		.byte	16
 127 0062 09       		.byte	9
 128 0063 30       		.byte	48
 129 0064 10       		.byte	16
 130 0065 56       		.byte	86
 131 0066 11       		.byte	17
 132 0067 9C       		.byte	-100
 133 0068 7B       		.byte	123
 134 0069 0F       		.byte	15
 135 006a 08       		.byte	8
 136 006b 03       		.byte	3
 137 006c 0A       		.byte	10
 138 006d 04       		.byte	4
 139 006e 10       		.byte	16
 140 006f 0C       		.byte	12
 141 0070 12       		.byte	18
 142 0071 02       		.byte	2
 143 0072 17       		.byte	23
 144 0073 02       		.byte	2
 145 0074 18       		.byte	24
 146 0075 08       		.byte	8
 147 0076 1A       		.byte	26
 148 0077 01       		.byte	1
 149 0078 1C       		.byte	28
 150 0079 0C       		.byte	12
 151 007a 1E       		.byte	30
 152 007b 01       		.byte	1
 153 007c 1F       		.byte	31
 154 007d 01       		.byte	1
 155 007e 26       		.byte	38
 156 007f 10       		.byte	16
 157 0080 28       		.byte	40
 158 0081 10       		.byte	16
 159 0082 31       		.byte	49
 160 0083 02       		.byte	2
 161 0084 33       		.byte	51
 162 0085 02       		.byte	2
 163 0086 34       		.byte	52
 164 0087 0F       		.byte	15
 165 0088 35       		.byte	53
 166 0089 01       		.byte	1
 167 008a 36       		.byte	54
 168 008b 10       		.byte	16
 169 008c 3E       		.byte	62
 170 008d 10       		.byte	16
 171 008e 58       		.byte	88
ARM GAS  C:\Users\adria\AppData\Local\Temp\ccIuOpwv.s 			page 4


 172 008f 04       		.byte	4
 173 0090 59       		.byte	89
 174 0091 04       		.byte	4
 175 0092 5F       		.byte	95
 176 0093 01       		.byte	1
 177 0094 84       		.byte	-124
 178 0095 03       		.byte	3
 179 0096 87       		.byte	-121
 180 0097 02       		.byte	2
 181 0098 88       		.byte	-120
 182 0099 09       		.byte	9
 183 009a 8A       		.byte	-118
 184 009b 02       		.byte	2
 185 009c 8B       		.byte	-117
 186 009d 08       		.byte	8
 187 009e 8F       		.byte	-113
 188 009f 40       		.byte	64
 189 00a0 90       		.byte	-112
 190 00a1 05       		.byte	5
 191 00a2 92       		.byte	-110
 192 00a3 02       		.byte	2
 193 00a4 95       		.byte	-107
 194 00a5 03       		.byte	3
 195 00a6 97       		.byte	-105
 196 00a7 0C       		.byte	12
 197 00a8 9B       		.byte	-101
 198 00a9 04       		.byte	4
 199 00aa 9D       		.byte	-99
 200 00ab 05       		.byte	5
 201 00ac 9F       		.byte	-97
 202 00ad 1A       		.byte	26
 203 00ae A3       		.byte	-93
 204 00af 01       		.byte	1
 205 00b0 A7       		.byte	-89
 206 00b1 20       		.byte	32
 207 00b2 A9       		.byte	-87
 208 00b3 40       		.byte	64
 209 00b4 AC       		.byte	-84
 210 00b5 0C       		.byte	12
 211 00b6 AD       		.byte	-83
 212 00b7 40       		.byte	64
 213 00b8 AF       		.byte	-81
 214 00b9 20       		.byte	32
 215 00ba B1       		.byte	-79
 216 00bb 0F       		.byte	15
 217 00bc B3       		.byte	-77
 218 00bd 10       		.byte	16
 219 00be B5       		.byte	-75
 220 00bf 60       		.byte	96
 221 00c0 B6       		.byte	-74
 222 00c1 0F       		.byte	15
 223 00c2 B9       		.byte	-71
 224 00c3 20       		.byte	32
 225 00c4 BB       		.byte	-69
 226 00c5 C8       		.byte	-56
 227 00c6 BE       		.byte	-66
 228 00c7 40       		.byte	64
ARM GAS  C:\Users\adria\AppData\Local\Temp\ccIuOpwv.s 			page 5


 229 00c8 BF       		.byte	-65
 230 00c9 11       		.byte	17
 231 00ca D8       		.byte	-40
 232 00cb 04       		.byte	4
 233 00cc D9       		.byte	-39
 234 00cd 04       		.byte	4
 235 00ce DB       		.byte	-37
 236 00cf 04       		.byte	4
 237 00d0 DC       		.byte	-36
 238 00d1 10       		.byte	16
 239 00d2 DF       		.byte	-33
 240 00d3 01       		.byte	1
 241 00d4 03       		.byte	3
 242 00d5 28       		.byte	40
 243 00d6 06       		.byte	6
 244 00d7 08       		.byte	8
 245 00d8 0B       		.byte	11
 246 00d9 40       		.byte	64
 247 00da 0F       		.byte	15
 248 00db 4A       		.byte	74
 249 00dc 10       		.byte	16
 250 00dd 01       		.byte	1
 251 00de 17       		.byte	23
 252 00df 28       		.byte	40
 253 00e0 19       		.byte	25
 254 00e1 80       		.byte	-128
 255 00e2 1E       		.byte	30
 256 00e3 08       		.byte	8
 257 00e4 1F       		.byte	31
 258 00e5 80       		.byte	-128
 259 00e6 21       		.byte	33
 260 00e7 88       		.byte	-120
 261 00e8 22       		.byte	34
 262 00e9 20       		.byte	32
 263 00ea 23       		.byte	35
 264 00eb 40       		.byte	64
 265 00ec 27       		.byte	39
 266 00ed 68       		.byte	104
 267 00ee 28       		.byte	40
 268 00ef 81       		.byte	-127
 269 00f0 2A       		.byte	42
 270 00f1 08       		.byte	8
 271 00f2 2B       		.byte	43
 272 00f3 2D       		.byte	45
 273 00f4 31       		.byte	49
 274 00f5 88       		.byte	-120
 275 00f6 32       		.byte	50
 276 00f7 10       		.byte	16
 277 00f8 34       		.byte	52
 278 00f9 08       		.byte	8
 279 00fa 37       		.byte	55
 280 00fb 40       		.byte	64
 281 00fc 38       		.byte	56
 282 00fd 20       		.byte	32
 283 00fe 3B       		.byte	59
 284 00ff 44       		.byte	68
 285 0100 6A       		.byte	106
ARM GAS  C:\Users\adria\AppData\Local\Temp\ccIuOpwv.s 			page 6


 286 0101 AA       		.byte	-86
 287 0102 70       		.byte	112
 288 0103 90       		.byte	-112
 289 0104 72       		.byte	114
 290 0105 80       		.byte	-128
 291 0106 73       		.byte	115
 292 0107 10       		.byte	16
 293 0108 89       		.byte	-119
 294 0109 80       		.byte	-128
 295 010a 9D       		.byte	-99
 296 010b 10       		.byte	16
 297 010c 9F       		.byte	-97
 298 010d 01       		.byte	1
 299 010e A6       		.byte	-90
 300 010f 24       		.byte	36
 301 0110 A9       		.byte	-87
 302 0111 10       		.byte	16
 303 0112 C0       		.byte	-64
 304 0113 46       		.byte	70
 305 0114 C2       		.byte	-62
 306 0115 D8       		.byte	-40
 307 0116 C4       		.byte	-60
 308 0117 61       		.byte	97
 309 0118 CA       		.byte	-54
 310 0119 0F       		.byte	15
 311 011a CC       		.byte	-52
 312 011b 5E       		.byte	94
 313 011c CE       		.byte	-50
 314 011d 0E       		.byte	14
 315 011e EC       		.byte	-20
 316 011f 04       		.byte	4
 317 0120 87       		.byte	-121
 318 0121 01       		.byte	1
 319 0122 8E       		.byte	-114
 320 0123 24       		.byte	36
 321 0124 E0       		.byte	-32
 322 0125 02       		.byte	2
 323 0126 E0       		.byte	-32
 324 0127 40       		.byte	64
 325 0128 E6       		.byte	-26
 326 0129 04       		.byte	4
 327 012a E8       		.byte	-24
 328 012b 80       		.byte	-128
 329 012c EE       		.byte	-18
 330 012d 08       		.byte	8
 331 012e 07       		.byte	7
 332 012f 01       		.byte	1
 333 0130 08       		.byte	8
 334 0131 07       		.byte	7
 335 0132 0A       		.byte	10
 336 0133 18       		.byte	24
 337 0134 0E       		.byte	14
 338 0135 20       		.byte	32
 339 0136 10       		.byte	16
 340 0137 0A       		.byte	10
 341 0138 12       		.byte	18
 342 0139 15       		.byte	21
ARM GAS  C:\Users\adria\AppData\Local\Temp\ccIuOpwv.s 			page 7


 343 013a 16       		.byte	22
 344 013b 20       		.byte	32
 345 013c 18       		.byte	24
 346 013d 04       		.byte	4
 347 013e 1A       		.byte	26
 348 013f 10       		.byte	16
 349 0140 1C       		.byte	28
 350 0141 09       		.byte	9
 351 0142 1E       		.byte	30
 352 0143 12       		.byte	18
 353 0144 25       		.byte	37
 354 0145 01       		.byte	1
 355 0146 26       		.byte	38
 356 0147 20       		.byte	32
 357 0148 2B       		.byte	43
 358 0149 01       		.byte	1
 359 014a 34       		.byte	52
 360 014b 20       		.byte	32
 361 014c 36       		.byte	54
 362 014d 1F       		.byte	31
 363 014e 37       		.byte	55
 364 014f 01       		.byte	1
 365 0150 3E       		.byte	62
 366 0151 50       		.byte	80
 367 0152 3F       		.byte	63
 368 0153 40       		.byte	64
 369 0154 58       		.byte	88
 370 0155 04       		.byte	4
 371 0156 59       		.byte	89
 372 0157 04       		.byte	4
 373 0158 5F       		.byte	95
 374 0159 01       		.byte	1
 375 015a 84       		.byte	-124
 376 015b 05       		.byte	5
 377 015c 85       		.byte	-123
 378 015d 50       		.byte	80
 379 015e 86       		.byte	-122
 380 015f 0A       		.byte	10
 381 0160 87       		.byte	-121
 382 0161 A0       		.byte	-96
 383 0162 89       		.byte	-119
 384 0163 01       		.byte	1
 385 0164 8B       		.byte	-117
 386 0165 02       		.byte	2
 387 0166 8D       		.byte	-115
 388 0167 07       		.byte	7
 389 0168 8E       		.byte	-114
 390 0169 01       		.byte	1
 391 016a 8F       		.byte	-113
 392 016b 08       		.byte	8
 393 016c 92       		.byte	-110
 394 016d 04       		.byte	4
 395 016e 93       		.byte	-109
 396 016f 40       		.byte	64
 397 0170 94       		.byte	-108
 398 0171 03       		.byte	3
 399 0172 95       		.byte	-107
ARM GAS  C:\Users\adria\AppData\Local\Temp\ccIuOpwv.s 			page 8


 400 0173 30       		.byte	48
 401 0174 96       		.byte	-106
 402 0175 0C       		.byte	12
 403 0176 97       		.byte	-105
 404 0177 C0       		.byte	-64
 405 0178 9E       		.byte	-98
 406 0179 02       		.byte	2
 407 017a 9F       		.byte	-97
 408 017b 10       		.byte	16
 409 017c A2       		.byte	-94
 410 017d 08       		.byte	8
 411 017e A3       		.byte	-93
 412 017f 20       		.byte	32
 413 0180 A5       		.byte	-91
 414 0181 06       		.byte	6
 415 0182 A7       		.byte	-89
 416 0183 09       		.byte	9
 417 0184 A9       		.byte	-87
 418 0185 0C       		.byte	12
 419 0186 AF       		.byte	-81
 420 0187 80       		.byte	-128
 421 0188 B2       		.byte	-78
 422 0189 0F       		.byte	15
 423 018a B3       		.byte	-77
 424 018b 0F       		.byte	15
 425 018c B5       		.byte	-75
 426 018d F0       		.byte	-16
 427 018e BE       		.byte	-66
 428 018f 04       		.byte	4
 429 0190 BF       		.byte	-65
 430 0191 14       		.byte	20
 431 0192 D8       		.byte	-40
 432 0193 04       		.byte	4
 433 0194 D9       		.byte	-39
 434 0195 04       		.byte	4
 435 0196 DB       		.byte	-37
 436 0197 04       		.byte	4
 437 0198 DF       		.byte	-33
 438 0199 01       		.byte	1
 439 019a 01       		.byte	1
 440 019b 44       		.byte	68
 441 019c 04       		.byte	4
 442 019d 80       		.byte	-128
 443 019e 06       		.byte	6
 444 019f 08       		.byte	8
 445 01a0 07       		.byte	7
 446 01a1 08       		.byte	8
 447 01a2 09       		.byte	9
 448 01a3 88       		.byte	-120
 449 01a4 0A       		.byte	10
 450 01a5 80       		.byte	-128
 451 01a6 0B       		.byte	11
 452 01a7 20       		.byte	32
 453 01a8 0D       		.byte	13
 454 01a9 08       		.byte	8
 455 01aa 0F       		.byte	15
 456 01ab 4A       		.byte	74
ARM GAS  C:\Users\adria\AppData\Local\Temp\ccIuOpwv.s 			page 9


 457 01ac 10       		.byte	16
 458 01ad 80       		.byte	-128
 459 01ae 15       		.byte	21
 460 01af 04       		.byte	4
 461 01b0 1B       		.byte	27
 462 01b1 04       		.byte	4
 463 01b2 1C       		.byte	28
 464 01b3 02       		.byte	2
 465 01b4 1D       		.byte	29
 466 01b5 10       		.byte	16
 467 01b6 21       		.byte	33
 468 01b7 10       		.byte	16
 469 01b8 23       		.byte	35
 470 01b9 28       		.byte	40
 471 01ba 27       		.byte	39
 472 01bb 01       		.byte	1
 473 01bc 29       		.byte	41
 474 01bd 01       		.byte	1
 475 01be 2A       		.byte	42
 476 01bf 80       		.byte	-128
 477 01c0 2B       		.byte	43
 478 01c1 24       		.byte	36
 479 01c2 2F       		.byte	47
 480 01c3 18       		.byte	24
 481 01c4 31       		.byte	49
 482 01c5 08       		.byte	8
 483 01c6 32       		.byte	50
 484 01c7 01       		.byte	1
 485 01c8 33       		.byte	51
 486 01c9 40       		.byte	64
 487 01ca 39       		.byte	57
 488 01cb 34       		.byte	52
 489 01cc 3B       		.byte	59
 490 01cd 40       		.byte	64
 491 01ce 3D       		.byte	61
 492 01cf 04       		.byte	4
 493 01d0 68       		.byte	104
 494 01d1 24       		.byte	36
 495 01d2 69       		.byte	105
 496 01d3 40       		.byte	64
 497 01d4 6B       		.byte	107
 498 01d5 40       		.byte	64
 499 01d6 70       		.byte	112
 500 01d7 04       		.byte	4
 501 01d8 71       		.byte	113
 502 01d9 81       		.byte	-127
 503 01da 73       		.byte	115
 504 01db 04       		.byte	4
 505 01dc 82       		.byte	-126
 506 01dd 10       		.byte	16
 507 01de 8B       		.byte	-117
 508 01df 21       		.byte	33
 509 01e0 91       		.byte	-111
 510 01e1 04       		.byte	4
 511 01e2 92       		.byte	-110
 512 01e3 8A       		.byte	-118
 513 01e4 93       		.byte	-109
ARM GAS  C:\Users\adria\AppData\Local\Temp\ccIuOpwv.s 			page 10


 514 01e5 50       		.byte	80
 515 01e6 97       		.byte	-105
 516 01e7 04       		.byte	4
 517 01e8 9A       		.byte	-102
 518 01e9 80       		.byte	-128
 519 01ea 9D       		.byte	-99
 520 01eb 10       		.byte	16
 521 01ec 9E       		.byte	-98
 522 01ed 08       		.byte	8
 523 01ee 9F       		.byte	-97
 524 01ef 01       		.byte	1
 525 01f0 A0       		.byte	-96
 526 01f1 80       		.byte	-128
 527 01f2 A1       		.byte	-95
 528 01f3 08       		.byte	8
 529 01f4 A4       		.byte	-92
 530 01f5 04       		.byte	4
 531 01f6 A7       		.byte	-89
 532 01f7 05       		.byte	5
 533 01f8 AC       		.byte	-84
 534 01f9 84       		.byte	-124
 535 01fa AF       		.byte	-81
 536 01fb 80       		.byte	-128
 537 01fc B0       		.byte	-80
 538 01fd 08       		.byte	8
 539 01fe B1       		.byte	-79
 540 01ff 84       		.byte	-124
 541 0200 C0       		.byte	-64
 542 0201 C5       		.byte	-59
 543 0202 C2       		.byte	-62
 544 0203 FD       		.byte	-3
 545 0204 C4       		.byte	-60
 546 0205 28       		.byte	40
 547 0206 CA       		.byte	-54
 548 0207 6F       		.byte	111
 549 0208 CC       		.byte	-52
 550 0209 0B       		.byte	11
 551 020a CE       		.byte	-50
 552 020b 4E       		.byte	78
 553 020c E8       		.byte	-24
 554 020d 80       		.byte	-128
 555 020e 00       		.byte	0
 556 020f 50       		.byte	80
 557 0210 02       		.byte	2
 558 0211 20       		.byte	32
 559 0212 03       		.byte	3
 560 0213 20       		.byte	32
 561 0214 04       		.byte	4
 562 0215 05       		.byte	5
 563 0216 06       		.byte	6
 564 0217 0A       		.byte	10
 565 0218 08       		.byte	8
 566 0219 10       		.byte	16
 567 021a 09       		.byte	9
 568 021b 03       		.byte	3
 569 021c 0A       		.byte	10
 570 021d 20       		.byte	32
ARM GAS  C:\Users\adria\AppData\Local\Temp\ccIuOpwv.s 			page 11


 571 021e 0B       		.byte	11
 572 021f 0C       		.byte	12
 573 0220 0C       		.byte	12
 574 0221 40       		.byte	64
 575 0222 0D       		.byte	13
 576 0223 03       		.byte	3
 577 0224 0E       		.byte	14
 578 0225 20       		.byte	32
 579 0226 0F       		.byte	15
 580 0227 18       		.byte	24
 581 0228 10       		.byte	16
 582 0229 60       		.byte	96
 583 022a 12       		.byte	18
 584 022b 10       		.byte	16
 585 022c 14       		.byte	20
 586 022d 03       		.byte	3
 587 022e 16       		.byte	22
 588 022f 0C       		.byte	12
 589 0230 1A       		.byte	26
 590 0231 80       		.byte	-128
 591 0232 1E       		.byte	30
 592 0233 04       		.byte	4
 593 0234 21       		.byte	33
 594 0235 02       		.byte	2
 595 0236 22       		.byte	34
 596 0237 02       		.byte	2
 597 0238 23       		.byte	35
 598 0239 15       		.byte	21
 599 023a 26       		.byte	38
 600 023b 01       		.byte	1
 601 023c 27       		.byte	39
 602 023d 40       		.byte	64
 603 023e 2A       		.byte	42
 604 023f 08       		.byte	8
 605 0240 2C       		.byte	44
 606 0241 80       		.byte	-128
 607 0242 2D       		.byte	45
 608 0243 01       		.byte	1
 609 0244 2F       		.byte	47
 610 0245 16       		.byte	22
 611 0246 30       		.byte	48
 612 0247 0F       		.byte	15
 613 0248 31       		.byte	49
 614 0249 40       		.byte	64
 615 024a 32       		.byte	50
 616 024b 80       		.byte	-128
 617 024c 33       		.byte	51
 618 024d 20       		.byte	32
 619 024e 34       		.byte	52
 620 024f 70       		.byte	112
 621 0250 37       		.byte	55
 622 0251 1F       		.byte	31
 623 0252 39       		.byte	57
 624 0253 80       		.byte	-128
 625 0254 3E       		.byte	62
 626 0255 11       		.byte	17
 627 0256 3F       		.byte	63
ARM GAS  C:\Users\adria\AppData\Local\Temp\ccIuOpwv.s 			page 12


 628 0257 40       		.byte	64
 629 0258 58       		.byte	88
 630 0259 04       		.byte	4
 631 025a 59       		.byte	89
 632 025b 04       		.byte	4
 633 025c 5F       		.byte	95
 634 025d 01       		.byte	1
 635 025e 85       		.byte	-123
 636 025f 01       		.byte	1
 637 0260 93       		.byte	-109
 638 0261 01       		.byte	1
 639 0262 95       		.byte	-107
 640 0263 01       		.byte	1
 641 0264 96       		.byte	-106
 642 0265 01       		.byte	1
 643 0266 9A       		.byte	-102
 644 0267 01       		.byte	1
 645 0268 A4       		.byte	-92
 646 0269 01       		.byte	1
 647 026a B2       		.byte	-78
 648 026b 01       		.byte	1
 649 026c B3       		.byte	-77
 650 026d 01       		.byte	1
 651 026e BE       		.byte	-66
 652 026f 04       		.byte	4
 653 0270 BF       		.byte	-65
 654 0271 04       		.byte	4
 655 0272 D8       		.byte	-40
 656 0273 04       		.byte	4
 657 0274 D9       		.byte	-39
 658 0275 04       		.byte	4
 659 0276 DB       		.byte	-37
 660 0277 04       		.byte	4
 661 0278 DF       		.byte	-33
 662 0279 01       		.byte	1
 663 027a 00       		.byte	0
 664 027b 40       		.byte	64
 665 027c 01       		.byte	1
 666 027d 14       		.byte	20
 667 027e 03       		.byte	3
 668 027f 80       		.byte	-128
 669 0280 08       		.byte	8
 670 0281 44       		.byte	68
 671 0282 09       		.byte	9
 672 0283 08       		.byte	8
 673 0284 0A       		.byte	10
 674 0285 08       		.byte	8
 675 0286 0B       		.byte	11
 676 0287 40       		.byte	64
 677 0288 0D       		.byte	13
 678 0289 08       		.byte	8
 679 028a 0E       		.byte	14
 680 028b 08       		.byte	8
 681 028c 10       		.byte	16
 682 028d 20       		.byte	32
 683 028e 11       		.byte	17
 684 028f 02       		.byte	2
ARM GAS  C:\Users\adria\AppData\Local\Temp\ccIuOpwv.s 			page 13


 685 0290 12       		.byte	18
 686 0291 02       		.byte	2
 687 0292 13       		.byte	19
 688 0293 10       		.byte	16
 689 0294 15       		.byte	21
 690 0295 04       		.byte	4
 691 0296 18       		.byte	24
 692 0297 40       		.byte	64
 693 0298 19       		.byte	25
 694 0299 20       		.byte	32
 695 029a 1A       		.byte	26
 696 029b 20       		.byte	32
 697 029c 1B       		.byte	27
 698 029d 01       		.byte	1
 699 029e 1D       		.byte	29
 700 029f 04       		.byte	4
 701 02a0 21       		.byte	33
 702 02a1 01       		.byte	1
 703 02a2 22       		.byte	34
 704 02a3 46       		.byte	70
 705 02a4 27       		.byte	39
 706 02a5 10       		.byte	16
 707 02a6 28       		.byte	40
 708 02a7 20       		.byte	32
 709 02a8 2B       		.byte	43
 710 02a9 81       		.byte	-127
 711 02aa 34       		.byte	52
 712 02ab 04       		.byte	4
 713 02ac 37       		.byte	55
 714 02ad 01       		.byte	1
 715 02ae 39       		.byte	57
 716 02af 12       		.byte	18
 717 02b0 3B       		.byte	59
 718 02b1 40       		.byte	64
 719 02b2 3D       		.byte	61
 720 02b3 04       		.byte	4
 721 02b4 6C       		.byte	108
 722 02b5 40       		.byte	64
 723 02b6 6E       		.byte	110
 724 02b7 08       		.byte	8
 725 02b8 6F       		.byte	111
 726 02b9 09       		.byte	9
 727 02ba 81       		.byte	-127
 728 02bb 04       		.byte	4
 729 02bc 83       		.byte	-125
 730 02bd 10       		.byte	16
 731 02be 89       		.byte	-119
 732 02bf 20       		.byte	32
 733 02c0 8C       		.byte	-116
 734 02c1 20       		.byte	32
 735 02c2 8E       		.byte	-114
 736 02c3 40       		.byte	64
 737 02c4 91       		.byte	-111
 738 02c5 14       		.byte	20
 739 02c6 93       		.byte	-109
 740 02c7 50       		.byte	80
 741 02c8 94       		.byte	-108
ARM GAS  C:\Users\adria\AppData\Local\Temp\ccIuOpwv.s 			page 14


 742 02c9 80       		.byte	-128
 743 02ca 96       		.byte	-106
 744 02cb 20       		.byte	32
 745 02cc 98       		.byte	-104
 746 02cd 40       		.byte	64
 747 02ce A0       		.byte	-96
 748 02cf 20       		.byte	32
 749 02d0 A1       		.byte	-95
 750 02d1 09       		.byte	9
 751 02d2 A3       		.byte	-93
 752 02d3 80       		.byte	-128
 753 02d4 A7       		.byte	-89
 754 02d5 09       		.byte	9
 755 02d6 AC       		.byte	-84
 756 02d7 40       		.byte	64
 757 02d8 AE       		.byte	-82
 758 02d9 04       		.byte	4
 759 02da B0       		.byte	-80
 760 02db 01       		.byte	1
 761 02dc B4       		.byte	-76
 762 02dd 04       		.byte	4
 763 02de B5       		.byte	-75
 764 02df 01       		.byte	1
 765 02e0 B7       		.byte	-73
 766 02e1 A4       		.byte	-92
 767 02e2 C0       		.byte	-64
 768 02e3 0F       		.byte	15
 769 02e4 C2       		.byte	-62
 770 02e5 6F       		.byte	111
 771 02e6 C4       		.byte	-60
 772 02e7 2F       		.byte	47
 773 02e8 CA       		.byte	-54
 774 02e9 0B       		.byte	11
 775 02ea CC       		.byte	-52
 776 02eb C0       		.byte	-64
 777 02ec CE       		.byte	-50
 778 02ed 4D       		.byte	77
 779 02ee E0       		.byte	-32
 780 02ef 44       		.byte	68
 781 02f0 E4       		.byte	-28
 782 02f1 01       		.byte	1
 783 02f2 33       		.byte	51
 784 02f3 80       		.byte	-128
 785 02f4 36       		.byte	54
 786 02f5 10       		.byte	16
 787 02f6 CC       		.byte	-52
 788 02f7 30       		.byte	48
 789 02f8 A6       		.byte	-90
 790 02f9 10       		.byte	16
 791 02fa A7       		.byte	-89
 792 02fb 80       		.byte	-128
 793 02fc A6       		.byte	-90
 794 02fd 10       		.byte	16
 795 02fe A7       		.byte	-89
 796 02ff 80       		.byte	-128
 797 0300 A6       		.byte	-90
 798 0301 10       		.byte	16
ARM GAS  C:\Users\adria\AppData\Local\Temp\ccIuOpwv.s 			page 15


 799 0302 A7       		.byte	-89
 800 0303 80       		.byte	-128
 801 0304 57       		.byte	87
 802 0305 40       		.byte	64
 803 0306 59       		.byte	89
 804 0307 28       		.byte	40
 805 0308 5F       		.byte	95
 806 0309 80       		.byte	-128
 807 030a 63       		.byte	99
 808 030b 20       		.byte	32
 809 030c 64       		.byte	100
 810 030d 20       		.byte	32
 811 030e 66       		.byte	102
 812 030f 40       		.byte	64
 813 0310 D4       		.byte	-44
 814 0311 03       		.byte	3
 815 0312 D6       		.byte	-42
 816 0313 07       		.byte	7
 817 0314 D8       		.byte	-40
 818 0315 03       		.byte	3
 819 0316 87       		.byte	-121
 820 0317 80       		.byte	-128
 821 0318 8D       		.byte	-115
 822 0319 08       		.byte	8
 823 031a 8F       		.byte	-113
 824 031b 10       		.byte	16
 825 031c 9C       		.byte	-100
 826 031d 20       		.byte	32
 827 031e 9D       		.byte	-99
 828 031f 28       		.byte	40
 829 0320 9E       		.byte	-98
 830 0321 40       		.byte	64
 831 0322 9F       		.byte	-97
 832 0323 80       		.byte	-128
 833 0324 A7       		.byte	-89
 834 0325 50       		.byte	80
 835 0326 E0       		.byte	-32
 836 0327 0A       		.byte	10
 837 0328 8A       		.byte	-118
 838 0329 40       		.byte	64
 839 032a 9D       		.byte	-99
 840 032b 20       		.byte	32
 841 032c 9E       		.byte	-98
 842 032d 40       		.byte	64
 843 032e A7       		.byte	-89
 844 032f 40       		.byte	64
 845 0330 A8       		.byte	-88
 846 0331 20       		.byte	32
 847 0332 E4       		.byte	-28
 848 0333 01       		.byte	1
 849 0334 83       		.byte	-125
 850 0335 80       		.byte	-128
 851 0336 9D       		.byte	-99
 852 0337 02       		.byte	2
 853 0338 A7       		.byte	-89
 854 0339 80       		.byte	-128
 855 033a AE       		.byte	-82
ARM GAS  C:\Users\adria\AppData\Local\Temp\ccIuOpwv.s 			page 16


 856 033b 10       		.byte	16
 857 033c B1       		.byte	-79
 858 033d 02       		.byte	2
 859 033e E6       		.byte	-26
 860 033f 20       		.byte	32
 861 0340 EE       		.byte	-18
 862 0341 10       		.byte	16
 863 0342 01       		.byte	1
 864 0343 02       		.byte	2
 865 0344 04       		.byte	4
 866 0345 02       		.byte	2
 867 0346 8C       		.byte	-116
 868 0347 01       		.byte	1
 869 0348 9D       		.byte	-99
 870 0349 02       		.byte	2
 871 034a C0       		.byte	-64
 872 034b 30       		.byte	48
 873 034c 52       		.byte	82
 874 034d 20       		.byte	32
 875 034e 62       		.byte	98
 876 034f 02       		.byte	2
 877 0350 63       		.byte	99
 878 0351 02       		.byte	2
 879 0352 67       		.byte	103
 880 0353 40       		.byte	64
 881 0354 9D       		.byte	-99
 882 0355 20       		.byte	32
 883 0356 A7       		.byte	-89
 884 0357 40       		.byte	64
 885 0358 D4       		.byte	-44
 886 0359 04       		.byte	4
 887 035a D6       		.byte	-42
 888 035b 02       		.byte	2
 889 035c D8       		.byte	-40
 890 035d 03       		.byte	3
 891 035e 81       		.byte	-127
 892 035f 20       		.byte	32
 893 0360 83       		.byte	-125
 894 0361 40       		.byte	64
 895 0362 8B       		.byte	-117
 896 0363 40       		.byte	64
 897 0364 8E       		.byte	-114
 898 0365 20       		.byte	32
 899 0366 97       		.byte	-105
 900 0367 40       		.byte	64
 901 0368 9D       		.byte	-99
 902 0369 20       		.byte	32
 903 036a A6       		.byte	-90
 904 036b 20       		.byte	32
 905 036c A7       		.byte	-89
 906 036d 40       		.byte	64
 907 036e B3       		.byte	-77
 908 036f 01       		.byte	1
 909 0370 B6       		.byte	-74
 910 0371 02       		.byte	2
 911 0372 E0       		.byte	-32
 912 0373 0C       		.byte	12
ARM GAS  C:\Users\adria\AppData\Local\Temp\ccIuOpwv.s 			page 17


 913 0374 E8       		.byte	-24
 914 0375 01       		.byte	1
 915 0376 EC       		.byte	-20
 916 0377 08       		.byte	8
 917 0378 00       		.byte	0
 918 0379 03       		.byte	3
 919 037a 0C       		.byte	12
 920 037b 03       		.byte	3
 921 037c 10       		.byte	16
 922 037d 01       		.byte	1
 923 037e 1C       		.byte	28
 924 037f 01       		.byte	1
 925 0380 00       		.byte	0
 926 0381 0F       		.byte	15
 927 0382 00       		.byte	0
 928 0383 00       		.byte	0
 929 0384 00       		.byte	0
 930 0385 7F       		.byte	127
 931 0386 7F       		.byte	127
 932 0387 00       		.byte	0
 933 0388 74       		.byte	116
 934 0389 00       		.byte	0
 935 038a 00       		.byte	0
 936 038b 00       		.byte	0
 937 038c 00       		.byte	0
 938 038d FE       		.byte	-2
 939 038e FE       		.byte	-2
 940 038f 00       		.byte	0
 941 0390 FE       		.byte	-2
 942 0391 00       		.byte	0
 943 0392 00       		.byte	0
 944 0393 00       		.byte	0
 945 0394 03       		.byte	3
 946 0395 00       		.byte	0
 947 0396 00       		.byte	0
 948 0397 03       		.byte	3
 949 0398 00       		.byte	0
 950 0399 00       		.byte	0
 951 039a 00       		.byte	0
 952 039b 00       		.byte	0
 953 039c 00       		.byte	0
 954 039d 00       		.byte	0
 955 039e 00       		.byte	0
 956 039f 00       		.byte	0
 957              		.section	.cywolatch,"a",%progbits
 958              		.align	2
 959              		.type	cy_meta_wonvl, %object
 960              		.size	cy_meta_wonvl, 4
 961              	cy_meta_wonvl:
 962 0000 BC       		.byte	-68
 963 0001 90       		.byte	-112
 964 0002 AC       		.byte	-84
 965 0003 AF       		.byte	-81
 966              		.section	.cycustnvl,"a",%progbits
 967              		.align	2
 968              		.type	cy_meta_custnvl, %object
 969              		.size	cy_meta_custnvl, 4
ARM GAS  C:\Users\adria\AppData\Local\Temp\ccIuOpwv.s 			page 18


 970              	cy_meta_custnvl:
 971 0000 00       		.byte	0
 972 0001 00       		.byte	0
 973 0002 40       		.byte	64
 974 0003 05       		.byte	5
 975              		.section	.cymeta,"a",%progbits
 976              		.align	2
 977              		.type	cy_metadata, %object
 978              		.size	cy_metadata, 12
 979              	cy_metadata:
 980 0000 00       		.byte	0
 981 0001 01       		.byte	1
 982 0002 2E       		.byte	46
 983 0003 16       		.byte	22
 984 0004 10       		.byte	16
 985 0005 69       		.byte	105
 986 0006 00       		.byte	0
 987 0007 01       		.byte	1
 988 0008 00       		.byte	0
 989 0009 00       		.byte	0
 990 000a 00       		.byte	0
 991 000b 00       		.byte	0
 992              		.section	.cyflashprotect,"a",%progbits
 993              		.align	2
 994              		.type	cy_meta_flashprotect, %object
 995              		.size	cy_meta_flashprotect, 256
 996              	cy_meta_flashprotect:
 997 0000 00000000 		.space	256
 997      00000000 
 997      00000000 
 997      00000000 
 997      00000000 
 998              		.text
 999              	.Letext0:
 1000              		.file 1 "c:\\program files (x86)\\cypress\\psoc creator\\4.4\\psoc creator\\import\\gnu\\arm\\5.4.
 1001              		.file 2 "c:\\program files (x86)\\cypress\\psoc creator\\4.4\\psoc creator\\import\\gnu\\arm\\5.4.
 1002              		.file 3 "Generated_Source\\PSoC5\\cymetadata.c"
 1003              		.section	.debug_info,"",%progbits
 1004              	.Ldebug_info0:
 1005 0000 31010000 		.4byte	0x131
 1006 0004 0400     		.2byte	0x4
 1007 0006 00000000 		.4byte	.Ldebug_abbrev0
 1008 000a 04       		.byte	0x4
 1009 000b 01       		.uleb128 0x1
 1010 000c 24000000 		.4byte	.LASF17
 1011 0010 0C       		.byte	0xc
 1012 0011 E1010000 		.4byte	.LASF18
 1013 0015 7E010000 		.4byte	.LASF19
 1014 0019 00000000 		.4byte	.Ldebug_line0
 1015 001d 02       		.uleb128 0x2
 1016 001e 01       		.byte	0x1
 1017 001f 06       		.byte	0x6
 1018 0020 72010000 		.4byte	.LASF0
 1019 0024 03       		.uleb128 0x3
 1020 0025 00000000 		.4byte	.LASF9
 1021 0029 01       		.byte	0x1
 1022 002a 1D       		.byte	0x1d
ARM GAS  C:\Users\adria\AppData\Local\Temp\ccIuOpwv.s 			page 19


 1023 002b 2F000000 		.4byte	0x2f
 1024 002f 02       		.uleb128 0x2
 1025 0030 01       		.byte	0x1
 1026 0031 08       		.byte	0x8
 1027 0032 16000000 		.4byte	.LASF1
 1028 0036 02       		.uleb128 0x2
 1029 0037 02       		.byte	0x2
 1030 0038 05       		.byte	0x5
 1031 0039 5F010000 		.4byte	.LASF2
 1032 003d 02       		.uleb128 0x2
 1033 003e 02       		.byte	0x2
 1034 003f 07       		.byte	0x7
 1035 0040 C4000000 		.4byte	.LASF3
 1036 0044 02       		.uleb128 0x2
 1037 0045 04       		.byte	0x4
 1038 0046 05       		.byte	0x5
 1039 0047 69010000 		.4byte	.LASF4
 1040 004b 02       		.uleb128 0x2
 1041 004c 04       		.byte	0x4
 1042 004d 07       		.byte	0x7
 1043 004e B2000000 		.4byte	.LASF5
 1044 0052 02       		.uleb128 0x2
 1045 0053 08       		.byte	0x8
 1046 0054 05       		.byte	0x5
 1047 0055 51010000 		.4byte	.LASF6
 1048 0059 02       		.uleb128 0x2
 1049 005a 08       		.byte	0x8
 1050 005b 07       		.byte	0x7
 1051 005c 06010000 		.4byte	.LASF7
 1052 0060 04       		.uleb128 0x4
 1053 0061 04       		.byte	0x4
 1054 0062 05       		.byte	0x5
 1055 0063 696E7400 		.ascii	"int\000"
 1056 0067 02       		.uleb128 0x2
 1057 0068 04       		.byte	0x4
 1058 0069 07       		.byte	0x7
 1059 006a F9000000 		.4byte	.LASF8
 1060 006e 03       		.uleb128 0x3
 1061 006f 1D010000 		.4byte	.LASF10
 1062 0073 02       		.byte	0x2
 1063 0074 18       		.byte	0x18
 1064 0075 24000000 		.4byte	0x24
 1065 0079 05       		.uleb128 0x5
 1066 007a 91000000 		.4byte	0x91
 1067 007e 8A000000 		.4byte	0x8a
 1068 0082 06       		.uleb128 0x6
 1069 0083 8A000000 		.4byte	0x8a
 1070 0087 9F03     		.2byte	0x39f
 1071 0089 00       		.byte	0
 1072 008a 02       		.uleb128 0x2
 1073 008b 04       		.byte	0x4
 1074 008c 07       		.byte	0x7
 1075 008d 48010000 		.4byte	.LASF11
 1076 0091 07       		.uleb128 0x7
 1077 0092 6E000000 		.4byte	0x6e
 1078 0096 08       		.uleb128 0x8
 1079 0097 E7000000 		.4byte	.LASF12
ARM GAS  C:\Users\adria\AppData\Local\Temp\ccIuOpwv.s 			page 20


 1080 009b 03       		.byte	0x3
 1081 009c 1F       		.byte	0x1f
 1082 009d A7000000 		.4byte	0xa7
 1083 00a1 05       		.uleb128 0x5
 1084 00a2 03       		.byte	0x3
 1085 00a3 00000000 		.4byte	cy_meta_configecc
 1086 00a7 07       		.uleb128 0x7
 1087 00a8 79000000 		.4byte	0x79
 1088 00ac 05       		.uleb128 0x5
 1089 00ad 91000000 		.4byte	0x91
 1090 00b1 BC000000 		.4byte	0xbc
 1091 00b5 09       		.uleb128 0x9
 1092 00b6 8A000000 		.4byte	0x8a
 1093 00ba 03       		.byte	0x3
 1094 00bb 00       		.byte	0
 1095 00bc 08       		.uleb128 0x8
 1096 00bd D7000000 		.4byte	.LASF13
 1097 00c1 03       		.byte	0x3
 1098 00c2 A0       		.byte	0xa0
 1099 00c3 CD000000 		.4byte	0xcd
 1100 00c7 05       		.uleb128 0x5
 1101 00c8 03       		.byte	0x3
 1102 00c9 00000000 		.4byte	cy_meta_custnvl
 1103 00cd 07       		.uleb128 0x7
 1104 00ce AC000000 		.4byte	0xac
 1105 00d2 08       		.uleb128 0x8
 1106 00d3 3A010000 		.4byte	.LASF14
 1107 00d7 03       		.byte	0x3
 1108 00d8 AE       		.byte	0xae
 1109 00d9 E3000000 		.4byte	0xe3
 1110 00dd 05       		.uleb128 0x5
 1111 00de 03       		.byte	0x3
 1112 00df 00000000 		.4byte	cy_meta_wonvl
 1113 00e3 07       		.uleb128 0x7
 1114 00e4 AC000000 		.4byte	0xac
 1115 00e8 05       		.uleb128 0x5
 1116 00e9 91000000 		.4byte	0x91
 1117 00ed F8000000 		.4byte	0xf8
 1118 00f1 09       		.uleb128 0x9
 1119 00f2 8A000000 		.4byte	0x8a
 1120 00f6 FF       		.byte	0xff
 1121 00f7 00       		.byte	0
 1122 00f8 08       		.uleb128 0x8
 1123 00f9 25010000 		.4byte	.LASF15
 1124 00fd 03       		.byte	0x3
 1125 00fe BC       		.byte	0xbc
 1126 00ff 09010000 		.4byte	0x109
 1127 0103 05       		.uleb128 0x5
 1128 0104 03       		.byte	0x3
 1129 0105 00000000 		.4byte	cy_meta_flashprotect
 1130 0109 07       		.uleb128 0x7
 1131 010a E8000000 		.4byte	0xe8
 1132 010e 05       		.uleb128 0x5
 1133 010f 91000000 		.4byte	0x91
 1134 0113 1E010000 		.4byte	0x11e
 1135 0117 09       		.uleb128 0x9
 1136 0118 8A000000 		.4byte	0x8a
ARM GAS  C:\Users\adria\AppData\Local\Temp\ccIuOpwv.s 			page 21


 1137 011c 0B       		.byte	0xb
 1138 011d 00       		.byte	0
 1139 011e 08       		.uleb128 0x8
 1140 011f 0A000000 		.4byte	.LASF16
 1141 0123 03       		.byte	0x3
 1142 0124 E9       		.byte	0xe9
 1143 0125 2F010000 		.4byte	0x12f
 1144 0129 05       		.uleb128 0x5
 1145 012a 03       		.byte	0x3
 1146 012b 00000000 		.4byte	cy_metadata
 1147 012f 07       		.uleb128 0x7
 1148 0130 0E010000 		.4byte	0x10e
 1149 0134 00       		.byte	0
 1150              		.section	.debug_abbrev,"",%progbits
 1151              	.Ldebug_abbrev0:
 1152 0000 01       		.uleb128 0x1
 1153 0001 11       		.uleb128 0x11
 1154 0002 01       		.byte	0x1
 1155 0003 25       		.uleb128 0x25
 1156 0004 0E       		.uleb128 0xe
 1157 0005 13       		.uleb128 0x13
 1158 0006 0B       		.uleb128 0xb
 1159 0007 03       		.uleb128 0x3
 1160 0008 0E       		.uleb128 0xe
 1161 0009 1B       		.uleb128 0x1b
 1162 000a 0E       		.uleb128 0xe
 1163 000b 10       		.uleb128 0x10
 1164 000c 17       		.uleb128 0x17
 1165 000d 00       		.byte	0
 1166 000e 00       		.byte	0
 1167 000f 02       		.uleb128 0x2
 1168 0010 24       		.uleb128 0x24
 1169 0011 00       		.byte	0
 1170 0012 0B       		.uleb128 0xb
 1171 0013 0B       		.uleb128 0xb
 1172 0014 3E       		.uleb128 0x3e
 1173 0015 0B       		.uleb128 0xb
 1174 0016 03       		.uleb128 0x3
 1175 0017 0E       		.uleb128 0xe
 1176 0018 00       		.byte	0
 1177 0019 00       		.byte	0
 1178 001a 03       		.uleb128 0x3
 1179 001b 16       		.uleb128 0x16
 1180 001c 00       		.byte	0
 1181 001d 03       		.uleb128 0x3
 1182 001e 0E       		.uleb128 0xe
 1183 001f 3A       		.uleb128 0x3a
 1184 0020 0B       		.uleb128 0xb
 1185 0021 3B       		.uleb128 0x3b
 1186 0022 0B       		.uleb128 0xb
 1187 0023 49       		.uleb128 0x49
 1188 0024 13       		.uleb128 0x13
 1189 0025 00       		.byte	0
 1190 0026 00       		.byte	0
 1191 0027 04       		.uleb128 0x4
 1192 0028 24       		.uleb128 0x24
 1193 0029 00       		.byte	0
ARM GAS  C:\Users\adria\AppData\Local\Temp\ccIuOpwv.s 			page 22


 1194 002a 0B       		.uleb128 0xb
 1195 002b 0B       		.uleb128 0xb
 1196 002c 3E       		.uleb128 0x3e
 1197 002d 0B       		.uleb128 0xb
 1198 002e 03       		.uleb128 0x3
 1199 002f 08       		.uleb128 0x8
 1200 0030 00       		.byte	0
 1201 0031 00       		.byte	0
 1202 0032 05       		.uleb128 0x5
 1203 0033 01       		.uleb128 0x1
 1204 0034 01       		.byte	0x1
 1205 0035 49       		.uleb128 0x49
 1206 0036 13       		.uleb128 0x13
 1207 0037 01       		.uleb128 0x1
 1208 0038 13       		.uleb128 0x13
 1209 0039 00       		.byte	0
 1210 003a 00       		.byte	0
 1211 003b 06       		.uleb128 0x6
 1212 003c 21       		.uleb128 0x21
 1213 003d 00       		.byte	0
 1214 003e 49       		.uleb128 0x49
 1215 003f 13       		.uleb128 0x13
 1216 0040 2F       		.uleb128 0x2f
 1217 0041 05       		.uleb128 0x5
 1218 0042 00       		.byte	0
 1219 0043 00       		.byte	0
 1220 0044 07       		.uleb128 0x7
 1221 0045 26       		.uleb128 0x26
 1222 0046 00       		.byte	0
 1223 0047 49       		.uleb128 0x49
 1224 0048 13       		.uleb128 0x13
 1225 0049 00       		.byte	0
 1226 004a 00       		.byte	0
 1227 004b 08       		.uleb128 0x8
 1228 004c 34       		.uleb128 0x34
 1229 004d 00       		.byte	0
 1230 004e 03       		.uleb128 0x3
 1231 004f 0E       		.uleb128 0xe
 1232 0050 3A       		.uleb128 0x3a
 1233 0051 0B       		.uleb128 0xb
 1234 0052 3B       		.uleb128 0x3b
 1235 0053 0B       		.uleb128 0xb
 1236 0054 49       		.uleb128 0x49
 1237 0055 13       		.uleb128 0x13
 1238 0056 3F       		.uleb128 0x3f
 1239 0057 19       		.uleb128 0x19
 1240 0058 02       		.uleb128 0x2
 1241 0059 18       		.uleb128 0x18
 1242 005a 00       		.byte	0
 1243 005b 00       		.byte	0
 1244 005c 09       		.uleb128 0x9
 1245 005d 21       		.uleb128 0x21
 1246 005e 00       		.byte	0
 1247 005f 49       		.uleb128 0x49
 1248 0060 13       		.uleb128 0x13
 1249 0061 2F       		.uleb128 0x2f
 1250 0062 0B       		.uleb128 0xb
ARM GAS  C:\Users\adria\AppData\Local\Temp\ccIuOpwv.s 			page 23


 1251 0063 00       		.byte	0
 1252 0064 00       		.byte	0
 1253 0065 00       		.byte	0
 1254              		.section	.debug_aranges,"",%progbits
 1255 0000 14000000 		.4byte	0x14
 1256 0004 0200     		.2byte	0x2
 1257 0006 00000000 		.4byte	.Ldebug_info0
 1258 000a 04       		.byte	0x4
 1259 000b 00       		.byte	0
 1260 000c 0000     		.2byte	0
 1261 000e 0000     		.2byte	0
 1262 0010 00000000 		.4byte	0
 1263 0014 00000000 		.4byte	0
 1264              		.section	.debug_line,"",%progbits
 1265              	.Ldebug_line0:
 1266 0000 3D010000 		.section	.debug_str,"MS",%progbits,1
 1266      02003701 
 1266      00000201 
 1266      FB0E0D00 
 1266      01010101 
 1267              	.LASF9:
 1268 0000 5F5F7569 		.ascii	"__uint8_t\000"
 1268      6E74385F 
 1268      7400
 1269              	.LASF16:
 1270 000a 63795F6D 		.ascii	"cy_metadata\000"
 1270      65746164 
 1270      61746100 
 1271              	.LASF1:
 1272 0016 756E7369 		.ascii	"unsigned char\000"
 1272      676E6564 
 1272      20636861 
 1272      7200
 1273              	.LASF17:
 1274 0024 474E5520 		.ascii	"GNU C11 5.4.1 20160609 (release) [ARM/embedded-5-br"
 1274      43313120 
 1274      352E342E 
 1274      31203230 
 1274      31363036 
 1275 0057 616E6368 		.ascii	"anch revision 237715] -mcpu=cortex-m3 -mthumb -g -O"
 1275      20726576 
 1275      6973696F 
 1275      6E203233 
 1275      37373135 
 1276 008a 67202D66 		.ascii	"g -ffunction-sections -ffat-lto-objects\000"
 1276      66756E63 
 1276      74696F6E 
 1276      2D736563 
 1276      74696F6E 
 1277              	.LASF5:
 1278 00b2 6C6F6E67 		.ascii	"long unsigned int\000"
 1278      20756E73 
 1278      69676E65 
 1278      6420696E 
 1278      7400
 1279              	.LASF3:
 1280 00c4 73686F72 		.ascii	"short unsigned int\000"
ARM GAS  C:\Users\adria\AppData\Local\Temp\ccIuOpwv.s 			page 24


 1280      7420756E 
 1280      7369676E 
 1280      65642069 
 1280      6E7400
 1281              	.LASF13:
 1282 00d7 63795F6D 		.ascii	"cy_meta_custnvl\000"
 1282      6574615F 
 1282      63757374 
 1282      6E766C00 
 1283              	.LASF12:
 1284 00e7 63795F6D 		.ascii	"cy_meta_configecc\000"
 1284      6574615F 
 1284      636F6E66 
 1284      69676563 
 1284      6300
 1285              	.LASF8:
 1286 00f9 756E7369 		.ascii	"unsigned int\000"
 1286      676E6564 
 1286      20696E74 
 1286      00
 1287              	.LASF7:
 1288 0106 6C6F6E67 		.ascii	"long long unsigned int\000"
 1288      206C6F6E 
 1288      6720756E 
 1288      7369676E 
 1288      65642069 
 1289              	.LASF10:
 1290 011d 75696E74 		.ascii	"uint8_t\000"
 1290      385F7400 
 1291              	.LASF15:
 1292 0125 63795F6D 		.ascii	"cy_meta_flashprotect\000"
 1292      6574615F 
 1292      666C6173 
 1292      6870726F 
 1292      74656374 
 1293              	.LASF14:
 1294 013a 63795F6D 		.ascii	"cy_meta_wonvl\000"
 1294      6574615F 
 1294      776F6E76 
 1294      6C00
 1295              	.LASF11:
 1296 0148 73697A65 		.ascii	"sizetype\000"
 1296      74797065 
 1296      00
 1297              	.LASF6:
 1298 0151 6C6F6E67 		.ascii	"long long int\000"
 1298      206C6F6E 
 1298      6720696E 
 1298      7400
 1299              	.LASF2:
 1300 015f 73686F72 		.ascii	"short int\000"
 1300      7420696E 
 1300      7400
 1301              	.LASF4:
 1302 0169 6C6F6E67 		.ascii	"long int\000"
 1302      20696E74 
 1302      00
ARM GAS  C:\Users\adria\AppData\Local\Temp\ccIuOpwv.s 			page 25


 1303              	.LASF0:
 1304 0172 7369676E 		.ascii	"signed char\000"
 1304      65642063 
 1304      68617200 
 1305              	.LASF19:
 1306 017e 433A5C55 		.ascii	"C:\\Users\\adria\\OneDrive\\Documents\\psoc\\7seg_m"
 1306      73657273 
 1306      5C616472 
 1306      69615C4F 
 1306      6E654472 
 1307 01ab 756C7469 		.ascii	"ultiplexado_hardware\\7seg_multiplexado_hardware.cy"
 1307      706C6578 
 1307      61646F5F 
 1307      68617264 
 1307      77617265 
 1308 01dd 64736E00 		.ascii	"dsn\000"
 1309              	.LASF18:
 1310 01e1 47656E65 		.ascii	"Generated_Source\\PSoC5\\cymetadata.c\000"
 1310      72617465 
 1310      645F536F 
 1310      75726365 
 1310      5C50536F 
 1311              		.ident	"GCC: (GNU Tools for ARM Embedded Processors) 5.4.1 20160609 (release) [ARM/embedded-5-bran
