ARM GAS  C:\Users\adria\AppData\Local\Temp\ccoVN8tM.s 			page 1


   1              		.syntax unified
   2              		.cpu cortex-m3
   3              		.fpu softvfp
   4              		.eabi_attribute 20, 1
   5              		.eabi_attribute 21, 1
   6              		.eabi_attribute 23, 3
   7              		.eabi_attribute 24, 1
   8              		.eabi_attribute 25, 1
   9              		.eabi_attribute 26, 1
  10              		.eabi_attribute 30, 1
  11              		.eabi_attribute 34, 1
  12              		.eabi_attribute 18, 4
  13              		.thumb
  14              		.syntax unified
  15              		.file	"Display_librerria.c"
  16              		.text
  17              	.Ltext0:
  18              		.cfi_sections	.debug_frame
  19              		.section	.text.ceros,"ax",%progbits
  20              		.align	2
  21              		.global	ceros
  22              		.thumb
  23              		.thumb_func
  24              		.type	ceros, %function
  25              	ceros:
  26              	.LFB64:
  27              		.file 1 "Display_librerria.c"
   1:Display_librerria.c **** #include "Display_librerria.h"
   2:Display_librerria.c **** #include "project.h"
   3:Display_librerria.c **** 
   4:Display_librerria.c **** 
   5:Display_librerria.c **** void Separa_digitos(uint16_t num){ 
   6:Display_librerria.c ****     
   7:Display_librerria.c ****     uint8_t digm,digc,digd,digu;
   8:Display_librerria.c ****     
   9:Display_librerria.c ****     digm = num / 1000;        // Obtén el primer dígito (miles)
  10:Display_librerria.c ****     digc = (num / 100) % 10;  // Obtén el segundo dígito (centenas)
  11:Display_librerria.c ****     uint8_t Reg_cm = (digm<<0x04)| digc; 
  12:Display_librerria.c ****     
  13:Display_librerria.c ****     digd = (num / 10) % 10;   // Obtén el tercer dígito (decenas)
  14:Display_librerria.c ****     digu = num % 10;          // Obtén el cuarto dígito (unidades)    
  15:Display_librerria.c ****     uint8_t Reg_ud = (digd<<0x04)| digu; 
  16:Display_librerria.c ****     
  17:Display_librerria.c ****     //Checamos cuales digitos se van a utilizar
  18:Display_librerria.c ****     ceros(num);
  19:Display_librerria.c ****     
  20:Display_librerria.c ****     //Actualizamos los registros de los digitos
  21:Display_librerria.c ****     num_Unidades_Decenas_Write(Reg_ud);//Agregamos unidades y decenas
  22:Display_librerria.c ****     num_Centenas_MIllar_Write(Reg_cm);//Agregamos centenas y millares
  23:Display_librerria.c **** }
  24:Display_librerria.c **** 
  25:Display_librerria.c **** 
  26:Display_librerria.c **** void ceros(uint16_t num){
  28              		.loc 1 26 0
  29              		.cfi_startproc
  30              		@ args = 0, pretend = 0, frame = 0
  31              		@ frame_needed = 0, uses_anonymous_args = 0
ARM GAS  C:\Users\adria\AppData\Local\Temp\ccoVN8tM.s 			page 2


  32              	.LVL0:
  33 0000 38B5     		push	{r3, r4, r5, lr}
  34              		.cfi_def_cfa_offset 16
  35              		.cfi_offset 3, -16
  36              		.cfi_offset 4, -12
  37              		.cfi_offset 5, -8
  38              		.cfi_offset 14, -4
  39 0002 0546     		mov	r5, r0
  27:Display_librerria.c ****     uint8_t ceros = Control_ceros_Read();
  40              		.loc 1 27 0
  41 0004 FFF7FEFF 		bl	Control_ceros_Read
  42              	.LVL1:
  28:Display_librerria.c ****     if(num<1000){
  43              		.loc 1 28 0
  44 0008 B5F57A7F 		cmp	r5, #1000
  45 000c 05D2     		bcs	.L2
  29:Display_librerria.c ****         Control_ceros_Write(ceros &= ~BIT3);
  46              		.loc 1 29 0
  47 000e 00F0F704 		and	r4, r0, #247
  48              	.LVL2:
  49 0012 2046     		mov	r0, r4
  50 0014 FFF7FEFF 		bl	Control_ceros_Write
  51              	.LVL3:
  52 0018 05E0     		b	.L3
  53              	.LVL4:
  54              	.L2:
  30:Display_librerria.c ****     }else{
  31:Display_librerria.c ****         Control_ceros_Write(ceros |= BIT3);
  55              		.loc 1 31 0
  56 001a 40F00804 		orr	r4, r0, #8
  57 001e E4B2     		uxtb	r4, r4
  58              	.LVL5:
  59 0020 2046     		mov	r0, r4
  60 0022 FFF7FEFF 		bl	Control_ceros_Write
  61              	.LVL6:
  62              	.L3:
  32:Display_librerria.c ****     }
  33:Display_librerria.c ****     if(num<100){
  63              		.loc 1 33 0
  64 0026 632D     		cmp	r5, #99
  65 0028 05D8     		bhi	.L4
  34:Display_librerria.c ****         Control_ceros_Write(ceros &= ~BIT2);
  66              		.loc 1 34 0
  67 002a 04F0FB04 		and	r4, r4, #251
  68              	.LVL7:
  69 002e 2046     		mov	r0, r4
  70 0030 FFF7FEFF 		bl	Control_ceros_Write
  71              	.LVL8:
  72 0034 04E0     		b	.L5
  73              	.L4:
  35:Display_librerria.c ****     }else{
  36:Display_librerria.c ****         Control_ceros_Write(ceros |= BIT2);
  74              		.loc 1 36 0
  75 0036 44F00404 		orr	r4, r4, #4
  76              	.LVL9:
  77 003a 2046     		mov	r0, r4
  78 003c FFF7FEFF 		bl	Control_ceros_Write
ARM GAS  C:\Users\adria\AppData\Local\Temp\ccoVN8tM.s 			page 3


  79              	.LVL10:
  80              	.L5:
  37:Display_librerria.c ****     }
  38:Display_librerria.c ****     if(num<10){
  81              		.loc 1 38 0
  82 0040 092D     		cmp	r5, #9
  83 0042 04D8     		bhi	.L6
  84              	.LVL11:
  39:Display_librerria.c ****         Control_ceros_Write(ceros &= ~BIT1);
  85              		.loc 1 39 0
  86 0044 04F0FD00 		and	r0, r4, #253
  87 0048 FFF7FEFF 		bl	Control_ceros_Write
  88              	.LVL12:
  89 004c 38BD     		pop	{r3, r4, r5, pc}
  90              	.LVL13:
  91              	.L6:
  40:Display_librerria.c ****     }else{
  41:Display_librerria.c ****         Control_ceros_Write(ceros |= BIT1);
  92              		.loc 1 41 0
  93 004e 44F00200 		orr	r0, r4, #2
  94 0052 FFF7FEFF 		bl	Control_ceros_Write
  95              	.LVL14:
  96 0056 38BD     		pop	{r3, r4, r5, pc}
  97              		.cfi_endproc
  98              	.LFE64:
  99              		.size	ceros, .-ceros
 100              		.section	.text.Separa_digitos,"ax",%progbits
 101              		.align	2
 102              		.global	Separa_digitos
 103              		.thumb
 104              		.thumb_func
 105              		.type	Separa_digitos, %function
 106              	Separa_digitos:
 107              	.LFB63:
   5:Display_librerria.c ****     
 108              		.loc 1 5 0
 109              		.cfi_startproc
 110              		@ args = 0, pretend = 0, frame = 0
 111              		@ frame_needed = 0, uses_anonymous_args = 0
 112              	.LVL15:
 113 0000 70B5     		push	{r4, r5, r6, lr}
 114              		.cfi_def_cfa_offset 16
 115              		.cfi_offset 4, -16
 116              		.cfi_offset 5, -12
 117              		.cfi_offset 6, -8
 118              		.cfi_offset 14, -4
   9:Display_librerria.c ****     digc = (num / 100) % 10;  // Obtén el segundo dígito (centenas)
 119              		.loc 1 9 0
 120 0002 184D     		ldr	r5, .L11
 121 0004 A5FB0025 		umull	r2, r5, r5, r0
 122 0008 AD09     		lsrs	r5, r5, #6
 123              	.LVL16:
  10:Display_librerria.c ****     uint8_t Reg_cm = (digm<<0x04)| digc; 
 124              		.loc 1 10 0
 125 000a 174A     		ldr	r2, .L11+4
 126 000c A2FB0012 		umull	r1, r2, r2, r0
 127 0010 5209     		lsrs	r2, r2, #5
ARM GAS  C:\Users\adria\AppData\Local\Temp\ccoVN8tM.s 			page 4


 128 0012 1649     		ldr	r1, .L11+8
 129 0014 A1FB0264 		umull	r6, r4, r1, r2
 130 0018 E408     		lsrs	r4, r4, #3
 131 001a 04EB8404 		add	r4, r4, r4, lsl #2
 132 001e 6600     		lsls	r6, r4, #1
 133 0020 921B     		subs	r2, r2, r6
 134 0022 92B2     		uxth	r2, r2
 135              	.LVL17:
  11:Display_librerria.c ****     
 136              		.loc 1 11 0
 137 0024 42EA0515 		orr	r5, r2, r5, lsl #4
 138              	.LVL18:
 139 0028 EDB2     		uxtb	r5, r5
 140              	.LVL19:
  13:Display_librerria.c ****     digu = num % 10;          // Obtén el cuarto dígito (unidades)    
 141              		.loc 1 13 0
 142 002a A1FB0042 		umull	r4, r2, r1, r0
 143              	.LVL20:
 144 002e D208     		lsrs	r2, r2, #3
 145 0030 94B2     		uxth	r4, r2
 146 0032 A1FB0461 		umull	r6, r1, r1, r4
 147              	.LVL21:
 148 0036 C908     		lsrs	r1, r1, #3
 149 0038 01EB8101 		add	r1, r1, r1, lsl #2
 150 003c 4E00     		lsls	r6, r1, #1
 151 003e A41B     		subs	r4, r4, r6
 152 0040 E4B2     		uxtb	r4, r4
 153              	.LVL22:
  14:Display_librerria.c ****     uint8_t Reg_ud = (digd<<0x04)| digu; 
 154              		.loc 1 14 0
 155 0042 02EB8202 		add	r2, r2, r2, lsl #2
 156 0046 5100     		lsls	r1, r2, #1
 157 0048 431A     		subs	r3, r0, r1
 158 004a 9BB2     		uxth	r3, r3
 159              	.LVL23:
  15:Display_librerria.c ****     
 160              		.loc 1 15 0
 161 004c 43EA0414 		orr	r4, r3, r4, lsl #4
 162              	.LVL24:
 163 0050 E4B2     		uxtb	r4, r4
 164              	.LVL25:
  18:Display_librerria.c ****     
 165              		.loc 1 18 0
 166 0052 FFF7FEFF 		bl	ceros
 167              	.LVL26:
  21:Display_librerria.c ****     num_Centenas_MIllar_Write(Reg_cm);//Agregamos centenas y millares
 168              		.loc 1 21 0
 169 0056 2046     		mov	r0, r4
 170 0058 FFF7FEFF 		bl	num_Unidades_Decenas_Write
 171              	.LVL27:
  22:Display_librerria.c **** }
 172              		.loc 1 22 0
 173 005c 2846     		mov	r0, r5
 174 005e FFF7FEFF 		bl	num_Centenas_MIllar_Write
 175              	.LVL28:
 176 0062 70BD     		pop	{r4, r5, r6, pc}
 177              	.LVL29:
ARM GAS  C:\Users\adria\AppData\Local\Temp\ccoVN8tM.s 			page 5


 178              	.L12:
 179              		.align	2
 180              	.L11:
 181 0064 D34D6210 		.word	274877907
 182 0068 1F85EB51 		.word	1374389535
 183 006c CDCCCCCC 		.word	-858993459
 184              		.cfi_endproc
 185              	.LFE63:
 186              		.size	Separa_digitos, .-Separa_digitos
 187              		.text
 188              	.Letext0:
 189              		.file 2 "c:\\program files (x86)\\cypress\\psoc creator\\4.4\\psoc creator\\import\\gnu\\arm\\5.4.
 190              		.file 3 "c:\\program files (x86)\\cypress\\psoc creator\\4.4\\psoc creator\\import\\gnu\\arm\\5.4.
 191              		.file 4 "Generated_Source\\PSoC5/Control_ceros.h"
 192              		.file 5 "Generated_Source\\PSoC5/num_Unidades_Decenas.h"
 193              		.file 6 "Generated_Source\\PSoC5/num_Centenas_MIllar.h"
 194              		.file 7 "Generated_Source\\PSoC5/core_cm3.h"
 195              		.section	.debug_info,"",%progbits
 196              	.Ldebug_info0:
 197 0000 6C020000 		.4byte	0x26c
 198 0004 0400     		.2byte	0x4
 199 0006 00000000 		.4byte	.Ldebug_abbrev0
 200 000a 04       		.byte	0x4
 201 000b 01       		.uleb128 0x1
 202 000c 75000000 		.4byte	.LASF32
 203 0010 0C       		.byte	0xc
 204 0011 9F010000 		.4byte	.LASF33
 205 0015 1E020000 		.4byte	.LASF34
 206 0019 00000000 		.4byte	.Ldebug_ranges0+0
 207 001d 00000000 		.4byte	0
 208 0021 00000000 		.4byte	.Ldebug_line0
 209 0025 02       		.uleb128 0x2
 210 0026 08       		.byte	0x8
 211 0027 07       		.byte	0x7
 212 0028 80010000 		.4byte	.LASF0
 213 002c 02       		.uleb128 0x2
 214 002d 04       		.byte	0x4
 215 002e 07       		.byte	0x7
 216 002f 73010000 		.4byte	.LASF1
 217 0033 02       		.uleb128 0x2
 218 0034 01       		.byte	0x1
 219 0035 06       		.byte	0x6
 220 0036 FF010000 		.4byte	.LASF2
 221 003a 03       		.uleb128 0x3
 222 003b 1B000000 		.4byte	.LASF5
 223 003f 02       		.byte	0x2
 224 0040 1D       		.byte	0x1d
 225 0041 45000000 		.4byte	0x45
 226 0045 02       		.uleb128 0x2
 227 0046 01       		.byte	0x1
 228 0047 08       		.byte	0x8
 229 0048 67000000 		.4byte	.LASF3
 230 004c 02       		.uleb128 0x2
 231 004d 02       		.byte	0x2
 232 004e 05       		.byte	0x5
 233 004f D7010000 		.4byte	.LASF4
 234 0053 03       		.uleb128 0x3
ARM GAS  C:\Users\adria\AppData\Local\Temp\ccoVN8tM.s 			page 6


 235 0054 4E010000 		.4byte	.LASF6
 236 0058 02       		.byte	0x2
 237 0059 2B       		.byte	0x2b
 238 005a 5E000000 		.4byte	0x5e
 239 005e 02       		.uleb128 0x2
 240 005f 02       		.byte	0x2
 241 0060 07       		.byte	0x7
 242 0061 1A010000 		.4byte	.LASF7
 243 0065 03       		.uleb128 0x3
 244 0066 2C000000 		.4byte	.LASF8
 245 006a 02       		.byte	0x2
 246 006b 3F       		.byte	0x3f
 247 006c 70000000 		.4byte	0x70
 248 0070 02       		.uleb128 0x2
 249 0071 04       		.byte	0x4
 250 0072 05       		.byte	0x5
 251 0073 EA010000 		.4byte	.LASF9
 252 0077 02       		.uleb128 0x2
 253 0078 04       		.byte	0x4
 254 0079 07       		.byte	0x7
 255 007a 08010000 		.4byte	.LASF10
 256 007e 02       		.uleb128 0x2
 257 007f 08       		.byte	0x8
 258 0080 05       		.byte	0x5
 259 0081 C4010000 		.4byte	.LASF11
 260 0085 04       		.uleb128 0x4
 261 0086 04       		.byte	0x4
 262 0087 05       		.byte	0x5
 263 0088 696E7400 		.ascii	"int\000"
 264 008c 03       		.uleb128 0x3
 265 008d 97010000 		.4byte	.LASF12
 266 0091 03       		.byte	0x3
 267 0092 18       		.byte	0x18
 268 0093 3A000000 		.4byte	0x3a
 269 0097 03       		.uleb128 0x3
 270 0098 E1010000 		.4byte	.LASF13
 271 009c 03       		.byte	0x3
 272 009d 24       		.byte	0x24
 273 009e 53000000 		.4byte	0x53
 274 00a2 03       		.uleb128 0x3
 275 00a3 B3010000 		.4byte	.LASF14
 276 00a7 03       		.byte	0x3
 277 00a8 2C       		.byte	0x2c
 278 00a9 65000000 		.4byte	0x65
 279 00ad 02       		.uleb128 0x2
 280 00ae 04       		.byte	0x4
 281 00af 04       		.byte	0x4
 282 00b0 5C000000 		.4byte	.LASF15
 283 00b4 02       		.uleb128 0x2
 284 00b5 08       		.byte	0x8
 285 00b6 04       		.byte	0x4
 286 00b7 36000000 		.4byte	.LASF16
 287 00bb 02       		.uleb128 0x2
 288 00bc 01       		.byte	0x1
 289 00bd 08       		.byte	0x8
 290 00be D2010000 		.4byte	.LASF17
 291 00c2 02       		.uleb128 0x2
ARM GAS  C:\Users\adria\AppData\Local\Temp\ccoVN8tM.s 			page 7


 292 00c3 04       		.byte	0x4
 293 00c4 07       		.byte	0x7
 294 00c5 BB010000 		.4byte	.LASF18
 295 00c9 02       		.uleb128 0x2
 296 00ca 08       		.byte	0x8
 297 00cb 04       		.byte	0x4
 298 00cc F3010000 		.4byte	.LASF19
 299 00d0 05       		.uleb128 0x5
 300 00d1 5E010000 		.4byte	.LASF20
 301 00d5 01       		.byte	0x1
 302 00d6 1A       		.byte	0x1a
 303 00d7 00000000 		.4byte	.LFB64
 304 00db 58000000 		.4byte	.LFE64-.LFB64
 305 00df 01       		.uleb128 0x1
 306 00e0 9C       		.byte	0x9c
 307 00e1 86010000 		.4byte	0x186
 308 00e5 06       		.uleb128 0x6
 309 00e6 6E756D00 		.ascii	"num\000"
 310 00ea 01       		.byte	0x1
 311 00eb 1A       		.byte	0x1a
 312 00ec 97000000 		.4byte	0x97
 313 00f0 00000000 		.4byte	.LLST0
 314 00f4 07       		.uleb128 0x7
 315 00f5 5E010000 		.4byte	.LASF20
 316 00f9 01       		.byte	0x1
 317 00fa 1B       		.byte	0x1b
 318 00fb 8C000000 		.4byte	0x8c
 319 00ff 21000000 		.4byte	.LLST1
 320 0103 08       		.uleb128 0x8
 321 0104 08000000 		.4byte	.LVL1
 322 0108 43020000 		.4byte	0x243
 323 010c 09       		.uleb128 0x9
 324 010d 18000000 		.4byte	.LVL3
 325 0111 4E020000 		.4byte	0x24e
 326 0115 20010000 		.4byte	0x120
 327 0119 0A       		.uleb128 0xa
 328 011a 01       		.uleb128 0x1
 329 011b 50       		.byte	0x50
 330 011c 02       		.uleb128 0x2
 331 011d 74       		.byte	0x74
 332 011e 00       		.sleb128 0
 333 011f 00       		.byte	0
 334 0120 09       		.uleb128 0x9
 335 0121 26000000 		.4byte	.LVL6
 336 0125 4E020000 		.4byte	0x24e
 337 0129 34010000 		.4byte	0x134
 338 012d 0A       		.uleb128 0xa
 339 012e 01       		.uleb128 0x1
 340 012f 50       		.byte	0x50
 341 0130 02       		.uleb128 0x2
 342 0131 74       		.byte	0x74
 343 0132 00       		.sleb128 0
 344 0133 00       		.byte	0
 345 0134 09       		.uleb128 0x9
 346 0135 34000000 		.4byte	.LVL8
 347 0139 4E020000 		.4byte	0x24e
 348 013d 48010000 		.4byte	0x148
ARM GAS  C:\Users\adria\AppData\Local\Temp\ccoVN8tM.s 			page 8


 349 0141 0A       		.uleb128 0xa
 350 0142 01       		.uleb128 0x1
 351 0143 50       		.byte	0x50
 352 0144 02       		.uleb128 0x2
 353 0145 74       		.byte	0x74
 354 0146 00       		.sleb128 0
 355 0147 00       		.byte	0
 356 0148 09       		.uleb128 0x9
 357 0149 40000000 		.4byte	.LVL10
 358 014d 4E020000 		.4byte	0x24e
 359 0151 5C010000 		.4byte	0x15c
 360 0155 0A       		.uleb128 0xa
 361 0156 01       		.uleb128 0x1
 362 0157 50       		.byte	0x50
 363 0158 02       		.uleb128 0x2
 364 0159 74       		.byte	0x74
 365 015a 00       		.sleb128 0
 366 015b 00       		.byte	0
 367 015c 09       		.uleb128 0x9
 368 015d 4C000000 		.4byte	.LVL12
 369 0161 4E020000 		.4byte	0x24e
 370 0165 73010000 		.4byte	0x173
 371 0169 0A       		.uleb128 0xa
 372 016a 01       		.uleb128 0x1
 373 016b 50       		.byte	0x50
 374 016c 05       		.uleb128 0x5
 375 016d 74       		.byte	0x74
 376 016e 00       		.sleb128 0
 377 016f 08       		.byte	0x8
 378 0170 FD       		.byte	0xfd
 379 0171 1A       		.byte	0x1a
 380 0172 00       		.byte	0
 381 0173 0B       		.uleb128 0xb
 382 0174 56000000 		.4byte	.LVL14
 383 0178 4E020000 		.4byte	0x24e
 384 017c 0A       		.uleb128 0xa
 385 017d 01       		.uleb128 0x1
 386 017e 50       		.byte	0x50
 387 017f 04       		.uleb128 0x4
 388 0180 74       		.byte	0x74
 389 0181 00       		.sleb128 0
 390 0182 32       		.byte	0x32
 391 0183 21       		.byte	0x21
 392 0184 00       		.byte	0
 393 0185 00       		.byte	0
 394 0186 05       		.uleb128 0x5
 395 0187 64010000 		.4byte	.LASF21
 396 018b 01       		.byte	0x1
 397 018c 05       		.byte	0x5
 398 018d 00000000 		.4byte	.LFB63
 399 0191 70000000 		.4byte	.LFE63-.LFB63
 400 0195 01       		.uleb128 0x1
 401 0196 9C       		.byte	0x9c
 402 0197 32020000 		.4byte	0x232
 403 019b 06       		.uleb128 0x6
 404 019c 6E756D00 		.ascii	"num\000"
 405 01a0 01       		.byte	0x1
ARM GAS  C:\Users\adria\AppData\Local\Temp\ccoVN8tM.s 			page 9


 406 01a1 05       		.byte	0x5
 407 01a2 97000000 		.4byte	0x97
 408 01a6 74000000 		.4byte	.LLST2
 409 01aa 07       		.uleb128 0x7
 410 01ab 62000000 		.4byte	.LASF22
 411 01af 01       		.byte	0x1
 412 01b0 07       		.byte	0x7
 413 01b1 8C000000 		.4byte	0x8c
 414 01b5 95000000 		.4byte	.LLST3
 415 01b9 07       		.uleb128 0x7
 416 01ba 59010000 		.4byte	.LASF23
 417 01be 01       		.byte	0x1
 418 01bf 07       		.byte	0x7
 419 01c0 8C000000 		.4byte	0x8c
 420 01c4 CA000000 		.4byte	.LLST4
 421 01c8 07       		.uleb128 0x7
 422 01c9 57000000 		.4byte	.LASF24
 423 01cd 01       		.byte	0x1
 424 01ce 07       		.byte	0x7
 425 01cf 8C000000 		.4byte	0x8c
 426 01d3 59010000 		.4byte	.LLST5
 427 01d7 07       		.uleb128 0x7
 428 01d8 03010000 		.4byte	.LASF25
 429 01dc 01       		.byte	0x1
 430 01dd 07       		.byte	0x7
 431 01de 8C000000 		.4byte	0x8c
 432 01e2 99010000 		.4byte	.LLST6
 433 01e6 07       		.uleb128 0x7
 434 01e7 25000000 		.4byte	.LASF26
 435 01eb 01       		.byte	0x1
 436 01ec 0B       		.byte	0xb
 437 01ed 8C000000 		.4byte	0x8c
 438 01f1 AC010000 		.4byte	.LLST7
 439 01f5 07       		.uleb128 0x7
 440 01f6 81020000 		.4byte	.LASF27
 441 01fa 01       		.byte	0x1
 442 01fb 0F       		.byte	0xf
 443 01fc 8C000000 		.4byte	0x8c
 444 0200 BF010000 		.4byte	.LLST8
 445 0204 08       		.uleb128 0x8
 446 0205 56000000 		.4byte	.LVL26
 447 0209 D0000000 		.4byte	0xd0
 448 020d 09       		.uleb128 0x9
 449 020e 5C000000 		.4byte	.LVL27
 450 0212 59020000 		.4byte	0x259
 451 0216 21020000 		.4byte	0x221
 452 021a 0A       		.uleb128 0xa
 453 021b 01       		.uleb128 0x1
 454 021c 50       		.byte	0x50
 455 021d 02       		.uleb128 0x2
 456 021e 74       		.byte	0x74
 457 021f 00       		.sleb128 0
 458 0220 00       		.byte	0
 459 0221 0B       		.uleb128 0xb
 460 0222 62000000 		.4byte	.LVL28
 461 0226 64020000 		.4byte	0x264
 462 022a 0A       		.uleb128 0xa
ARM GAS  C:\Users\adria\AppData\Local\Temp\ccoVN8tM.s 			page 10


 463 022b 01       		.uleb128 0x1
 464 022c 50       		.byte	0x50
 465 022d 02       		.uleb128 0x2
 466 022e 75       		.byte	0x75
 467 022f 00       		.sleb128 0
 468 0230 00       		.byte	0
 469 0231 00       		.byte	0
 470 0232 0C       		.uleb128 0xc
 471 0233 41010000 		.4byte	.LASF35
 472 0237 07       		.byte	0x7
 473 0238 1207     		.2byte	0x712
 474 023a 3E020000 		.4byte	0x23e
 475 023e 0D       		.uleb128 0xd
 476 023f A2000000 		.4byte	0xa2
 477 0243 0E       		.uleb128 0xe
 478 0244 0B020000 		.4byte	.LASF28
 479 0248 0B020000 		.4byte	.LASF28
 480 024c 04       		.byte	0x4
 481 024d 30       		.byte	0x30
 482 024e 0E       		.uleb128 0xe
 483 024f 2D010000 		.4byte	.LASF29
 484 0253 2D010000 		.4byte	.LASF29
 485 0257 04       		.byte	0x4
 486 0258 2F       		.byte	0x2f
 487 0259 0E       		.uleb128 0xe
 488 025a 00000000 		.4byte	.LASF30
 489 025e 00000000 		.4byte	.LASF30
 490 0262 05       		.byte	0x5
 491 0263 2F       		.byte	0x2f
 492 0264 0E       		.uleb128 0xe
 493 0265 3D000000 		.4byte	.LASF31
 494 0269 3D000000 		.4byte	.LASF31
 495 026d 06       		.byte	0x6
 496 026e 2F       		.byte	0x2f
 497 026f 00       		.byte	0
 498              		.section	.debug_abbrev,"",%progbits
 499              	.Ldebug_abbrev0:
 500 0000 01       		.uleb128 0x1
 501 0001 11       		.uleb128 0x11
 502 0002 01       		.byte	0x1
 503 0003 25       		.uleb128 0x25
 504 0004 0E       		.uleb128 0xe
 505 0005 13       		.uleb128 0x13
 506 0006 0B       		.uleb128 0xb
 507 0007 03       		.uleb128 0x3
 508 0008 0E       		.uleb128 0xe
 509 0009 1B       		.uleb128 0x1b
 510 000a 0E       		.uleb128 0xe
 511 000b 55       		.uleb128 0x55
 512 000c 17       		.uleb128 0x17
 513 000d 11       		.uleb128 0x11
 514 000e 01       		.uleb128 0x1
 515 000f 10       		.uleb128 0x10
 516 0010 17       		.uleb128 0x17
 517 0011 00       		.byte	0
 518 0012 00       		.byte	0
 519 0013 02       		.uleb128 0x2
ARM GAS  C:\Users\adria\AppData\Local\Temp\ccoVN8tM.s 			page 11


 520 0014 24       		.uleb128 0x24
 521 0015 00       		.byte	0
 522 0016 0B       		.uleb128 0xb
 523 0017 0B       		.uleb128 0xb
 524 0018 3E       		.uleb128 0x3e
 525 0019 0B       		.uleb128 0xb
 526 001a 03       		.uleb128 0x3
 527 001b 0E       		.uleb128 0xe
 528 001c 00       		.byte	0
 529 001d 00       		.byte	0
 530 001e 03       		.uleb128 0x3
 531 001f 16       		.uleb128 0x16
 532 0020 00       		.byte	0
 533 0021 03       		.uleb128 0x3
 534 0022 0E       		.uleb128 0xe
 535 0023 3A       		.uleb128 0x3a
 536 0024 0B       		.uleb128 0xb
 537 0025 3B       		.uleb128 0x3b
 538 0026 0B       		.uleb128 0xb
 539 0027 49       		.uleb128 0x49
 540 0028 13       		.uleb128 0x13
 541 0029 00       		.byte	0
 542 002a 00       		.byte	0
 543 002b 04       		.uleb128 0x4
 544 002c 24       		.uleb128 0x24
 545 002d 00       		.byte	0
 546 002e 0B       		.uleb128 0xb
 547 002f 0B       		.uleb128 0xb
 548 0030 3E       		.uleb128 0x3e
 549 0031 0B       		.uleb128 0xb
 550 0032 03       		.uleb128 0x3
 551 0033 08       		.uleb128 0x8
 552 0034 00       		.byte	0
 553 0035 00       		.byte	0
 554 0036 05       		.uleb128 0x5
 555 0037 2E       		.uleb128 0x2e
 556 0038 01       		.byte	0x1
 557 0039 3F       		.uleb128 0x3f
 558 003a 19       		.uleb128 0x19
 559 003b 03       		.uleb128 0x3
 560 003c 0E       		.uleb128 0xe
 561 003d 3A       		.uleb128 0x3a
 562 003e 0B       		.uleb128 0xb
 563 003f 3B       		.uleb128 0x3b
 564 0040 0B       		.uleb128 0xb
 565 0041 27       		.uleb128 0x27
 566 0042 19       		.uleb128 0x19
 567 0043 11       		.uleb128 0x11
 568 0044 01       		.uleb128 0x1
 569 0045 12       		.uleb128 0x12
 570 0046 06       		.uleb128 0x6
 571 0047 40       		.uleb128 0x40
 572 0048 18       		.uleb128 0x18
 573 0049 9742     		.uleb128 0x2117
 574 004b 19       		.uleb128 0x19
 575 004c 01       		.uleb128 0x1
 576 004d 13       		.uleb128 0x13
ARM GAS  C:\Users\adria\AppData\Local\Temp\ccoVN8tM.s 			page 12


 577 004e 00       		.byte	0
 578 004f 00       		.byte	0
 579 0050 06       		.uleb128 0x6
 580 0051 05       		.uleb128 0x5
 581 0052 00       		.byte	0
 582 0053 03       		.uleb128 0x3
 583 0054 08       		.uleb128 0x8
 584 0055 3A       		.uleb128 0x3a
 585 0056 0B       		.uleb128 0xb
 586 0057 3B       		.uleb128 0x3b
 587 0058 0B       		.uleb128 0xb
 588 0059 49       		.uleb128 0x49
 589 005a 13       		.uleb128 0x13
 590 005b 02       		.uleb128 0x2
 591 005c 17       		.uleb128 0x17
 592 005d 00       		.byte	0
 593 005e 00       		.byte	0
 594 005f 07       		.uleb128 0x7
 595 0060 34       		.uleb128 0x34
 596 0061 00       		.byte	0
 597 0062 03       		.uleb128 0x3
 598 0063 0E       		.uleb128 0xe
 599 0064 3A       		.uleb128 0x3a
 600 0065 0B       		.uleb128 0xb
 601 0066 3B       		.uleb128 0x3b
 602 0067 0B       		.uleb128 0xb
 603 0068 49       		.uleb128 0x49
 604 0069 13       		.uleb128 0x13
 605 006a 02       		.uleb128 0x2
 606 006b 17       		.uleb128 0x17
 607 006c 00       		.byte	0
 608 006d 00       		.byte	0
 609 006e 08       		.uleb128 0x8
 610 006f 898201   		.uleb128 0x4109
 611 0072 00       		.byte	0
 612 0073 11       		.uleb128 0x11
 613 0074 01       		.uleb128 0x1
 614 0075 31       		.uleb128 0x31
 615 0076 13       		.uleb128 0x13
 616 0077 00       		.byte	0
 617 0078 00       		.byte	0
 618 0079 09       		.uleb128 0x9
 619 007a 898201   		.uleb128 0x4109
 620 007d 01       		.byte	0x1
 621 007e 11       		.uleb128 0x11
 622 007f 01       		.uleb128 0x1
 623 0080 31       		.uleb128 0x31
 624 0081 13       		.uleb128 0x13
 625 0082 01       		.uleb128 0x1
 626 0083 13       		.uleb128 0x13
 627 0084 00       		.byte	0
 628 0085 00       		.byte	0
 629 0086 0A       		.uleb128 0xa
 630 0087 8A8201   		.uleb128 0x410a
 631 008a 00       		.byte	0
 632 008b 02       		.uleb128 0x2
 633 008c 18       		.uleb128 0x18
ARM GAS  C:\Users\adria\AppData\Local\Temp\ccoVN8tM.s 			page 13


 634 008d 9142     		.uleb128 0x2111
 635 008f 18       		.uleb128 0x18
 636 0090 00       		.byte	0
 637 0091 00       		.byte	0
 638 0092 0B       		.uleb128 0xb
 639 0093 898201   		.uleb128 0x4109
 640 0096 01       		.byte	0x1
 641 0097 11       		.uleb128 0x11
 642 0098 01       		.uleb128 0x1
 643 0099 31       		.uleb128 0x31
 644 009a 13       		.uleb128 0x13
 645 009b 00       		.byte	0
 646 009c 00       		.byte	0
 647 009d 0C       		.uleb128 0xc
 648 009e 34       		.uleb128 0x34
 649 009f 00       		.byte	0
 650 00a0 03       		.uleb128 0x3
 651 00a1 0E       		.uleb128 0xe
 652 00a2 3A       		.uleb128 0x3a
 653 00a3 0B       		.uleb128 0xb
 654 00a4 3B       		.uleb128 0x3b
 655 00a5 05       		.uleb128 0x5
 656 00a6 49       		.uleb128 0x49
 657 00a7 13       		.uleb128 0x13
 658 00a8 3F       		.uleb128 0x3f
 659 00a9 19       		.uleb128 0x19
 660 00aa 3C       		.uleb128 0x3c
 661 00ab 19       		.uleb128 0x19
 662 00ac 00       		.byte	0
 663 00ad 00       		.byte	0
 664 00ae 0D       		.uleb128 0xd
 665 00af 35       		.uleb128 0x35
 666 00b0 00       		.byte	0
 667 00b1 49       		.uleb128 0x49
 668 00b2 13       		.uleb128 0x13
 669 00b3 00       		.byte	0
 670 00b4 00       		.byte	0
 671 00b5 0E       		.uleb128 0xe
 672 00b6 2E       		.uleb128 0x2e
 673 00b7 00       		.byte	0
 674 00b8 3F       		.uleb128 0x3f
 675 00b9 19       		.uleb128 0x19
 676 00ba 3C       		.uleb128 0x3c
 677 00bb 19       		.uleb128 0x19
 678 00bc 6E       		.uleb128 0x6e
 679 00bd 0E       		.uleb128 0xe
 680 00be 03       		.uleb128 0x3
 681 00bf 0E       		.uleb128 0xe
 682 00c0 3A       		.uleb128 0x3a
 683 00c1 0B       		.uleb128 0xb
 684 00c2 3B       		.uleb128 0x3b
 685 00c3 0B       		.uleb128 0xb
 686 00c4 00       		.byte	0
 687 00c5 00       		.byte	0
 688 00c6 00       		.byte	0
 689              		.section	.debug_loc,"",%progbits
 690              	.Ldebug_loc0:
ARM GAS  C:\Users\adria\AppData\Local\Temp\ccoVN8tM.s 			page 14


 691              	.LLST0:
 692 0000 00000000 		.4byte	.LVL0
 693 0004 07000000 		.4byte	.LVL1-1
 694 0008 0100     		.2byte	0x1
 695 000a 50       		.byte	0x50
 696 000b 07000000 		.4byte	.LVL1-1
 697 000f 58000000 		.4byte	.LFE64
 698 0013 0400     		.2byte	0x4
 699 0015 F3       		.byte	0xf3
 700 0016 01       		.uleb128 0x1
 701 0017 50       		.byte	0x50
 702 0018 9F       		.byte	0x9f
 703 0019 00000000 		.4byte	0
 704 001d 00000000 		.4byte	0
 705              	.LLST1:
 706 0021 08000000 		.4byte	.LVL1
 707 0025 12000000 		.4byte	.LVL2
 708 0029 0100     		.2byte	0x1
 709 002b 50       		.byte	0x50
 710 002c 12000000 		.4byte	.LVL2
 711 0030 1A000000 		.4byte	.LVL4
 712 0034 0100     		.2byte	0x1
 713 0036 54       		.byte	0x54
 714 0037 1A000000 		.4byte	.LVL4
 715 003b 20000000 		.4byte	.LVL5
 716 003f 0100     		.2byte	0x1
 717 0041 50       		.byte	0x50
 718 0042 20000000 		.4byte	.LVL5
 719 0046 44000000 		.4byte	.LVL11
 720 004a 0100     		.2byte	0x1
 721 004c 54       		.byte	0x54
 722 004d 44000000 		.4byte	.LVL11
 723 0051 4E000000 		.4byte	.LVL13
 724 0055 0600     		.2byte	0x6
 725 0057 74       		.byte	0x74
 726 0058 00       		.sleb128 0
 727 0059 09       		.byte	0x9
 728 005a FD       		.byte	0xfd
 729 005b 1A       		.byte	0x1a
 730 005c 9F       		.byte	0x9f
 731 005d 4E000000 		.4byte	.LVL13
 732 0061 58000000 		.4byte	.LFE64
 733 0065 0500     		.2byte	0x5
 734 0067 74       		.byte	0x74
 735 0068 00       		.sleb128 0
 736 0069 32       		.byte	0x32
 737 006a 21       		.byte	0x21
 738 006b 9F       		.byte	0x9f
 739 006c 00000000 		.4byte	0
 740 0070 00000000 		.4byte	0
 741              	.LLST2:
 742 0074 00000000 		.4byte	.LVL15
 743 0078 55000000 		.4byte	.LVL26-1
 744 007c 0100     		.2byte	0x1
 745 007e 50       		.byte	0x50
 746 007f 55000000 		.4byte	.LVL26-1
 747 0083 70000000 		.4byte	.LFE63
ARM GAS  C:\Users\adria\AppData\Local\Temp\ccoVN8tM.s 			page 15


 748 0087 0400     		.2byte	0x4
 749 0089 F3       		.byte	0xf3
 750 008a 01       		.uleb128 0x1
 751 008b 50       		.byte	0x50
 752 008c 9F       		.byte	0x9f
 753 008d 00000000 		.4byte	0
 754 0091 00000000 		.4byte	0
 755              	.LLST3:
 756 0095 0A000000 		.4byte	.LVL16
 757 0099 28000000 		.4byte	.LVL18
 758 009d 0100     		.2byte	0x1
 759 009f 55       		.byte	0x55
 760 00a0 28000000 		.4byte	.LVL18
 761 00a4 55000000 		.4byte	.LVL26-1
 762 00a8 1800     		.2byte	0x18
 763 00aa 70       		.byte	0x70
 764 00ab 00       		.sleb128 0
 765 00ac F7       		.byte	0xf7
 766 00ad 2C       		.uleb128 0x2c
 767 00ae F7       		.byte	0xf7
 768 00af 25       		.uleb128 0x25
 769 00b0 0C       		.byte	0xc
 770 00b1 D34D6210 		.4byte	0x10624dd3
 771 00b5 F7       		.byte	0xf7
 772 00b6 25       		.uleb128 0x25
 773 00b7 1E       		.byte	0x1e
 774 00b8 08       		.byte	0x8
 775 00b9 20       		.byte	0x20
 776 00ba F7       		.byte	0xf7
 777 00bb 25       		.uleb128 0x25
 778 00bc 25       		.byte	0x25
 779 00bd F7       		.byte	0xf7
 780 00be 2C       		.uleb128 0x2c
 781 00bf 36       		.byte	0x36
 782 00c0 25       		.byte	0x25
 783 00c1 9F       		.byte	0x9f
 784 00c2 00000000 		.4byte	0
 785 00c6 00000000 		.4byte	0
 786              	.LLST4:
 787 00ca 24000000 		.4byte	.LVL17
 788 00ce 2E000000 		.4byte	.LVL20
 789 00d2 0100     		.2byte	0x1
 790 00d4 52       		.byte	0x52
 791 00d5 2E000000 		.4byte	.LVL20
 792 00d9 36000000 		.4byte	.LVL21
 793 00dd 1B00     		.2byte	0x1b
 794 00df 70       		.byte	0x70
 795 00e0 00       		.sleb128 0
 796 00e1 F7       		.byte	0xf7
 797 00e2 2C       		.uleb128 0x2c
 798 00e3 F7       		.byte	0xf7
 799 00e4 25       		.uleb128 0x25
 800 00e5 0C       		.byte	0xc
 801 00e6 1F85EB51 		.4byte	0x51eb851f
 802 00ea F7       		.byte	0xf7
 803 00eb 25       		.uleb128 0x25
 804 00ec 1E       		.byte	0x1e
ARM GAS  C:\Users\adria\AppData\Local\Temp\ccoVN8tM.s 			page 16


 805 00ed 08       		.byte	0x8
 806 00ee 20       		.byte	0x20
 807 00ef F7       		.byte	0xf7
 808 00f0 25       		.uleb128 0x25
 809 00f1 25       		.byte	0x25
 810 00f2 F7       		.byte	0xf7
 811 00f3 2C       		.uleb128 0x2c
 812 00f4 35       		.byte	0x35
 813 00f5 25       		.byte	0x25
 814 00f6 76       		.byte	0x76
 815 00f7 00       		.sleb128 0
 816 00f8 1C       		.byte	0x1c
 817 00f9 9F       		.byte	0x9f
 818 00fa 36000000 		.4byte	.LVL21
 819 00fe 55000000 		.4byte	.LVL26-1
 820 0102 4D00     		.2byte	0x4d
 821 0104 70       		.byte	0x70
 822 0105 00       		.sleb128 0
 823 0106 F7       		.byte	0xf7
 824 0107 2C       		.uleb128 0x2c
 825 0108 F7       		.byte	0xf7
 826 0109 25       		.uleb128 0x25
 827 010a 0C       		.byte	0xc
 828 010b 1F85EB51 		.4byte	0x51eb851f
 829 010f F7       		.byte	0xf7
 830 0110 25       		.uleb128 0x25
 831 0111 1E       		.byte	0x1e
 832 0112 08       		.byte	0x8
 833 0113 20       		.byte	0x20
 834 0114 F7       		.byte	0xf7
 835 0115 25       		.uleb128 0x25
 836 0116 25       		.byte	0x25
 837 0117 F7       		.byte	0xf7
 838 0118 2C       		.uleb128 0x2c
 839 0119 35       		.byte	0x35
 840 011a 25       		.byte	0x25
 841 011b 70       		.byte	0x70
 842 011c 00       		.sleb128 0
 843 011d F7       		.byte	0xf7
 844 011e 2C       		.uleb128 0x2c
 845 011f F7       		.byte	0xf7
 846 0120 25       		.uleb128 0x25
 847 0121 0C       		.byte	0xc
 848 0122 1F85EB51 		.4byte	0x51eb851f
 849 0126 F7       		.byte	0xf7
 850 0127 25       		.uleb128 0x25
 851 0128 1E       		.byte	0x1e
 852 0129 08       		.byte	0x8
 853 012a 20       		.byte	0x20
 854 012b F7       		.byte	0xf7
 855 012c 25       		.uleb128 0x25
 856 012d 25       		.byte	0x25
 857 012e F7       		.byte	0xf7
 858 012f 2C       		.uleb128 0x2c
 859 0130 35       		.byte	0x35
 860 0131 25       		.byte	0x25
 861 0132 F7       		.byte	0xf7
ARM GAS  C:\Users\adria\AppData\Local\Temp\ccoVN8tM.s 			page 17


 862 0133 2C       		.uleb128 0x2c
 863 0134 F7       		.byte	0xf7
 864 0135 25       		.uleb128 0x25
 865 0136 F4       		.byte	0xf4
 866 0137 25       		.uleb128 0x25
 867 0138 08       		.byte	0x8
 868 0139 CDCCCCCC 		.8byte	0xcccccccd
 868      00000000 
 869 0141 1E       		.byte	0x1e
 870 0142 08       		.byte	0x8
 871 0143 20       		.byte	0x20
 872 0144 F7       		.byte	0xf7
 873 0145 25       		.uleb128 0x25
 874 0146 25       		.byte	0x25
 875 0147 F7       		.byte	0xf7
 876 0148 2C       		.uleb128 0x2c
 877 0149 33       		.byte	0x33
 878 014a 25       		.byte	0x25
 879 014b 35       		.byte	0x35
 880 014c 1E       		.byte	0x1e
 881 014d 31       		.byte	0x31
 882 014e 24       		.byte	0x24
 883 014f 1C       		.byte	0x1c
 884 0150 9F       		.byte	0x9f
 885 0151 00000000 		.4byte	0
 886 0155 00000000 		.4byte	0
 887              	.LLST5:
 888 0159 42000000 		.4byte	.LVL22
 889 015d 50000000 		.4byte	.LVL24
 890 0161 0100     		.2byte	0x1
 891 0163 54       		.byte	0x54
 892 0164 50000000 		.4byte	.LVL24
 893 0168 55000000 		.4byte	.LVL26-1
 894 016c 2300     		.2byte	0x23
 895 016e 70       		.byte	0x70
 896 016f 00       		.sleb128 0
 897 0170 F7       		.byte	0xf7
 898 0171 2C       		.uleb128 0x2c
 899 0172 F7       		.byte	0xf7
 900 0173 25       		.uleb128 0x25
 901 0174 F4       		.byte	0xf4
 902 0175 25       		.uleb128 0x25
 903 0176 08       		.byte	0x8
 904 0177 CDCCCCCC 		.8byte	0xcccccccd
 904      00000000 
 905 017f 1E       		.byte	0x1e
 906 0180 08       		.byte	0x8
 907 0181 20       		.byte	0x20
 908 0182 F7       		.byte	0xf7
 909 0183 25       		.uleb128 0x25
 910 0184 25       		.byte	0x25
 911 0185 F7       		.byte	0xf7
 912 0186 2C       		.uleb128 0x2c
 913 0187 33       		.byte	0x33
 914 0188 25       		.byte	0x25
 915 0189 0A       		.byte	0xa
 916 018a FFFF     		.2byte	0xffff
ARM GAS  C:\Users\adria\AppData\Local\Temp\ccoVN8tM.s 			page 18


 917 018c 1A       		.byte	0x1a
 918 018d 76       		.byte	0x76
 919 018e 00       		.sleb128 0
 920 018f 1C       		.byte	0x1c
 921 0190 9F       		.byte	0x9f
 922 0191 00000000 		.4byte	0
 923 0195 00000000 		.4byte	0
 924              	.LLST6:
 925 0199 4C000000 		.4byte	.LVL23
 926 019d 55000000 		.4byte	.LVL26-1
 927 01a1 0100     		.2byte	0x1
 928 01a3 53       		.byte	0x53
 929 01a4 00000000 		.4byte	0
 930 01a8 00000000 		.4byte	0
 931              	.LLST7:
 932 01ac 2A000000 		.4byte	.LVL19
 933 01b0 64000000 		.4byte	.LVL29
 934 01b4 0100     		.2byte	0x1
 935 01b6 55       		.byte	0x55
 936 01b7 00000000 		.4byte	0
 937 01bb 00000000 		.4byte	0
 938              	.LLST8:
 939 01bf 52000000 		.4byte	.LVL25
 940 01c3 64000000 		.4byte	.LVL29
 941 01c7 0100     		.2byte	0x1
 942 01c9 54       		.byte	0x54
 943 01ca 00000000 		.4byte	0
 944 01ce 00000000 		.4byte	0
 945              		.section	.debug_aranges,"",%progbits
 946 0000 24000000 		.4byte	0x24
 947 0004 0200     		.2byte	0x2
 948 0006 00000000 		.4byte	.Ldebug_info0
 949 000a 04       		.byte	0x4
 950 000b 00       		.byte	0
 951 000c 0000     		.2byte	0
 952 000e 0000     		.2byte	0
 953 0010 00000000 		.4byte	.LFB64
 954 0014 58000000 		.4byte	.LFE64-.LFB64
 955 0018 00000000 		.4byte	.LFB63
 956 001c 70000000 		.4byte	.LFE63-.LFB63
 957 0020 00000000 		.4byte	0
 958 0024 00000000 		.4byte	0
 959              		.section	.debug_ranges,"",%progbits
 960              	.Ldebug_ranges0:
 961 0000 00000000 		.4byte	.LFB64
 962 0004 58000000 		.4byte	.LFE64
 963 0008 00000000 		.4byte	.LFB63
 964 000c 70000000 		.4byte	.LFE63
 965 0010 00000000 		.4byte	0
 966 0014 00000000 		.4byte	0
 967              		.section	.debug_line,"",%progbits
 968              	.Ldebug_line0:
 969 0000 C7010000 		.section	.debug_str,"MS",%progbits,1
 969      02009201 
 969      00000201 
 969      FB0E0D00 
 969      01010101 
ARM GAS  C:\Users\adria\AppData\Local\Temp\ccoVN8tM.s 			page 19


 970              	.LASF30:
 971 0000 6E756D5F 		.ascii	"num_Unidades_Decenas_Write\000"
 971      556E6964 
 971      61646573 
 971      5F446563 
 971      656E6173 
 972              	.LASF5:
 973 001b 5F5F7569 		.ascii	"__uint8_t\000"
 973      6E74385F 
 973      7400
 974              	.LASF26:
 975 0025 5265675F 		.ascii	"Reg_cm\000"
 975      636D00
 976              	.LASF8:
 977 002c 5F5F696E 		.ascii	"__int32_t\000"
 977      7433325F 
 977      7400
 978              	.LASF16:
 979 0036 646F7562 		.ascii	"double\000"
 979      6C6500
 980              	.LASF31:
 981 003d 6E756D5F 		.ascii	"num_Centenas_MIllar_Write\000"
 981      43656E74 
 981      656E6173 
 981      5F4D496C 
 981      6C61725F 
 982              	.LASF24:
 983 0057 64696764 		.ascii	"digd\000"
 983      00
 984              	.LASF15:
 985 005c 666C6F61 		.ascii	"float\000"
 985      7400
 986              	.LASF22:
 987 0062 6469676D 		.ascii	"digm\000"
 987      00
 988              	.LASF3:
 989 0067 756E7369 		.ascii	"unsigned char\000"
 989      676E6564 
 989      20636861 
 989      7200
 990              	.LASF32:
 991 0075 474E5520 		.ascii	"GNU C11 5.4.1 20160609 (release) [ARM/embedded-5-br"
 991      43313120 
 991      352E342E 
 991      31203230 
 991      31363036 
 992 00a8 616E6368 		.ascii	"anch revision 237715] -mcpu=cortex-m3 -mthumb -g -O"
 992      20726576 
 992      6973696F 
 992      6E203233 
 992      37373135 
 993 00db 67202D66 		.ascii	"g -ffunction-sections -ffat-lto-objects\000"
 993      66756E63 
 993      74696F6E 
 993      2D736563 
 993      74696F6E 
 994              	.LASF25:
ARM GAS  C:\Users\adria\AppData\Local\Temp\ccoVN8tM.s 			page 20


 995 0103 64696775 		.ascii	"digu\000"
 995      00
 996              	.LASF10:
 997 0108 6C6F6E67 		.ascii	"long unsigned int\000"
 997      20756E73 
 997      69676E65 
 997      6420696E 
 997      7400
 998              	.LASF7:
 999 011a 73686F72 		.ascii	"short unsigned int\000"
 999      7420756E 
 999      7369676E 
 999      65642069 
 999      6E7400
 1000              	.LASF29:
 1001 012d 436F6E74 		.ascii	"Control_ceros_Write\000"
 1001      726F6C5F 
 1001      6365726F 
 1001      735F5772 
 1001      69746500 
 1002              	.LASF35:
 1003 0141 49544D5F 		.ascii	"ITM_RxBuffer\000"
 1003      52784275 
 1003      66666572 
 1003      00
 1004              	.LASF6:
 1005 014e 5F5F7569 		.ascii	"__uint16_t\000"
 1005      6E743136 
 1005      5F7400
 1006              	.LASF23:
 1007 0159 64696763 		.ascii	"digc\000"
 1007      00
 1008              	.LASF20:
 1009 015e 6365726F 		.ascii	"ceros\000"
 1009      7300
 1010              	.LASF21:
 1011 0164 53657061 		.ascii	"Separa_digitos\000"
 1011      72615F64 
 1011      69676974 
 1011      6F7300
 1012              	.LASF1:
 1013 0173 756E7369 		.ascii	"unsigned int\000"
 1013      676E6564 
 1013      20696E74 
 1013      00
 1014              	.LASF0:
 1015 0180 6C6F6E67 		.ascii	"long long unsigned int\000"
 1015      206C6F6E 
 1015      6720756E 
 1015      7369676E 
 1015      65642069 
 1016              	.LASF12:
 1017 0197 75696E74 		.ascii	"uint8_t\000"
 1017      385F7400 
 1018              	.LASF33:
 1019 019f 44697370 		.ascii	"Display_librerria.c\000"
 1019      6C61795F 
ARM GAS  C:\Users\adria\AppData\Local\Temp\ccoVN8tM.s 			page 21


 1019      6C696272 
 1019      65727269 
 1019      612E6300 
 1020              	.LASF14:
 1021 01b3 696E7433 		.ascii	"int32_t\000"
 1021      325F7400 
 1022              	.LASF18:
 1023 01bb 73697A65 		.ascii	"sizetype\000"
 1023      74797065 
 1023      00
 1024              	.LASF11:
 1025 01c4 6C6F6E67 		.ascii	"long long int\000"
 1025      206C6F6E 
 1025      6720696E 
 1025      7400
 1026              	.LASF17:
 1027 01d2 63686172 		.ascii	"char\000"
 1027      00
 1028              	.LASF4:
 1029 01d7 73686F72 		.ascii	"short int\000"
 1029      7420696E 
 1029      7400
 1030              	.LASF13:
 1031 01e1 75696E74 		.ascii	"uint16_t\000"
 1031      31365F74 
 1031      00
 1032              	.LASF9:
 1033 01ea 6C6F6E67 		.ascii	"long int\000"
 1033      20696E74 
 1033      00
 1034              	.LASF19:
 1035 01f3 6C6F6E67 		.ascii	"long double\000"
 1035      20646F75 
 1035      626C6500 
 1036              	.LASF2:
 1037 01ff 7369676E 		.ascii	"signed char\000"
 1037      65642063 
 1037      68617200 
 1038              	.LASF28:
 1039 020b 436F6E74 		.ascii	"Control_ceros_Read\000"
 1039      726F6C5F 
 1039      6365726F 
 1039      735F5265 
 1039      616400
 1040              	.LASF34:
 1041 021e 433A5C55 		.ascii	"C:\\Users\\adria\\OneDrive\\Documents\\psoc\\7seg_m"
 1041      73657273 
 1041      5C616472 
 1041      69615C4F 
 1041      6E654472 
 1042 024b 756C7469 		.ascii	"ultiplexado_hardware\\7seg_multiplexado_hardware.cy"
 1042      706C6578 
 1042      61646F5F 
 1042      68617264 
 1042      77617265 
 1043 027d 64736E00 		.ascii	"dsn\000"
 1044              	.LASF27:
ARM GAS  C:\Users\adria\AppData\Local\Temp\ccoVN8tM.s 			page 22


 1045 0281 5265675F 		.ascii	"Reg_ud\000"
 1045      756400
 1046              		.ident	"GCC: (GNU Tools for ARM Embedded Processors) 5.4.1 20160609 (release) [ARM/embedded-5-bran
