ARM GAS  C:\Users\adria\AppData\Local\Temp\cc4BdrTD.s 			page 1


   1              		.syntax unified
   2              		.cpu cortex-m3
   3              		.fpu softvfp
   4              		.eabi_attribute 20, 1
   5              		.eabi_attribute 21, 1
   6              		.eabi_attribute 23, 3
   7              		.eabi_attribute 24, 1
   8              		.eabi_attribute 25, 1
   9              		.eabi_attribute 26, 1
  10              		.eabi_attribute 30, 1
  11              		.eabi_attribute 34, 1
  12              		.eabi_attribute 18, 4
  13              		.thumb
  14              		.syntax unified
  15              		.file	"cymetadata.c"
  16              		.text
  17              	.Ltext0:
  18              		.cfi_sections	.debug_frame
  19              		.global	cy_metadata
  20              		.global	cy_meta_flashprotect
  21              		.global	cy_meta_wonvl
  22              		.global	cy_meta_custnvl
  23              		.global	cy_meta_configecc
  24              		.section	.cyconfigecc,"a",%progbits
  25              		.align	2
  26              		.type	cy_meta_configecc, %object
  27              		.size	cy_meta_configecc, 664
  28              	cy_meta_configecc:
  29 0000 02       		.byte	2
  30 0001 52       		.byte	82
  31 0002 00       		.byte	0
  32 0003 40       		.byte	64
  33 0004 02       		.byte	2
  34 0005 65       		.byte	101
  35 0006 00       		.byte	0
  36 0007 40       		.byte	64
  37 0008 01       		.byte	1
  38 0009 05       		.byte	5
  39 000a 01       		.byte	1
  40 000b 40       		.byte	64
  41 000c 01       		.byte	1
  42 000d 07       		.byte	7
  43 000e 01       		.byte	1
  44 000f 40       		.byte	64
  45 0010 3B       		.byte	59
  46 0011 14       		.byte	20
  47 0012 01       		.byte	1
  48 0013 40       		.byte	64
  49 0014 3D       		.byte	61
  50 0015 15       		.byte	21
  51 0016 01       		.byte	1
  52 0017 40       		.byte	64
  53 0018 43       		.byte	67
  54 0019 16       		.byte	22
  55 001a 01       		.byte	1
  56 001b 40       		.byte	64
  57 001c 2F       		.byte	47
ARM GAS  C:\Users\adria\AppData\Local\Temp\cc4BdrTD.s 			page 2


  58 001d 17       		.byte	23
  59 001e 01       		.byte	1
  60 001f 40       		.byte	64
  61 0020 01       		.byte	1
  62 0021 1B       		.byte	27
  63 0022 01       		.byte	1
  64 0023 40       		.byte	64
  65 0024 03       		.byte	3
  66 0025 40       		.byte	64
  67 0026 01       		.byte	1
  68 0027 40       		.byte	64
  69 0028 02       		.byte	2
  70 0029 41       		.byte	65
  71 002a 01       		.byte	1
  72 002b 40       		.byte	64
  73 002c 04       		.byte	4
  74 002d 42       		.byte	66
  75 002e 01       		.byte	1
  76 002f 40       		.byte	64
  77 0030 01       		.byte	1
  78 0031 43       		.byte	67
  79 0032 01       		.byte	1
  80 0033 40       		.byte	64
  81 0034 06       		.byte	6
  82 0035 48       		.byte	72
  83 0036 01       		.byte	1
  84 0037 40       		.byte	64
  85 0038 09       		.byte	9
  86 0039 49       		.byte	73
  87 003a 01       		.byte	1
  88 003b 40       		.byte	64
  89 003c 04       		.byte	4
  90 003d 4D       		.byte	77
  91 003e 01       		.byte	1
  92 003f 40       		.byte	64
  93 0040 02       		.byte	2
  94 0041 50       		.byte	80
  95 0042 01       		.byte	1
  96 0043 40       		.byte	64
  97 0044 01       		.byte	1
  98 0045 51       		.byte	81
  99 0046 01       		.byte	1
 100 0047 40       		.byte	64
 101 0048 60       		.byte	96
 102 0049 80       		.byte	-128
 103 004a 61       		.byte	97
 104 004b 80       		.byte	-128
 105 004c 85       		.byte	-123
 106 004d 0F       		.byte	15
 107 004e 87       		.byte	-121
 108 004f 0F       		.byte	15
 109 0050 84       		.byte	-124
 110 0051 40       		.byte	64
 111 0052 9C       		.byte	-100
 112 0053 40       		.byte	64
 113 0054 00       		.byte	0
 114 0055 10       		.byte	16
ARM GAS  C:\Users\adria\AppData\Local\Temp\cc4BdrTD.s 			page 3


 115 0056 04       		.byte	4
 116 0057 09       		.byte	9
 117 0058 06       		.byte	6
 118 0059 10       		.byte	16
 119 005a 12       		.byte	18
 120 005b 03       		.byte	3
 121 005c 14       		.byte	20
 122 005d 30       		.byte	48
 123 005e 16       		.byte	22
 124 005f 0C       		.byte	12
 125 0060 17       		.byte	23
 126 0061 01       		.byte	1
 127 0062 18       		.byte	24
 128 0063 80       		.byte	-128
 129 0064 19       		.byte	25
 130 0065 01       		.byte	1
 131 0066 1B       		.byte	27
 132 0067 02       		.byte	2
 133 0068 1C       		.byte	28
 134 0069 2C       		.byte	44
 135 006a 1E       		.byte	30
 136 006b 11       		.byte	17
 137 006c 20       		.byte	32
 138 006d 14       		.byte	20
 139 006e 23       		.byte	35
 140 006f 04       		.byte	4
 141 0070 24       		.byte	36
 142 0071 1C       		.byte	28
 143 0072 26       		.byte	38
 144 0073 22       		.byte	34
 145 0074 28       		.byte	40
 146 0075 40       		.byte	64
 147 0076 30       		.byte	48
 148 0077 1F       		.byte	31
 149 0078 31       		.byte	49
 150 0079 01       		.byte	1
 151 007a 33       		.byte	51
 152 007b 02       		.byte	2
 153 007c 34       		.byte	52
 154 007d 60       		.byte	96
 155 007e 35       		.byte	53
 156 007f 04       		.byte	4
 157 0080 36       		.byte	54
 158 0081 80       		.byte	-128
 159 0082 38       		.byte	56
 160 0083 20       		.byte	32
 161 0084 3E       		.byte	62
 162 0085 40       		.byte	64
 163 0086 40       		.byte	64
 164 0087 36       		.byte	54
 165 0088 41       		.byte	65
 166 0089 01       		.byte	1
 167 008a 46       		.byte	70
 168 008b CB       		.byte	-53
 169 008c 47       		.byte	71
 170 008d 0E       		.byte	14
 171 008e 48       		.byte	72
ARM GAS  C:\Users\adria\AppData\Local\Temp\cc4BdrTD.s 			page 4


 172 008f 1C       		.byte	28
 173 0090 49       		.byte	73
 174 0091 FF       		.byte	-1
 175 0092 4A       		.byte	74
 176 0093 FF       		.byte	-1
 177 0094 4B       		.byte	75
 178 0095 FF       		.byte	-1
 179 0096 4E       		.byte	78
 180 0097 F0       		.byte	-16
 181 0098 4F       		.byte	79
 182 0099 44       		.byte	68
 183 009a 50       		.byte	80
 184 009b 0C       		.byte	12
 185 009c 58       		.byte	88
 186 009d 04       		.byte	4
 187 009e 59       		.byte	89
 188 009f 04       		.byte	4
 189 00a0 5A       		.byte	90
 190 00a1 04       		.byte	4
 191 00a2 5C       		.byte	92
 192 00a3 10       		.byte	16
 193 00a4 5F       		.byte	95
 194 00a5 01       		.byte	1
 195 00a6 66       		.byte	102
 196 00a7 C0       		.byte	-64
 197 00a8 6A       		.byte	106
 198 00a9 40       		.byte	64
 199 00aa 6B       		.byte	107
 200 00ab 02       		.byte	2
 201 00ac 8E       		.byte	-114
 202 00ad 02       		.byte	2
 203 00ae 90       		.byte	-112
 204 00af 04       		.byte	4
 205 00b0 9A       		.byte	-102
 206 00b1 01       		.byte	1
 207 00b2 9F       		.byte	-97
 208 00b3 01       		.byte	1
 209 00b4 AE       		.byte	-82
 210 00b5 04       		.byte	4
 211 00b6 B0       		.byte	-80
 212 00b7 01       		.byte	1
 213 00b8 B1       		.byte	-79
 214 00b9 01       		.byte	1
 215 00ba B2       		.byte	-78
 216 00bb 02       		.byte	2
 217 00bc B4       		.byte	-76
 218 00bd 04       		.byte	4
 219 00be D6       		.byte	-42
 220 00bf 04       		.byte	4
 221 00c0 D8       		.byte	-40
 222 00c1 04       		.byte	4
 223 00c2 D9       		.byte	-39
 224 00c3 04       		.byte	4
 225 00c4 DB       		.byte	-37
 226 00c5 04       		.byte	4
 227 00c6 DC       		.byte	-36
 228 00c7 11       		.byte	17
ARM GAS  C:\Users\adria\AppData\Local\Temp\cc4BdrTD.s 			page 5


 229 00c8 DF       		.byte	-33
 230 00c9 01       		.byte	1
 231 00ca 00       		.byte	0
 232 00cb 04       		.byte	4
 233 00cc 01       		.byte	1
 234 00cd 02       		.byte	2
 235 00ce 07       		.byte	7
 236 00cf 01       		.byte	1
 237 00d0 09       		.byte	9
 238 00d1 08       		.byte	8
 239 00d2 0A       		.byte	10
 240 00d3 41       		.byte	65
 241 00d4 0B       		.byte	11
 242 00d5 08       		.byte	8
 243 00d6 0E       		.byte	14
 244 00d7 80       		.byte	-128
 245 00d8 0F       		.byte	15
 246 00d9 08       		.byte	8
 247 00da 10       		.byte	16
 248 00db 88       		.byte	-120
 249 00dc 12       		.byte	18
 250 00dd 10       		.byte	16
 251 00de 17       		.byte	23
 252 00df 40       		.byte	64
 253 00e0 18       		.byte	24
 254 00e1 05       		.byte	5
 255 00e2 19       		.byte	25
 256 00e3 10       		.byte	16
 257 00e4 1A       		.byte	26
 258 00e5 C0       		.byte	-64
 259 00e6 1E       		.byte	30
 260 00e7 A8       		.byte	-88
 261 00e8 21       		.byte	33
 262 00e9 20       		.byte	32
 263 00ea 22       		.byte	34
 264 00eb 08       		.byte	8
 265 00ec 23       		.byte	35
 266 00ed 40       		.byte	64
 267 00ee 27       		.byte	39
 268 00ef 40       		.byte	64
 269 00f0 28       		.byte	40
 270 00f1 80       		.byte	-128
 271 00f2 31       		.byte	49
 272 00f3 20       		.byte	32
 273 00f4 32       		.byte	50
 274 00f5 08       		.byte	8
 275 00f6 36       		.byte	54
 276 00f7 40       		.byte	64
 277 00f8 41       		.byte	65
 278 00f9 08       		.byte	8
 279 00fa 42       		.byte	66
 280 00fb 01       		.byte	1
 281 00fc 48       		.byte	72
 282 00fd 08       		.byte	8
 283 00fe 50       		.byte	80
 284 00ff A0       		.byte	-96
 285 0100 53       		.byte	83
ARM GAS  C:\Users\adria\AppData\Local\Temp\cc4BdrTD.s 			page 6


 286 0101 0C       		.byte	12
 287 0102 5E       		.byte	94
 288 0103 08       		.byte	8
 289 0104 5F       		.byte	95
 290 0105 62       		.byte	98
 291 0106 64       		.byte	100
 292 0107 40       		.byte	64
 293 0108 84       		.byte	-124
 294 0109 80       		.byte	-128
 295 010a 87       		.byte	-121
 296 010b 01       		.byte	1
 297 010c 8C       		.byte	-116
 298 010d 03       		.byte	3
 299 010e 8F       		.byte	-113
 300 010f 0C       		.byte	12
 301 0110 92       		.byte	-110
 302 0111 01       		.byte	1
 303 0112 94       		.byte	-108
 304 0113 04       		.byte	4
 305 0114 96       		.byte	-106
 306 0115 80       		.byte	-128
 307 0116 99       		.byte	-103
 308 0117 02       		.byte	2
 309 0118 9A       		.byte	-102
 310 0119 10       		.byte	16
 311 011a 9B       		.byte	-101
 312 011b 22       		.byte	34
 313 011c 9C       		.byte	-100
 314 011d 42       		.byte	66
 315 011e 9D       		.byte	-99
 316 011f 10       		.byte	16
 317 0120 9F       		.byte	-97
 318 0121 04       		.byte	4
 319 0122 A0       		.byte	-96
 320 0123 08       		.byte	8
 321 0124 A1       		.byte	-95
 322 0125 08       		.byte	8
 323 0126 A3       		.byte	-93
 324 0127 04       		.byte	4
 325 0128 A4       		.byte	-92
 326 0129 20       		.byte	32
 327 012a A6       		.byte	-90
 328 012b 10       		.byte	16
 329 012c AA       		.byte	-86
 330 012d 02       		.byte	2
 331 012e AC       		.byte	-84
 332 012f 04       		.byte	4
 333 0130 C0       		.byte	-64
 334 0131 8C       		.byte	-116
 335 0132 C2       		.byte	-62
 336 0133 5F       		.byte	95
 337 0134 C4       		.byte	-60
 338 0135 8E       		.byte	-114
 339 0136 CA       		.byte	-54
 340 0137 01       		.byte	1
 341 0138 CC       		.byte	-52
 342 0139 16       		.byte	22
ARM GAS  C:\Users\adria\AppData\Local\Temp\cc4BdrTD.s 			page 7


 343 013a D0       		.byte	-48
 344 013b 0A       		.byte	10
 345 013c D2       		.byte	-46
 346 013d 04       		.byte	4
 347 013e D6       		.byte	-42
 348 013f F0       		.byte	-16
 349 0140 D8       		.byte	-40
 350 0141 80       		.byte	-128
 351 0142 EC       		.byte	-20
 352 0143 02       		.byte	2
 353 0144 16       		.byte	22
 354 0145 01       		.byte	1
 355 0146 19       		.byte	25
 356 0147 02       		.byte	2
 357 0148 1A       		.byte	26
 358 0149 02       		.byte	2
 359 014a 25       		.byte	37
 360 014b 01       		.byte	1
 361 014c 2B       		.byte	43
 362 014d 01       		.byte	1
 363 014e 2E       		.byte	46
 364 014f 04       		.byte	4
 365 0150 2F       		.byte	47
 366 0151 02       		.byte	2
 367 0152 30       		.byte	48
 368 0153 01       		.byte	1
 369 0154 32       		.byte	50
 370 0155 02       		.byte	2
 371 0156 33       		.byte	51
 372 0157 02       		.byte	2
 373 0158 34       		.byte	52
 374 0159 04       		.byte	4
 375 015a 37       		.byte	55
 376 015b 01       		.byte	1
 377 015c 58       		.byte	88
 378 015d 04       		.byte	4
 379 015e 59       		.byte	89
 380 015f 04       		.byte	4
 381 0160 5C       		.byte	92
 382 0161 11       		.byte	17
 383 0162 5F       		.byte	95
 384 0163 01       		.byte	1
 385 0164 81       		.byte	-127
 386 0165 73       		.byte	115
 387 0166 82       		.byte	-126
 388 0167 08       		.byte	8
 389 0168 83       		.byte	-125
 390 0169 04       		.byte	4
 391 016a 86       		.byte	-122
 392 016b 1C       		.byte	28
 393 016c 87       		.byte	-121
 394 016d 55       		.byte	85
 395 016e 94       		.byte	-108
 396 016f 01       		.byte	1
 397 0170 95       		.byte	-107
 398 0171 73       		.byte	115
 399 0172 96       		.byte	-106
ARM GAS  C:\Users\adria\AppData\Local\Temp\cc4BdrTD.s 			page 8


 400 0173 16       		.byte	22
 401 0174 97       		.byte	-105
 402 0175 0C       		.byte	12
 403 0176 99       		.byte	-103
 404 0177 03       		.byte	3
 405 0178 9B       		.byte	-101
 406 0179 44       		.byte	68
 407 017a 9C       		.byte	-100
 408 017b 01       		.byte	1
 409 017c 9D       		.byte	-99
 410 017d 80       		.byte	-128
 411 017e 9E       		.byte	-98
 412 017f 0E       		.byte	14
 413 0180 A4       		.byte	-92
 414 0181 1C       		.byte	28
 415 0182 A5       		.byte	-91
 416 0183 2A       		.byte	42
 417 0184 A6       		.byte	-90
 418 0185 03       		.byte	3
 419 0186 A7       		.byte	-89
 420 0187 44       		.byte	68
 421 0188 AA       		.byte	-86
 422 0189 03       		.byte	3
 423 018a AB       		.byte	-85
 424 018b 08       		.byte	8
 425 018c B1       		.byte	-79
 426 018d 40       		.byte	64
 427 018e B2       		.byte	-78
 428 018f 0F       		.byte	15
 429 0190 B3       		.byte	-77
 430 0191 0F       		.byte	15
 431 0192 B5       		.byte	-75
 432 0193 80       		.byte	-128
 433 0194 B6       		.byte	-74
 434 0195 1A       		.byte	26
 435 0196 B7       		.byte	-73
 436 0197 30       		.byte	48
 437 0198 B9       		.byte	-71
 438 0199 80       		.byte	-128
 439 019a BA       		.byte	-70
 440 019b 88       		.byte	-120
 441 019c BB       		.byte	-69
 442 019d 08       		.byte	8
 443 019e BF       		.byte	-65
 444 019f 51       		.byte	81
 445 01a0 C0       		.byte	-64
 446 01a1 01       		.byte	1
 447 01a2 C5       		.byte	-59
 448 01a3 40       		.byte	64
 449 01a4 C9       		.byte	-55
 450 01a5 FF       		.byte	-1
 451 01a6 CA       		.byte	-54
 452 01a7 07       		.byte	7
 453 01a8 CB       		.byte	-53
 454 01a9 FF       		.byte	-1
 455 01aa CC       		.byte	-52
 456 01ab 40       		.byte	64
ARM GAS  C:\Users\adria\AppData\Local\Temp\cc4BdrTD.s 			page 9


 457 01ac CD       		.byte	-51
 458 01ad 20       		.byte	32
 459 01ae CE       		.byte	-50
 460 01af F0       		.byte	-16
 461 01b0 CF       		.byte	-49
 462 01b1 05       		.byte	5
 463 01b2 D0       		.byte	-48
 464 01b3 08       		.byte	8
 465 01b4 D4       		.byte	-44
 466 01b5 01       		.byte	1
 467 01b6 D6       		.byte	-42
 468 01b7 04       		.byte	4
 469 01b8 D8       		.byte	-40
 470 01b9 04       		.byte	4
 471 01ba D9       		.byte	-39
 472 01bb 04       		.byte	4
 473 01bc DA       		.byte	-38
 474 01bd 04       		.byte	4
 475 01be DB       		.byte	-37
 476 01bf 04       		.byte	4
 477 01c0 DF       		.byte	-33
 478 01c1 01       		.byte	1
 479 01c2 E0       		.byte	-32
 480 01c3 40       		.byte	64
 481 01c4 E1       		.byte	-31
 482 01c5 A8       		.byte	-88
 483 01c6 E2       		.byte	-30
 484 01c7 40       		.byte	64
 485 01c8 E3       		.byte	-29
 486 01c9 20       		.byte	32
 487 01ca 00       		.byte	0
 488 01cb 04       		.byte	4
 489 01cc 01       		.byte	1
 490 01cd 02       		.byte	2
 491 01ce 05       		.byte	5
 492 01cf 04       		.byte	4
 493 01d0 06       		.byte	6
 494 01d1 10       		.byte	16
 495 01d2 09       		.byte	9
 496 01d3 08       		.byte	8
 497 01d4 0A       		.byte	10
 498 01d5 01       		.byte	1
 499 01d6 0D       		.byte	13
 500 01d7 20       		.byte	32
 501 01d8 0E       		.byte	14
 502 01d9 20       		.byte	32
 503 01da 10       		.byte	16
 504 01db 08       		.byte	8
 505 01dc 12       		.byte	18
 506 01dd 10       		.byte	16
 507 01de 16       		.byte	22
 508 01df 02       		.byte	2
 509 01e0 18       		.byte	24
 510 01e1 02       		.byte	2
 511 01e2 19       		.byte	25
 512 01e3 04       		.byte	4
 513 01e4 1A       		.byte	26
ARM GAS  C:\Users\adria\AppData\Local\Temp\cc4BdrTD.s 			page 10


 514 01e5 01       		.byte	1
 515 01e6 1D       		.byte	29
 516 01e7 20       		.byte	32
 517 01e8 1F       		.byte	31
 518 01e9 19       		.byte	25
 519 01ea 20       		.byte	32
 520 01eb 09       		.byte	9
 521 01ec 21       		.byte	33
 522 01ed 08       		.byte	8
 523 01ee 23       		.byte	35
 524 01ef 80       		.byte	-128
 525 01f0 27       		.byte	39
 526 01f1 22       		.byte	34
 527 01f2 29       		.byte	41
 528 01f3 14       		.byte	20
 529 01f4 2F       		.byte	47
 530 01f5 19       		.byte	25
 531 01f6 30       		.byte	48
 532 01f7 30       		.byte	48
 533 01f8 31       		.byte	49
 534 01f9 08       		.byte	8
 535 01fa 32       		.byte	50
 536 01fb 40       		.byte	64
 537 01fc 36       		.byte	54
 538 01fd 10       		.byte	16
 539 01fe 38       		.byte	56
 540 01ff 0A       		.byte	10
 541 0200 40       		.byte	64
 542 0201 01       		.byte	1
 543 0202 49       		.byte	73
 544 0203 02       		.byte	2
 545 0204 50       		.byte	80
 546 0205 0C       		.byte	12
 547 0206 58       		.byte	88
 548 0207 12       		.byte	18
 549 0208 5B       		.byte	91
 550 0209 84       		.byte	-124
 551 020a 60       		.byte	96
 552 020b 80       		.byte	-128
 553 020c 88       		.byte	-120
 554 020d 80       		.byte	-128
 555 020e 8F       		.byte	-113
 556 020f 04       		.byte	4
 557 0210 9C       		.byte	-100
 558 0211 40       		.byte	64
 559 0212 C0       		.byte	-64
 560 0213 0C       		.byte	12
 561 0214 C2       		.byte	-62
 562 0215 65       		.byte	101
 563 0216 C4       		.byte	-60
 564 0217 86       		.byte	-122
 565 0218 CA       		.byte	-54
 566 0219 76       		.byte	118
 567 021a CC       		.byte	-52
 568 021b 2E       		.byte	46
 569 021c CE       		.byte	-50
 570 021d 03       		.byte	3
ARM GAS  C:\Users\adria\AppData\Local\Temp\cc4BdrTD.s 			page 11


 571 021e D0       		.byte	-48
 572 021f 08       		.byte	8
 573 0220 D6       		.byte	-42
 574 0221 0F       		.byte	15
 575 0222 D8       		.byte	-40
 576 0223 01       		.byte	1
 577 0224 E0       		.byte	-32
 578 0225 40       		.byte	64
 579 0226 E2       		.byte	-30
 580 0227 20       		.byte	32
 581 0228 EC       		.byte	-20
 582 0229 02       		.byte	2
 583 022a 30       		.byte	48
 584 022b 10       		.byte	16
 585 022c 36       		.byte	54
 586 022d 10       		.byte	16
 587 022e CC       		.byte	-52
 588 022f 30       		.byte	48
 589 0230 9C       		.byte	-100
 590 0231 10       		.byte	16
 591 0232 A6       		.byte	-90
 592 0233 10       		.byte	16
 593 0234 86       		.byte	-122
 594 0235 10       		.byte	16
 595 0236 9C       		.byte	-100
 596 0237 10       		.byte	16
 597 0238 A6       		.byte	-90
 598 0239 10       		.byte	16
 599 023a E6       		.byte	-26
 600 023b 10       		.byte	16
 601 023c 9C       		.byte	-100
 602 023d 10       		.byte	16
 603 023e 03       		.byte	3
 604 023f 20       		.byte	32
 605 0240 05       		.byte	5
 606 0241 02       		.byte	2
 607 0242 88       		.byte	-120
 608 0243 10       		.byte	16
 609 0244 8F       		.byte	-113
 610 0245 20       		.byte	32
 611 0246 9C       		.byte	-100
 612 0247 10       		.byte	16
 613 0248 C0       		.byte	-64
 614 0249 30       		.byte	48
 615 024a 01       		.byte	1
 616 024b 04       		.byte	4
 617 024c 07       		.byte	7
 618 024d 80       		.byte	-128
 619 024e 85       		.byte	-123
 620 024f 04       		.byte	4
 621 0250 87       		.byte	-121
 622 0251 80       		.byte	-128
 623 0252 A9       		.byte	-87
 624 0253 02       		.byte	2
 625 0254 C0       		.byte	-64
 626 0255 30       		.byte	48
 627 0256 E0       		.byte	-32
ARM GAS  C:\Users\adria\AppData\Local\Temp\cc4BdrTD.s 			page 12


 628 0257 40       		.byte	64
 629 0258 E4       		.byte	-28
 630 0259 40       		.byte	64
 631 025a EC       		.byte	-20
 632 025b 20       		.byte	32
 633 025c 74       		.byte	116
 634 025d 04       		.byte	4
 635 025e A0       		.byte	-96
 636 025f 04       		.byte	4
 637 0260 AC       		.byte	-84
 638 0261 04       		.byte	4
 639 0262 DE       		.byte	-34
 640 0263 04       		.byte	4
 641 0264 10       		.byte	16
 642 0265 03       		.byte	3
 643 0266 1A       		.byte	26
 644 0267 03       		.byte	3
 645 0268 00       		.byte	0
 646 0269 0F       		.byte	15
 647 026a 00       		.byte	0
 648 026b 00       		.byte	0
 649 026c 80       		.byte	-128
 650 026d 00       		.byte	0
 651 026e 00       		.byte	0
 652 026f 80       		.byte	-128
 653 0270 80       		.byte	-128
 654 0271 00       		.byte	0
 655 0272 80       		.byte	-128
 656 0273 00       		.byte	0
 657 0274 00       		.byte	0
 658 0275 00       		.byte	0
 659 0276 00       		.byte	0
 660 0277 00       		.byte	0
 661 0278 03       		.byte	3
 662 0279 00       		.byte	0
 663 027a 00       		.byte	0
 664 027b 03       		.byte	3
 665 027c 00       		.byte	0
 666 027d 00       		.byte	0
 667 027e 00       		.byte	0
 668 027f 00       		.byte	0
 669 0280 00       		.byte	0
 670 0281 00       		.byte	0
 671 0282 00       		.byte	0
 672 0283 00       		.byte	0
 673 0284 00       		.byte	0
 674 0285 0B       		.byte	11
 675 0286 0B       		.byte	11
 676 0287 00       		.byte	0
 677 0288 00       		.byte	0
 678 0289 00       		.byte	0
 679 028a 00       		.byte	0
 680 028b 00       		.byte	0
 681 028c 03       		.byte	3
 682 028d 00       		.byte	0
 683 028e 00       		.byte	0
 684 028f 03       		.byte	3
ARM GAS  C:\Users\adria\AppData\Local\Temp\cc4BdrTD.s 			page 13


 685 0290 00       		.byte	0
 686 0291 00       		.byte	0
 687 0292 00       		.byte	0
 688 0293 00       		.byte	0
 689 0294 00       		.byte	0
 690 0295 00       		.byte	0
 691 0296 00       		.byte	0
 692 0297 00       		.byte	0
 693              		.section	.cywolatch,"a",%progbits
 694              		.align	2
 695              		.type	cy_meta_wonvl, %object
 696              		.size	cy_meta_wonvl, 4
 697              	cy_meta_wonvl:
 698 0000 BC       		.byte	-68
 699 0001 90       		.byte	-112
 700 0002 AC       		.byte	-84
 701 0003 AF       		.byte	-81
 702              		.section	.cycustnvl,"a",%progbits
 703              		.align	2
 704              		.type	cy_meta_custnvl, %object
 705              		.size	cy_meta_custnvl, 4
 706              	cy_meta_custnvl:
 707 0000 00       		.byte	0
 708 0001 00       		.byte	0
 709 0002 40       		.byte	64
 710 0003 05       		.byte	5
 711              		.section	.cymeta,"a",%progbits
 712              		.align	2
 713              		.type	cy_metadata, %object
 714              		.size	cy_metadata, 12
 715              	cy_metadata:
 716 0000 00       		.byte	0
 717 0001 01       		.byte	1
 718 0002 2E       		.byte	46
 719 0003 16       		.byte	22
 720 0004 10       		.byte	16
 721 0005 69       		.byte	105
 722 0006 00       		.byte	0
 723 0007 01       		.byte	1
 724 0008 00       		.byte	0
 725 0009 00       		.byte	0
 726 000a 00       		.byte	0
 727 000b 00       		.byte	0
 728              		.section	.cyflashprotect,"a",%progbits
 729              		.align	2
 730              		.type	cy_meta_flashprotect, %object
 731              		.size	cy_meta_flashprotect, 256
 732              	cy_meta_flashprotect:
 733 0000 00000000 		.space	256
 733      00000000 
 733      00000000 
 733      00000000 
 733      00000000 
 734              		.text
 735              	.Letext0:
 736              		.file 1 "c:\\program files (x86)\\cypress\\psoc creator\\4.4\\psoc creator\\import\\gnu\\arm\\5.4.
 737              		.file 2 "c:\\program files (x86)\\cypress\\psoc creator\\4.4\\psoc creator\\import\\gnu\\arm\\5.4.
ARM GAS  C:\Users\adria\AppData\Local\Temp\cc4BdrTD.s 			page 14


 738              		.file 3 "Generated_Source\\PSoC5\\cymetadata.c"
 739              		.section	.debug_info,"",%progbits
 740              	.Ldebug_info0:
 741 0000 31010000 		.4byte	0x131
 742 0004 0400     		.2byte	0x4
 743 0006 00000000 		.4byte	.Ldebug_abbrev0
 744 000a 04       		.byte	0x4
 745 000b 01       		.uleb128 0x1
 746 000c 8B000000 		.4byte	.LASF17
 747 0010 0C       		.byte	0xc
 748 0011 E5010000 		.4byte	.LASF18
 749 0015 0A000000 		.4byte	.LASF19
 750 0019 00000000 		.4byte	.Ldebug_line0
 751 001d 02       		.uleb128 0x2
 752 001e 01       		.byte	0x1
 753 001f 06       		.byte	0x6
 754 0020 D9010000 		.4byte	.LASF0
 755 0024 03       		.uleb128 0x3
 756 0025 00000000 		.4byte	.LASF9
 757 0029 01       		.byte	0x1
 758 002a 1D       		.byte	0x1d
 759 002b 2F000000 		.4byte	0x2f
 760 002f 02       		.uleb128 0x2
 761 0030 01       		.byte	0x1
 762 0031 08       		.byte	0x8
 763 0032 7D000000 		.4byte	.LASF1
 764 0036 02       		.uleb128 0x2
 765 0037 02       		.byte	0x2
 766 0038 05       		.byte	0x5
 767 0039 C6010000 		.4byte	.LASF2
 768 003d 02       		.uleb128 0x2
 769 003e 02       		.byte	0x2
 770 003f 07       		.byte	0x7
 771 0040 2B010000 		.4byte	.LASF3
 772 0044 02       		.uleb128 0x2
 773 0045 04       		.byte	0x4
 774 0046 05       		.byte	0x5
 775 0047 D0010000 		.4byte	.LASF4
 776 004b 02       		.uleb128 0x2
 777 004c 04       		.byte	0x4
 778 004d 07       		.byte	0x7
 779 004e 19010000 		.4byte	.LASF5
 780 0052 02       		.uleb128 0x2
 781 0053 08       		.byte	0x8
 782 0054 05       		.byte	0x5
 783 0055 B8010000 		.4byte	.LASF6
 784 0059 02       		.uleb128 0x2
 785 005a 08       		.byte	0x8
 786 005b 07       		.byte	0x7
 787 005c 6D010000 		.4byte	.LASF7
 788 0060 04       		.uleb128 0x4
 789 0061 04       		.byte	0x4
 790 0062 05       		.byte	0x5
 791 0063 696E7400 		.ascii	"int\000"
 792 0067 02       		.uleb128 0x2
 793 0068 04       		.byte	0x4
 794 0069 07       		.byte	0x7
ARM GAS  C:\Users\adria\AppData\Local\Temp\cc4BdrTD.s 			page 15


 795 006a 60010000 		.4byte	.LASF8
 796 006e 03       		.uleb128 0x3
 797 006f 84010000 		.4byte	.LASF10
 798 0073 02       		.byte	0x2
 799 0074 18       		.byte	0x18
 800 0075 24000000 		.4byte	0x24
 801 0079 05       		.uleb128 0x5
 802 007a 91000000 		.4byte	0x91
 803 007e 8A000000 		.4byte	0x8a
 804 0082 06       		.uleb128 0x6
 805 0083 8A000000 		.4byte	0x8a
 806 0087 9702     		.2byte	0x297
 807 0089 00       		.byte	0
 808 008a 02       		.uleb128 0x2
 809 008b 04       		.byte	0x4
 810 008c 07       		.byte	0x7
 811 008d AF010000 		.4byte	.LASF11
 812 0091 07       		.uleb128 0x7
 813 0092 6E000000 		.4byte	0x6e
 814 0096 08       		.uleb128 0x8
 815 0097 4E010000 		.4byte	.LASF12
 816 009b 03       		.byte	0x3
 817 009c 1F       		.byte	0x1f
 818 009d A7000000 		.4byte	0xa7
 819 00a1 05       		.uleb128 0x5
 820 00a2 03       		.byte	0x3
 821 00a3 00000000 		.4byte	cy_meta_configecc
 822 00a7 07       		.uleb128 0x7
 823 00a8 79000000 		.4byte	0x79
 824 00ac 05       		.uleb128 0x5
 825 00ad 91000000 		.4byte	0x91
 826 00b1 BC000000 		.4byte	0xbc
 827 00b5 09       		.uleb128 0x9
 828 00b6 8A000000 		.4byte	0x8a
 829 00ba 03       		.byte	0x3
 830 00bb 00       		.byte	0
 831 00bc 08       		.uleb128 0x8
 832 00bd 3E010000 		.4byte	.LASF13
 833 00c1 03       		.byte	0x3
 834 00c2 7F       		.byte	0x7f
 835 00c3 CD000000 		.4byte	0xcd
 836 00c7 05       		.uleb128 0x5
 837 00c8 03       		.byte	0x3
 838 00c9 00000000 		.4byte	cy_meta_custnvl
 839 00cd 07       		.uleb128 0x7
 840 00ce AC000000 		.4byte	0xac
 841 00d2 08       		.uleb128 0x8
 842 00d3 A1010000 		.4byte	.LASF14
 843 00d7 03       		.byte	0x3
 844 00d8 8D       		.byte	0x8d
 845 00d9 E3000000 		.4byte	0xe3
 846 00dd 05       		.uleb128 0x5
 847 00de 03       		.byte	0x3
 848 00df 00000000 		.4byte	cy_meta_wonvl
 849 00e3 07       		.uleb128 0x7
 850 00e4 AC000000 		.4byte	0xac
 851 00e8 05       		.uleb128 0x5
ARM GAS  C:\Users\adria\AppData\Local\Temp\cc4BdrTD.s 			page 16


 852 00e9 91000000 		.4byte	0x91
 853 00ed F8000000 		.4byte	0xf8
 854 00f1 09       		.uleb128 0x9
 855 00f2 8A000000 		.4byte	0x8a
 856 00f6 FF       		.byte	0xff
 857 00f7 00       		.byte	0
 858 00f8 08       		.uleb128 0x8
 859 00f9 8C010000 		.4byte	.LASF15
 860 00fd 03       		.byte	0x3
 861 00fe 9B       		.byte	0x9b
 862 00ff 09010000 		.4byte	0x109
 863 0103 05       		.uleb128 0x5
 864 0104 03       		.byte	0x3
 865 0105 00000000 		.4byte	cy_meta_flashprotect
 866 0109 07       		.uleb128 0x7
 867 010a E8000000 		.4byte	0xe8
 868 010e 05       		.uleb128 0x5
 869 010f 91000000 		.4byte	0x91
 870 0113 1E010000 		.4byte	0x11e
 871 0117 09       		.uleb128 0x9
 872 0118 8A000000 		.4byte	0x8a
 873 011c 0B       		.byte	0xb
 874 011d 00       		.byte	0
 875 011e 08       		.uleb128 0x8
 876 011f 71000000 		.4byte	.LASF16
 877 0123 03       		.byte	0x3
 878 0124 C8       		.byte	0xc8
 879 0125 2F010000 		.4byte	0x12f
 880 0129 05       		.uleb128 0x5
 881 012a 03       		.byte	0x3
 882 012b 00000000 		.4byte	cy_metadata
 883 012f 07       		.uleb128 0x7
 884 0130 0E010000 		.4byte	0x10e
 885 0134 00       		.byte	0
 886              		.section	.debug_abbrev,"",%progbits
 887              	.Ldebug_abbrev0:
 888 0000 01       		.uleb128 0x1
 889 0001 11       		.uleb128 0x11
 890 0002 01       		.byte	0x1
 891 0003 25       		.uleb128 0x25
 892 0004 0E       		.uleb128 0xe
 893 0005 13       		.uleb128 0x13
 894 0006 0B       		.uleb128 0xb
 895 0007 03       		.uleb128 0x3
 896 0008 0E       		.uleb128 0xe
 897 0009 1B       		.uleb128 0x1b
 898 000a 0E       		.uleb128 0xe
 899 000b 10       		.uleb128 0x10
 900 000c 17       		.uleb128 0x17
 901 000d 00       		.byte	0
 902 000e 00       		.byte	0
 903 000f 02       		.uleb128 0x2
 904 0010 24       		.uleb128 0x24
 905 0011 00       		.byte	0
 906 0012 0B       		.uleb128 0xb
 907 0013 0B       		.uleb128 0xb
 908 0014 3E       		.uleb128 0x3e
ARM GAS  C:\Users\adria\AppData\Local\Temp\cc4BdrTD.s 			page 17


 909 0015 0B       		.uleb128 0xb
 910 0016 03       		.uleb128 0x3
 911 0017 0E       		.uleb128 0xe
 912 0018 00       		.byte	0
 913 0019 00       		.byte	0
 914 001a 03       		.uleb128 0x3
 915 001b 16       		.uleb128 0x16
 916 001c 00       		.byte	0
 917 001d 03       		.uleb128 0x3
 918 001e 0E       		.uleb128 0xe
 919 001f 3A       		.uleb128 0x3a
 920 0020 0B       		.uleb128 0xb
 921 0021 3B       		.uleb128 0x3b
 922 0022 0B       		.uleb128 0xb
 923 0023 49       		.uleb128 0x49
 924 0024 13       		.uleb128 0x13
 925 0025 00       		.byte	0
 926 0026 00       		.byte	0
 927 0027 04       		.uleb128 0x4
 928 0028 24       		.uleb128 0x24
 929 0029 00       		.byte	0
 930 002a 0B       		.uleb128 0xb
 931 002b 0B       		.uleb128 0xb
 932 002c 3E       		.uleb128 0x3e
 933 002d 0B       		.uleb128 0xb
 934 002e 03       		.uleb128 0x3
 935 002f 08       		.uleb128 0x8
 936 0030 00       		.byte	0
 937 0031 00       		.byte	0
 938 0032 05       		.uleb128 0x5
 939 0033 01       		.uleb128 0x1
 940 0034 01       		.byte	0x1
 941 0035 49       		.uleb128 0x49
 942 0036 13       		.uleb128 0x13
 943 0037 01       		.uleb128 0x1
 944 0038 13       		.uleb128 0x13
 945 0039 00       		.byte	0
 946 003a 00       		.byte	0
 947 003b 06       		.uleb128 0x6
 948 003c 21       		.uleb128 0x21
 949 003d 00       		.byte	0
 950 003e 49       		.uleb128 0x49
 951 003f 13       		.uleb128 0x13
 952 0040 2F       		.uleb128 0x2f
 953 0041 05       		.uleb128 0x5
 954 0042 00       		.byte	0
 955 0043 00       		.byte	0
 956 0044 07       		.uleb128 0x7
 957 0045 26       		.uleb128 0x26
 958 0046 00       		.byte	0
 959 0047 49       		.uleb128 0x49
 960 0048 13       		.uleb128 0x13
 961 0049 00       		.byte	0
 962 004a 00       		.byte	0
 963 004b 08       		.uleb128 0x8
 964 004c 34       		.uleb128 0x34
 965 004d 00       		.byte	0
ARM GAS  C:\Users\adria\AppData\Local\Temp\cc4BdrTD.s 			page 18


 966 004e 03       		.uleb128 0x3
 967 004f 0E       		.uleb128 0xe
 968 0050 3A       		.uleb128 0x3a
 969 0051 0B       		.uleb128 0xb
 970 0052 3B       		.uleb128 0x3b
 971 0053 0B       		.uleb128 0xb
 972 0054 49       		.uleb128 0x49
 973 0055 13       		.uleb128 0x13
 974 0056 3F       		.uleb128 0x3f
 975 0057 19       		.uleb128 0x19
 976 0058 02       		.uleb128 0x2
 977 0059 18       		.uleb128 0x18
 978 005a 00       		.byte	0
 979 005b 00       		.byte	0
 980 005c 09       		.uleb128 0x9
 981 005d 21       		.uleb128 0x21
 982 005e 00       		.byte	0
 983 005f 49       		.uleb128 0x49
 984 0060 13       		.uleb128 0x13
 985 0061 2F       		.uleb128 0x2f
 986 0062 0B       		.uleb128 0xb
 987 0063 00       		.byte	0
 988 0064 00       		.byte	0
 989 0065 00       		.byte	0
 990              		.section	.debug_aranges,"",%progbits
 991 0000 14000000 		.4byte	0x14
 992 0004 0200     		.2byte	0x2
 993 0006 00000000 		.4byte	.Ldebug_info0
 994 000a 04       		.byte	0x4
 995 000b 00       		.byte	0
 996 000c 0000     		.2byte	0
 997 000e 0000     		.2byte	0
 998 0010 00000000 		.4byte	0
 999 0014 00000000 		.4byte	0
 1000              		.section	.debug_line,"",%progbits
 1001              	.Ldebug_line0:
 1002 0000 3D010000 		.section	.debug_str,"MS",%progbits,1
 1002      02003701 
 1002      00000201 
 1002      FB0E0D00 
 1002      01010101 
 1003              	.LASF9:
 1004 0000 5F5F7569 		.ascii	"__uint8_t\000"
 1004      6E74385F 
 1004      7400
 1005              	.LASF19:
 1006 000a 433A5C55 		.ascii	"C:\\Users\\adria\\OneDrive\\Documents\\psoc\\Simula"
 1006      73657273 
 1006      5C616472 
 1006      69615C4F 
 1006      6E654472 
 1007 0037 63696F6E 		.ascii	"cion_sensores_en_linea\\Simulacion_sensores_en_line"
 1007      5F73656E 
 1007      736F7265 
 1007      735F656E 
 1007      5F6C696E 
 1008 0069 612E6379 		.ascii	"a.cydsn\000"
ARM GAS  C:\Users\adria\AppData\Local\Temp\cc4BdrTD.s 			page 19


 1008      64736E00 
 1009              	.LASF16:
 1010 0071 63795F6D 		.ascii	"cy_metadata\000"
 1010      65746164 
 1010      61746100 
 1011              	.LASF1:
 1012 007d 756E7369 		.ascii	"unsigned char\000"
 1012      676E6564 
 1012      20636861 
 1012      7200
 1013              	.LASF17:
 1014 008b 474E5520 		.ascii	"GNU C11 5.4.1 20160609 (release) [ARM/embedded-5-br"
 1014      43313120 
 1014      352E342E 
 1014      31203230 
 1014      31363036 
 1015 00be 616E6368 		.ascii	"anch revision 237715] -mcpu=cortex-m3 -mthumb -g -O"
 1015      20726576 
 1015      6973696F 
 1015      6E203233 
 1015      37373135 
 1016 00f1 67202D66 		.ascii	"g -ffunction-sections -ffat-lto-objects\000"
 1016      66756E63 
 1016      74696F6E 
 1016      2D736563 
 1016      74696F6E 
 1017              	.LASF5:
 1018 0119 6C6F6E67 		.ascii	"long unsigned int\000"
 1018      20756E73 
 1018      69676E65 
 1018      6420696E 
 1018      7400
 1019              	.LASF3:
 1020 012b 73686F72 		.ascii	"short unsigned int\000"
 1020      7420756E 
 1020      7369676E 
 1020      65642069 
 1020      6E7400
 1021              	.LASF13:
 1022 013e 63795F6D 		.ascii	"cy_meta_custnvl\000"
 1022      6574615F 
 1022      63757374 
 1022      6E766C00 
 1023              	.LASF12:
 1024 014e 63795F6D 		.ascii	"cy_meta_configecc\000"
 1024      6574615F 
 1024      636F6E66 
 1024      69676563 
 1024      6300
 1025              	.LASF8:
 1026 0160 756E7369 		.ascii	"unsigned int\000"
 1026      676E6564 
 1026      20696E74 
 1026      00
 1027              	.LASF7:
 1028 016d 6C6F6E67 		.ascii	"long long unsigned int\000"
 1028      206C6F6E 
ARM GAS  C:\Users\adria\AppData\Local\Temp\cc4BdrTD.s 			page 20


 1028      6720756E 
 1028      7369676E 
 1028      65642069 
 1029              	.LASF10:
 1030 0184 75696E74 		.ascii	"uint8_t\000"
 1030      385F7400 
 1031              	.LASF15:
 1032 018c 63795F6D 		.ascii	"cy_meta_flashprotect\000"
 1032      6574615F 
 1032      666C6173 
 1032      6870726F 
 1032      74656374 
 1033              	.LASF14:
 1034 01a1 63795F6D 		.ascii	"cy_meta_wonvl\000"
 1034      6574615F 
 1034      776F6E76 
 1034      6C00
 1035              	.LASF11:
 1036 01af 73697A65 		.ascii	"sizetype\000"
 1036      74797065 
 1036      00
 1037              	.LASF6:
 1038 01b8 6C6F6E67 		.ascii	"long long int\000"
 1038      206C6F6E 
 1038      6720696E 
 1038      7400
 1039              	.LASF2:
 1040 01c6 73686F72 		.ascii	"short int\000"
 1040      7420696E 
 1040      7400
 1041              	.LASF4:
 1042 01d0 6C6F6E67 		.ascii	"long int\000"
 1042      20696E74 
 1042      00
 1043              	.LASF0:
 1044 01d9 7369676E 		.ascii	"signed char\000"
 1044      65642063 
 1044      68617200 
 1045              	.LASF18:
 1046 01e5 47656E65 		.ascii	"Generated_Source\\PSoC5\\cymetadata.c\000"
 1046      72617465 
 1046      645F536F 
 1046      75726365 
 1046      5C50536F 
 1047              		.ident	"GCC: (GNU Tools for ARM Embedded Processors) 5.4.1 20160609 (release) [ARM/embedded-5-bran
