ARM GAS  C:\Users\adria\AppData\Local\Temp\cceIo8Nc.s 			page 1


   1              		.syntax unified
   2              		.cpu cortex-m3
   3              		.fpu softvfp
   4              		.eabi_attribute 20, 1
   5              		.eabi_attribute 21, 1
   6              		.eabi_attribute 23, 3
   7              		.eabi_attribute 24, 1
   8              		.eabi_attribute 25, 1
   9              		.eabi_attribute 26, 1
  10              		.eabi_attribute 30, 1
  11              		.eabi_attribute 34, 1
  12              		.eabi_attribute 18, 4
  13              		.thumb
  14              		.syntax unified
  15              		.file	"cymetadata.c"
  16              		.text
  17              	.Ltext0:
  18              		.cfi_sections	.debug_frame
  19              		.global	cy_metadata
  20              		.global	cy_meta_flashprotect
  21              		.global	cy_meta_wonvl
  22              		.global	cy_meta_custnvl
  23              		.global	cy_meta_configecc
  24              		.section	.cyconfigecc,"a",%progbits
  25              		.align	2
  26              		.type	cy_meta_configecc, %object
  27              		.size	cy_meta_configecc, 384
  28              	cy_meta_configecc:
  29 0000 04       		.byte	4
  30 0001 52       		.byte	82
  31 0002 00       		.byte	0
  32 0003 40       		.byte	64
  33 0004 02       		.byte	2
  34 0005 65       		.byte	101
  35 0006 00       		.byte	0
  36 0007 40       		.byte	64
  37 0008 04       		.byte	4
  38 0009 0B       		.byte	11
  39 000a 01       		.byte	1
  40 000b 40       		.byte	64
  41 000c 02       		.byte	2
  42 000d 0C       		.byte	12
  43 000e 01       		.byte	1
  44 000f 40       		.byte	64
  45 0010 05       		.byte	5
  46 0011 0D       		.byte	13
  47 0012 01       		.byte	1
  48 0013 40       		.byte	64
  49 0014 01       		.byte	1
  50 0015 15       		.byte	21
  51 0016 01       		.byte	1
  52 0017 40       		.byte	64
  53 0018 01       		.byte	1
  54 0019 17       		.byte	23
  55 001a 01       		.byte	1
  56 001b 40       		.byte	64
  57 001c 14       		.byte	20
ARM GAS  C:\Users\adria\AppData\Local\Temp\cceIo8Nc.s 			page 2


  58 001d 18       		.byte	24
  59 001e 01       		.byte	1
  60 001f 40       		.byte	64
  61 0020 1C       		.byte	28
  62 0021 19       		.byte	25
  63 0022 01       		.byte	1
  64 0023 40       		.byte	64
  65 0024 05       		.byte	5
  66 0025 1B       		.byte	27
  67 0026 01       		.byte	1
  68 0027 40       		.byte	64
  69 0028 02       		.byte	2
  70 0029 40       		.byte	64
  71 002a 01       		.byte	1
  72 002b 40       		.byte	64
  73 002c 01       		.byte	1
  74 002d 41       		.byte	65
  75 002e 01       		.byte	1
  76 002f 40       		.byte	64
  77 0030 01       		.byte	1
  78 0031 42       		.byte	66
  79 0032 01       		.byte	1
  80 0033 40       		.byte	64
  81 0034 01       		.byte	1
  82 0035 43       		.byte	67
  83 0036 01       		.byte	1
  84 0037 40       		.byte	64
  85 0038 0A       		.byte	10
  86 0039 45       		.byte	69
  87 003a 01       		.byte	1
  88 003b 40       		.byte	64
  89 003c 07       		.byte	7
  90 003d 46       		.byte	70
  91 003e 01       		.byte	1
  92 003f 40       		.byte	64
  93 0040 03       		.byte	3
  94 0041 47       		.byte	71
  95 0042 01       		.byte	1
  96 0043 40       		.byte	64
  97 0044 06       		.byte	6
  98 0045 48       		.byte	72
  99 0046 01       		.byte	1
 100 0047 40       		.byte	64
 101 0048 02       		.byte	2
 102 0049 49       		.byte	73
 103 004a 01       		.byte	1
 104 004b 40       		.byte	64
 105 004c 0F       		.byte	15
 106 004d 4C       		.byte	76
 107 004e 01       		.byte	1
 108 004f 40       		.byte	64
 109 0050 04       		.byte	4
 110 0051 4D       		.byte	77
 111 0052 01       		.byte	1
 112 0053 40       		.byte	64
 113 0054 02       		.byte	2
 114 0055 50       		.byte	80
ARM GAS  C:\Users\adria\AppData\Local\Temp\cceIo8Nc.s 			page 3


 115 0056 01       		.byte	1
 116 0057 40       		.byte	64
 117 0058 01       		.byte	1
 118 0059 51       		.byte	81
 119 005a 01       		.byte	1
 120 005b 40       		.byte	64
 121 005c 08       		.byte	8
 122 005d 64       		.byte	100
 123 005e 09       		.byte	9
 124 005f 44       		.byte	68
 125 0060 10       		.byte	16
 126 0061 5C       		.byte	92
 127 0062 11       		.byte	17
 128 0063 34       		.byte	52
 129 0064 79       		.byte	121
 130 0065 7F       		.byte	127
 131 0066 89       		.byte	-119
 132 0067 03       		.byte	3
 133 0068 AC       		.byte	-84
 134 0069 04       		.byte	4
 135 006a B3       		.byte	-77
 136 006b 80       		.byte	-128
 137 006c B7       		.byte	-73
 138 006d 10       		.byte	16
 139 006e EC       		.byte	-20
 140 006f 02       		.byte	2
 141 0070 DB       		.byte	-37
 142 0071 04       		.byte	4
 143 0072 DF       		.byte	-33
 144 0073 01       		.byte	1
 145 0074 68       		.byte	104
 146 0075 04       		.byte	4
 147 0076 6A       		.byte	106
 148 0077 40       		.byte	64
 149 0078 6B       		.byte	107
 150 0079 90       		.byte	-112
 151 007a 82       		.byte	-126
 152 007b 40       		.byte	64
 153 007c E0       		.byte	-32
 154 007d 04       		.byte	4
 155 007e E8       		.byte	-24
 156 007f 0A       		.byte	10
 157 0080 E6       		.byte	-26
 158 0081 01       		.byte	1
 159 0082 82       		.byte	-126
 160 0083 01       		.byte	1
 161 0084 86       		.byte	-122
 162 0085 04       		.byte	4
 163 0086 8C       		.byte	-116
 164 0087 01       		.byte	1
 165 0088 8E       		.byte	-114
 166 0089 02       		.byte	2
 167 008a 93       		.byte	-109
 168 008b 01       		.byte	1
 169 008c AA       		.byte	-86
 170 008d 08       		.byte	8
 171 008e AC       		.byte	-84
ARM GAS  C:\Users\adria\AppData\Local\Temp\cceIo8Nc.s 			page 4


 172 008f 08       		.byte	8
 173 0090 AF       		.byte	-81
 174 0091 02       		.byte	2
 175 0092 B0       		.byte	-80
 176 0093 04       		.byte	4
 177 0094 B1       		.byte	-79
 178 0095 02       		.byte	2
 179 0096 B2       		.byte	-78
 180 0097 01       		.byte	1
 181 0098 B3       		.byte	-77
 182 0099 01       		.byte	1
 183 009a B4       		.byte	-76
 184 009b 08       		.byte	8
 185 009c B6       		.byte	-74
 186 009d 02       		.byte	2
 187 009e D4       		.byte	-44
 188 009f 03       		.byte	3
 189 00a0 D6       		.byte	-42
 190 00a1 04       		.byte	4
 191 00a2 D8       		.byte	-40
 192 00a3 04       		.byte	4
 193 00a4 D9       		.byte	-39
 194 00a5 04       		.byte	4
 195 00a6 DB       		.byte	-37
 196 00a7 04       		.byte	4
 197 00a8 DF       		.byte	-33
 198 00a9 01       		.byte	1
 199 00aa 00       		.byte	0
 200 00ab 41       		.byte	65
 201 00ac 02       		.byte	2
 202 00ad 10       		.byte	16
 203 00ae 12       		.byte	18
 204 00af 0A       		.byte	10
 205 00b0 18       		.byte	24
 206 00b1 61       		.byte	97
 207 00b2 19       		.byte	25
 208 00b3 20       		.byte	32
 209 00b4 22       		.byte	34
 210 00b5 0A       		.byte	10
 211 00b6 2A       		.byte	42
 212 00b7 40       		.byte	64
 213 00b8 32       		.byte	50
 214 00b9 02       		.byte	2
 215 00ba 59       		.byte	89
 216 00bb A0       		.byte	-96
 217 00bc 60       		.byte	96
 218 00bd 80       		.byte	-128
 219 00be 68       		.byte	104
 220 00bf 80       		.byte	-128
 221 00c0 69       		.byte	105
 222 00c1 10       		.byte	16
 223 00c2 6B       		.byte	107
 224 00c3 21       		.byte	33
 225 00c4 72       		.byte	114
 226 00c5 12       		.byte	18
 227 00c6 73       		.byte	115
 228 00c7 04       		.byte	4
ARM GAS  C:\Users\adria\AppData\Local\Temp\cceIo8Nc.s 			page 5


 229 00c8 80       		.byte	-128
 230 00c9 80       		.byte	-128
 231 00ca 87       		.byte	-121
 232 00cb 01       		.byte	1
 233 00cc 88       		.byte	-120
 234 00cd 80       		.byte	-128
 235 00ce 89       		.byte	-119
 236 00cf 10       		.byte	16
 237 00d0 8B       		.byte	-117
 238 00d1 04       		.byte	4
 239 00d2 8E       		.byte	-114
 240 00d3 10       		.byte	16
 241 00d4 C0       		.byte	-64
 242 00d5 0D       		.byte	13
 243 00d6 C4       		.byte	-60
 244 00d7 03       		.byte	3
 245 00d8 CA       		.byte	-54
 246 00d9 08       		.byte	8
 247 00da CC       		.byte	-52
 248 00db 01       		.byte	1
 249 00dc D6       		.byte	-42
 250 00dd 0C       		.byte	12
 251 00de D8       		.byte	-40
 252 00df 01       		.byte	1
 253 00e0 E0       		.byte	-32
 254 00e1 02       		.byte	2
 255 00e2 AE       		.byte	-82
 256 00e3 50       		.byte	80
 257 00e4 B2       		.byte	-78
 258 00e5 02       		.byte	2
 259 00e6 B4       		.byte	-76
 260 00e7 10       		.byte	16
 261 00e8 B5       		.byte	-75
 262 00e9 80       		.byte	-128
 263 00ea B7       		.byte	-73
 264 00eb 20       		.byte	32
 265 00ec 32       		.byte	50
 266 00ed 40       		.byte	64
 267 00ee CC       		.byte	-52
 268 00ef 10       		.byte	16
 269 00f0 96       		.byte	-106
 270 00f1 80       		.byte	-128
 271 00f2 96       		.byte	-106
 272 00f3 80       		.byte	-128
 273 00f4 96       		.byte	-106
 274 00f5 80       		.byte	-128
 275 00f6 50       		.byte	80
 276 00f7 08       		.byte	8
 277 00f8 57       		.byte	87
 278 00f9 08       		.byte	8
 279 00fa 5D       		.byte	93
 280 00fb 88       		.byte	-120
 281 00fc 60       		.byte	96
 282 00fd 01       		.byte	1
 283 00fe 63       		.byte	99
 284 00ff 04       		.byte	4
 285 0100 66       		.byte	102
ARM GAS  C:\Users\adria\AppData\Local\Temp\cceIo8Nc.s 			page 6


 286 0101 01       		.byte	1
 287 0102 82       		.byte	-126
 288 0103 01       		.byte	1
 289 0104 D4       		.byte	-44
 290 0105 06       		.byte	6
 291 0106 D6       		.byte	-42
 292 0107 07       		.byte	7
 293 0108 D8       		.byte	-40
 294 0109 03       		.byte	3
 295 010a 94       		.byte	-108
 296 010b 01       		.byte	1
 297 010c 97       		.byte	-105
 298 010d 04       		.byte	4
 299 010e 9D       		.byte	-99
 300 010f 08       		.byte	8
 301 0110 AF       		.byte	-81
 302 0111 08       		.byte	8
 303 0112 B0       		.byte	-80
 304 0113 08       		.byte	8
 305 0114 B5       		.byte	-75
 306 0115 80       		.byte	-128
 307 0116 EC       		.byte	-20
 308 0117 06       		.byte	6
 309 0118 94       		.byte	-108
 310 0119 01       		.byte	1
 311 011a 97       		.byte	-105
 312 011b 04       		.byte	4
 313 011c 9D       		.byte	-99
 314 011d 08       		.byte	8
 315 011e 02       		.byte	2
 316 011f 10       		.byte	16
 317 0120 06       		.byte	6
 318 0121 40       		.byte	64
 319 0122 82       		.byte	-126
 320 0123 40       		.byte	64
 321 0124 96       		.byte	-106
 322 0125 80       		.byte	-128
 323 0126 C0       		.byte	-64
 324 0127 30       		.byte	48
 325 0128 E6       		.byte	-26
 326 0129 80       		.byte	-128
 327 012a AE       		.byte	-82
 328 012b 50       		.byte	80
 329 012c E8       		.byte	-24
 330 012d 50       		.byte	80
 331 012e 54       		.byte	84
 332 012f 02       		.byte	2
 333 0130 63       		.byte	99
 334 0131 02       		.byte	2
 335 0132 66       		.byte	102
 336 0133 84       		.byte	-124
 337 0134 87       		.byte	-121
 338 0135 04       		.byte	4
 339 0136 88       		.byte	-120
 340 0137 02       		.byte	2
 341 0138 89       		.byte	-119
 342 0139 08       		.byte	8
ARM GAS  C:\Users\adria\AppData\Local\Temp\cceIo8Nc.s 			page 7


 343 013a 8A       		.byte	-118
 344 013b 80       		.byte	-128
 345 013c 8E       		.byte	-114
 346 013d 04       		.byte	4
 347 013e 94       		.byte	-108
 348 013f 01       		.byte	1
 349 0140 97       		.byte	-105
 350 0141 04       		.byte	4
 351 0142 9D       		.byte	-99
 352 0143 08       		.byte	8
 353 0144 D6       		.byte	-42
 354 0145 07       		.byte	7
 355 0146 D8       		.byte	-40
 356 0147 01       		.byte	1
 357 0148 E0       		.byte	-32
 358 0149 01       		.byte	1
 359 014a E4       		.byte	-28
 360 014b 0D       		.byte	13
 361 014c B3       		.byte	-77
 362 014d 01       		.byte	1
 363 014e B4       		.byte	-76
 364 014f 01       		.byte	1
 365 0150 E8       		.byte	-24
 366 0151 01       		.byte	1
 367 0152 EC       		.byte	-20
 368 0153 08       		.byte	8
 369 0154 10       		.byte	16
 370 0155 01       		.byte	1
 371 0156 1C       		.byte	28
 372 0157 01       		.byte	1
 373 0158 00       		.byte	0
 374 0159 03       		.byte	3
 375 015a 00       		.byte	0
 376 015b 00       		.byte	0
 377 015c 03       		.byte	3
 378 015d 00       		.byte	0
 379 015e 00       		.byte	0
 380 015f 03       		.byte	3
 381 0160 00       		.byte	0
 382 0161 00       		.byte	0
 383 0162 00       		.byte	0
 384 0163 00       		.byte	0
 385 0164 00       		.byte	0
 386 0165 00       		.byte	0
 387 0166 00       		.byte	0
 388 0167 00       		.byte	0
 389 0168 74       		.byte	116
 390 0169 00       		.byte	0
 391 016a 74       		.byte	116
 392 016b 7F       		.byte	127
 393 016c 7F       		.byte	127
 394 016d 00       		.byte	0
 395 016e 74       		.byte	116
 396 016f 00       		.byte	0
 397 0170 00       		.byte	0
 398 0171 00       		.byte	0
 399 0172 00       		.byte	0
ARM GAS  C:\Users\adria\AppData\Local\Temp\cceIo8Nc.s 			page 8


 400 0173 00       		.byte	0
 401 0174 FE       		.byte	-2
 402 0175 00       		.byte	0
 403 0176 FE       		.byte	-2
 404 0177 FE       		.byte	-2
 405 0178 FE       		.byte	-2
 406 0179 00       		.byte	0
 407 017a FE       		.byte	-2
 408 017b 00       		.byte	0
 409 017c 00       		.byte	0
 410 017d 00       		.byte	0
 411 017e 00       		.byte	0
 412 017f 00       		.byte	0
 413              		.section	.cywolatch,"a",%progbits
 414              		.align	2
 415              		.type	cy_meta_wonvl, %object
 416              		.size	cy_meta_wonvl, 4
 417              	cy_meta_wonvl:
 418 0000 BC       		.byte	-68
 419 0001 90       		.byte	-112
 420 0002 AC       		.byte	-84
 421 0003 AF       		.byte	-81
 422              		.section	.cycustnvl,"a",%progbits
 423              		.align	2
 424              		.type	cy_meta_custnvl, %object
 425              		.size	cy_meta_custnvl, 4
 426              	cy_meta_custnvl:
 427 0000 00       		.byte	0
 428 0001 00       		.byte	0
 429 0002 40       		.byte	64
 430 0003 05       		.byte	5
 431              		.section	.cymeta,"a",%progbits
 432              		.align	2
 433              		.type	cy_metadata, %object
 434              		.size	cy_metadata, 12
 435              	cy_metadata:
 436 0000 00       		.byte	0
 437 0001 01       		.byte	1
 438 0002 2E       		.byte	46
 439 0003 16       		.byte	22
 440 0004 10       		.byte	16
 441 0005 69       		.byte	105
 442 0006 00       		.byte	0
 443 0007 01       		.byte	1
 444 0008 00       		.byte	0
 445 0009 00       		.byte	0
 446 000a 00       		.byte	0
 447 000b 00       		.byte	0
 448              		.section	.cyflashprotect,"a",%progbits
 449              		.align	2
 450              		.type	cy_meta_flashprotect, %object
 451              		.size	cy_meta_flashprotect, 256
 452              	cy_meta_flashprotect:
 453 0000 00000000 		.space	256
 453      00000000 
 453      00000000 
 453      00000000 
ARM GAS  C:\Users\adria\AppData\Local\Temp\cceIo8Nc.s 			page 9


 453      00000000 
 454              		.text
 455              	.Letext0:
 456              		.file 1 "c:\\program files (x86)\\cypress\\psoc creator\\4.4\\psoc creator\\import\\gnu\\arm\\5.4.
 457              		.file 2 "c:\\program files (x86)\\cypress\\psoc creator\\4.4\\psoc creator\\import\\gnu\\arm\\5.4.
 458              		.file 3 "Generated_Source\\PSoC5\\cymetadata.c"
 459              		.section	.debug_info,"",%progbits
 460              	.Ldebug_info0:
 461 0000 31010000 		.4byte	0x131
 462 0004 0400     		.2byte	0x4
 463 0006 00000000 		.4byte	.Ldebug_abbrev0
 464 000a 04       		.byte	0x4
 465 000b 01       		.uleb128 0x1
 466 000c 24000000 		.4byte	.LASF17
 467 0010 0C       		.byte	0xc
 468 0011 E1010000 		.4byte	.LASF18
 469 0015 06010000 		.4byte	.LASF19
 470 0019 00000000 		.4byte	.Ldebug_line0
 471 001d 02       		.uleb128 0x2
 472 001e 01       		.byte	0x1
 473 001f 06       		.byte	0x6
 474 0020 D5010000 		.4byte	.LASF0
 475 0024 03       		.uleb128 0x3
 476 0025 00000000 		.4byte	.LASF9
 477 0029 01       		.byte	0x1
 478 002a 1D       		.byte	0x1d
 479 002b 2F000000 		.4byte	0x2f
 480 002f 02       		.uleb128 0x2
 481 0030 01       		.byte	0x1
 482 0031 08       		.byte	0x8
 483 0032 16000000 		.4byte	.LASF1
 484 0036 02       		.uleb128 0x2
 485 0037 02       		.byte	0x2
 486 0038 05       		.byte	0x5
 487 0039 C2010000 		.4byte	.LASF2
 488 003d 02       		.uleb128 0x2
 489 003e 02       		.byte	0x2
 490 003f 07       		.byte	0x7
 491 0040 C4000000 		.4byte	.LASF3
 492 0044 02       		.uleb128 0x2
 493 0045 04       		.byte	0x4
 494 0046 05       		.byte	0x5
 495 0047 CC010000 		.4byte	.LASF4
 496 004b 02       		.uleb128 0x2
 497 004c 04       		.byte	0x4
 498 004d 07       		.byte	0x7
 499 004e B2000000 		.4byte	.LASF5
 500 0052 02       		.uleb128 0x2
 501 0053 08       		.byte	0x8
 502 0054 05       		.byte	0x5
 503 0055 B4010000 		.4byte	.LASF6
 504 0059 02       		.uleb128 0x2
 505 005a 08       		.byte	0x8
 506 005b 07       		.byte	0x7
 507 005c 69010000 		.4byte	.LASF7
 508 0060 04       		.uleb128 0x4
 509 0061 04       		.byte	0x4
ARM GAS  C:\Users\adria\AppData\Local\Temp\cceIo8Nc.s 			page 10


 510 0062 05       		.byte	0x5
 511 0063 696E7400 		.ascii	"int\000"
 512 0067 02       		.uleb128 0x2
 513 0068 04       		.byte	0x4
 514 0069 07       		.byte	0x7
 515 006a F9000000 		.4byte	.LASF8
 516 006e 03       		.uleb128 0x3
 517 006f 80010000 		.4byte	.LASF10
 518 0073 02       		.byte	0x2
 519 0074 18       		.byte	0x18
 520 0075 24000000 		.4byte	0x24
 521 0079 05       		.uleb128 0x5
 522 007a 91000000 		.4byte	0x91
 523 007e 8A000000 		.4byte	0x8a
 524 0082 06       		.uleb128 0x6
 525 0083 8A000000 		.4byte	0x8a
 526 0087 7F01     		.2byte	0x17f
 527 0089 00       		.byte	0
 528 008a 02       		.uleb128 0x2
 529 008b 04       		.byte	0x4
 530 008c 07       		.byte	0x7
 531 008d AB010000 		.4byte	.LASF11
 532 0091 07       		.uleb128 0x7
 533 0092 6E000000 		.4byte	0x6e
 534 0096 08       		.uleb128 0x8
 535 0097 E7000000 		.4byte	.LASF12
 536 009b 03       		.byte	0x3
 537 009c 1F       		.byte	0x1f
 538 009d A7000000 		.4byte	0xa7
 539 00a1 05       		.uleb128 0x5
 540 00a2 03       		.byte	0x3
 541 00a3 00000000 		.4byte	cy_meta_configecc
 542 00a7 07       		.uleb128 0x7
 543 00a8 79000000 		.4byte	0x79
 544 00ac 05       		.uleb128 0x5
 545 00ad 91000000 		.4byte	0x91
 546 00b1 BC000000 		.4byte	0xbc
 547 00b5 09       		.uleb128 0x9
 548 00b6 8A000000 		.4byte	0x8a
 549 00ba 03       		.byte	0x3
 550 00bb 00       		.byte	0
 551 00bc 08       		.uleb128 0x8
 552 00bd D7000000 		.4byte	.LASF13
 553 00c1 03       		.byte	0x3
 554 00c2 5C       		.byte	0x5c
 555 00c3 CD000000 		.4byte	0xcd
 556 00c7 05       		.uleb128 0x5
 557 00c8 03       		.byte	0x3
 558 00c9 00000000 		.4byte	cy_meta_custnvl
 559 00cd 07       		.uleb128 0x7
 560 00ce AC000000 		.4byte	0xac
 561 00d2 08       		.uleb128 0x8
 562 00d3 9D010000 		.4byte	.LASF14
 563 00d7 03       		.byte	0x3
 564 00d8 6A       		.byte	0x6a
 565 00d9 E3000000 		.4byte	0xe3
 566 00dd 05       		.uleb128 0x5
ARM GAS  C:\Users\adria\AppData\Local\Temp\cceIo8Nc.s 			page 11


 567 00de 03       		.byte	0x3
 568 00df 00000000 		.4byte	cy_meta_wonvl
 569 00e3 07       		.uleb128 0x7
 570 00e4 AC000000 		.4byte	0xac
 571 00e8 05       		.uleb128 0x5
 572 00e9 91000000 		.4byte	0x91
 573 00ed F8000000 		.4byte	0xf8
 574 00f1 09       		.uleb128 0x9
 575 00f2 8A000000 		.4byte	0x8a
 576 00f6 FF       		.byte	0xff
 577 00f7 00       		.byte	0
 578 00f8 08       		.uleb128 0x8
 579 00f9 88010000 		.4byte	.LASF15
 580 00fd 03       		.byte	0x3
 581 00fe 78       		.byte	0x78
 582 00ff 09010000 		.4byte	0x109
 583 0103 05       		.uleb128 0x5
 584 0104 03       		.byte	0x3
 585 0105 00000000 		.4byte	cy_meta_flashprotect
 586 0109 07       		.uleb128 0x7
 587 010a E8000000 		.4byte	0xe8
 588 010e 05       		.uleb128 0x5
 589 010f 91000000 		.4byte	0x91
 590 0113 1E010000 		.4byte	0x11e
 591 0117 09       		.uleb128 0x9
 592 0118 8A000000 		.4byte	0x8a
 593 011c 0B       		.byte	0xb
 594 011d 00       		.byte	0
 595 011e 08       		.uleb128 0x8
 596 011f 0A000000 		.4byte	.LASF16
 597 0123 03       		.byte	0x3
 598 0124 A5       		.byte	0xa5
 599 0125 2F010000 		.4byte	0x12f
 600 0129 05       		.uleb128 0x5
 601 012a 03       		.byte	0x3
 602 012b 00000000 		.4byte	cy_metadata
 603 012f 07       		.uleb128 0x7
 604 0130 0E010000 		.4byte	0x10e
 605 0134 00       		.byte	0
 606              		.section	.debug_abbrev,"",%progbits
 607              	.Ldebug_abbrev0:
 608 0000 01       		.uleb128 0x1
 609 0001 11       		.uleb128 0x11
 610 0002 01       		.byte	0x1
 611 0003 25       		.uleb128 0x25
 612 0004 0E       		.uleb128 0xe
 613 0005 13       		.uleb128 0x13
 614 0006 0B       		.uleb128 0xb
 615 0007 03       		.uleb128 0x3
 616 0008 0E       		.uleb128 0xe
 617 0009 1B       		.uleb128 0x1b
 618 000a 0E       		.uleb128 0xe
 619 000b 10       		.uleb128 0x10
 620 000c 17       		.uleb128 0x17
 621 000d 00       		.byte	0
 622 000e 00       		.byte	0
 623 000f 02       		.uleb128 0x2
ARM GAS  C:\Users\adria\AppData\Local\Temp\cceIo8Nc.s 			page 12


 624 0010 24       		.uleb128 0x24
 625 0011 00       		.byte	0
 626 0012 0B       		.uleb128 0xb
 627 0013 0B       		.uleb128 0xb
 628 0014 3E       		.uleb128 0x3e
 629 0015 0B       		.uleb128 0xb
 630 0016 03       		.uleb128 0x3
 631 0017 0E       		.uleb128 0xe
 632 0018 00       		.byte	0
 633 0019 00       		.byte	0
 634 001a 03       		.uleb128 0x3
 635 001b 16       		.uleb128 0x16
 636 001c 00       		.byte	0
 637 001d 03       		.uleb128 0x3
 638 001e 0E       		.uleb128 0xe
 639 001f 3A       		.uleb128 0x3a
 640 0020 0B       		.uleb128 0xb
 641 0021 3B       		.uleb128 0x3b
 642 0022 0B       		.uleb128 0xb
 643 0023 49       		.uleb128 0x49
 644 0024 13       		.uleb128 0x13
 645 0025 00       		.byte	0
 646 0026 00       		.byte	0
 647 0027 04       		.uleb128 0x4
 648 0028 24       		.uleb128 0x24
 649 0029 00       		.byte	0
 650 002a 0B       		.uleb128 0xb
 651 002b 0B       		.uleb128 0xb
 652 002c 3E       		.uleb128 0x3e
 653 002d 0B       		.uleb128 0xb
 654 002e 03       		.uleb128 0x3
 655 002f 08       		.uleb128 0x8
 656 0030 00       		.byte	0
 657 0031 00       		.byte	0
 658 0032 05       		.uleb128 0x5
 659 0033 01       		.uleb128 0x1
 660 0034 01       		.byte	0x1
 661 0035 49       		.uleb128 0x49
 662 0036 13       		.uleb128 0x13
 663 0037 01       		.uleb128 0x1
 664 0038 13       		.uleb128 0x13
 665 0039 00       		.byte	0
 666 003a 00       		.byte	0
 667 003b 06       		.uleb128 0x6
 668 003c 21       		.uleb128 0x21
 669 003d 00       		.byte	0
 670 003e 49       		.uleb128 0x49
 671 003f 13       		.uleb128 0x13
 672 0040 2F       		.uleb128 0x2f
 673 0041 05       		.uleb128 0x5
 674 0042 00       		.byte	0
 675 0043 00       		.byte	0
 676 0044 07       		.uleb128 0x7
 677 0045 26       		.uleb128 0x26
 678 0046 00       		.byte	0
 679 0047 49       		.uleb128 0x49
 680 0048 13       		.uleb128 0x13
ARM GAS  C:\Users\adria\AppData\Local\Temp\cceIo8Nc.s 			page 13


 681 0049 00       		.byte	0
 682 004a 00       		.byte	0
 683 004b 08       		.uleb128 0x8
 684 004c 34       		.uleb128 0x34
 685 004d 00       		.byte	0
 686 004e 03       		.uleb128 0x3
 687 004f 0E       		.uleb128 0xe
 688 0050 3A       		.uleb128 0x3a
 689 0051 0B       		.uleb128 0xb
 690 0052 3B       		.uleb128 0x3b
 691 0053 0B       		.uleb128 0xb
 692 0054 49       		.uleb128 0x49
 693 0055 13       		.uleb128 0x13
 694 0056 3F       		.uleb128 0x3f
 695 0057 19       		.uleb128 0x19
 696 0058 02       		.uleb128 0x2
 697 0059 18       		.uleb128 0x18
 698 005a 00       		.byte	0
 699 005b 00       		.byte	0
 700 005c 09       		.uleb128 0x9
 701 005d 21       		.uleb128 0x21
 702 005e 00       		.byte	0
 703 005f 49       		.uleb128 0x49
 704 0060 13       		.uleb128 0x13
 705 0061 2F       		.uleb128 0x2f
 706 0062 0B       		.uleb128 0xb
 707 0063 00       		.byte	0
 708 0064 00       		.byte	0
 709 0065 00       		.byte	0
 710              		.section	.debug_aranges,"",%progbits
 711 0000 14000000 		.4byte	0x14
 712 0004 0200     		.2byte	0x2
 713 0006 00000000 		.4byte	.Ldebug_info0
 714 000a 04       		.byte	0x4
 715 000b 00       		.byte	0
 716 000c 0000     		.2byte	0
 717 000e 0000     		.2byte	0
 718 0010 00000000 		.4byte	0
 719 0014 00000000 		.4byte	0
 720              		.section	.debug_line,"",%progbits
 721              	.Ldebug_line0:
 722 0000 3D010000 		.section	.debug_str,"MS",%progbits,1
 722      02003701 
 722      00000201 
 722      FB0E0D00 
 722      01010101 
 723              	.LASF9:
 724 0000 5F5F7569 		.ascii	"__uint8_t\000"
 724      6E74385F 
 724      7400
 725              	.LASF16:
 726 000a 63795F6D 		.ascii	"cy_metadata\000"
 726      65746164 
 726      61746100 
 727              	.LASF1:
 728 0016 756E7369 		.ascii	"unsigned char\000"
 728      676E6564 
ARM GAS  C:\Users\adria\AppData\Local\Temp\cceIo8Nc.s 			page 14


 728      20636861 
 728      7200
 729              	.LASF17:
 730 0024 474E5520 		.ascii	"GNU C11 5.4.1 20160609 (release) [ARM/embedded-5-br"
 730      43313120 
 730      352E342E 
 730      31203230 
 730      31363036 
 731 0057 616E6368 		.ascii	"anch revision 237715] -mcpu=cortex-m3 -mthumb -g -O"
 731      20726576 
 731      6973696F 
 731      6E203233 
 731      37373135 
 732 008a 67202D66 		.ascii	"g -ffunction-sections -ffat-lto-objects\000"
 732      66756E63 
 732      74696F6E 
 732      2D736563 
 732      74696F6E 
 733              	.LASF5:
 734 00b2 6C6F6E67 		.ascii	"long unsigned int\000"
 734      20756E73 
 734      69676E65 
 734      6420696E 
 734      7400
 735              	.LASF3:
 736 00c4 73686F72 		.ascii	"short unsigned int\000"
 736      7420756E 
 736      7369676E 
 736      65642069 
 736      6E7400
 737              	.LASF13:
 738 00d7 63795F6D 		.ascii	"cy_meta_custnvl\000"
 738      6574615F 
 738      63757374 
 738      6E766C00 
 739              	.LASF12:
 740 00e7 63795F6D 		.ascii	"cy_meta_configecc\000"
 740      6574615F 
 740      636F6E66 
 740      69676563 
 740      6300
 741              	.LASF8:
 742 00f9 756E7369 		.ascii	"unsigned int\000"
 742      676E6564 
 742      20696E74 
 742      00
 743              	.LASF19:
 744 0106 433A5C55 		.ascii	"C:\\Users\\adria\\OneDrive\\Documents\\psoc\\7seg_m"
 744      73657273 
 744      5C616472 
 744      69615C4F 
 744      6E654472 
 745 0133 756C7469 		.ascii	"ultiplexado_hardware\\7seg_multiplexado_firmware.cy"
 745      706C6578 
 745      61646F5F 
 745      68617264 
 745      77617265 
ARM GAS  C:\Users\adria\AppData\Local\Temp\cceIo8Nc.s 			page 15


 746 0165 64736E00 		.ascii	"dsn\000"
 747              	.LASF7:
 748 0169 6C6F6E67 		.ascii	"long long unsigned int\000"
 748      206C6F6E 
 748      6720756E 
 748      7369676E 
 748      65642069 
 749              	.LASF10:
 750 0180 75696E74 		.ascii	"uint8_t\000"
 750      385F7400 
 751              	.LASF15:
 752 0188 63795F6D 		.ascii	"cy_meta_flashprotect\000"
 752      6574615F 
 752      666C6173 
 752      6870726F 
 752      74656374 
 753              	.LASF14:
 754 019d 63795F6D 		.ascii	"cy_meta_wonvl\000"
 754      6574615F 
 754      776F6E76 
 754      6C00
 755              	.LASF11:
 756 01ab 73697A65 		.ascii	"sizetype\000"
 756      74797065 
 756      00
 757              	.LASF6:
 758 01b4 6C6F6E67 		.ascii	"long long int\000"
 758      206C6F6E 
 758      6720696E 
 758      7400
 759              	.LASF2:
 760 01c2 73686F72 		.ascii	"short int\000"
 760      7420696E 
 760      7400
 761              	.LASF4:
 762 01cc 6C6F6E67 		.ascii	"long int\000"
 762      20696E74 
 762      00
 763              	.LASF0:
 764 01d5 7369676E 		.ascii	"signed char\000"
 764      65642063 
 764      68617200 
 765              	.LASF18:
 766 01e1 47656E65 		.ascii	"Generated_Source\\PSoC5\\cymetadata.c\000"
 766      72617465 
 766      645F536F 
 766      75726365 
 766      5C50536F 
 767              		.ident	"GCC: (GNU Tools for ARM Embedded Processors) 5.4.1 20160609 (release) [ARM/embedded-5-bran
