ARM GAS  C:\Users\adria\AppData\Local\Temp\ccahMqAX.s 			page 1


   1              		.syntax unified
   2              		.cpu cortex-m3
   3              		.fpu softvfp
   4              		.eabi_attribute 20, 1
   5              		.eabi_attribute 21, 1
   6              		.eabi_attribute 23, 3
   7              		.eabi_attribute 24, 1
   8              		.eabi_attribute 25, 1
   9              		.eabi_attribute 26, 1
  10              		.eabi_attribute 30, 1
  11              		.eabi_attribute 34, 1
  12              		.eabi_attribute 18, 4
  13              		.thumb
  14              		.syntax unified
  15              		.file	"main.c"
  16              		.text
  17              	.Ltext0:
  18              		.cfi_sections	.debug_frame
  19              		.section	.text.ISR_botones,"ax",%progbits
  20              		.align	2
  21              		.global	ISR_botones
  22              		.thumb
  23              		.thumb_func
  24              		.type	ISR_botones, %function
  25              	ISR_botones:
  26              	.LFB63:
  27              		.file 1 "main.c"
   1:main.c        **** #include "project.h"
   2:main.c        **** #include "Firmware_7seg.h"
   3:main.c        **** 
   4:main.c        **** #define Conteo_max 9999 //Cambiamos esta madre para el conteo máximo
   5:main.c        **** 
   6:main.c        **** uint16_t cont=0x00;//Contador para el cronometro
   7:main.c        **** uint16_t bandera =0x00;
   8:main.c        **** uint8_t Reg_Botones=0x00;//Aqui van qué botones se había apretado
   9:main.c        **** CY_ISR(ISR_botones){
  28              		.loc 1 9 0
  29              		.cfi_startproc
  30              		@ args = 0, pretend = 0, frame = 0
  31              		@ frame_needed = 0, uses_anonymous_args = 0
  32 0000 08B5     		push	{r3, lr}
  33              		.cfi_def_cfa_offset 8
  34              		.cfi_offset 3, -8
  35              		.cfi_offset 14, -4
  10:main.c        ****       ISR_botones_ClearPending();
  36              		.loc 1 10 0
  37 0002 FFF7FEFF 		bl	ISR_botones_ClearPending
  38              	.LVL0:
  11:main.c        ****     
  12:main.c        ****       Reg_Botones = Status_Botones_Read()-0x80;//Por el sticky se limpia despues de leer
  39              		.loc 1 12 0
  40 0006 FFF7FEFF 		bl	Status_Botones_Read
  41              	.LVL1:
  42 000a 8038     		subs	r0, r0, #128
  43 000c C0B2     		uxtb	r0, r0
  44 000e 064B     		ldr	r3, .L5
  45 0010 1870     		strb	r0, [r3]
ARM GAS  C:\Users\adria\AppData\Local\Temp\ccahMqAX.s 			page 2


  13:main.c        ****       if(Reg_Botones == 0x02){//SETEO
  46              		.loc 1 13 0
  47 0012 0228     		cmp	r0, #2
  48 0014 01D1     		bne	.L2
  14:main.c        ****         cont = 0;
  49              		.loc 1 14 0
  50 0016 0022     		movs	r2, #0
  51 0018 5A80     		strh	r2, [r3, #2]	@ movhi
  52              	.L2:
  15:main.c        ****         }
  16:main.c        ****       if(Reg_Botones == 0x01){// 0inicio/1paro
  53              		.loc 1 16 0
  54 001a 0128     		cmp	r0, #1
  55 001c 03D1     		bne	.L1
  17:main.c        ****         bandera = ~bandera;//Hacemos
  56              		.loc 1 17 0
  57 001e 024A     		ldr	r2, .L5
  58 0020 9388     		ldrh	r3, [r2, #4]
  59 0022 DB43     		mvns	r3, r3
  60 0024 9380     		strh	r3, [r2, #4]	@ movhi
  61              	.L1:
  62 0026 08BD     		pop	{r3, pc}
  63              	.L6:
  64              		.align	2
  65              	.L5:
  66 0028 00000000 		.word	.LANCHOR0
  67              		.cfi_endproc
  68              	.LFE63:
  69              		.size	ISR_botones, .-ISR_botones
  70              		.section	.text.main,"ax",%progbits
  71              		.align	2
  72              		.global	main
  73              		.thumb
  74              		.thumb_func
  75              		.type	main, %function
  76              	main:
  77              	.LFB64:
  18:main.c        ****       }
  19:main.c        **** }
  20:main.c        **** 
  21:main.c        **** 
  22:main.c        **** int main(void)
  23:main.c        **** {
  78              		.loc 1 23 0
  79              		.cfi_startproc
  80              		@ args = 0, pretend = 0, frame = 8
  81              		@ frame_needed = 0, uses_anonymous_args = 0
  82 0000 10B5     		push	{r4, lr}
  83              		.cfi_def_cfa_offset 8
  84              		.cfi_offset 4, -8
  85              		.cfi_offset 14, -4
  86 0002 82B0     		sub	sp, sp, #8
  87              		.cfi_def_cfa_offset 16
  24:main.c        ****     CyGlobalIntEnable;
  88              		.loc 1 24 0
  89              		.syntax unified
  90              	@ 24 "main.c" 1
ARM GAS  C:\Users\adria\AppData\Local\Temp\ccahMqAX.s 			page 3


  91 0004 62B6     		CPSIE   i
  92              	@ 0 "" 2
  25:main.c        ****     ISR_botones_StartEx(ISR_botones);
  93              		.loc 1 25 0
  94              		.thumb
  95              		.syntax unified
  96 0006 1948     		ldr	r0, .L15
  97 0008 FFF7FEFF 		bl	ISR_botones_StartEx
  98              	.LVL2:
  26:main.c        ****     ISR_botones_ClearPending();
  99              		.loc 1 26 0
 100 000c FFF7FEFF 		bl	ISR_botones_ClearPending
 101              	.LVL3:
  27:main.c        ****     Status_Botones_InterruptEnable();
 102              		.loc 1 27 0
 103 0010 FFF7FEFF 		bl	Status_Botones_InterruptEnable
 104              	.LVL4:
  28:main.c        ****     
  29:main.c        ****     
  30:main.c        ****     uint8_t Mux_dig[] = {BIT0,BIT1,BIT2,BIT3};//Iniciamos con el primer los transistores habilitado
 105              		.loc 1 30 0
 106 0014 164B     		ldr	r3, .L15+4
 107 0016 1868     		ldr	r0, [r3]	@ unaligned
 108 0018 0190     		str	r0, [sp, #4]	@ unaligned
 109              	.L11:
  31:main.c        ****     for(;;)
  32:main.c        ****     {
  33:main.c        ****         
  34:main.c        ****         //Actualizamos el valor de 7 segmentos
  35:main.c        ****         Separa_digitos(cont);//separamos digitos
 110              		.loc 1 35 0
 111 001a 164B     		ldr	r3, .L15+8
 112 001c 5888     		ldrh	r0, [r3, #2]
 113 001e FFF7FEFF 		bl	Separa_digitos
 114              	.LVL5:
 115              	.LBB2:
  36:main.c        ****         for(int i=0;i<=3;i++){
 116              		.loc 1 36 0
 117 0022 0024     		movs	r4, #0
 118 0024 0DE0     		b	.L9
 119              	.LVL6:
 120              	.L10:
  37:main.c        ****             //Rutina del multiplexado con displa
  38:main.c        ****             BCD_CODIFIG(DIGITOS[i]);//Codificamos digito
 121              		.loc 1 38 0 discriminator 3
 122 0026 144B     		ldr	r3, .L15+12
 123 0028 185D     		ldrb	r0, [r3, r4]	@ zero_extendqisi2
 124 002a FFF7FEFF 		bl	BCD_CODIFIG
 125              	.LVL7:
  39:main.c        ****             Displays_mux_Write(Mux_dig[i]);//Ensendemos el digito que le toca y apagamos los otros
 126              		.loc 1 39 0 discriminator 3
 127 002e 02AB     		add	r3, sp, #8
 128 0030 2344     		add	r3, r3, r4
 129 0032 13F8040C 		ldrb	r0, [r3, #-4]	@ zero_extendqisi2
 130 0036 FFF7FEFF 		bl	Displays_mux_Write
 131              	.LVL8:
  40:main.c        ****             
ARM GAS  C:\Users\adria\AppData\Local\Temp\ccahMqAX.s 			page 4


  41:main.c        ****             CyDelay(5);//Pa que lusca alvrg
 132              		.loc 1 41 0 discriminator 3
 133 003a 0520     		movs	r0, #5
 134 003c FFF7FEFF 		bl	CyDelay
 135              	.LVL9:
  36:main.c        ****             //Rutina del multiplexado con displa
 136              		.loc 1 36 0 discriminator 3
 137 0040 0134     		adds	r4, r4, #1
 138              	.LVL10:
 139              	.L9:
  36:main.c        ****             //Rutina del multiplexado con displa
 140              		.loc 1 36 0 is_stmt 0 discriminator 1
 141 0042 032C     		cmp	r4, #3
 142 0044 EFDD     		ble	.L10
 143              	.LBE2:
  42:main.c        ****         }
  43:main.c        ****         
  44:main.c        ****         
  45:main.c        ****         //imulamos el conteo de segundo
  46:main.c        ****         /* 
  47:main.c        ****             B1,B0
  48:main.c        ****             0  0   B0 PARO   
  49:main.c        ****             0  1   B0 INICIO
  50:main.c        ****             1  0   SETEO
  51:main.c        ****             1  1   N/A
  52:main.c        ****       */
  53:main.c        ****         if(bandera == 0x00){
 144              		.loc 1 53 0 is_stmt 1
 145 0046 0B4B     		ldr	r3, .L15+8
 146 0048 9B88     		ldrh	r3, [r3, #4]
 147 004a 002B     		cmp	r3, #0
 148 004c E5D1     		bne	.L11
  54:main.c        ****             if(cont<=Conteo_max){
 149              		.loc 1 54 0
 150 004e 094B     		ldr	r3, .L15+8
 151 0050 5B88     		ldrh	r3, [r3, #2]
 152 0052 42F20F72 		movw	r2, #9999
 153 0056 9342     		cmp	r3, r2
 154 0058 03D8     		bhi	.L12
  55:main.c        ****             cont++;
 155              		.loc 1 55 0
 156 005a 0133     		adds	r3, r3, #1
 157 005c 054A     		ldr	r2, .L15+8
 158 005e 5380     		strh	r3, [r2, #2]	@ movhi
 159 0060 DBE7     		b	.L11
 160              	.L12:
  56:main.c        ****             }else{
  57:main.c        ****                 cont=0;
 161              		.loc 1 57 0
 162 0062 0022     		movs	r2, #0
 163 0064 034B     		ldr	r3, .L15+8
 164 0066 5A80     		strh	r2, [r3, #2]	@ movhi
 165 0068 D7E7     		b	.L11
 166              	.L16:
 167 006a 00BF     		.align	2
 168              	.L15:
 169 006c 00000000 		.word	ISR_botones
ARM GAS  C:\Users\adria\AppData\Local\Temp\ccahMqAX.s 			page 5


 170 0070 00000000 		.word	.LANCHOR1
 171 0074 00000000 		.word	.LANCHOR0
 172 0078 00000000 		.word	DIGITOS
 173              		.cfi_endproc
 174              	.LFE64:
 175              		.size	main, .-main
 176              		.global	Reg_Botones
 177              		.global	bandera
 178              		.global	cont
 179              		.comm	DIGITOS,4,4
 180              		.section	.rodata
 181              		.align	2
 182              		.set	.LANCHOR1,. + 0
 183              	.LC0:
 184 0000 01       		.byte	1
 185 0001 02       		.byte	2
 186 0002 04       		.byte	4
 187 0003 08       		.byte	8
 188              		.bss
 189              		.align	1
 190              		.set	.LANCHOR0,. + 0
 191              		.type	Reg_Botones, %object
 192              		.size	Reg_Botones, 1
 193              	Reg_Botones:
 194 0000 00       		.space	1
 195 0001 00       		.space	1
 196              		.type	cont, %object
 197              		.size	cont, 2
 198              	cont:
 199 0002 0000     		.space	2
 200              		.type	bandera, %object
 201              		.size	bandera, 2
 202              	bandera:
 203 0004 0000     		.space	2
 204              		.text
 205              	.Letext0:
 206              		.file 2 "c:\\program files (x86)\\cypress\\psoc creator\\4.4\\psoc creator\\import\\gnu\\arm\\5.4.
 207              		.file 3 "c:\\program files (x86)\\cypress\\psoc creator\\4.4\\psoc creator\\import\\gnu\\arm\\5.4.
 208              		.file 4 "Generated_Source\\PSoC5/core_cm3.h"
 209              		.file 5 "Firmware_7seg.h"
 210              		.file 6 "Generated_Source\\PSoC5/ISR_botones.h"
 211              		.file 7 "Generated_Source\\PSoC5/Status_Botones.h"
 212              		.file 8 "Generated_Source\\PSoC5/Displays_mux.h"
 213              		.file 9 "Generated_Source\\PSoC5/CyLib.h"
 214              		.section	.debug_info,"",%progbits
 215              	.Ldebug_info0:
 216 0000 5A020000 		.4byte	0x25a
 217 0004 0400     		.2byte	0x4
 218 0006 00000000 		.4byte	.Ldebug_abbrev0
 219 000a 04       		.byte	0x4
 220 000b 01       		.uleb128 0x1
 221 000c 7C000000 		.4byte	.LASF34
 222 0010 0C       		.byte	0xc
 223 0011 6B020000 		.4byte	.LASF35
 224 0015 BE010000 		.4byte	.LASF36
 225 0019 00000000 		.4byte	.Ldebug_ranges0+0
 226 001d 00000000 		.4byte	0
ARM GAS  C:\Users\adria\AppData\Local\Temp\ccahMqAX.s 			page 6


 227 0021 00000000 		.4byte	.Ldebug_line0
 228 0025 02       		.uleb128 0x2
 229 0026 01       		.byte	0x1
 230 0027 06       		.byte	0x6
 231 0028 98020000 		.4byte	.LASF0
 232 002c 03       		.uleb128 0x3
 233 002d 00000000 		.4byte	.LASF3
 234 0031 02       		.byte	0x2
 235 0032 1D       		.byte	0x1d
 236 0033 37000000 		.4byte	0x37
 237 0037 02       		.uleb128 0x2
 238 0038 01       		.byte	0x1
 239 0039 08       		.byte	0x8
 240 003a 6E000000 		.4byte	.LASF1
 241 003e 02       		.uleb128 0x2
 242 003f 02       		.byte	0x2
 243 0040 05       		.byte	0x5
 244 0041 77020000 		.4byte	.LASF2
 245 0045 03       		.uleb128 0x3
 246 0046 6A010000 		.4byte	.LASF4
 247 004a 02       		.byte	0x2
 248 004b 2B       		.byte	0x2b
 249 004c 50000000 		.4byte	0x50
 250 0050 02       		.uleb128 0x2
 251 0051 02       		.byte	0x2
 252 0052 07       		.byte	0x7
 253 0053 30010000 		.4byte	.LASF5
 254 0057 03       		.uleb128 0x3
 255 0058 16000000 		.4byte	.LASF6
 256 005c 02       		.byte	0x2
 257 005d 3F       		.byte	0x3f
 258 005e 62000000 		.4byte	0x62
 259 0062 02       		.uleb128 0x2
 260 0063 04       		.byte	0x4
 261 0064 05       		.byte	0x5
 262 0065 8A020000 		.4byte	.LASF7
 263 0069 02       		.uleb128 0x2
 264 006a 04       		.byte	0x4
 265 006b 07       		.byte	0x7
 266 006c 1E010000 		.4byte	.LASF8
 267 0070 02       		.uleb128 0x2
 268 0071 08       		.byte	0x8
 269 0072 05       		.byte	0x5
 270 0073 5D020000 		.4byte	.LASF9
 271 0077 02       		.uleb128 0x2
 272 0078 08       		.byte	0x8
 273 0079 07       		.byte	0x7
 274 007a 21020000 		.4byte	.LASF10
 275 007e 04       		.uleb128 0x4
 276 007f 04       		.byte	0x4
 277 0080 05       		.byte	0x5
 278 0081 696E7400 		.ascii	"int\000"
 279 0085 02       		.uleb128 0x2
 280 0086 04       		.byte	0x4
 281 0087 07       		.byte	0x7
 282 0088 B1010000 		.4byte	.LASF11
 283 008c 03       		.uleb128 0x3
ARM GAS  C:\Users\adria\AppData\Local\Temp\ccahMqAX.s 			page 7


 284 008d 38020000 		.4byte	.LASF12
 285 0091 03       		.byte	0x3
 286 0092 18       		.byte	0x18
 287 0093 2C000000 		.4byte	0x2c
 288 0097 03       		.uleb128 0x3
 289 0098 81020000 		.4byte	.LASF13
 290 009c 03       		.byte	0x3
 291 009d 24       		.byte	0x24
 292 009e 45000000 		.4byte	0x45
 293 00a2 03       		.uleb128 0x3
 294 00a3 41000000 		.4byte	.LASF14
 295 00a7 03       		.byte	0x3
 296 00a8 2C       		.byte	0x2c
 297 00a9 57000000 		.4byte	0x57
 298 00ad 02       		.uleb128 0x2
 299 00ae 04       		.byte	0x4
 300 00af 04       		.byte	0x4
 301 00b0 68000000 		.4byte	.LASF15
 302 00b4 02       		.uleb128 0x2
 303 00b5 08       		.byte	0x8
 304 00b6 04       		.byte	0x4
 305 00b7 75010000 		.4byte	.LASF16
 306 00bb 02       		.uleb128 0x2
 307 00bc 01       		.byte	0x1
 308 00bd 08       		.byte	0x8
 309 00be 72020000 		.4byte	.LASF17
 310 00c2 02       		.uleb128 0x2
 311 00c3 08       		.byte	0x8
 312 00c4 04       		.byte	0x4
 313 00c5 48020000 		.4byte	.LASF18
 314 00c9 02       		.uleb128 0x2
 315 00ca 04       		.byte	0x4
 316 00cb 07       		.byte	0x7
 317 00cc 54020000 		.4byte	.LASF19
 318 00d0 05       		.uleb128 0x5
 319 00d1 A4020000 		.4byte	.LASF37
 320 00d5 01       		.byte	0x1
 321 00d6 09       		.byte	0x9
 322 00d7 00000000 		.4byte	.LFB63
 323 00db 2C000000 		.4byte	.LFE63-.LFB63
 324 00df 01       		.uleb128 0x1
 325 00e0 9C       		.byte	0x9c
 326 00e1 F8000000 		.4byte	0xf8
 327 00e5 06       		.uleb128 0x6
 328 00e6 06000000 		.4byte	.LVL0
 329 00ea 05020000 		.4byte	0x205
 330 00ee 06       		.uleb128 0x6
 331 00ef 0A000000 		.4byte	.LVL1
 332 00f3 10020000 		.4byte	0x210
 333 00f7 00       		.byte	0
 334 00f8 07       		.uleb128 0x7
 335 00f9 7C010000 		.4byte	.LASF38
 336 00fd 01       		.byte	0x1
 337 00fe 16       		.byte	0x16
 338 00ff 7E000000 		.4byte	0x7e
 339 0103 00000000 		.4byte	.LFB64
 340 0107 7C000000 		.4byte	.LFE64-.LFB64
ARM GAS  C:\Users\adria\AppData\Local\Temp\ccahMqAX.s 			page 8


 341 010b 01       		.uleb128 0x1
 342 010c 9C       		.byte	0x9c
 343 010d A0010000 		.4byte	0x1a0
 344 0111 08       		.uleb128 0x8
 345 0112 39000000 		.4byte	.LASF20
 346 0116 01       		.byte	0x1
 347 0117 1E       		.byte	0x1e
 348 0118 A0010000 		.4byte	0x1a0
 349 011c 02       		.uleb128 0x2
 350 011d 91       		.byte	0x91
 351 011e 74       		.sleb128 -12
 352 011f 09       		.uleb128 0x9
 353 0120 22000000 		.4byte	.LBB2
 354 0124 24000000 		.4byte	.LBE2-.LBB2
 355 0128 6D010000 		.4byte	0x16d
 356 012c 0A       		.uleb128 0xa
 357 012d 6900     		.ascii	"i\000"
 358 012f 01       		.byte	0x1
 359 0130 24       		.byte	0x24
 360 0131 7E000000 		.4byte	0x7e
 361 0135 00000000 		.4byte	.LLST0
 362 0139 06       		.uleb128 0x6
 363 013a 2E000000 		.4byte	.LVL7
 364 013e 1B020000 		.4byte	0x21b
 365 0142 0B       		.uleb128 0xb
 366 0143 3A000000 		.4byte	.LVL8
 367 0147 26020000 		.4byte	0x226
 368 014b 5D010000 		.4byte	0x15d
 369 014f 0C       		.uleb128 0xc
 370 0150 01       		.uleb128 0x1
 371 0151 50       		.byte	0x50
 372 0152 09       		.uleb128 0x9
 373 0153 91       		.byte	0x91
 374 0154 00       		.sleb128 0
 375 0155 74       		.byte	0x74
 376 0156 00       		.sleb128 0
 377 0157 22       		.byte	0x22
 378 0158 3C       		.byte	0x3c
 379 0159 1C       		.byte	0x1c
 380 015a 94       		.byte	0x94
 381 015b 01       		.byte	0x1
 382 015c 00       		.byte	0
 383 015d 0D       		.uleb128 0xd
 384 015e 40000000 		.4byte	.LVL9
 385 0162 31020000 		.4byte	0x231
 386 0166 0C       		.uleb128 0xc
 387 0167 01       		.uleb128 0x1
 388 0168 50       		.byte	0x50
 389 0169 01       		.uleb128 0x1
 390 016a 35       		.byte	0x35
 391 016b 00       		.byte	0
 392 016c 00       		.byte	0
 393 016d 0B       		.uleb128 0xb
 394 016e 0C000000 		.4byte	.LVL2
 395 0172 3C020000 		.4byte	0x23c
 396 0176 84010000 		.4byte	0x184
 397 017a 0C       		.uleb128 0xc
ARM GAS  C:\Users\adria\AppData\Local\Temp\ccahMqAX.s 			page 9


 398 017b 01       		.uleb128 0x1
 399 017c 50       		.byte	0x50
 400 017d 05       		.uleb128 0x5
 401 017e 03       		.byte	0x3
 402 017f 00000000 		.4byte	ISR_botones
 403 0183 00       		.byte	0
 404 0184 06       		.uleb128 0x6
 405 0185 10000000 		.4byte	.LVL3
 406 0189 05020000 		.4byte	0x205
 407 018d 06       		.uleb128 0x6
 408 018e 14000000 		.4byte	.LVL4
 409 0192 47020000 		.4byte	0x247
 410 0196 06       		.uleb128 0x6
 411 0197 22000000 		.4byte	.LVL5
 412 019b 52020000 		.4byte	0x252
 413 019f 00       		.byte	0
 414 01a0 0E       		.uleb128 0xe
 415 01a1 8C000000 		.4byte	0x8c
 416 01a5 B0010000 		.4byte	0x1b0
 417 01a9 0F       		.uleb128 0xf
 418 01aa C9000000 		.4byte	0xc9
 419 01ae 03       		.byte	0x3
 420 01af 00       		.byte	0
 421 01b0 10       		.uleb128 0x10
 422 01b1 95010000 		.4byte	.LASF21
 423 01b5 04       		.byte	0x4
 424 01b6 1207     		.2byte	0x712
 425 01b8 BC010000 		.4byte	0x1bc
 426 01bc 11       		.uleb128 0x11
 427 01bd A2000000 		.4byte	0xa2
 428 01c1 12       		.uleb128 0x12
 429 01c2 40020000 		.4byte	.LASF22
 430 01c6 05       		.byte	0x5
 431 01c7 12       		.byte	0x12
 432 01c8 A0010000 		.4byte	0x1a0
 433 01cc 05       		.uleb128 0x5
 434 01cd 03       		.byte	0x3
 435 01ce 00000000 		.4byte	DIGITOS
 436 01d2 12       		.uleb128 0x12
 437 01d3 93020000 		.4byte	.LASF23
 438 01d7 01       		.byte	0x1
 439 01d8 06       		.byte	0x6
 440 01d9 97000000 		.4byte	0x97
 441 01dd 05       		.uleb128 0x5
 442 01de 03       		.byte	0x3
 443 01df 00000000 		.4byte	cont
 444 01e3 12       		.uleb128 0x12
 445 01e4 4F010000 		.4byte	.LASF24
 446 01e8 01       		.byte	0x1
 447 01e9 07       		.byte	0x7
 448 01ea 97000000 		.4byte	0x97
 449 01ee 05       		.uleb128 0x5
 450 01ef 03       		.byte	0x3
 451 01f0 00000000 		.4byte	bandera
 452 01f4 12       		.uleb128 0x12
 453 01f5 0A000000 		.4byte	.LASF25
 454 01f9 01       		.byte	0x1
ARM GAS  C:\Users\adria\AppData\Local\Temp\ccahMqAX.s 			page 10


 455 01fa 08       		.byte	0x8
 456 01fb 8C000000 		.4byte	0x8c
 457 01ff 05       		.uleb128 0x5
 458 0200 03       		.byte	0x3
 459 0201 00000000 		.4byte	Reg_Botones
 460 0205 13       		.uleb128 0x13
 461 0206 20000000 		.4byte	.LASF26
 462 020a 20000000 		.4byte	.LASF26
 463 020e 06       		.byte	0x6
 464 020f 28       		.byte	0x28
 465 0210 13       		.uleb128 0x13
 466 0211 81010000 		.4byte	.LASF27
 467 0215 81010000 		.4byte	.LASF27
 468 0219 07       		.byte	0x7
 469 021a 30       		.byte	0x30
 470 021b 13       		.uleb128 0x13
 471 021c 43010000 		.4byte	.LASF28
 472 0220 43010000 		.4byte	.LASF28
 473 0224 05       		.byte	0x5
 474 0225 1B       		.byte	0x1b
 475 0226 13       		.uleb128 0x13
 476 0227 57010000 		.4byte	.LASF29
 477 022b 57010000 		.4byte	.LASF29
 478 022f 08       		.byte	0x8
 479 0230 2F       		.byte	0x2f
 480 0231 13       		.uleb128 0x13
 481 0232 B0020000 		.4byte	.LASF30
 482 0236 B0020000 		.4byte	.LASF30
 483 023a 09       		.byte	0x9
 484 023b 76       		.byte	0x76
 485 023c 13       		.uleb128 0x13
 486 023d 0A010000 		.4byte	.LASF31
 487 0241 0A010000 		.4byte	.LASF31
 488 0245 06       		.byte	0x6
 489 0246 18       		.byte	0x18
 490 0247 13       		.uleb128 0x13
 491 0248 49000000 		.4byte	.LASF32
 492 024c 49000000 		.4byte	.LASF32
 493 0250 07       		.byte	0x7
 494 0251 31       		.byte	0x31
 495 0252 13       		.uleb128 0x13
 496 0253 A2010000 		.4byte	.LASF33
 497 0257 A2010000 		.4byte	.LASF33
 498 025b 05       		.byte	0x5
 499 025c 18       		.byte	0x18
 500 025d 00       		.byte	0
 501              		.section	.debug_abbrev,"",%progbits
 502              	.Ldebug_abbrev0:
 503 0000 01       		.uleb128 0x1
 504 0001 11       		.uleb128 0x11
 505 0002 01       		.byte	0x1
 506 0003 25       		.uleb128 0x25
 507 0004 0E       		.uleb128 0xe
 508 0005 13       		.uleb128 0x13
 509 0006 0B       		.uleb128 0xb
 510 0007 03       		.uleb128 0x3
 511 0008 0E       		.uleb128 0xe
ARM GAS  C:\Users\adria\AppData\Local\Temp\ccahMqAX.s 			page 11


 512 0009 1B       		.uleb128 0x1b
 513 000a 0E       		.uleb128 0xe
 514 000b 55       		.uleb128 0x55
 515 000c 17       		.uleb128 0x17
 516 000d 11       		.uleb128 0x11
 517 000e 01       		.uleb128 0x1
 518 000f 10       		.uleb128 0x10
 519 0010 17       		.uleb128 0x17
 520 0011 00       		.byte	0
 521 0012 00       		.byte	0
 522 0013 02       		.uleb128 0x2
 523 0014 24       		.uleb128 0x24
 524 0015 00       		.byte	0
 525 0016 0B       		.uleb128 0xb
 526 0017 0B       		.uleb128 0xb
 527 0018 3E       		.uleb128 0x3e
 528 0019 0B       		.uleb128 0xb
 529 001a 03       		.uleb128 0x3
 530 001b 0E       		.uleb128 0xe
 531 001c 00       		.byte	0
 532 001d 00       		.byte	0
 533 001e 03       		.uleb128 0x3
 534 001f 16       		.uleb128 0x16
 535 0020 00       		.byte	0
 536 0021 03       		.uleb128 0x3
 537 0022 0E       		.uleb128 0xe
 538 0023 3A       		.uleb128 0x3a
 539 0024 0B       		.uleb128 0xb
 540 0025 3B       		.uleb128 0x3b
 541 0026 0B       		.uleb128 0xb
 542 0027 49       		.uleb128 0x49
 543 0028 13       		.uleb128 0x13
 544 0029 00       		.byte	0
 545 002a 00       		.byte	0
 546 002b 04       		.uleb128 0x4
 547 002c 24       		.uleb128 0x24
 548 002d 00       		.byte	0
 549 002e 0B       		.uleb128 0xb
 550 002f 0B       		.uleb128 0xb
 551 0030 3E       		.uleb128 0x3e
 552 0031 0B       		.uleb128 0xb
 553 0032 03       		.uleb128 0x3
 554 0033 08       		.uleb128 0x8
 555 0034 00       		.byte	0
 556 0035 00       		.byte	0
 557 0036 05       		.uleb128 0x5
 558 0037 2E       		.uleb128 0x2e
 559 0038 01       		.byte	0x1
 560 0039 3F       		.uleb128 0x3f
 561 003a 19       		.uleb128 0x19
 562 003b 03       		.uleb128 0x3
 563 003c 0E       		.uleb128 0xe
 564 003d 3A       		.uleb128 0x3a
 565 003e 0B       		.uleb128 0xb
 566 003f 3B       		.uleb128 0x3b
 567 0040 0B       		.uleb128 0xb
 568 0041 27       		.uleb128 0x27
ARM GAS  C:\Users\adria\AppData\Local\Temp\ccahMqAX.s 			page 12


 569 0042 19       		.uleb128 0x19
 570 0043 11       		.uleb128 0x11
 571 0044 01       		.uleb128 0x1
 572 0045 12       		.uleb128 0x12
 573 0046 06       		.uleb128 0x6
 574 0047 40       		.uleb128 0x40
 575 0048 18       		.uleb128 0x18
 576 0049 9742     		.uleb128 0x2117
 577 004b 19       		.uleb128 0x19
 578 004c 01       		.uleb128 0x1
 579 004d 13       		.uleb128 0x13
 580 004e 00       		.byte	0
 581 004f 00       		.byte	0
 582 0050 06       		.uleb128 0x6
 583 0051 898201   		.uleb128 0x4109
 584 0054 00       		.byte	0
 585 0055 11       		.uleb128 0x11
 586 0056 01       		.uleb128 0x1
 587 0057 31       		.uleb128 0x31
 588 0058 13       		.uleb128 0x13
 589 0059 00       		.byte	0
 590 005a 00       		.byte	0
 591 005b 07       		.uleb128 0x7
 592 005c 2E       		.uleb128 0x2e
 593 005d 01       		.byte	0x1
 594 005e 3F       		.uleb128 0x3f
 595 005f 19       		.uleb128 0x19
 596 0060 03       		.uleb128 0x3
 597 0061 0E       		.uleb128 0xe
 598 0062 3A       		.uleb128 0x3a
 599 0063 0B       		.uleb128 0xb
 600 0064 3B       		.uleb128 0x3b
 601 0065 0B       		.uleb128 0xb
 602 0066 27       		.uleb128 0x27
 603 0067 19       		.uleb128 0x19
 604 0068 49       		.uleb128 0x49
 605 0069 13       		.uleb128 0x13
 606 006a 8701     		.uleb128 0x87
 607 006c 19       		.uleb128 0x19
 608 006d 11       		.uleb128 0x11
 609 006e 01       		.uleb128 0x1
 610 006f 12       		.uleb128 0x12
 611 0070 06       		.uleb128 0x6
 612 0071 40       		.uleb128 0x40
 613 0072 18       		.uleb128 0x18
 614 0073 9742     		.uleb128 0x2117
 615 0075 19       		.uleb128 0x19
 616 0076 01       		.uleb128 0x1
 617 0077 13       		.uleb128 0x13
 618 0078 00       		.byte	0
 619 0079 00       		.byte	0
 620 007a 08       		.uleb128 0x8
 621 007b 34       		.uleb128 0x34
 622 007c 00       		.byte	0
 623 007d 03       		.uleb128 0x3
 624 007e 0E       		.uleb128 0xe
 625 007f 3A       		.uleb128 0x3a
ARM GAS  C:\Users\adria\AppData\Local\Temp\ccahMqAX.s 			page 13


 626 0080 0B       		.uleb128 0xb
 627 0081 3B       		.uleb128 0x3b
 628 0082 0B       		.uleb128 0xb
 629 0083 49       		.uleb128 0x49
 630 0084 13       		.uleb128 0x13
 631 0085 02       		.uleb128 0x2
 632 0086 18       		.uleb128 0x18
 633 0087 00       		.byte	0
 634 0088 00       		.byte	0
 635 0089 09       		.uleb128 0x9
 636 008a 0B       		.uleb128 0xb
 637 008b 01       		.byte	0x1
 638 008c 11       		.uleb128 0x11
 639 008d 01       		.uleb128 0x1
 640 008e 12       		.uleb128 0x12
 641 008f 06       		.uleb128 0x6
 642 0090 01       		.uleb128 0x1
 643 0091 13       		.uleb128 0x13
 644 0092 00       		.byte	0
 645 0093 00       		.byte	0
 646 0094 0A       		.uleb128 0xa
 647 0095 34       		.uleb128 0x34
 648 0096 00       		.byte	0
 649 0097 03       		.uleb128 0x3
 650 0098 08       		.uleb128 0x8
 651 0099 3A       		.uleb128 0x3a
 652 009a 0B       		.uleb128 0xb
 653 009b 3B       		.uleb128 0x3b
 654 009c 0B       		.uleb128 0xb
 655 009d 49       		.uleb128 0x49
 656 009e 13       		.uleb128 0x13
 657 009f 02       		.uleb128 0x2
 658 00a0 17       		.uleb128 0x17
 659 00a1 00       		.byte	0
 660 00a2 00       		.byte	0
 661 00a3 0B       		.uleb128 0xb
 662 00a4 898201   		.uleb128 0x4109
 663 00a7 01       		.byte	0x1
 664 00a8 11       		.uleb128 0x11
 665 00a9 01       		.uleb128 0x1
 666 00aa 31       		.uleb128 0x31
 667 00ab 13       		.uleb128 0x13
 668 00ac 01       		.uleb128 0x1
 669 00ad 13       		.uleb128 0x13
 670 00ae 00       		.byte	0
 671 00af 00       		.byte	0
 672 00b0 0C       		.uleb128 0xc
 673 00b1 8A8201   		.uleb128 0x410a
 674 00b4 00       		.byte	0
 675 00b5 02       		.uleb128 0x2
 676 00b6 18       		.uleb128 0x18
 677 00b7 9142     		.uleb128 0x2111
 678 00b9 18       		.uleb128 0x18
 679 00ba 00       		.byte	0
 680 00bb 00       		.byte	0
 681 00bc 0D       		.uleb128 0xd
 682 00bd 898201   		.uleb128 0x4109
ARM GAS  C:\Users\adria\AppData\Local\Temp\ccahMqAX.s 			page 14


 683 00c0 01       		.byte	0x1
 684 00c1 11       		.uleb128 0x11
 685 00c2 01       		.uleb128 0x1
 686 00c3 31       		.uleb128 0x31
 687 00c4 13       		.uleb128 0x13
 688 00c5 00       		.byte	0
 689 00c6 00       		.byte	0
 690 00c7 0E       		.uleb128 0xe
 691 00c8 01       		.uleb128 0x1
 692 00c9 01       		.byte	0x1
 693 00ca 49       		.uleb128 0x49
 694 00cb 13       		.uleb128 0x13
 695 00cc 01       		.uleb128 0x1
 696 00cd 13       		.uleb128 0x13
 697 00ce 00       		.byte	0
 698 00cf 00       		.byte	0
 699 00d0 0F       		.uleb128 0xf
 700 00d1 21       		.uleb128 0x21
 701 00d2 00       		.byte	0
 702 00d3 49       		.uleb128 0x49
 703 00d4 13       		.uleb128 0x13
 704 00d5 2F       		.uleb128 0x2f
 705 00d6 0B       		.uleb128 0xb
 706 00d7 00       		.byte	0
 707 00d8 00       		.byte	0
 708 00d9 10       		.uleb128 0x10
 709 00da 34       		.uleb128 0x34
 710 00db 00       		.byte	0
 711 00dc 03       		.uleb128 0x3
 712 00dd 0E       		.uleb128 0xe
 713 00de 3A       		.uleb128 0x3a
 714 00df 0B       		.uleb128 0xb
 715 00e0 3B       		.uleb128 0x3b
 716 00e1 05       		.uleb128 0x5
 717 00e2 49       		.uleb128 0x49
 718 00e3 13       		.uleb128 0x13
 719 00e4 3F       		.uleb128 0x3f
 720 00e5 19       		.uleb128 0x19
 721 00e6 3C       		.uleb128 0x3c
 722 00e7 19       		.uleb128 0x19
 723 00e8 00       		.byte	0
 724 00e9 00       		.byte	0
 725 00ea 11       		.uleb128 0x11
 726 00eb 35       		.uleb128 0x35
 727 00ec 00       		.byte	0
 728 00ed 49       		.uleb128 0x49
 729 00ee 13       		.uleb128 0x13
 730 00ef 00       		.byte	0
 731 00f0 00       		.byte	0
 732 00f1 12       		.uleb128 0x12
 733 00f2 34       		.uleb128 0x34
 734 00f3 00       		.byte	0
 735 00f4 03       		.uleb128 0x3
 736 00f5 0E       		.uleb128 0xe
 737 00f6 3A       		.uleb128 0x3a
 738 00f7 0B       		.uleb128 0xb
 739 00f8 3B       		.uleb128 0x3b
ARM GAS  C:\Users\adria\AppData\Local\Temp\ccahMqAX.s 			page 15


 740 00f9 0B       		.uleb128 0xb
 741 00fa 49       		.uleb128 0x49
 742 00fb 13       		.uleb128 0x13
 743 00fc 3F       		.uleb128 0x3f
 744 00fd 19       		.uleb128 0x19
 745 00fe 02       		.uleb128 0x2
 746 00ff 18       		.uleb128 0x18
 747 0100 00       		.byte	0
 748 0101 00       		.byte	0
 749 0102 13       		.uleb128 0x13
 750 0103 2E       		.uleb128 0x2e
 751 0104 00       		.byte	0
 752 0105 3F       		.uleb128 0x3f
 753 0106 19       		.uleb128 0x19
 754 0107 3C       		.uleb128 0x3c
 755 0108 19       		.uleb128 0x19
 756 0109 6E       		.uleb128 0x6e
 757 010a 0E       		.uleb128 0xe
 758 010b 03       		.uleb128 0x3
 759 010c 0E       		.uleb128 0xe
 760 010d 3A       		.uleb128 0x3a
 761 010e 0B       		.uleb128 0xb
 762 010f 3B       		.uleb128 0x3b
 763 0110 0B       		.uleb128 0xb
 764 0111 00       		.byte	0
 765 0112 00       		.byte	0
 766 0113 00       		.byte	0
 767              		.section	.debug_loc,"",%progbits
 768              	.Ldebug_loc0:
 769              	.LLST0:
 770 0000 22000000 		.4byte	.LVL5
 771 0004 26000000 		.4byte	.LVL6
 772 0008 0200     		.2byte	0x2
 773 000a 30       		.byte	0x30
 774 000b 9F       		.byte	0x9f
 775 000c 26000000 		.4byte	.LVL6
 776 0010 7C000000 		.4byte	.LFE64
 777 0014 0100     		.2byte	0x1
 778 0016 54       		.byte	0x54
 779 0017 00000000 		.4byte	0
 780 001b 00000000 		.4byte	0
 781              		.section	.debug_aranges,"",%progbits
 782 0000 24000000 		.4byte	0x24
 783 0004 0200     		.2byte	0x2
 784 0006 00000000 		.4byte	.Ldebug_info0
 785 000a 04       		.byte	0x4
 786 000b 00       		.byte	0
 787 000c 0000     		.2byte	0
 788 000e 0000     		.2byte	0
 789 0010 00000000 		.4byte	.LFB63
 790 0014 2C000000 		.4byte	.LFE63-.LFB63
 791 0018 00000000 		.4byte	.LFB64
 792 001c 7C000000 		.4byte	.LFE64-.LFB64
 793 0020 00000000 		.4byte	0
 794 0024 00000000 		.4byte	0
 795              		.section	.debug_ranges,"",%progbits
 796              	.Ldebug_ranges0:
ARM GAS  C:\Users\adria\AppData\Local\Temp\ccahMqAX.s 			page 16


 797 0000 00000000 		.4byte	.LFB63
 798 0004 2C000000 		.4byte	.LFE63
 799 0008 00000000 		.4byte	.LFB64
 800 000c 7C000000 		.4byte	.LFE64
 801 0010 00000000 		.4byte	0
 802 0014 00000000 		.4byte	0
 803              		.section	.debug_line,"",%progbits
 804              	.Ldebug_line0:
 805 0000 E4010000 		.section	.debug_str,"MS",%progbits,1
 805      02009401 
 805      00000201 
 805      FB0E0D00 
 805      01010101 
 806              	.LASF3:
 807 0000 5F5F7569 		.ascii	"__uint8_t\000"
 807      6E74385F 
 807      7400
 808              	.LASF25:
 809 000a 5265675F 		.ascii	"Reg_Botones\000"
 809      426F746F 
 809      6E657300 
 810              	.LASF6:
 811 0016 5F5F696E 		.ascii	"__int32_t\000"
 811      7433325F 
 811      7400
 812              	.LASF26:
 813 0020 4953525F 		.ascii	"ISR_botones_ClearPending\000"
 813      626F746F 
 813      6E65735F 
 813      436C6561 
 813      7250656E 
 814              	.LASF20:
 815 0039 4D75785F 		.ascii	"Mux_dig\000"
 815      64696700 
 816              	.LASF14:
 817 0041 696E7433 		.ascii	"int32_t\000"
 817      325F7400 
 818              	.LASF32:
 819 0049 53746174 		.ascii	"Status_Botones_InterruptEnable\000"
 819      75735F42 
 819      6F746F6E 
 819      65735F49 
 819      6E746572 
 820              	.LASF15:
 821 0068 666C6F61 		.ascii	"float\000"
 821      7400
 822              	.LASF1:
 823 006e 756E7369 		.ascii	"unsigned char\000"
 823      676E6564 
 823      20636861 
 823      7200
 824              	.LASF34:
 825 007c 474E5520 		.ascii	"GNU C11 5.4.1 20160609 (release) [ARM/embedded-5-br"
 825      43313120 
 825      352E342E 
 825      31203230 
 825      31363036 
ARM GAS  C:\Users\adria\AppData\Local\Temp\ccahMqAX.s 			page 17


 826 00af 616E6368 		.ascii	"anch revision 237715] -mcpu=cortex-m3 -mthumb -g -O"
 826      20726576 
 826      6973696F 
 826      6E203233 
 826      37373135 
 827 00e2 67202D66 		.ascii	"g -ffunction-sections -ffat-lto-objects\000"
 827      66756E63 
 827      74696F6E 
 827      2D736563 
 827      74696F6E 
 828              	.LASF31:
 829 010a 4953525F 		.ascii	"ISR_botones_StartEx\000"
 829      626F746F 
 829      6E65735F 
 829      53746172 
 829      74457800 
 830              	.LASF8:
 831 011e 6C6F6E67 		.ascii	"long unsigned int\000"
 831      20756E73 
 831      69676E65 
 831      6420696E 
 831      7400
 832              	.LASF5:
 833 0130 73686F72 		.ascii	"short unsigned int\000"
 833      7420756E 
 833      7369676E 
 833      65642069 
 833      6E7400
 834              	.LASF28:
 835 0143 4243445F 		.ascii	"BCD_CODIFIG\000"
 835      434F4449 
 835      46494700 
 836              	.LASF24:
 837 014f 62616E64 		.ascii	"bandera\000"
 837      65726100 
 838              	.LASF29:
 839 0157 44697370 		.ascii	"Displays_mux_Write\000"
 839      6C617973 
 839      5F6D7578 
 839      5F577269 
 839      746500
 840              	.LASF4:
 841 016a 5F5F7569 		.ascii	"__uint16_t\000"
 841      6E743136 
 841      5F7400
 842              	.LASF16:
 843 0175 646F7562 		.ascii	"double\000"
 843      6C6500
 844              	.LASF38:
 845 017c 6D61696E 		.ascii	"main\000"
 845      00
 846              	.LASF27:
 847 0181 53746174 		.ascii	"Status_Botones_Read\000"
 847      75735F42 
 847      6F746F6E 
 847      65735F52 
 847      65616400 
ARM GAS  C:\Users\adria\AppData\Local\Temp\ccahMqAX.s 			page 18


 848              	.LASF21:
 849 0195 49544D5F 		.ascii	"ITM_RxBuffer\000"
 849      52784275 
 849      66666572 
 849      00
 850              	.LASF33:
 851 01a2 53657061 		.ascii	"Separa_digitos\000"
 851      72615F64 
 851      69676974 
 851      6F7300
 852              	.LASF11:
 853 01b1 756E7369 		.ascii	"unsigned int\000"
 853      676E6564 
 853      20696E74 
 853      00
 854              	.LASF36:
 855 01be 433A5C55 		.ascii	"C:\\Users\\adria\\OneDrive\\Documents\\psoc\\7seg_m"
 855      73657273 
 855      5C616472 
 855      69615C4F 
 855      6E654472 
 856 01eb 756C7469 		.ascii	"ultiplexado_hardware\\7seg_multiplexado_firmware.cy"
 856      706C6578 
 856      61646F5F 
 856      68617264 
 856      77617265 
 857 021d 64736E00 		.ascii	"dsn\000"
 858              	.LASF10:
 859 0221 6C6F6E67 		.ascii	"long long unsigned int\000"
 859      206C6F6E 
 859      6720756E 
 859      7369676E 
 859      65642069 
 860              	.LASF12:
 861 0238 75696E74 		.ascii	"uint8_t\000"
 861      385F7400 
 862              	.LASF22:
 863 0240 44494749 		.ascii	"DIGITOS\000"
 863      544F5300 
 864              	.LASF18:
 865 0248 6C6F6E67 		.ascii	"long double\000"
 865      20646F75 
 865      626C6500 
 866              	.LASF19:
 867 0254 73697A65 		.ascii	"sizetype\000"
 867      74797065 
 867      00
 868              	.LASF9:
 869 025d 6C6F6E67 		.ascii	"long long int\000"
 869      206C6F6E 
 869      6720696E 
 869      7400
 870              	.LASF35:
 871 026b 6D61696E 		.ascii	"main.c\000"
 871      2E6300
 872              	.LASF17:
 873 0272 63686172 		.ascii	"char\000"
ARM GAS  C:\Users\adria\AppData\Local\Temp\ccahMqAX.s 			page 19


 873      00
 874              	.LASF2:
 875 0277 73686F72 		.ascii	"short int\000"
 875      7420696E 
 875      7400
 876              	.LASF13:
 877 0281 75696E74 		.ascii	"uint16_t\000"
 877      31365F74 
 877      00
 878              	.LASF7:
 879 028a 6C6F6E67 		.ascii	"long int\000"
 879      20696E74 
 879      00
 880              	.LASF23:
 881 0293 636F6E74 		.ascii	"cont\000"
 881      00
 882              	.LASF0:
 883 0298 7369676E 		.ascii	"signed char\000"
 883      65642063 
 883      68617200 
 884              	.LASF37:
 885 02a4 4953525F 		.ascii	"ISR_botones\000"
 885      626F746F 
 885      6E657300 
 886              	.LASF30:
 887 02b0 43794465 		.ascii	"CyDelay\000"
 887      6C617900 
 888              		.ident	"GCC: (GNU Tools for ARM Embedded Processors) 5.4.1 20160609 (release) [ARM/embedded-5-bran
