ARM GAS  C:\Users\adria\AppData\Local\Temp\ccp0Q6eG.s 			page 1


   1              		.syntax unified
   2              		.cpu cortex-m3
   3              		.fpu softvfp
   4              		.eabi_attribute 20, 1
   5              		.eabi_attribute 21, 1
   6              		.eabi_attribute 23, 3
   7              		.eabi_attribute 24, 1
   8              		.eabi_attribute 25, 1
   9              		.eabi_attribute 26, 1
  10              		.eabi_attribute 30, 1
  11              		.eabi_attribute 34, 1
  12              		.eabi_attribute 18, 4
  13              		.thumb
  14              		.syntax unified
  15              		.file	"cymetadata.c"
  16              		.text
  17              	.Ltext0:
  18              		.cfi_sections	.debug_frame
  19              		.global	cy_metadata
  20              		.global	cy_meta_flashprotect
  21              		.global	cy_meta_wonvl
  22              		.global	cy_meta_custnvl
  23              		.global	cy_meta_configecc
  24              		.section	.cyconfigecc,"a",%progbits
  25              		.align	2
  26              		.type	cy_meta_configecc, %object
  27              		.size	cy_meta_configecc, 708
  28              	cy_meta_configecc:
  29 0000 04       		.byte	4
  30 0001 52       		.byte	82
  31 0002 00       		.byte	0
  32 0003 40       		.byte	64
  33 0004 02       		.byte	2
  34 0005 65       		.byte	101
  35 0006 00       		.byte	0
  36 0007 40       		.byte	64
  37 0008 02       		.byte	2
  38 0009 05       		.byte	5
  39 000a 01       		.byte	1
  40 000b 40       		.byte	64
  41 000c 07       		.byte	7
  42 000d 09       		.byte	9
  43 000e 01       		.byte	1
  44 000f 40       		.byte	64
  45 0010 07       		.byte	7
  46 0011 0B       		.byte	11
  47 0012 01       		.byte	1
  48 0013 40       		.byte	64
  49 0014 03       		.byte	3
  50 0015 15       		.byte	21
  51 0016 01       		.byte	1
  52 0017 40       		.byte	64
  53 0018 02       		.byte	2
  54 0019 17       		.byte	23
  55 001a 01       		.byte	1
  56 001b 40       		.byte	64
  57 001c 08       		.byte	8
ARM GAS  C:\Users\adria\AppData\Local\Temp\ccp0Q6eG.s 			page 2


  58 001d 19       		.byte	25
  59 001e 01       		.byte	1
  60 001f 40       		.byte	64
  61 0020 59       		.byte	89
  62 0021 1A       		.byte	26
  63 0022 01       		.byte	1
  64 0023 40       		.byte	64
  65 0024 4A       		.byte	74
  66 0025 1B       		.byte	27
  67 0026 01       		.byte	1
  68 0027 40       		.byte	64
  69 0028 02       		.byte	2
  70 0029 40       		.byte	64
  71 002a 01       		.byte	1
  72 002b 40       		.byte	64
  73 002c 0B       		.byte	11
  74 002d 41       		.byte	65
  75 002e 01       		.byte	1
  76 002f 40       		.byte	64
  77 0030 0B       		.byte	11
  78 0031 42       		.byte	66
  79 0032 01       		.byte	1
  80 0033 40       		.byte	64
  81 0034 06       		.byte	6
  82 0035 43       		.byte	67
  83 0036 01       		.byte	1
  84 0037 40       		.byte	64
  85 0038 02       		.byte	2
  86 0039 44       		.byte	68
  87 003a 01       		.byte	1
  88 003b 40       		.byte	64
  89 003c 07       		.byte	7
  90 003d 45       		.byte	69
  91 003e 01       		.byte	1
  92 003f 40       		.byte	64
  93 0040 07       		.byte	7
  94 0041 46       		.byte	70
  95 0042 01       		.byte	1
  96 0043 40       		.byte	64
  97 0044 03       		.byte	3
  98 0045 47       		.byte	71
  99 0046 01       		.byte	1
 100 0047 40       		.byte	64
 101 0048 09       		.byte	9
 102 0049 48       		.byte	72
 103 004a 01       		.byte	1
 104 004b 40       		.byte	64
 105 004c 0E       		.byte	14
 106 004d 49       		.byte	73
 107 004e 01       		.byte	1
 108 004f 40       		.byte	64
 109 0050 02       		.byte	2
 110 0051 4C       		.byte	76
 111 0052 01       		.byte	1
 112 0053 40       		.byte	64
 113 0054 0B       		.byte	11
 114 0055 4D       		.byte	77
ARM GAS  C:\Users\adria\AppData\Local\Temp\ccp0Q6eG.s 			page 3


 115 0056 01       		.byte	1
 116 0057 40       		.byte	64
 117 0058 02       		.byte	2
 118 0059 50       		.byte	80
 119 005a 01       		.byte	1
 120 005b 40       		.byte	64
 121 005c 01       		.byte	1
 122 005d 51       		.byte	81
 123 005e 01       		.byte	1
 124 005f 40       		.byte	64
 125 0060 00       		.byte	0
 126 0061 04       		.byte	4
 127 0062 01       		.byte	1
 128 0063 0C       		.byte	12
 129 0064 60       		.byte	96
 130 0065 28       		.byte	40
 131 0066 61       		.byte	97
 132 0067 30       		.byte	48
 133 0068 7B       		.byte	123
 134 0069 2C       		.byte	44
 135 006a 8A       		.byte	-118
 136 006b 0F       		.byte	15
 137 006c E2       		.byte	-30
 138 006d 04       		.byte	4
 139 006e E8       		.byte	-24
 140 006f 08       		.byte	8
 141 0070 98       		.byte	-104
 142 0071 04       		.byte	4
 143 0072 99       		.byte	-103
 144 0073 02       		.byte	2
 145 0074 9A       		.byte	-102
 146 0075 40       		.byte	64
 147 0076 9B       		.byte	-101
 148 0077 08       		.byte	8
 149 0078 9E       		.byte	-98
 150 0079 01       		.byte	1
 151 007a AE       		.byte	-82
 152 007b 40       		.byte	64
 153 007c EA       		.byte	-22
 154 007d 08       		.byte	8
 155 007e 82       		.byte	-126
 156 007f 01       		.byte	1
 157 0080 98       		.byte	-104
 158 0081 04       		.byte	4
 159 0082 99       		.byte	-103
 160 0083 02       		.byte	2
 161 0084 9B       		.byte	-101
 162 0085 08       		.byte	8
 163 0086 AF       		.byte	-81
 164 0087 08       		.byte	8
 165 0088 B0       		.byte	-80
 166 0089 04       		.byte	4
 167 008a B1       		.byte	-79
 168 008b 02       		.byte	2
 169 008c E2       		.byte	-30
 170 008d 05       		.byte	5
 171 008e E4       		.byte	-28
ARM GAS  C:\Users\adria\AppData\Local\Temp\ccp0Q6eG.s 			page 4


 172 008f 14       		.byte	20
 173 0090 E6       		.byte	-26
 174 0091 02       		.byte	2
 175 0092 E4       		.byte	-28
 176 0093 10       		.byte	16
 177 0094 E6       		.byte	-26
 178 0095 01       		.byte	1
 179 0096 81       		.byte	-127
 180 0097 01       		.byte	1
 181 0098 8E       		.byte	-114
 182 0099 10       		.byte	16
 183 009a 98       		.byte	-104
 184 009b 04       		.byte	4
 185 009c 99       		.byte	-103
 186 009d 02       		.byte	2
 187 009e 9A       		.byte	-102
 188 009f 40       		.byte	64
 189 00a0 9B       		.byte	-101
 190 00a1 08       		.byte	8
 191 00a2 9E       		.byte	-98
 192 00a3 01       		.byte	1
 193 00a4 E4       		.byte	-28
 194 00a5 10       		.byte	16
 195 00a6 04       		.byte	4
 196 00a7 33       		.byte	51
 197 00a8 06       		.byte	6
 198 00a9 0C       		.byte	12
 199 00aa 0E       		.byte	14
 200 00ab 08       		.byte	8
 201 00ac 10       		.byte	16
 202 00ad 80       		.byte	-128
 203 00ae 1C       		.byte	28
 204 00af 0A       		.byte	10
 205 00b0 1E       		.byte	30
 206 00b1 34       		.byte	52
 207 00b2 20       		.byte	32
 208 00b3 40       		.byte	64
 209 00b4 22       		.byte	34
 210 00b5 15       		.byte	21
 211 00b6 24       		.byte	36
 212 00b7 03       		.byte	3
 213 00b8 26       		.byte	38
 214 00b9 14       		.byte	20
 215 00ba 28       		.byte	40
 216 00bb 33       		.byte	51
 217 00bc 2A       		.byte	42
 218 00bd 04       		.byte	4
 219 00be 30       		.byte	48
 220 00bf 10       		.byte	16
 221 00c0 32       		.byte	50
 222 00c1 80       		.byte	-128
 223 00c2 34       		.byte	52
 224 00c3 0F       		.byte	15
 225 00c4 36       		.byte	54
 226 00c5 60       		.byte	96
 227 00c6 38       		.byte	56
 228 00c7 80       		.byte	-128
ARM GAS  C:\Users\adria\AppData\Local\Temp\ccp0Q6eG.s 			page 5


 229 00c8 3A       		.byte	58
 230 00c9 20       		.byte	32
 231 00ca 3E       		.byte	62
 232 00cb 05       		.byte	5
 233 00cc 40       		.byte	64
 234 00cd 23       		.byte	35
 235 00ce 41       		.byte	65
 236 00cf 06       		.byte	6
 237 00d0 45       		.byte	69
 238 00d1 0C       		.byte	12
 239 00d2 46       		.byte	70
 240 00d3 0E       		.byte	14
 241 00d4 47       		.byte	71
 242 00d5 0B       		.byte	11
 243 00d6 48       		.byte	72
 244 00d7 15       		.byte	21
 245 00d8 49       		.byte	73
 246 00d9 FF       		.byte	-1
 247 00da 4A       		.byte	74
 248 00db FF       		.byte	-1
 249 00dc 4B       		.byte	75
 250 00dd FF       		.byte	-1
 251 00de 4E       		.byte	78
 252 00df F0       		.byte	-16
 253 00e0 4F       		.byte	79
 254 00e1 44       		.byte	68
 255 00e2 50       		.byte	80
 256 00e3 0C       		.byte	12
 257 00e4 54       		.byte	84
 258 00e5 01       		.byte	1
 259 00e6 56       		.byte	86
 260 00e7 04       		.byte	4
 261 00e8 58       		.byte	88
 262 00e9 04       		.byte	4
 263 00ea 5A       		.byte	90
 264 00eb 04       		.byte	4
 265 00ec 5B       		.byte	91
 266 00ed 04       		.byte	4
 267 00ee 5F       		.byte	95
 268 00ef 01       		.byte	1
 269 00f0 66       		.byte	102
 270 00f1 C0       		.byte	-64
 271 00f2 6A       		.byte	106
 272 00f3 40       		.byte	64
 273 00f4 6B       		.byte	107
 274 00f5 02       		.byte	2
 275 00f6 83       		.byte	-125
 276 00f7 13       		.byte	19
 277 00f8 84       		.byte	-124
 278 00f9 0C       		.byte	12
 279 00fa 86       		.byte	-122
 280 00fb 11       		.byte	17
 281 00fc 87       		.byte	-121
 282 00fd 08       		.byte	8
 283 00fe 88       		.byte	-120
 284 00ff 20       		.byte	32
 285 0100 8A       		.byte	-118
ARM GAS  C:\Users\adria\AppData\Local\Temp\ccp0Q6eG.s 			page 6


 286 0101 03       		.byte	3
 287 0102 8C       		.byte	-116
 288 0103 09       		.byte	9
 289 0104 8E       		.byte	-114
 290 0105 10       		.byte	16
 291 0106 91       		.byte	-111
 292 0107 6C       		.byte	108
 293 0108 93       		.byte	-109
 294 0109 03       		.byte	3
 295 010a 94       		.byte	-108
 296 010b 10       		.byte	16
 297 010c 96       		.byte	-106
 298 010d 0C       		.byte	12
 299 010e 98       		.byte	-104
 300 010f 10       		.byte	16
 301 0110 99       		.byte	-103
 302 0111 31       		.byte	49
 303 0112 9B       		.byte	-101
 304 0113 0E       		.byte	14
 305 0114 A0       		.byte	-96
 306 0115 1C       		.byte	28
 307 0116 A2       		.byte	-94
 308 0117 02       		.byte	2
 309 0118 A3       		.byte	-93
 310 0119 4C       		.byte	76
 311 011a A4       		.byte	-92
 312 011b 14       		.byte	20
 313 011c A5       		.byte	-91
 314 011d 31       		.byte	49
 315 011e A7       		.byte	-89
 316 011f 46       		.byte	70
 317 0120 B1       		.byte	-79
 318 0121 30       		.byte	48
 319 0122 B2       		.byte	-78
 320 0123 20       		.byte	32
 321 0124 B3       		.byte	-77
 322 0125 4A       		.byte	74
 323 0126 B4       		.byte	-76
 324 0127 1F       		.byte	31
 325 0128 B7       		.byte	-73
 326 0129 0F       		.byte	15
 327 012a B9       		.byte	-71
 328 012b 02       		.byte	2
 329 012c BB       		.byte	-69
 330 012d 88       		.byte	-120
 331 012e BE       		.byte	-66
 332 012f 04       		.byte	4
 333 0130 BF       		.byte	-65
 334 0131 01       		.byte	1
 335 0132 C0       		.byte	-64
 336 0133 01       		.byte	1
 337 0134 C5       		.byte	-59
 338 0135 04       		.byte	4
 339 0136 C9       		.byte	-55
 340 0137 FF       		.byte	-1
 341 0138 CA       		.byte	-54
 342 0139 07       		.byte	7
ARM GAS  C:\Users\adria\AppData\Local\Temp\ccp0Q6eG.s 			page 7


 343 013a CB       		.byte	-53
 344 013b FF       		.byte	-1
 345 013c CC       		.byte	-52
 346 013d 40       		.byte	64
 347 013e CD       		.byte	-51
 348 013f 20       		.byte	32
 349 0140 CE       		.byte	-50
 350 0141 F0       		.byte	-16
 351 0142 CF       		.byte	-49
 352 0143 05       		.byte	5
 353 0144 D0       		.byte	-48
 354 0145 08       		.byte	8
 355 0146 D8       		.byte	-40
 356 0147 04       		.byte	4
 357 0148 D9       		.byte	-39
 358 0149 04       		.byte	4
 359 014a DA       		.byte	-38
 360 014b 04       		.byte	4
 361 014c DB       		.byte	-37
 362 014d 04       		.byte	4
 363 014e DF       		.byte	-33
 364 014f 01       		.byte	1
 365 0150 E0       		.byte	-32
 366 0151 40       		.byte	64
 367 0152 E1       		.byte	-31
 368 0153 A8       		.byte	-88
 369 0154 E2       		.byte	-30
 370 0155 40       		.byte	64
 371 0156 E3       		.byte	-29
 372 0157 20       		.byte	32
 373 0158 01       		.byte	1
 374 0159 80       		.byte	-128
 375 015a 03       		.byte	3
 376 015b 20       		.byte	32
 377 015c 05       		.byte	5
 378 015d 50       		.byte	80
 379 015e 07       		.byte	7
 380 015f 20       		.byte	32
 381 0160 08       		.byte	8
 382 0161 01       		.byte	1
 383 0162 09       		.byte	9
 384 0163 40       		.byte	64
 385 0164 0B       		.byte	11
 386 0165 80       		.byte	-128
 387 0166 0F       		.byte	15
 388 0167 28       		.byte	40
 389 0168 10       		.byte	16
 390 0169 30       		.byte	48
 391 016a 11       		.byte	17
 392 016b 01       		.byte	1
 393 016c 13       		.byte	19
 394 016d 20       		.byte	32
 395 016e 15       		.byte	21
 396 016f 08       		.byte	8
 397 0170 17       		.byte	23
 398 0171 02       		.byte	2
 399 0172 19       		.byte	25
ARM GAS  C:\Users\adria\AppData\Local\Temp\ccp0Q6eG.s 			page 8


 400 0173 C4       		.byte	-60
 401 0174 1A       		.byte	26
 402 0175 40       		.byte	64
 403 0176 1B       		.byte	27
 404 0177 B0       		.byte	-80
 405 0178 1D       		.byte	29
 406 0179 10       		.byte	16
 407 017a 1F       		.byte	31
 408 017b 04       		.byte	4
 409 017c 25       		.byte	37
 410 017d 40       		.byte	64
 411 017e 26       		.byte	38
 412 017f 04       		.byte	4
 413 0180 27       		.byte	39
 414 0181 A2       		.byte	-94
 415 0182 2F       		.byte	47
 416 0183 A0       		.byte	-96
 417 0184 37       		.byte	55
 418 0185 22       		.byte	34
 419 0186 3F       		.byte	63
 420 0187 0A       		.byte	10
 421 0188 42       		.byte	66
 422 0189 20       		.byte	32
 423 018a 43       		.byte	67
 424 018b 20       		.byte	32
 425 018c 47       		.byte	71
 426 018d 80       		.byte	-128
 427 018e 48       		.byte	72
 428 018f 20       		.byte	32
 429 0190 4A       		.byte	74
 430 0191 04       		.byte	4
 431 0192 4D       		.byte	77
 432 0193 01       		.byte	1
 433 0194 4F       		.byte	79
 434 0195 0A       		.byte	10
 435 0196 51       		.byte	81
 436 0197 04       		.byte	4
 437 0198 53       		.byte	83
 438 0199 40       		.byte	64
 439 019a 56       		.byte	86
 440 019b 20       		.byte	32
 441 019c 58       		.byte	88
 442 019d 11       		.byte	17
 443 019e 59       		.byte	89
 444 019f 04       		.byte	4
 445 01a0 5A       		.byte	90
 446 01a1 40       		.byte	64
 447 01a2 5C       		.byte	92
 448 01a3 40       		.byte	64
 449 01a4 5E       		.byte	94
 450 01a5 10       		.byte	16
 451 01a6 5F       		.byte	95
 452 01a7 09       		.byte	9
 453 01a8 63       		.byte	99
 454 01a9 40       		.byte	64
 455 01aa 64       		.byte	100
 456 01ab 04       		.byte	4
ARM GAS  C:\Users\adria\AppData\Local\Temp\ccp0Q6eG.s 			page 9


 457 01ac 65       		.byte	101
 458 01ad 02       		.byte	2
 459 01ae 66       		.byte	102
 460 01af 40       		.byte	64
 461 01b0 67       		.byte	103
 462 01b1 20       		.byte	32
 463 01b2 6C       		.byte	108
 464 01b3 04       		.byte	4
 465 01b4 6D       		.byte	109
 466 01b5 02       		.byte	2
 467 01b6 6F       		.byte	111
 468 01b7 11       		.byte	17
 469 01b8 76       		.byte	118
 470 01b9 01       		.byte	1
 471 01ba 77       		.byte	119
 472 01bb 04       		.byte	4
 473 01bc 80       		.byte	-128
 474 01bd 40       		.byte	64
 475 01be 83       		.byte	-125
 476 01bf 14       		.byte	20
 477 01c0 87       		.byte	-121
 478 01c1 40       		.byte	64
 479 01c2 8B       		.byte	-117
 480 01c3 15       		.byte	21
 481 01c4 8C       		.byte	-116
 482 01c5 04       		.byte	4
 483 01c6 8F       		.byte	-113
 484 01c7 01       		.byte	1
 485 01c8 92       		.byte	-110
 486 01c9 10       		.byte	16
 487 01ca 98       		.byte	-104
 488 01cb 04       		.byte	4
 489 01cc 99       		.byte	-103
 490 01cd 02       		.byte	2
 491 01ce 9A       		.byte	-102
 492 01cf 40       		.byte	64
 493 01d0 9B       		.byte	-101
 494 01d1 08       		.byte	8
 495 01d2 9E       		.byte	-98
 496 01d3 01       		.byte	1
 497 01d4 A5       		.byte	-91
 498 01d5 01       		.byte	1
 499 01d6 C0       		.byte	-64
 500 01d7 E5       		.byte	-27
 501 01d8 C2       		.byte	-62
 502 01d9 69       		.byte	105
 503 01da C4       		.byte	-60
 504 01db 3E       		.byte	62
 505 01dc CA       		.byte	-54
 506 01dd C0       		.byte	-64
 507 01de CC       		.byte	-52
 508 01df A0       		.byte	-96
 509 01e0 CE       		.byte	-50
 510 01e1 C0       		.byte	-64
 511 01e2 D0       		.byte	-48
 512 01e3 16       		.byte	22
 513 01e4 D2       		.byte	-46
ARM GAS  C:\Users\adria\AppData\Local\Temp\ccp0Q6eG.s 			page 10


 514 01e5 04       		.byte	4
 515 01e6 D6       		.byte	-42
 516 01e7 FF       		.byte	-1
 517 01e8 D8       		.byte	-40
 518 01e9 F1       		.byte	-15
 519 01ea E4       		.byte	-28
 520 01eb 10       		.byte	16
 521 01ec 32       		.byte	50
 522 01ed 20       		.byte	32
 523 01ee CC       		.byte	-52
 524 01ef 10       		.byte	16
 525 01f0 08       		.byte	8
 526 01f1 08       		.byte	8
 527 01f2 0A       		.byte	10
 528 01f3 01       		.byte	1
 529 01f4 0D       		.byte	13
 530 01f5 08       		.byte	8
 531 01f6 0F       		.byte	15
 532 01f7 01       		.byte	1
 533 01f8 51       		.byte	81
 534 01f9 40       		.byte	64
 535 01fa 56       		.byte	86
 536 01fb 01       		.byte	1
 537 01fc 58       		.byte	88
 538 01fd 80       		.byte	-128
 539 01fe A6       		.byte	-90
 540 01ff 20       		.byte	32
 541 0200 C2       		.byte	-62
 542 0201 F0       		.byte	-16
 543 0202 D4       		.byte	-44
 544 0203 A0       		.byte	-96
 545 0204 D6       		.byte	-42
 546 0205 20       		.byte	32
 547 0206 82       		.byte	-126
 548 0207 01       		.byte	1
 549 0208 93       		.byte	-109
 550 0209 01       		.byte	1
 551 020a 95       		.byte	-107
 552 020b 80       		.byte	-128
 553 020c 98       		.byte	-104
 554 020d 08       		.byte	8
 555 020e 9C       		.byte	-100
 556 020f 80       		.byte	-128
 557 0210 9E       		.byte	-98
 558 0211 01       		.byte	1
 559 0212 A1       		.byte	-95
 560 0213 08       		.byte	8
 561 0214 A6       		.byte	-90
 562 0215 20       		.byte	32
 563 0216 AE       		.byte	-82
 564 0217 01       		.byte	1
 565 0218 E2       		.byte	-30
 566 0219 20       		.byte	32
 567 021a E8       		.byte	-24
 568 021b 10       		.byte	16
 569 021c 93       		.byte	-109
 570 021d 01       		.byte	1
ARM GAS  C:\Users\adria\AppData\Local\Temp\ccp0Q6eG.s 			page 11


 571 021e 95       		.byte	-107
 572 021f 80       		.byte	-128
 573 0220 98       		.byte	-104
 574 0221 08       		.byte	8
 575 0222 9C       		.byte	-100
 576 0223 80       		.byte	-128
 577 0224 A1       		.byte	-95
 578 0225 08       		.byte	8
 579 0226 A6       		.byte	-90
 580 0227 20       		.byte	32
 581 0228 7B       		.byte	123
 582 0229 01       		.byte	1
 583 022a DC       		.byte	-36
 584 022b 01       		.byte	1
 585 022c 05       		.byte	5
 586 022d 80       		.byte	-128
 587 022e 08       		.byte	8
 588 022f 20       		.byte	32
 589 0230 0B       		.byte	11
 590 0231 80       		.byte	-128
 591 0232 0F       		.byte	15
 592 0233 40       		.byte	64
 593 0234 A7       		.byte	-89
 594 0235 01       		.byte	1
 595 0236 C0       		.byte	-64
 596 0237 01       		.byte	1
 597 0238 C2       		.byte	-62
 598 0239 0E       		.byte	14
 599 023a 93       		.byte	-109
 600 023b 40       		.byte	64
 601 023c 99       		.byte	-103
 602 023d 80       		.byte	-128
 603 023e A7       		.byte	-89
 604 023f 01       		.byte	1
 605 0240 B0       		.byte	-80
 606 0241 20       		.byte	32
 607 0242 B3       		.byte	-77
 608 0243 40       		.byte	64
 609 0244 EA       		.byte	-22
 610 0245 01       		.byte	1
 611 0246 EE       		.byte	-18
 612 0247 01       		.byte	1
 613 0248 93       		.byte	-109
 614 0249 40       		.byte	64
 615 024a A7       		.byte	-89
 616 024b 01       		.byte	1
 617 024c AD       		.byte	-83
 618 024d 80       		.byte	-128
 619 024e 80       		.byte	-128
 620 024f 80       		.byte	-128
 621 0250 8D       		.byte	-115
 622 0251 08       		.byte	8
 623 0252 93       		.byte	-109
 624 0253 01       		.byte	1
 625 0254 95       		.byte	-107
 626 0255 80       		.byte	-128
 627 0256 98       		.byte	-104
ARM GAS  C:\Users\adria\AppData\Local\Temp\ccp0Q6eG.s 			page 12


 628 0257 08       		.byte	8
 629 0258 9C       		.byte	-100
 630 0259 80       		.byte	-128
 631 025a A1       		.byte	-95
 632 025b 08       		.byte	8
 633 025c A6       		.byte	-90
 634 025d 20       		.byte	32
 635 025e E6       		.byte	-26
 636 025f 80       		.byte	-128
 637 0260 77       		.byte	119
 638 0261 10       		.byte	16
 639 0262 80       		.byte	-128
 640 0263 08       		.byte	8
 641 0264 81       		.byte	-127
 642 0265 40       		.byte	64
 643 0266 83       		.byte	-125
 644 0267 10       		.byte	16
 645 0268 86       		.byte	-122
 646 0269 20       		.byte	32
 647 026a 8F       		.byte	-113
 648 026b 01       		.byte	1
 649 026c 93       		.byte	-109
 650 026d 01       		.byte	1
 651 026e 95       		.byte	-107
 652 026f 80       		.byte	-128
 653 0270 98       		.byte	-104
 654 0271 08       		.byte	8
 655 0272 A6       		.byte	-90
 656 0273 20       		.byte	32
 657 0274 DE       		.byte	-34
 658 0275 20       		.byte	32
 659 0276 E2       		.byte	-30
 660 0277 A0       		.byte	-96
 661 0278 E4       		.byte	-28
 662 0279 20       		.byte	32
 663 027a E6       		.byte	-26
 664 027b 40       		.byte	64
 665 027c 93       		.byte	-109
 666 027d 40       		.byte	64
 667 027e A7       		.byte	-89
 668 027f 01       		.byte	1
 669 0280 77       		.byte	119
 670 0281 80       		.byte	-128
 671 0282 7A       		.byte	122
 672 0283 01       		.byte	1
 673 0284 8B       		.byte	-117
 674 0285 C1       		.byte	-63
 675 0286 8E       		.byte	-114
 676 0287 01       		.byte	1
 677 0288 93       		.byte	-109
 678 0289 40       		.byte	64
 679 028a A7       		.byte	-89
 680 028b 01       		.byte	1
 681 028c DC       		.byte	-36
 682 028d 01       		.byte	1
 683 028e DE       		.byte	-34
 684 028f 04       		.byte	4
ARM GAS  C:\Users\adria\AppData\Local\Temp\ccp0Q6eG.s 			page 13


 685 0290 E0       		.byte	-32
 686 0291 09       		.byte	9
 687 0292 E2       		.byte	-30
 688 0293 04       		.byte	4
 689 0294 E4       		.byte	-28
 690 0295 04       		.byte	4
 691 0296 10       		.byte	16
 692 0297 01       		.byte	1
 693 0298 1C       		.byte	28
 694 0299 01       		.byte	1
 695 029a 00       		.byte	0
 696 029b 03       		.byte	3
 697 029c 0E       		.byte	14
 698 029d 00       		.byte	0
 699 029e FE       		.byte	-2
 700 029f 0E       		.byte	14
 701 02a0 0E       		.byte	14
 702 02a1 00       		.byte	0
 703 02a2 0E       		.byte	14
 704 02a3 00       		.byte	0
 705 02a4 00       		.byte	0
 706 02a5 00       		.byte	0
 707 02a6 00       		.byte	0
 708 02a7 00       		.byte	0
 709 02a8 B8       		.byte	-72
 710 02a9 00       		.byte	0
 711 02aa 38       		.byte	56
 712 02ab B8       		.byte	-72
 713 02ac B8       		.byte	-72
 714 02ad 00       		.byte	0
 715 02ae B8       		.byte	-72
 716 02af 00       		.byte	0
 717 02b0 00       		.byte	0
 718 02b1 00       		.byte	0
 719 02b2 00       		.byte	0
 720 02b3 00       		.byte	0
 721 02b4 00       		.byte	0
 722 02b5 0B       		.byte	11
 723 02b6 0B       		.byte	11
 724 02b7 00       		.byte	0
 725 02b8 00       		.byte	0
 726 02b9 00       		.byte	0
 727 02ba 00       		.byte	0
 728 02bb 00       		.byte	0
 729 02bc 78       		.byte	120
 730 02bd 00       		.byte	0
 731 02be 00       		.byte	0
 732 02bf 00       		.byte	0
 733 02c0 00       		.byte	0
 734 02c1 00       		.byte	0
 735 02c2 00       		.byte	0
 736 02c3 00       		.byte	0
 737              		.section	.cywolatch,"a",%progbits
 738              		.align	2
 739              		.type	cy_meta_wonvl, %object
 740              		.size	cy_meta_wonvl, 4
 741              	cy_meta_wonvl:
ARM GAS  C:\Users\adria\AppData\Local\Temp\ccp0Q6eG.s 			page 14


 742 0000 BC       		.byte	-68
 743 0001 90       		.byte	-112
 744 0002 AC       		.byte	-84
 745 0003 AF       		.byte	-81
 746              		.section	.cycustnvl,"a",%progbits
 747              		.align	2
 748              		.type	cy_meta_custnvl, %object
 749              		.size	cy_meta_custnvl, 4
 750              	cy_meta_custnvl:
 751 0000 00       		.byte	0
 752 0001 00       		.byte	0
 753 0002 40       		.byte	64
 754 0003 05       		.byte	5
 755              		.section	.cymeta,"a",%progbits
 756              		.align	2
 757              		.type	cy_metadata, %object
 758              		.size	cy_metadata, 12
 759              	cy_metadata:
 760 0000 00       		.byte	0
 761 0001 01       		.byte	1
 762 0002 2E       		.byte	46
 763 0003 16       		.byte	22
 764 0004 10       		.byte	16
 765 0005 69       		.byte	105
 766 0006 00       		.byte	0
 767 0007 01       		.byte	1
 768 0008 00       		.byte	0
 769 0009 00       		.byte	0
 770 000a 00       		.byte	0
 771 000b 00       		.byte	0
 772              		.section	.cyflashprotect,"a",%progbits
 773              		.align	2
 774              		.type	cy_meta_flashprotect, %object
 775              		.size	cy_meta_flashprotect, 256
 776              	cy_meta_flashprotect:
 777 0000 00000000 		.space	256
 777      00000000 
 777      00000000 
 777      00000000 
 777      00000000 
 778              		.text
 779              	.Letext0:
 780              		.file 1 "c:\\program files (x86)\\cypress\\psoc creator\\4.4\\psoc creator\\import\\gnu\\arm\\5.4.
 781              		.file 2 "c:\\program files (x86)\\cypress\\psoc creator\\4.4\\psoc creator\\import\\gnu\\arm\\5.4.
 782              		.file 3 "Generated_Source\\PSoC5\\cymetadata.c"
 783              		.section	.debug_info,"",%progbits
 784              	.Ldebug_info0:
 785 0000 31010000 		.4byte	0x131
 786 0004 0400     		.2byte	0x4
 787 0006 00000000 		.4byte	.Ldebug_abbrev0
 788 000a 04       		.byte	0x4
 789 000b 01       		.uleb128 0x1
 790 000c 24000000 		.4byte	.LASF17
 791 0010 0C       		.byte	0xc
 792 0011 D5010000 		.4byte	.LASF18
 793 0015 69010000 		.4byte	.LASF19
 794 0019 00000000 		.4byte	.Ldebug_line0
ARM GAS  C:\Users\adria\AppData\Local\Temp\ccp0Q6eG.s 			page 15


 795 001d 02       		.uleb128 0x2
 796 001e 01       		.byte	0x1
 797 001f 06       		.byte	0x6
 798 0020 C9010000 		.4byte	.LASF0
 799 0024 03       		.uleb128 0x3
 800 0025 00000000 		.4byte	.LASF9
 801 0029 01       		.byte	0x1
 802 002a 1D       		.byte	0x1d
 803 002b 2F000000 		.4byte	0x2f
 804 002f 02       		.uleb128 0x2
 805 0030 01       		.byte	0x1
 806 0031 08       		.byte	0x8
 807 0032 16000000 		.4byte	.LASF1
 808 0036 02       		.uleb128 0x2
 809 0037 02       		.byte	0x2
 810 0038 05       		.byte	0x5
 811 0039 5F010000 		.4byte	.LASF2
 812 003d 02       		.uleb128 0x2
 813 003e 02       		.byte	0x2
 814 003f 07       		.byte	0x7
 815 0040 C4000000 		.4byte	.LASF3
 816 0044 02       		.uleb128 0x2
 817 0045 04       		.byte	0x4
 818 0046 05       		.byte	0x5
 819 0047 C0010000 		.4byte	.LASF4
 820 004b 02       		.uleb128 0x2
 821 004c 04       		.byte	0x4
 822 004d 07       		.byte	0x7
 823 004e B2000000 		.4byte	.LASF5
 824 0052 02       		.uleb128 0x2
 825 0053 08       		.byte	0x8
 826 0054 05       		.byte	0x5
 827 0055 51010000 		.4byte	.LASF6
 828 0059 02       		.uleb128 0x2
 829 005a 08       		.byte	0x8
 830 005b 07       		.byte	0x7
 831 005c 06010000 		.4byte	.LASF7
 832 0060 04       		.uleb128 0x4
 833 0061 04       		.byte	0x4
 834 0062 05       		.byte	0x5
 835 0063 696E7400 		.ascii	"int\000"
 836 0067 02       		.uleb128 0x2
 837 0068 04       		.byte	0x4
 838 0069 07       		.byte	0x7
 839 006a F9000000 		.4byte	.LASF8
 840 006e 03       		.uleb128 0x3
 841 006f 1D010000 		.4byte	.LASF10
 842 0073 02       		.byte	0x2
 843 0074 18       		.byte	0x18
 844 0075 24000000 		.4byte	0x24
 845 0079 05       		.uleb128 0x5
 846 007a 91000000 		.4byte	0x91
 847 007e 8A000000 		.4byte	0x8a
 848 0082 06       		.uleb128 0x6
 849 0083 8A000000 		.4byte	0x8a
 850 0087 C302     		.2byte	0x2c3
 851 0089 00       		.byte	0
ARM GAS  C:\Users\adria\AppData\Local\Temp\ccp0Q6eG.s 			page 16


 852 008a 02       		.uleb128 0x2
 853 008b 04       		.byte	0x4
 854 008c 07       		.byte	0x7
 855 008d 48010000 		.4byte	.LASF11
 856 0091 07       		.uleb128 0x7
 857 0092 6E000000 		.4byte	0x6e
 858 0096 08       		.uleb128 0x8
 859 0097 E7000000 		.4byte	.LASF12
 860 009b 03       		.byte	0x3
 861 009c 1F       		.byte	0x1f
 862 009d A7000000 		.4byte	0xa7
 863 00a1 05       		.uleb128 0x5
 864 00a2 03       		.byte	0x3
 865 00a3 00000000 		.4byte	cy_meta_configecc
 866 00a7 07       		.uleb128 0x7
 867 00a8 79000000 		.4byte	0x79
 868 00ac 05       		.uleb128 0x5
 869 00ad 91000000 		.4byte	0x91
 870 00b1 BC000000 		.4byte	0xbc
 871 00b5 09       		.uleb128 0x9
 872 00b6 8A000000 		.4byte	0x8a
 873 00ba 03       		.byte	0x3
 874 00bb 00       		.byte	0
 875 00bc 08       		.uleb128 0x8
 876 00bd D7000000 		.4byte	.LASF13
 877 00c1 03       		.byte	0x3
 878 00c2 85       		.byte	0x85
 879 00c3 CD000000 		.4byte	0xcd
 880 00c7 05       		.uleb128 0x5
 881 00c8 03       		.byte	0x3
 882 00c9 00000000 		.4byte	cy_meta_custnvl
 883 00cd 07       		.uleb128 0x7
 884 00ce AC000000 		.4byte	0xac
 885 00d2 08       		.uleb128 0x8
 886 00d3 3A010000 		.4byte	.LASF14
 887 00d7 03       		.byte	0x3
 888 00d8 93       		.byte	0x93
 889 00d9 E3000000 		.4byte	0xe3
 890 00dd 05       		.uleb128 0x5
 891 00de 03       		.byte	0x3
 892 00df 00000000 		.4byte	cy_meta_wonvl
 893 00e3 07       		.uleb128 0x7
 894 00e4 AC000000 		.4byte	0xac
 895 00e8 05       		.uleb128 0x5
 896 00e9 91000000 		.4byte	0x91
 897 00ed F8000000 		.4byte	0xf8
 898 00f1 09       		.uleb128 0x9
 899 00f2 8A000000 		.4byte	0x8a
 900 00f6 FF       		.byte	0xff
 901 00f7 00       		.byte	0
 902 00f8 08       		.uleb128 0x8
 903 00f9 25010000 		.4byte	.LASF15
 904 00fd 03       		.byte	0x3
 905 00fe A1       		.byte	0xa1
 906 00ff 09010000 		.4byte	0x109
 907 0103 05       		.uleb128 0x5
 908 0104 03       		.byte	0x3
ARM GAS  C:\Users\adria\AppData\Local\Temp\ccp0Q6eG.s 			page 17


 909 0105 00000000 		.4byte	cy_meta_flashprotect
 910 0109 07       		.uleb128 0x7
 911 010a E8000000 		.4byte	0xe8
 912 010e 05       		.uleb128 0x5
 913 010f 91000000 		.4byte	0x91
 914 0113 1E010000 		.4byte	0x11e
 915 0117 09       		.uleb128 0x9
 916 0118 8A000000 		.4byte	0x8a
 917 011c 0B       		.byte	0xb
 918 011d 00       		.byte	0
 919 011e 08       		.uleb128 0x8
 920 011f 0A000000 		.4byte	.LASF16
 921 0123 03       		.byte	0x3
 922 0124 CE       		.byte	0xce
 923 0125 2F010000 		.4byte	0x12f
 924 0129 05       		.uleb128 0x5
 925 012a 03       		.byte	0x3
 926 012b 00000000 		.4byte	cy_metadata
 927 012f 07       		.uleb128 0x7
 928 0130 0E010000 		.4byte	0x10e
 929 0134 00       		.byte	0
 930              		.section	.debug_abbrev,"",%progbits
 931              	.Ldebug_abbrev0:
 932 0000 01       		.uleb128 0x1
 933 0001 11       		.uleb128 0x11
 934 0002 01       		.byte	0x1
 935 0003 25       		.uleb128 0x25
 936 0004 0E       		.uleb128 0xe
 937 0005 13       		.uleb128 0x13
 938 0006 0B       		.uleb128 0xb
 939 0007 03       		.uleb128 0x3
 940 0008 0E       		.uleb128 0xe
 941 0009 1B       		.uleb128 0x1b
 942 000a 0E       		.uleb128 0xe
 943 000b 10       		.uleb128 0x10
 944 000c 17       		.uleb128 0x17
 945 000d 00       		.byte	0
 946 000e 00       		.byte	0
 947 000f 02       		.uleb128 0x2
 948 0010 24       		.uleb128 0x24
 949 0011 00       		.byte	0
 950 0012 0B       		.uleb128 0xb
 951 0013 0B       		.uleb128 0xb
 952 0014 3E       		.uleb128 0x3e
 953 0015 0B       		.uleb128 0xb
 954 0016 03       		.uleb128 0x3
 955 0017 0E       		.uleb128 0xe
 956 0018 00       		.byte	0
 957 0019 00       		.byte	0
 958 001a 03       		.uleb128 0x3
 959 001b 16       		.uleb128 0x16
 960 001c 00       		.byte	0
 961 001d 03       		.uleb128 0x3
 962 001e 0E       		.uleb128 0xe
 963 001f 3A       		.uleb128 0x3a
 964 0020 0B       		.uleb128 0xb
 965 0021 3B       		.uleb128 0x3b
ARM GAS  C:\Users\adria\AppData\Local\Temp\ccp0Q6eG.s 			page 18


 966 0022 0B       		.uleb128 0xb
 967 0023 49       		.uleb128 0x49
 968 0024 13       		.uleb128 0x13
 969 0025 00       		.byte	0
 970 0026 00       		.byte	0
 971 0027 04       		.uleb128 0x4
 972 0028 24       		.uleb128 0x24
 973 0029 00       		.byte	0
 974 002a 0B       		.uleb128 0xb
 975 002b 0B       		.uleb128 0xb
 976 002c 3E       		.uleb128 0x3e
 977 002d 0B       		.uleb128 0xb
 978 002e 03       		.uleb128 0x3
 979 002f 08       		.uleb128 0x8
 980 0030 00       		.byte	0
 981 0031 00       		.byte	0
 982 0032 05       		.uleb128 0x5
 983 0033 01       		.uleb128 0x1
 984 0034 01       		.byte	0x1
 985 0035 49       		.uleb128 0x49
 986 0036 13       		.uleb128 0x13
 987 0037 01       		.uleb128 0x1
 988 0038 13       		.uleb128 0x13
 989 0039 00       		.byte	0
 990 003a 00       		.byte	0
 991 003b 06       		.uleb128 0x6
 992 003c 21       		.uleb128 0x21
 993 003d 00       		.byte	0
 994 003e 49       		.uleb128 0x49
 995 003f 13       		.uleb128 0x13
 996 0040 2F       		.uleb128 0x2f
 997 0041 05       		.uleb128 0x5
 998 0042 00       		.byte	0
 999 0043 00       		.byte	0
 1000 0044 07       		.uleb128 0x7
 1001 0045 26       		.uleb128 0x26
 1002 0046 00       		.byte	0
 1003 0047 49       		.uleb128 0x49
 1004 0048 13       		.uleb128 0x13
 1005 0049 00       		.byte	0
 1006 004a 00       		.byte	0
 1007 004b 08       		.uleb128 0x8
 1008 004c 34       		.uleb128 0x34
 1009 004d 00       		.byte	0
 1010 004e 03       		.uleb128 0x3
 1011 004f 0E       		.uleb128 0xe
 1012 0050 3A       		.uleb128 0x3a
 1013 0051 0B       		.uleb128 0xb
 1014 0052 3B       		.uleb128 0x3b
 1015 0053 0B       		.uleb128 0xb
 1016 0054 49       		.uleb128 0x49
 1017 0055 13       		.uleb128 0x13
 1018 0056 3F       		.uleb128 0x3f
 1019 0057 19       		.uleb128 0x19
 1020 0058 02       		.uleb128 0x2
 1021 0059 18       		.uleb128 0x18
 1022 005a 00       		.byte	0
ARM GAS  C:\Users\adria\AppData\Local\Temp\ccp0Q6eG.s 			page 19


 1023 005b 00       		.byte	0
 1024 005c 09       		.uleb128 0x9
 1025 005d 21       		.uleb128 0x21
 1026 005e 00       		.byte	0
 1027 005f 49       		.uleb128 0x49
 1028 0060 13       		.uleb128 0x13
 1029 0061 2F       		.uleb128 0x2f
 1030 0062 0B       		.uleb128 0xb
 1031 0063 00       		.byte	0
 1032 0064 00       		.byte	0
 1033 0065 00       		.byte	0
 1034              		.section	.debug_aranges,"",%progbits
 1035 0000 14000000 		.4byte	0x14
 1036 0004 0200     		.2byte	0x2
 1037 0006 00000000 		.4byte	.Ldebug_info0
 1038 000a 04       		.byte	0x4
 1039 000b 00       		.byte	0
 1040 000c 0000     		.2byte	0
 1041 000e 0000     		.2byte	0
 1042 0010 00000000 		.4byte	0
 1043 0014 00000000 		.4byte	0
 1044              		.section	.debug_line,"",%progbits
 1045              	.Ldebug_line0:
 1046 0000 3D010000 		.section	.debug_str,"MS",%progbits,1
 1046      02003701 
 1046      00000201 
 1046      FB0E0D00 
 1046      01010101 
 1047              	.LASF9:
 1048 0000 5F5F7569 		.ascii	"__uint8_t\000"
 1048      6E74385F 
 1048      7400
 1049              	.LASF16:
 1050 000a 63795F6D 		.ascii	"cy_metadata\000"
 1050      65746164 
 1050      61746100 
 1051              	.LASF1:
 1052 0016 756E7369 		.ascii	"unsigned char\000"
 1052      676E6564 
 1052      20636861 
 1052      7200
 1053              	.LASF17:
 1054 0024 474E5520 		.ascii	"GNU C11 5.4.1 20160609 (release) [ARM/embedded-5-br"
 1054      43313120 
 1054      352E342E 
 1054      31203230 
 1054      31363036 
 1055 0057 616E6368 		.ascii	"anch revision 237715] -mcpu=cortex-m3 -mthumb -g -O"
 1055      20726576 
 1055      6973696F 
 1055      6E203233 
 1055      37373135 
 1056 008a 67202D66 		.ascii	"g -ffunction-sections -ffat-lto-objects\000"
 1056      66756E63 
 1056      74696F6E 
 1056      2D736563 
 1056      74696F6E 
ARM GAS  C:\Users\adria\AppData\Local\Temp\ccp0Q6eG.s 			page 20


 1057              	.LASF5:
 1058 00b2 6C6F6E67 		.ascii	"long unsigned int\000"
 1058      20756E73 
 1058      69676E65 
 1058      6420696E 
 1058      7400
 1059              	.LASF3:
 1060 00c4 73686F72 		.ascii	"short unsigned int\000"
 1060      7420756E 
 1060      7369676E 
 1060      65642069 
 1060      6E7400
 1061              	.LASF13:
 1062 00d7 63795F6D 		.ascii	"cy_meta_custnvl\000"
 1062      6574615F 
 1062      63757374 
 1062      6E766C00 
 1063              	.LASF12:
 1064 00e7 63795F6D 		.ascii	"cy_meta_configecc\000"
 1064      6574615F 
 1064      636F6E66 
 1064      69676563 
 1064      6300
 1065              	.LASF8:
 1066 00f9 756E7369 		.ascii	"unsigned int\000"
 1066      676E6564 
 1066      20696E74 
 1066      00
 1067              	.LASF7:
 1068 0106 6C6F6E67 		.ascii	"long long unsigned int\000"
 1068      206C6F6E 
 1068      6720756E 
 1068      7369676E 
 1068      65642069 
 1069              	.LASF10:
 1070 011d 75696E74 		.ascii	"uint8_t\000"
 1070      385F7400 
 1071              	.LASF15:
 1072 0125 63795F6D 		.ascii	"cy_meta_flashprotect\000"
 1072      6574615F 
 1072      666C6173 
 1072      6870726F 
 1072      74656374 
 1073              	.LASF14:
 1074 013a 63795F6D 		.ascii	"cy_meta_wonvl\000"
 1074      6574615F 
 1074      776F6E76 
 1074      6C00
 1075              	.LASF11:
 1076 0148 73697A65 		.ascii	"sizetype\000"
 1076      74797065 
 1076      00
 1077              	.LASF6:
 1078 0151 6C6F6E67 		.ascii	"long long int\000"
 1078      206C6F6E 
 1078      6720696E 
 1078      7400
ARM GAS  C:\Users\adria\AppData\Local\Temp\ccp0Q6eG.s 			page 21


 1079              	.LASF2:
 1080 015f 73686F72 		.ascii	"short int\000"
 1080      7420696E 
 1080      7400
 1081              	.LASF19:
 1082 0169 443A5C47 		.ascii	"D:\\GITHUB\\Psoc_Projectos_propios\\SEGUIDOR_DE_LIN"
 1082      49544855 
 1082      425C5073 
 1082      6F635F50 
 1082      726F6A65 
 1083 0199 45415C50 		.ascii	"EA\\Psoc_codigo\\Seguidor\\Seguidor.cydsn\000"
 1083      736F635F 
 1083      636F6469 
 1083      676F5C53 
 1083      65677569 
 1084              	.LASF4:
 1085 01c0 6C6F6E67 		.ascii	"long int\000"
 1085      20696E74 
 1085      00
 1086              	.LASF0:
 1087 01c9 7369676E 		.ascii	"signed char\000"
 1087      65642063 
 1087      68617200 
 1088              	.LASF18:
 1089 01d5 47656E65 		.ascii	"Generated_Source\\PSoC5\\cymetadata.c\000"
 1089      72617465 
 1089      645F536F 
 1089      75726365 
 1089      5C50536F 
 1090              		.ident	"GCC: (GNU Tools for ARM Embedded Processors) 5.4.1 20160609 (release) [ARM/embedded-5-bran
