ARM GAS  C:\Users\adria\AppData\Local\Temp\cc6QMgPg.s 			page 1


   1              		.syntax unified
   2              		.cpu cortex-m3
   3              		.fpu softvfp
   4              		.eabi_attribute 20, 1
   5              		.eabi_attribute 21, 1
   6              		.eabi_attribute 23, 3
   7              		.eabi_attribute 24, 1
   8              		.eabi_attribute 25, 1
   9              		.eabi_attribute 26, 1
  10              		.eabi_attribute 30, 1
  11              		.eabi_attribute 34, 1
  12              		.eabi_attribute 18, 4
  13              		.thumb
  14              		.syntax unified
  15              		.file	"Driver_control.c"
  16              		.text
  17              	.Ltext0:
  18              		.cfi_sections	.debug_frame
  19              		.section	.text.Enmascaramiento_Rec,"ax",%progbits
  20              		.align	2
  21              		.global	Enmascaramiento_Rec
  22              		.thumb
  23              		.thumb_func
  24              		.type	Enmascaramiento_Rec, %function
  25              	Enmascaramiento_Rec:
  26              	.LFB1:
  27              		.file 1 "Driver_control.c"
   1:Driver_control.c **** #include <stdio.h>
   2:Driver_control.c **** #include "Driver_control.h"
   3:Driver_control.c **** 
   4:Driver_control.c **** //Subfuncion de la misma librería
   5:Driver_control.c **** uint8_t Enmascaramiento_Rec(uint8_t mascara, uint8_t REG, uint8_t Motor){
  28              		.loc 1 5 0
  29              		.cfi_startproc
  30              		@ args = 0, pretend = 0, frame = 0
  31              		@ frame_needed = 0, uses_anonymous_args = 0
  32              		@ link register save eliminated.
  33              	.LVL0:
   6:Driver_control.c ****     
   7:Driver_control.c ****     if(Motor == Ma){
  34              		.loc 1 7 0
  35 0000 1346     		mov	r3, r2
  36 0002 1AB9     		cbnz	r2, .L2
   8:Driver_control.c ****         //Paso 1  REG = REG OR MASK colocamos los 1
   9:Driver_control.c ****         REG = REG | mascara;
  37              		.loc 1 9 0
  38 0004 0143     		orrs	r1, r1, r0
  39              	.LVL1:
  10:Driver_control.c ****         //Paso 2 REG = REG ADN (MASK+SUMA)  colocamos los 0
  11:Driver_control.c ****         REG = REG & (mascara + 0XF8);
  40              		.loc 1 11 0
  41 0006 A0F10802 		sub	r2, r0, #8
  42              	.LVL2:
  43 000a 1140     		ands	r1, r1, r2
  44              	.LVL3:
  45              	.L2:
  12:Driver_control.c ****     }
ARM GAS  C:\Users\adria\AppData\Local\Temp\cc6QMgPg.s 			page 2


  13:Driver_control.c ****     if(Motor == Mb){
  46              		.loc 1 13 0
  47 000c 012B     		cmp	r3, #1
  48 000e 03D1     		bne	.L3
  14:Driver_control.c ****         //Paso 1  REG = REG OR MASK colocamos los 1
  15:Driver_control.c ****         REG = REG | mascara;
  49              		.loc 1 15 0
  50 0010 0143     		orrs	r1, r1, r0
  51              	.LVL4:
  16:Driver_control.c ****         //Paso 2 REG = REG ADN (MASK+SUMA)  colocamos los 0
  17:Driver_control.c ****         REG = REG & (mascara + 0XC7);
  52              		.loc 1 17 0
  53 0012 3938     		subs	r0, r0, #57
  54              	.LVL5:
  55 0014 0140     		ands	r1, r1, r0
  56              	.LVL6:
  57 0016 C9B2     		uxtb	r1, r1
  58              	.LVL7:
  59              	.L3:
  18:Driver_control.c ****     }
  19:Driver_control.c **** 
  20:Driver_control.c ****     return REG;
  21:Driver_control.c **** }
  60              		.loc 1 21 0
  61 0018 0846     		mov	r0, r1
  62 001a 7047     		bx	lr
  63              		.cfi_endproc
  64              	.LFE1:
  65              		.size	Enmascaramiento_Rec, .-Enmascaramiento_Rec
  66              		.section	.text.Dir_Motor,"ax",%progbits
  67              		.align	2
  68              		.global	Dir_Motor
  69              		.thumb
  70              		.thumb_func
  71              		.type	Dir_Motor, %function
  72              	Dir_Motor:
  73              	.LFB2:
  22:Driver_control.c **** 
  23:Driver_control.c **** //Funciones para el ontrol de la direccióm y paro o arranque
  24:Driver_control.c **** uint8_t Dir_Motor(uint8_t Dir, uint8_t Motor, uint8_t REG){
  74              		.loc 1 24 0
  75              		.cfi_startproc
  76              		@ args = 0, pretend = 0, frame = 0
  77              		@ frame_needed = 0, uses_anonymous_args = 0
  78              	.LVL8:
  79 0000 08B5     		push	{r3, lr}
  80              		.cfi_def_cfa_offset 8
  81              		.cfi_offset 3, -8
  82              		.cfi_offset 14, -4
  83 0002 1346     		mov	r3, r2
  84              	.LVL9:
  25:Driver_control.c ****     
  26:Driver_control.c ****     int8_t R_dir = 0x00;//paro
  27:Driver_control.c ****     
  28:Driver_control.c ****     if(Motor == Ma){//Si vamos a configurar Motor A
  85              		.loc 1 28 0
  86 0004 19BB     		cbnz	r1, .L5
ARM GAS  C:\Users\adria\AppData\Local\Temp\cc6QMgPg.s 			page 3


  29:Driver_control.c ****         
  30:Driver_control.c ****         switch(Dir){//Evaluamos que direccion vamos a escoger
  87              		.loc 1 30 0
  88 0006 0528     		cmp	r0, #5
  89 0008 13D0     		beq	.L7
  90 000a 02D8     		bhi	.L8
  91 000c 0428     		cmp	r0, #4
  92 000e 05D0     		beq	.L9
  93 0010 43E0     		b	.L17
  94              	.L8:
  95 0012 0628     		cmp	r0, #6
  96 0014 14D0     		beq	.L10
  97 0016 FB28     		cmp	r0, #251
  98 0018 07D0     		beq	.L11
  99 001a 3EE0     		b	.L17
 100              	.L9:
  31:Driver_control.c ****         case Paro_seco_MA:
  32:Driver_control.c ****             R_dir = Enmascaramiento_Rec(Paro_seco_MA,REG,Ma);
 101              		.loc 1 32 0
 102 001c 0022     		movs	r2, #0
 103              	.LVL10:
 104 001e 1946     		mov	r1, r3
 105              	.LVL11:
 106 0020 0420     		movs	r0, #4
 107              	.LVL12:
 108 0022 FFF7FEFF 		bl	Enmascaramiento_Rec
 109              	.LVL13:
 110 0026 40B2     		sxtb	r0, r0
 111              	.LVL14:
  33:Driver_control.c ****             break;
 112              		.loc 1 33 0
 113 0028 3CE0     		b	.L6
 114              	.LVL15:
 115              	.L11:
  34:Driver_control.c ****         case Paro_Z_MA:
  35:Driver_control.c ****             R_dir = REG & Paro_Z_MA;//Caso especial solo se resetea un bit
 116              		.loc 1 35 0
 117 002a 22F00400 		bic	r0, r2, #4
 118              	.LVL16:
 119 002e 40B2     		sxtb	r0, r0
 120              	.LVL17:
  36:Driver_control.c ****             break;
 121              		.loc 1 36 0
 122 0030 38E0     		b	.L6
 123              	.LVL18:
 124              	.L7:
  37:Driver_control.c ****         case Derecha_MA:
  38:Driver_control.c ****             R_dir = Enmascaramiento_Rec(Derecha_MA,REG,Ma);
 125              		.loc 1 38 0
 126 0032 0022     		movs	r2, #0
 127              	.LVL19:
 128 0034 1946     		mov	r1, r3
 129              	.LVL20:
 130 0036 0520     		movs	r0, #5
 131              	.LVL21:
 132 0038 FFF7FEFF 		bl	Enmascaramiento_Rec
 133              	.LVL22:
ARM GAS  C:\Users\adria\AppData\Local\Temp\cc6QMgPg.s 			page 4


 134 003c 40B2     		sxtb	r0, r0
 135              	.LVL23:
  39:Driver_control.c ****             break;
 136              		.loc 1 39 0
 137 003e 31E0     		b	.L6
 138              	.LVL24:
 139              	.L10:
  40:Driver_control.c ****         case Izquierda_MA:
  41:Driver_control.c ****             R_dir = Enmascaramiento_Rec(Izquierda_MA,REG,Ma);
 140              		.loc 1 41 0
 141 0040 0022     		movs	r2, #0
 142              	.LVL25:
 143 0042 1946     		mov	r1, r3
 144              	.LVL26:
 145 0044 0620     		movs	r0, #6
 146              	.LVL27:
 147 0046 FFF7FEFF 		bl	Enmascaramiento_Rec
 148              	.LVL28:
 149 004a 40B2     		sxtb	r0, r0
 150              	.LVL29:
  42:Driver_control.c ****             break;
 151              		.loc 1 42 0
 152 004c 2AE0     		b	.L6
 153              	.LVL30:
 154              	.L5:
  43:Driver_control.c ****         }
  44:Driver_control.c ****         
  45:Driver_control.c ****     }else if(Motor == Mb){ //Si vamos a configua Motor B
 155              		.loc 1 45 0
 156 004e 0129     		cmp	r1, #1
 157 0050 25D1     		bne	.L18
  46:Driver_control.c ****         
  47:Driver_control.c ****         switch(Dir){//Evaluamos que direccion vamos a escoger
 158              		.loc 1 47 0
 159 0052 2828     		cmp	r0, #40
 160 0054 13D0     		beq	.L12
 161 0056 02D8     		bhi	.L13
 162 0058 2028     		cmp	r0, #32
 163 005a 05D0     		beq	.L14
 164 005c 21E0     		b	.L19
 165              	.L13:
 166 005e 3028     		cmp	r0, #48
 167 0060 14D0     		beq	.L15
 168 0062 DF28     		cmp	r0, #223
 169 0064 07D0     		beq	.L16
 170 0066 1CE0     		b	.L19
 171              	.L14:
  48:Driver_control.c ****         case Paro_seco_MB:
  49:Driver_control.c ****             R_dir = Enmascaramiento_Rec(Paro_seco_MB,REG,Mb);
 172              		.loc 1 49 0
 173 0068 0122     		movs	r2, #1
 174              	.LVL31:
 175 006a 1946     		mov	r1, r3
 176              	.LVL32:
 177 006c 2020     		movs	r0, #32
 178              	.LVL33:
 179 006e FFF7FEFF 		bl	Enmascaramiento_Rec
ARM GAS  C:\Users\adria\AppData\Local\Temp\cc6QMgPg.s 			page 5


 180              	.LVL34:
 181 0072 40B2     		sxtb	r0, r0
 182              	.LVL35:
  50:Driver_control.c ****             break;
 183              		.loc 1 50 0
 184 0074 16E0     		b	.L6
 185              	.LVL36:
 186              	.L16:
  51:Driver_control.c ****         case Paro_Z_MB:
  52:Driver_control.c ****             R_dir = REG & Paro_Z_MB;//Caso especial solo se resetea un bit
 187              		.loc 1 52 0
 188 0076 23F02000 		bic	r0, r3, #32
 189              	.LVL37:
 190 007a 40B2     		sxtb	r0, r0
 191              	.LVL38:
  53:Driver_control.c ****             break;
 192              		.loc 1 53 0
 193 007c 12E0     		b	.L6
 194              	.LVL39:
 195              	.L12:
  54:Driver_control.c ****         case Derecha_MB:
  55:Driver_control.c ****             R_dir = Enmascaramiento_Rec(Derecha_MB,REG,Mb);
 196              		.loc 1 55 0
 197 007e 0122     		movs	r2, #1
 198              	.LVL40:
 199 0080 1946     		mov	r1, r3
 200              	.LVL41:
 201 0082 2820     		movs	r0, #40
 202              	.LVL42:
 203 0084 FFF7FEFF 		bl	Enmascaramiento_Rec
 204              	.LVL43:
 205 0088 40B2     		sxtb	r0, r0
 206              	.LVL44:
  56:Driver_control.c ****             break;
 207              		.loc 1 56 0
 208 008a 0BE0     		b	.L6
 209              	.LVL45:
 210              	.L15:
  57:Driver_control.c ****         case Izquierda_MB:
  58:Driver_control.c ****             R_dir = Enmascaramiento_Rec(Izquierda_MB,REG,Mb);
 211              		.loc 1 58 0
 212 008c 0122     		movs	r2, #1
 213              	.LVL46:
 214 008e 1946     		mov	r1, r3
 215              	.LVL47:
 216 0090 3020     		movs	r0, #48
 217              	.LVL48:
 218 0092 FFF7FEFF 		bl	Enmascaramiento_Rec
 219              	.LVL49:
 220 0096 40B2     		sxtb	r0, r0
 221              	.LVL50:
  59:Driver_control.c ****             break;
 222              		.loc 1 59 0
 223 0098 04E0     		b	.L6
 224              	.LVL51:
 225              	.L17:
  26:Driver_control.c ****     
ARM GAS  C:\Users\adria\AppData\Local\Temp\cc6QMgPg.s 			page 6


 226              		.loc 1 26 0
 227 009a 0020     		movs	r0, #0
 228              	.LVL52:
 229 009c 02E0     		b	.L6
 230              	.LVL53:
 231              	.L18:
 232 009e 0020     		movs	r0, #0
 233              	.LVL54:
 234 00a0 00E0     		b	.L6
 235              	.LVL55:
 236              	.L19:
 237 00a2 0020     		movs	r0, #0
 238              	.LVL56:
 239              	.L6:
  60:Driver_control.c ****         }
  61:Driver_control.c ****         
  62:Driver_control.c ****     }
  63:Driver_control.c ****     
  64:Driver_control.c **** 
  65:Driver_control.c ****     return R_dir;
  66:Driver_control.c **** }...
 240              		.loc 1 66 0
 241 00a4 C0B2     		uxtb	r0, r0
 242 00a6 08BD     		pop	{r3, pc}
 243              		.cfi_endproc
 244              	.LFE2:
 245              		.size	Dir_Motor, .-Dir_Motor
 246              		.text
 247              	.Letext0:
 248              		.file 2 "c:\\program files (x86)\\cypress\\psoc creator\\4.4\\psoc creator\\import\\gnu\\arm\\5.4.
 249              		.file 3 "c:\\program files (x86)\\cypress\\psoc creator\\4.4\\psoc creator\\import\\gnu\\arm\\5.4.
 250              		.section	.debug_info,"",%progbits
 251              	.Ldebug_info0:
 252 0000 D1010000 		.4byte	0x1d1
 253 0004 0400     		.2byte	0x4
 254 0006 00000000 		.4byte	.Ldebug_abbrev0
 255 000a 04       		.byte	0x4
 256 000b 01       		.uleb128 0x1
 257 000c 21000000 		.4byte	.LASF18
 258 0010 0C       		.byte	0xc
 259 0011 4D010000 		.4byte	.LASF19
 260 0015 7E010000 		.4byte	.LASF20
 261 0019 00000000 		.4byte	.Ldebug_ranges0+0
 262 001d 00000000 		.4byte	0
 263 0021 00000000 		.4byte	.Ldebug_line0
 264 0025 02       		.uleb128 0x2
 265 0026 25010000 		.4byte	.LASF0
 266 002a 02       		.byte	0x2
 267 002b 1B       		.byte	0x1b
 268 002c 30000000 		.4byte	0x30
 269 0030 03       		.uleb128 0x3
 270 0031 01       		.byte	0x1
 271 0032 06       		.byte	0x6
 272 0033 41010000 		.4byte	.LASF2
 273 0037 02       		.uleb128 0x2
 274 0038 D8000000 		.4byte	.LASF1
 275 003c 02       		.byte	0x2
ARM GAS  C:\Users\adria\AppData\Local\Temp\cc6QMgPg.s 			page 7


 276 003d 1D       		.byte	0x1d
 277 003e 42000000 		.4byte	0x42
 278 0042 03       		.uleb128 0x3
 279 0043 01       		.byte	0x1
 280 0044 08       		.byte	0x8
 281 0045 F2000000 		.4byte	.LASF3
 282 0049 03       		.uleb128 0x3
 283 004a 02       		.byte	0x2
 284 004b 05       		.byte	0x5
 285 004c D5010000 		.4byte	.LASF4
 286 0050 03       		.uleb128 0x3
 287 0051 02       		.byte	0x2
 288 0052 07       		.byte	0x7
 289 0053 2E010000 		.4byte	.LASF5
 290 0057 03       		.uleb128 0x3
 291 0058 04       		.byte	0x4
 292 0059 05       		.byte	0x5
 293 005a 0F010000 		.4byte	.LASF6
 294 005e 03       		.uleb128 0x3
 295 005f 04       		.byte	0x4
 296 0060 07       		.byte	0x7
 297 0061 AF000000 		.4byte	.LASF7
 298 0065 03       		.uleb128 0x3
 299 0066 08       		.byte	0x8
 300 0067 05       		.byte	0x5
 301 0068 00000000 		.4byte	.LASF8
 302 006c 03       		.uleb128 0x3
 303 006d 08       		.byte	0x8
 304 006e 07       		.byte	0x7
 305 006f C1000000 		.4byte	.LASF9
 306 0073 04       		.uleb128 0x4
 307 0074 04       		.byte	0x4
 308 0075 05       		.byte	0x5
 309 0076 696E7400 		.ascii	"int\000"
 310 007a 03       		.uleb128 0x3
 311 007b 04       		.byte	0x4
 312 007c 07       		.byte	0x7
 313 007d 0E000000 		.4byte	.LASF10
 314 0081 03       		.uleb128 0x3
 315 0082 08       		.byte	0x8
 316 0083 04       		.byte	0x4
 317 0084 5E010000 		.4byte	.LASF11
 318 0088 03       		.uleb128 0x3
 319 0089 04       		.byte	0x4
 320 008a 07       		.byte	0x7
 321 008b DF010000 		.4byte	.LASF12
 322 008f 03       		.uleb128 0x3
 323 0090 01       		.byte	0x1
 324 0091 08       		.byte	0x8
 325 0092 00010000 		.4byte	.LASF13
 326 0096 02       		.uleb128 0x2
 327 0097 18010000 		.4byte	.LASF14
 328 009b 03       		.byte	0x3
 329 009c 14       		.byte	0x14
 330 009d 25000000 		.4byte	0x25
 331 00a1 02       		.uleb128 0x2
 332 00a2 EA000000 		.4byte	.LASF15
ARM GAS  C:\Users\adria\AppData\Local\Temp\cc6QMgPg.s 			page 8


 333 00a6 03       		.byte	0x3
 334 00a7 18       		.byte	0x18
 335 00a8 37000000 		.4byte	0x37
 336 00ac 05       		.uleb128 0x5
 337 00ad 6A010000 		.4byte	.LASF21
 338 00b1 01       		.byte	0x1
 339 00b2 05       		.byte	0x5
 340 00b3 A1000000 		.4byte	0xa1
 341 00b7 00000000 		.4byte	.LFB1
 342 00bb 1C000000 		.4byte	.LFE1-.LFB1
 343 00bf 01       		.uleb128 0x1
 344 00c0 9C       		.byte	0x9c
 345 00c1 F3000000 		.4byte	0xf3
 346 00c5 06       		.uleb128 0x6
 347 00c6 E2000000 		.4byte	.LASF16
 348 00ca 01       		.byte	0x1
 349 00cb 05       		.byte	0x5
 350 00cc A1000000 		.4byte	0xa1
 351 00d0 00000000 		.4byte	.LLST0
 352 00d4 07       		.uleb128 0x7
 353 00d5 52454700 		.ascii	"REG\000"
 354 00d9 01       		.byte	0x1
 355 00da 05       		.byte	0x5
 356 00db A1000000 		.4byte	0xa1
 357 00df 21000000 		.4byte	.LLST1
 358 00e3 06       		.uleb128 0x6
 359 00e4 1F010000 		.4byte	.LASF17
 360 00e8 01       		.byte	0x1
 361 00e9 05       		.byte	0x5
 362 00ea A1000000 		.4byte	0xa1
 363 00ee 4A000000 		.4byte	.LLST2
 364 00f2 00       		.byte	0
 365 00f3 08       		.uleb128 0x8
 366 00f4 05010000 		.4byte	.LASF22
 367 00f8 01       		.byte	0x1
 368 00f9 18       		.byte	0x18
 369 00fa A1000000 		.4byte	0xa1
 370 00fe 00000000 		.4byte	.LFB2
 371 0102 A8000000 		.4byte	.LFE2-.LFB2
 372 0106 01       		.uleb128 0x1
 373 0107 9C       		.byte	0x9c
 374 0108 07       		.uleb128 0x7
 375 0109 44697200 		.ascii	"Dir\000"
 376 010d 01       		.byte	0x1
 377 010e 18       		.byte	0x18
 378 010f A1000000 		.4byte	0xa1
 379 0113 6B000000 		.4byte	.LLST3
 380 0117 06       		.uleb128 0x6
 381 0118 1F010000 		.4byte	.LASF17
 382 011c 01       		.byte	0x1
 383 011d 18       		.byte	0x18
 384 011e A1000000 		.4byte	0xa1
 385 0122 86010000 		.4byte	.LLST4
 386 0126 07       		.uleb128 0x7
 387 0127 52454700 		.ascii	"REG\000"
 388 012b 01       		.byte	0x1
 389 012c 18       		.byte	0x18
ARM GAS  C:\Users\adria\AppData\Local\Temp\cc6QMgPg.s 			page 9


 390 012d A1000000 		.4byte	0xa1
 391 0131 3D020000 		.4byte	.LLST5
 392 0135 09       		.uleb128 0x9
 393 0136 1B000000 		.4byte	.LASF23
 394 013a 01       		.byte	0x1
 395 013b 1A       		.byte	0x1a
 396 013c 96000000 		.4byte	0x96
 397 0140 F4020000 		.4byte	.LLST6
 398 0144 0A       		.uleb128 0xa
 399 0145 26000000 		.4byte	.LVL13
 400 0149 AC000000 		.4byte	0xac
 401 014d 5C010000 		.4byte	0x15c
 402 0151 0B       		.uleb128 0xb
 403 0152 01       		.uleb128 0x1
 404 0153 50       		.byte	0x50
 405 0154 01       		.uleb128 0x1
 406 0155 34       		.byte	0x34
 407 0156 0B       		.uleb128 0xb
 408 0157 01       		.uleb128 0x1
 409 0158 52       		.byte	0x52
 410 0159 01       		.uleb128 0x1
 411 015a 30       		.byte	0x30
 412 015b 00       		.byte	0
 413 015c 0A       		.uleb128 0xa
 414 015d 3C000000 		.4byte	.LVL22
 415 0161 AC000000 		.4byte	0xac
 416 0165 74010000 		.4byte	0x174
 417 0169 0B       		.uleb128 0xb
 418 016a 01       		.uleb128 0x1
 419 016b 50       		.byte	0x50
 420 016c 01       		.uleb128 0x1
 421 016d 35       		.byte	0x35
 422 016e 0B       		.uleb128 0xb
 423 016f 01       		.uleb128 0x1
 424 0170 52       		.byte	0x52
 425 0171 01       		.uleb128 0x1
 426 0172 30       		.byte	0x30
 427 0173 00       		.byte	0
 428 0174 0A       		.uleb128 0xa
 429 0175 4A000000 		.4byte	.LVL28
 430 0179 AC000000 		.4byte	0xac
 431 017d 8C010000 		.4byte	0x18c
 432 0181 0B       		.uleb128 0xb
 433 0182 01       		.uleb128 0x1
 434 0183 50       		.byte	0x50
 435 0184 01       		.uleb128 0x1
 436 0185 36       		.byte	0x36
 437 0186 0B       		.uleb128 0xb
 438 0187 01       		.uleb128 0x1
 439 0188 52       		.byte	0x52
 440 0189 01       		.uleb128 0x1
 441 018a 30       		.byte	0x30
 442 018b 00       		.byte	0
 443 018c 0A       		.uleb128 0xa
 444 018d 72000000 		.4byte	.LVL34
 445 0191 AC000000 		.4byte	0xac
 446 0195 A5010000 		.4byte	0x1a5
ARM GAS  C:\Users\adria\AppData\Local\Temp\cc6QMgPg.s 			page 10


 447 0199 0B       		.uleb128 0xb
 448 019a 01       		.uleb128 0x1
 449 019b 50       		.byte	0x50
 450 019c 02       		.uleb128 0x2
 451 019d 08       		.byte	0x8
 452 019e 20       		.byte	0x20
 453 019f 0B       		.uleb128 0xb
 454 01a0 01       		.uleb128 0x1
 455 01a1 52       		.byte	0x52
 456 01a2 01       		.uleb128 0x1
 457 01a3 31       		.byte	0x31
 458 01a4 00       		.byte	0
 459 01a5 0A       		.uleb128 0xa
 460 01a6 88000000 		.4byte	.LVL43
 461 01aa AC000000 		.4byte	0xac
 462 01ae BE010000 		.4byte	0x1be
 463 01b2 0B       		.uleb128 0xb
 464 01b3 01       		.uleb128 0x1
 465 01b4 50       		.byte	0x50
 466 01b5 02       		.uleb128 0x2
 467 01b6 08       		.byte	0x8
 468 01b7 28       		.byte	0x28
 469 01b8 0B       		.uleb128 0xb
 470 01b9 01       		.uleb128 0x1
 471 01ba 52       		.byte	0x52
 472 01bb 01       		.uleb128 0x1
 473 01bc 31       		.byte	0x31
 474 01bd 00       		.byte	0
 475 01be 0C       		.uleb128 0xc
 476 01bf 96000000 		.4byte	.LVL49
 477 01c3 AC000000 		.4byte	0xac
 478 01c7 0B       		.uleb128 0xb
 479 01c8 01       		.uleb128 0x1
 480 01c9 50       		.byte	0x50
 481 01ca 02       		.uleb128 0x2
 482 01cb 08       		.byte	0x8
 483 01cc 30       		.byte	0x30
 484 01cd 0B       		.uleb128 0xb
 485 01ce 01       		.uleb128 0x1
 486 01cf 52       		.byte	0x52
 487 01d0 01       		.uleb128 0x1
 488 01d1 31       		.byte	0x31
 489 01d2 00       		.byte	0
 490 01d3 00       		.byte	0
 491 01d4 00       		.byte	0
 492              		.section	.debug_abbrev,"",%progbits
 493              	.Ldebug_abbrev0:
 494 0000 01       		.uleb128 0x1
 495 0001 11       		.uleb128 0x11
 496 0002 01       		.byte	0x1
 497 0003 25       		.uleb128 0x25
 498 0004 0E       		.uleb128 0xe
 499 0005 13       		.uleb128 0x13
 500 0006 0B       		.uleb128 0xb
 501 0007 03       		.uleb128 0x3
 502 0008 0E       		.uleb128 0xe
 503 0009 1B       		.uleb128 0x1b
ARM GAS  C:\Users\adria\AppData\Local\Temp\cc6QMgPg.s 			page 11


 504 000a 0E       		.uleb128 0xe
 505 000b 55       		.uleb128 0x55
 506 000c 17       		.uleb128 0x17
 507 000d 11       		.uleb128 0x11
 508 000e 01       		.uleb128 0x1
 509 000f 10       		.uleb128 0x10
 510 0010 17       		.uleb128 0x17
 511 0011 00       		.byte	0
 512 0012 00       		.byte	0
 513 0013 02       		.uleb128 0x2
 514 0014 16       		.uleb128 0x16
 515 0015 00       		.byte	0
 516 0016 03       		.uleb128 0x3
 517 0017 0E       		.uleb128 0xe
 518 0018 3A       		.uleb128 0x3a
 519 0019 0B       		.uleb128 0xb
 520 001a 3B       		.uleb128 0x3b
 521 001b 0B       		.uleb128 0xb
 522 001c 49       		.uleb128 0x49
 523 001d 13       		.uleb128 0x13
 524 001e 00       		.byte	0
 525 001f 00       		.byte	0
 526 0020 03       		.uleb128 0x3
 527 0021 24       		.uleb128 0x24
 528 0022 00       		.byte	0
 529 0023 0B       		.uleb128 0xb
 530 0024 0B       		.uleb128 0xb
 531 0025 3E       		.uleb128 0x3e
 532 0026 0B       		.uleb128 0xb
 533 0027 03       		.uleb128 0x3
 534 0028 0E       		.uleb128 0xe
 535 0029 00       		.byte	0
 536 002a 00       		.byte	0
 537 002b 04       		.uleb128 0x4
 538 002c 24       		.uleb128 0x24
 539 002d 00       		.byte	0
 540 002e 0B       		.uleb128 0xb
 541 002f 0B       		.uleb128 0xb
 542 0030 3E       		.uleb128 0x3e
 543 0031 0B       		.uleb128 0xb
 544 0032 03       		.uleb128 0x3
 545 0033 08       		.uleb128 0x8
 546 0034 00       		.byte	0
 547 0035 00       		.byte	0
 548 0036 05       		.uleb128 0x5
 549 0037 2E       		.uleb128 0x2e
 550 0038 01       		.byte	0x1
 551 0039 3F       		.uleb128 0x3f
 552 003a 19       		.uleb128 0x19
 553 003b 03       		.uleb128 0x3
 554 003c 0E       		.uleb128 0xe
 555 003d 3A       		.uleb128 0x3a
 556 003e 0B       		.uleb128 0xb
 557 003f 3B       		.uleb128 0x3b
 558 0040 0B       		.uleb128 0xb
 559 0041 27       		.uleb128 0x27
 560 0042 19       		.uleb128 0x19
ARM GAS  C:\Users\adria\AppData\Local\Temp\cc6QMgPg.s 			page 12


 561 0043 49       		.uleb128 0x49
 562 0044 13       		.uleb128 0x13
 563 0045 11       		.uleb128 0x11
 564 0046 01       		.uleb128 0x1
 565 0047 12       		.uleb128 0x12
 566 0048 06       		.uleb128 0x6
 567 0049 40       		.uleb128 0x40
 568 004a 18       		.uleb128 0x18
 569 004b 9742     		.uleb128 0x2117
 570 004d 19       		.uleb128 0x19
 571 004e 01       		.uleb128 0x1
 572 004f 13       		.uleb128 0x13
 573 0050 00       		.byte	0
 574 0051 00       		.byte	0
 575 0052 06       		.uleb128 0x6
 576 0053 05       		.uleb128 0x5
 577 0054 00       		.byte	0
 578 0055 03       		.uleb128 0x3
 579 0056 0E       		.uleb128 0xe
 580 0057 3A       		.uleb128 0x3a
 581 0058 0B       		.uleb128 0xb
 582 0059 3B       		.uleb128 0x3b
 583 005a 0B       		.uleb128 0xb
 584 005b 49       		.uleb128 0x49
 585 005c 13       		.uleb128 0x13
 586 005d 02       		.uleb128 0x2
 587 005e 17       		.uleb128 0x17
 588 005f 00       		.byte	0
 589 0060 00       		.byte	0
 590 0061 07       		.uleb128 0x7
 591 0062 05       		.uleb128 0x5
 592 0063 00       		.byte	0
 593 0064 03       		.uleb128 0x3
 594 0065 08       		.uleb128 0x8
 595 0066 3A       		.uleb128 0x3a
 596 0067 0B       		.uleb128 0xb
 597 0068 3B       		.uleb128 0x3b
 598 0069 0B       		.uleb128 0xb
 599 006a 49       		.uleb128 0x49
 600 006b 13       		.uleb128 0x13
 601 006c 02       		.uleb128 0x2
 602 006d 17       		.uleb128 0x17
 603 006e 00       		.byte	0
 604 006f 00       		.byte	0
 605 0070 08       		.uleb128 0x8
 606 0071 2E       		.uleb128 0x2e
 607 0072 01       		.byte	0x1
 608 0073 3F       		.uleb128 0x3f
 609 0074 19       		.uleb128 0x19
 610 0075 03       		.uleb128 0x3
 611 0076 0E       		.uleb128 0xe
 612 0077 3A       		.uleb128 0x3a
 613 0078 0B       		.uleb128 0xb
 614 0079 3B       		.uleb128 0x3b
 615 007a 0B       		.uleb128 0xb
 616 007b 27       		.uleb128 0x27
 617 007c 19       		.uleb128 0x19
ARM GAS  C:\Users\adria\AppData\Local\Temp\cc6QMgPg.s 			page 13


 618 007d 49       		.uleb128 0x49
 619 007e 13       		.uleb128 0x13
 620 007f 11       		.uleb128 0x11
 621 0080 01       		.uleb128 0x1
 622 0081 12       		.uleb128 0x12
 623 0082 06       		.uleb128 0x6
 624 0083 40       		.uleb128 0x40
 625 0084 18       		.uleb128 0x18
 626 0085 9742     		.uleb128 0x2117
 627 0087 19       		.uleb128 0x19
 628 0088 00       		.byte	0
 629 0089 00       		.byte	0
 630 008a 09       		.uleb128 0x9
 631 008b 34       		.uleb128 0x34
 632 008c 00       		.byte	0
 633 008d 03       		.uleb128 0x3
 634 008e 0E       		.uleb128 0xe
 635 008f 3A       		.uleb128 0x3a
 636 0090 0B       		.uleb128 0xb
 637 0091 3B       		.uleb128 0x3b
 638 0092 0B       		.uleb128 0xb
 639 0093 49       		.uleb128 0x49
 640 0094 13       		.uleb128 0x13
 641 0095 02       		.uleb128 0x2
 642 0096 17       		.uleb128 0x17
 643 0097 00       		.byte	0
 644 0098 00       		.byte	0
 645 0099 0A       		.uleb128 0xa
 646 009a 898201   		.uleb128 0x4109
 647 009d 01       		.byte	0x1
 648 009e 11       		.uleb128 0x11
 649 009f 01       		.uleb128 0x1
 650 00a0 31       		.uleb128 0x31
 651 00a1 13       		.uleb128 0x13
 652 00a2 01       		.uleb128 0x1
 653 00a3 13       		.uleb128 0x13
 654 00a4 00       		.byte	0
 655 00a5 00       		.byte	0
 656 00a6 0B       		.uleb128 0xb
 657 00a7 8A8201   		.uleb128 0x410a
 658 00aa 00       		.byte	0
 659 00ab 02       		.uleb128 0x2
 660 00ac 18       		.uleb128 0x18
 661 00ad 9142     		.uleb128 0x2111
 662 00af 18       		.uleb128 0x18
 663 00b0 00       		.byte	0
 664 00b1 00       		.byte	0
 665 00b2 0C       		.uleb128 0xc
 666 00b3 898201   		.uleb128 0x4109
 667 00b6 01       		.byte	0x1
 668 00b7 11       		.uleb128 0x11
 669 00b8 01       		.uleb128 0x1
 670 00b9 31       		.uleb128 0x31
 671 00ba 13       		.uleb128 0x13
 672 00bb 00       		.byte	0
 673 00bc 00       		.byte	0
 674 00bd 00       		.byte	0
ARM GAS  C:\Users\adria\AppData\Local\Temp\cc6QMgPg.s 			page 14


 675              		.section	.debug_loc,"",%progbits
 676              	.Ldebug_loc0:
 677              	.LLST0:
 678 0000 00000000 		.4byte	.LVL0
 679 0004 14000000 		.4byte	.LVL5
 680 0008 0100     		.2byte	0x1
 681 000a 50       		.byte	0x50
 682 000b 14000000 		.4byte	.LVL5
 683 000f 1C000000 		.4byte	.LFE1
 684 0013 0400     		.2byte	0x4
 685 0015 F3       		.byte	0xf3
 686 0016 01       		.uleb128 0x1
 687 0017 50       		.byte	0x50
 688 0018 9F       		.byte	0x9f
 689 0019 00000000 		.4byte	0
 690 001d 00000000 		.4byte	0
 691              	.LLST1:
 692 0021 00000000 		.4byte	.LVL0
 693 0025 06000000 		.4byte	.LVL1
 694 0029 0100     		.2byte	0x1
 695 002b 51       		.byte	0x51
 696 002c 06000000 		.4byte	.LVL1
 697 0030 16000000 		.4byte	.LVL6
 698 0034 0100     		.2byte	0x1
 699 0036 51       		.byte	0x51
 700 0037 18000000 		.4byte	.LVL7
 701 003b 1C000000 		.4byte	.LFE1
 702 003f 0100     		.2byte	0x1
 703 0041 51       		.byte	0x51
 704 0042 00000000 		.4byte	0
 705 0046 00000000 		.4byte	0
 706              	.LLST2:
 707 004a 00000000 		.4byte	.LVL0
 708 004e 0A000000 		.4byte	.LVL2
 709 0052 0100     		.2byte	0x1
 710 0054 52       		.byte	0x52
 711 0055 0A000000 		.4byte	.LVL2
 712 0059 1C000000 		.4byte	.LFE1
 713 005d 0400     		.2byte	0x4
 714 005f F3       		.byte	0xf3
 715 0060 01       		.uleb128 0x1
 716 0061 52       		.byte	0x52
 717 0062 9F       		.byte	0x9f
 718 0063 00000000 		.4byte	0
 719 0067 00000000 		.4byte	0
 720              	.LLST3:
 721 006b 00000000 		.4byte	.LVL8
 722 006f 22000000 		.4byte	.LVL12
 723 0073 0100     		.2byte	0x1
 724 0075 50       		.byte	0x50
 725 0076 22000000 		.4byte	.LVL12
 726 007a 2A000000 		.4byte	.LVL15
 727 007e 0400     		.2byte	0x4
 728 0080 F3       		.byte	0xf3
 729 0081 01       		.uleb128 0x1
 730 0082 50       		.byte	0x50
 731 0083 9F       		.byte	0x9f
ARM GAS  C:\Users\adria\AppData\Local\Temp\cc6QMgPg.s 			page 15


 732 0084 2A000000 		.4byte	.LVL15
 733 0088 2E000000 		.4byte	.LVL16
 734 008c 0100     		.2byte	0x1
 735 008e 50       		.byte	0x50
 736 008f 2E000000 		.4byte	.LVL16
 737 0093 32000000 		.4byte	.LVL18
 738 0097 0400     		.2byte	0x4
 739 0099 F3       		.byte	0xf3
 740 009a 01       		.uleb128 0x1
 741 009b 50       		.byte	0x50
 742 009c 9F       		.byte	0x9f
 743 009d 32000000 		.4byte	.LVL18
 744 00a1 38000000 		.4byte	.LVL21
 745 00a5 0100     		.2byte	0x1
 746 00a7 50       		.byte	0x50
 747 00a8 38000000 		.4byte	.LVL21
 748 00ac 40000000 		.4byte	.LVL24
 749 00b0 0400     		.2byte	0x4
 750 00b2 F3       		.byte	0xf3
 751 00b3 01       		.uleb128 0x1
 752 00b4 50       		.byte	0x50
 753 00b5 9F       		.byte	0x9f
 754 00b6 40000000 		.4byte	.LVL24
 755 00ba 46000000 		.4byte	.LVL27
 756 00be 0100     		.2byte	0x1
 757 00c0 50       		.byte	0x50
 758 00c1 46000000 		.4byte	.LVL27
 759 00c5 4E000000 		.4byte	.LVL30
 760 00c9 0400     		.2byte	0x4
 761 00cb F3       		.byte	0xf3
 762 00cc 01       		.uleb128 0x1
 763 00cd 50       		.byte	0x50
 764 00ce 9F       		.byte	0x9f
 765 00cf 4E000000 		.4byte	.LVL30
 766 00d3 6E000000 		.4byte	.LVL33
 767 00d7 0100     		.2byte	0x1
 768 00d9 50       		.byte	0x50
 769 00da 6E000000 		.4byte	.LVL33
 770 00de 76000000 		.4byte	.LVL36
 771 00e2 0400     		.2byte	0x4
 772 00e4 F3       		.byte	0xf3
 773 00e5 01       		.uleb128 0x1
 774 00e6 50       		.byte	0x50
 775 00e7 9F       		.byte	0x9f
 776 00e8 76000000 		.4byte	.LVL36
 777 00ec 7A000000 		.4byte	.LVL37
 778 00f0 0100     		.2byte	0x1
 779 00f2 50       		.byte	0x50
 780 00f3 7A000000 		.4byte	.LVL37
 781 00f7 7E000000 		.4byte	.LVL39
 782 00fb 0400     		.2byte	0x4
 783 00fd F3       		.byte	0xf3
 784 00fe 01       		.uleb128 0x1
 785 00ff 50       		.byte	0x50
 786 0100 9F       		.byte	0x9f
 787 0101 7E000000 		.4byte	.LVL39
 788 0105 84000000 		.4byte	.LVL42
ARM GAS  C:\Users\adria\AppData\Local\Temp\cc6QMgPg.s 			page 16


 789 0109 0100     		.2byte	0x1
 790 010b 50       		.byte	0x50
 791 010c 84000000 		.4byte	.LVL42
 792 0110 8C000000 		.4byte	.LVL45
 793 0114 0400     		.2byte	0x4
 794 0116 F3       		.byte	0xf3
 795 0117 01       		.uleb128 0x1
 796 0118 50       		.byte	0x50
 797 0119 9F       		.byte	0x9f
 798 011a 8C000000 		.4byte	.LVL45
 799 011e 92000000 		.4byte	.LVL48
 800 0122 0100     		.2byte	0x1
 801 0124 50       		.byte	0x50
 802 0125 92000000 		.4byte	.LVL48
 803 0129 9A000000 		.4byte	.LVL51
 804 012d 0400     		.2byte	0x4
 805 012f F3       		.byte	0xf3
 806 0130 01       		.uleb128 0x1
 807 0131 50       		.byte	0x50
 808 0132 9F       		.byte	0x9f
 809 0133 9A000000 		.4byte	.LVL51
 810 0137 9C000000 		.4byte	.LVL52
 811 013b 0100     		.2byte	0x1
 812 013d 50       		.byte	0x50
 813 013e 9C000000 		.4byte	.LVL52
 814 0142 9E000000 		.4byte	.LVL53
 815 0146 0400     		.2byte	0x4
 816 0148 F3       		.byte	0xf3
 817 0149 01       		.uleb128 0x1
 818 014a 50       		.byte	0x50
 819 014b 9F       		.byte	0x9f
 820 014c 9E000000 		.4byte	.LVL53
 821 0150 A0000000 		.4byte	.LVL54
 822 0154 0100     		.2byte	0x1
 823 0156 50       		.byte	0x50
 824 0157 A0000000 		.4byte	.LVL54
 825 015b A2000000 		.4byte	.LVL55
 826 015f 0400     		.2byte	0x4
 827 0161 F3       		.byte	0xf3
 828 0162 01       		.uleb128 0x1
 829 0163 50       		.byte	0x50
 830 0164 9F       		.byte	0x9f
 831 0165 A2000000 		.4byte	.LVL55
 832 0169 A4000000 		.4byte	.LVL56
 833 016d 0100     		.2byte	0x1
 834 016f 50       		.byte	0x50
 835 0170 A4000000 		.4byte	.LVL56
 836 0174 A8000000 		.4byte	.LFE2
 837 0178 0400     		.2byte	0x4
 838 017a F3       		.byte	0xf3
 839 017b 01       		.uleb128 0x1
 840 017c 50       		.byte	0x50
 841 017d 9F       		.byte	0x9f
 842 017e 00000000 		.4byte	0
 843 0182 00000000 		.4byte	0
 844              	.LLST4:
 845 0186 00000000 		.4byte	.LVL8
ARM GAS  C:\Users\adria\AppData\Local\Temp\cc6QMgPg.s 			page 17


 846 018a 20000000 		.4byte	.LVL11
 847 018e 0100     		.2byte	0x1
 848 0190 51       		.byte	0x51
 849 0191 20000000 		.4byte	.LVL11
 850 0195 2A000000 		.4byte	.LVL15
 851 0199 0400     		.2byte	0x4
 852 019b F3       		.byte	0xf3
 853 019c 01       		.uleb128 0x1
 854 019d 51       		.byte	0x51
 855 019e 9F       		.byte	0x9f
 856 019f 2A000000 		.4byte	.LVL15
 857 01a3 36000000 		.4byte	.LVL20
 858 01a7 0100     		.2byte	0x1
 859 01a9 51       		.byte	0x51
 860 01aa 36000000 		.4byte	.LVL20
 861 01ae 40000000 		.4byte	.LVL24
 862 01b2 0400     		.2byte	0x4
 863 01b4 F3       		.byte	0xf3
 864 01b5 01       		.uleb128 0x1
 865 01b6 51       		.byte	0x51
 866 01b7 9F       		.byte	0x9f
 867 01b8 40000000 		.4byte	.LVL24
 868 01bc 44000000 		.4byte	.LVL26
 869 01c0 0100     		.2byte	0x1
 870 01c2 51       		.byte	0x51
 871 01c3 44000000 		.4byte	.LVL26
 872 01c7 4E000000 		.4byte	.LVL30
 873 01cb 0400     		.2byte	0x4
 874 01cd F3       		.byte	0xf3
 875 01ce 01       		.uleb128 0x1
 876 01cf 51       		.byte	0x51
 877 01d0 9F       		.byte	0x9f
 878 01d1 4E000000 		.4byte	.LVL30
 879 01d5 6C000000 		.4byte	.LVL32
 880 01d9 0100     		.2byte	0x1
 881 01db 51       		.byte	0x51
 882 01dc 6C000000 		.4byte	.LVL32
 883 01e0 76000000 		.4byte	.LVL36
 884 01e4 0400     		.2byte	0x4
 885 01e6 F3       		.byte	0xf3
 886 01e7 01       		.uleb128 0x1
 887 01e8 51       		.byte	0x51
 888 01e9 9F       		.byte	0x9f
 889 01ea 76000000 		.4byte	.LVL36
 890 01ee 82000000 		.4byte	.LVL41
 891 01f2 0100     		.2byte	0x1
 892 01f4 51       		.byte	0x51
 893 01f5 82000000 		.4byte	.LVL41
 894 01f9 8C000000 		.4byte	.LVL45
 895 01fd 0400     		.2byte	0x4
 896 01ff F3       		.byte	0xf3
 897 0200 01       		.uleb128 0x1
 898 0201 51       		.byte	0x51
 899 0202 9F       		.byte	0x9f
 900 0203 8C000000 		.4byte	.LVL45
 901 0207 90000000 		.4byte	.LVL47
 902 020b 0100     		.2byte	0x1
ARM GAS  C:\Users\adria\AppData\Local\Temp\cc6QMgPg.s 			page 18


 903 020d 51       		.byte	0x51
 904 020e 90000000 		.4byte	.LVL47
 905 0212 9A000000 		.4byte	.LVL51
 906 0216 0400     		.2byte	0x4
 907 0218 F3       		.byte	0xf3
 908 0219 01       		.uleb128 0x1
 909 021a 51       		.byte	0x51
 910 021b 9F       		.byte	0x9f
 911 021c 9A000000 		.4byte	.LVL51
 912 0220 A4000000 		.4byte	.LVL56
 913 0224 0100     		.2byte	0x1
 914 0226 51       		.byte	0x51
 915 0227 A4000000 		.4byte	.LVL56
 916 022b A8000000 		.4byte	.LFE2
 917 022f 0400     		.2byte	0x4
 918 0231 F3       		.byte	0xf3
 919 0232 01       		.uleb128 0x1
 920 0233 51       		.byte	0x51
 921 0234 9F       		.byte	0x9f
 922 0235 00000000 		.4byte	0
 923 0239 00000000 		.4byte	0
 924              	.LLST5:
 925 023d 00000000 		.4byte	.LVL8
 926 0241 1E000000 		.4byte	.LVL10
 927 0245 0100     		.2byte	0x1
 928 0247 52       		.byte	0x52
 929 0248 1E000000 		.4byte	.LVL10
 930 024c 2A000000 		.4byte	.LVL15
 931 0250 0400     		.2byte	0x4
 932 0252 F3       		.byte	0xf3
 933 0253 01       		.uleb128 0x1
 934 0254 52       		.byte	0x52
 935 0255 9F       		.byte	0x9f
 936 0256 2A000000 		.4byte	.LVL15
 937 025a 34000000 		.4byte	.LVL19
 938 025e 0100     		.2byte	0x1
 939 0260 52       		.byte	0x52
 940 0261 34000000 		.4byte	.LVL19
 941 0265 40000000 		.4byte	.LVL24
 942 0269 0400     		.2byte	0x4
 943 026b F3       		.byte	0xf3
 944 026c 01       		.uleb128 0x1
 945 026d 52       		.byte	0x52
 946 026e 9F       		.byte	0x9f
 947 026f 40000000 		.4byte	.LVL24
 948 0273 42000000 		.4byte	.LVL25
 949 0277 0100     		.2byte	0x1
 950 0279 52       		.byte	0x52
 951 027a 42000000 		.4byte	.LVL25
 952 027e 4E000000 		.4byte	.LVL30
 953 0282 0400     		.2byte	0x4
 954 0284 F3       		.byte	0xf3
 955 0285 01       		.uleb128 0x1
 956 0286 52       		.byte	0x52
 957 0287 9F       		.byte	0x9f
 958 0288 4E000000 		.4byte	.LVL30
 959 028c 6A000000 		.4byte	.LVL31
ARM GAS  C:\Users\adria\AppData\Local\Temp\cc6QMgPg.s 			page 19


 960 0290 0100     		.2byte	0x1
 961 0292 52       		.byte	0x52
 962 0293 6A000000 		.4byte	.LVL31
 963 0297 76000000 		.4byte	.LVL36
 964 029b 0400     		.2byte	0x4
 965 029d F3       		.byte	0xf3
 966 029e 01       		.uleb128 0x1
 967 029f 52       		.byte	0x52
 968 02a0 9F       		.byte	0x9f
 969 02a1 76000000 		.4byte	.LVL36
 970 02a5 80000000 		.4byte	.LVL40
 971 02a9 0100     		.2byte	0x1
 972 02ab 52       		.byte	0x52
 973 02ac 80000000 		.4byte	.LVL40
 974 02b0 8C000000 		.4byte	.LVL45
 975 02b4 0400     		.2byte	0x4
 976 02b6 F3       		.byte	0xf3
 977 02b7 01       		.uleb128 0x1
 978 02b8 52       		.byte	0x52
 979 02b9 9F       		.byte	0x9f
 980 02ba 8C000000 		.4byte	.LVL45
 981 02be 8E000000 		.4byte	.LVL46
 982 02c2 0100     		.2byte	0x1
 983 02c4 52       		.byte	0x52
 984 02c5 8E000000 		.4byte	.LVL46
 985 02c9 9A000000 		.4byte	.LVL51
 986 02cd 0400     		.2byte	0x4
 987 02cf F3       		.byte	0xf3
 988 02d0 01       		.uleb128 0x1
 989 02d1 52       		.byte	0x52
 990 02d2 9F       		.byte	0x9f
 991 02d3 9A000000 		.4byte	.LVL51
 992 02d7 A4000000 		.4byte	.LVL56
 993 02db 0100     		.2byte	0x1
 994 02dd 52       		.byte	0x52
 995 02de A4000000 		.4byte	.LVL56
 996 02e2 A8000000 		.4byte	.LFE2
 997 02e6 0400     		.2byte	0x4
 998 02e8 F3       		.byte	0xf3
 999 02e9 01       		.uleb128 0x1
 1000 02ea 52       		.byte	0x52
 1001 02eb 9F       		.byte	0x9f
 1002 02ec 00000000 		.4byte	0
 1003 02f0 00000000 		.4byte	0
 1004              	.LLST6:
 1005 02f4 04000000 		.4byte	.LVL9
 1006 02f8 28000000 		.4byte	.LVL14
 1007 02fc 0200     		.2byte	0x2
 1008 02fe 30       		.byte	0x30
 1009 02ff 9F       		.byte	0x9f
 1010 0300 28000000 		.4byte	.LVL14
 1011 0304 2A000000 		.4byte	.LVL15
 1012 0308 0100     		.2byte	0x1
 1013 030a 50       		.byte	0x50
 1014 030b 2A000000 		.4byte	.LVL15
 1015 030f 30000000 		.4byte	.LVL17
 1016 0313 0200     		.2byte	0x2
ARM GAS  C:\Users\adria\AppData\Local\Temp\cc6QMgPg.s 			page 20


 1017 0315 30       		.byte	0x30
 1018 0316 9F       		.byte	0x9f
 1019 0317 30000000 		.4byte	.LVL17
 1020 031b 32000000 		.4byte	.LVL18
 1021 031f 0100     		.2byte	0x1
 1022 0321 50       		.byte	0x50
 1023 0322 32000000 		.4byte	.LVL18
 1024 0326 3E000000 		.4byte	.LVL23
 1025 032a 0200     		.2byte	0x2
 1026 032c 30       		.byte	0x30
 1027 032d 9F       		.byte	0x9f
 1028 032e 3E000000 		.4byte	.LVL23
 1029 0332 40000000 		.4byte	.LVL24
 1030 0336 0100     		.2byte	0x1
 1031 0338 50       		.byte	0x50
 1032 0339 40000000 		.4byte	.LVL24
 1033 033d 4C000000 		.4byte	.LVL29
 1034 0341 0200     		.2byte	0x2
 1035 0343 30       		.byte	0x30
 1036 0344 9F       		.byte	0x9f
 1037 0345 4C000000 		.4byte	.LVL29
 1038 0349 4E000000 		.4byte	.LVL30
 1039 034d 0100     		.2byte	0x1
 1040 034f 50       		.byte	0x50
 1041 0350 4E000000 		.4byte	.LVL30
 1042 0354 74000000 		.4byte	.LVL35
 1043 0358 0200     		.2byte	0x2
 1044 035a 30       		.byte	0x30
 1045 035b 9F       		.byte	0x9f
 1046 035c 74000000 		.4byte	.LVL35
 1047 0360 76000000 		.4byte	.LVL36
 1048 0364 0100     		.2byte	0x1
 1049 0366 50       		.byte	0x50
 1050 0367 76000000 		.4byte	.LVL36
 1051 036b 7C000000 		.4byte	.LVL38
 1052 036f 0200     		.2byte	0x2
 1053 0371 30       		.byte	0x30
 1054 0372 9F       		.byte	0x9f
 1055 0373 7C000000 		.4byte	.LVL38
 1056 0377 7E000000 		.4byte	.LVL39
 1057 037b 0100     		.2byte	0x1
 1058 037d 50       		.byte	0x50
 1059 037e 7E000000 		.4byte	.LVL39
 1060 0382 8A000000 		.4byte	.LVL44
 1061 0386 0200     		.2byte	0x2
 1062 0388 30       		.byte	0x30
 1063 0389 9F       		.byte	0x9f
 1064 038a 8A000000 		.4byte	.LVL44
 1065 038e 8C000000 		.4byte	.LVL45
 1066 0392 0100     		.2byte	0x1
 1067 0394 50       		.byte	0x50
 1068 0395 8C000000 		.4byte	.LVL45
 1069 0399 98000000 		.4byte	.LVL50
 1070 039d 0200     		.2byte	0x2
 1071 039f 30       		.byte	0x30
 1072 03a0 9F       		.byte	0x9f
 1073 03a1 98000000 		.4byte	.LVL50
ARM GAS  C:\Users\adria\AppData\Local\Temp\cc6QMgPg.s 			page 21


 1074 03a5 9A000000 		.4byte	.LVL51
 1075 03a9 0100     		.2byte	0x1
 1076 03ab 50       		.byte	0x50
 1077 03ac 9A000000 		.4byte	.LVL51
 1078 03b0 A4000000 		.4byte	.LVL56
 1079 03b4 0200     		.2byte	0x2
 1080 03b6 30       		.byte	0x30
 1081 03b7 9F       		.byte	0x9f
 1082 03b8 A4000000 		.4byte	.LVL56
 1083 03bc A8000000 		.4byte	.LFE2
 1084 03c0 0100     		.2byte	0x1
 1085 03c2 50       		.byte	0x50
 1086 03c3 00000000 		.4byte	0
 1087 03c7 00000000 		.4byte	0
 1088              		.section	.debug_aranges,"",%progbits
 1089 0000 24000000 		.4byte	0x24
 1090 0004 0200     		.2byte	0x2
 1091 0006 00000000 		.4byte	.Ldebug_info0
 1092 000a 04       		.byte	0x4
 1093 000b 00       		.byte	0
 1094 000c 0000     		.2byte	0
 1095 000e 0000     		.2byte	0
 1096 0010 00000000 		.4byte	.LFB1
 1097 0014 1C000000 		.4byte	.LFE1-.LFB1
 1098 0018 00000000 		.4byte	.LFB2
 1099 001c A8000000 		.4byte	.LFE2-.LFB2
 1100 0020 00000000 		.4byte	0
 1101 0024 00000000 		.4byte	0
 1102              		.section	.debug_ranges,"",%progbits
 1103              	.Ldebug_ranges0:
 1104 0000 00000000 		.4byte	.LFB1
 1105 0004 1C000000 		.4byte	.LFE1
 1106 0008 00000000 		.4byte	.LFB2
 1107 000c A8000000 		.4byte	.LFE2
 1108 0010 00000000 		.4byte	0
 1109 0014 00000000 		.4byte	0
 1110              		.section	.debug_line,"",%progbits
 1111              	.Ldebug_line0:
 1112 0000 67010000 		.section	.debug_str,"MS",%progbits,1
 1112      02002401 
 1112      00000201 
 1112      FB0E0D00 
 1112      01010101 
 1113              	.LASF8:
 1114 0000 6C6F6E67 		.ascii	"long long int\000"
 1114      206C6F6E 
 1114      6720696E 
 1114      7400
 1115              	.LASF10:
 1116 000e 756E7369 		.ascii	"unsigned int\000"
 1116      676E6564 
 1116      20696E74 
 1116      00
 1117              	.LASF23:
 1118 001b 525F6469 		.ascii	"R_dir\000"
 1118      7200
 1119              	.LASF18:
ARM GAS  C:\Users\adria\AppData\Local\Temp\cc6QMgPg.s 			page 22


 1120 0021 474E5520 		.ascii	"GNU C11 5.4.1 20160609 (release) [ARM/embedded-5-br"
 1120      43313120 
 1120      352E342E 
 1120      31203230 
 1120      31363036 
 1121 0054 616E6368 		.ascii	"anch revision 237715] -mcpu=cortex-m3 -mthumb -g -O"
 1121      20726576 
 1121      6973696F 
 1121      6E203233 
 1121      37373135 
 1122 0087 67202D66 		.ascii	"g -ffunction-sections -ffat-lto-objects\000"
 1122      66756E63 
 1122      74696F6E 
 1122      2D736563 
 1122      74696F6E 
 1123              	.LASF7:
 1124 00af 6C6F6E67 		.ascii	"long unsigned int\000"
 1124      20756E73 
 1124      69676E65 
 1124      6420696E 
 1124      7400
 1125              	.LASF9:
 1126 00c1 6C6F6E67 		.ascii	"long long unsigned int\000"
 1126      206C6F6E 
 1126      6720756E 
 1126      7369676E 
 1126      65642069 
 1127              	.LASF1:
 1128 00d8 5F5F7569 		.ascii	"__uint8_t\000"
 1128      6E74385F 
 1128      7400
 1129              	.LASF16:
 1130 00e2 6D617363 		.ascii	"mascara\000"
 1130      61726100 
 1131              	.LASF15:
 1132 00ea 75696E74 		.ascii	"uint8_t\000"
 1132      385F7400 
 1133              	.LASF3:
 1134 00f2 756E7369 		.ascii	"unsigned char\000"
 1134      676E6564 
 1134      20636861 
 1134      7200
 1135              	.LASF13:
 1136 0100 63686172 		.ascii	"char\000"
 1136      00
 1137              	.LASF22:
 1138 0105 4469725F 		.ascii	"Dir_Motor\000"
 1138      4D6F746F 
 1138      7200
 1139              	.LASF6:
 1140 010f 6C6F6E67 		.ascii	"long int\000"
 1140      20696E74 
 1140      00
 1141              	.LASF14:
 1142 0118 696E7438 		.ascii	"int8_t\000"
 1142      5F7400
 1143              	.LASF17:
ARM GAS  C:\Users\adria\AppData\Local\Temp\cc6QMgPg.s 			page 23


 1144 011f 4D6F746F 		.ascii	"Motor\000"
 1144      7200
 1145              	.LASF0:
 1146 0125 5F5F696E 		.ascii	"__int8_t\000"
 1146      74385F74 
 1146      00
 1147              	.LASF5:
 1148 012e 73686F72 		.ascii	"short unsigned int\000"
 1148      7420756E 
 1148      7369676E 
 1148      65642069 
 1148      6E7400
 1149              	.LASF2:
 1150 0141 7369676E 		.ascii	"signed char\000"
 1150      65642063 
 1150      68617200 
 1151              	.LASF19:
 1152 014d 44726976 		.ascii	"Driver_control.c\000"
 1152      65725F63 
 1152      6F6E7472 
 1152      6F6C2E63 
 1152      00
 1153              	.LASF11:
 1154 015e 6C6F6E67 		.ascii	"long double\000"
 1154      20646F75 
 1154      626C6500 
 1155              	.LASF21:
 1156 016a 456E6D61 		.ascii	"Enmascaramiento_Rec\000"
 1156      73636172 
 1156      616D6965 
 1156      6E746F5F 
 1156      52656300 
 1157              	.LASF20:
 1158 017e 443A5C47 		.ascii	"D:\\GITHUB\\Psoc_Projectos_propios\\SEGUIDOR_DE_LIN"
 1158      49544855 
 1158      425C5073 
 1158      6F635F50 
 1158      726F6A65 
 1159 01ae 45415C50 		.ascii	"EA\\Psoc_codigo\\Seguidor\\Seguidor.cydsn\000"
 1159      736F635F 
 1159      636F6469 
 1159      676F5C53 
 1159      65677569 
 1160              	.LASF4:
 1161 01d5 73686F72 		.ascii	"short int\000"
 1161      7420696E 
 1161      7400
 1162              	.LASF12:
 1163 01df 73697A65 		.ascii	"sizetype\000"
 1163      74797065 
 1163      00
 1164              		.ident	"GCC: (GNU Tools for ARM Embedded Processors) 5.4.1 20160609 (release) [ARM/embedded-5-bran
