ARM GAS  C:\Users\adria\AppData\Local\Temp\cce2hND8.s 			page 1


   1              		.syntax unified
   2              		.cpu cortex-m3
   3              		.fpu softvfp
   4              		.eabi_attribute 20, 1
   5              		.eabi_attribute 21, 1
   6              		.eabi_attribute 23, 3
   7              		.eabi_attribute 24, 1
   8              		.eabi_attribute 25, 1
   9              		.eabi_attribute 26, 1
  10              		.eabi_attribute 30, 1
  11              		.eabi_attribute 34, 1
  12              		.eabi_attribute 18, 4
  13              		.thumb
  14              		.syntax unified
  15              		.file	"main.c"
  16              		.text
  17              	.Ltext0:
  18              		.cfi_sections	.debug_frame
  19              		.section	.text.main,"ax",%progbits
  20              		.align	2
  21              		.global	main
  22              		.thumb
  23              		.thumb_func
  24              		.type	main, %function
  25              	main:
  26              	.LFB64:
  27              		.file 1 "main.c"
   1:main.c        **** #include "project.h"
   2:main.c        **** #include "Driver_control.h"
   3:main.c        **** #include "Utils.h"
   4:main.c        **** 
   5:main.c        **** int main(void)
   6:main.c        **** {
  28              		.loc 1 6 0
  29              		.cfi_startproc
  30              		@ args = 0, pretend = 0, frame = 0
  31              		@ frame_needed = 0, uses_anonymous_args = 0
  32 0000 08B5     		push	{r3, lr}
  33              		.cfi_def_cfa_offset 8
  34              		.cfi_offset 3, -8
  35              		.cfi_offset 14, -4
   7:main.c        ****     CyGlobalIntEnable; /* Enable global interrupts. */
  36              		.loc 1 7 0
  37              		.syntax unified
  38              	@ 7 "main.c" 1
  39 0002 62B6     		CPSIE   i
  40              	@ 0 "" 2
  41              	.LVL0:
  42              		.thumb
  43              		.syntax unified
  44              	.L2:
   8:main.c        ****     
   9:main.c        ****     uint8_t Sensores;//Registro de estados de los sensores
  10:main.c        ****     uint8_t dir = Paro_seco_MB;//Bytes de control de los motores
  11:main.c        ****     uint8_t REG;//Variable auxiliar para leer el registro de control
  12:main.c        ****     uint8_t Motor = Mb;
  13:main.c        ****     
ARM GAS  C:\Users\adria\AppData\Local\Temp\cce2hND8.s 			page 2


  14:main.c        ****     /*
  15:main.c        ****     //Comentadas si no se mnecesita debuguear
  16:main.c        ****     UART_Start();
  17:main.c        ****     char r[2];
  18:main.c        ****     */
  19:main.c        ****     
  20:main.c        ****     for(;;)
  21:main.c        ****     {
  22:main.c        ****         //Vemos el registro de los sensores
  23:main.c        ****         Sensores = Sensores_Read();
  45              		.loc 1 23 0 discriminator 1
  46 0004 FFF7FEFF 		bl	Sensores_Read
  47              	.LVL1:
  24:main.c        ****         
  25:main.c        ****         //Evaluamos las entradas
  26:main.c        ****         //dECIDIMOS SEGUN LA SITUACION
  27:main.c        ****         
  28:main.c        ****         
  29:main.c        ****         
  30:main.c        ****         
  31:main.c        ****         
  32:main.c        ****         //Configuramos dirección de llantas Dirección
  33:main.c        ****         REG = Control_Hdriver_Read();//LEMOS REGISTRO
  48              		.loc 1 33 0 discriminator 1
  49 0008 FFF7FEFF 		bl	Control_Hdriver_Read
  50              	.LVL2:
  34:main.c        ****         REG = Dir_Motor(dir,Motor,REG);//Enmasaramiento para obtener la actualizacion
  51              		.loc 1 34 0 discriminator 1
  52 000c 0246     		mov	r2, r0
  53 000e 0121     		movs	r1, #1
  54 0010 2020     		movs	r0, #32
  55              	.LVL3:
  56 0012 FFF7FEFF 		bl	Dir_Motor
  57              	.LVL4:
  35:main.c        ****         Control_Hdriver_Write(REG);//ACTUALIZAR REGISTRO
  58              		.loc 1 35 0 discriminator 1
  59 0016 FFF7FEFF 		bl	Control_Hdriver_Write
  60              	.LVL5:
  61 001a F3E7     		b	.L2
  62              		.cfi_endproc
  63              	.LFE64:
  64              		.size	main, .-main
  65              		.text
  66              	.Letext0:
  67              		.file 2 "c:\\program files (x86)\\cypress\\psoc creator\\4.4\\psoc creator\\import\\gnu\\arm\\5.4.
  68              		.file 3 "c:\\program files (x86)\\cypress\\psoc creator\\4.4\\psoc creator\\import\\gnu\\arm\\5.4.
  69              		.file 4 "Generated_Source\\PSoC5/Sensores.h"
  70              		.file 5 "Generated_Source\\PSoC5/Control_Hdriver.h"
  71              		.file 6 "Driver_control.h"
  72              		.file 7 "Generated_Source\\PSoC5/core_cm3.h"
  73              		.section	.debug_info,"",%progbits
  74              	.Ldebug_info0:
  75 0000 74010000 		.4byte	0x174
  76 0004 0400     		.2byte	0x4
  77 0006 00000000 		.4byte	.Ldebug_abbrev0
  78 000a 04       		.byte	0x4
  79 000b 01       		.uleb128 0x1
ARM GAS  C:\Users\adria\AppData\Local\Temp\cce2hND8.s 			page 3


  80 000c 30000000 		.4byte	.LASF23
  81 0010 0C       		.byte	0xc
  82 0011 55010000 		.4byte	.LASF24
  83 0015 7C010000 		.4byte	.LASF25
  84 0019 00000000 		.4byte	.Ldebug_ranges0+0
  85 001d 00000000 		.4byte	0
  86 0021 00000000 		.4byte	.Ldebug_line0
  87 0025 02       		.uleb128 0x2
  88 0026 01       		.byte	0x1
  89 0027 06       		.byte	0x6
  90 0028 05020000 		.4byte	.LASF0
  91 002c 03       		.uleb128 0x3
  92 002d 00000000 		.4byte	.LASF4
  93 0031 02       		.byte	0x2
  94 0032 1D       		.byte	0x1d
  95 0033 37000000 		.4byte	0x37
  96 0037 02       		.uleb128 0x2
  97 0038 01       		.byte	0x1
  98 0039 08       		.byte	0x8
  99 003a 22000000 		.4byte	.LASF1
 100 003e 02       		.uleb128 0x2
 101 003f 02       		.byte	0x2
 102 0040 05       		.byte	0x5
 103 0041 72010000 		.4byte	.LASF2
 104 0045 02       		.uleb128 0x2
 105 0046 02       		.byte	0x2
 106 0047 07       		.byte	0x7
 107 0048 D0000000 		.4byte	.LASF3
 108 004c 03       		.uleb128 0x3
 109 004d 0A000000 		.4byte	.LASF5
 110 0051 02       		.byte	0x2
 111 0052 3F       		.byte	0x3f
 112 0053 57000000 		.4byte	0x57
 113 0057 02       		.uleb128 0x2
 114 0058 04       		.byte	0x4
 115 0059 05       		.byte	0x5
 116 005a DC010000 		.4byte	.LASF6
 117 005e 02       		.uleb128 0x2
 118 005f 04       		.byte	0x4
 119 0060 07       		.byte	0x7
 120 0061 BE000000 		.4byte	.LASF7
 121 0065 02       		.uleb128 0x2
 122 0066 08       		.byte	0x8
 123 0067 05       		.byte	0x5
 124 0068 47010000 		.4byte	.LASF8
 125 006c 02       		.uleb128 0x2
 126 006d 08       		.byte	0x8
 127 006e 07       		.byte	0x7
 128 006f 13010000 		.4byte	.LASF9
 129 0073 04       		.uleb128 0x4
 130 0074 04       		.byte	0x4
 131 0075 05       		.byte	0x5
 132 0076 696E7400 		.ascii	"int\000"
 133 007a 02       		.uleb128 0x2
 134 007b 04       		.byte	0x4
 135 007c 07       		.byte	0x7
 136 007d 06010000 		.4byte	.LASF10
ARM GAS  C:\Users\adria\AppData\Local\Temp\cce2hND8.s 			page 4


 137 0081 03       		.uleb128 0x3
 138 0082 2A010000 		.4byte	.LASF11
 139 0086 03       		.byte	0x3
 140 0087 18       		.byte	0x18
 141 0088 2C000000 		.4byte	0x2c
 142 008c 03       		.uleb128 0x3
 143 008d 14000000 		.4byte	.LASF12
 144 0091 03       		.byte	0x3
 145 0092 2C       		.byte	0x2c
 146 0093 4C000000 		.4byte	0x4c
 147 0097 02       		.uleb128 0x2
 148 0098 04       		.byte	0x4
 149 0099 04       		.byte	0x4
 150 009a 1C000000 		.4byte	.LASF13
 151 009e 02       		.uleb128 0x2
 152 009f 08       		.byte	0x8
 153 00a0 04       		.byte	0x4
 154 00a1 ED000000 		.4byte	.LASF14
 155 00a5 02       		.uleb128 0x2
 156 00a6 01       		.byte	0x1
 157 00a7 08       		.byte	0x8
 158 00a8 E5010000 		.4byte	.LASF15
 159 00ac 02       		.uleb128 0x2
 160 00ad 08       		.byte	0x8
 161 00ae 04       		.byte	0x4
 162 00af 32010000 		.4byte	.LASF16
 163 00b3 02       		.uleb128 0x2
 164 00b4 04       		.byte	0x4
 165 00b5 07       		.byte	0x7
 166 00b6 3E010000 		.4byte	.LASF17
 167 00ba 05       		.uleb128 0x5
 168 00bb F4000000 		.4byte	.LASF26
 169 00bf 01       		.byte	0x1
 170 00c0 05       		.byte	0x5
 171 00c1 73000000 		.4byte	0x73
 172 00c5 00000000 		.4byte	.LFB64
 173 00c9 1C000000 		.4byte	.LFE64-.LFB64
 174 00cd 01       		.uleb128 0x1
 175 00ce 9C       		.byte	0x9c
 176 00cf 3A010000 		.4byte	0x13a
 177 00d3 06       		.uleb128 0x6
 178 00d4 D3010000 		.4byte	.LASF27
 179 00d8 01       		.byte	0x1
 180 00d9 09       		.byte	0x9
 181 00da 81000000 		.4byte	0x81
 182 00de 07       		.uleb128 0x7
 183 00df 64697200 		.ascii	"dir\000"
 184 00e3 01       		.byte	0x1
 185 00e4 0A       		.byte	0xa
 186 00e5 81000000 		.4byte	0x81
 187 00e9 20       		.byte	0x20
 188 00ea 08       		.uleb128 0x8
 189 00eb 52454700 		.ascii	"REG\000"
 190 00ef 01       		.byte	0x1
 191 00f0 0B       		.byte	0xb
 192 00f1 81000000 		.4byte	0x81
 193 00f5 00000000 		.4byte	.LLST0
ARM GAS  C:\Users\adria\AppData\Local\Temp\cce2hND8.s 			page 5


 194 00f9 09       		.uleb128 0x9
 195 00fa FF010000 		.4byte	.LASF18
 196 00fe 01       		.byte	0x1
 197 00ff 0C       		.byte	0xc
 198 0100 81000000 		.4byte	0x81
 199 0104 01       		.byte	0x1
 200 0105 0A       		.uleb128 0xa
 201 0106 08000000 		.4byte	.LVL1
 202 010a 4B010000 		.4byte	0x14b
 203 010e 0A       		.uleb128 0xa
 204 010f 0C000000 		.4byte	.LVL2
 205 0113 56010000 		.4byte	0x156
 206 0117 0B       		.uleb128 0xb
 207 0118 16000000 		.4byte	.LVL4
 208 011c 61010000 		.4byte	0x161
 209 0120 30010000 		.4byte	0x130
 210 0124 0C       		.uleb128 0xc
 211 0125 01       		.uleb128 0x1
 212 0126 50       		.byte	0x50
 213 0127 02       		.uleb128 0x2
 214 0128 08       		.byte	0x8
 215 0129 20       		.byte	0x20
 216 012a 0C       		.uleb128 0xc
 217 012b 01       		.uleb128 0x1
 218 012c 51       		.byte	0x51
 219 012d 01       		.uleb128 0x1
 220 012e 31       		.byte	0x31
 221 012f 00       		.byte	0
 222 0130 0A       		.uleb128 0xa
 223 0131 1A000000 		.4byte	.LVL5
 224 0135 6C010000 		.4byte	0x16c
 225 0139 00       		.byte	0
 226 013a 0D       		.uleb128 0xd
 227 013b F9000000 		.4byte	.LASF28
 228 013f 07       		.byte	0x7
 229 0140 1207     		.2byte	0x712
 230 0142 46010000 		.4byte	0x146
 231 0146 0E       		.uleb128 0xe
 232 0147 8C000000 		.4byte	0x8c
 233 014b 0F       		.uleb128 0xf
 234 014c 11020000 		.4byte	.LASF19
 235 0150 11020000 		.4byte	.LASF19
 236 0154 04       		.byte	0x4
 237 0155 30       		.byte	0x30
 238 0156 0F       		.uleb128 0xf
 239 0157 EA010000 		.4byte	.LASF20
 240 015b EA010000 		.4byte	.LASF20
 241 015f 05       		.byte	0x5
 242 0160 30       		.byte	0x30
 243 0161 0F       		.uleb128 0xf
 244 0162 E3000000 		.4byte	.LASF21
 245 0166 E3000000 		.4byte	.LASF21
 246 016a 06       		.byte	0x6
 247 016b 20       		.byte	0x20
 248 016c 0F       		.uleb128 0xf
 249 016d 5C010000 		.4byte	.LASF22
 250 0171 5C010000 		.4byte	.LASF22
ARM GAS  C:\Users\adria\AppData\Local\Temp\cce2hND8.s 			page 6


 251 0175 05       		.byte	0x5
 252 0176 2F       		.byte	0x2f
 253 0177 00       		.byte	0
 254              		.section	.debug_abbrev,"",%progbits
 255              	.Ldebug_abbrev0:
 256 0000 01       		.uleb128 0x1
 257 0001 11       		.uleb128 0x11
 258 0002 01       		.byte	0x1
 259 0003 25       		.uleb128 0x25
 260 0004 0E       		.uleb128 0xe
 261 0005 13       		.uleb128 0x13
 262 0006 0B       		.uleb128 0xb
 263 0007 03       		.uleb128 0x3
 264 0008 0E       		.uleb128 0xe
 265 0009 1B       		.uleb128 0x1b
 266 000a 0E       		.uleb128 0xe
 267 000b 55       		.uleb128 0x55
 268 000c 17       		.uleb128 0x17
 269 000d 11       		.uleb128 0x11
 270 000e 01       		.uleb128 0x1
 271 000f 10       		.uleb128 0x10
 272 0010 17       		.uleb128 0x17
 273 0011 00       		.byte	0
 274 0012 00       		.byte	0
 275 0013 02       		.uleb128 0x2
 276 0014 24       		.uleb128 0x24
 277 0015 00       		.byte	0
 278 0016 0B       		.uleb128 0xb
 279 0017 0B       		.uleb128 0xb
 280 0018 3E       		.uleb128 0x3e
 281 0019 0B       		.uleb128 0xb
 282 001a 03       		.uleb128 0x3
 283 001b 0E       		.uleb128 0xe
 284 001c 00       		.byte	0
 285 001d 00       		.byte	0
 286 001e 03       		.uleb128 0x3
 287 001f 16       		.uleb128 0x16
 288 0020 00       		.byte	0
 289 0021 03       		.uleb128 0x3
 290 0022 0E       		.uleb128 0xe
 291 0023 3A       		.uleb128 0x3a
 292 0024 0B       		.uleb128 0xb
 293 0025 3B       		.uleb128 0x3b
 294 0026 0B       		.uleb128 0xb
 295 0027 49       		.uleb128 0x49
 296 0028 13       		.uleb128 0x13
 297 0029 00       		.byte	0
 298 002a 00       		.byte	0
 299 002b 04       		.uleb128 0x4
 300 002c 24       		.uleb128 0x24
 301 002d 00       		.byte	0
 302 002e 0B       		.uleb128 0xb
 303 002f 0B       		.uleb128 0xb
 304 0030 3E       		.uleb128 0x3e
 305 0031 0B       		.uleb128 0xb
 306 0032 03       		.uleb128 0x3
 307 0033 08       		.uleb128 0x8
ARM GAS  C:\Users\adria\AppData\Local\Temp\cce2hND8.s 			page 7


 308 0034 00       		.byte	0
 309 0035 00       		.byte	0
 310 0036 05       		.uleb128 0x5
 311 0037 2E       		.uleb128 0x2e
 312 0038 01       		.byte	0x1
 313 0039 3F       		.uleb128 0x3f
 314 003a 19       		.uleb128 0x19
 315 003b 03       		.uleb128 0x3
 316 003c 0E       		.uleb128 0xe
 317 003d 3A       		.uleb128 0x3a
 318 003e 0B       		.uleb128 0xb
 319 003f 3B       		.uleb128 0x3b
 320 0040 0B       		.uleb128 0xb
 321 0041 27       		.uleb128 0x27
 322 0042 19       		.uleb128 0x19
 323 0043 49       		.uleb128 0x49
 324 0044 13       		.uleb128 0x13
 325 0045 8701     		.uleb128 0x87
 326 0047 19       		.uleb128 0x19
 327 0048 11       		.uleb128 0x11
 328 0049 01       		.uleb128 0x1
 329 004a 12       		.uleb128 0x12
 330 004b 06       		.uleb128 0x6
 331 004c 40       		.uleb128 0x40
 332 004d 18       		.uleb128 0x18
 333 004e 9742     		.uleb128 0x2117
 334 0050 19       		.uleb128 0x19
 335 0051 01       		.uleb128 0x1
 336 0052 13       		.uleb128 0x13
 337 0053 00       		.byte	0
 338 0054 00       		.byte	0
 339 0055 06       		.uleb128 0x6
 340 0056 34       		.uleb128 0x34
 341 0057 00       		.byte	0
 342 0058 03       		.uleb128 0x3
 343 0059 0E       		.uleb128 0xe
 344 005a 3A       		.uleb128 0x3a
 345 005b 0B       		.uleb128 0xb
 346 005c 3B       		.uleb128 0x3b
 347 005d 0B       		.uleb128 0xb
 348 005e 49       		.uleb128 0x49
 349 005f 13       		.uleb128 0x13
 350 0060 00       		.byte	0
 351 0061 00       		.byte	0
 352 0062 07       		.uleb128 0x7
 353 0063 34       		.uleb128 0x34
 354 0064 00       		.byte	0
 355 0065 03       		.uleb128 0x3
 356 0066 08       		.uleb128 0x8
 357 0067 3A       		.uleb128 0x3a
 358 0068 0B       		.uleb128 0xb
 359 0069 3B       		.uleb128 0x3b
 360 006a 0B       		.uleb128 0xb
 361 006b 49       		.uleb128 0x49
 362 006c 13       		.uleb128 0x13
 363 006d 1C       		.uleb128 0x1c
 364 006e 0B       		.uleb128 0xb
ARM GAS  C:\Users\adria\AppData\Local\Temp\cce2hND8.s 			page 8


 365 006f 00       		.byte	0
 366 0070 00       		.byte	0
 367 0071 08       		.uleb128 0x8
 368 0072 34       		.uleb128 0x34
 369 0073 00       		.byte	0
 370 0074 03       		.uleb128 0x3
 371 0075 08       		.uleb128 0x8
 372 0076 3A       		.uleb128 0x3a
 373 0077 0B       		.uleb128 0xb
 374 0078 3B       		.uleb128 0x3b
 375 0079 0B       		.uleb128 0xb
 376 007a 49       		.uleb128 0x49
 377 007b 13       		.uleb128 0x13
 378 007c 02       		.uleb128 0x2
 379 007d 17       		.uleb128 0x17
 380 007e 00       		.byte	0
 381 007f 00       		.byte	0
 382 0080 09       		.uleb128 0x9
 383 0081 34       		.uleb128 0x34
 384 0082 00       		.byte	0
 385 0083 03       		.uleb128 0x3
 386 0084 0E       		.uleb128 0xe
 387 0085 3A       		.uleb128 0x3a
 388 0086 0B       		.uleb128 0xb
 389 0087 3B       		.uleb128 0x3b
 390 0088 0B       		.uleb128 0xb
 391 0089 49       		.uleb128 0x49
 392 008a 13       		.uleb128 0x13
 393 008b 1C       		.uleb128 0x1c
 394 008c 0B       		.uleb128 0xb
 395 008d 00       		.byte	0
 396 008e 00       		.byte	0
 397 008f 0A       		.uleb128 0xa
 398 0090 898201   		.uleb128 0x4109
 399 0093 00       		.byte	0
 400 0094 11       		.uleb128 0x11
 401 0095 01       		.uleb128 0x1
 402 0096 31       		.uleb128 0x31
 403 0097 13       		.uleb128 0x13
 404 0098 00       		.byte	0
 405 0099 00       		.byte	0
 406 009a 0B       		.uleb128 0xb
 407 009b 898201   		.uleb128 0x4109
 408 009e 01       		.byte	0x1
 409 009f 11       		.uleb128 0x11
 410 00a0 01       		.uleb128 0x1
 411 00a1 31       		.uleb128 0x31
 412 00a2 13       		.uleb128 0x13
 413 00a3 01       		.uleb128 0x1
 414 00a4 13       		.uleb128 0x13
 415 00a5 00       		.byte	0
 416 00a6 00       		.byte	0
 417 00a7 0C       		.uleb128 0xc
 418 00a8 8A8201   		.uleb128 0x410a
 419 00ab 00       		.byte	0
 420 00ac 02       		.uleb128 0x2
 421 00ad 18       		.uleb128 0x18
ARM GAS  C:\Users\adria\AppData\Local\Temp\cce2hND8.s 			page 9


 422 00ae 9142     		.uleb128 0x2111
 423 00b0 18       		.uleb128 0x18
 424 00b1 00       		.byte	0
 425 00b2 00       		.byte	0
 426 00b3 0D       		.uleb128 0xd
 427 00b4 34       		.uleb128 0x34
 428 00b5 00       		.byte	0
 429 00b6 03       		.uleb128 0x3
 430 00b7 0E       		.uleb128 0xe
 431 00b8 3A       		.uleb128 0x3a
 432 00b9 0B       		.uleb128 0xb
 433 00ba 3B       		.uleb128 0x3b
 434 00bb 05       		.uleb128 0x5
 435 00bc 49       		.uleb128 0x49
 436 00bd 13       		.uleb128 0x13
 437 00be 3F       		.uleb128 0x3f
 438 00bf 19       		.uleb128 0x19
 439 00c0 3C       		.uleb128 0x3c
 440 00c1 19       		.uleb128 0x19
 441 00c2 00       		.byte	0
 442 00c3 00       		.byte	0
 443 00c4 0E       		.uleb128 0xe
 444 00c5 35       		.uleb128 0x35
 445 00c6 00       		.byte	0
 446 00c7 49       		.uleb128 0x49
 447 00c8 13       		.uleb128 0x13
 448 00c9 00       		.byte	0
 449 00ca 00       		.byte	0
 450 00cb 0F       		.uleb128 0xf
 451 00cc 2E       		.uleb128 0x2e
 452 00cd 00       		.byte	0
 453 00ce 3F       		.uleb128 0x3f
 454 00cf 19       		.uleb128 0x19
 455 00d0 3C       		.uleb128 0x3c
 456 00d1 19       		.uleb128 0x19
 457 00d2 6E       		.uleb128 0x6e
 458 00d3 0E       		.uleb128 0xe
 459 00d4 03       		.uleb128 0x3
 460 00d5 0E       		.uleb128 0xe
 461 00d6 3A       		.uleb128 0x3a
 462 00d7 0B       		.uleb128 0xb
 463 00d8 3B       		.uleb128 0x3b
 464 00d9 0B       		.uleb128 0xb
 465 00da 00       		.byte	0
 466 00db 00       		.byte	0
 467 00dc 00       		.byte	0
 468              		.section	.debug_loc,"",%progbits
 469              	.Ldebug_loc0:
 470              	.LLST0:
 471 0000 0C000000 		.4byte	.LVL2
 472 0004 12000000 		.4byte	.LVL3
 473 0008 0100     		.2byte	0x1
 474 000a 50       		.byte	0x50
 475 000b 16000000 		.4byte	.LVL4
 476 000f 19000000 		.4byte	.LVL5-1
 477 0013 0100     		.2byte	0x1
 478 0015 50       		.byte	0x50
ARM GAS  C:\Users\adria\AppData\Local\Temp\cce2hND8.s 			page 10


 479 0016 00000000 		.4byte	0
 480 001a 00000000 		.4byte	0
 481              		.section	.debug_aranges,"",%progbits
 482 0000 1C000000 		.4byte	0x1c
 483 0004 0200     		.2byte	0x2
 484 0006 00000000 		.4byte	.Ldebug_info0
 485 000a 04       		.byte	0x4
 486 000b 00       		.byte	0
 487 000c 0000     		.2byte	0
 488 000e 0000     		.2byte	0
 489 0010 00000000 		.4byte	.LFB64
 490 0014 1C000000 		.4byte	.LFE64-.LFB64
 491 0018 00000000 		.4byte	0
 492 001c 00000000 		.4byte	0
 493              		.section	.debug_ranges,"",%progbits
 494              	.Ldebug_ranges0:
 495 0000 00000000 		.4byte	.LFB64
 496 0004 1C000000 		.4byte	.LFE64
 497 0008 00000000 		.4byte	0
 498 000c 00000000 		.4byte	0
 499              		.section	.debug_line,"",%progbits
 500              	.Ldebug_line0:
 501 0000 A2010000 		.section	.debug_str,"MS",%progbits,1
 501      02007601 
 501      00000201 
 501      FB0E0D00 
 501      01010101 
 502              	.LASF4:
 503 0000 5F5F7569 		.ascii	"__uint8_t\000"
 503      6E74385F 
 503      7400
 504              	.LASF5:
 505 000a 5F5F696E 		.ascii	"__int32_t\000"
 505      7433325F 
 505      7400
 506              	.LASF12:
 507 0014 696E7433 		.ascii	"int32_t\000"
 507      325F7400 
 508              	.LASF13:
 509 001c 666C6F61 		.ascii	"float\000"
 509      7400
 510              	.LASF1:
 511 0022 756E7369 		.ascii	"unsigned char\000"
 511      676E6564 
 511      20636861 
 511      7200
 512              	.LASF23:
 513 0030 474E5520 		.ascii	"GNU C11 5.4.1 20160609 (release) [ARM/embedded-5-br"
 513      43313120 
 513      352E342E 
 513      31203230 
 513      31363036 
 514 0063 616E6368 		.ascii	"anch revision 237715] -mcpu=cortex-m3 -mthumb -g -O"
 514      20726576 
 514      6973696F 
 514      6E203233 
 514      37373135 
ARM GAS  C:\Users\adria\AppData\Local\Temp\cce2hND8.s 			page 11


 515 0096 67202D66 		.ascii	"g -ffunction-sections -ffat-lto-objects\000"
 515      66756E63 
 515      74696F6E 
 515      2D736563 
 515      74696F6E 
 516              	.LASF7:
 517 00be 6C6F6E67 		.ascii	"long unsigned int\000"
 517      20756E73 
 517      69676E65 
 517      6420696E 
 517      7400
 518              	.LASF3:
 519 00d0 73686F72 		.ascii	"short unsigned int\000"
 519      7420756E 
 519      7369676E 
 519      65642069 
 519      6E7400
 520              	.LASF21:
 521 00e3 4469725F 		.ascii	"Dir_Motor\000"
 521      4D6F746F 
 521      7200
 522              	.LASF14:
 523 00ed 646F7562 		.ascii	"double\000"
 523      6C6500
 524              	.LASF26:
 525 00f4 6D61696E 		.ascii	"main\000"
 525      00
 526              	.LASF28:
 527 00f9 49544D5F 		.ascii	"ITM_RxBuffer\000"
 527      52784275 
 527      66666572 
 527      00
 528              	.LASF10:
 529 0106 756E7369 		.ascii	"unsigned int\000"
 529      676E6564 
 529      20696E74 
 529      00
 530              	.LASF9:
 531 0113 6C6F6E67 		.ascii	"long long unsigned int\000"
 531      206C6F6E 
 531      6720756E 
 531      7369676E 
 531      65642069 
 532              	.LASF11:
 533 012a 75696E74 		.ascii	"uint8_t\000"
 533      385F7400 
 534              	.LASF16:
 535 0132 6C6F6E67 		.ascii	"long double\000"
 535      20646F75 
 535      626C6500 
 536              	.LASF17:
 537 013e 73697A65 		.ascii	"sizetype\000"
 537      74797065 
 537      00
 538              	.LASF8:
 539 0147 6C6F6E67 		.ascii	"long long int\000"
 539      206C6F6E 
ARM GAS  C:\Users\adria\AppData\Local\Temp\cce2hND8.s 			page 12


 539      6720696E 
 539      7400
 540              	.LASF24:
 541 0155 6D61696E 		.ascii	"main.c\000"
 541      2E6300
 542              	.LASF22:
 543 015c 436F6E74 		.ascii	"Control_Hdriver_Write\000"
 543      726F6C5F 
 543      48647269 
 543      7665725F 
 543      57726974 
 544              	.LASF2:
 545 0172 73686F72 		.ascii	"short int\000"
 545      7420696E 
 545      7400
 546              	.LASF25:
 547 017c 443A5C47 		.ascii	"D:\\GITHUB\\Psoc_Projectos_propios\\SEGUIDOR_DE_LIN"
 547      49544855 
 547      425C5073 
 547      6F635F50 
 547      726F6A65 
 548 01ac 45415C50 		.ascii	"EA\\Psoc_codigo\\Seguidor\\Seguidor.cydsn\000"
 548      736F635F 
 548      636F6469 
 548      676F5C53 
 548      65677569 
 549              	.LASF27:
 550 01d3 53656E73 		.ascii	"Sensores\000"
 550      6F726573 
 550      00
 551              	.LASF6:
 552 01dc 6C6F6E67 		.ascii	"long int\000"
 552      20696E74 
 552      00
 553              	.LASF15:
 554 01e5 63686172 		.ascii	"char\000"
 554      00
 555              	.LASF20:
 556 01ea 436F6E74 		.ascii	"Control_Hdriver_Read\000"
 556      726F6C5F 
 556      48647269 
 556      7665725F 
 556      52656164 
 557              	.LASF18:
 558 01ff 4D6F746F 		.ascii	"Motor\000"
 558      7200
 559              	.LASF0:
 560 0205 7369676E 		.ascii	"signed char\000"
 560      65642063 
 560      68617200 
 561              	.LASF19:
 562 0211 53656E73 		.ascii	"Sensores_Read\000"
 562      6F726573 
 562      5F526561 
 562      6400
 563              		.ident	"GCC: (GNU Tools for ARM Embedded Processors) 5.4.1 20160609 (release) [ARM/embedded-5-bran
