ARM GAS  C:\Users\adria\AppData\Local\Temp\ccCajzMP.s 			page 1


   1              		.syntax unified
   2              		.cpu cortex-m3
   3              		.fpu softvfp
   4              		.eabi_attribute 20, 1
   5              		.eabi_attribute 21, 1
   6              		.eabi_attribute 23, 3
   7              		.eabi_attribute 24, 1
   8              		.eabi_attribute 25, 1
   9              		.eabi_attribute 26, 1
  10              		.eabi_attribute 30, 1
  11              		.eabi_attribute 34, 1
  12              		.eabi_attribute 18, 4
  13              		.thumb
  14              		.syntax unified
  15              		.file	"cymetadata.c"
  16              		.text
  17              	.Ltext0:
  18              		.cfi_sections	.debug_frame
  19              		.global	cy_metadata
  20              		.global	cy_meta_flashprotect
  21              		.global	cy_meta_wonvl
  22              		.global	cy_meta_custnvl
  23              		.global	cy_meta_configecc
  24              		.section	.cyconfigecc,"a",%progbits
  25              		.align	2
  26              		.type	cy_meta_configecc, %object
  27              		.size	cy_meta_configecc, 1952
  28              	cy_meta_configecc:
  29 0000 06       		.byte	6
  30 0001 52       		.byte	82
  31 0002 00       		.byte	0
  32 0003 40       		.byte	64
  33 0004 03       		.byte	3
  34 0005 64       		.byte	100
  35 0006 00       		.byte	0
  36 0007 40       		.byte	64
  37 0008 04       		.byte	4
  38 0009 65       		.byte	101
  39 000a 00       		.byte	0
  40 000b 40       		.byte	64
  41 000c 02       		.byte	2
  42 000d 01       		.byte	1
  43 000e 01       		.byte	1
  44 000f 40       		.byte	64
  45 0010 02       		.byte	2
  46 0011 03       		.byte	3
  47 0012 01       		.byte	1
  48 0013 40       		.byte	64
  49 0014 49       		.byte	73
  50 0015 04       		.byte	4
  51 0016 01       		.byte	1
  52 0017 40       		.byte	64
  53 0018 40       		.byte	64
  54 0019 05       		.byte	5
  55 001a 01       		.byte	1
  56 001b 40       		.byte	64
  57 001c 09       		.byte	9
ARM GAS  C:\Users\adria\AppData\Local\Temp\ccCajzMP.s 			page 2


  58 001d 06       		.byte	6
  59 001e 01       		.byte	1
  60 001f 40       		.byte	64
  61 0020 48       		.byte	72
  62 0021 07       		.byte	7
  63 0022 01       		.byte	1
  64 0023 40       		.byte	64
  65 0024 02       		.byte	2
  66 0025 09       		.byte	9
  67 0026 01       		.byte	1
  68 0027 40       		.byte	64
  69 0028 02       		.byte	2
  70 0029 0B       		.byte	11
  71 002a 01       		.byte	1
  72 002b 40       		.byte	64
  73 002c 5D       		.byte	93
  74 002d 14       		.byte	20
  75 002e 01       		.byte	1
  76 002f 40       		.byte	64
  77 0030 4F       		.byte	79
  78 0031 15       		.byte	21
  79 0032 01       		.byte	1
  80 0033 40       		.byte	64
  81 0034 55       		.byte	85
  82 0035 16       		.byte	22
  83 0036 01       		.byte	1
  84 0037 40       		.byte	64
  85 0038 4C       		.byte	76
  86 0039 17       		.byte	23
  87 003a 01       		.byte	1
  88 003b 40       		.byte	64
  89 003c 02       		.byte	2
  90 003d 19       		.byte	25
  91 003e 01       		.byte	1
  92 003f 40       		.byte	64
  93 0040 10       		.byte	16
  94 0041 1A       		.byte	26
  95 0042 01       		.byte	1
  96 0043 40       		.byte	64
  97 0044 3E       		.byte	62
  98 0045 1B       		.byte	27
  99 0046 01       		.byte	1
 100 0047 40       		.byte	64
 101 0048 07       		.byte	7
 102 0049 40       		.byte	64
 103 004a 01       		.byte	1
 104 004b 40       		.byte	64
 105 004c 07       		.byte	7
 106 004d 41       		.byte	65
 107 004e 01       		.byte	1
 108 004f 40       		.byte	64
 109 0050 08       		.byte	8
 110 0051 42       		.byte	66
 111 0052 01       		.byte	1
 112 0053 40       		.byte	64
 113 0054 0C       		.byte	12
 114 0055 43       		.byte	67
ARM GAS  C:\Users\adria\AppData\Local\Temp\ccCajzMP.s 			page 3


 115 0056 01       		.byte	1
 116 0057 40       		.byte	64
 117 0058 02       		.byte	2
 118 0059 44       		.byte	68
 119 005a 01       		.byte	1
 120 005b 40       		.byte	64
 121 005c 05       		.byte	5
 122 005d 45       		.byte	69
 123 005e 01       		.byte	1
 124 005f 40       		.byte	64
 125 0060 04       		.byte	4
 126 0061 46       		.byte	70
 127 0062 01       		.byte	1
 128 0063 40       		.byte	64
 129 0064 04       		.byte	4
 130 0065 47       		.byte	71
 131 0066 01       		.byte	1
 132 0067 40       		.byte	64
 133 0068 0D       		.byte	13
 134 0069 48       		.byte	72
 135 006a 01       		.byte	1
 136 006b 40       		.byte	64
 137 006c 13       		.byte	19
 138 006d 49       		.byte	73
 139 006e 01       		.byte	1
 140 006f 40       		.byte	64
 141 0070 03       		.byte	3
 142 0071 4C       		.byte	76
 143 0072 01       		.byte	1
 144 0073 40       		.byte	64
 145 0074 0E       		.byte	14
 146 0075 4D       		.byte	77
 147 0076 01       		.byte	1
 148 0077 40       		.byte	64
 149 0078 05       		.byte	5
 150 0079 50       		.byte	80
 151 007a 01       		.byte	1
 152 007b 40       		.byte	64
 153 007c 02       		.byte	2
 154 007d 51       		.byte	81
 155 007e 01       		.byte	1
 156 007f 40       		.byte	64
 157 0080 10       		.byte	16
 158 0081 01       		.byte	1
 159 0082 11       		.byte	17
 160 0083 01       		.byte	1
 161 0084 18       		.byte	24
 162 0085 58       		.byte	88
 163 0086 19       		.byte	25
 164 0087 C4       		.byte	-60
 165 0088 78       		.byte	120
 166 0089 02       		.byte	2
 167 008a 7C       		.byte	124
 168 008b 08       		.byte	8
 169 008c 84       		.byte	-124
 170 008d 38       		.byte	56
 171 008e 85       		.byte	-123
ARM GAS  C:\Users\adria\AppData\Local\Temp\ccCajzMP.s 			page 4


 172 008f 38       		.byte	56
 173 0090 86       		.byte	-122
 174 0091 72       		.byte	114
 175 0092 77       		.byte	119
 176 0093 0F       		.byte	15
 177 0094 86       		.byte	-122
 178 0095 0F       		.byte	15
 179 0096 87       		.byte	-121
 180 0097 0F       		.byte	15
 181 0098 8B       		.byte	-117
 182 0099 72       		.byte	114
 183 009a 8E       		.byte	-114
 184 009b 01       		.byte	1
 185 009c E6       		.byte	-26
 186 009d 40       		.byte	64
 187 009e 84       		.byte	-124
 188 009f 80       		.byte	-128
 189 00a0 9E       		.byte	-98
 190 00a1 01       		.byte	1
 191 00a2 06       		.byte	6
 192 00a3 20       		.byte	32
 193 00a4 07       		.byte	7
 194 00a5 02       		.byte	2
 195 00a6 08       		.byte	8
 196 00a7 04       		.byte	4
 197 00a8 09       		.byte	9
 198 00a9 06       		.byte	6
 199 00aa 0A       		.byte	10
 200 00ab 18       		.byte	24
 201 00ac 0D       		.byte	13
 202 00ad 01       		.byte	1
 203 00ae 0E       		.byte	14
 204 00af 30       		.byte	48
 205 00b0 10       		.byte	16
 206 00b1 30       		.byte	48
 207 00b2 12       		.byte	18
 208 00b3 0C       		.byte	12
 209 00b4 16       		.byte	22
 210 00b5 01       		.byte	1
 211 00b6 19       		.byte	25
 212 00b7 06       		.byte	6
 213 00b8 1A       		.byte	26
 214 00b9 01       		.byte	1
 215 00ba 1C       		.byte	28
 216 00bb 02       		.byte	2
 217 00bc 22       		.byte	34
 218 00bd 0C       		.byte	12
 219 00be 25       		.byte	37
 220 00bf 04       		.byte	4
 221 00c0 28       		.byte	40
 222 00c1 04       		.byte	4
 223 00c2 2A       		.byte	42
 224 00c3 38       		.byte	56
 225 00c4 30       		.byte	48
 226 00c5 3C       		.byte	60
 227 00c6 32       		.byte	50
 228 00c7 01       		.byte	1
ARM GAS  C:\Users\adria\AppData\Local\Temp\ccCajzMP.s 			page 5


 229 00c8 33       		.byte	51
 230 00c9 01       		.byte	1
 231 00ca 34       		.byte	52
 232 00cb 02       		.byte	2
 233 00cc 35       		.byte	53
 234 00cd 06       		.byte	6
 235 00ce 39       		.byte	57
 236 00cf 20       		.byte	32
 237 00d0 3A       		.byte	58
 238 00d1 02       		.byte	2
 239 00d2 3E       		.byte	62
 240 00d3 14       		.byte	20
 241 00d4 3F       		.byte	63
 242 00d5 14       		.byte	20
 243 00d6 40       		.byte	64
 244 00d7 02       		.byte	2
 245 00d8 46       		.byte	70
 246 00d9 40       		.byte	64
 247 00da 49       		.byte	73
 248 00db FF       		.byte	-1
 249 00dc 4A       		.byte	74
 250 00dd 07       		.byte	7
 251 00de 4B       		.byte	75
 252 00df FF       		.byte	-1
 253 00e0 4C       		.byte	76
 254 00e1 40       		.byte	64
 255 00e2 4D       		.byte	77
 256 00e3 20       		.byte	32
 257 00e4 4E       		.byte	78
 258 00e5 F0       		.byte	-16
 259 00e6 4F       		.byte	79
 260 00e7 05       		.byte	5
 261 00e8 50       		.byte	80
 262 00e9 08       		.byte	8
 263 00ea 54       		.byte	84
 264 00eb 18       		.byte	24
 265 00ec 56       		.byte	86
 266 00ed 04       		.byte	4
 267 00ee 58       		.byte	88
 268 00ef 04       		.byte	4
 269 00f0 59       		.byte	89
 270 00f1 04       		.byte	4
 271 00f2 5A       		.byte	90
 272 00f3 04       		.byte	4
 273 00f4 5B       		.byte	91
 274 00f5 04       		.byte	4
 275 00f6 5D       		.byte	93
 276 00f7 01       		.byte	1
 277 00f8 5F       		.byte	95
 278 00f9 01       		.byte	1
 279 00fa 60       		.byte	96
 280 00fb 40       		.byte	64
 281 00fc 61       		.byte	97
 282 00fd A8       		.byte	-88
 283 00fe 62       		.byte	98
 284 00ff 40       		.byte	64
 285 0100 63       		.byte	99
ARM GAS  C:\Users\adria\AppData\Local\Temp\ccCajzMP.s 			page 6


 286 0101 20       		.byte	32
 287 0102 82       		.byte	-126
 288 0103 01       		.byte	1
 289 0104 86       		.byte	-122
 290 0105 01       		.byte	1
 291 0106 8A       		.byte	-118
 292 0107 02       		.byte	2
 293 0108 8E       		.byte	-114
 294 0109 02       		.byte	2
 295 010a 94       		.byte	-108
 296 010b 04       		.byte	4
 297 010c 9C       		.byte	-100
 298 010d 01       		.byte	1
 299 010e 9F       		.byte	-97
 300 010f 01       		.byte	1
 301 0110 A3       		.byte	-93
 302 0111 01       		.byte	1
 303 0112 A8       		.byte	-88
 304 0113 01       		.byte	1
 305 0114 B0       		.byte	-80
 306 0115 01       		.byte	1
 307 0116 B2       		.byte	-78
 308 0117 02       		.byte	2
 309 0118 B4       		.byte	-76
 310 0119 04       		.byte	4
 311 011a B7       		.byte	-73
 312 011b 01       		.byte	1
 313 011c B8       		.byte	-72
 314 011d 02       		.byte	2
 315 011e BA       		.byte	-70
 316 011f 80       		.byte	-128
 317 0120 BE       		.byte	-66
 318 0121 14       		.byte	20
 319 0122 BF       		.byte	-65
 320 0123 40       		.byte	64
 321 0124 D4       		.byte	-44
 322 0125 18       		.byte	24
 323 0126 D6       		.byte	-42
 324 0127 04       		.byte	4
 325 0128 D8       		.byte	-40
 326 0129 04       		.byte	4
 327 012a D9       		.byte	-39
 328 012b 04       		.byte	4
 329 012c DB       		.byte	-37
 330 012d 04       		.byte	4
 331 012e DC       		.byte	-36
 332 012f 01       		.byte	1
 333 0130 DD       		.byte	-35
 334 0131 10       		.byte	16
 335 0132 DF       		.byte	-33
 336 0133 01       		.byte	1
 337 0134 00       		.byte	0
 338 0135 A0       		.byte	-96
 339 0136 01       		.byte	1
 340 0137 08       		.byte	8
 341 0138 04       		.byte	4
 342 0139 40       		.byte	64
ARM GAS  C:\Users\adria\AppData\Local\Temp\ccCajzMP.s 			page 7


 343 013a 05       		.byte	5
 344 013b 01       		.byte	1
 345 013c 06       		.byte	6
 346 013d 04       		.byte	4
 347 013e 07       		.byte	7
 348 013f 20       		.byte	32
 349 0140 08       		.byte	8
 350 0141 08       		.byte	8
 351 0142 09       		.byte	9
 352 0143 20       		.byte	32
 353 0144 0A       		.byte	10
 354 0145 81       		.byte	-127
 355 0146 0D       		.byte	13
 356 0147 08       		.byte	8
 357 0148 0E       		.byte	14
 358 0149 02       		.byte	2
 359 014a 10       		.byte	16
 360 014b 04       		.byte	4
 361 014c 12       		.byte	18
 362 014d 40       		.byte	64
 363 014e 15       		.byte	21
 364 014f 10       		.byte	16
 365 0150 18       		.byte	24
 366 0151 10       		.byte	16
 367 0152 1A       		.byte	26
 368 0153 80       		.byte	-128
 369 0154 1B       		.byte	27
 370 0155 20       		.byte	32
 371 0156 1C       		.byte	28
 372 0157 40       		.byte	64
 373 0158 1E       		.byte	30
 374 0159 0A       		.byte	10
 375 015a 1F       		.byte	31
 376 015b 04       		.byte	4
 377 015c 20       		.byte	32
 378 015d 04       		.byte	4
 379 015e 22       		.byte	34
 380 015f 04       		.byte	4
 381 0160 27       		.byte	39
 382 0161 01       		.byte	1
 383 0162 29       		.byte	41
 384 0163 04       		.byte	4
 385 0164 2F       		.byte	47
 386 0165 40       		.byte	64
 387 0166 31       		.byte	49
 388 0167 10       		.byte	16
 389 0168 36       		.byte	54
 390 0169 80       		.byte	-128
 391 016a 38       		.byte	56
 392 016b A8       		.byte	-88
 393 016c 40       		.byte	64
 394 016d 04       		.byte	4
 395 016e 46       		.byte	70
 396 016f 80       		.byte	-128
 397 0170 47       		.byte	71
 398 0171 01       		.byte	1
 399 0172 50       		.byte	80
ARM GAS  C:\Users\adria\AppData\Local\Temp\ccCajzMP.s 			page 8


 400 0173 04       		.byte	4
 401 0174 51       		.byte	81
 402 0175 10       		.byte	16
 403 0176 58       		.byte	88
 404 0177 01       		.byte	1
 405 0178 5F       		.byte	95
 406 0179 02       		.byte	2
 407 017a 60       		.byte	96
 408 017b 02       		.byte	2
 409 017c 62       		.byte	98
 410 017d 02       		.byte	2
 411 017e 63       		.byte	99
 412 017f 04       		.byte	4
 413 0180 64       		.byte	100
 414 0181 80       		.byte	-128
 415 0182 66       		.byte	102
 416 0183 80       		.byte	-128
 417 0184 67       		.byte	103
 418 0185 08       		.byte	8
 419 0186 6D       		.byte	109
 420 0187 A8       		.byte	-88
 421 0188 6F       		.byte	111
 422 0189 40       		.byte	64
 423 018a 76       		.byte	118
 424 018b 02       		.byte	2
 425 018c 77       		.byte	119
 426 018d 04       		.byte	4
 427 018e 83       		.byte	-125
 428 018f 60       		.byte	96
 429 0190 85       		.byte	-123
 430 0191 20       		.byte	32
 431 0192 86       		.byte	-122
 432 0193 02       		.byte	2
 433 0194 8A       		.byte	-118
 434 0195 02       		.byte	2
 435 0196 8D       		.byte	-115
 436 0197 04       		.byte	4
 437 0198 9C       		.byte	-100
 438 0199 80       		.byte	-128
 439 019a 9E       		.byte	-98
 440 019b 01       		.byte	1
 441 019c C0       		.byte	-64
 442 019d F7       		.byte	-9
 443 019e C2       		.byte	-62
 444 019f AF       		.byte	-81
 445 01a0 C4       		.byte	-60
 446 01a1 4A       		.byte	74
 447 01a2 CA       		.byte	-54
 448 01a3 82       		.byte	-126
 449 01a4 CC       		.byte	-52
 450 01a5 14       		.byte	20
 451 01a6 CE       		.byte	-50
 452 01a7 0E       		.byte	14
 453 01a8 D0       		.byte	-48
 454 01a9 04       		.byte	4
 455 01aa D6       		.byte	-42
 456 01ab 81       		.byte	-127
ARM GAS  C:\Users\adria\AppData\Local\Temp\ccCajzMP.s 			page 9


 457 01ac D8       		.byte	-40
 458 01ad BD       		.byte	-67
 459 01ae E2       		.byte	-30
 460 01af 88       		.byte	-120
 461 01b0 E4       		.byte	-28
 462 01b1 04       		.byte	4
 463 01b2 E6       		.byte	-26
 464 01b3 40       		.byte	64
 465 01b4 87       		.byte	-121
 466 01b5 01       		.byte	1
 467 01b6 89       		.byte	-119
 468 01b7 01       		.byte	1
 469 01b8 99       		.byte	-103
 470 01b9 01       		.byte	1
 471 01ba A7       		.byte	-89
 472 01bb 01       		.byte	1
 473 01bc AB       		.byte	-85
 474 01bd 01       		.byte	1
 475 01be B1       		.byte	-79
 476 01bf 01       		.byte	1
 477 01c0 BF       		.byte	-65
 478 01c1 01       		.byte	1
 479 01c2 D9       		.byte	-39
 480 01c3 04       		.byte	4
 481 01c4 DF       		.byte	-33
 482 01c5 01       		.byte	1
 483 01c6 04       		.byte	4
 484 01c7 12       		.byte	18
 485 01c8 06       		.byte	6
 486 01c9 20       		.byte	32
 487 01ca 07       		.byte	7
 488 01cb 01       		.byte	1
 489 01cc 09       		.byte	9
 490 01cd 02       		.byte	2
 491 01ce 0B       		.byte	11
 492 01cf 80       		.byte	-128
 493 01d0 0C       		.byte	12
 494 01d1 20       		.byte	32
 495 01d2 0E       		.byte	14
 496 01d3 62       		.byte	98
 497 01d4 16       		.byte	22
 498 01d5 82       		.byte	-126
 499 01d6 17       		.byte	23
 500 01d7 28       		.byte	40
 501 01d8 1C       		.byte	28
 502 01d9 08       		.byte	8
 503 01da 1D       		.byte	29
 504 01db 01       		.byte	1
 505 01dc 1E       		.byte	30
 506 01dd 60       		.byte	96
 507 01de 1F       		.byte	31
 508 01df 45       		.byte	69
 509 01e0 20       		.byte	32
 510 01e1 40       		.byte	64
 511 01e2 24       		.byte	36
 512 01e3 04       		.byte	4
 513 01e4 26       		.byte	38
ARM GAS  C:\Users\adria\AppData\Local\Temp\ccCajzMP.s 			page 10


 514 01e5 08       		.byte	8
 515 01e6 27       		.byte	39
 516 01e7 22       		.byte	34
 517 01e8 29       		.byte	41
 518 01e9 04       		.byte	4
 519 01ea 2B       		.byte	43
 520 01eb 0C       		.byte	12
 521 01ec 2C       		.byte	44
 522 01ed 20       		.byte	32
 523 01ee 2D       		.byte	45
 524 01ef 10       		.byte	16
 525 01f0 2F       		.byte	47
 526 01f1 95       		.byte	-107
 527 01f2 31       		.byte	49
 528 01f3 10       		.byte	16
 529 01f4 33       		.byte	51
 530 01f5 10       		.byte	16
 531 01f6 36       		.byte	54
 532 01f7 2B       		.byte	43
 533 01f8 37       		.byte	55
 534 01f9 40       		.byte	64
 535 01fa 38       		.byte	56
 536 01fb 28       		.byte	40
 537 01fc 3A       		.byte	58
 538 01fd 10       		.byte	16
 539 01fe 3E       		.byte	62
 540 01ff AA       		.byte	-86
 541 0200 46       		.byte	70
 542 0201 10       		.byte	16
 543 0202 47       		.byte	71
 544 0203 10       		.byte	16
 545 0204 4C       		.byte	76
 546 0205 04       		.byte	4
 547 0206 4D       		.byte	77
 548 0207 01       		.byte	1
 549 0208 4F       		.byte	79
 550 0209 08       		.byte	8
 551 020a 55       		.byte	85
 552 020b 09       		.byte	9
 553 020c 5C       		.byte	92
 554 020d 04       		.byte	4
 555 020e 6D       		.byte	109
 556 020f 40       		.byte	64
 557 0210 6E       		.byte	110
 558 0211 04       		.byte	4
 559 0212 6F       		.byte	111
 560 0213 04       		.byte	4
 561 0214 76       		.byte	118
 562 0215 2A       		.byte	42
 563 0216 77       		.byte	119
 564 0217 08       		.byte	8
 565 0218 84       		.byte	-124
 566 0219 04       		.byte	4
 567 021a 8C       		.byte	-116
 568 021b 80       		.byte	-128
 569 021c 90       		.byte	-112
 570 021d 08       		.byte	8
ARM GAS  C:\Users\adria\AppData\Local\Temp\ccCajzMP.s 			page 11


 571 021e 91       		.byte	-111
 572 021f 20       		.byte	32
 573 0220 92       		.byte	-110
 574 0221 88       		.byte	-120
 575 0222 94       		.byte	-108
 576 0223 A0       		.byte	-96
 577 0224 95       		.byte	-107
 578 0225 10       		.byte	16
 579 0226 96       		.byte	-106
 580 0227 01       		.byte	1
 581 0228 97       		.byte	-105
 582 0229 84       		.byte	-124
 583 022a 9C       		.byte	-100
 584 022b 0D       		.byte	13
 585 022c 9D       		.byte	-99
 586 022d 1D       		.byte	29
 587 022e 9E       		.byte	-98
 588 022f 45       		.byte	69
 589 0230 9F       		.byte	-97
 590 0231 22       		.byte	34
 591 0232 A2       		.byte	-94
 592 0233 05       		.byte	5
 593 0234 A4       		.byte	-92
 594 0235 50       		.byte	80
 595 0236 A5       		.byte	-91
 596 0237 08       		.byte	8
 597 0238 A6       		.byte	-90
 598 0239 80       		.byte	-128
 599 023a A9       		.byte	-87
 600 023b 10       		.byte	16
 601 023c B1       		.byte	-79
 602 023d 40       		.byte	64
 603 023e B4       		.byte	-76
 604 023f 12       		.byte	18
 605 0240 B7       		.byte	-73
 606 0241 04       		.byte	4
 607 0242 C0       		.byte	-64
 608 0243 F0       		.byte	-16
 609 0244 C2       		.byte	-62
 610 0245 F0       		.byte	-16
 611 0246 C4       		.byte	-60
 612 0247 F0       		.byte	-16
 613 0248 CA       		.byte	-54
 614 0249 F6       		.byte	-10
 615 024a CC       		.byte	-52
 616 024b F4       		.byte	-12
 617 024c CE       		.byte	-50
 618 024d F6       		.byte	-10
 619 024e D0       		.byte	-48
 620 024f 60       		.byte	96
 621 0250 D2       		.byte	-46
 622 0251 20       		.byte	32
 623 0252 D6       		.byte	-42
 624 0253 40       		.byte	64
 625 0254 EE       		.byte	-18
 626 0255 30       		.byte	48
 627 0256 97       		.byte	-105
ARM GAS  C:\Users\adria\AppData\Local\Temp\ccCajzMP.s 			page 12


 628 0257 80       		.byte	-128
 629 0258 E4       		.byte	-28
 630 0259 40       		.byte	64
 631 025a 87       		.byte	-121
 632 025b 40       		.byte	64
 633 025c E4       		.byte	-28
 634 025d 04       		.byte	4
 635 025e 02       		.byte	2
 636 025f A0       		.byte	-96
 637 0260 04       		.byte	4
 638 0261 E0       		.byte	-32
 639 0262 07       		.byte	7
 640 0263 40       		.byte	64
 641 0264 0A       		.byte	10
 642 0265 03       		.byte	3
 643 0266 0C       		.byte	12
 644 0267 10       		.byte	16
 645 0268 0D       		.byte	13
 646 0269 20       		.byte	32
 647 026a 0F       		.byte	15
 648 026b 05       		.byte	5
 649 026c 10       		.byte	16
 650 026d 40       		.byte	64
 651 026e 12       		.byte	18
 652 026f 80       		.byte	-128
 653 0270 13       		.byte	19
 654 0271 08       		.byte	8
 655 0272 14       		.byte	20
 656 0273 1C       		.byte	28
 657 0274 15       		.byte	21
 658 0275 13       		.byte	19
 659 0276 16       		.byte	22
 660 0277 02       		.byte	2
 661 0278 17       		.byte	23
 662 0279 0C       		.byte	12
 663 027a 18       		.byte	24
 664 027b E0       		.byte	-32
 665 027c 19       		.byte	25
 666 027d 03       		.byte	3
 667 027e 1B       		.byte	27
 668 027f 04       		.byte	4
 669 0280 1C       		.byte	28
 670 0281 0C       		.byte	12
 671 0282 1D       		.byte	29
 672 0283 0A       		.byte	10
 673 0284 1E       		.byte	30
 674 0285 11       		.byte	17
 675 0286 1F       		.byte	31
 676 0287 14       		.byte	20
 677 0288 20       		.byte	32
 678 0289 14       		.byte	20
 679 028a 23       		.byte	35
 680 028b 40       		.byte	64
 681 028c 25       		.byte	37
 682 028d 13       		.byte	19
 683 028e 26       		.byte	38
 684 028f 80       		.byte	-128
ARM GAS  C:\Users\adria\AppData\Local\Temp\ccCajzMP.s 			page 13


 685 0290 27       		.byte	39
 686 0291 04       		.byte	4
 687 0292 28       		.byte	40
 688 0293 09       		.byte	9
 689 0294 2A       		.byte	42
 690 0295 10       		.byte	16
 691 0296 2C       		.byte	44
 692 0297 10       		.byte	16
 693 0298 2E       		.byte	46
 694 0299 0C       		.byte	12
 695 029a 30       		.byte	48
 696 029b 80       		.byte	-128
 697 029c 31       		.byte	49
 698 029d 30       		.byte	48
 699 029e 32       		.byte	50
 700 029f 1F       		.byte	31
 701 02a0 33       		.byte	51
 702 02a1 0F       		.byte	15
 703 02a2 34       		.byte	52
 704 02a3 60       		.byte	96
 705 02a4 35       		.byte	53
 706 02a5 40       		.byte	64
 707 02a6 38       		.byte	56
 708 02a7 20       		.byte	32
 709 02a8 39       		.byte	57
 710 02a9 02       		.byte	2
 711 02aa 3B       		.byte	59
 712 02ab 08       		.byte	8
 713 02ac 3E       		.byte	62
 714 02ad 11       		.byte	17
 715 02ae 3F       		.byte	63
 716 02af 10       		.byte	16
 717 02b0 40       		.byte	64
 718 02b1 35       		.byte	53
 719 02b2 41       		.byte	65
 720 02b3 02       		.byte	2
 721 02b4 45       		.byte	69
 722 02b5 0C       		.byte	12
 723 02b6 46       		.byte	70
 724 02b7 0E       		.byte	14
 725 02b8 47       		.byte	71
 726 02b9 0B       		.byte	11
 727 02ba 48       		.byte	72
 728 02bb 15       		.byte	21
 729 02bc 49       		.byte	73
 730 02bd FF       		.byte	-1
 731 02be 4A       		.byte	74
 732 02bf FF       		.byte	-1
 733 02c0 4B       		.byte	75
 734 02c1 FF       		.byte	-1
 735 02c2 4E       		.byte	78
 736 02c3 F0       		.byte	-16
 737 02c4 4F       		.byte	79
 738 02c5 44       		.byte	68
 739 02c6 50       		.byte	80
 740 02c7 0C       		.byte	12
 741 02c8 58       		.byte	88
ARM GAS  C:\Users\adria\AppData\Local\Temp\ccCajzMP.s 			page 14


 742 02c9 04       		.byte	4
 743 02ca 59       		.byte	89
 744 02cb 04       		.byte	4
 745 02cc 5A       		.byte	90
 746 02cd 04       		.byte	4
 747 02ce 5B       		.byte	91
 748 02cf 04       		.byte	4
 749 02d0 5C       		.byte	92
 750 02d1 01       		.byte	1
 751 02d2 5F       		.byte	95
 752 02d3 01       		.byte	1
 753 02d4 66       		.byte	102
 754 02d5 C0       		.byte	-64
 755 02d6 6A       		.byte	106
 756 02d7 40       		.byte	64
 757 02d8 6B       		.byte	107
 758 02d9 02       		.byte	2
 759 02da 85       		.byte	-123
 760 02db 0D       		.byte	13
 761 02dc 86       		.byte	-122
 762 02dd 03       		.byte	3
 763 02de 87       		.byte	-121
 764 02df 30       		.byte	48
 765 02e0 88       		.byte	-120
 766 02e1 01       		.byte	1
 767 02e2 8A       		.byte	-118
 768 02e3 0E       		.byte	14
 769 02e4 8B       		.byte	-117
 770 02e5 20       		.byte	32
 771 02e6 8C       		.byte	-116
 772 02e7 01       		.byte	1
 773 02e8 8E       		.byte	-114
 774 02e9 16       		.byte	22
 775 02ea 94       		.byte	-108
 776 02eb 1C       		.byte	28
 777 02ec 95       		.byte	-107
 778 02ed 28       		.byte	40
 779 02ee 96       		.byte	-106
 780 02ef 03       		.byte	3
 781 02f0 97       		.byte	-105
 782 02f1 11       		.byte	17
 783 02f2 99       		.byte	-103
 784 02f3 0D       		.byte	13
 785 02f4 9B       		.byte	-101
 786 02f5 10       		.byte	16
 787 02f6 A5       		.byte	-91
 788 02f7 02       		.byte	2
 789 02f8 A6       		.byte	-90
 790 02f9 1C       		.byte	28
 791 02fa A7       		.byte	-89
 792 02fb 14       		.byte	20
 793 02fc A9       		.byte	-87
 794 02fd 0C       		.byte	12
 795 02fe AA       		.byte	-86
 796 02ff 08       		.byte	8
 797 0300 AB       		.byte	-85
 798 0301 10       		.byte	16
ARM GAS  C:\Users\adria\AppData\Local\Temp\ccCajzMP.s 			page 15


 799 0302 B2       		.byte	-78
 800 0303 0F       		.byte	15
 801 0304 B3       		.byte	-77
 802 0305 3C       		.byte	60
 803 0306 B4       		.byte	-76
 804 0307 1A       		.byte	26
 805 0308 B5       		.byte	-75
 806 0309 03       		.byte	3
 807 030a B9       		.byte	-71
 808 030b 20       		.byte	32
 809 030c BA       		.byte	-70
 810 030d 28       		.byte	40
 811 030e BB       		.byte	-69
 812 030f 08       		.byte	8
 813 0310 D8       		.byte	-40
 814 0311 04       		.byte	4
 815 0312 D9       		.byte	-39
 816 0313 04       		.byte	4
 817 0314 DC       		.byte	-36
 818 0315 11       		.byte	17
 819 0316 DF       		.byte	-33
 820 0317 01       		.byte	1
 821 0318 00       		.byte	0
 822 0319 10       		.byte	16
 823 031a 02       		.byte	2
 824 031b 40       		.byte	64
 825 031c 03       		.byte	3
 826 031d 21       		.byte	33
 827 031e 04       		.byte	4
 828 031f 08       		.byte	8
 829 0320 05       		.byte	5
 830 0321 18       		.byte	24
 831 0322 06       		.byte	6
 832 0323 01       		.byte	1
 833 0324 0A       		.byte	10
 834 0325 98       		.byte	-104
 835 0326 0B       		.byte	11
 836 0327 02       		.byte	2
 837 0328 0E       		.byte	14
 838 0329 10       		.byte	16
 839 032a 10       		.byte	16
 840 032b 30       		.byte	48
 841 032c 11       		.byte	17
 842 032d 22       		.byte	34
 843 032e 12       		.byte	18
 844 032f 01       		.byte	1
 845 0330 15       		.byte	21
 846 0331 20       		.byte	32
 847 0332 17       		.byte	23
 848 0333 04       		.byte	4
 849 0334 18       		.byte	24
 850 0335 10       		.byte	16
 851 0336 19       		.byte	25
 852 0337 20       		.byte	32
 853 0338 1A       		.byte	26
 854 0339 40       		.byte	64
 855 033a 1D       		.byte	29
ARM GAS  C:\Users\adria\AppData\Local\Temp\ccCajzMP.s 			page 16


 856 033b 14       		.byte	20
 857 033c 1E       		.byte	30
 858 033d 10       		.byte	16
 859 033e 20       		.byte	32
 860 033f A0       		.byte	-96
 861 0340 21       		.byte	33
 862 0341 04       		.byte	4
 863 0342 22       		.byte	34
 864 0343 05       		.byte	5
 865 0344 23       		.byte	35
 866 0345 04       		.byte	4
 867 0346 24       		.byte	36
 868 0347 20       		.byte	32
 869 0348 25       		.byte	37
 870 0349 14       		.byte	20
 871 034a 27       		.byte	39
 872 034b 04       		.byte	4
 873 034c 2A       		.byte	42
 874 034d 02       		.byte	2
 875 034e 2B       		.byte	43
 876 034f 20       		.byte	32
 877 0350 2D       		.byte	45
 878 0351 08       		.byte	8
 879 0352 2F       		.byte	47
 880 0353 08       		.byte	8
 881 0354 30       		.byte	48
 882 0355 20       		.byte	32
 883 0356 32       		.byte	50
 884 0357 45       		.byte	69
 885 0358 35       		.byte	53
 886 0359 14       		.byte	20
 887 035a 3A       		.byte	58
 888 035b 08       		.byte	8
 889 035c 3B       		.byte	59
 890 035d 80       		.byte	-128
 891 035e 3D       		.byte	61
 892 035f 28       		.byte	40
 893 0360 41       		.byte	65
 894 0361 04       		.byte	4
 895 0362 43       		.byte	67
 896 0363 20       		.byte	32
 897 0364 48       		.byte	72
 898 0365 20       		.byte	32
 899 0366 4B       		.byte	75
 900 0367 80       		.byte	-128
 901 0368 50       		.byte	80
 902 0369 40       		.byte	64
 903 036a 51       		.byte	81
 904 036b 08       		.byte	8
 905 036c 6B       		.byte	107
 906 036d 02       		.byte	2
 907 036e 81       		.byte	-127
 908 036f 04       		.byte	4
 909 0370 82       		.byte	-126
 910 0371 09       		.byte	9
 911 0372 85       		.byte	-123
 912 0373 10       		.byte	16
ARM GAS  C:\Users\adria\AppData\Local\Temp\ccCajzMP.s 			page 17


 913 0374 86       		.byte	-122
 914 0375 02       		.byte	2
 915 0376 87       		.byte	-121
 916 0377 03       		.byte	3
 917 0378 88       		.byte	-120
 918 0379 09       		.byte	9
 919 037a 8D       		.byte	-115
 920 037b 10       		.byte	16
 921 037c 8F       		.byte	-113
 922 037d 01       		.byte	1
 923 037e 90       		.byte	-112
 924 037f 08       		.byte	8
 925 0380 91       		.byte	-111
 926 0381 20       		.byte	32
 927 0382 92       		.byte	-110
 928 0383 80       		.byte	-128
 929 0384 93       		.byte	-109
 930 0385 80       		.byte	-128
 931 0386 94       		.byte	-108
 932 0387 B0       		.byte	-80
 933 0388 96       		.byte	-106
 934 0389 40       		.byte	64
 935 038a 97       		.byte	-105
 936 038b 04       		.byte	4
 937 038c 9A       		.byte	-102
 938 038d 40       		.byte	64
 939 038e 9C       		.byte	-100
 940 038f 19       		.byte	25
 941 0390 9D       		.byte	-99
 942 0391 34       		.byte	52
 943 0392 A1       		.byte	-95
 944 0393 01       		.byte	1
 945 0394 A3       		.byte	-93
 946 0395 28       		.byte	40
 947 0396 A4       		.byte	-92
 948 0397 50       		.byte	80
 949 0398 A5       		.byte	-91
 950 0399 08       		.byte	8
 951 039a A8       		.byte	-88
 952 039b 01       		.byte	1
 953 039c AB       		.byte	-85
 954 039d 80       		.byte	-128
 955 039e AF       		.byte	-81
 956 039f 21       		.byte	33
 957 03a0 B5       		.byte	-75
 958 03a1 41       		.byte	65
 959 03a2 C0       		.byte	-64
 960 03a3 EF       		.byte	-17
 961 03a4 C2       		.byte	-62
 962 03a5 2F       		.byte	47
 963 03a6 C4       		.byte	-60
 964 03a7 6F       		.byte	111
 965 03a8 CA       		.byte	-54
 966 03a9 63       		.byte	99
 967 03aa CC       		.byte	-52
 968 03ab 6F       		.byte	111
 969 03ac CE       		.byte	-50
ARM GAS  C:\Users\adria\AppData\Local\Temp\ccCajzMP.s 			page 18


 970 03ad 6A       		.byte	106
 971 03ae D0       		.byte	-48
 972 03af 06       		.byte	6
 973 03b0 D2       		.byte	-46
 974 03b1 08       		.byte	8
 975 03b2 E4       		.byte	-28
 976 03b3 02       		.byte	2
 977 03b4 E6       		.byte	-26
 978 03b5 09       		.byte	9
 979 03b6 05       		.byte	5
 980 03b7 1F       		.byte	31
 981 03b8 0D       		.byte	13
 982 03b9 01       		.byte	1
 983 03ba 0F       		.byte	15
 984 03bb 26       		.byte	38
 985 03bc 15       		.byte	21
 986 03bd 1F       		.byte	31
 987 03be 18       		.byte	24
 988 03bf 01       		.byte	1
 989 03c0 19       		.byte	25
 990 03c1 14       		.byte	20
 991 03c2 1B       		.byte	27
 992 03c3 49       		.byte	73
 993 03c4 21       		.byte	33
 994 03c5 0A       		.byte	10
 995 03c6 23       		.byte	35
 996 03c7 D1       		.byte	-47
 997 03c8 24       		.byte	36
 998 03c9 01       		.byte	1
 999 03ca 2C       		.byte	44
 1000 03cb 01       		.byte	1
 1001 03cc 31       		.byte	49
 1002 03cd 80       		.byte	-128
 1003 03ce 33       		.byte	51
 1004 03cf 18       		.byte	24
 1005 03d0 34       		.byte	52
 1006 03d1 01       		.byte	1
 1007 03d2 35       		.byte	53
 1008 03d3 60       		.byte	96
 1009 03d4 37       		.byte	55
 1010 03d5 07       		.byte	7
 1011 03d6 3F       		.byte	63
 1012 03d7 10       		.byte	16
 1013 03d8 40       		.byte	64
 1014 03d9 62       		.byte	98
 1015 03da 41       		.byte	65
 1016 03db 05       		.byte	5
 1017 03dc 42       		.byte	66
 1018 03dd 04       		.byte	4
 1019 03de 44       		.byte	68
 1020 03df 03       		.byte	3
 1021 03e0 45       		.byte	69
 1022 03e1 C0       		.byte	-64
 1023 03e2 47       		.byte	71
 1024 03e3 0E       		.byte	14
 1025 03e4 48       		.byte	72
 1026 03e5 12       		.byte	18
ARM GAS  C:\Users\adria\AppData\Local\Temp\ccCajzMP.s 			page 19


 1027 03e6 49       		.byte	73
 1028 03e7 FF       		.byte	-1
 1029 03e8 4A       		.byte	74
 1030 03e9 FF       		.byte	-1
 1031 03ea 4B       		.byte	75
 1032 03eb FF       		.byte	-1
 1033 03ec 4C       		.byte	76
 1034 03ed 62       		.byte	98
 1035 03ee 4D       		.byte	77
 1036 03ef A0       		.byte	-96
 1037 03f0 4E       		.byte	78
 1038 03f1 F0       		.byte	-16
 1039 03f2 4F       		.byte	79
 1040 03f3 41       		.byte	65
 1041 03f4 50       		.byte	80
 1042 03f5 0C       		.byte	12
 1043 03f6 54       		.byte	84
 1044 03f7 01       		.byte	1
 1045 03f8 56       		.byte	86
 1046 03f9 04       		.byte	4
 1047 03fa 58       		.byte	88
 1048 03fb 04       		.byte	4
 1049 03fc 59       		.byte	89
 1050 03fd 04       		.byte	4
 1051 03fe 5A       		.byte	90
 1052 03ff 04       		.byte	4
 1053 0400 5B       		.byte	91
 1054 0401 04       		.byte	4
 1055 0402 5C       		.byte	92
 1056 0403 11       		.byte	17
 1057 0404 5D       		.byte	93
 1058 0405 11       		.byte	17
 1059 0406 5F       		.byte	95
 1060 0407 01       		.byte	1
 1061 0408 66       		.byte	102
 1062 0409 40       		.byte	64
 1063 040a 67       		.byte	103
 1064 040b 02       		.byte	2
 1065 040c 69       		.byte	105
 1066 040d 10       		.byte	16
 1067 040e 6A       		.byte	106
 1068 040f 30       		.byte	48
 1069 0410 6B       		.byte	107
 1070 0411 10       		.byte	16
 1071 0412 6D       		.byte	109
 1072 0413 10       		.byte	16
 1073 0414 6E       		.byte	110
 1074 0415 10       		.byte	16
 1075 0416 6F       		.byte	111
 1076 0417 12       		.byte	18
 1077 0418 84       		.byte	-124
 1078 0419 10       		.byte	16
 1079 041a 86       		.byte	-122
 1080 041b 40       		.byte	64
 1081 041c 88       		.byte	-120
 1082 041d 10       		.byte	16
 1083 041e 8A       		.byte	-118
ARM GAS  C:\Users\adria\AppData\Local\Temp\ccCajzMP.s 			page 20


 1084 041f AC       		.byte	-84
 1085 0420 8C       		.byte	-116
 1086 0421 09       		.byte	9
 1087 0422 8E       		.byte	-114
 1088 0423 D0       		.byte	-48
 1089 0424 90       		.byte	-112
 1090 0425 DC       		.byte	-36
 1091 0426 92       		.byte	-110
 1092 0427 22       		.byte	34
 1093 0428 94       		.byte	-108
 1094 0429 14       		.byte	20
 1095 042a 9E       		.byte	-98
 1096 042b 03       		.byte	3
 1097 042c A2       		.byte	-94
 1098 042d 20       		.byte	32
 1099 042e A8       		.byte	-88
 1100 042f 0C       		.byte	12
 1101 0430 AA       		.byte	-86
 1102 0431 71       		.byte	113
 1103 0432 B4       		.byte	-76
 1104 0433 E0       		.byte	-32
 1105 0434 B6       		.byte	-74
 1106 0435 1F       		.byte	31
 1107 0436 BA       		.byte	-70
 1108 0437 22       		.byte	34
 1109 0438 C0       		.byte	-64
 1110 0439 06       		.byte	6
 1111 043a C5       		.byte	-59
 1112 043b 04       		.byte	4
 1113 043c C9       		.byte	-55
 1114 043d FF       		.byte	-1
 1115 043e CA       		.byte	-54
 1116 043f 07       		.byte	7
 1117 0440 CB       		.byte	-53
 1118 0441 FF       		.byte	-1
 1119 0442 CC       		.byte	-52
 1120 0443 40       		.byte	64
 1121 0444 CD       		.byte	-51
 1122 0445 20       		.byte	32
 1123 0446 CE       		.byte	-50
 1124 0447 F0       		.byte	-16
 1125 0448 CF       		.byte	-49
 1126 0449 05       		.byte	5
 1127 044a D0       		.byte	-48
 1128 044b 08       		.byte	8
 1129 044c D4       		.byte	-44
 1130 044d 01       		.byte	1
 1131 044e D6       		.byte	-42
 1132 044f 04       		.byte	4
 1133 0450 D8       		.byte	-40
 1134 0451 04       		.byte	4
 1135 0452 DA       		.byte	-38
 1136 0453 04       		.byte	4
 1137 0454 DB       		.byte	-37
 1138 0455 04       		.byte	4
 1139 0456 DF       		.byte	-33
 1140 0457 01       		.byte	1
ARM GAS  C:\Users\adria\AppData\Local\Temp\ccCajzMP.s 			page 21


 1141 0458 E0       		.byte	-32
 1142 0459 40       		.byte	64
 1143 045a E1       		.byte	-31
 1144 045b A8       		.byte	-88
 1145 045c E2       		.byte	-30
 1146 045d 40       		.byte	64
 1147 045e E3       		.byte	-29
 1148 045f 20       		.byte	32
 1149 0460 00       		.byte	0
 1150 0461 A0       		.byte	-96
 1151 0462 01       		.byte	1
 1152 0463 08       		.byte	8
 1153 0464 04       		.byte	4
 1154 0465 80       		.byte	-128
 1155 0466 07       		.byte	7
 1156 0467 02       		.byte	2
 1157 0468 09       		.byte	9
 1158 0469 08       		.byte	8
 1159 046a 0A       		.byte	10
 1160 046b 81       		.byte	-127
 1161 046c 0E       		.byte	14
 1162 046d 04       		.byte	4
 1163 046e 10       		.byte	16
 1164 046f 04       		.byte	4
 1165 0470 12       		.byte	18
 1166 0471 40       		.byte	64
 1167 0472 15       		.byte	21
 1168 0473 40       		.byte	64
 1169 0474 17       		.byte	23
 1170 0475 04       		.byte	4
 1171 0476 19       		.byte	25
 1172 0477 01       		.byte	1
 1173 0478 1A       		.byte	26
 1174 0479 01       		.byte	1
 1175 047a 1B       		.byte	27
 1176 047b 20       		.byte	32
 1177 047c 1D       		.byte	29
 1178 047d 20       		.byte	32
 1179 047e 1F       		.byte	31
 1180 047f 10       		.byte	16
 1181 0480 25       		.byte	37
 1182 0481 40       		.byte	64
 1183 0482 27       		.byte	39
 1184 0483 68       		.byte	104
 1185 0484 2F       		.byte	47
 1186 0485 80       		.byte	-128
 1187 0486 36       		.byte	54
 1188 0487 20       		.byte	32
 1189 0488 37       		.byte	55
 1190 0489 24       		.byte	36
 1191 048a 3D       		.byte	61
 1192 048b 80       		.byte	-128
 1193 048c 3E       		.byte	62
 1194 048d 84       		.byte	-124
 1195 048e 40       		.byte	64
 1196 048f 20       		.byte	32
 1197 0490 43       		.byte	67
ARM GAS  C:\Users\adria\AppData\Local\Temp\ccCajzMP.s 			page 22


 1198 0491 08       		.byte	8
 1199 0492 45       		.byte	69
 1200 0493 22       		.byte	34
 1201 0494 47       		.byte	71
 1202 0495 08       		.byte	8
 1203 0496 49       		.byte	73
 1204 0497 28       		.byte	40
 1205 0498 4D       		.byte	77
 1206 0499 10       		.byte	16
 1207 049a 4E       		.byte	78
 1208 049b 82       		.byte	-126
 1209 049c 52       		.byte	82
 1210 049d 40       		.byte	64
 1211 049e 53       		.byte	83
 1212 049f 40       		.byte	64
 1213 04a0 56       		.byte	86
 1214 04a1 04       		.byte	4
 1215 04a2 58       		.byte	88
 1216 04a3 10       		.byte	16
 1217 04a4 5A       		.byte	90
 1218 04a5 48       		.byte	72
 1219 04a6 5B       		.byte	91
 1220 04a7 02       		.byte	2
 1221 04a8 5C       		.byte	92
 1222 04a9 60       		.byte	96
 1223 04aa 5D       		.byte	93
 1224 04ab 01       		.byte	1
 1225 04ac 5E       		.byte	94
 1226 04ad 08       		.byte	8
 1227 04ae 62       		.byte	98
 1228 04af 01       		.byte	1
 1229 04b0 66       		.byte	102
 1230 04b1 02       		.byte	2
 1231 04b2 68       		.byte	104
 1232 04b3 A8       		.byte	-88
 1233 04b4 69       		.byte	105
 1234 04b5 80       		.byte	-128
 1235 04b6 78       		.byte	120
 1236 04b7 04       		.byte	4
 1237 04b8 7B       		.byte	123
 1238 04b9 20       		.byte	32
 1239 04ba 84       		.byte	-124
 1240 04bb 20       		.byte	32
 1241 04bc 88       		.byte	-120
 1242 04bd 08       		.byte	8
 1243 04be 8E       		.byte	-114
 1244 04bf 02       		.byte	2
 1245 04c0 90       		.byte	-112
 1246 04c1 48       		.byte	72
 1247 04c2 91       		.byte	-111
 1248 04c3 71       		.byte	113
 1249 04c4 92       		.byte	-110
 1250 04c5 8C       		.byte	-116
 1251 04c6 94       		.byte	-108
 1252 04c7 B2       		.byte	-78
 1253 04c8 96       		.byte	-106
 1254 04c9 01       		.byte	1
ARM GAS  C:\Users\adria\AppData\Local\Temp\ccCajzMP.s 			page 23


 1255 04ca 97       		.byte	-105
 1256 04cb 24       		.byte	36
 1257 04cc 9B       		.byte	-101
 1258 04cd 04       		.byte	4
 1259 04ce 9C       		.byte	-100
 1260 04cf 0D       		.byte	13
 1261 04d0 9D       		.byte	-99
 1262 04d1 1C       		.byte	28
 1263 04d2 9E       		.byte	-98
 1264 04d3 C5       		.byte	-59
 1265 04d4 9F       		.byte	-97
 1266 04d5 41       		.byte	65
 1267 04d6 A1       		.byte	-95
 1268 04d7 03       		.byte	3
 1269 04d8 A2       		.byte	-94
 1270 04d9 06       		.byte	6
 1271 04da A3       		.byte	-93
 1272 04db 08       		.byte	8
 1273 04dc A4       		.byte	-92
 1274 04dd D0       		.byte	-48
 1275 04de A6       		.byte	-90
 1276 04df A0       		.byte	-96
 1277 04e0 A7       		.byte	-89
 1278 04e1 80       		.byte	-128
 1279 04e2 C0       		.byte	-64
 1280 04e3 07       		.byte	7
 1281 04e4 C2       		.byte	-62
 1282 04e5 4D       		.byte	77
 1283 04e6 C4       		.byte	-60
 1284 04e7 AA       		.byte	-86
 1285 04e8 CA       		.byte	-54
 1286 04e9 80       		.byte	-128
 1287 04ea CC       		.byte	-52
 1288 04eb 60       		.byte	96
 1289 04ec CE       		.byte	-50
 1290 04ed 50       		.byte	80
 1291 04ee D0       		.byte	-48
 1292 04ef E0       		.byte	-32
 1293 04f0 D2       		.byte	-46
 1294 04f1 34       		.byte	52
 1295 04f2 D6       		.byte	-42
 1296 04f3 FF       		.byte	-1
 1297 04f4 D8       		.byte	-40
 1298 04f5 81       		.byte	-127
 1299 04f6 E2       		.byte	-30
 1300 04f7 40       		.byte	64
 1301 04f8 97       		.byte	-105
 1302 04f9 80       		.byte	-128
 1303 04fa E4       		.byte	-28
 1304 04fb 20       		.byte	32
 1305 04fc 00       		.byte	0
 1306 04fd 44       		.byte	68
 1307 04fe 02       		.byte	2
 1308 04ff 2A       		.byte	42
 1309 0500 14       		.byte	20
 1310 0501 02       		.byte	2
 1311 0502 16       		.byte	22
ARM GAS  C:\Users\adria\AppData\Local\Temp\ccCajzMP.s 			page 24


 1312 0503 15       		.byte	21
 1313 0504 1C       		.byte	28
 1314 0505 80       		.byte	-128
 1315 0506 24       		.byte	36
 1316 0507 E7       		.byte	-25
 1317 0508 28       		.byte	40
 1318 0509 E7       		.byte	-25
 1319 050a 2C       		.byte	44
 1320 050b 21       		.byte	33
 1321 050c 2E       		.byte	46
 1322 050d 4A       		.byte	74
 1323 050e 30       		.byte	48
 1324 050f 60       		.byte	96
 1325 0510 32       		.byte	50
 1326 0511 07       		.byte	7
 1327 0512 34       		.byte	52
 1328 0513 18       		.byte	24
 1329 0514 36       		.byte	54
 1330 0515 80       		.byte	-128
 1331 0516 3E       		.byte	62
 1332 0517 10       		.byte	16
 1333 0518 58       		.byte	88
 1334 0519 04       		.byte	4
 1335 051a 5F       		.byte	95
 1336 051b 01       		.byte	1
 1337 051c 01       		.byte	1
 1338 051d 02       		.byte	2
 1339 051e 02       		.byte	2
 1340 051f 40       		.byte	64
 1341 0520 04       		.byte	4
 1342 0521 40       		.byte	64
 1343 0522 05       		.byte	5
 1344 0523 01       		.byte	1
 1345 0524 07       		.byte	7
 1346 0525 28       		.byte	40
 1347 0526 09       		.byte	9
 1348 0527 40       		.byte	64
 1349 0528 0A       		.byte	10
 1350 0529 10       		.byte	16
 1351 052a 0D       		.byte	13
 1352 052b 08       		.byte	8
 1353 052c 0F       		.byte	15
 1354 052d 48       		.byte	72
 1355 052e 10       		.byte	16
 1356 052f 2A       		.byte	42
 1357 0530 15       		.byte	21
 1358 0531 08       		.byte	8
 1359 0532 16       		.byte	22
 1360 0533 41       		.byte	65
 1361 0534 17       		.byte	23
 1362 0535 10       		.byte	16
 1363 0536 19       		.byte	25
 1364 0537 02       		.byte	2
 1365 0538 1A       		.byte	26
 1366 0539 12       		.byte	18
 1367 053a 1B       		.byte	27
 1368 053b 14       		.byte	20
ARM GAS  C:\Users\adria\AppData\Local\Temp\ccCajzMP.s 			page 25


 1369 053c 1D       		.byte	29
 1370 053d 89       		.byte	-119
 1371 053e 1E       		.byte	30
 1372 053f 04       		.byte	4
 1373 0540 1F       		.byte	31
 1374 0541 44       		.byte	68
 1375 0542 26       		.byte	38
 1376 0543 01       		.byte	1
 1377 0544 27       		.byte	39
 1378 0545 16       		.byte	22
 1379 0546 2C       		.byte	44
 1380 0547 80       		.byte	-128
 1381 0548 2D       		.byte	45
 1382 0549 40       		.byte	64
 1383 054a 2F       		.byte	47
 1384 054b 04       		.byte	4
 1385 054c 35       		.byte	53
 1386 054d 81       		.byte	-127
 1387 054e 37       		.byte	55
 1388 054f 14       		.byte	20
 1389 0550 3C       		.byte	60
 1390 0551 40       		.byte	64
 1391 0552 3E       		.byte	62
 1392 0553 A8       		.byte	-88
 1393 0554 3F       		.byte	63
 1394 0555 80       		.byte	-128
 1395 0556 45       		.byte	69
 1396 0557 88       		.byte	-120
 1397 0558 46       		.byte	70
 1398 0559 80       		.byte	-128
 1399 055a 4D       		.byte	77
 1400 055b 48       		.byte	72
 1401 055c 4E       		.byte	78
 1402 055d 01       		.byte	1
 1403 055e 4F       		.byte	79
 1404 055f 60       		.byte	96
 1405 0560 57       		.byte	87
 1406 0561 20       		.byte	32
 1407 0562 5F       		.byte	95
 1408 0563 02       		.byte	2
 1409 0564 6C       		.byte	108
 1410 0565 28       		.byte	40
 1411 0566 6D       		.byte	109
 1412 0567 80       		.byte	-128
 1413 0568 74       		.byte	116
 1414 0569 80       		.byte	-128
 1415 056a 76       		.byte	118
 1416 056b 29       		.byte	41
 1417 056c 77       		.byte	119
 1418 056d 28       		.byte	40
 1419 056e 82       		.byte	-126
 1420 056f 01       		.byte	1
 1421 0570 87       		.byte	-121
 1422 0571 20       		.byte	32
 1423 0572 88       		.byte	-120
 1424 0573 02       		.byte	2
 1425 0574 89       		.byte	-119
ARM GAS  C:\Users\adria\AppData\Local\Temp\ccCajzMP.s 			page 26


 1426 0575 8C       		.byte	-116
 1427 0576 8A       		.byte	-118
 1428 0577 04       		.byte	4
 1429 0578 97       		.byte	-105
 1430 0579 80       		.byte	-128
 1431 057a A3       		.byte	-93
 1432 057b 40       		.byte	64
 1433 057c B7       		.byte	-73
 1434 057d 40       		.byte	64
 1435 057e C0       		.byte	-64
 1436 057f F8       		.byte	-8
 1437 0580 C2       		.byte	-62
 1438 0581 75       		.byte	117
 1439 0582 C4       		.byte	-60
 1440 0583 F7       		.byte	-9
 1441 0584 CA       		.byte	-54
 1442 0585 B0       		.byte	-80
 1443 0586 CC       		.byte	-52
 1444 0587 F0       		.byte	-16
 1445 0588 CE       		.byte	-50
 1446 0589 70       		.byte	112
 1447 058a D0       		.byte	-48
 1448 058b D0       		.byte	-48
 1449 058c D2       		.byte	-46
 1450 058d 30       		.byte	48
 1451 058e D6       		.byte	-42
 1452 058f 80       		.byte	-128
 1453 0590 E2       		.byte	-30
 1454 0591 80       		.byte	-128
 1455 0592 E4       		.byte	-28
 1456 0593 02       		.byte	2
 1457 0594 E6       		.byte	-26
 1458 0595 20       		.byte	32
 1459 0596 EC       		.byte	-20
 1460 0597 50       		.byte	80
 1461 0598 30       		.byte	48
 1462 0599 10       		.byte	16
 1463 059a 33       		.byte	51
 1464 059b 01       		.byte	1
 1465 059c 36       		.byte	54
 1466 059d 88       		.byte	-120
 1467 059e 3B       		.byte	59
 1468 059f 40       		.byte	64
 1469 05a0 8E       		.byte	-114
 1470 05a1 08       		.byte	8
 1471 05a2 CC       		.byte	-52
 1472 05a3 F0       		.byte	-16
 1473 05a4 CE       		.byte	-50
 1474 05a5 10       		.byte	16
 1475 05a6 84       		.byte	-124
 1476 05a7 10       		.byte	16
 1477 05a8 87       		.byte	-121
 1478 05a9 40       		.byte	64
 1479 05aa 97       		.byte	-105
 1480 05ab 40       		.byte	64
 1481 05ac 9C       		.byte	-100
 1482 05ad 10       		.byte	16
ARM GAS  C:\Users\adria\AppData\Local\Temp\ccCajzMP.s 			page 27


 1483 05ae 9F       		.byte	-97
 1484 05af 01       		.byte	1
 1485 05b0 A6       		.byte	-90
 1486 05b1 80       		.byte	-128
 1487 05b2 E6       		.byte	-26
 1488 05b3 40       		.byte	64
 1489 05b4 83       		.byte	-125
 1490 05b5 10       		.byte	16
 1491 05b6 87       		.byte	-121
 1492 05b7 01       		.byte	1
 1493 05b8 8B       		.byte	-117
 1494 05b9 20       		.byte	32
 1495 05ba 8D       		.byte	-115
 1496 05bb 01       		.byte	1
 1497 05bc 9F       		.byte	-97
 1498 05bd 01       		.byte	1
 1499 05be A6       		.byte	-90
 1500 05bf 80       		.byte	-128
 1501 05c0 E2       		.byte	-30
 1502 05c1 40       		.byte	64
 1503 05c2 E6       		.byte	-26
 1504 05c3 80       		.byte	-128
 1505 05c4 87       		.byte	-121
 1506 05c5 08       		.byte	8
 1507 05c6 90       		.byte	-112
 1508 05c7 01       		.byte	1
 1509 05c8 99       		.byte	-103
 1510 05c9 01       		.byte	1
 1511 05ca 9A       		.byte	-102
 1512 05cb 80       		.byte	-128
 1513 05cc A1       		.byte	-95
 1514 05cd 02       		.byte	2
 1515 05ce A3       		.byte	-93
 1516 05cf 30       		.byte	48
 1517 05d0 A6       		.byte	-90
 1518 05d1 80       		.byte	-128
 1519 05d2 A8       		.byte	-88
 1520 05d3 01       		.byte	1
 1521 05d4 B2       		.byte	-78
 1522 05d5 80       		.byte	-128
 1523 05d6 B5       		.byte	-75
 1524 05d7 02       		.byte	2
 1525 05d8 E6       		.byte	-26
 1526 05d9 40       		.byte	64
 1527 05da EA       		.byte	-22
 1528 05db 80       		.byte	-128
 1529 05dc 7F       		.byte	127
 1530 05dd 01       		.byte	1
 1531 05de DE       		.byte	-34
 1532 05df 04       		.byte	4
 1533 05e0 50       		.byte	80
 1534 05e1 80       		.byte	-128
 1535 05e2 5D       		.byte	93
 1536 05e3 20       		.byte	32
 1537 05e4 97       		.byte	-105
 1538 05e5 02       		.byte	2
 1539 05e6 D4       		.byte	-44
ARM GAS  C:\Users\adria\AppData\Local\Temp\ccCajzMP.s 			page 28


 1540 05e7 04       		.byte	4
 1541 05e8 D6       		.byte	-42
 1542 05e9 04       		.byte	4
 1543 05ea 83       		.byte	-125
 1544 05eb 01       		.byte	1
 1545 05ec 97       		.byte	-105
 1546 05ed 02       		.byte	2
 1547 05ee 9D       		.byte	-99
 1548 05ef 20       		.byte	32
 1549 05f0 A4       		.byte	-92
 1550 05f1 80       		.byte	-128
 1551 05f2 8C       		.byte	-116
 1552 05f3 80       		.byte	-128
 1553 05f4 9D       		.byte	-99
 1554 05f5 20       		.byte	32
 1555 05f6 A4       		.byte	-92
 1556 05f7 80       		.byte	-128
 1557 05f8 E4       		.byte	-28
 1558 05f9 02       		.byte	2
 1559 05fa 05       		.byte	5
 1560 05fb 10       		.byte	16
 1561 05fc 57       		.byte	87
 1562 05fd 08       		.byte	8
 1563 05fe 87       		.byte	-121
 1564 05ff 20       		.byte	32
 1565 0600 8E       		.byte	-114
 1566 0601 80       		.byte	-128
 1567 0602 90       		.byte	-112
 1568 0603 01       		.byte	1
 1569 0604 99       		.byte	-103
 1570 0605 01       		.byte	1
 1571 0606 9A       		.byte	-102
 1572 0607 80       		.byte	-128
 1573 0608 A1       		.byte	-95
 1574 0609 02       		.byte	2
 1575 060a A3       		.byte	-93
 1576 060b 38       		.byte	56
 1577 060c A6       		.byte	-90
 1578 060d 80       		.byte	-128
 1579 060e C0       		.byte	-64
 1580 060f 80       		.byte	-128
 1581 0610 D4       		.byte	-44
 1582 0611 40       		.byte	64
 1583 0612 E2       		.byte	-30
 1584 0613 40       		.byte	64
 1585 0614 51       		.byte	81
 1586 0615 02       		.byte	2
 1587 0616 57       		.byte	87
 1588 0617 20       		.byte	32
 1589 0618 60       		.byte	96
 1590 0619 01       		.byte	1
 1591 061a 63       		.byte	99
 1592 061b 20       		.byte	32
 1593 061c 65       		.byte	101
 1594 061d 01       		.byte	1
 1595 061e 66       		.byte	102
 1596 061f 80       		.byte	-128
ARM GAS  C:\Users\adria\AppData\Local\Temp\ccCajzMP.s 			page 29


 1597 0620 77       		.byte	119
 1598 0621 20       		.byte	32
 1599 0622 90       		.byte	-112
 1600 0623 01       		.byte	1
 1601 0624 99       		.byte	-103
 1602 0625 01       		.byte	1
 1603 0626 9A       		.byte	-102
 1604 0627 80       		.byte	-128
 1605 0628 9B       		.byte	-101
 1606 0629 20       		.byte	32
 1607 062a A1       		.byte	-95
 1608 062b 02       		.byte	2
 1609 062c A3       		.byte	-93
 1610 062d 30       		.byte	48
 1611 062e A9       		.byte	-87
 1612 062f 10       		.byte	16
 1613 0630 D4       		.byte	-44
 1614 0631 C0       		.byte	-64
 1615 0632 D6       		.byte	-42
 1616 0633 C0       		.byte	-64
 1617 0634 D8       		.byte	-40
 1618 0635 C0       		.byte	-64
 1619 0636 DE       		.byte	-34
 1620 0637 20       		.byte	32
 1621 0638 EC       		.byte	-20
 1622 0639 20       		.byte	32
 1623 063a 89       		.byte	-119
 1624 063b 02       		.byte	2
 1625 063c 9D       		.byte	-99
 1626 063d 20       		.byte	32
 1627 063e E4       		.byte	-28
 1628 063f 04       		.byte	4
 1629 0640 10       		.byte	16
 1630 0641 80       		.byte	-128
 1631 0642 71       		.byte	113
 1632 0643 02       		.byte	2
 1633 0644 77       		.byte	119
 1634 0645 80       		.byte	-128
 1635 0646 85       		.byte	-123
 1636 0647 20       		.byte	32
 1637 0648 88       		.byte	-120
 1638 0649 80       		.byte	-128
 1639 064a 9B       		.byte	-101
 1640 064b 80       		.byte	-128
 1641 064c 9D       		.byte	-99
 1642 064d 20       		.byte	32
 1643 064e A1       		.byte	-95
 1644 064f 02       		.byte	2
 1645 0650 B7       		.byte	-73
 1646 0651 80       		.byte	-128
 1647 0652 C4       		.byte	-60
 1648 0653 08       		.byte	8
 1649 0654 DC       		.byte	-36
 1650 0655 01       		.byte	1
 1651 0656 DE       		.byte	-34
 1652 0657 04       		.byte	4
 1653 0658 E6       		.byte	-26
ARM GAS  C:\Users\adria\AppData\Local\Temp\ccCajzMP.s 			page 30


 1654 0659 01       		.byte	1
 1655 065a EC       		.byte	-20
 1656 065b 08       		.byte	8
 1657 065c 00       		.byte	0
 1658 065d 03       		.byte	3
 1659 065e 0A       		.byte	10
 1660 065f 03       		.byte	3
 1661 0660 10       		.byte	16
 1662 0661 03       		.byte	3
 1663 0662 1A       		.byte	26
 1664 0663 03       		.byte	3
 1665 0664 1C       		.byte	28
 1666 0665 01       		.byte	1
 1667 0666 00       		.byte	0
 1668 0667 FF       		.byte	-1
 1669 0668 01       		.byte	1
 1670 0669 03       		.byte	3
 1671 066a 00       		.byte	0
 1672 066b 00       		.byte	0
 1673 066c A8       		.byte	-88
 1674 066d 30       		.byte	48
 1675 066e 00       		.byte	0
 1676 066f 00       		.byte	0
 1677 0670 40       		.byte	64
 1678 0671 00       		.byte	0
 1679 0672 00       		.byte	0
 1680 0673 00       		.byte	0
 1681 0674 01       		.byte	1
 1682 0675 10       		.byte	16
 1683 0676 00       		.byte	0
 1684 0677 00       		.byte	0
 1685 0678 0C       		.byte	12
 1686 0679 08       		.byte	8
 1687 067a 00       		.byte	0
 1688 067b 00       		.byte	0
 1689 067c 10       		.byte	16
 1690 067d 18       		.byte	24
 1691 067e 00       		.byte	0
 1692 067f 00       		.byte	0
 1693 0680 02       		.byte	2
 1694 0681 C0       		.byte	-64
 1695 0682 00       		.byte	0
 1696 0683 00       		.byte	0
 1697 0684 0F       		.byte	15
 1698 0685 FF       		.byte	-1
 1699 0686 60       		.byte	96
 1700 0687 00       		.byte	0
 1701 0688 63       		.byte	99
 1702 0689 3C       		.byte	60
 1703 068a 0C       		.byte	12
 1704 068b C2       		.byte	-62
 1705 068c 00       		.byte	0
 1706 068d 80       		.byte	-128
 1707 068e 63       		.byte	99
 1708 068f 00       		.byte	0
 1709 0690 6F       		.byte	111
 1710 0691 00       		.byte	0
ARM GAS  C:\Users\adria\AppData\Local\Temp\ccCajzMP.s 			page 31


 1711 0692 00       		.byte	0
 1712 0693 04       		.byte	4
 1713 0694 03       		.byte	3
 1714 0695 44       		.byte	68
 1715 0696 00       		.byte	0
 1716 0697 00       		.byte	0
 1717 0698 04       		.byte	4
 1718 0699 00       		.byte	0
 1719 069a 00       		.byte	0
 1720 069b C3       		.byte	-61
 1721 069c 4C       		.byte	76
 1722 069d E7       		.byte	-25
 1723 069e 23       		.byte	35
 1724 069f 18       		.byte	24
 1725 06a0 08       		.byte	8
 1726 06a1 3C       		.byte	60
 1727 06a2 00       		.byte	0
 1728 06a3 C1       		.byte	-63
 1729 06a4 2C       		.byte	44
 1730 06a5 00       		.byte	0
 1731 06a6 0F       		.byte	15
 1732 06a7 1F       		.byte	31
 1733 06a8 10       		.byte	16
 1734 06a9 20       		.byte	32
 1735 06aa 4C       		.byte	76
 1736 06ab C0       		.byte	-64
 1737 06ac 00       		.byte	0
 1738 06ad 00       		.byte	0
 1739 06ae 0A       		.byte	10
 1740 06af 08       		.byte	8
 1741 06b0 00       		.byte	0
 1742 06b1 00       		.byte	0
 1743 06b2 10       		.byte	16
 1744 06b3 10       		.byte	16
 1745 06b4 36       		.byte	54
 1746 06b5 02       		.byte	2
 1747 06b6 00       		.byte	0
 1748 06b7 00       		.byte	0
 1749 06b8 00       		.byte	0
 1750 06b9 EC       		.byte	-20
 1751 06ba 00       		.byte	0
 1752 06bb BE       		.byte	-66
 1753 06bc 33       		.byte	51
 1754 06bd FF       		.byte	-1
 1755 06be FF       		.byte	-1
 1756 06bf FF       		.byte	-1
 1757 06c0 00       		.byte	0
 1758 06c1 00       		.byte	0
 1759 06c2 F0       		.byte	-16
 1760 06c3 44       		.byte	68
 1761 06c4 0C       		.byte	12
 1762 06c5 00       		.byte	0
 1763 06c6 00       		.byte	0
 1764 06c7 00       		.byte	0
 1765 06c8 00       		.byte	0
 1766 06c9 00       		.byte	0
 1767 06ca 02       		.byte	2
ARM GAS  C:\Users\adria\AppData\Local\Temp\ccCajzMP.s 			page 32


 1768 06cb 12       		.byte	18
 1769 06cc 04       		.byte	4
 1770 06cd 04       		.byte	4
 1771 06ce 04       		.byte	4
 1772 06cf 04       		.byte	4
 1773 06d0 11       		.byte	17
 1774 06d1 11       		.byte	17
 1775 06d2 00       		.byte	0
 1776 06d3 01       		.byte	1
 1777 06d4 00       		.byte	0
 1778 06d5 00       		.byte	0
 1779 06d6 00       		.byte	0
 1780 06d7 00       		.byte	0
 1781 06d8 00       		.byte	0
 1782 06d9 00       		.byte	0
 1783 06da C0       		.byte	-64
 1784 06db 00       		.byte	0
 1785 06dc 00       		.byte	0
 1786 06dd 00       		.byte	0
 1787 06de 40       		.byte	64
 1788 06df 02       		.byte	2
 1789 06e0 00       		.byte	0
 1790 06e1 00       		.byte	0
 1791 06e2 00       		.byte	0
 1792 06e3 00       		.byte	0
 1793 06e4 00       		.byte	0
 1794 06e5 00       		.byte	0
 1795 06e6 00       		.byte	0
 1796 06e7 00       		.byte	0
 1797 06e8 00       		.byte	0
 1798 06e9 00       		.byte	0
 1799 06ea 00       		.byte	0
 1800 06eb 00       		.byte	0
 1801 06ec 00       		.byte	0
 1802 06ed 00       		.byte	0
 1803 06ee 00       		.byte	0
 1804 06ef 00       		.byte	0
 1805 06f0 00       		.byte	0
 1806 06f1 00       		.byte	0
 1807 06f2 00       		.byte	0
 1808 06f3 00       		.byte	0
 1809 06f4 3C       		.byte	60
 1810 06f5 00       		.byte	0
 1811 06f6 C3       		.byte	-61
 1812 06f7 00       		.byte	0
 1813 06f8 30       		.byte	48
 1814 06f9 08       		.byte	8
 1815 06fa 00       		.byte	0
 1816 06fb 00       		.byte	0
 1817 06fc 10       		.byte	16
 1818 06fd 18       		.byte	24
 1819 06fe 00       		.byte	0
 1820 06ff 00       		.byte	0
 1821 0700 FF       		.byte	-1
 1822 0701 DF       		.byte	-33
 1823 0702 00       		.byte	0
 1824 0703 00       		.byte	0
ARM GAS  C:\Users\adria\AppData\Local\Temp\ccCajzMP.s 			page 33


 1825 0704 00       		.byte	0
 1826 0705 5C       		.byte	92
 1827 0706 CF       		.byte	-49
 1828 0707 81       		.byte	-127
 1829 0708 CF       		.byte	-49
 1830 0709 00       		.byte	0
 1831 070a 30       		.byte	48
 1832 070b 04       		.byte	4
 1833 070c 0F       		.byte	15
 1834 070d 5C       		.byte	92
 1835 070e 00       		.byte	0
 1836 070f 82       		.byte	-126
 1837 0710 00       		.byte	0
 1838 0711 04       		.byte	4
 1839 0712 00       		.byte	0
 1840 0713 20       		.byte	32
 1841 0714 0A       		.byte	10
 1842 0715 10       		.byte	16
 1843 0716 00       		.byte	0
 1844 0717 00       		.byte	0
 1845 0718 05       		.byte	5
 1846 0719 00       		.byte	0
 1847 071a 00       		.byte	0
 1848 071b 00       		.byte	0
 1849 071c B0       		.byte	-80
 1850 071d C7       		.byte	-57
 1851 071e 4F       		.byte	79
 1852 071f 18       		.byte	24
 1853 0720 20       		.byte	32
 1854 0721 00       		.byte	0
 1855 0722 00       		.byte	0
 1856 0723 03       		.byte	3
 1857 0724 70       		.byte	112
 1858 0725 80       		.byte	-128
 1859 0726 3C       		.byte	60
 1860 0727 1F       		.byte	31
 1861 0728 03       		.byte	3
 1862 0729 20       		.byte	32
 1863 072a B0       		.byte	-80
 1864 072b 40       		.byte	64
 1865 072c 00       		.byte	0
 1866 072d 02       		.byte	2
 1867 072e 0A       		.byte	10
 1868 072f 08       		.byte	8
 1869 0730 00       		.byte	0
 1870 0731 00       		.byte	0
 1871 0732 00       		.byte	0
 1872 0733 40       		.byte	64
 1873 0734 35       		.byte	53
 1874 0735 04       		.byte	4
 1875 0736 01       		.byte	1
 1876 0737 00       		.byte	0
 1877 0738 06       		.byte	6
 1878 0739 0C       		.byte	12
 1879 073a E0       		.byte	-32
 1880 073b 00       		.byte	0
 1881 073c 09       		.byte	9
ARM GAS  C:\Users\adria\AppData\Local\Temp\ccCajzMP.s 			page 34


 1882 073d FF       		.byte	-1
 1883 073e FF       		.byte	-1
 1884 073f FF       		.byte	-1
 1885 0740 62       		.byte	98
 1886 0741 A0       		.byte	-96
 1887 0742 F0       		.byte	-16
 1888 0743 41       		.byte	65
 1889 0744 0C       		.byte	12
 1890 0745 00       		.byte	0
 1891 0746 00       		.byte	0
 1892 0747 00       		.byte	0
 1893 0748 00       		.byte	0
 1894 0749 00       		.byte	0
 1895 074a 02       		.byte	2
 1896 074b 13       		.byte	19
 1897 074c 04       		.byte	4
 1898 074d 04       		.byte	4
 1899 074e 04       		.byte	4
 1900 074f 04       		.byte	4
 1901 0750 00       		.byte	0
 1902 0751 00       		.byte	0
 1903 0752 00       		.byte	0
 1904 0753 01       		.byte	1
 1905 0754 00       		.byte	0
 1906 0755 00       		.byte	0
 1907 0756 00       		.byte	0
 1908 0757 00       		.byte	0
 1909 0758 00       		.byte	0
 1910 0759 00       		.byte	0
 1911 075a 40       		.byte	64
 1912 075b 02       		.byte	2
 1913 075c 00       		.byte	0
 1914 075d 10       		.byte	16
 1915 075e 30       		.byte	48
 1916 075f 10       		.byte	16
 1917 0760 00       		.byte	0
 1918 0761 10       		.byte	16
 1919 0762 10       		.byte	16
 1920 0763 12       		.byte	18
 1921 0764 00       		.byte	0
 1922 0765 00       		.byte	0
 1923 0766 00       		.byte	0
 1924 0767 00       		.byte	0
 1925 0768 00       		.byte	0
 1926 0769 00       		.byte	0
 1927 076a 00       		.byte	0
 1928 076b 00       		.byte	0
 1929 076c 00       		.byte	0
 1930 076d 00       		.byte	0
 1931 076e 00       		.byte	0
 1932 076f 00       		.byte	0
 1933 0770 00       		.byte	0
 1934 0771 00       		.byte	0
 1935 0772 00       		.byte	0
 1936 0773 00       		.byte	0
 1937 0774 40       		.byte	64
 1938 0775 B8       		.byte	-72
ARM GAS  C:\Users\adria\AppData\Local\Temp\ccCajzMP.s 			page 35


 1939 0776 B8       		.byte	-72
 1940 0777 00       		.byte	0
 1941 0778 B8       		.byte	-72
 1942 0779 00       		.byte	0
 1943 077a 00       		.byte	0
 1944 077b 00       		.byte	0
 1945 077c 02       		.byte	2
 1946 077d 00       		.byte	0
 1947 077e 08       		.byte	8
 1948 077f 02       		.byte	2
 1949 0780 02       		.byte	2
 1950 0781 00       		.byte	0
 1951 0782 02       		.byte	2
 1952 0783 00       		.byte	0
 1953 0784 00       		.byte	0
 1954 0785 00       		.byte	0
 1955 0786 00       		.byte	0
 1956 0787 00       		.byte	0
 1957 0788 00       		.byte	0
 1958 0789 0B       		.byte	11
 1959 078a 0B       		.byte	11
 1960 078b 00       		.byte	0
 1961 078c 00       		.byte	0
 1962 078d 00       		.byte	0
 1963 078e 00       		.byte	0
 1964 078f 00       		.byte	0
 1965 0790 00       		.byte	0
 1966 0791 03       		.byte	3
 1967 0792 03       		.byte	3
 1968 0793 00       		.byte	0
 1969 0794 03       		.byte	3
 1970 0795 00       		.byte	0
 1971 0796 00       		.byte	0
 1972 0797 00       		.byte	0
 1973 0798 00       		.byte	0
 1974 0799 FC       		.byte	-4
 1975 079a FC       		.byte	-4
 1976 079b 00       		.byte	0
 1977 079c FC       		.byte	-4
 1978 079d 00       		.byte	0
 1979 079e 00       		.byte	0
 1980 079f 00       		.byte	0
 1981              		.section	.cywolatch,"a",%progbits
 1982              		.align	2
 1983              		.type	cy_meta_wonvl, %object
 1984              		.size	cy_meta_wonvl, 4
 1985              	cy_meta_wonvl:
 1986 0000 BC       		.byte	-68
 1987 0001 90       		.byte	-112
 1988 0002 AC       		.byte	-84
 1989 0003 AF       		.byte	-81
 1990              		.section	.cycustnvl,"a",%progbits
 1991              		.align	2
 1992              		.type	cy_meta_custnvl, %object
 1993              		.size	cy_meta_custnvl, 4
 1994              	cy_meta_custnvl:
 1995 0000 00       		.byte	0
ARM GAS  C:\Users\adria\AppData\Local\Temp\ccCajzMP.s 			page 36


 1996 0001 00       		.byte	0
 1997 0002 40       		.byte	64
 1998 0003 05       		.byte	5
 1999              		.section	.cymeta,"a",%progbits
 2000              		.align	2
 2001              		.type	cy_metadata, %object
 2002              		.size	cy_metadata, 12
 2003              	cy_metadata:
 2004 0000 00       		.byte	0
 2005 0001 01       		.byte	1
 2006 0002 2E       		.byte	46
 2007 0003 16       		.byte	22
 2008 0004 10       		.byte	16
 2009 0005 69       		.byte	105
 2010 0006 00       		.byte	0
 2011 0007 01       		.byte	1
 2012 0008 00       		.byte	0
 2013 0009 00       		.byte	0
 2014 000a 00       		.byte	0
 2015 000b 00       		.byte	0
 2016              		.section	.cyflashprotect,"a",%progbits
 2017              		.align	2
 2018              		.type	cy_meta_flashprotect, %object
 2019              		.size	cy_meta_flashprotect, 256
 2020              	cy_meta_flashprotect:
 2021 0000 00000000 		.space	256
 2021      00000000 
 2021      00000000 
 2021      00000000 
 2021      00000000 
 2022              		.text
 2023              	.Letext0:
 2024              		.file 1 "c:\\program files (x86)\\cypress\\psoc creator\\4.4\\psoc creator\\import\\gnu\\arm\\5.4.
 2025              		.file 2 "c:\\program files (x86)\\cypress\\psoc creator\\4.4\\psoc creator\\import\\gnu\\arm\\5.4.
 2026              		.file 3 "Generated_Source\\PSoC5\\cymetadata.c"
 2027              		.section	.debug_info,"",%progbits
 2028              	.Ldebug_info0:
 2029 0000 35010000 		.4byte	0x135
 2030 0004 0400     		.2byte	0x4
 2031 0006 00000000 		.4byte	.Ldebug_abbrev0
 2032 000a 04       		.byte	0x4
 2033 000b 01       		.uleb128 0x1
 2034 000c 24000000 		.4byte	.LASF17
 2035 0010 0C       		.byte	0xc
 2036 0011 C8010000 		.4byte	.LASF18
 2037 0015 E7000000 		.4byte	.LASF19
 2038 0019 00000000 		.4byte	.Ldebug_line0
 2039 001d 02       		.uleb128 0x2
 2040 001e 01       		.byte	0x1
 2041 001f 06       		.byte	0x6
 2042 0020 BC010000 		.4byte	.LASF0
 2043 0024 03       		.uleb128 0x3
 2044 0025 00000000 		.4byte	.LASF9
 2045 0029 01       		.byte	0x1
 2046 002a 1D       		.byte	0x1d
 2047 002b 2F000000 		.4byte	0x2f
 2048 002f 02       		.uleb128 0x2
ARM GAS  C:\Users\adria\AppData\Local\Temp\ccCajzMP.s 			page 37


 2049 0030 01       		.byte	0x1
 2050 0031 08       		.byte	0x8
 2051 0032 16000000 		.4byte	.LASF1
 2052 0036 02       		.uleb128 0x2
 2053 0037 02       		.byte	0x2
 2054 0038 05       		.byte	0x5
 2055 0039 A9010000 		.4byte	.LASF2
 2056 003d 02       		.uleb128 0x2
 2057 003e 02       		.byte	0x2
 2058 003f 07       		.byte	0x7
 2059 0040 C4000000 		.4byte	.LASF3
 2060 0044 02       		.uleb128 0x2
 2061 0045 04       		.byte	0x4
 2062 0046 05       		.byte	0x5
 2063 0047 B3010000 		.4byte	.LASF4
 2064 004b 02       		.uleb128 0x2
 2065 004c 04       		.byte	0x4
 2066 004d 07       		.byte	0x7
 2067 004e B2000000 		.4byte	.LASF5
 2068 0052 02       		.uleb128 0x2
 2069 0053 08       		.byte	0x8
 2070 0054 05       		.byte	0x5
 2071 0055 9B010000 		.4byte	.LASF6
 2072 0059 02       		.uleb128 0x2
 2073 005a 08       		.byte	0x8
 2074 005b 07       		.byte	0x7
 2075 005c 50010000 		.4byte	.LASF7
 2076 0060 04       		.uleb128 0x4
 2077 0061 04       		.byte	0x4
 2078 0062 05       		.byte	0x5
 2079 0063 696E7400 		.ascii	"int\000"
 2080 0067 02       		.uleb128 0x2
 2081 0068 04       		.byte	0x4
 2082 0069 07       		.byte	0x7
 2083 006a 43010000 		.4byte	.LASF8
 2084 006e 03       		.uleb128 0x3
 2085 006f 67010000 		.4byte	.LASF10
 2086 0073 02       		.byte	0x2
 2087 0074 18       		.byte	0x18
 2088 0075 24000000 		.4byte	0x24
 2089 0079 05       		.uleb128 0x5
 2090 007a 91000000 		.4byte	0x91
 2091 007e 8A000000 		.4byte	0x8a
 2092 0082 06       		.uleb128 0x6
 2093 0083 8A000000 		.4byte	0x8a
 2094 0087 9F07     		.2byte	0x79f
 2095 0089 00       		.byte	0
 2096 008a 02       		.uleb128 0x2
 2097 008b 04       		.byte	0x4
 2098 008c 07       		.byte	0x7
 2099 008d 92010000 		.4byte	.LASF11
 2100 0091 07       		.uleb128 0x7
 2101 0092 6E000000 		.4byte	0x6e
 2102 0096 08       		.uleb128 0x8
 2103 0097 31010000 		.4byte	.LASF12
 2104 009b 03       		.byte	0x3
 2105 009c 1F       		.byte	0x1f
ARM GAS  C:\Users\adria\AppData\Local\Temp\ccCajzMP.s 			page 38


 2106 009d A7000000 		.4byte	0xa7
 2107 00a1 05       		.uleb128 0x5
 2108 00a2 03       		.byte	0x3
 2109 00a3 00000000 		.4byte	cy_meta_configecc
 2110 00a7 07       		.uleb128 0x7
 2111 00a8 79000000 		.4byte	0x79
 2112 00ac 05       		.uleb128 0x5
 2113 00ad 91000000 		.4byte	0x91
 2114 00b1 BC000000 		.4byte	0xbc
 2115 00b5 09       		.uleb128 0x9
 2116 00b6 8A000000 		.4byte	0x8a
 2117 00ba 03       		.byte	0x3
 2118 00bb 00       		.byte	0
 2119 00bc 0A       		.uleb128 0xa
 2120 00bd D7000000 		.4byte	.LASF13
 2121 00c1 03       		.byte	0x3
 2122 00c2 2001     		.2byte	0x120
 2123 00c4 CE000000 		.4byte	0xce
 2124 00c8 05       		.uleb128 0x5
 2125 00c9 03       		.byte	0x3
 2126 00ca 00000000 		.4byte	cy_meta_custnvl
 2127 00ce 07       		.uleb128 0x7
 2128 00cf AC000000 		.4byte	0xac
 2129 00d3 0A       		.uleb128 0xa
 2130 00d4 84010000 		.4byte	.LASF14
 2131 00d8 03       		.byte	0x3
 2132 00d9 2E01     		.2byte	0x12e
 2133 00db E5000000 		.4byte	0xe5
 2134 00df 05       		.uleb128 0x5
 2135 00e0 03       		.byte	0x3
 2136 00e1 00000000 		.4byte	cy_meta_wonvl
 2137 00e5 07       		.uleb128 0x7
 2138 00e6 AC000000 		.4byte	0xac
 2139 00ea 05       		.uleb128 0x5
 2140 00eb 91000000 		.4byte	0x91
 2141 00ef FA000000 		.4byte	0xfa
 2142 00f3 09       		.uleb128 0x9
 2143 00f4 8A000000 		.4byte	0x8a
 2144 00f8 FF       		.byte	0xff
 2145 00f9 00       		.byte	0
 2146 00fa 0A       		.uleb128 0xa
 2147 00fb 6F010000 		.4byte	.LASF15
 2148 00ff 03       		.byte	0x3
 2149 0100 3C01     		.2byte	0x13c
 2150 0102 0C010000 		.4byte	0x10c
 2151 0106 05       		.uleb128 0x5
 2152 0107 03       		.byte	0x3
 2153 0108 00000000 		.4byte	cy_meta_flashprotect
 2154 010c 07       		.uleb128 0x7
 2155 010d EA000000 		.4byte	0xea
 2156 0111 05       		.uleb128 0x5
 2157 0112 91000000 		.4byte	0x91
 2158 0116 21010000 		.4byte	0x121
 2159 011a 09       		.uleb128 0x9
 2160 011b 8A000000 		.4byte	0x8a
 2161 011f 0B       		.byte	0xb
 2162 0120 00       		.byte	0
ARM GAS  C:\Users\adria\AppData\Local\Temp\ccCajzMP.s 			page 39


 2163 0121 0A       		.uleb128 0xa
 2164 0122 0A000000 		.4byte	.LASF16
 2165 0126 03       		.byte	0x3
 2166 0127 6901     		.2byte	0x169
 2167 0129 33010000 		.4byte	0x133
 2168 012d 05       		.uleb128 0x5
 2169 012e 03       		.byte	0x3
 2170 012f 00000000 		.4byte	cy_metadata
 2171 0133 07       		.uleb128 0x7
 2172 0134 11010000 		.4byte	0x111
 2173 0138 00       		.byte	0
 2174              		.section	.debug_abbrev,"",%progbits
 2175              	.Ldebug_abbrev0:
 2176 0000 01       		.uleb128 0x1
 2177 0001 11       		.uleb128 0x11
 2178 0002 01       		.byte	0x1
 2179 0003 25       		.uleb128 0x25
 2180 0004 0E       		.uleb128 0xe
 2181 0005 13       		.uleb128 0x13
 2182 0006 0B       		.uleb128 0xb
 2183 0007 03       		.uleb128 0x3
 2184 0008 0E       		.uleb128 0xe
 2185 0009 1B       		.uleb128 0x1b
 2186 000a 0E       		.uleb128 0xe
 2187 000b 10       		.uleb128 0x10
 2188 000c 17       		.uleb128 0x17
 2189 000d 00       		.byte	0
 2190 000e 00       		.byte	0
 2191 000f 02       		.uleb128 0x2
 2192 0010 24       		.uleb128 0x24
 2193 0011 00       		.byte	0
 2194 0012 0B       		.uleb128 0xb
 2195 0013 0B       		.uleb128 0xb
 2196 0014 3E       		.uleb128 0x3e
 2197 0015 0B       		.uleb128 0xb
 2198 0016 03       		.uleb128 0x3
 2199 0017 0E       		.uleb128 0xe
 2200 0018 00       		.byte	0
 2201 0019 00       		.byte	0
 2202 001a 03       		.uleb128 0x3
 2203 001b 16       		.uleb128 0x16
 2204 001c 00       		.byte	0
 2205 001d 03       		.uleb128 0x3
 2206 001e 0E       		.uleb128 0xe
 2207 001f 3A       		.uleb128 0x3a
 2208 0020 0B       		.uleb128 0xb
 2209 0021 3B       		.uleb128 0x3b
 2210 0022 0B       		.uleb128 0xb
 2211 0023 49       		.uleb128 0x49
 2212 0024 13       		.uleb128 0x13
 2213 0025 00       		.byte	0
 2214 0026 00       		.byte	0
 2215 0027 04       		.uleb128 0x4
 2216 0028 24       		.uleb128 0x24
 2217 0029 00       		.byte	0
 2218 002a 0B       		.uleb128 0xb
 2219 002b 0B       		.uleb128 0xb
ARM GAS  C:\Users\adria\AppData\Local\Temp\ccCajzMP.s 			page 40


 2220 002c 3E       		.uleb128 0x3e
 2221 002d 0B       		.uleb128 0xb
 2222 002e 03       		.uleb128 0x3
 2223 002f 08       		.uleb128 0x8
 2224 0030 00       		.byte	0
 2225 0031 00       		.byte	0
 2226 0032 05       		.uleb128 0x5
 2227 0033 01       		.uleb128 0x1
 2228 0034 01       		.byte	0x1
 2229 0035 49       		.uleb128 0x49
 2230 0036 13       		.uleb128 0x13
 2231 0037 01       		.uleb128 0x1
 2232 0038 13       		.uleb128 0x13
 2233 0039 00       		.byte	0
 2234 003a 00       		.byte	0
 2235 003b 06       		.uleb128 0x6
 2236 003c 21       		.uleb128 0x21
 2237 003d 00       		.byte	0
 2238 003e 49       		.uleb128 0x49
 2239 003f 13       		.uleb128 0x13
 2240 0040 2F       		.uleb128 0x2f
 2241 0041 05       		.uleb128 0x5
 2242 0042 00       		.byte	0
 2243 0043 00       		.byte	0
 2244 0044 07       		.uleb128 0x7
 2245 0045 26       		.uleb128 0x26
 2246 0046 00       		.byte	0
 2247 0047 49       		.uleb128 0x49
 2248 0048 13       		.uleb128 0x13
 2249 0049 00       		.byte	0
 2250 004a 00       		.byte	0
 2251 004b 08       		.uleb128 0x8
 2252 004c 34       		.uleb128 0x34
 2253 004d 00       		.byte	0
 2254 004e 03       		.uleb128 0x3
 2255 004f 0E       		.uleb128 0xe
 2256 0050 3A       		.uleb128 0x3a
 2257 0051 0B       		.uleb128 0xb
 2258 0052 3B       		.uleb128 0x3b
 2259 0053 0B       		.uleb128 0xb
 2260 0054 49       		.uleb128 0x49
 2261 0055 13       		.uleb128 0x13
 2262 0056 3F       		.uleb128 0x3f
 2263 0057 19       		.uleb128 0x19
 2264 0058 02       		.uleb128 0x2
 2265 0059 18       		.uleb128 0x18
 2266 005a 00       		.byte	0
 2267 005b 00       		.byte	0
 2268 005c 09       		.uleb128 0x9
 2269 005d 21       		.uleb128 0x21
 2270 005e 00       		.byte	0
 2271 005f 49       		.uleb128 0x49
 2272 0060 13       		.uleb128 0x13
 2273 0061 2F       		.uleb128 0x2f
 2274 0062 0B       		.uleb128 0xb
 2275 0063 00       		.byte	0
 2276 0064 00       		.byte	0
ARM GAS  C:\Users\adria\AppData\Local\Temp\ccCajzMP.s 			page 41


 2277 0065 0A       		.uleb128 0xa
 2278 0066 34       		.uleb128 0x34
 2279 0067 00       		.byte	0
 2280 0068 03       		.uleb128 0x3
 2281 0069 0E       		.uleb128 0xe
 2282 006a 3A       		.uleb128 0x3a
 2283 006b 0B       		.uleb128 0xb
 2284 006c 3B       		.uleb128 0x3b
 2285 006d 05       		.uleb128 0x5
 2286 006e 49       		.uleb128 0x49
 2287 006f 13       		.uleb128 0x13
 2288 0070 3F       		.uleb128 0x3f
 2289 0071 19       		.uleb128 0x19
 2290 0072 02       		.uleb128 0x2
 2291 0073 18       		.uleb128 0x18
 2292 0074 00       		.byte	0
 2293 0075 00       		.byte	0
 2294 0076 00       		.byte	0
 2295              		.section	.debug_aranges,"",%progbits
 2296 0000 14000000 		.4byte	0x14
 2297 0004 0200     		.2byte	0x2
 2298 0006 00000000 		.4byte	.Ldebug_info0
 2299 000a 04       		.byte	0x4
 2300 000b 00       		.byte	0
 2301 000c 0000     		.2byte	0
 2302 000e 0000     		.2byte	0
 2303 0010 00000000 		.4byte	0
 2304 0014 00000000 		.4byte	0
 2305              		.section	.debug_line,"",%progbits
 2306              	.Ldebug_line0:
 2307 0000 3D010000 		.section	.debug_str,"MS",%progbits,1
 2307      02003701 
 2307      00000201 
 2307      FB0E0D00 
 2307      01010101 
 2308              	.LASF9:
 2309 0000 5F5F7569 		.ascii	"__uint8_t\000"
 2309      6E74385F 
 2309      7400
 2310              	.LASF16:
 2311 000a 63795F6D 		.ascii	"cy_metadata\000"
 2311      65746164 
 2311      61746100 
 2312              	.LASF1:
 2313 0016 756E7369 		.ascii	"unsigned char\000"
 2313      676E6564 
 2313      20636861 
 2313      7200
 2314              	.LASF17:
 2315 0024 474E5520 		.ascii	"GNU C11 5.4.1 20160609 (release) [ARM/embedded-5-br"
 2315      43313120 
 2315      352E342E 
 2315      31203230 
 2315      31363036 
 2316 0057 616E6368 		.ascii	"anch revision 237715] -mcpu=cortex-m3 -mthumb -g -O"
 2316      20726576 
 2316      6973696F 
ARM GAS  C:\Users\adria\AppData\Local\Temp\ccCajzMP.s 			page 42


 2316      6E203233 
 2316      37373135 
 2317 008a 67202D66 		.ascii	"g -ffunction-sections -ffat-lto-objects\000"
 2317      66756E63 
 2317      74696F6E 
 2317      2D736563 
 2317      74696F6E 
 2318              	.LASF5:
 2319 00b2 6C6F6E67 		.ascii	"long unsigned int\000"
 2319      20756E73 
 2319      69676E65 
 2319      6420696E 
 2319      7400
 2320              	.LASF3:
 2321 00c4 73686F72 		.ascii	"short unsigned int\000"
 2321      7420756E 
 2321      7369676E 
 2321      65642069 
 2321      6E7400
 2322              	.LASF13:
 2323 00d7 63795F6D 		.ascii	"cy_meta_custnvl\000"
 2323      6574615F 
 2323      63757374 
 2323      6E766C00 
 2324              	.LASF19:
 2325 00e7 433A5C55 		.ascii	"C:\\Users\\adria\\OneDrive\\Documents\\psoc\\PROYEC"
 2325      73657273 
 2325      5C616472 
 2325      69615C4F 
 2325      6E654472 
 2326 0114 544F5F49 		.ascii	"TO_IOT\\ESP_wifi_module.cydsn\000"
 2326      4F545C45 
 2326      53505F77 
 2326      6966695F 
 2326      6D6F6475 
 2327              	.LASF12:
 2328 0131 63795F6D 		.ascii	"cy_meta_configecc\000"
 2328      6574615F 
 2328      636F6E66 
 2328      69676563 
 2328      6300
 2329              	.LASF8:
 2330 0143 756E7369 		.ascii	"unsigned int\000"
 2330      676E6564 
 2330      20696E74 
 2330      00
 2331              	.LASF7:
 2332 0150 6C6F6E67 		.ascii	"long long unsigned int\000"
 2332      206C6F6E 
 2332      6720756E 
 2332      7369676E 
 2332      65642069 
 2333              	.LASF10:
 2334 0167 75696E74 		.ascii	"uint8_t\000"
 2334      385F7400 
 2335              	.LASF15:
 2336 016f 63795F6D 		.ascii	"cy_meta_flashprotect\000"
ARM GAS  C:\Users\adria\AppData\Local\Temp\ccCajzMP.s 			page 43


 2336      6574615F 
 2336      666C6173 
 2336      6870726F 
 2336      74656374 
 2337              	.LASF14:
 2338 0184 63795F6D 		.ascii	"cy_meta_wonvl\000"
 2338      6574615F 
 2338      776F6E76 
 2338      6C00
 2339              	.LASF11:
 2340 0192 73697A65 		.ascii	"sizetype\000"
 2340      74797065 
 2340      00
 2341              	.LASF6:
 2342 019b 6C6F6E67 		.ascii	"long long int\000"
 2342      206C6F6E 
 2342      6720696E 
 2342      7400
 2343              	.LASF2:
 2344 01a9 73686F72 		.ascii	"short int\000"
 2344      7420696E 
 2344      7400
 2345              	.LASF4:
 2346 01b3 6C6F6E67 		.ascii	"long int\000"
 2346      20696E74 
 2346      00
 2347              	.LASF0:
 2348 01bc 7369676E 		.ascii	"signed char\000"
 2348      65642063 
 2348      68617200 
 2349              	.LASF18:
 2350 01c8 47656E65 		.ascii	"Generated_Source\\PSoC5\\cymetadata.c\000"
 2350      72617465 
 2350      645F536F 
 2350      75726365 
 2350      5C50536F 
 2351              		.ident	"GCC: (GNU Tools for ARM Embedded Processors) 5.4.1 20160609 (release) [ARM/embedded-5-bran
