ARM GAS  C:\Users\adria\AppData\Local\Temp\ccl4zNyS.s 			page 1


   1              		.syntax unified
   2              		.cpu cortex-m3
   3              		.fpu softvfp
   4              		.eabi_attribute 20, 1
   5              		.eabi_attribute 21, 1
   6              		.eabi_attribute 23, 3
   7              		.eabi_attribute 24, 1
   8              		.eabi_attribute 25, 1
   9              		.eabi_attribute 26, 1
  10              		.eabi_attribute 30, 1
  11              		.eabi_attribute 34, 1
  12              		.eabi_attribute 18, 4
  13              		.thumb
  14              		.syntax unified
  15              		.file	"main.c"
  16              		.text
  17              	.Ltext0:
  18              		.cfi_sections	.debug_frame
  19              		.section	.text.isr,"ax",%progbits
  20              		.align	2
  21              		.global	isr
  22              		.thumb
  23              		.thumb_func
  24              		.type	isr, %function
  25              	isr:
  26              	.LFB63:
  27              		.file 1 "main.c"
   1:main.c        **** #include "project.h"
   2:main.c        **** #include "D:\GITHUB\Librerias_PSOC\Libreria_PSOC\LIB_psoc.h"
   3:main.c        **** #include "..\..\..\psoc\lcd_7seg\Workspace01\LCD.cydsn\PSOC_LCD.h"
   4:main.c        **** #include "espU1.h" //Libreria apra configura la esp wifi modulo
   5:main.c        **** #include "string.h"//Funciones para Cadenas de texto
   6:main.c        **** 
   7:main.c        **** //Rutina de interrrupción
   8:main.c        **** uint8_t flag = 0x00;//Bandera de interrupión de la uart
   9:main.c        **** CY_ISR(isr){
  28              		.loc 1 9 0
  29              		.cfi_startproc
  30              		@ args = 0, pretend = 0, frame = 0
  31              		@ frame_needed = 0, uses_anonymous_args = 0
  32 0000 08B5     		push	{r3, lr}
  33              		.cfi_def_cfa_offset 8
  34              		.cfi_offset 3, -8
  35              		.cfi_offset 14, -4
  10:main.c        ****     isr_ClearPending();  // Limpieza de interrupción
  36              		.loc 1 10 0
  37 0002 FFF7FEFF 		bl	isr_ClearPending
  38              	.LVL0:
  11:main.c        ****     flag |= BIT0;// Bandera de dato recibido  
  39              		.loc 1 11 0
  40 0006 034A     		ldr	r2, .L3
  41 0008 1378     		ldrb	r3, [r2]	@ zero_extendqisi2
  42 000a 43F00103 		orr	r3, r3, #1
  43 000e 1370     		strb	r3, [r2]
  44 0010 08BD     		pop	{r3, pc}
  45              	.L4:
  46 0012 00BF     		.align	2
ARM GAS  C:\Users\adria\AppData\Local\Temp\ccl4zNyS.s 			page 2


  47              	.L3:
  48 0014 00000000 		.word	.LANCHOR0
  49              		.cfi_endproc
  50              	.LFE63:
  51              		.size	isr, .-isr
  52              		.section	.text.main,"ax",%progbits
  53              		.align	2
  54              		.global	main
  55              		.thumb
  56              		.thumb_func
  57              		.type	main, %function
  58              	main:
  59              	.LFB64:
  12:main.c        **** }
  13:main.c        **** char buffer[32];//Buffer para lectura
  14:main.c        **** 
  15:main.c        **** int main(void)
  16:main.c        **** {
  60              		.loc 1 16 0
  61              		.cfi_startproc
  62              		@ args = 0, pretend = 0, frame = 0
  63              		@ frame_needed = 0, uses_anonymous_args = 0
  64 0000 38B5     		push	{r3, r4, r5, lr}
  65              		.cfi_def_cfa_offset 16
  66              		.cfi_offset 3, -16
  67              		.cfi_offset 4, -12
  68              		.cfi_offset 5, -8
  69              		.cfi_offset 14, -4
  17:main.c        ****     CyGlobalIntEnable;
  70              		.loc 1 17 0
  71              		.syntax unified
  72              	@ 17 "main.c" 1
  73 0002 62B6     		CPSIE   i
  74              	@ 0 "" 2
  18:main.c        ****     isr_StartEx(isr);// Inicializar interrupción física
  75              		.loc 1 18 0
  76              		.thumb
  77              		.syntax unified
  78 0004 2348     		ldr	r0, .L16
  79 0006 FFF7FEFF 		bl	isr_StartEx
  80              	.LVL1:
  19:main.c        ****     isr_ClearPending();// Limpiar por primera vez la interrupción
  81              		.loc 1 19 0
  82 000a FFF7FEFF 		bl	isr_ClearPending
  83              	.LVL2:
  20:main.c        ****     
  21:main.c        ****     //Perifericos
  22:main.c        ****     UART_Start();
  84              		.loc 1 22 0
  85 000e FFF7FEFF 		bl	UART_Start
  86              	.LVL3:
  23:main.c        ****     UART_ClearRxBuffer();
  87              		.loc 1 23 0
  88 0012 FFF7FEFF 		bl	UART_ClearRxBuffer
  89              	.LVL4:
  24:main.c        ****     //UART_PC_Start();
  25:main.c        ****     //UART_PC_ClearRxBuffer();
ARM GAS  C:\Users\adria\AppData\Local\Temp\ccl4zNyS.s 			page 3


  26:main.c        ****     LCD_Start();
  90              		.loc 1 26 0
  91 0016 FFF7FEFF 		bl	LCD_Start
  92              	.LVL5:
  27:main.c        ****     esp_wifi_Start();
  93              		.loc 1 27 0
  94 001a FFF7FEFF 		bl	esp_wifi_Start
  95              	.LVL6:
  28:main.c        ****     
  29:main.c        ****     int i=0;//Contador para leer el buffer de la UART
  30:main.c        ****     uint8_t colores = 0xFF;//inicialmente todos apagados
  96              		.loc 1 30 0
  97 001e FF25     		movs	r5, #255
  98              	.LVL7:
  99              	.L14:
 100 0020 0024     		movs	r4, #0
 101              	.L6:
 102              	.LVL8:
  31:main.c        ****     for(;;)
  32:main.c        ****     {
  33:main.c        ****         //RUTINA PARA CAPTURAR EL DATO ENVIADO POR EL uart
  34:main.c        ****         if(flag){//Se envió un mensaje por la UART
 103              		.loc 1 34 0
 104 0022 1D4B     		ldr	r3, .L16+4
 105 0024 1B78     		ldrb	r3, [r3]	@ zero_extendqisi2
 106 0026 002B     		cmp	r3, #0
 107 0028 FBD0     		beq	.L6
  35:main.c        ****             flag &= ~BIT0;//Tiramos la bandera
 108              		.loc 1 35 0
 109 002a 23F00103 		bic	r3, r3, #1
 110 002e 1A4A     		ldr	r2, .L16+4
 111 0030 1370     		strb	r3, [r2]
  36:main.c        ****             
  37:main.c        ****             buffer[i] =  UART_GetByte();//Agregamos al arreglo el ascci del caracter recibido
 112              		.loc 1 37 0
 113 0032 FFF7FEFF 		bl	UART_GetByte
 114              	.LVL9:
 115 0036 C0B2     		uxtb	r0, r0
 116 0038 184B     		ldr	r3, .L16+8
 117 003a 1855     		strb	r0, [r3, r4]
  38:main.c        ****             i++;
 118              		.loc 1 38 0
 119 003c 0134     		adds	r4, r4, #1
 120              	.LVL10:
  39:main.c        ****             
  40:main.c        ****             //Cortamos al detectar el caracter
  41:main.c        ****             if(buffer[i-1] == ' ') {
 121              		.loc 1 41 0
 122 003e 2028     		cmp	r0, #32
 123 0040 EFD1     		bne	.L6
  42:main.c        ****  
  43:main.c        ****             //char *leds[4]={"red ","green ","blue ","orange "};   
  44:main.c        ****             //******TOGGLES segun los botones del streamlit
  45:main.c        ****             /*
  46:main.c        ****             if(!strcmp(leds[0], buffer)){//rojo
  47:main.c        ****                 colores ^= BIT0;
  48:main.c        ****             }
ARM GAS  C:\Users\adria\AppData\Local\Temp\ccl4zNyS.s 			page 4


  49:main.c        ****             if(!strcmp(leds[1], buffer)){//verde
  50:main.c        ****                 colores ^= BIT1;
  51:main.c        ****             }  
  52:main.c        ****             if(!strcmp(leds[2], buffer)){//azul
  53:main.c        ****                 colores ^= BIT2;
  54:main.c        ****             }  
  55:main.c        ****             if(!strcmp(leds[3], buffer)){//naranja
  56:main.c        ****                 colores ^= BIT3;
  57:main.c        ****             }     
  58:main.c        ****             */
  59:main.c        ****             
  60:main.c        ****             if(strstr(buffer,"red")!= NULL){//rojo
 124              		.loc 1 60 0
 125 0042 1749     		ldr	r1, .L16+12
 126 0044 1846     		mov	r0, r3
 127 0046 FFF7FEFF 		bl	strstr
 128              	.LVL11:
 129 004a 08B1     		cbz	r0, .L8
  61:main.c        ****                 colores ^= BIT0;
 130              		.loc 1 61 0
 131 004c 85F00105 		eor	r5, r5, #1
 132              	.LVL12:
 133              	.L8:
  62:main.c        ****             }
  63:main.c        ****             if(strstr(buffer,"green")!= NULL){//verde
 134              		.loc 1 63 0
 135 0050 1449     		ldr	r1, .L16+16
 136 0052 1248     		ldr	r0, .L16+8
 137 0054 FFF7FEFF 		bl	strstr
 138              	.LVL13:
 139 0058 08B1     		cbz	r0, .L9
  64:main.c        ****                 colores ^= BIT1;
 140              		.loc 1 64 0
 141 005a 85F00205 		eor	r5, r5, #2
 142              	.LVL14:
 143              	.L9:
  65:main.c        ****             }  
  66:main.c        ****             if(strstr(buffer,"blue")!= NULL){//azul
 144              		.loc 1 66 0
 145 005e 1249     		ldr	r1, .L16+20
 146 0060 0E48     		ldr	r0, .L16+8
 147 0062 FFF7FEFF 		bl	strstr
 148              	.LVL15:
 149 0066 08B1     		cbz	r0, .L10
  67:main.c        ****                 colores ^= BIT2;
 150              		.loc 1 67 0
 151 0068 85F00405 		eor	r5, r5, #4
 152              	.LVL16:
 153              	.L10:
  68:main.c        ****             }  
  69:main.c        ****             if(strstr(buffer,"orange")!= NULL){//naranja
 154              		.loc 1 69 0
 155 006c 0F49     		ldr	r1, .L16+24
 156 006e 0B48     		ldr	r0, .L16+8
 157 0070 FFF7FEFF 		bl	strstr
 158              	.LVL17:
 159 0074 08B1     		cbz	r0, .L11
ARM GAS  C:\Users\adria\AppData\Local\Temp\ccl4zNyS.s 			page 5


  70:main.c        ****                 colores ^= BIT3;
 160              		.loc 1 70 0
 161 0076 85F00805 		eor	r5, r5, #8
 162              	.LVL18:
 163              	.L11:
  71:main.c        ****             }     
  72:main.c        ****              
  73:main.c        ****             //ACTUALIZAMOS COLORES
  74:main.c        ****             LEDS_Write(colores);
 164              		.loc 1 74 0
 165 007a 2846     		mov	r0, r5
 166 007c FFF7FEFF 		bl	LEDS_Write
 167              	.LVL19:
 168              	.LBB2:
  75:main.c        ****                 
  76:main.c        ****             //Limpiamos el buffer de lectura
  77:main.c        ****             for(int a=0;a<31;a++){
 169              		.loc 1 77 0
 170 0080 0023     		movs	r3, #0
 171 0082 03E0     		b	.L12
 172              	.LVL20:
 173              	.L13:
  78:main.c        ****                 buffer[a] = 0x00;
 174              		.loc 1 78 0 discriminator 3
 175 0084 0021     		movs	r1, #0
 176 0086 054A     		ldr	r2, .L16+8
 177 0088 D154     		strb	r1, [r2, r3]
  77:main.c        ****                 buffer[a] = 0x00;
 178              		.loc 1 77 0 discriminator 3
 179 008a 0133     		adds	r3, r3, #1
 180              	.LVL21:
 181              	.L12:
  77:main.c        ****                 buffer[a] = 0x00;
 182              		.loc 1 77 0 is_stmt 0 discriminator 1
 183 008c 1E2B     		cmp	r3, #30
 184 008e F9DD     		ble	.L13
 185 0090 C6E7     		b	.L14
 186              	.L17:
 187 0092 00BF     		.align	2
 188              	.L16:
 189 0094 00000000 		.word	isr
 190 0098 00000000 		.word	.LANCHOR0
 191 009c 00000000 		.word	buffer
 192 00a0 00000000 		.word	.LC0
 193 00a4 04000000 		.word	.LC1
 194 00a8 0C000000 		.word	.LC2
 195 00ac 14000000 		.word	.LC3
 196              	.LBE2:
 197              		.cfi_endproc
 198              	.LFE64:
 199              		.size	main, .-main
 200              		.comm	buffer,32,4
 201              		.global	flag
 202              		.section	.rodata.str1.4,"aMS",%progbits,1
 203              		.align	2
 204              	.LC0:
 205 0000 72656400 		.ascii	"red\000"
ARM GAS  C:\Users\adria\AppData\Local\Temp\ccl4zNyS.s 			page 6


 206              	.LC1:
 207 0004 67726565 		.ascii	"green\000"
 207      6E00
 208 000a 0000     		.space	2
 209              	.LC2:
 210 000c 626C7565 		.ascii	"blue\000"
 210      00
 211 0011 000000   		.space	3
 212              	.LC3:
 213 0014 6F72616E 		.ascii	"orange\000"
 213      676500
 214              		.bss
 215              		.set	.LANCHOR0,. + 0
 216              		.type	flag, %object
 217              		.size	flag, 1
 218              	flag:
 219 0000 00       		.space	1
 220              		.text
 221              	.Letext0:
 222              		.file 2 "c:\\program files (x86)\\cypress\\psoc creator\\4.4\\psoc creator\\import\\gnu\\arm\\5.4.
 223              		.file 3 "c:\\program files (x86)\\cypress\\psoc creator\\4.4\\psoc creator\\import\\gnu\\arm\\5.4.
 224              		.file 4 "Generated_Source\\PSoC5/core_cm3.h"
 225              		.file 5 "Generated_Source\\PSoC5/isr.h"
 226              		.file 6 "Generated_Source\\PSoC5/UART.h"
 227              		.file 7 "..\\..\\..\\psoc\\lcd_7seg\\Workspace01\\LCD.cydsn\\PSOC_LCD.h"
 228              		.file 8 "espU1.h"
 229              		.file 9 "c:\\program files (x86)\\cypress\\psoc creator\\4.4\\psoc creator\\import\\gnu\\arm\\5.4.
 230              		.file 10 "Generated_Source\\PSoC5/LEDS.h"
 231              		.section	.debug_info,"",%progbits
 232              	.Ldebug_info0:
 233 0000 AA020000 		.4byte	0x2aa
 234 0004 0400     		.2byte	0x4
 235 0006 00000000 		.4byte	.Ldebug_abbrev0
 236 000a 04       		.byte	0x4
 237 000b 01       		.uleb128 0x1
 238 000c AE000000 		.4byte	.LASF31
 239 0010 0C       		.byte	0xc
 240 0011 FF010000 		.4byte	.LASF32
 241 0015 0A000000 		.4byte	.LASF33
 242 0019 00000000 		.4byte	.Ldebug_ranges0+0
 243 001d 00000000 		.4byte	0
 244 0021 00000000 		.4byte	.Ldebug_line0
 245 0025 02       		.uleb128 0x2
 246 0026 01       		.byte	0x1
 247 0027 06       		.byte	0x6
 248 0028 31020000 		.4byte	.LASF0
 249 002c 03       		.uleb128 0x3
 250 002d 00000000 		.4byte	.LASF4
 251 0031 02       		.byte	0x2
 252 0032 1D       		.byte	0x1d
 253 0033 37000000 		.4byte	0x37
 254 0037 02       		.uleb128 0x2
 255 0038 01       		.byte	0x1
 256 0039 08       		.byte	0x8
 257 003a A0000000 		.4byte	.LASF1
 258 003e 02       		.uleb128 0x2
 259 003f 02       		.byte	0x2
ARM GAS  C:\Users\adria\AppData\Local\Temp\ccl4zNyS.s 			page 7


 260 0040 05       		.byte	0x5
 261 0041 0B020000 		.4byte	.LASF2
 262 0045 02       		.uleb128 0x2
 263 0046 02       		.byte	0x2
 264 0047 07       		.byte	0x7
 265 0048 4E010000 		.4byte	.LASF3
 266 004c 03       		.uleb128 0x3
 267 004d 5C000000 		.4byte	.LASF5
 268 0051 02       		.byte	0x2
 269 0052 3F       		.byte	0x3f
 270 0053 57000000 		.4byte	0x57
 271 0057 02       		.uleb128 0x2
 272 0058 04       		.byte	0x4
 273 0059 05       		.byte	0x5
 274 005a 1C020000 		.4byte	.LASF6
 275 005e 02       		.uleb128 0x2
 276 005f 04       		.byte	0x4
 277 0060 07       		.byte	0x7
 278 0061 3C010000 		.4byte	.LASF7
 279 0065 02       		.uleb128 0x2
 280 0066 08       		.byte	0x8
 281 0067 05       		.byte	0x5
 282 0068 F1010000 		.4byte	.LASF8
 283 006c 02       		.uleb128 0x2
 284 006d 08       		.byte	0x8
 285 006e 07       		.byte	0x7
 286 006f C1010000 		.4byte	.LASF9
 287 0073 04       		.uleb128 0x4
 288 0074 04       		.byte	0x4
 289 0075 05       		.byte	0x5
 290 0076 696E7400 		.ascii	"int\000"
 291 007a 02       		.uleb128 0x2
 292 007b 04       		.byte	0x4
 293 007c 07       		.byte	0x7
 294 007d B4010000 		.4byte	.LASF10
 295 0081 03       		.uleb128 0x3
 296 0082 66000000 		.4byte	.LASF11
 297 0086 03       		.byte	0x3
 298 0087 18       		.byte	0x18
 299 0088 2C000000 		.4byte	0x2c
 300 008c 03       		.uleb128 0x3
 301 008d E0010000 		.4byte	.LASF12
 302 0091 03       		.byte	0x3
 303 0092 2C       		.byte	0x2c
 304 0093 4C000000 		.4byte	0x4c
 305 0097 02       		.uleb128 0x2
 306 0098 04       		.byte	0x4
 307 0099 04       		.byte	0x4
 308 009a 90000000 		.4byte	.LASF13
 309 009e 02       		.uleb128 0x2
 310 009f 08       		.byte	0x8
 311 00a0 04       		.byte	0x4
 312 00a1 8A010000 		.4byte	.LASF14
 313 00a5 02       		.uleb128 0x2
 314 00a6 01       		.byte	0x1
 315 00a7 08       		.byte	0x8
 316 00a8 06020000 		.4byte	.LASF15
ARM GAS  C:\Users\adria\AppData\Local\Temp\ccl4zNyS.s 			page 8


 317 00ac 02       		.uleb128 0x2
 318 00ad 08       		.byte	0x8
 319 00ae 04       		.byte	0x4
 320 00af 25020000 		.4byte	.LASF16
 321 00b3 02       		.uleb128 0x2
 322 00b4 04       		.byte	0x4
 323 00b5 07       		.byte	0x7
 324 00b6 E8010000 		.4byte	.LASF17
 325 00ba 05       		.uleb128 0x5
 326 00bb 69737200 		.ascii	"isr\000"
 327 00bf 01       		.byte	0x1
 328 00c0 09       		.byte	0x9
 329 00c1 00000000 		.4byte	.LFB63
 330 00c5 18000000 		.4byte	.LFE63-.LFB63
 331 00c9 01       		.uleb128 0x1
 332 00ca 9C       		.byte	0x9c
 333 00cb D9000000 		.4byte	0xd9
 334 00cf 06       		.uleb128 0x6
 335 00d0 06000000 		.4byte	.LVL0
 336 00d4 4A020000 		.4byte	0x24a
 337 00d8 00       		.byte	0
 338 00d9 07       		.uleb128 0x7
 339 00da 91010000 		.4byte	.LASF34
 340 00de 01       		.byte	0x1
 341 00df 0F       		.byte	0xf
 342 00e0 73000000 		.4byte	0x73
 343 00e4 00000000 		.4byte	.LFB64
 344 00e8 B0000000 		.4byte	.LFE64-.LFB64
 345 00ec 01       		.uleb128 0x1
 346 00ed 9C       		.byte	0x9c
 347 00ee 07020000 		.4byte	0x207
 348 00f2 08       		.uleb128 0x8
 349 00f3 6900     		.ascii	"i\000"
 350 00f5 01       		.byte	0x1
 351 00f6 1D       		.byte	0x1d
 352 00f7 73000000 		.4byte	0x73
 353 00fb 00000000 		.4byte	.LLST0
 354 00ff 09       		.uleb128 0x9
 355 0100 D8010000 		.4byte	.LASF18
 356 0104 01       		.byte	0x1
 357 0105 1E       		.byte	0x1e
 358 0106 81000000 		.4byte	0x81
 359 010a 1F000000 		.4byte	.LLST1
 360 010e 0A       		.uleb128 0xa
 361 010f 80000000 		.4byte	.LBB2
 362 0113 30000000 		.4byte	.LBE2-.LBB2
 363 0117 29010000 		.4byte	0x129
 364 011b 08       		.uleb128 0x8
 365 011c 6100     		.ascii	"a\000"
 366 011e 01       		.byte	0x1
 367 011f 4D       		.byte	0x4d
 368 0120 73000000 		.4byte	0x73
 369 0124 3F000000 		.4byte	.LLST2
 370 0128 00       		.byte	0
 371 0129 0B       		.uleb128 0xb
 372 012a 0A000000 		.4byte	.LVL1
 373 012e 55020000 		.4byte	0x255
ARM GAS  C:\Users\adria\AppData\Local\Temp\ccl4zNyS.s 			page 9


 374 0132 40010000 		.4byte	0x140
 375 0136 0C       		.uleb128 0xc
 376 0137 01       		.uleb128 0x1
 377 0138 50       		.byte	0x50
 378 0139 05       		.uleb128 0x5
 379 013a 03       		.byte	0x3
 380 013b 00000000 		.4byte	isr
 381 013f 00       		.byte	0
 382 0140 06       		.uleb128 0x6
 383 0141 0E000000 		.4byte	.LVL2
 384 0145 4A020000 		.4byte	0x24a
 385 0149 06       		.uleb128 0x6
 386 014a 12000000 		.4byte	.LVL3
 387 014e 60020000 		.4byte	0x260
 388 0152 06       		.uleb128 0x6
 389 0153 16000000 		.4byte	.LVL4
 390 0157 6B020000 		.4byte	0x26b
 391 015b 06       		.uleb128 0x6
 392 015c 1A000000 		.4byte	.LVL5
 393 0160 76020000 		.4byte	0x276
 394 0164 06       		.uleb128 0x6
 395 0165 1E000000 		.4byte	.LVL6
 396 0169 81020000 		.4byte	0x281
 397 016d 06       		.uleb128 0x6
 398 016e 36000000 		.4byte	.LVL9
 399 0172 8C020000 		.4byte	0x28c
 400 0176 0B       		.uleb128 0xb
 401 0177 4A000000 		.4byte	.LVL11
 402 017b 97020000 		.4byte	0x297
 403 017f 96010000 		.4byte	0x196
 404 0183 0C       		.uleb128 0xc
 405 0184 01       		.uleb128 0x1
 406 0185 50       		.byte	0x50
 407 0186 05       		.uleb128 0x5
 408 0187 03       		.byte	0x3
 409 0188 00000000 		.4byte	buffer
 410 018c 0C       		.uleb128 0xc
 411 018d 01       		.uleb128 0x1
 412 018e 51       		.byte	0x51
 413 018f 05       		.uleb128 0x5
 414 0190 03       		.byte	0x3
 415 0191 00000000 		.4byte	.LC0
 416 0195 00       		.byte	0
 417 0196 0B       		.uleb128 0xb
 418 0197 58000000 		.4byte	.LVL13
 419 019b 97020000 		.4byte	0x297
 420 019f B6010000 		.4byte	0x1b6
 421 01a3 0C       		.uleb128 0xc
 422 01a4 01       		.uleb128 0x1
 423 01a5 50       		.byte	0x50
 424 01a6 05       		.uleb128 0x5
 425 01a7 03       		.byte	0x3
 426 01a8 00000000 		.4byte	buffer
 427 01ac 0C       		.uleb128 0xc
 428 01ad 01       		.uleb128 0x1
 429 01ae 51       		.byte	0x51
 430 01af 05       		.uleb128 0x5
ARM GAS  C:\Users\adria\AppData\Local\Temp\ccl4zNyS.s 			page 10


 431 01b0 03       		.byte	0x3
 432 01b1 04000000 		.4byte	.LC1
 433 01b5 00       		.byte	0
 434 01b6 0B       		.uleb128 0xb
 435 01b7 66000000 		.4byte	.LVL15
 436 01bb 97020000 		.4byte	0x297
 437 01bf D6010000 		.4byte	0x1d6
 438 01c3 0C       		.uleb128 0xc
 439 01c4 01       		.uleb128 0x1
 440 01c5 50       		.byte	0x50
 441 01c6 05       		.uleb128 0x5
 442 01c7 03       		.byte	0x3
 443 01c8 00000000 		.4byte	buffer
 444 01cc 0C       		.uleb128 0xc
 445 01cd 01       		.uleb128 0x1
 446 01ce 51       		.byte	0x51
 447 01cf 05       		.uleb128 0x5
 448 01d0 03       		.byte	0x3
 449 01d1 0C000000 		.4byte	.LC2
 450 01d5 00       		.byte	0
 451 01d6 0B       		.uleb128 0xb
 452 01d7 74000000 		.4byte	.LVL17
 453 01db 97020000 		.4byte	0x297
 454 01df F6010000 		.4byte	0x1f6
 455 01e3 0C       		.uleb128 0xc
 456 01e4 01       		.uleb128 0x1
 457 01e5 50       		.byte	0x50
 458 01e6 05       		.uleb128 0x5
 459 01e7 03       		.byte	0x3
 460 01e8 00000000 		.4byte	buffer
 461 01ec 0C       		.uleb128 0xc
 462 01ed 01       		.uleb128 0x1
 463 01ee 51       		.byte	0x51
 464 01ef 05       		.uleb128 0x5
 465 01f0 03       		.byte	0x3
 466 01f1 14000000 		.4byte	.LC3
 467 01f5 00       		.byte	0
 468 01f6 0D       		.uleb128 0xd
 469 01f7 80000000 		.4byte	.LVL19
 470 01fb A2020000 		.4byte	0x2a2
 471 01ff 0C       		.uleb128 0xc
 472 0200 01       		.uleb128 0x1
 473 0201 50       		.byte	0x50
 474 0202 02       		.uleb128 0x2
 475 0203 75       		.byte	0x75
 476 0204 00       		.sleb128 0
 477 0205 00       		.byte	0
 478 0206 00       		.byte	0
 479 0207 0E       		.uleb128 0xe
 480 0208 6C010000 		.4byte	.LASF19
 481 020c 04       		.byte	0x4
 482 020d 1207     		.2byte	0x712
 483 020f 13020000 		.4byte	0x213
 484 0213 0F       		.uleb128 0xf
 485 0214 8C000000 		.4byte	0x8c
 486 0218 10       		.uleb128 0x10
 487 0219 AF010000 		.4byte	.LASF20
ARM GAS  C:\Users\adria\AppData\Local\Temp\ccl4zNyS.s 			page 11


 488 021d 01       		.byte	0x1
 489 021e 08       		.byte	0x8
 490 021f 81000000 		.4byte	0x81
 491 0223 05       		.uleb128 0x5
 492 0224 03       		.byte	0x3
 493 0225 00000000 		.4byte	flag
 494 0229 11       		.uleb128 0x11
 495 022a A5000000 		.4byte	0xa5
 496 022e 39020000 		.4byte	0x239
 497 0232 12       		.uleb128 0x12
 498 0233 B3000000 		.4byte	0xb3
 499 0237 1F       		.byte	0x1f
 500 0238 00       		.byte	0
 501 0239 10       		.uleb128 0x10
 502 023a 15020000 		.4byte	.LASF21
 503 023e 01       		.byte	0x1
 504 023f 0D       		.byte	0xd
 505 0240 29020000 		.4byte	0x229
 506 0244 05       		.uleb128 0x5
 507 0245 03       		.byte	0x3
 508 0246 00000000 		.4byte	buffer
 509 024a 13       		.uleb128 0x13
 510 024b 79010000 		.4byte	.LASF22
 511 024f 79010000 		.4byte	.LASF22
 512 0253 05       		.byte	0x5
 513 0254 28       		.byte	0x28
 514 0255 13       		.uleb128 0x13
 515 0256 96010000 		.4byte	.LASF23
 516 025a 96010000 		.4byte	.LASF23
 517 025e 05       		.byte	0x5
 518 025f 18       		.byte	0x18
 519 0260 13       		.uleb128 0x13
 520 0261 61010000 		.4byte	.LASF24
 521 0265 61010000 		.4byte	.LASF24
 522 0269 06       		.byte	0x6
 523 026a 54       		.byte	0x54
 524 026b 13       		.uleb128 0x13
 525 026c 6E000000 		.4byte	.LASF25
 526 0270 6E000000 		.4byte	.LASF25
 527 0274 06       		.byte	0x6
 528 0275 75       		.byte	0x75
 529 0276 13       		.uleb128 0x13
 530 0277 96000000 		.4byte	.LASF26
 531 027b 96000000 		.4byte	.LASF26
 532 027f 07       		.byte	0x7
 533 0280 09       		.byte	0x9
 534 0281 13       		.uleb128 0x13
 535 0282 81000000 		.4byte	.LASF27
 536 0286 81000000 		.4byte	.LASF27
 537 028a 08       		.byte	0x8
 538 028b 04       		.byte	0x4
 539 028c 13       		.uleb128 0x13
 540 028d A2010000 		.4byte	.LASF28
 541 0291 A2010000 		.4byte	.LASF28
 542 0295 06       		.byte	0x6
 543 0296 72       		.byte	0x72
 544 0297 13       		.uleb128 0x13
ARM GAS  C:\Users\adria\AppData\Local\Temp\ccl4zNyS.s 			page 12


 545 0298 3D020000 		.4byte	.LASF29
 546 029c 3D020000 		.4byte	.LASF29
 547 02a0 09       		.byte	0x9
 548 02a1 28       		.byte	0x28
 549 02a2 13       		.uleb128 0x13
 550 02a3 44020000 		.4byte	.LASF30
 551 02a7 44020000 		.4byte	.LASF30
 552 02ab 0A       		.byte	0xa
 553 02ac 2F       		.byte	0x2f
 554 02ad 00       		.byte	0
 555              		.section	.debug_abbrev,"",%progbits
 556              	.Ldebug_abbrev0:
 557 0000 01       		.uleb128 0x1
 558 0001 11       		.uleb128 0x11
 559 0002 01       		.byte	0x1
 560 0003 25       		.uleb128 0x25
 561 0004 0E       		.uleb128 0xe
 562 0005 13       		.uleb128 0x13
 563 0006 0B       		.uleb128 0xb
 564 0007 03       		.uleb128 0x3
 565 0008 0E       		.uleb128 0xe
 566 0009 1B       		.uleb128 0x1b
 567 000a 0E       		.uleb128 0xe
 568 000b 55       		.uleb128 0x55
 569 000c 17       		.uleb128 0x17
 570 000d 11       		.uleb128 0x11
 571 000e 01       		.uleb128 0x1
 572 000f 10       		.uleb128 0x10
 573 0010 17       		.uleb128 0x17
 574 0011 00       		.byte	0
 575 0012 00       		.byte	0
 576 0013 02       		.uleb128 0x2
 577 0014 24       		.uleb128 0x24
 578 0015 00       		.byte	0
 579 0016 0B       		.uleb128 0xb
 580 0017 0B       		.uleb128 0xb
 581 0018 3E       		.uleb128 0x3e
 582 0019 0B       		.uleb128 0xb
 583 001a 03       		.uleb128 0x3
 584 001b 0E       		.uleb128 0xe
 585 001c 00       		.byte	0
 586 001d 00       		.byte	0
 587 001e 03       		.uleb128 0x3
 588 001f 16       		.uleb128 0x16
 589 0020 00       		.byte	0
 590 0021 03       		.uleb128 0x3
 591 0022 0E       		.uleb128 0xe
 592 0023 3A       		.uleb128 0x3a
 593 0024 0B       		.uleb128 0xb
 594 0025 3B       		.uleb128 0x3b
 595 0026 0B       		.uleb128 0xb
 596 0027 49       		.uleb128 0x49
 597 0028 13       		.uleb128 0x13
 598 0029 00       		.byte	0
 599 002a 00       		.byte	0
 600 002b 04       		.uleb128 0x4
 601 002c 24       		.uleb128 0x24
ARM GAS  C:\Users\adria\AppData\Local\Temp\ccl4zNyS.s 			page 13


 602 002d 00       		.byte	0
 603 002e 0B       		.uleb128 0xb
 604 002f 0B       		.uleb128 0xb
 605 0030 3E       		.uleb128 0x3e
 606 0031 0B       		.uleb128 0xb
 607 0032 03       		.uleb128 0x3
 608 0033 08       		.uleb128 0x8
 609 0034 00       		.byte	0
 610 0035 00       		.byte	0
 611 0036 05       		.uleb128 0x5
 612 0037 2E       		.uleb128 0x2e
 613 0038 01       		.byte	0x1
 614 0039 3F       		.uleb128 0x3f
 615 003a 19       		.uleb128 0x19
 616 003b 03       		.uleb128 0x3
 617 003c 08       		.uleb128 0x8
 618 003d 3A       		.uleb128 0x3a
 619 003e 0B       		.uleb128 0xb
 620 003f 3B       		.uleb128 0x3b
 621 0040 0B       		.uleb128 0xb
 622 0041 27       		.uleb128 0x27
 623 0042 19       		.uleb128 0x19
 624 0043 11       		.uleb128 0x11
 625 0044 01       		.uleb128 0x1
 626 0045 12       		.uleb128 0x12
 627 0046 06       		.uleb128 0x6
 628 0047 40       		.uleb128 0x40
 629 0048 18       		.uleb128 0x18
 630 0049 9742     		.uleb128 0x2117
 631 004b 19       		.uleb128 0x19
 632 004c 01       		.uleb128 0x1
 633 004d 13       		.uleb128 0x13
 634 004e 00       		.byte	0
 635 004f 00       		.byte	0
 636 0050 06       		.uleb128 0x6
 637 0051 898201   		.uleb128 0x4109
 638 0054 00       		.byte	0
 639 0055 11       		.uleb128 0x11
 640 0056 01       		.uleb128 0x1
 641 0057 31       		.uleb128 0x31
 642 0058 13       		.uleb128 0x13
 643 0059 00       		.byte	0
 644 005a 00       		.byte	0
 645 005b 07       		.uleb128 0x7
 646 005c 2E       		.uleb128 0x2e
 647 005d 01       		.byte	0x1
 648 005e 3F       		.uleb128 0x3f
 649 005f 19       		.uleb128 0x19
 650 0060 03       		.uleb128 0x3
 651 0061 0E       		.uleb128 0xe
 652 0062 3A       		.uleb128 0x3a
 653 0063 0B       		.uleb128 0xb
 654 0064 3B       		.uleb128 0x3b
 655 0065 0B       		.uleb128 0xb
 656 0066 27       		.uleb128 0x27
 657 0067 19       		.uleb128 0x19
 658 0068 49       		.uleb128 0x49
ARM GAS  C:\Users\adria\AppData\Local\Temp\ccl4zNyS.s 			page 14


 659 0069 13       		.uleb128 0x13
 660 006a 8701     		.uleb128 0x87
 661 006c 19       		.uleb128 0x19
 662 006d 11       		.uleb128 0x11
 663 006e 01       		.uleb128 0x1
 664 006f 12       		.uleb128 0x12
 665 0070 06       		.uleb128 0x6
 666 0071 40       		.uleb128 0x40
 667 0072 18       		.uleb128 0x18
 668 0073 9742     		.uleb128 0x2117
 669 0075 19       		.uleb128 0x19
 670 0076 01       		.uleb128 0x1
 671 0077 13       		.uleb128 0x13
 672 0078 00       		.byte	0
 673 0079 00       		.byte	0
 674 007a 08       		.uleb128 0x8
 675 007b 34       		.uleb128 0x34
 676 007c 00       		.byte	0
 677 007d 03       		.uleb128 0x3
 678 007e 08       		.uleb128 0x8
 679 007f 3A       		.uleb128 0x3a
 680 0080 0B       		.uleb128 0xb
 681 0081 3B       		.uleb128 0x3b
 682 0082 0B       		.uleb128 0xb
 683 0083 49       		.uleb128 0x49
 684 0084 13       		.uleb128 0x13
 685 0085 02       		.uleb128 0x2
 686 0086 17       		.uleb128 0x17
 687 0087 00       		.byte	0
 688 0088 00       		.byte	0
 689 0089 09       		.uleb128 0x9
 690 008a 34       		.uleb128 0x34
 691 008b 00       		.byte	0
 692 008c 03       		.uleb128 0x3
 693 008d 0E       		.uleb128 0xe
 694 008e 3A       		.uleb128 0x3a
 695 008f 0B       		.uleb128 0xb
 696 0090 3B       		.uleb128 0x3b
 697 0091 0B       		.uleb128 0xb
 698 0092 49       		.uleb128 0x49
 699 0093 13       		.uleb128 0x13
 700 0094 02       		.uleb128 0x2
 701 0095 17       		.uleb128 0x17
 702 0096 00       		.byte	0
 703 0097 00       		.byte	0
 704 0098 0A       		.uleb128 0xa
 705 0099 0B       		.uleb128 0xb
 706 009a 01       		.byte	0x1
 707 009b 11       		.uleb128 0x11
 708 009c 01       		.uleb128 0x1
 709 009d 12       		.uleb128 0x12
 710 009e 06       		.uleb128 0x6
 711 009f 01       		.uleb128 0x1
 712 00a0 13       		.uleb128 0x13
 713 00a1 00       		.byte	0
 714 00a2 00       		.byte	0
 715 00a3 0B       		.uleb128 0xb
ARM GAS  C:\Users\adria\AppData\Local\Temp\ccl4zNyS.s 			page 15


 716 00a4 898201   		.uleb128 0x4109
 717 00a7 01       		.byte	0x1
 718 00a8 11       		.uleb128 0x11
 719 00a9 01       		.uleb128 0x1
 720 00aa 31       		.uleb128 0x31
 721 00ab 13       		.uleb128 0x13
 722 00ac 01       		.uleb128 0x1
 723 00ad 13       		.uleb128 0x13
 724 00ae 00       		.byte	0
 725 00af 00       		.byte	0
 726 00b0 0C       		.uleb128 0xc
 727 00b1 8A8201   		.uleb128 0x410a
 728 00b4 00       		.byte	0
 729 00b5 02       		.uleb128 0x2
 730 00b6 18       		.uleb128 0x18
 731 00b7 9142     		.uleb128 0x2111
 732 00b9 18       		.uleb128 0x18
 733 00ba 00       		.byte	0
 734 00bb 00       		.byte	0
 735 00bc 0D       		.uleb128 0xd
 736 00bd 898201   		.uleb128 0x4109
 737 00c0 01       		.byte	0x1
 738 00c1 11       		.uleb128 0x11
 739 00c2 01       		.uleb128 0x1
 740 00c3 31       		.uleb128 0x31
 741 00c4 13       		.uleb128 0x13
 742 00c5 00       		.byte	0
 743 00c6 00       		.byte	0
 744 00c7 0E       		.uleb128 0xe
 745 00c8 34       		.uleb128 0x34
 746 00c9 00       		.byte	0
 747 00ca 03       		.uleb128 0x3
 748 00cb 0E       		.uleb128 0xe
 749 00cc 3A       		.uleb128 0x3a
 750 00cd 0B       		.uleb128 0xb
 751 00ce 3B       		.uleb128 0x3b
 752 00cf 05       		.uleb128 0x5
 753 00d0 49       		.uleb128 0x49
 754 00d1 13       		.uleb128 0x13
 755 00d2 3F       		.uleb128 0x3f
 756 00d3 19       		.uleb128 0x19
 757 00d4 3C       		.uleb128 0x3c
 758 00d5 19       		.uleb128 0x19
 759 00d6 00       		.byte	0
 760 00d7 00       		.byte	0
 761 00d8 0F       		.uleb128 0xf
 762 00d9 35       		.uleb128 0x35
 763 00da 00       		.byte	0
 764 00db 49       		.uleb128 0x49
 765 00dc 13       		.uleb128 0x13
 766 00dd 00       		.byte	0
 767 00de 00       		.byte	0
 768 00df 10       		.uleb128 0x10
 769 00e0 34       		.uleb128 0x34
 770 00e1 00       		.byte	0
 771 00e2 03       		.uleb128 0x3
 772 00e3 0E       		.uleb128 0xe
ARM GAS  C:\Users\adria\AppData\Local\Temp\ccl4zNyS.s 			page 16


 773 00e4 3A       		.uleb128 0x3a
 774 00e5 0B       		.uleb128 0xb
 775 00e6 3B       		.uleb128 0x3b
 776 00e7 0B       		.uleb128 0xb
 777 00e8 49       		.uleb128 0x49
 778 00e9 13       		.uleb128 0x13
 779 00ea 3F       		.uleb128 0x3f
 780 00eb 19       		.uleb128 0x19
 781 00ec 02       		.uleb128 0x2
 782 00ed 18       		.uleb128 0x18
 783 00ee 00       		.byte	0
 784 00ef 00       		.byte	0
 785 00f0 11       		.uleb128 0x11
 786 00f1 01       		.uleb128 0x1
 787 00f2 01       		.byte	0x1
 788 00f3 49       		.uleb128 0x49
 789 00f4 13       		.uleb128 0x13
 790 00f5 01       		.uleb128 0x1
 791 00f6 13       		.uleb128 0x13
 792 00f7 00       		.byte	0
 793 00f8 00       		.byte	0
 794 00f9 12       		.uleb128 0x12
 795 00fa 21       		.uleb128 0x21
 796 00fb 00       		.byte	0
 797 00fc 49       		.uleb128 0x49
 798 00fd 13       		.uleb128 0x13
 799 00fe 2F       		.uleb128 0x2f
 800 00ff 0B       		.uleb128 0xb
 801 0100 00       		.byte	0
 802 0101 00       		.byte	0
 803 0102 13       		.uleb128 0x13
 804 0103 2E       		.uleb128 0x2e
 805 0104 00       		.byte	0
 806 0105 3F       		.uleb128 0x3f
 807 0106 19       		.uleb128 0x19
 808 0107 3C       		.uleb128 0x3c
 809 0108 19       		.uleb128 0x19
 810 0109 6E       		.uleb128 0x6e
 811 010a 0E       		.uleb128 0xe
 812 010b 03       		.uleb128 0x3
 813 010c 0E       		.uleb128 0xe
 814 010d 3A       		.uleb128 0x3a
 815 010e 0B       		.uleb128 0xb
 816 010f 3B       		.uleb128 0x3b
 817 0110 0B       		.uleb128 0xb
 818 0111 00       		.byte	0
 819 0112 00       		.byte	0
 820 0113 00       		.byte	0
 821              		.section	.debug_loc,"",%progbits
 822              	.Ldebug_loc0:
 823              	.LLST0:
 824 0000 1E000000 		.4byte	.LVL6
 825 0004 20000000 		.4byte	.LVL7
 826 0008 0200     		.2byte	0x2
 827 000a 30       		.byte	0x30
 828 000b 9F       		.byte	0x9f
 829 000c 22000000 		.4byte	.LVL8
ARM GAS  C:\Users\adria\AppData\Local\Temp\ccl4zNyS.s 			page 17


 830 0010 B0000000 		.4byte	.LFE64
 831 0014 0100     		.2byte	0x1
 832 0016 54       		.byte	0x54
 833 0017 00000000 		.4byte	0
 834 001b 00000000 		.4byte	0
 835              	.LLST1:
 836 001f 1E000000 		.4byte	.LVL6
 837 0023 20000000 		.4byte	.LVL7
 838 0027 0300     		.2byte	0x3
 839 0029 09       		.byte	0x9
 840 002a FF       		.byte	0xff
 841 002b 9F       		.byte	0x9f
 842 002c 22000000 		.4byte	.LVL8
 843 0030 B0000000 		.4byte	.LFE64
 844 0034 0100     		.2byte	0x1
 845 0036 55       		.byte	0x55
 846 0037 00000000 		.4byte	0
 847 003b 00000000 		.4byte	0
 848              	.LLST2:
 849 003f 80000000 		.4byte	.LVL19
 850 0043 84000000 		.4byte	.LVL20
 851 0047 0200     		.2byte	0x2
 852 0049 30       		.byte	0x30
 853 004a 9F       		.byte	0x9f
 854 004b 84000000 		.4byte	.LVL20
 855 004f B0000000 		.4byte	.LFE64
 856 0053 0100     		.2byte	0x1
 857 0055 53       		.byte	0x53
 858 0056 00000000 		.4byte	0
 859 005a 00000000 		.4byte	0
 860              		.section	.debug_aranges,"",%progbits
 861 0000 24000000 		.4byte	0x24
 862 0004 0200     		.2byte	0x2
 863 0006 00000000 		.4byte	.Ldebug_info0
 864 000a 04       		.byte	0x4
 865 000b 00       		.byte	0
 866 000c 0000     		.2byte	0
 867 000e 0000     		.2byte	0
 868 0010 00000000 		.4byte	.LFB63
 869 0014 18000000 		.4byte	.LFE63-.LFB63
 870 0018 00000000 		.4byte	.LFB64
 871 001c B0000000 		.4byte	.LFE64-.LFB64
 872 0020 00000000 		.4byte	0
 873 0024 00000000 		.4byte	0
 874              		.section	.debug_ranges,"",%progbits
 875              	.Ldebug_ranges0:
 876 0000 00000000 		.4byte	.LFB63
 877 0004 18000000 		.4byte	.LFE63
 878 0008 00000000 		.4byte	.LFB64
 879 000c B0000000 		.4byte	.LFE64
 880 0010 00000000 		.4byte	0
 881 0014 00000000 		.4byte	0
 882              		.section	.debug_line,"",%progbits
 883              	.Ldebug_line0:
 884 0000 63020000 		.section	.debug_str,"MS",%progbits,1
 884      02001602 
 884      00000201 
ARM GAS  C:\Users\adria\AppData\Local\Temp\ccl4zNyS.s 			page 18


 884      FB0E0D00 
 884      01010101 
 885              	.LASF4:
 886 0000 5F5F7569 		.ascii	"__uint8_t\000"
 886      6E74385F 
 886      7400
 887              	.LASF33:
 888 000a 433A5C55 		.ascii	"C:\\Users\\adria\\OneDrive\\Documents\\PSoC Creator"
 888      73657273 
 888      5C616472 
 888      69615C4F 
 888      6E654472 
 889 0038 5C50524F 		.ascii	"\\PROYECTO_IOT\\ESP_wifi_module.cydsn\000"
 889      59454354 
 889      4F5F494F 
 889      545C4553 
 889      505F7769 
 890              	.LASF5:
 891 005c 5F5F696E 		.ascii	"__int32_t\000"
 891      7433325F 
 891      7400
 892              	.LASF11:
 893 0066 75696E74 		.ascii	"uint8_t\000"
 893      385F7400 
 894              	.LASF25:
 895 006e 55415254 		.ascii	"UART_ClearRxBuffer\000"
 895      5F436C65 
 895      61725278 
 895      42756666 
 895      657200
 896              	.LASF27:
 897 0081 6573705F 		.ascii	"esp_wifi_Start\000"
 897      77696669 
 897      5F537461 
 897      727400
 898              	.LASF13:
 899 0090 666C6F61 		.ascii	"float\000"
 899      7400
 900              	.LASF26:
 901 0096 4C43445F 		.ascii	"LCD_Start\000"
 901      53746172 
 901      7400
 902              	.LASF1:
 903 00a0 756E7369 		.ascii	"unsigned char\000"
 903      676E6564 
 903      20636861 
 903      7200
 904              	.LASF31:
 905 00ae 474E5520 		.ascii	"GNU C11 5.4.1 20160609 (release) [ARM/embedded-5-br"
 905      43313120 
 905      352E342E 
 905      31203230 
 905      31363036 
 906 00e1 616E6368 		.ascii	"anch revision 237715] -mcpu=cortex-m3 -mthumb -g -O"
 906      20726576 
 906      6973696F 
 906      6E203233 
ARM GAS  C:\Users\adria\AppData\Local\Temp\ccl4zNyS.s 			page 19


 906      37373135 
 907 0114 67202D66 		.ascii	"g -ffunction-sections -ffat-lto-objects\000"
 907      66756E63 
 907      74696F6E 
 907      2D736563 
 907      74696F6E 
 908              	.LASF7:
 909 013c 6C6F6E67 		.ascii	"long unsigned int\000"
 909      20756E73 
 909      69676E65 
 909      6420696E 
 909      7400
 910              	.LASF3:
 911 014e 73686F72 		.ascii	"short unsigned int\000"
 911      7420756E 
 911      7369676E 
 911      65642069 
 911      6E7400
 912              	.LASF24:
 913 0161 55415254 		.ascii	"UART_Start\000"
 913      5F537461 
 913      727400
 914              	.LASF19:
 915 016c 49544D5F 		.ascii	"ITM_RxBuffer\000"
 915      52784275 
 915      66666572 
 915      00
 916              	.LASF22:
 917 0179 6973725F 		.ascii	"isr_ClearPending\000"
 917      436C6561 
 917      7250656E 
 917      64696E67 
 917      00
 918              	.LASF14:
 919 018a 646F7562 		.ascii	"double\000"
 919      6C6500
 920              	.LASF34:
 921 0191 6D61696E 		.ascii	"main\000"
 921      00
 922              	.LASF23:
 923 0196 6973725F 		.ascii	"isr_StartEx\000"
 923      53746172 
 923      74457800 
 924              	.LASF28:
 925 01a2 55415254 		.ascii	"UART_GetByte\000"
 925      5F476574 
 925      42797465 
 925      00
 926              	.LASF20:
 927 01af 666C6167 		.ascii	"flag\000"
 927      00
 928              	.LASF10:
 929 01b4 756E7369 		.ascii	"unsigned int\000"
 929      676E6564 
 929      20696E74 
 929      00
 930              	.LASF9:
ARM GAS  C:\Users\adria\AppData\Local\Temp\ccl4zNyS.s 			page 20


 931 01c1 6C6F6E67 		.ascii	"long long unsigned int\000"
 931      206C6F6E 
 931      6720756E 
 931      7369676E 
 931      65642069 
 932              	.LASF18:
 933 01d8 636F6C6F 		.ascii	"colores\000"
 933      72657300 
 934              	.LASF12:
 935 01e0 696E7433 		.ascii	"int32_t\000"
 935      325F7400 
 936              	.LASF17:
 937 01e8 73697A65 		.ascii	"sizetype\000"
 937      74797065 
 937      00
 938              	.LASF8:
 939 01f1 6C6F6E67 		.ascii	"long long int\000"
 939      206C6F6E 
 939      6720696E 
 939      7400
 940              	.LASF32:
 941 01ff 6D61696E 		.ascii	"main.c\000"
 941      2E6300
 942              	.LASF15:
 943 0206 63686172 		.ascii	"char\000"
 943      00
 944              	.LASF2:
 945 020b 73686F72 		.ascii	"short int\000"
 945      7420696E 
 945      7400
 946              	.LASF21:
 947 0215 62756666 		.ascii	"buffer\000"
 947      657200
 948              	.LASF6:
 949 021c 6C6F6E67 		.ascii	"long int\000"
 949      20696E74 
 949      00
 950              	.LASF16:
 951 0225 6C6F6E67 		.ascii	"long double\000"
 951      20646F75 
 951      626C6500 
 952              	.LASF0:
 953 0231 7369676E 		.ascii	"signed char\000"
 953      65642063 
 953      68617200 
 954              	.LASF29:
 955 023d 73747273 		.ascii	"strstr\000"
 955      747200
 956              	.LASF30:
 957 0244 4C454453 		.ascii	"LEDS_Write\000"
 957      5F577269 
 957      746500
 958              		.ident	"GCC: (GNU Tools for ARM Embedded Processors) 5.4.1 20160609 (release) [ARM/embedded-5-bran
