--------------- Build Started: 10/15/2023 15:34:26 Project: Proyecto_iot, Configuration: ARM GCC 5.4-2016-q2-update Debug ---------------
cydsfit.exe -.appdatapath "C:\Users\adria\AppData\Local\Cypress Semiconductor\PSoC Creator\4.4" -.fdsnotice -.fdswarpdepfile=warp_dependencies.txt -.fdselabdepfile=elab_dependencies.txt -.fdsbldfile=generated_files.txt -.fdsreffile=referenced_files.txt -p "C:\Users\adria\OneDrive\Documents\PSoC Creator\PROYECTO_IOT\Proyecto_iot.cydsn\Proyecto_iot.cyprj" -d CY8C5888LTI-LP097 -s "C:\Users\adria\OneDrive\Documents\PSoC Creator\PROYECTO_IOT\Proyecto_iot.cydsn\Generated_Source\PSoC5" -- -yv2 -q10 -ygs -o2 -v3 -.fftcfgtype=LE
Elaborating Design...
HDL Generation...
Synthesis...
Tech Mapping...
Info: plm.M0038: The pin named MOSI_1(0) at location P12[0] prevents usage of special purposes: I2C:SCL. (App=cydsfit)
Analog Placement...
Analog Routing...
Analog Code Generation...
Digital Placement...
Digital Routing...
Bitstream Generation...
Bitstream Verification...
Static timing analysis...
Warning: sta.M0021: Proyecto_iot_timing.html: Warning-1350: Asynchronous path(s) exist from "timer_clock(routed)" to "Clock_1". See the timing report for details. (File=C:\Users\adria\OneDrive\Documents\PSoC Creator\PROYECTO_IOT\Proyecto_iot.cydsn\Proyecto_iot_timing.html)
API Generation...
Dependency Generation...
Cleanup...
--------------- Build Skipped: 10/15/2023 15:34:44 ---------------
