ARM GAS  C:\Users\adria\AppData\Local\Temp\ccBqvx8q.s 			page 1


   1              		.syntax unified
   2              		.cpu cortex-m3
   3              		.fpu softvfp
   4              		.eabi_attribute 20, 1
   5              		.eabi_attribute 21, 1
   6              		.eabi_attribute 23, 3
   7              		.eabi_attribute 24, 1
   8              		.eabi_attribute 25, 1
   9              		.eabi_attribute 26, 1
  10              		.eabi_attribute 30, 1
  11              		.eabi_attribute 34, 1
  12              		.eabi_attribute 18, 4
  13              		.thumb
  14              		.syntax unified
  15              		.file	"MeMo.c"
  16              		.text
  17              	.Ltext0:
  18              		.cfi_sections	.debug_frame
  19              		.section	.text.vv,"ax",%progbits
  20              		.align	2
  21              		.global	vv
  22              		.thumb
  23              		.thumb_func
  24              		.type	vv, %function
  25              	vv:
  26              	.LFB0:
  27              		.file 1 "C:\\Users\\adria\\OneDrive\\Documents\\PSoC Creator\\Filtros_digitales_ADC_flash\\Medias_
   1:C:\Users\adria\OneDrive\Documents\PSoC Creator\Filtros_digitales_ADC_flash\Medias_moviles.cylib\MeMo.c **** 
   2:C:\Users\adria\OneDrive\Documents\PSoC Creator\Filtros_digitales_ADC_flash\Medias_moviles.cylib\MeMo.c **** /* ========================================
   3:C:\Users\adria\OneDrive\Documents\PSoC Creator\Filtros_digitales_ADC_flash\Medias_moviles.cylib\MeMo.c ****  *
   4:C:\Users\adria\OneDrive\Documents\PSoC Creator\Filtros_digitales_ADC_flash\Medias_moviles.cylib\MeMo.c ****  * Copyright YOUR COMPANY, THE YEAR
   5:C:\Users\adria\OneDrive\Documents\PSoC Creator\Filtros_digitales_ADC_flash\Medias_moviles.cylib\MeMo.c ****  * All Rights Reserved
   6:C:\Users\adria\OneDrive\Documents\PSoC Creator\Filtros_digitales_ADC_flash\Medias_moviles.cylib\MeMo.c ****  * UNPUBLISHED, LICENSED SOFTWARE.
   7:C:\Users\adria\OneDrive\Documents\PSoC Creator\Filtros_digitales_ADC_flash\Medias_moviles.cylib\MeMo.c ****  *
   8:C:\Users\adria\OneDrive\Documents\PSoC Creator\Filtros_digitales_ADC_flash\Medias_moviles.cylib\MeMo.c ****  * CONFIDENTIAL AND PROPRIETARY INFORMATION
   9:C:\Users\adria\OneDrive\Documents\PSoC Creator\Filtros_digitales_ADC_flash\Medias_moviles.cylib\MeMo.c ****  * WHICH IS THE PROPERTY OF your company.
  10:C:\Users\adria\OneDrive\Documents\PSoC Creator\Filtros_digitales_ADC_flash\Medias_moviles.cylib\MeMo.c ****  *
  11:C:\Users\adria\OneDrive\Documents\PSoC Creator\Filtros_digitales_ADC_flash\Medias_moviles.cylib\MeMo.c ****  * ========================================
  12:C:\Users\adria\OneDrive\Documents\PSoC Creator\Filtros_digitales_ADC_flash\Medias_moviles.cylib\MeMo.c **** */
  13:C:\Users\adria\OneDrive\Documents\PSoC Creator\Filtros_digitales_ADC_flash\Medias_moviles.cylib\MeMo.c **** #include "MeMo.h"
  14:C:\Users\adria\OneDrive\Documents\PSoC Creator\Filtros_digitales_ADC_flash\Medias_moviles.cylib\MeMo.c **** #include <stdint.h>
  15:C:\Users\adria\OneDrive\Documents\PSoC Creator\Filtros_digitales_ADC_flash\Medias_moviles.cylib\MeMo.c **** #include <math.h>
  16:C:\Users\adria\OneDrive\Documents\PSoC Creator\Filtros_digitales_ADC_flash\Medias_moviles.cylib\MeMo.c **** 
  17:C:\Users\adria\OneDrive\Documents\PSoC Creator\Filtros_digitales_ADC_flash\Medias_moviles.cylib\MeMo.c **** 
  18:C:\Users\adria\OneDrive\Documents\PSoC Creator\Filtros_digitales_ADC_flash\Medias_moviles.cylib\MeMo.c **** //Tamaño de la ventana
  19:C:\Users\adria\OneDrive\Documents\PSoC Creator\Filtros_digitales_ADC_flash\Medias_moviles.cylib\MeMo.c **** #define ARRAY_SIZE(arr) (sizeof(arr) / sizeof((arr)[0]))
  20:C:\Users\adria\OneDrive\Documents\PSoC Creator\Filtros_digitales_ADC_flash\Medias_moviles.cylib\MeMo.c **** size_t v;
  21:C:\Users\adria\OneDrive\Documents\PSoC Creator\Filtros_digitales_ADC_flash\Medias_moviles.cylib\MeMo.c **** void vv(int16_t array[]) {
  28              		.loc 1 21 0
  29              		.cfi_startproc
  30              		@ args = 0, pretend = 0, frame = 0
  31              		@ frame_needed = 0, uses_anonymous_args = 0
  32              		@ link register save eliminated.
  33              	.LVL0:
  22:C:\Users\adria\OneDrive\Documents\PSoC Creator\Filtros_digitales_ADC_flash\Medias_moviles.cylib\MeMo.c ****     v = ARRAY_SIZE(array);
  34              		.loc 1 22 0
  35 0000 0222     		movs	r2, #2
ARM GAS  C:\Users\adria\AppData\Local\Temp\ccBqvx8q.s 			page 2


  36 0002 014B     		ldr	r3, .L2
  37 0004 1A60     		str	r2, [r3]
  38 0006 7047     		bx	lr
  39              	.L3:
  40              		.align	2
  41              	.L2:
  42 0008 00000000 		.word	v
  43              		.cfi_endproc
  44              	.LFE0:
  45              		.size	vv, .-vv
  46              		.section	.text.FMM1,"ax",%progbits
  47              		.align	2
  48              		.global	FMM1
  49              		.thumb
  50              		.thumb_func
  51              		.type	FMM1, %function
  52              	FMM1:
  53              	.LFB1:
  23:C:\Users\adria\OneDrive\Documents\PSoC Creator\Filtros_digitales_ADC_flash\Medias_moviles.cylib\MeMo.c **** }
  24:C:\Users\adria\OneDrive\Documents\PSoC Creator\Filtros_digitales_ADC_flash\Medias_moviles.cylib\MeMo.c **** 
  25:C:\Users\adria\OneDrive\Documents\PSoC Creator\Filtros_digitales_ADC_flash\Medias_moviles.cylib\MeMo.c **** //Media movil
  26:C:\Users\adria\OneDrive\Documents\PSoC Creator\Filtros_digitales_ADC_flash\Medias_moviles.cylib\MeMo.c **** int16_t FMM1(int16_t array[])
  27:C:\Users\adria\OneDrive\Documents\PSoC Creator\Filtros_digitales_ADC_flash\Medias_moviles.cylib\MeMo.c **** {
  54              		.loc 1 27 0
  55              		.cfi_startproc
  56              		@ args = 0, pretend = 0, frame = 0
  57              		@ frame_needed = 0, uses_anonymous_args = 0
  58              		@ link register save eliminated.
  59              	.LVL1:
  60              	.LBB2:
  28:C:\Users\adria\OneDrive\Documents\PSoC Creator\Filtros_digitales_ADC_flash\Medias_moviles.cylib\MeMo.c ****     int16_t filtrado_output=0;
  29:C:\Users\adria\OneDrive\Documents\PSoC Creator\Filtros_digitales_ADC_flash\Medias_moviles.cylib\MeMo.c ****     
  30:C:\Users\adria\OneDrive\Documents\PSoC Creator\Filtros_digitales_ADC_flash\Medias_moviles.cylib\MeMo.c ****     //APLICAMOS EL FILTRO
  31:C:\Users\adria\OneDrive\Documents\PSoC Creator\Filtros_digitales_ADC_flash\Medias_moviles.cylib\MeMo.c ****     for(unsigned short int i=0; i<v; i++ ){
  61              		.loc 1 31 0
  62 0000 0023     		movs	r3, #0
  63              	.LBE2:
  28:C:\Users\adria\OneDrive\Documents\PSoC Creator\Filtros_digitales_ADC_flash\Medias_moviles.cylib\MeMo.c ****     int16_t filtrado_output=0;
  64              		.loc 1 28 0
  65 0002 1A46     		mov	r2, r3
  66              	.LBB3:
  67              		.loc 1 31 0
  68 0004 05E0     		b	.L5
  69              	.LVL2:
  70              	.L6:
  32:C:\Users\adria\OneDrive\Documents\PSoC Creator\Filtros_digitales_ADC_flash\Medias_moviles.cylib\MeMo.c ****         filtrado_output += array[i];
  71              		.loc 1 32 0 discriminator 3
  72 0006 30F91310 		ldrsh	r1, [r0, r3, lsl #1]
  73 000a 0A44     		add	r2, r2, r1
  74              	.LVL3:
  75 000c 12B2     		sxth	r2, r2
  76              	.LVL4:
  31:C:\Users\adria\OneDrive\Documents\PSoC Creator\Filtros_digitales_ADC_flash\Medias_moviles.cylib\MeMo.c ****         filtrado_output += array[i];
  77              		.loc 1 31 0 discriminator 3
  78 000e 0133     		adds	r3, r3, #1
  79              	.LVL5:
  80 0010 9BB2     		uxth	r3, r3
ARM GAS  C:\Users\adria\AppData\Local\Temp\ccBqvx8q.s 			page 3


  81              	.LVL6:
  82              	.L5:
  31:C:\Users\adria\OneDrive\Documents\PSoC Creator\Filtros_digitales_ADC_flash\Medias_moviles.cylib\MeMo.c ****         filtrado_output += array[i];
  83              		.loc 1 31 0 is_stmt 0 discriminator 1
  84 0012 0449     		ldr	r1, .L7
  85 0014 0968     		ldr	r1, [r1]
  86 0016 8B42     		cmp	r3, r1
  87 0018 F5D3     		bcc	.L6
  88              	.LBE3:
  33:C:\Users\adria\OneDrive\Documents\PSoC Creator\Filtros_digitales_ADC_flash\Medias_moviles.cylib\MeMo.c ****     }
  34:C:\Users\adria\OneDrive\Documents\PSoC Creator\Filtros_digitales_ADC_flash\Medias_moviles.cylib\MeMo.c ****     filtrado_output /= v;
  89              		.loc 1 34 0 is_stmt 1
  90 001a B2FBF1F0 		udiv	r0, r2, r1
  91              	.LVL7:
  35:C:\Users\adria\OneDrive\Documents\PSoC Creator\Filtros_digitales_ADC_flash\Medias_moviles.cylib\MeMo.c ****     
  36:C:\Users\adria\OneDrive\Documents\PSoC Creator\Filtros_digitales_ADC_flash\Medias_moviles.cylib\MeMo.c ****     return filtrado_output;
  37:C:\Users\adria\OneDrive\Documents\PSoC Creator\Filtros_digitales_ADC_flash\Medias_moviles.cylib\MeMo.c **** }
  92              		.loc 1 37 0
  93 001e 00B2     		sxth	r0, r0
  94 0020 7047     		bx	lr
  95              	.L8:
  96 0022 00BF     		.align	2
  97              	.L7:
  98 0024 00000000 		.word	v
  99              		.cfi_endproc
 100              	.LFE1:
 101              		.size	FMM1, .-FMM1
 102              		.section	.text.alpha_asignacion,"ax",%progbits
 103              		.align	2
 104              		.global	alpha_asignacion
 105              		.thumb
 106              		.thumb_func
 107              		.type	alpha_asignacion, %function
 108              	alpha_asignacion:
 109              	.LFB2:
  38:C:\Users\adria\OneDrive\Documents\PSoC Creator\Filtros_digitales_ADC_flash\Medias_moviles.cylib\MeMo.c **** 
  39:C:\Users\adria\OneDrive\Documents\PSoC Creator\Filtros_digitales_ADC_flash\Medias_moviles.cylib\MeMo.c **** 
  40:C:\Users\adria\OneDrive\Documents\PSoC Creator\Filtros_digitales_ADC_flash\Medias_moviles.cylib\MeMo.c **** //Media movil pesos exponenciales
  41:C:\Users\adria\OneDrive\Documents\PSoC Creator\Filtros_digitales_ADC_flash\Medias_moviles.cylib\MeMo.c **** float alpha;//Variable global alpha para pesos exponenciales
  42:C:\Users\adria\OneDrive\Documents\PSoC Creator\Filtros_digitales_ADC_flash\Medias_moviles.cylib\MeMo.c **** 
  43:C:\Users\adria\OneDrive\Documents\PSoC Creator\Filtros_digitales_ADC_flash\Medias_moviles.cylib\MeMo.c **** void alpha_asignacion (float n){
 110              		.loc 1 43 0
 111              		.cfi_startproc
 112              		@ args = 0, pretend = 0, frame = 0
 113              		@ frame_needed = 0, uses_anonymous_args = 0
 114              		@ link register save eliminated.
 115              	.LVL8:
  44:C:\Users\adria\OneDrive\Documents\PSoC Creator\Filtros_digitales_ADC_flash\Medias_moviles.cylib\MeMo.c ****     alpha = n;
 116              		.loc 1 44 0
 117 0000 014B     		ldr	r3, .L10
 118 0002 1860     		str	r0, [r3]	@ float
 119 0004 7047     		bx	lr
 120              	.L11:
 121 0006 00BF     		.align	2
 122              	.L10:
 123 0008 00000000 		.word	alpha
 124              		.cfi_endproc
ARM GAS  C:\Users\adria\AppData\Local\Temp\ccBqvx8q.s 			page 4


 125              	.LFE2:
 126              		.size	alpha_asignacion, .-alpha_asignacion
 127              		.global	__aeabi_fsub
 128              		.global	__aeabi_f2d
 129              		.global	__aeabi_ui2d
 130              		.global	__aeabi_dsub
 131              		.global	__aeabi_ddiv
 132              		.global	__aeabi_d2f
 133              		.global	__aeabi_fmul
 134              		.global	__aeabi_i2f
 135              		.global	__aeabi_fadd
 136              		.global	__aeabi_f2iz
 137              		.section	.text.FMM2,"ax",%progbits
 138              		.align	2
 139              		.global	FMM2
 140              		.thumb
 141              		.thumb_func
 142              		.type	FMM2, %function
 143              	FMM2:
 144              	.LFB3:
  45:C:\Users\adria\OneDrive\Documents\PSoC Creator\Filtros_digitales_ADC_flash\Medias_moviles.cylib\MeMo.c **** }
  46:C:\Users\adria\OneDrive\Documents\PSoC Creator\Filtros_digitales_ADC_flash\Medias_moviles.cylib\MeMo.c **** 
  47:C:\Users\adria\OneDrive\Documents\PSoC Creator\Filtros_digitales_ADC_flash\Medias_moviles.cylib\MeMo.c **** //Media movila con pesos exponenciales
  48:C:\Users\adria\OneDrive\Documents\PSoC Creator\Filtros_digitales_ADC_flash\Medias_moviles.cylib\MeMo.c **** int16_t FMM2 (int16_t array[])
  49:C:\Users\adria\OneDrive\Documents\PSoC Creator\Filtros_digitales_ADC_flash\Medias_moviles.cylib\MeMo.c **** {
 145              		.loc 1 49 0
 146              		.cfi_startproc
 147              		@ args = 0, pretend = 0, frame = 0
 148              		@ frame_needed = 0, uses_anonymous_args = 0
 149              	.LVL9:
 150 0000 2DE9F843 		push	{r3, r4, r5, r6, r7, r8, r9, lr}
 151              		.cfi_def_cfa_offset 32
 152              		.cfi_offset 3, -32
 153              		.cfi_offset 4, -28
 154              		.cfi_offset 5, -24
 155              		.cfi_offset 6, -20
 156              		.cfi_offset 7, -16
 157              		.cfi_offset 8, -12
 158              		.cfi_offset 9, -8
 159              		.cfi_offset 14, -4
 160 0004 8046     		mov	r8, r0
 161              	.LVL10:
  50:C:\Users\adria\OneDrive\Documents\PSoC Creator\Filtros_digitales_ADC_flash\Medias_moviles.cylib\MeMo.c ****     int16_t filtrado_output=0;
  51:C:\Users\adria\OneDrive\Documents\PSoC Creator\Filtros_digitales_ADC_flash\Medias_moviles.cylib\MeMo.c ****     
  52:C:\Users\adria\OneDrive\Documents\PSoC Creator\Filtros_digitales_ADC_flash\Medias_moviles.cylib\MeMo.c ****     float beta = (1-alpha)/(alpha-pow(alpha,v));
 162              		.loc 1 52 0
 163 0006 294B     		ldr	r3, .L16
 164 0008 1C68     		ldr	r4, [r3]	@ float
 165 000a 2146     		mov	r1, r4
 166 000c 4FF07E50 		mov	r0, #1065353216
 167              	.LVL11:
 168 0010 FFF7FEFF 		bl	__aeabi_fsub
 169              	.LVL12:
 170 0014 0646     		mov	r6, r0
 171 0016 2046     		mov	r0, r4
 172 0018 FFF7FEFF 		bl	__aeabi_f2d
 173              	.LVL13:
ARM GAS  C:\Users\adria\AppData\Local\Temp\ccBqvx8q.s 			page 5


 174 001c 0446     		mov	r4, r0
 175 001e 0D46     		mov	r5, r1
 176 0020 234B     		ldr	r3, .L16+4
 177 0022 1868     		ldr	r0, [r3]
 178 0024 FFF7FEFF 		bl	__aeabi_ui2d
 179              	.LVL14:
 180 0028 0246     		mov	r2, r0
 181 002a 0B46     		mov	r3, r1
 182 002c 2046     		mov	r0, r4
 183 002e 2946     		mov	r1, r5
 184 0030 FFF7FEFF 		bl	pow
 185              	.LVL15:
 186 0034 0246     		mov	r2, r0
 187 0036 0B46     		mov	r3, r1
 188 0038 2046     		mov	r0, r4
 189 003a 2946     		mov	r1, r5
 190 003c FFF7FEFF 		bl	__aeabi_dsub
 191              	.LVL16:
 192 0040 0446     		mov	r4, r0
 193 0042 0D46     		mov	r5, r1
 194 0044 3046     		mov	r0, r6
 195 0046 FFF7FEFF 		bl	__aeabi_f2d
 196              	.LVL17:
 197 004a 2246     		mov	r2, r4
 198 004c 2B46     		mov	r3, r5
 199 004e FFF7FEFF 		bl	__aeabi_ddiv
 200              	.LVL18:
 201 0052 FFF7FEFF 		bl	__aeabi_d2f
 202              	.LVL19:
 203 0056 0746     		mov	r7, r0
 204              	.LVL20:
 205              	.LBB4:
  53:C:\Users\adria\OneDrive\Documents\PSoC Creator\Filtros_digitales_ADC_flash\Medias_moviles.cylib\MeMo.c ****     float axu_peso = 1.0;
  54:C:\Users\adria\OneDrive\Documents\PSoC Creator\Filtros_digitales_ADC_flash\Medias_moviles.cylib\MeMo.c ****     
  55:C:\Users\adria\OneDrive\Documents\PSoC Creator\Filtros_digitales_ADC_flash\Medias_moviles.cylib\MeMo.c ****     //APLICAMOS EL FILTRO
  56:C:\Users\adria\OneDrive\Documents\PSoC Creator\Filtros_digitales_ADC_flash\Medias_moviles.cylib\MeMo.c ****     for(unsigned short int i=0; i<v; i++ ){
 206              		.loc 1 56 0
 207 0058 0024     		movs	r4, #0
 208              	.LBE4:
  53:C:\Users\adria\OneDrive\Documents\PSoC Creator\Filtros_digitales_ADC_flash\Medias_moviles.cylib\MeMo.c ****     float axu_peso = 1.0;
 209              		.loc 1 53 0
 210 005a 4FF07E55 		mov	r5, #1065353216
  50:C:\Users\adria\OneDrive\Documents\PSoC Creator\Filtros_digitales_ADC_flash\Medias_moviles.cylib\MeMo.c ****     int16_t filtrado_output=0;
 211              		.loc 1 50 0
 212 005e 2646     		mov	r6, r4
 213              	.LBB5:
 214              		.loc 1 56 0
 215 0060 1DE0     		b	.L13
 216              	.LVL21:
 217              	.L14:
  57:C:\Users\adria\OneDrive\Documents\PSoC Creator\Filtros_digitales_ADC_flash\Medias_moviles.cylib\MeMo.c ****         filtrado_output += alpha*axu_peso*array[i];
 218              		.loc 1 57 0 discriminator 3
 219 0062 124B     		ldr	r3, .L16
 220 0064 1968     		ldr	r1, [r3]	@ float
 221 0066 2846     		mov	r0, r5
 222 0068 FFF7FEFF 		bl	__aeabi_fmul
 223              	.LVL22:
ARM GAS  C:\Users\adria\AppData\Local\Temp\ccBqvx8q.s 			page 6


 224 006c 8146     		mov	r9, r0
 225 006e 38F91400 		ldrsh	r0, [r8, r4, lsl #1]
 226 0072 FFF7FEFF 		bl	__aeabi_i2f
 227              	.LVL23:
 228 0076 4946     		mov	r1, r9
 229 0078 FFF7FEFF 		bl	__aeabi_fmul
 230              	.LVL24:
 231 007c 8146     		mov	r9, r0
 232 007e 3046     		mov	r0, r6
 233 0080 FFF7FEFF 		bl	__aeabi_i2f
 234              	.LVL25:
 235 0084 4946     		mov	r1, r9
 236 0086 FFF7FEFF 		bl	__aeabi_fadd
 237              	.LVL26:
 238 008a FFF7FEFF 		bl	__aeabi_f2iz
 239              	.LVL27:
 240 008e 06B2     		sxth	r6, r0
 241              	.LVL28:
  58:C:\Users\adria\OneDrive\Documents\PSoC Creator\Filtros_digitales_ADC_flash\Medias_moviles.cylib\MeMo.c ****         axu_peso *= beta; 
 242              		.loc 1 58 0 discriminator 3
 243 0090 3946     		mov	r1, r7
 244 0092 2846     		mov	r0, r5
 245 0094 FFF7FEFF 		bl	__aeabi_fmul
 246              	.LVL29:
 247 0098 0546     		mov	r5, r0
 248              	.LVL30:
  56:C:\Users\adria\OneDrive\Documents\PSoC Creator\Filtros_digitales_ADC_flash\Medias_moviles.cylib\MeMo.c ****         filtrado_output += alpha*axu_peso*array[i];
 249              		.loc 1 56 0 discriminator 3
 250 009a 0134     		adds	r4, r4, #1
 251              	.LVL31:
 252 009c A4B2     		uxth	r4, r4
 253              	.LVL32:
 254              	.L13:
  56:C:\Users\adria\OneDrive\Documents\PSoC Creator\Filtros_digitales_ADC_flash\Medias_moviles.cylib\MeMo.c ****         filtrado_output += alpha*axu_peso*array[i];
 255              		.loc 1 56 0 is_stmt 0 discriminator 1
 256 009e 044B     		ldr	r3, .L16+4
 257 00a0 1B68     		ldr	r3, [r3]
 258 00a2 9C42     		cmp	r4, r3
 259 00a4 DDD3     		bcc	.L14
 260              	.LBE5:
  59:C:\Users\adria\OneDrive\Documents\PSoC Creator\Filtros_digitales_ADC_flash\Medias_moviles.cylib\MeMo.c ****     }
  60:C:\Users\adria\OneDrive\Documents\PSoC Creator\Filtros_digitales_ADC_flash\Medias_moviles.cylib\MeMo.c ****     
  61:C:\Users\adria\OneDrive\Documents\PSoC Creator\Filtros_digitales_ADC_flash\Medias_moviles.cylib\MeMo.c ****     
  62:C:\Users\adria\OneDrive\Documents\PSoC Creator\Filtros_digitales_ADC_flash\Medias_moviles.cylib\MeMo.c ****     return filtrado_output;
  63:C:\Users\adria\OneDrive\Documents\PSoC Creator\Filtros_digitales_ADC_flash\Medias_moviles.cylib\MeMo.c **** }
 261              		.loc 1 63 0 is_stmt 1
 262 00a6 3046     		mov	r0, r6
 263 00a8 BDE8F883 		pop	{r3, r4, r5, r6, r7, r8, r9, pc}
 264              	.LVL33:
 265              	.L17:
 266              		.align	2
 267              	.L16:
 268 00ac 00000000 		.word	alpha
 269 00b0 00000000 		.word	v
 270              		.cfi_endproc
 271              	.LFE3:
 272              		.size	FMM2, .-FMM2
ARM GAS  C:\Users\adria\AppData\Local\Temp\ccBqvx8q.s 			page 7


 273              		.comm	alpha,4,4
 274              		.comm	v,4,4
 275              		.text
 276              	.Letext0:
 277              		.file 2 "c:\\program files (x86)\\cypress\\psoc creator\\4.4\\psoc creator\\import\\gnu\\arm\\5.4.
 278              		.file 3 "c:\\program files (x86)\\cypress\\psoc creator\\4.4\\psoc creator\\import\\gnu\\arm\\5.4.
 279              		.file 4 "c:\\program files (x86)\\cypress\\psoc creator\\4.4\\psoc creator\\import\\gnu\\arm\\5.4.
 280              		.file 5 "c:\\program files (x86)\\cypress\\psoc creator\\4.4\\psoc creator\\import\\gnu\\arm\\5.4.
 281              		.section	.debug_info,"",%progbits
 282              	.Ldebug_info0:
 283 0000 DD010000 		.4byte	0x1dd
 284 0004 0400     		.2byte	0x4
 285 0006 00000000 		.4byte	.Ldebug_abbrev0
 286 000a 04       		.byte	0x4
 287 000b 01       		.uleb128 0x1
 288 000c 57000000 		.4byte	.LASF25
 289 0010 0C       		.byte	0xc
 290 0011 1E010000 		.4byte	.LASF26
 291 0015 30000000 		.4byte	.Ldebug_ranges0+0x30
 292 0019 00000000 		.4byte	0
 293 001d 00000000 		.4byte	.Ldebug_line0
 294 0021 02       		.uleb128 0x2
 295 0022 01       		.byte	0x1
 296 0023 06       		.byte	0x6
 297 0024 EC010000 		.4byte	.LASF0
 298 0028 02       		.uleb128 0x2
 299 0029 01       		.byte	0x1
 300 002a 08       		.byte	0x8
 301 002b 49000000 		.4byte	.LASF1
 302 002f 03       		.uleb128 0x3
 303 0030 1B000000 		.4byte	.LASF9
 304 0034 02       		.byte	0x2
 305 0035 29       		.byte	0x29
 306 0036 3A000000 		.4byte	0x3a
 307 003a 02       		.uleb128 0x2
 308 003b 02       		.byte	0x2
 309 003c 05       		.byte	0x5
 310 003d CD010000 		.4byte	.LASF2
 311 0041 02       		.uleb128 0x2
 312 0042 02       		.byte	0x2
 313 0043 07       		.byte	0x7
 314 0044 F7000000 		.4byte	.LASF3
 315 0048 02       		.uleb128 0x2
 316 0049 04       		.byte	0x4
 317 004a 05       		.byte	0x5
 318 004b D7010000 		.4byte	.LASF4
 319 004f 02       		.uleb128 0x2
 320 0050 04       		.byte	0x4
 321 0051 07       		.byte	0x7
 322 0052 E5000000 		.4byte	.LASF5
 323 0056 02       		.uleb128 0x2
 324 0057 08       		.byte	0x8
 325 0058 05       		.byte	0x5
 326 0059 BA010000 		.4byte	.LASF6
 327 005d 02       		.uleb128 0x2
 328 005e 08       		.byte	0x8
 329 005f 07       		.byte	0x7
ARM GAS  C:\Users\adria\AppData\Local\Temp\ccBqvx8q.s 			page 8


 330 0060 92010000 		.4byte	.LASF7
 331 0064 04       		.uleb128 0x4
 332 0065 04       		.byte	0x4
 333 0066 05       		.byte	0x5
 334 0067 696E7400 		.ascii	"int\000"
 335 006b 02       		.uleb128 0x2
 336 006c 04       		.byte	0x4
 337 006d 07       		.byte	0x7
 338 006e 85010000 		.4byte	.LASF8
 339 0072 03       		.uleb128 0x3
 340 0073 A9010000 		.4byte	.LASF10
 341 0077 03       		.byte	0x3
 342 0078 20       		.byte	0x20
 343 0079 2F000000 		.4byte	0x2f
 344 007d 03       		.uleb128 0x3
 345 007e 0A010000 		.4byte	.LASF11
 346 0082 04       		.byte	0x4
 347 0083 D8       		.byte	0xd8
 348 0084 6B000000 		.4byte	0x6b
 349 0088 02       		.uleb128 0x2
 350 0089 08       		.byte	0x8
 351 008a 04       		.byte	0x4
 352 008b E0010000 		.4byte	.LASF12
 353 008f 02       		.uleb128 0x2
 354 0090 04       		.byte	0x4
 355 0091 07       		.byte	0x7
 356 0092 B1010000 		.4byte	.LASF13
 357 0096 02       		.uleb128 0x2
 358 0097 01       		.byte	0x1
 359 0098 08       		.byte	0x8
 360 0099 C8010000 		.4byte	.LASF14
 361 009d 02       		.uleb128 0x2
 362 009e 08       		.byte	0x8
 363 009f 04       		.byte	0x4
 364 00a0 17010000 		.4byte	.LASF15
 365 00a4 02       		.uleb128 0x2
 366 00a5 04       		.byte	0x4
 367 00a6 04       		.byte	0x4
 368 00a7 43000000 		.4byte	.LASF16
 369 00ab 05       		.uleb128 0x5
 370 00ac 767600   		.ascii	"vv\000"
 371 00af 01       		.byte	0x1
 372 00b0 15       		.byte	0x15
 373 00b1 00000000 		.4byte	.LFB0
 374 00b5 0C000000 		.4byte	.LFE0-.LFB0
 375 00b9 01       		.uleb128 0x1
 376 00ba 9C       		.byte	0x9c
 377 00bb CD000000 		.4byte	0xcd
 378 00bf 06       		.uleb128 0x6
 379 00c0 11010000 		.4byte	.LASF17
 380 00c4 01       		.byte	0x1
 381 00c5 15       		.byte	0x15
 382 00c6 CD000000 		.4byte	0xcd
 383 00ca 01       		.uleb128 0x1
 384 00cb 50       		.byte	0x50
 385 00cc 00       		.byte	0
 386 00cd 07       		.uleb128 0x7
ARM GAS  C:\Users\adria\AppData\Local\Temp\ccBqvx8q.s 			page 9


 387 00ce 04       		.byte	0x4
 388 00cf 72000000 		.4byte	0x72
 389 00d3 08       		.uleb128 0x8
 390 00d4 11000000 		.4byte	.LASF20
 391 00d8 01       		.byte	0x1
 392 00d9 1A       		.byte	0x1a
 393 00da 72000000 		.4byte	0x72
 394 00de 00000000 		.4byte	.LFB1
 395 00e2 28000000 		.4byte	.LFE1-.LFB1
 396 00e6 01       		.uleb128 0x1
 397 00e7 9C       		.byte	0x9c
 398 00e8 1E010000 		.4byte	0x11e
 399 00ec 09       		.uleb128 0x9
 400 00ed 11010000 		.4byte	.LASF17
 401 00f1 01       		.byte	0x1
 402 00f2 1A       		.byte	0x1a
 403 00f3 CD000000 		.4byte	0xcd
 404 00f7 00000000 		.4byte	.LLST0
 405 00fb 0A       		.uleb128 0xa
 406 00fc 25000000 		.4byte	.LASF18
 407 0100 01       		.byte	0x1
 408 0101 1C       		.byte	0x1c
 409 0102 72000000 		.4byte	0x72
 410 0106 21000000 		.4byte	.LLST1
 411 010a 0B       		.uleb128 0xb
 412 010b 00000000 		.4byte	.Ldebug_ranges0+0
 413 010f 0C       		.uleb128 0xc
 414 0110 6900     		.ascii	"i\000"
 415 0112 01       		.byte	0x1
 416 0113 1F       		.byte	0x1f
 417 0114 41000000 		.4byte	0x41
 418 0118 56000000 		.4byte	.LLST2
 419 011c 00       		.byte	0
 420 011d 00       		.byte	0
 421 011e 0D       		.uleb128 0xd
 422 011f 00000000 		.4byte	.LASF19
 423 0123 01       		.byte	0x1
 424 0124 2B       		.byte	0x2b
 425 0125 00000000 		.4byte	.LFB2
 426 0129 0C000000 		.4byte	.LFE2-.LFB2
 427 012d 01       		.uleb128 0x1
 428 012e 9C       		.byte	0x9c
 429 012f 3F010000 		.4byte	0x13f
 430 0133 0E       		.uleb128 0xe
 431 0134 6E00     		.ascii	"n\000"
 432 0136 01       		.byte	0x1
 433 0137 2B       		.byte	0x2b
 434 0138 A4000000 		.4byte	0xa4
 435 013c 01       		.uleb128 0x1
 436 013d 50       		.byte	0x50
 437 013e 00       		.byte	0
 438 013f 0F       		.uleb128 0xf
 439 0140 16000000 		.4byte	.LASF21
 440 0144 01       		.byte	0x1
 441 0145 30       		.byte	0x30
 442 0146 72000000 		.4byte	0x72
 443 014a 00000000 		.4byte	.LFB3
ARM GAS  C:\Users\adria\AppData\Local\Temp\ccBqvx8q.s 			page 10


 444 014e B4000000 		.4byte	.LFE3-.LFB3
 445 0152 01       		.uleb128 0x1
 446 0153 9C       		.byte	0x9c
 447 0154 B5010000 		.4byte	0x1b5
 448 0158 09       		.uleb128 0x9
 449 0159 11010000 		.4byte	.LASF17
 450 015d 01       		.byte	0x1
 451 015e 30       		.byte	0x30
 452 015f CD000000 		.4byte	0xcd
 453 0163 80000000 		.4byte	.LLST3
 454 0167 0A       		.uleb128 0xa
 455 0168 25000000 		.4byte	.LASF18
 456 016c 01       		.byte	0x1
 457 016d 32       		.byte	0x32
 458 016e 72000000 		.4byte	0x72
 459 0172 AC000000 		.4byte	.LLST4
 460 0176 0A       		.uleb128 0xa
 461 0177 35000000 		.4byte	.LASF22
 462 017b 01       		.byte	0x1
 463 017c 34       		.byte	0x34
 464 017d A4000000 		.4byte	0xa4
 465 0181 CB000000 		.4byte	.LLST5
 466 0185 0A       		.uleb128 0xa
 467 0186 3A000000 		.4byte	.LASF23
 468 018a 01       		.byte	0x1
 469 018b 35       		.byte	0x35
 470 018c A4000000 		.4byte	0xa4
 471 0190 E9000000 		.4byte	.LLST6
 472 0194 10       		.uleb128 0x10
 473 0195 18000000 		.4byte	.Ldebug_ranges0+0x18
 474 0199 AB010000 		.4byte	0x1ab
 475 019d 0C       		.uleb128 0xc
 476 019e 6900     		.ascii	"i\000"
 477 01a0 01       		.byte	0x1
 478 01a1 38       		.byte	0x38
 479 01a2 41000000 		.4byte	0x41
 480 01a6 22010000 		.4byte	.LLST7
 481 01aa 00       		.byte	0
 482 01ab 11       		.uleb128 0x11
 483 01ac 34000000 		.4byte	.LVL15
 484 01b0 D5010000 		.4byte	0x1d5
 485 01b4 00       		.byte	0
 486 01b5 12       		.uleb128 0x12
 487 01b6 7600     		.ascii	"v\000"
 488 01b8 01       		.byte	0x1
 489 01b9 14       		.byte	0x14
 490 01ba 7D000000 		.4byte	0x7d
 491 01be 05       		.uleb128 0x5
 492 01bf 03       		.byte	0x3
 493 01c0 00000000 		.4byte	v
 494 01c4 13       		.uleb128 0x13
 495 01c5 F8010000 		.4byte	.LASF24
 496 01c9 01       		.byte	0x1
 497 01ca 29       		.byte	0x29
 498 01cb A4000000 		.4byte	0xa4
 499 01cf 05       		.uleb128 0x5
 500 01d0 03       		.byte	0x3
ARM GAS  C:\Users\adria\AppData\Local\Temp\ccBqvx8q.s 			page 11


 501 01d1 00000000 		.4byte	alpha
 502 01d5 14       		.uleb128 0x14
 503 01d6 706F7700 		.ascii	"pow\000"
 504 01da 706F7700 		.ascii	"pow\000"
 505 01de 05       		.byte	0x5
 506 01df 86       		.byte	0x86
 507 01e0 00       		.byte	0
 508              		.section	.debug_abbrev,"",%progbits
 509              	.Ldebug_abbrev0:
 510 0000 01       		.uleb128 0x1
 511 0001 11       		.uleb128 0x11
 512 0002 01       		.byte	0x1
 513 0003 25       		.uleb128 0x25
 514 0004 0E       		.uleb128 0xe
 515 0005 13       		.uleb128 0x13
 516 0006 0B       		.uleb128 0xb
 517 0007 03       		.uleb128 0x3
 518 0008 0E       		.uleb128 0xe
 519 0009 55       		.uleb128 0x55
 520 000a 17       		.uleb128 0x17
 521 000b 11       		.uleb128 0x11
 522 000c 01       		.uleb128 0x1
 523 000d 10       		.uleb128 0x10
 524 000e 17       		.uleb128 0x17
 525 000f 00       		.byte	0
 526 0010 00       		.byte	0
 527 0011 02       		.uleb128 0x2
 528 0012 24       		.uleb128 0x24
 529 0013 00       		.byte	0
 530 0014 0B       		.uleb128 0xb
 531 0015 0B       		.uleb128 0xb
 532 0016 3E       		.uleb128 0x3e
 533 0017 0B       		.uleb128 0xb
 534 0018 03       		.uleb128 0x3
 535 0019 0E       		.uleb128 0xe
 536 001a 00       		.byte	0
 537 001b 00       		.byte	0
 538 001c 03       		.uleb128 0x3
 539 001d 16       		.uleb128 0x16
 540 001e 00       		.byte	0
 541 001f 03       		.uleb128 0x3
 542 0020 0E       		.uleb128 0xe
 543 0021 3A       		.uleb128 0x3a
 544 0022 0B       		.uleb128 0xb
 545 0023 3B       		.uleb128 0x3b
 546 0024 0B       		.uleb128 0xb
 547 0025 49       		.uleb128 0x49
 548 0026 13       		.uleb128 0x13
 549 0027 00       		.byte	0
 550 0028 00       		.byte	0
 551 0029 04       		.uleb128 0x4
 552 002a 24       		.uleb128 0x24
 553 002b 00       		.byte	0
 554 002c 0B       		.uleb128 0xb
 555 002d 0B       		.uleb128 0xb
 556 002e 3E       		.uleb128 0x3e
 557 002f 0B       		.uleb128 0xb
ARM GAS  C:\Users\adria\AppData\Local\Temp\ccBqvx8q.s 			page 12


 558 0030 03       		.uleb128 0x3
 559 0031 08       		.uleb128 0x8
 560 0032 00       		.byte	0
 561 0033 00       		.byte	0
 562 0034 05       		.uleb128 0x5
 563 0035 2E       		.uleb128 0x2e
 564 0036 01       		.byte	0x1
 565 0037 3F       		.uleb128 0x3f
 566 0038 19       		.uleb128 0x19
 567 0039 03       		.uleb128 0x3
 568 003a 08       		.uleb128 0x8
 569 003b 3A       		.uleb128 0x3a
 570 003c 0B       		.uleb128 0xb
 571 003d 3B       		.uleb128 0x3b
 572 003e 0B       		.uleb128 0xb
 573 003f 27       		.uleb128 0x27
 574 0040 19       		.uleb128 0x19
 575 0041 11       		.uleb128 0x11
 576 0042 01       		.uleb128 0x1
 577 0043 12       		.uleb128 0x12
 578 0044 06       		.uleb128 0x6
 579 0045 40       		.uleb128 0x40
 580 0046 18       		.uleb128 0x18
 581 0047 9742     		.uleb128 0x2117
 582 0049 19       		.uleb128 0x19
 583 004a 01       		.uleb128 0x1
 584 004b 13       		.uleb128 0x13
 585 004c 00       		.byte	0
 586 004d 00       		.byte	0
 587 004e 06       		.uleb128 0x6
 588 004f 05       		.uleb128 0x5
 589 0050 00       		.byte	0
 590 0051 03       		.uleb128 0x3
 591 0052 0E       		.uleb128 0xe
 592 0053 3A       		.uleb128 0x3a
 593 0054 0B       		.uleb128 0xb
 594 0055 3B       		.uleb128 0x3b
 595 0056 0B       		.uleb128 0xb
 596 0057 49       		.uleb128 0x49
 597 0058 13       		.uleb128 0x13
 598 0059 02       		.uleb128 0x2
 599 005a 18       		.uleb128 0x18
 600 005b 00       		.byte	0
 601 005c 00       		.byte	0
 602 005d 07       		.uleb128 0x7
 603 005e 0F       		.uleb128 0xf
 604 005f 00       		.byte	0
 605 0060 0B       		.uleb128 0xb
 606 0061 0B       		.uleb128 0xb
 607 0062 49       		.uleb128 0x49
 608 0063 13       		.uleb128 0x13
 609 0064 00       		.byte	0
 610 0065 00       		.byte	0
 611 0066 08       		.uleb128 0x8
 612 0067 2E       		.uleb128 0x2e
 613 0068 01       		.byte	0x1
 614 0069 3F       		.uleb128 0x3f
ARM GAS  C:\Users\adria\AppData\Local\Temp\ccBqvx8q.s 			page 13


 615 006a 19       		.uleb128 0x19
 616 006b 03       		.uleb128 0x3
 617 006c 0E       		.uleb128 0xe
 618 006d 3A       		.uleb128 0x3a
 619 006e 0B       		.uleb128 0xb
 620 006f 3B       		.uleb128 0x3b
 621 0070 0B       		.uleb128 0xb
 622 0071 27       		.uleb128 0x27
 623 0072 19       		.uleb128 0x19
 624 0073 49       		.uleb128 0x49
 625 0074 13       		.uleb128 0x13
 626 0075 11       		.uleb128 0x11
 627 0076 01       		.uleb128 0x1
 628 0077 12       		.uleb128 0x12
 629 0078 06       		.uleb128 0x6
 630 0079 40       		.uleb128 0x40
 631 007a 18       		.uleb128 0x18
 632 007b 9742     		.uleb128 0x2117
 633 007d 19       		.uleb128 0x19
 634 007e 01       		.uleb128 0x1
 635 007f 13       		.uleb128 0x13
 636 0080 00       		.byte	0
 637 0081 00       		.byte	0
 638 0082 09       		.uleb128 0x9
 639 0083 05       		.uleb128 0x5
 640 0084 00       		.byte	0
 641 0085 03       		.uleb128 0x3
 642 0086 0E       		.uleb128 0xe
 643 0087 3A       		.uleb128 0x3a
 644 0088 0B       		.uleb128 0xb
 645 0089 3B       		.uleb128 0x3b
 646 008a 0B       		.uleb128 0xb
 647 008b 49       		.uleb128 0x49
 648 008c 13       		.uleb128 0x13
 649 008d 02       		.uleb128 0x2
 650 008e 17       		.uleb128 0x17
 651 008f 00       		.byte	0
 652 0090 00       		.byte	0
 653 0091 0A       		.uleb128 0xa
 654 0092 34       		.uleb128 0x34
 655 0093 00       		.byte	0
 656 0094 03       		.uleb128 0x3
 657 0095 0E       		.uleb128 0xe
 658 0096 3A       		.uleb128 0x3a
 659 0097 0B       		.uleb128 0xb
 660 0098 3B       		.uleb128 0x3b
 661 0099 0B       		.uleb128 0xb
 662 009a 49       		.uleb128 0x49
 663 009b 13       		.uleb128 0x13
 664 009c 02       		.uleb128 0x2
 665 009d 17       		.uleb128 0x17
 666 009e 00       		.byte	0
 667 009f 00       		.byte	0
 668 00a0 0B       		.uleb128 0xb
 669 00a1 0B       		.uleb128 0xb
 670 00a2 01       		.byte	0x1
 671 00a3 55       		.uleb128 0x55
ARM GAS  C:\Users\adria\AppData\Local\Temp\ccBqvx8q.s 			page 14


 672 00a4 17       		.uleb128 0x17
 673 00a5 00       		.byte	0
 674 00a6 00       		.byte	0
 675 00a7 0C       		.uleb128 0xc
 676 00a8 34       		.uleb128 0x34
 677 00a9 00       		.byte	0
 678 00aa 03       		.uleb128 0x3
 679 00ab 08       		.uleb128 0x8
 680 00ac 3A       		.uleb128 0x3a
 681 00ad 0B       		.uleb128 0xb
 682 00ae 3B       		.uleb128 0x3b
 683 00af 0B       		.uleb128 0xb
 684 00b0 49       		.uleb128 0x49
 685 00b1 13       		.uleb128 0x13
 686 00b2 02       		.uleb128 0x2
 687 00b3 17       		.uleb128 0x17
 688 00b4 00       		.byte	0
 689 00b5 00       		.byte	0
 690 00b6 0D       		.uleb128 0xd
 691 00b7 2E       		.uleb128 0x2e
 692 00b8 01       		.byte	0x1
 693 00b9 3F       		.uleb128 0x3f
 694 00ba 19       		.uleb128 0x19
 695 00bb 03       		.uleb128 0x3
 696 00bc 0E       		.uleb128 0xe
 697 00bd 3A       		.uleb128 0x3a
 698 00be 0B       		.uleb128 0xb
 699 00bf 3B       		.uleb128 0x3b
 700 00c0 0B       		.uleb128 0xb
 701 00c1 27       		.uleb128 0x27
 702 00c2 19       		.uleb128 0x19
 703 00c3 11       		.uleb128 0x11
 704 00c4 01       		.uleb128 0x1
 705 00c5 12       		.uleb128 0x12
 706 00c6 06       		.uleb128 0x6
 707 00c7 40       		.uleb128 0x40
 708 00c8 18       		.uleb128 0x18
 709 00c9 9742     		.uleb128 0x2117
 710 00cb 19       		.uleb128 0x19
 711 00cc 01       		.uleb128 0x1
 712 00cd 13       		.uleb128 0x13
 713 00ce 00       		.byte	0
 714 00cf 00       		.byte	0
 715 00d0 0E       		.uleb128 0xe
 716 00d1 05       		.uleb128 0x5
 717 00d2 00       		.byte	0
 718 00d3 03       		.uleb128 0x3
 719 00d4 08       		.uleb128 0x8
 720 00d5 3A       		.uleb128 0x3a
 721 00d6 0B       		.uleb128 0xb
 722 00d7 3B       		.uleb128 0x3b
 723 00d8 0B       		.uleb128 0xb
 724 00d9 49       		.uleb128 0x49
 725 00da 13       		.uleb128 0x13
 726 00db 02       		.uleb128 0x2
 727 00dc 18       		.uleb128 0x18
 728 00dd 00       		.byte	0
ARM GAS  C:\Users\adria\AppData\Local\Temp\ccBqvx8q.s 			page 15


 729 00de 00       		.byte	0
 730 00df 0F       		.uleb128 0xf
 731 00e0 2E       		.uleb128 0x2e
 732 00e1 01       		.byte	0x1
 733 00e2 3F       		.uleb128 0x3f
 734 00e3 19       		.uleb128 0x19
 735 00e4 03       		.uleb128 0x3
 736 00e5 0E       		.uleb128 0xe
 737 00e6 3A       		.uleb128 0x3a
 738 00e7 0B       		.uleb128 0xb
 739 00e8 3B       		.uleb128 0x3b
 740 00e9 0B       		.uleb128 0xb
 741 00ea 27       		.uleb128 0x27
 742 00eb 19       		.uleb128 0x19
 743 00ec 49       		.uleb128 0x49
 744 00ed 13       		.uleb128 0x13
 745 00ee 11       		.uleb128 0x11
 746 00ef 01       		.uleb128 0x1
 747 00f0 12       		.uleb128 0x12
 748 00f1 06       		.uleb128 0x6
 749 00f2 40       		.uleb128 0x40
 750 00f3 18       		.uleb128 0x18
 751 00f4 9642     		.uleb128 0x2116
 752 00f6 19       		.uleb128 0x19
 753 00f7 01       		.uleb128 0x1
 754 00f8 13       		.uleb128 0x13
 755 00f9 00       		.byte	0
 756 00fa 00       		.byte	0
 757 00fb 10       		.uleb128 0x10
 758 00fc 0B       		.uleb128 0xb
 759 00fd 01       		.byte	0x1
 760 00fe 55       		.uleb128 0x55
 761 00ff 17       		.uleb128 0x17
 762 0100 01       		.uleb128 0x1
 763 0101 13       		.uleb128 0x13
 764 0102 00       		.byte	0
 765 0103 00       		.byte	0
 766 0104 11       		.uleb128 0x11
 767 0105 898201   		.uleb128 0x4109
 768 0108 00       		.byte	0
 769 0109 11       		.uleb128 0x11
 770 010a 01       		.uleb128 0x1
 771 010b 31       		.uleb128 0x31
 772 010c 13       		.uleb128 0x13
 773 010d 00       		.byte	0
 774 010e 00       		.byte	0
 775 010f 12       		.uleb128 0x12
 776 0110 34       		.uleb128 0x34
 777 0111 00       		.byte	0
 778 0112 03       		.uleb128 0x3
 779 0113 08       		.uleb128 0x8
 780 0114 3A       		.uleb128 0x3a
 781 0115 0B       		.uleb128 0xb
 782 0116 3B       		.uleb128 0x3b
 783 0117 0B       		.uleb128 0xb
 784 0118 49       		.uleb128 0x49
 785 0119 13       		.uleb128 0x13
ARM GAS  C:\Users\adria\AppData\Local\Temp\ccBqvx8q.s 			page 16


 786 011a 3F       		.uleb128 0x3f
 787 011b 19       		.uleb128 0x19
 788 011c 02       		.uleb128 0x2
 789 011d 18       		.uleb128 0x18
 790 011e 00       		.byte	0
 791 011f 00       		.byte	0
 792 0120 13       		.uleb128 0x13
 793 0121 34       		.uleb128 0x34
 794 0122 00       		.byte	0
 795 0123 03       		.uleb128 0x3
 796 0124 0E       		.uleb128 0xe
 797 0125 3A       		.uleb128 0x3a
 798 0126 0B       		.uleb128 0xb
 799 0127 3B       		.uleb128 0x3b
 800 0128 0B       		.uleb128 0xb
 801 0129 49       		.uleb128 0x49
 802 012a 13       		.uleb128 0x13
 803 012b 3F       		.uleb128 0x3f
 804 012c 19       		.uleb128 0x19
 805 012d 02       		.uleb128 0x2
 806 012e 18       		.uleb128 0x18
 807 012f 00       		.byte	0
 808 0130 00       		.byte	0
 809 0131 14       		.uleb128 0x14
 810 0132 2E       		.uleb128 0x2e
 811 0133 00       		.byte	0
 812 0134 3F       		.uleb128 0x3f
 813 0135 19       		.uleb128 0x19
 814 0136 3C       		.uleb128 0x3c
 815 0137 19       		.uleb128 0x19
 816 0138 6E       		.uleb128 0x6e
 817 0139 08       		.uleb128 0x8
 818 013a 03       		.uleb128 0x3
 819 013b 08       		.uleb128 0x8
 820 013c 3A       		.uleb128 0x3a
 821 013d 0B       		.uleb128 0xb
 822 013e 3B       		.uleb128 0x3b
 823 013f 0B       		.uleb128 0xb
 824 0140 00       		.byte	0
 825 0141 00       		.byte	0
 826 0142 00       		.byte	0
 827              		.section	.debug_loc,"",%progbits
 828              	.Ldebug_loc0:
 829              	.LLST0:
 830 0000 00000000 		.4byte	.LVL1
 831 0004 1E000000 		.4byte	.LVL7
 832 0008 0100     		.2byte	0x1
 833 000a 50       		.byte	0x50
 834 000b 1E000000 		.4byte	.LVL7
 835 000f 28000000 		.4byte	.LFE1
 836 0013 0400     		.2byte	0x4
 837 0015 F3       		.byte	0xf3
 838 0016 01       		.uleb128 0x1
 839 0017 50       		.byte	0x50
 840 0018 9F       		.byte	0x9f
 841 0019 00000000 		.4byte	0
 842 001d 00000000 		.4byte	0
ARM GAS  C:\Users\adria\AppData\Local\Temp\ccBqvx8q.s 			page 17


 843              	.LLST1:
 844 0021 00000000 		.4byte	.LVL1
 845 0025 06000000 		.4byte	.LVL2
 846 0029 0200     		.2byte	0x2
 847 002b 30       		.byte	0x30
 848 002c 9F       		.byte	0x9f
 849 002d 06000000 		.4byte	.LVL2
 850 0031 0C000000 		.4byte	.LVL3
 851 0035 0100     		.2byte	0x1
 852 0037 52       		.byte	0x52
 853 0038 0E000000 		.4byte	.LVL4
 854 003c 1E000000 		.4byte	.LVL7
 855 0040 0100     		.2byte	0x1
 856 0042 52       		.byte	0x52
 857 0043 1E000000 		.4byte	.LVL7
 858 0047 28000000 		.4byte	.LFE1
 859 004b 0100     		.2byte	0x1
 860 004d 50       		.byte	0x50
 861 004e 00000000 		.4byte	0
 862 0052 00000000 		.4byte	0
 863              	.LLST2:
 864 0056 00000000 		.4byte	.LVL1
 865 005a 06000000 		.4byte	.LVL2
 866 005e 0200     		.2byte	0x2
 867 0060 30       		.byte	0x30
 868 0061 9F       		.byte	0x9f
 869 0062 06000000 		.4byte	.LVL2
 870 0066 10000000 		.4byte	.LVL5
 871 006a 0100     		.2byte	0x1
 872 006c 53       		.byte	0x53
 873 006d 12000000 		.4byte	.LVL6
 874 0071 28000000 		.4byte	.LFE1
 875 0075 0100     		.2byte	0x1
 876 0077 53       		.byte	0x53
 877 0078 00000000 		.4byte	0
 878 007c 00000000 		.4byte	0
 879              	.LLST3:
 880 0080 00000000 		.4byte	.LVL9
 881 0084 10000000 		.4byte	.LVL11
 882 0088 0100     		.2byte	0x1
 883 008a 50       		.byte	0x50
 884 008b 10000000 		.4byte	.LVL11
 885 008f AC000000 		.4byte	.LVL33
 886 0093 0100     		.2byte	0x1
 887 0095 58       		.byte	0x58
 888 0096 AC000000 		.4byte	.LVL33
 889 009a B4000000 		.4byte	.LFE3
 890 009e 0400     		.2byte	0x4
 891 00a0 F3       		.byte	0xf3
 892 00a1 01       		.uleb128 0x1
 893 00a2 50       		.byte	0x50
 894 00a3 9F       		.byte	0x9f
 895 00a4 00000000 		.4byte	0
 896 00a8 00000000 		.4byte	0
 897              	.LLST4:
 898 00ac 06000000 		.4byte	.LVL10
 899 00b0 62000000 		.4byte	.LVL21
ARM GAS  C:\Users\adria\AppData\Local\Temp\ccBqvx8q.s 			page 18


 900 00b4 0200     		.2byte	0x2
 901 00b6 30       		.byte	0x30
 902 00b7 9F       		.byte	0x9f
 903 00b8 62000000 		.4byte	.LVL21
 904 00bc AC000000 		.4byte	.LVL33
 905 00c0 0100     		.2byte	0x1
 906 00c2 56       		.byte	0x56
 907 00c3 00000000 		.4byte	0
 908 00c7 00000000 		.4byte	0
 909              	.LLST5:
 910 00cb 58000000 		.4byte	.LVL20
 911 00cf 62000000 		.4byte	.LVL21
 912 00d3 0100     		.2byte	0x1
 913 00d5 50       		.byte	0x50
 914 00d6 62000000 		.4byte	.LVL21
 915 00da AC000000 		.4byte	.LVL33
 916 00de 0100     		.2byte	0x1
 917 00e0 57       		.byte	0x57
 918 00e1 00000000 		.4byte	0
 919 00e5 00000000 		.4byte	0
 920              	.LLST6:
 921 00e9 58000000 		.4byte	.LVL20
 922 00ed 62000000 		.4byte	.LVL21
 923 00f1 0600     		.2byte	0x6
 924 00f3 9E       		.byte	0x9e
 925 00f4 04       		.uleb128 0x4
 926 00f5 0000803F 		.4byte	0x3f800000
 927 00f9 62000000 		.4byte	.LVL21
 928 00fd 9A000000 		.4byte	.LVL30
 929 0101 0100     		.2byte	0x1
 930 0103 55       		.byte	0x55
 931 0104 9A000000 		.4byte	.LVL30
 932 0108 9E000000 		.4byte	.LVL32
 933 010c 0100     		.2byte	0x1
 934 010e 50       		.byte	0x50
 935 010f 9E000000 		.4byte	.LVL32
 936 0113 AC000000 		.4byte	.LVL33
 937 0117 0100     		.2byte	0x1
 938 0119 55       		.byte	0x55
 939 011a 00000000 		.4byte	0
 940 011e 00000000 		.4byte	0
 941              	.LLST7:
 942 0122 58000000 		.4byte	.LVL20
 943 0126 62000000 		.4byte	.LVL21
 944 012a 0200     		.2byte	0x2
 945 012c 30       		.byte	0x30
 946 012d 9F       		.byte	0x9f
 947 012e 62000000 		.4byte	.LVL21
 948 0132 9C000000 		.4byte	.LVL31
 949 0136 0100     		.2byte	0x1
 950 0138 54       		.byte	0x54
 951 0139 9E000000 		.4byte	.LVL32
 952 013d AC000000 		.4byte	.LVL33
 953 0141 0100     		.2byte	0x1
 954 0143 54       		.byte	0x54
 955 0144 00000000 		.4byte	0
 956 0148 00000000 		.4byte	0
ARM GAS  C:\Users\adria\AppData\Local\Temp\ccBqvx8q.s 			page 19


 957              		.section	.debug_aranges,"",%progbits
 958 0000 34000000 		.4byte	0x34
 959 0004 0200     		.2byte	0x2
 960 0006 00000000 		.4byte	.Ldebug_info0
 961 000a 04       		.byte	0x4
 962 000b 00       		.byte	0
 963 000c 0000     		.2byte	0
 964 000e 0000     		.2byte	0
 965 0010 00000000 		.4byte	.LFB0
 966 0014 0C000000 		.4byte	.LFE0-.LFB0
 967 0018 00000000 		.4byte	.LFB1
 968 001c 28000000 		.4byte	.LFE1-.LFB1
 969 0020 00000000 		.4byte	.LFB2
 970 0024 0C000000 		.4byte	.LFE2-.LFB2
 971 0028 00000000 		.4byte	.LFB3
 972 002c B4000000 		.4byte	.LFE3-.LFB3
 973 0030 00000000 		.4byte	0
 974 0034 00000000 		.4byte	0
 975              		.section	.debug_ranges,"",%progbits
 976              	.Ldebug_ranges0:
 977 0000 00000000 		.4byte	.LBB2
 978 0004 02000000 		.4byte	.LBE2
 979 0008 04000000 		.4byte	.LBB3
 980 000c 1A000000 		.4byte	.LBE3
 981 0010 00000000 		.4byte	0
 982 0014 00000000 		.4byte	0
 983 0018 58000000 		.4byte	.LBB4
 984 001c 5A000000 		.4byte	.LBE4
 985 0020 60000000 		.4byte	.LBB5
 986 0024 A6000000 		.4byte	.LBE5
 987 0028 00000000 		.4byte	0
 988 002c 00000000 		.4byte	0
 989 0030 00000000 		.4byte	.LFB0
 990 0034 0C000000 		.4byte	.LFE0
 991 0038 00000000 		.4byte	.LFB1
 992 003c 28000000 		.4byte	.LFE1
 993 0040 00000000 		.4byte	.LFB2
 994 0044 0C000000 		.4byte	.LFE2
 995 0048 00000000 		.4byte	.LFB3
 996 004c B4000000 		.4byte	.LFE3
 997 0050 00000000 		.4byte	0
 998 0054 00000000 		.4byte	0
 999              		.section	.debug_line,"",%progbits
 1000              	.Ldebug_line0:
 1001 0000 E7020000 		.section	.debug_str,"MS",%progbits,1
 1001      02006E02 
 1001      00000201 
 1001      FB0E0D00 
 1001      01010101 
 1002              	.LASF19:
 1003 0000 616C7068 		.ascii	"alpha_asignacion\000"
 1003      615F6173 
 1003      69676E61 
 1003      63696F6E 
 1003      00
 1004              	.LASF20:
 1005 0011 464D4D31 		.ascii	"FMM1\000"
ARM GAS  C:\Users\adria\AppData\Local\Temp\ccBqvx8q.s 			page 20


 1005      00
 1006              	.LASF21:
 1007 0016 464D4D32 		.ascii	"FMM2\000"
 1007      00
 1008              	.LASF9:
 1009 001b 5F5F696E 		.ascii	"__int16_t\000"
 1009      7431365F 
 1009      7400
 1010              	.LASF18:
 1011 0025 66696C74 		.ascii	"filtrado_output\000"
 1011      7261646F 
 1011      5F6F7574 
 1011      70757400 
 1012              	.LASF22:
 1013 0035 62657461 		.ascii	"beta\000"
 1013      00
 1014              	.LASF23:
 1015 003a 6178755F 		.ascii	"axu_peso\000"
 1015      7065736F 
 1015      00
 1016              	.LASF16:
 1017 0043 666C6F61 		.ascii	"float\000"
 1017      7400
 1018              	.LASF1:
 1019 0049 756E7369 		.ascii	"unsigned char\000"
 1019      676E6564 
 1019      20636861 
 1019      7200
 1020              	.LASF25:
 1021 0057 474E5520 		.ascii	"GNU C11 5.4.1 20160609 (release) [ARM/embedded-5-br"
 1021      43313120 
 1021      352E342E 
 1021      31203230 
 1021      31363036 
 1022 008a 616E6368 		.ascii	"anch revision 237715] -mcpu=cortex-m3 -mthumb -g -O"
 1022      20726576 
 1022      6973696F 
 1022      6E203233 
 1022      37373135 
 1023 00bd 67202D66 		.ascii	"g -ffunction-sections -ffat-lto-objects\000"
 1023      66756E63 
 1023      74696F6E 
 1023      2D736563 
 1023      74696F6E 
 1024              	.LASF5:
 1025 00e5 6C6F6E67 		.ascii	"long unsigned int\000"
 1025      20756E73 
 1025      69676E65 
 1025      6420696E 
 1025      7400
 1026              	.LASF3:
 1027 00f7 73686F72 		.ascii	"short unsigned int\000"
 1027      7420756E 
 1027      7369676E 
 1027      65642069 
 1027      6E7400
 1028              	.LASF11:
ARM GAS  C:\Users\adria\AppData\Local\Temp\ccBqvx8q.s 			page 21


 1029 010a 73697A65 		.ascii	"size_t\000"
 1029      5F7400
 1030              	.LASF17:
 1031 0111 61727261 		.ascii	"array\000"
 1031      7900
 1032              	.LASF15:
 1033 0117 646F7562 		.ascii	"double\000"
 1033      6C6500
 1034              	.LASF26:
 1035 011e 433A5C55 		.ascii	"C:\\Users\\adria\\OneDrive\\Documents\\PSoC Creator"
 1035      73657273 
 1035      5C616472 
 1035      69615C4F 
 1035      6E654472 
 1036 014c 5C46696C 		.ascii	"\\Filtros_digitales_ADC_flash\\Medias_moviles.cylib"
 1036      74726F73 
 1036      5F646967 
 1036      6974616C 
 1036      65735F41 
 1037 017d 5C4D654D 		.ascii	"\\MeMo.c\000"
 1037      6F2E6300 
 1038              	.LASF8:
 1039 0185 756E7369 		.ascii	"unsigned int\000"
 1039      676E6564 
 1039      20696E74 
 1039      00
 1040              	.LASF7:
 1041 0192 6C6F6E67 		.ascii	"long long unsigned int\000"
 1041      206C6F6E 
 1041      6720756E 
 1041      7369676E 
 1041      65642069 
 1042              	.LASF10:
 1043 01a9 696E7431 		.ascii	"int16_t\000"
 1043      365F7400 
 1044              	.LASF13:
 1045 01b1 73697A65 		.ascii	"sizetype\000"
 1045      74797065 
 1045      00
 1046              	.LASF6:
 1047 01ba 6C6F6E67 		.ascii	"long long int\000"
 1047      206C6F6E 
 1047      6720696E 
 1047      7400
 1048              	.LASF14:
 1049 01c8 63686172 		.ascii	"char\000"
 1049      00
 1050              	.LASF2:
 1051 01cd 73686F72 		.ascii	"short int\000"
 1051      7420696E 
 1051      7400
 1052              	.LASF4:
 1053 01d7 6C6F6E67 		.ascii	"long int\000"
 1053      20696E74 
 1053      00
 1054              	.LASF12:
 1055 01e0 6C6F6E67 		.ascii	"long double\000"
ARM GAS  C:\Users\adria\AppData\Local\Temp\ccBqvx8q.s 			page 22


 1055      20646F75 
 1055      626C6500 
 1056              	.LASF0:
 1057 01ec 7369676E 		.ascii	"signed char\000"
 1057      65642063 
 1057      68617200 
 1058              	.LASF24:
 1059 01f8 616C7068 		.ascii	"alpha\000"
 1059      6100
 1060              		.ident	"GCC: (GNU Tools for ARM Embedded Processors) 5.4.1 20160609 (release) [ARM/embedded-5-bran
