ARM GAS  C:\Users\adria\AppData\Local\Temp\cck5gWm9.s 			page 1


   1              		.syntax unified
   2              		.cpu cortex-m3
   3              		.fpu softvfp
   4              		.eabi_attribute 20, 1
   5              		.eabi_attribute 21, 1
   6              		.eabi_attribute 23, 3
   7              		.eabi_attribute 24, 1
   8              		.eabi_attribute 25, 1
   9              		.eabi_attribute 26, 1
  10              		.eabi_attribute 30, 1
  11              		.eabi_attribute 34, 1
  12              		.eabi_attribute 18, 4
  13              		.thumb
  14              		.syntax unified
  15              		.file	"cymetadata.c"
  16              		.text
  17              	.Ltext0:
  18              		.cfi_sections	.debug_frame
  19              		.global	cy_metadata
  20              		.global	cy_meta_flashprotect
  21              		.global	cy_meta_wonvl
  22              		.global	cy_meta_custnvl
  23              		.global	cy_meta_configecc
  24              		.section	.cyconfigecc,"a",%progbits
  25              		.align	2
  26              		.type	cy_meta_configecc, %object
  27              		.size	cy_meta_configecc, 732
  28              	cy_meta_configecc:
  29 0000 04       		.byte	4
  30 0001 52       		.byte	82
  31 0002 00       		.byte	0
  32 0003 40       		.byte	64
  33 0004 01       		.byte	1
  34 0005 64       		.byte	100
  35 0006 00       		.byte	0
  36 0007 40       		.byte	64
  37 0008 02       		.byte	2
  38 0009 03       		.byte	3
  39 000a 01       		.byte	1
  40 000b 40       		.byte	64
  41 000c 03       		.byte	3
  42 000d 05       		.byte	5
  43 000e 01       		.byte	1
  44 000f 40       		.byte	64
  45 0010 03       		.byte	3
  46 0011 07       		.byte	7
  47 0012 01       		.byte	1
  48 0013 40       		.byte	64
  49 0014 07       		.byte	7
  50 0015 09       		.byte	9
  51 0016 01       		.byte	1
  52 0017 40       		.byte	64
  53 0018 2E       		.byte	46
  54 0019 0A       		.byte	10
  55 001a 01       		.byte	1
  56 001b 40       		.byte	64
  57 001c 34       		.byte	52
ARM GAS  C:\Users\adria\AppData\Local\Temp\cck5gWm9.s 			page 2


  58 001d 0B       		.byte	11
  59 001e 01       		.byte	1
  60 001f 40       		.byte	64
  61 0020 3A       		.byte	58
  62 0021 0C       		.byte	12
  63 0022 01       		.byte	1
  64 0023 40       		.byte	64
  65 0024 2E       		.byte	46
  66 0025 0D       		.byte	13
  67 0026 01       		.byte	1
  68 0027 40       		.byte	64
  69 0028 02       		.byte	2
  70 0029 19       		.byte	25
  71 002a 01       		.byte	1
  72 002b 40       		.byte	64
  73 002c 04       		.byte	4
  74 002d 40       		.byte	64
  75 002e 01       		.byte	1
  76 002f 40       		.byte	64
  77 0030 11       		.byte	17
  78 0031 41       		.byte	65
  79 0032 01       		.byte	1
  80 0033 40       		.byte	64
  81 0034 0D       		.byte	13
  82 0035 42       		.byte	66
  83 0036 01       		.byte	1
  84 0037 40       		.byte	64
  85 0038 06       		.byte	6
  86 0039 43       		.byte	67
  87 003a 01       		.byte	1
  88 003b 40       		.byte	64
  89 003c 04       		.byte	4
  90 003d 44       		.byte	68
  91 003e 01       		.byte	1
  92 003f 40       		.byte	64
  93 0040 0A       		.byte	10
  94 0041 45       		.byte	69
  95 0042 01       		.byte	1
  96 0043 40       		.byte	64
  97 0044 09       		.byte	9
  98 0045 46       		.byte	70
  99 0046 01       		.byte	1
 100 0047 40       		.byte	64
 101 0048 01       		.byte	1
 102 0049 47       		.byte	71
 103 004a 01       		.byte	1
 104 004b 40       		.byte	64
 105 004c 02       		.byte	2
 106 004d 4C       		.byte	76
 107 004e 01       		.byte	1
 108 004f 40       		.byte	64
 109 0050 03       		.byte	3
 110 0051 4D       		.byte	77
 111 0052 01       		.byte	1
 112 0053 40       		.byte	64
 113 0054 03       		.byte	3
 114 0055 50       		.byte	80
ARM GAS  C:\Users\adria\AppData\Local\Temp\cck5gWm9.s 			page 3


 115 0056 01       		.byte	1
 116 0057 40       		.byte	64
 117 0058 01       		.byte	1
 118 0059 51       		.byte	81
 119 005a 01       		.byte	1
 120 005b 40       		.byte	64
 121 005c 00       		.byte	0
 122 005d 08       		.byte	8
 123 005e 01       		.byte	1
 124 005f 04       		.byte	4
 125 0060 60       		.byte	96
 126 0061 10       		.byte	16
 127 0062 61       		.byte	97
 128 0063 88       		.byte	-120
 129 0064 8C       		.byte	-116
 130 0065 0F       		.byte	15
 131 0066 E2       		.byte	-30
 132 0067 05       		.byte	5
 133 0068 E6       		.byte	-26
 134 0069 02       		.byte	2
 135 006a E0       		.byte	-32
 136 006b 10       		.byte	16
 137 006c E8       		.byte	-24
 138 006d 04       		.byte	4
 139 006e EE       		.byte	-18
 140 006f 41       		.byte	65
 141 0070 EA       		.byte	-22
 142 0071 10       		.byte	16
 143 0072 EC       		.byte	-20
 144 0073 18       		.byte	24
 145 0074 EE       		.byte	-18
 146 0075 02       		.byte	2
 147 0076 90       		.byte	-112
 148 0077 80       		.byte	-128
 149 0078 AC       		.byte	-84
 150 0079 28       		.byte	40
 151 007a AF       		.byte	-81
 152 007b 88       		.byte	-120
 153 007c B5       		.byte	-75
 154 007d 01       		.byte	1
 155 007e B7       		.byte	-73
 156 007f 20       		.byte	32
 157 0080 EA       		.byte	-22
 158 0081 12       		.byte	18
 159 0082 EC       		.byte	-20
 160 0083 10       		.byte	16
 161 0084 05       		.byte	5
 162 0085 1C       		.byte	28
 163 0086 07       		.byte	7
 164 0087 02       		.byte	2
 165 0088 09       		.byte	9
 166 0089 14       		.byte	20
 167 008a 13       		.byte	19
 168 008b 03       		.byte	3
 169 008c 15       		.byte	21
 170 008d 0C       		.byte	12
 171 008e 17       		.byte	23
ARM GAS  C:\Users\adria\AppData\Local\Temp\cck5gWm9.s 			page 4


 172 008f 11       		.byte	17
 173 0090 18       		.byte	24
 174 0091 01       		.byte	1
 175 0092 19       		.byte	25
 176 0093 09       		.byte	9
 177 0094 1B       		.byte	27
 178 0095 10       		.byte	16
 179 0096 25       		.byte	37
 180 0097 10       		.byte	16
 181 0098 2D       		.byte	45
 182 0099 10       		.byte	16
 183 009a 2F       		.byte	47
 184 009b 0C       		.byte	12
 185 009c 30       		.byte	48
 186 009d 01       		.byte	1
 187 009e 31       		.byte	49
 188 009f 1F       		.byte	31
 189 00a0 35       		.byte	53
 190 00a1 1F       		.byte	31
 191 00a2 3E       		.byte	62
 192 00a3 01       		.byte	1
 193 00a4 40       		.byte	64
 194 00a5 51       		.byte	81
 195 00a6 41       		.byte	65
 196 00a7 03       		.byte	3
 197 00a8 46       		.byte	70
 198 00a9 BE       		.byte	-66
 199 00aa 47       		.byte	71
 200 00ab 0C       		.byte	12
 201 00ac 48       		.byte	72
 202 00ad 1C       		.byte	28
 203 00ae 49       		.byte	73
 204 00af FF       		.byte	-1
 205 00b0 4A       		.byte	74
 206 00b1 FF       		.byte	-1
 207 00b2 4B       		.byte	75
 208 00b3 FF       		.byte	-1
 209 00b4 4E       		.byte	78
 210 00b5 F0       		.byte	-16
 211 00b6 4F       		.byte	79
 212 00b7 44       		.byte	68
 213 00b8 50       		.byte	80
 214 00b9 0C       		.byte	12
 215 00ba 58       		.byte	88
 216 00bb 04       		.byte	4
 217 00bc 59       		.byte	89
 218 00bd 04       		.byte	4
 219 00be 5A       		.byte	90
 220 00bf 04       		.byte	4
 221 00c0 5F       		.byte	95
 222 00c1 01       		.byte	1
 223 00c2 66       		.byte	102
 224 00c3 C0       		.byte	-64
 225 00c4 6A       		.byte	106
 226 00c5 40       		.byte	64
 227 00c6 6B       		.byte	107
 228 00c7 02       		.byte	2
ARM GAS  C:\Users\adria\AppData\Local\Temp\cck5gWm9.s 			page 5


 229 00c8 90       		.byte	-112
 230 00c9 01       		.byte	1
 231 00ca 95       		.byte	-107
 232 00cb 01       		.byte	1
 233 00cc A5       		.byte	-91
 234 00cd 01       		.byte	1
 235 00ce A8       		.byte	-88
 236 00cf 01       		.byte	1
 237 00d0 B1       		.byte	-79
 238 00d1 01       		.byte	1
 239 00d2 B2       		.byte	-78
 240 00d3 01       		.byte	1
 241 00d4 BE       		.byte	-66
 242 00d5 04       		.byte	4
 243 00d6 BF       		.byte	-65
 244 00d7 01       		.byte	1
 245 00d8 D8       		.byte	-40
 246 00d9 04       		.byte	4
 247 00da D9       		.byte	-39
 248 00db 04       		.byte	4
 249 00dc DB       		.byte	-37
 250 00dd 04       		.byte	4
 251 00de DF       		.byte	-33
 252 00df 01       		.byte	1
 253 00e0 09       		.byte	9
 254 00e1 20       		.byte	32
 255 00e2 0C       		.byte	12
 256 00e3 02       		.byte	2
 257 00e4 0E       		.byte	14
 258 00e5 40       		.byte	64
 259 00e6 17       		.byte	23
 260 00e7 20       		.byte	32
 261 00e8 18       		.byte	24
 262 00e9 80       		.byte	-128
 263 00ea 1F       		.byte	31
 264 00eb 08       		.byte	8
 265 00ec 21       		.byte	33
 266 00ed 22       		.byte	34
 267 00ee 25       		.byte	37
 268 00ef 01       		.byte	1
 269 00f0 29       		.byte	41
 270 00f1 44       		.byte	68
 271 00f2 2C       		.byte	44
 272 00f3 20       		.byte	32
 273 00f4 31       		.byte	49
 274 00f5 1A       		.byte	26
 275 00f6 35       		.byte	53
 276 00f7 08       		.byte	8
 277 00f8 36       		.byte	54
 278 00f9 08       		.byte	8
 279 00fa 38       		.byte	56
 280 00fb 20       		.byte	32
 281 00fc 3B       		.byte	59
 282 00fd 04       		.byte	4
 283 00fe 41       		.byte	65
 284 00ff 48       		.byte	72
 285 0100 49       		.byte	73
ARM GAS  C:\Users\adria\AppData\Local\Temp\cck5gWm9.s 			page 6


 286 0101 40       		.byte	64
 287 0102 50       		.byte	80
 288 0103 18       		.byte	24
 289 0104 52       		.byte	82
 290 0105 40       		.byte	64
 291 0106 58       		.byte	88
 292 0107 40       		.byte	64
 293 0108 5B       		.byte	91
 294 0109 80       		.byte	-128
 295 010a 5C       		.byte	92
 296 010b 08       		.byte	8
 297 010c 5E       		.byte	94
 298 010d 42       		.byte	66
 299 010e 5F       		.byte	95
 300 010f 20       		.byte	32
 301 0110 64       		.byte	100
 302 0111 44       		.byte	68
 303 0112 65       		.byte	101
 304 0113 08       		.byte	8
 305 0114 67       		.byte	103
 306 0115 02       		.byte	2
 307 0116 8E       		.byte	-114
 308 0117 09       		.byte	9
 309 0118 8F       		.byte	-113
 310 0119 01       		.byte	1
 311 011a 91       		.byte	-111
 312 011b 80       		.byte	-128
 313 011c 93       		.byte	-109
 314 011d 04       		.byte	4
 315 011e 98       		.byte	-104
 316 011f 04       		.byte	4
 317 0120 99       		.byte	-103
 318 0121 54       		.byte	84
 319 0122 9E       		.byte	-98
 320 0123 40       		.byte	64
 321 0124 A0       		.byte	-96
 322 0125 02       		.byte	2
 323 0126 A1       		.byte	-95
 324 0127 08       		.byte	8
 325 0128 A4       		.byte	-92
 326 0129 08       		.byte	8
 327 012a A8       		.byte	-88
 328 012b 02       		.byte	2
 329 012c A9       		.byte	-87
 330 012d 01       		.byte	1
 331 012e B0       		.byte	-80
 332 012f 04       		.byte	4
 333 0130 B7       		.byte	-73
 334 0131 02       		.byte	2
 335 0132 C2       		.byte	-62
 336 0133 12       		.byte	18
 337 0134 C4       		.byte	-60
 338 0135 40       		.byte	64
 339 0136 CA       		.byte	-54
 340 0137 4A       		.byte	74
 341 0138 CC       		.byte	-52
 342 0139 47       		.byte	71
ARM GAS  C:\Users\adria\AppData\Local\Temp\cck5gWm9.s 			page 7


 343 013a CE       		.byte	-50
 344 013b 06       		.byte	6
 345 013c D0       		.byte	-48
 346 013d 0A       		.byte	10
 347 013e D2       		.byte	-46
 348 013f 08       		.byte	8
 349 0140 D6       		.byte	-42
 350 0141 F0       		.byte	-16
 351 0142 D8       		.byte	-40
 352 0143 F0       		.byte	-16
 353 0144 E0       		.byte	-32
 354 0145 10       		.byte	16
 355 0146 EE       		.byte	-18
 356 0147 40       		.byte	64
 357 0148 00       		.byte	0
 358 0149 01       		.byte	1
 359 014a 34       		.byte	52
 360 014b 01       		.byte	1
 361 014c 3E       		.byte	62
 362 014d 10       		.byte	16
 363 014e 54       		.byte	84
 364 014f 01       		.byte	1
 365 0150 56       		.byte	86
 366 0151 04       		.byte	4
 367 0152 58       		.byte	88
 368 0153 04       		.byte	4
 369 0154 5B       		.byte	91
 370 0155 04       		.byte	4
 371 0156 5F       		.byte	95
 372 0157 01       		.byte	1
 373 0158 86       		.byte	-122
 374 0159 08       		.byte	8
 375 015a 8C       		.byte	-116
 376 015b 33       		.byte	51
 377 015c 8E       		.byte	-114
 378 015d 0C       		.byte	12
 379 015e 8F       		.byte	-113
 380 015f 13       		.byte	19
 381 0160 94       		.byte	-108
 382 0161 33       		.byte	51
 383 0162 95       		.byte	-107
 384 0163 31       		.byte	49
 385 0164 96       		.byte	-106
 386 0165 04       		.byte	4
 387 0166 97       		.byte	-105
 388 0167 0E       		.byte	14
 389 0168 99       		.byte	-103
 390 0169 6C       		.byte	108
 391 016a 9B       		.byte	-101
 392 016b 03       		.byte	3
 393 016c 9C       		.byte	-100
 394 016d 40       		.byte	64
 395 016e 9E       		.byte	-98
 396 016f 15       		.byte	21
 397 0170 A4       		.byte	-92
 398 0171 0A       		.byte	10
 399 0172 A6       		.byte	-90
ARM GAS  C:\Users\adria\AppData\Local\Temp\cck5gWm9.s 			page 8


 400 0173 34       		.byte	52
 401 0174 A7       		.byte	-89
 402 0175 08       		.byte	8
 403 0176 A8       		.byte	-88
 404 0177 03       		.byte	3
 405 0178 AA       		.byte	-86
 406 0179 14       		.byte	20
 407 017a AB       		.byte	-85
 408 017b 4C       		.byte	76
 409 017c AD       		.byte	-83
 410 017d 31       		.byte	49
 411 017e AF       		.byte	-81
 412 017f 46       		.byte	70
 413 0180 B0       		.byte	-80
 414 0181 10       		.byte	16
 415 0182 B3       		.byte	-77
 416 0183 4A       		.byte	74
 417 0184 B4       		.byte	-76
 418 0185 60       		.byte	96
 419 0186 B5       		.byte	-75
 420 0187 0F       		.byte	15
 421 0188 B6       		.byte	-74
 422 0189 0F       		.byte	15
 423 018a B7       		.byte	-73
 424 018b 30       		.byte	48
 425 018c B8       		.byte	-72
 426 018d 20       		.byte	32
 427 018e B9       		.byte	-71
 428 018f 80       		.byte	-128
 429 0190 BA       		.byte	-70
 430 0191 80       		.byte	-128
 431 0192 BB       		.byte	-69
 432 0193 28       		.byte	40
 433 0194 BE       		.byte	-66
 434 0195 01       		.byte	1
 435 0196 BF       		.byte	-65
 436 0197 40       		.byte	64
 437 0198 C0       		.byte	-64
 438 0199 01       		.byte	1
 439 019a C5       		.byte	-59
 440 019b 04       		.byte	4
 441 019c C9       		.byte	-55
 442 019d FF       		.byte	-1
 443 019e CA       		.byte	-54
 444 019f 07       		.byte	7
 445 01a0 CB       		.byte	-53
 446 01a1 FF       		.byte	-1
 447 01a2 CC       		.byte	-52
 448 01a3 40       		.byte	64
 449 01a4 CD       		.byte	-51
 450 01a5 20       		.byte	32
 451 01a6 CE       		.byte	-50
 452 01a7 F0       		.byte	-16
 453 01a8 CF       		.byte	-49
 454 01a9 05       		.byte	5
 455 01aa D0       		.byte	-48
 456 01ab 08       		.byte	8
ARM GAS  C:\Users\adria\AppData\Local\Temp\cck5gWm9.s 			page 9


 457 01ac D8       		.byte	-40
 458 01ad 04       		.byte	4
 459 01ae D9       		.byte	-39
 460 01af 04       		.byte	4
 461 01b0 DA       		.byte	-38
 462 01b1 04       		.byte	4
 463 01b2 DF       		.byte	-33
 464 01b3 01       		.byte	1
 465 01b4 E0       		.byte	-32
 466 01b5 40       		.byte	64
 467 01b6 E1       		.byte	-31
 468 01b7 A8       		.byte	-88
 469 01b8 E2       		.byte	-30
 470 01b9 40       		.byte	64
 471 01ba E3       		.byte	-29
 472 01bb 20       		.byte	32
 473 01bc 00       		.byte	0
 474 01bd 04       		.byte	4
 475 01be 01       		.byte	1
 476 01bf 80       		.byte	-128
 477 01c0 05       		.byte	5
 478 01c1 02       		.byte	2
 479 01c2 06       		.byte	6
 480 01c3 40       		.byte	64
 481 01c4 09       		.byte	9
 482 01c5 88       		.byte	-120
 483 01c6 10       		.byte	16
 484 01c7 08       		.byte	8
 485 01c8 11       		.byte	17
 486 01c9 10       		.byte	16
 487 01ca 13       		.byte	19
 488 01cb 04       		.byte	4
 489 01cc 18       		.byte	24
 490 01cd 04       		.byte	4
 491 01ce 19       		.byte	25
 492 01cf D0       		.byte	-48
 493 01d0 1A       		.byte	26
 494 01d1 40       		.byte	64
 495 01d2 1E       		.byte	30
 496 01d3 08       		.byte	8
 497 01d4 20       		.byte	32
 498 01d5 01       		.byte	1
 499 01d6 21       		.byte	33
 500 01d7 08       		.byte	8
 501 01d8 22       		.byte	34
 502 01d9 10       		.byte	16
 503 01da 23       		.byte	35
 504 01db 04       		.byte	4
 505 01dc 29       		.byte	41
 506 01dd 54       		.byte	84
 507 01de 31       		.byte	49
 508 01df 08       		.byte	8
 509 01e0 32       		.byte	50
 510 01e1 10       		.byte	16
 511 01e2 38       		.byte	56
 512 01e3 80       		.byte	-128
 513 01e4 40       		.byte	64
ARM GAS  C:\Users\adria\AppData\Local\Temp\cck5gWm9.s 			page 10


 514 01e5 01       		.byte	1
 515 01e6 49       		.byte	73
 516 01e7 04       		.byte	4
 517 01e8 50       		.byte	80
 518 01e9 40       		.byte	64
 519 01ea 51       		.byte	81
 520 01eb C0       		.byte	-64
 521 01ec 5D       		.byte	93
 522 01ed 12       		.byte	18
 523 01ee 5E       		.byte	94
 524 01ef 48       		.byte	72
 525 01f0 67       		.byte	103
 526 01f1 40       		.byte	64
 527 01f2 6C       		.byte	108
 528 01f3 10       		.byte	16
 529 01f4 6D       		.byte	109
 530 01f5 02       		.byte	2
 531 01f6 6F       		.byte	111
 532 01f7 0A       		.byte	10
 533 01f8 74       		.byte	116
 534 01f9 A0       		.byte	-96
 535 01fa 80       		.byte	-128
 536 01fb A0       		.byte	-96
 537 01fc 87       		.byte	-121
 538 01fd 40       		.byte	64
 539 01fe 8C       		.byte	-116
 540 01ff 10       		.byte	16
 541 0200 A7       		.byte	-89
 542 0201 08       		.byte	8
 543 0202 AF       		.byte	-81
 544 0203 08       		.byte	8
 545 0204 C0       		.byte	-64
 546 0205 15       		.byte	21
 547 0206 C2       		.byte	-62
 548 0207 05       		.byte	5
 549 0208 C4       		.byte	-60
 550 0209 06       		.byte	6
 551 020a CA       		.byte	-54
 552 020b 0E       		.byte	14
 553 020c CC       		.byte	-52
 554 020d 06       		.byte	6
 555 020e CE       		.byte	-50
 556 020f 08       		.byte	8
 557 0210 D0       		.byte	-48
 558 0211 08       		.byte	8
 559 0212 D6       		.byte	-42
 560 0213 F0       		.byte	-16
 561 0214 D8       		.byte	-40
 562 0215 80       		.byte	-128
 563 0216 EC       		.byte	-20
 564 0217 02       		.byte	2
 565 0218 A8       		.byte	-88
 566 0219 40       		.byte	64
 567 021a E8       		.byte	-24
 568 021b 01       		.byte	1
 569 021c 32       		.byte	50
 570 021d 20       		.byte	32
ARM GAS  C:\Users\adria\AppData\Local\Temp\cck5gWm9.s 			page 11


 571 021e 33       		.byte	51
 572 021f 08       		.byte	8
 573 0220 35       		.byte	53
 574 0221 20       		.byte	32
 575 0222 CC       		.byte	-52
 576 0223 70       		.byte	112
 577 0224 09       		.byte	9
 578 0225 04       		.byte	4
 579 0226 0A       		.byte	10
 580 0227 08       		.byte	8
 581 0228 0C       		.byte	12
 582 0229 08       		.byte	8
 583 022a 0E       		.byte	14
 584 022b 02       		.byte	2
 585 022c 50       		.byte	80
 586 022d 04       		.byte	4
 587 022e 53       		.byte	83
 588 022f 02       		.byte	2
 589 0230 55       		.byte	85
 590 0231 08       		.byte	8
 591 0232 81       		.byte	-127
 592 0233 08       		.byte	8
 593 0234 83       		.byte	-125
 594 0235 02       		.byte	2
 595 0236 86       		.byte	-122
 596 0237 20       		.byte	32
 597 0238 9D       		.byte	-99
 598 0239 20       		.byte	32
 599 023a A6       		.byte	-90
 600 023b 20       		.byte	32
 601 023c A7       		.byte	-89
 602 023d 08       		.byte	8
 603 023e C2       		.byte	-62
 604 023f F0       		.byte	-16
 605 0240 D4       		.byte	-44
 606 0241 E0       		.byte	-32
 607 0242 E2       		.byte	-30
 608 0243 A0       		.byte	-96
 609 0244 E6       		.byte	-26
 610 0245 40       		.byte	64
 611 0246 50       		.byte	80
 612 0247 80       		.byte	-128
 613 0248 8E       		.byte	-114
 614 0249 01       		.byte	1
 615 024a 92       		.byte	-110
 616 024b 08       		.byte	8
 617 024c 9D       		.byte	-99
 618 024d 20       		.byte	32
 619 024e A0       		.byte	-96
 620 024f 88       		.byte	-120
 621 0250 A2       		.byte	-94
 622 0251 01       		.byte	1
 623 0252 A7       		.byte	-89
 624 0253 08       		.byte	8
 625 0254 A8       		.byte	-88
 626 0255 04       		.byte	4
 627 0256 A9       		.byte	-87
ARM GAS  C:\Users\adria\AppData\Local\Temp\cck5gWm9.s 			page 12


 628 0257 04       		.byte	4
 629 0258 B4       		.byte	-76
 630 0259 80       		.byte	-128
 631 025a D4       		.byte	-44
 632 025b 20       		.byte	32
 633 025c E8       		.byte	-24
 634 025d 20       		.byte	32
 635 025e EE       		.byte	-18
 636 025f 80       		.byte	-128
 637 0260 AE       		.byte	-82
 638 0261 04       		.byte	4
 639 0262 AF       		.byte	-81
 640 0263 08       		.byte	8
 641 0264 B4       		.byte	-76
 642 0265 08       		.byte	8
 643 0266 B5       		.byte	-75
 644 0267 20       		.byte	32
 645 0268 EC       		.byte	-20
 646 0269 10       		.byte	16
 647 026a EE       		.byte	-18
 648 026b 40       		.byte	64
 649 026c 74       		.byte	116
 650 026d 04       		.byte	4
 651 026e 7B       		.byte	123
 652 026f 02       		.byte	2
 653 0270 DC       		.byte	-36
 654 0271 01       		.byte	1
 655 0272 DE       		.byte	-34
 656 0273 04       		.byte	4
 657 0274 06       		.byte	6
 658 0275 02       		.byte	2
 659 0276 0A       		.byte	10
 660 0277 04       		.byte	4
 661 0278 0B       		.byte	11
 662 0279 80       		.byte	-128
 663 027a 0F       		.byte	15
 664 027b 80       		.byte	-128
 665 027c 8F       		.byte	-113
 666 027d 02       		.byte	2
 667 027e A7       		.byte	-89
 668 027f 02       		.byte	2
 669 0280 AC       		.byte	-84
 670 0281 04       		.byte	4
 671 0282 C0       		.byte	-64
 672 0283 01       		.byte	1
 673 0284 C2       		.byte	-62
 674 0285 0E       		.byte	14
 675 0286 E4       		.byte	-28
 676 0287 02       		.byte	2
 677 0288 8E       		.byte	-114
 678 0289 02       		.byte	2
 679 028a 8F       		.byte	-113
 680 028b 40       		.byte	64
 681 028c 92       		.byte	-110
 682 028d 04       		.byte	4
 683 028e 9A       		.byte	-102
 684 028f 02       		.byte	2
ARM GAS  C:\Users\adria\AppData\Local\Temp\cck5gWm9.s 			page 13


 685 0290 A3       		.byte	-93
 686 0291 40       		.byte	64
 687 0292 B3       		.byte	-77
 688 0293 40       		.byte	64
 689 0294 E2       		.byte	-30
 690 0295 02       		.byte	2
 691 0296 E6       		.byte	-26
 692 0297 02       		.byte	2
 693 0298 EE       		.byte	-18
 694 0299 01       		.byte	1
 695 029a AE       		.byte	-82
 696 029b 04       		.byte	4
 697 029c 9B       		.byte	-101
 698 029d 80       		.byte	-128
 699 029e AB       		.byte	-85
 700 029f 80       		.byte	-128
 701 02a0 73       		.byte	115
 702 02a1 80       		.byte	-128
 703 02a2 9B       		.byte	-101
 704 02a3 80       		.byte	-128
 705 02a4 DC       		.byte	-36
 706 02a5 01       		.byte	1
 707 02a6 00       		.byte	0
 708 02a7 01       		.byte	1
 709 02a8 0C       		.byte	12
 710 02a9 01       		.byte	1
 711 02aa 0E       		.byte	14
 712 02ab 01       		.byte	1
 713 02ac 00       		.byte	0
 714 02ad 3F       		.byte	63
 715 02ae 00       		.byte	0
 716 02af 00       		.byte	0
 717 02b0 FE       		.byte	-2
 718 02b1 00       		.byte	0
 719 02b2 0E       		.byte	14
 720 02b3 FE       		.byte	-2
 721 02b4 0E       		.byte	14
 722 02b5 00       		.byte	0
 723 02b6 0E       		.byte	14
 724 02b7 00       		.byte	0
 725 02b8 00       		.byte	0
 726 02b9 00       		.byte	0
 727 02ba 00       		.byte	0
 728 02bb 00       		.byte	0
 729 02bc B8       		.byte	-72
 730 02bd 00       		.byte	0
 731 02be 38       		.byte	56
 732 02bf B8       		.byte	-72
 733 02c0 B8       		.byte	-72
 734 02c1 00       		.byte	0
 735 02c2 B8       		.byte	-72
 736 02c3 00       		.byte	0
 737 02c4 00       		.byte	0
 738 02c5 00       		.byte	0
 739 02c6 00       		.byte	0
 740 02c7 00       		.byte	0
 741 02c8 00       		.byte	0
ARM GAS  C:\Users\adria\AppData\Local\Temp\cck5gWm9.s 			page 14


 742 02c9 0B       		.byte	11
 743 02ca 0B       		.byte	11
 744 02cb 00       		.byte	0
 745 02cc 00       		.byte	0
 746 02cd 00       		.byte	0
 747 02ce 00       		.byte	0
 748 02cf 00       		.byte	0
 749 02d0 78       		.byte	120
 750 02d1 00       		.byte	0
 751 02d2 00       		.byte	0
 752 02d3 78       		.byte	120
 753 02d4 00       		.byte	0
 754 02d5 00       		.byte	0
 755 02d6 00       		.byte	0
 756 02d7 00       		.byte	0
 757 02d8 00       		.byte	0
 758 02d9 00       		.byte	0
 759 02da 00       		.byte	0
 760 02db 00       		.byte	0
 761              		.section	.cywolatch,"a",%progbits
 762              		.align	2
 763              		.type	cy_meta_wonvl, %object
 764              		.size	cy_meta_wonvl, 4
 765              	cy_meta_wonvl:
 766 0000 BC       		.byte	-68
 767 0001 90       		.byte	-112
 768 0002 AC       		.byte	-84
 769 0003 AF       		.byte	-81
 770              		.section	.cycustnvl,"a",%progbits
 771              		.align	2
 772              		.type	cy_meta_custnvl, %object
 773              		.size	cy_meta_custnvl, 4
 774              	cy_meta_custnvl:
 775 0000 00       		.byte	0
 776 0001 00       		.byte	0
 777 0002 40       		.byte	64
 778 0003 05       		.byte	5
 779              		.section	.cymeta,"a",%progbits
 780              		.align	2
 781              		.type	cy_metadata, %object
 782              		.size	cy_metadata, 12
 783              	cy_metadata:
 784 0000 00       		.byte	0
 785 0001 01       		.byte	1
 786 0002 2E       		.byte	46
 787 0003 16       		.byte	22
 788 0004 10       		.byte	16
 789 0005 69       		.byte	105
 790 0006 00       		.byte	0
 791 0007 01       		.byte	1
 792 0008 00       		.byte	0
 793 0009 00       		.byte	0
 794 000a 00       		.byte	0
 795 000b 00       		.byte	0
 796              		.section	.cyflashprotect,"a",%progbits
 797              		.align	2
 798              		.type	cy_meta_flashprotect, %object
ARM GAS  C:\Users\adria\AppData\Local\Temp\cck5gWm9.s 			page 15


 799              		.size	cy_meta_flashprotect, 256
 800              	cy_meta_flashprotect:
 801 0000 00000000 		.space	256
 801      00000000 
 801      00000000 
 801      00000000 
 801      00000000 
 802              		.text
 803              	.Letext0:
 804              		.file 1 "c:\\program files (x86)\\cypress\\psoc creator\\4.4\\psoc creator\\import\\gnu\\arm\\5.4.
 805              		.file 2 "c:\\program files (x86)\\cypress\\psoc creator\\4.4\\psoc creator\\import\\gnu\\arm\\5.4.
 806              		.file 3 "Generated_Source\\PSoC5\\cymetadata.c"
 807              		.section	.debug_info,"",%progbits
 808              	.Ldebug_info0:
 809 0000 31010000 		.4byte	0x131
 810 0004 0400     		.2byte	0x4
 811 0006 00000000 		.4byte	.Ldebug_abbrev0
 812 000a 04       		.byte	0x4
 813 000b 01       		.uleb128 0x1
 814 000c 6C000000 		.4byte	.LASF17
 815 0010 0C       		.byte	0xc
 816 0011 C6010000 		.4byte	.LASF18
 817 0015 00000000 		.4byte	.LASF19
 818 0019 00000000 		.4byte	.Ldebug_line0
 819 001d 02       		.uleb128 0x2
 820 001e 01       		.byte	0x1
 821 001f 06       		.byte	0x6
 822 0020 BA010000 		.4byte	.LASF0
 823 0024 03       		.uleb128 0x3
 824 0025 48000000 		.4byte	.LASF9
 825 0029 01       		.byte	0x1
 826 002a 1D       		.byte	0x1d
 827 002b 2F000000 		.4byte	0x2f
 828 002f 02       		.uleb128 0x2
 829 0030 01       		.byte	0x1
 830 0031 08       		.byte	0x8
 831 0032 5E000000 		.4byte	.LASF1
 832 0036 02       		.uleb128 0x2
 833 0037 02       		.byte	0x2
 834 0038 05       		.byte	0x5
 835 0039 A7010000 		.4byte	.LASF2
 836 003d 02       		.uleb128 0x2
 837 003e 02       		.byte	0x2
 838 003f 07       		.byte	0x7
 839 0040 0C010000 		.4byte	.LASF3
 840 0044 02       		.uleb128 0x2
 841 0045 04       		.byte	0x4
 842 0046 05       		.byte	0x5
 843 0047 B1010000 		.4byte	.LASF4
 844 004b 02       		.uleb128 0x2
 845 004c 04       		.byte	0x4
 846 004d 07       		.byte	0x7
 847 004e FA000000 		.4byte	.LASF5
 848 0052 02       		.uleb128 0x2
 849 0053 08       		.byte	0x8
 850 0054 05       		.byte	0x5
 851 0055 99010000 		.4byte	.LASF6
ARM GAS  C:\Users\adria\AppData\Local\Temp\cck5gWm9.s 			page 16


 852 0059 02       		.uleb128 0x2
 853 005a 08       		.byte	0x8
 854 005b 07       		.byte	0x7
 855 005c 4E010000 		.4byte	.LASF7
 856 0060 04       		.uleb128 0x4
 857 0061 04       		.byte	0x4
 858 0062 05       		.byte	0x5
 859 0063 696E7400 		.ascii	"int\000"
 860 0067 02       		.uleb128 0x2
 861 0068 04       		.byte	0x4
 862 0069 07       		.byte	0x7
 863 006a 41010000 		.4byte	.LASF8
 864 006e 03       		.uleb128 0x3
 865 006f 65010000 		.4byte	.LASF10
 866 0073 02       		.byte	0x2
 867 0074 18       		.byte	0x18
 868 0075 24000000 		.4byte	0x24
 869 0079 05       		.uleb128 0x5
 870 007a 91000000 		.4byte	0x91
 871 007e 8A000000 		.4byte	0x8a
 872 0082 06       		.uleb128 0x6
 873 0083 8A000000 		.4byte	0x8a
 874 0087 DB02     		.2byte	0x2db
 875 0089 00       		.byte	0
 876 008a 02       		.uleb128 0x2
 877 008b 04       		.byte	0x4
 878 008c 07       		.byte	0x7
 879 008d 90010000 		.4byte	.LASF11
 880 0091 07       		.uleb128 0x7
 881 0092 6E000000 		.4byte	0x6e
 882 0096 08       		.uleb128 0x8
 883 0097 2F010000 		.4byte	.LASF12
 884 009b 03       		.byte	0x3
 885 009c 1F       		.byte	0x1f
 886 009d A7000000 		.4byte	0xa7
 887 00a1 05       		.uleb128 0x5
 888 00a2 03       		.byte	0x3
 889 00a3 00000000 		.4byte	cy_meta_configecc
 890 00a7 07       		.uleb128 0x7
 891 00a8 79000000 		.4byte	0x79
 892 00ac 05       		.uleb128 0x5
 893 00ad 91000000 		.4byte	0x91
 894 00b1 BC000000 		.4byte	0xbc
 895 00b5 09       		.uleb128 0x9
 896 00b6 8A000000 		.4byte	0x8a
 897 00ba 03       		.byte	0x3
 898 00bb 00       		.byte	0
 899 00bc 08       		.uleb128 0x8
 900 00bd 1F010000 		.4byte	.LASF13
 901 00c1 03       		.byte	0x3
 902 00c2 88       		.byte	0x88
 903 00c3 CD000000 		.4byte	0xcd
 904 00c7 05       		.uleb128 0x5
 905 00c8 03       		.byte	0x3
 906 00c9 00000000 		.4byte	cy_meta_custnvl
 907 00cd 07       		.uleb128 0x7
 908 00ce AC000000 		.4byte	0xac
ARM GAS  C:\Users\adria\AppData\Local\Temp\cck5gWm9.s 			page 17


 909 00d2 08       		.uleb128 0x8
 910 00d3 82010000 		.4byte	.LASF14
 911 00d7 03       		.byte	0x3
 912 00d8 96       		.byte	0x96
 913 00d9 E3000000 		.4byte	0xe3
 914 00dd 05       		.uleb128 0x5
 915 00de 03       		.byte	0x3
 916 00df 00000000 		.4byte	cy_meta_wonvl
 917 00e3 07       		.uleb128 0x7
 918 00e4 AC000000 		.4byte	0xac
 919 00e8 05       		.uleb128 0x5
 920 00e9 91000000 		.4byte	0x91
 921 00ed F8000000 		.4byte	0xf8
 922 00f1 09       		.uleb128 0x9
 923 00f2 8A000000 		.4byte	0x8a
 924 00f6 FF       		.byte	0xff
 925 00f7 00       		.byte	0
 926 00f8 08       		.uleb128 0x8
 927 00f9 6D010000 		.4byte	.LASF15
 928 00fd 03       		.byte	0x3
 929 00fe A4       		.byte	0xa4
 930 00ff 09010000 		.4byte	0x109
 931 0103 05       		.uleb128 0x5
 932 0104 03       		.byte	0x3
 933 0105 00000000 		.4byte	cy_meta_flashprotect
 934 0109 07       		.uleb128 0x7
 935 010a E8000000 		.4byte	0xe8
 936 010e 05       		.uleb128 0x5
 937 010f 91000000 		.4byte	0x91
 938 0113 1E010000 		.4byte	0x11e
 939 0117 09       		.uleb128 0x9
 940 0118 8A000000 		.4byte	0x8a
 941 011c 0B       		.byte	0xb
 942 011d 00       		.byte	0
 943 011e 08       		.uleb128 0x8
 944 011f 52000000 		.4byte	.LASF16
 945 0123 03       		.byte	0x3
 946 0124 D1       		.byte	0xd1
 947 0125 2F010000 		.4byte	0x12f
 948 0129 05       		.uleb128 0x5
 949 012a 03       		.byte	0x3
 950 012b 00000000 		.4byte	cy_metadata
 951 012f 07       		.uleb128 0x7
 952 0130 0E010000 		.4byte	0x10e
 953 0134 00       		.byte	0
 954              		.section	.debug_abbrev,"",%progbits
 955              	.Ldebug_abbrev0:
 956 0000 01       		.uleb128 0x1
 957 0001 11       		.uleb128 0x11
 958 0002 01       		.byte	0x1
 959 0003 25       		.uleb128 0x25
 960 0004 0E       		.uleb128 0xe
 961 0005 13       		.uleb128 0x13
 962 0006 0B       		.uleb128 0xb
 963 0007 03       		.uleb128 0x3
 964 0008 0E       		.uleb128 0xe
 965 0009 1B       		.uleb128 0x1b
ARM GAS  C:\Users\adria\AppData\Local\Temp\cck5gWm9.s 			page 18


 966 000a 0E       		.uleb128 0xe
 967 000b 10       		.uleb128 0x10
 968 000c 17       		.uleb128 0x17
 969 000d 00       		.byte	0
 970 000e 00       		.byte	0
 971 000f 02       		.uleb128 0x2
 972 0010 24       		.uleb128 0x24
 973 0011 00       		.byte	0
 974 0012 0B       		.uleb128 0xb
 975 0013 0B       		.uleb128 0xb
 976 0014 3E       		.uleb128 0x3e
 977 0015 0B       		.uleb128 0xb
 978 0016 03       		.uleb128 0x3
 979 0017 0E       		.uleb128 0xe
 980 0018 00       		.byte	0
 981 0019 00       		.byte	0
 982 001a 03       		.uleb128 0x3
 983 001b 16       		.uleb128 0x16
 984 001c 00       		.byte	0
 985 001d 03       		.uleb128 0x3
 986 001e 0E       		.uleb128 0xe
 987 001f 3A       		.uleb128 0x3a
 988 0020 0B       		.uleb128 0xb
 989 0021 3B       		.uleb128 0x3b
 990 0022 0B       		.uleb128 0xb
 991 0023 49       		.uleb128 0x49
 992 0024 13       		.uleb128 0x13
 993 0025 00       		.byte	0
 994 0026 00       		.byte	0
 995 0027 04       		.uleb128 0x4
 996 0028 24       		.uleb128 0x24
 997 0029 00       		.byte	0
 998 002a 0B       		.uleb128 0xb
 999 002b 0B       		.uleb128 0xb
 1000 002c 3E       		.uleb128 0x3e
 1001 002d 0B       		.uleb128 0xb
 1002 002e 03       		.uleb128 0x3
 1003 002f 08       		.uleb128 0x8
 1004 0030 00       		.byte	0
 1005 0031 00       		.byte	0
 1006 0032 05       		.uleb128 0x5
 1007 0033 01       		.uleb128 0x1
 1008 0034 01       		.byte	0x1
 1009 0035 49       		.uleb128 0x49
 1010 0036 13       		.uleb128 0x13
 1011 0037 01       		.uleb128 0x1
 1012 0038 13       		.uleb128 0x13
 1013 0039 00       		.byte	0
 1014 003a 00       		.byte	0
 1015 003b 06       		.uleb128 0x6
 1016 003c 21       		.uleb128 0x21
 1017 003d 00       		.byte	0
 1018 003e 49       		.uleb128 0x49
 1019 003f 13       		.uleb128 0x13
 1020 0040 2F       		.uleb128 0x2f
 1021 0041 05       		.uleb128 0x5
 1022 0042 00       		.byte	0
ARM GAS  C:\Users\adria\AppData\Local\Temp\cck5gWm9.s 			page 19


 1023 0043 00       		.byte	0
 1024 0044 07       		.uleb128 0x7
 1025 0045 26       		.uleb128 0x26
 1026 0046 00       		.byte	0
 1027 0047 49       		.uleb128 0x49
 1028 0048 13       		.uleb128 0x13
 1029 0049 00       		.byte	0
 1030 004a 00       		.byte	0
 1031 004b 08       		.uleb128 0x8
 1032 004c 34       		.uleb128 0x34
 1033 004d 00       		.byte	0
 1034 004e 03       		.uleb128 0x3
 1035 004f 0E       		.uleb128 0xe
 1036 0050 3A       		.uleb128 0x3a
 1037 0051 0B       		.uleb128 0xb
 1038 0052 3B       		.uleb128 0x3b
 1039 0053 0B       		.uleb128 0xb
 1040 0054 49       		.uleb128 0x49
 1041 0055 13       		.uleb128 0x13
 1042 0056 3F       		.uleb128 0x3f
 1043 0057 19       		.uleb128 0x19
 1044 0058 02       		.uleb128 0x2
 1045 0059 18       		.uleb128 0x18
 1046 005a 00       		.byte	0
 1047 005b 00       		.byte	0
 1048 005c 09       		.uleb128 0x9
 1049 005d 21       		.uleb128 0x21
 1050 005e 00       		.byte	0
 1051 005f 49       		.uleb128 0x49
 1052 0060 13       		.uleb128 0x13
 1053 0061 2F       		.uleb128 0x2f
 1054 0062 0B       		.uleb128 0xb
 1055 0063 00       		.byte	0
 1056 0064 00       		.byte	0
 1057 0065 00       		.byte	0
 1058              		.section	.debug_aranges,"",%progbits
 1059 0000 14000000 		.4byte	0x14
 1060 0004 0200     		.2byte	0x2
 1061 0006 00000000 		.4byte	.Ldebug_info0
 1062 000a 04       		.byte	0x4
 1063 000b 00       		.byte	0
 1064 000c 0000     		.2byte	0
 1065 000e 0000     		.2byte	0
 1066 0010 00000000 		.4byte	0
 1067 0014 00000000 		.4byte	0
 1068              		.section	.debug_line,"",%progbits
 1069              	.Ldebug_line0:
 1070 0000 3D010000 		.section	.debug_str,"MS",%progbits,1
 1070      02003701 
 1070      00000201 
 1070      FB0E0D00 
 1070      01010101 
 1071              	.LASF19:
 1072 0000 433A5C55 		.ascii	"C:\\Users\\adria\\OneDrive\\Documents\\psoc\\Seguid"
 1072      73657273 
 1072      5C616472 
 1072      69615C4F 
ARM GAS  C:\Users\adria\AppData\Local\Temp\cck5gWm9.s 			page 20


 1072      6E654472 
 1073 002d 6F725C53 		.ascii	"or\\Seguidor_de_linea.cydsn\000"
 1073      65677569 
 1073      646F725F 
 1073      64655F6C 
 1073      696E6561 
 1074              	.LASF9:
 1075 0048 5F5F7569 		.ascii	"__uint8_t\000"
 1075      6E74385F 
 1075      7400
 1076              	.LASF16:
 1077 0052 63795F6D 		.ascii	"cy_metadata\000"
 1077      65746164 
 1077      61746100 
 1078              	.LASF1:
 1079 005e 756E7369 		.ascii	"unsigned char\000"
 1079      676E6564 
 1079      20636861 
 1079      7200
 1080              	.LASF17:
 1081 006c 474E5520 		.ascii	"GNU C11 5.4.1 20160609 (release) [ARM/embedded-5-br"
 1081      43313120 
 1081      352E342E 
 1081      31203230 
 1081      31363036 
 1082 009f 616E6368 		.ascii	"anch revision 237715] -mcpu=cortex-m3 -mthumb -g -O"
 1082      20726576 
 1082      6973696F 
 1082      6E203233 
 1082      37373135 
 1083 00d2 67202D66 		.ascii	"g -ffunction-sections -ffat-lto-objects\000"
 1083      66756E63 
 1083      74696F6E 
 1083      2D736563 
 1083      74696F6E 
 1084              	.LASF5:
 1085 00fa 6C6F6E67 		.ascii	"long unsigned int\000"
 1085      20756E73 
 1085      69676E65 
 1085      6420696E 
 1085      7400
 1086              	.LASF3:
 1087 010c 73686F72 		.ascii	"short unsigned int\000"
 1087      7420756E 
 1087      7369676E 
 1087      65642069 
 1087      6E7400
 1088              	.LASF13:
 1089 011f 63795F6D 		.ascii	"cy_meta_custnvl\000"
 1089      6574615F 
 1089      63757374 
 1089      6E766C00 
 1090              	.LASF12:
 1091 012f 63795F6D 		.ascii	"cy_meta_configecc\000"
 1091      6574615F 
 1091      636F6E66 
 1091      69676563 
ARM GAS  C:\Users\adria\AppData\Local\Temp\cck5gWm9.s 			page 21


 1091      6300
 1092              	.LASF8:
 1093 0141 756E7369 		.ascii	"unsigned int\000"
 1093      676E6564 
 1093      20696E74 
 1093      00
 1094              	.LASF7:
 1095 014e 6C6F6E67 		.ascii	"long long unsigned int\000"
 1095      206C6F6E 
 1095      6720756E 
 1095      7369676E 
 1095      65642069 
 1096              	.LASF10:
 1097 0165 75696E74 		.ascii	"uint8_t\000"
 1097      385F7400 
 1098              	.LASF15:
 1099 016d 63795F6D 		.ascii	"cy_meta_flashprotect\000"
 1099      6574615F 
 1099      666C6173 
 1099      6870726F 
 1099      74656374 
 1100              	.LASF14:
 1101 0182 63795F6D 		.ascii	"cy_meta_wonvl\000"
 1101      6574615F 
 1101      776F6E76 
 1101      6C00
 1102              	.LASF11:
 1103 0190 73697A65 		.ascii	"sizetype\000"
 1103      74797065 
 1103      00
 1104              	.LASF6:
 1105 0199 6C6F6E67 		.ascii	"long long int\000"
 1105      206C6F6E 
 1105      6720696E 
 1105      7400
 1106              	.LASF2:
 1107 01a7 73686F72 		.ascii	"short int\000"
 1107      7420696E 
 1107      7400
 1108              	.LASF4:
 1109 01b1 6C6F6E67 		.ascii	"long int\000"
 1109      20696E74 
 1109      00
 1110              	.LASF0:
 1111 01ba 7369676E 		.ascii	"signed char\000"
 1111      65642063 
 1111      68617200 
 1112              	.LASF18:
 1113 01c6 47656E65 		.ascii	"Generated_Source\\PSoC5\\cymetadata.c\000"
 1113      72617465 
 1113      645F536F 
 1113      75726365 
 1113      5C50536F 
 1114              		.ident	"GCC: (GNU Tools for ARM Embedded Processors) 5.4.1 20160609 (release) [ARM/embedded-5-bran
