--------------- Build Started: 11/19/2023 19:25:50 Project: PID_anticolision, Configuration: ARM GCC 5.4-2016-q2-update Debug ---------------
cydsfit.exe -.appdatapath "C:\Users\adria\AppData\Local\Cypress Semiconductor\PSoC Creator\4.4" -.fdsnotice -.fdswarpdepfile=warp_dependencies.txt -.fdselabdepfile=elab_dependencies.txt -.fdsbldfile=generated_files.txt -.fdsreffile=referenced_files.txt -p "C:\Users\adria\OneDrive\Documents\PSoC Creator\FINAL_vilchis\PID_anticolision.cydsn\PID_anticolision.cyprj" -d CY8C5888LTI-LP097 -s "C:\Users\adria\OneDrive\Documents\PSoC Creator\FINAL_vilchis\PID_anticolision.cydsn\Generated_Source\PSoC5" -- -yv2 -q10 -ygs -o2 -v3 -.fftcfgtype=LE
Elaborating Design...
HDL Generation...
Synthesis...
Tech Mapping...
ADD: pft.M0040: information: The following 4 pin(s) will be assigned a location by the fitter: Pin_1(0), Rx_1(0), sensor(0), Tx_1(0)
Analog Placement...
Log: apr.M0058: The analog placement iterative improvement is 47% done. (App=cydsfit)
Log: apr.M0058: The analog placement iterative improvement is 100% done. (App=cydsfit)
Analog Routing...
Analog Code Generation...
Digital Placement...
Digital Routing...
Bitstream Generation...
Bitstream Verification...
Static timing analysis...
API Generation...
Dependency Generation...
Cleanup...
--------------- Build Succeeded: 11/19/2023 19:26:20 ---------------
