ARM GAS  C:\Users\adria\AppData\Local\Temp\ccIMH8Du.s 			page 1


   1              		.syntax unified
   2              		.cpu cortex-m3
   3              		.fpu softvfp
   4              		.eabi_attribute 20, 1
   5              		.eabi_attribute 21, 1
   6              		.eabi_attribute 23, 3
   7              		.eabi_attribute 24, 1
   8              		.eabi_attribute 25, 1
   9              		.eabi_attribute 26, 1
  10              		.eabi_attribute 30, 1
  11              		.eabi_attribute 34, 1
  12              		.eabi_attribute 18, 4
  13              		.thumb
  14              		.syntax unified
  15              		.file	"cymetadata.c"
  16              		.text
  17              	.Ltext0:
  18              		.cfi_sections	.debug_frame
  19              		.global	cy_metadata
  20              		.global	cy_meta_flashprotect
  21              		.global	cy_meta_wonvl
  22              		.global	cy_meta_custnvl
  23              		.global	cy_meta_configecc
  24              		.section	.cyconfigecc,"a",%progbits
  25              		.align	2
  26              		.type	cy_meta_configecc, %object
  27              		.size	cy_meta_configecc, 240
  28              	cy_meta_configecc:
  29 0000 04       		.byte	4
  30 0001 52       		.byte	82
  31 0002 00       		.byte	0
  32 0003 40       		.byte	64
  33 0004 02       		.byte	2
  34 0005 14       		.byte	20
  35 0006 01       		.byte	1
  36 0007 40       		.byte	64
  37 0008 10       		.byte	16
  38 0009 15       		.byte	21
  39 000a 01       		.byte	1
  40 000b 40       		.byte	64
  41 000c 01       		.byte	1
  42 000d 17       		.byte	23
  43 000e 01       		.byte	1
  44 000f 40       		.byte	64
  45 0010 01       		.byte	1
  46 0011 19       		.byte	25
  47 0012 01       		.byte	1
  48 0013 40       		.byte	64
  49 0014 04       		.byte	4
  50 0015 1B       		.byte	27
  51 0016 01       		.byte	1
  52 0017 40       		.byte	64
  53 0018 02       		.byte	2
  54 0019 42       		.byte	66
  55 001a 01       		.byte	1
  56 001b 40       		.byte	64
  57 001c 01       		.byte	1
ARM GAS  C:\Users\adria\AppData\Local\Temp\ccIMH8Du.s 			page 2


  58 001d 43       		.byte	67
  59 001e 01       		.byte	1
  60 001f 40       		.byte	64
  61 0020 03       		.byte	3
  62 0021 48       		.byte	72
  63 0022 01       		.byte	1
  64 0023 40       		.byte	64
  65 0024 1E       		.byte	30
  66 0025 49       		.byte	73
  67 0026 01       		.byte	1
  68 0027 40       		.byte	64
  69 0028 08       		.byte	8
  70 0029 4C       		.byte	76
  71 002a 01       		.byte	1
  72 002b 40       		.byte	64
  73 002c 07       		.byte	7
  74 002d 4D       		.byte	77
  75 002e 01       		.byte	1
  76 002f 40       		.byte	64
  77 0030 01       		.byte	1
  78 0031 51       		.byte	81
  79 0032 01       		.byte	1
  80 0033 40       		.byte	64
  81 0034 18       		.byte	24
  82 0035 98       		.byte	-104
  83 0036 19       		.byte	25
  84 0037 54       		.byte	84
  85 0038 60       		.byte	96
  86 0039 02       		.byte	2
  87 003a 64       		.byte	100
  88 003b 03       		.byte	3
  89 003c DB       		.byte	-37
  90 003d 04       		.byte	4
  91 003e DF       		.byte	-33
  92 003f 01       		.byte	1
  93 0040 6C       		.byte	108
  94 0041 20       		.byte	32
  95 0042 6E       		.byte	110
  96 0043 60       		.byte	96
  97 0044 6F       		.byte	111
  98 0045 80       		.byte	-128
  99 0046 74       		.byte	116
 100 0047 80       		.byte	-128
 101 0048 75       		.byte	117
 102 0049 20       		.byte	32
 103 004a 83       		.byte	-125
 104 004b 80       		.byte	-128
 105 004c 85       		.byte	-123
 106 004d 20       		.byte	32
 107 004e 86       		.byte	-122
 108 004f 10       		.byte	16
 109 0050 88       		.byte	-120
 110 0051 80       		.byte	-128
 111 0052 8C       		.byte	-116
 112 0053 20       		.byte	32
 113 0054 8E       		.byte	-114
 114 0055 40       		.byte	64
ARM GAS  C:\Users\adria\AppData\Local\Temp\ccIMH8Du.s 			page 3


 115 0056 E0       		.byte	-32
 116 0057 08       		.byte	8
 117 0058 E4       		.byte	-28
 118 0059 01       		.byte	1
 119 005a E6       		.byte	-26
 120 005b D0       		.byte	-48
 121 005c EA       		.byte	-22
 122 005d 01       		.byte	1
 123 005e EE       		.byte	-18
 124 005f 80       		.byte	-128
 125 0060 E2       		.byte	-30
 126 0061 01       		.byte	1
 127 0062 E2       		.byte	-30
 128 0063 01       		.byte	1
 129 0064 E0       		.byte	-32
 130 0065 08       		.byte	8
 131 0066 E4       		.byte	-28
 132 0067 01       		.byte	1
 133 0068 EA       		.byte	-22
 134 0069 01       		.byte	1
 135 006a EE       		.byte	-18
 136 006b 80       		.byte	-128
 137 006c 3E       		.byte	62
 138 006d 10       		.byte	16
 139 006e CE       		.byte	-50
 140 006f 20       		.byte	32
 141 0070 96       		.byte	-106
 142 0071 10       		.byte	16
 143 0072 80       		.byte	-128
 144 0073 08       		.byte	8
 145 0074 96       		.byte	-106
 146 0075 10       		.byte	16
 147 0076 E2       		.byte	-30
 148 0077 80       		.byte	-128
 149 0078 12       		.byte	18
 150 0079 20       		.byte	32
 151 007a 16       		.byte	22
 152 007b 40       		.byte	64
 153 007c 56       		.byte	86
 154 007d 20       		.byte	32
 155 007e 58       		.byte	88
 156 007f 10       		.byte	16
 157 0080 62       		.byte	98
 158 0081 04       		.byte	4
 159 0082 63       		.byte	99
 160 0083 02       		.byte	2
 161 0084 66       		.byte	102
 162 0085 01       		.byte	1
 163 0086 67       		.byte	103
 164 0087 02       		.byte	2
 165 0088 70       		.byte	112
 166 0089 08       		.byte	8
 167 008a 74       		.byte	116
 168 008b 02       		.byte	2
 169 008c 82       		.byte	-126
 170 008d 20       		.byte	32
 171 008e 83       		.byte	-125
ARM GAS  C:\Users\adria\AppData\Local\Temp\ccIMH8Du.s 			page 4


 172 008f 01       		.byte	1
 173 0090 84       		.byte	-124
 174 0091 10       		.byte	16
 175 0092 86       		.byte	-122
 176 0093 40       		.byte	64
 177 0094 87       		.byte	-121
 178 0095 01       		.byte	1
 179 0096 8A       		.byte	-118
 180 0097 20       		.byte	32
 181 0098 8E       		.byte	-114
 182 0099 05       		.byte	5
 183 009a A0       		.byte	-96
 184 009b 0A       		.byte	10
 185 009c AA       		.byte	-86
 186 009d 10       		.byte	16
 187 009e B0       		.byte	-80
 188 009f 02       		.byte	2
 189 00a0 C4       		.byte	-60
 190 00a1 30       		.byte	48
 191 00a2 D4       		.byte	-44
 192 00a3 C0       		.byte	-64
 193 00a4 D6       		.byte	-42
 194 00a5 C0       		.byte	-64
 195 00a6 D8       		.byte	-40
 196 00a7 C0       		.byte	-64
 197 00a8 DC       		.byte	-36
 198 00a9 80       		.byte	-128
 199 00aa DE       		.byte	-34
 200 00ab 20       		.byte	32
 201 00ac E0       		.byte	-32
 202 00ad 10       		.byte	16
 203 00ae E4       		.byte	-28
 204 00af 80       		.byte	-128
 205 00b0 E6       		.byte	-26
 206 00b1 70       		.byte	112
 207 00b2 EA       		.byte	-22
 208 00b3 80       		.byte	-128
 209 00b4 10       		.byte	16
 210 00b5 20       		.byte	32
 211 00b6 13       		.byte	19
 212 00b7 20       		.byte	32
 213 00b8 16       		.byte	22
 214 00b9 40       		.byte	64
 215 00ba 7B       		.byte	123
 216 00bb 10       		.byte	16
 217 00bc 7F       		.byte	127
 218 00bd 40       		.byte	64
 219 00be 80       		.byte	-128
 220 00bf 20       		.byte	32
 221 00c0 C4       		.byte	-60
 222 00c1 0E       		.byte	14
 223 00c2 DE       		.byte	-34
 224 00c3 03       		.byte	3
 225 00c4 83       		.byte	-125
 226 00c5 10       		.byte	16
 227 00c6 87       		.byte	-121
 228 00c7 40       		.byte	64
ARM GAS  C:\Users\adria\AppData\Local\Temp\ccIMH8Du.s 			page 5


 229 00c8 97       		.byte	-105
 230 00c9 80       		.byte	-128
 231 00ca A7       		.byte	-89
 232 00cb 10       		.byte	16
 233 00cc AB       		.byte	-85
 234 00cd 20       		.byte	32
 235 00ce B2       		.byte	-78
 236 00cf 40       		.byte	64
 237 00d0 EE       		.byte	-18
 238 00d1 01       		.byte	1
 239 00d2 03       		.byte	3
 240 00d3 C0       		.byte	-64
 241 00d4 03       		.byte	3
 242 00d5 00       		.byte	0
 243 00d6 00       		.byte	0
 244 00d7 00       		.byte	0
 245 00d8 03       		.byte	3
 246 00d9 00       		.byte	0
 247 00da 03       		.byte	3
 248 00db 00       		.byte	0
 249 00dc 00       		.byte	0
 250 00dd 00       		.byte	0
 251 00de 00       		.byte	0
 252 00df 00       		.byte	0
 253 00e0 00       		.byte	0
 254 00e1 0B       		.byte	11
 255 00e2 0B       		.byte	11
 256 00e3 00       		.byte	0
 257 00e4 00       		.byte	0
 258 00e5 00       		.byte	0
 259 00e6 00       		.byte	0
 260 00e7 00       		.byte	0
 261 00e8 00       		.byte	0
 262 00e9 FC       		.byte	-4
 263 00ea FC       		.byte	-4
 264 00eb 00       		.byte	0
 265 00ec FC       		.byte	-4
 266 00ed 00       		.byte	0
 267 00ee 00       		.byte	0
 268 00ef 00       		.byte	0
 269              		.section	.cywolatch,"a",%progbits
 270              		.align	2
 271              		.type	cy_meta_wonvl, %object
 272              		.size	cy_meta_wonvl, 4
 273              	cy_meta_wonvl:
 274 0000 BC       		.byte	-68
 275 0001 90       		.byte	-112
 276 0002 AC       		.byte	-84
 277 0003 AF       		.byte	-81
 278              		.section	.cycustnvl,"a",%progbits
 279              		.align	2
 280              		.type	cy_meta_custnvl, %object
 281              		.size	cy_meta_custnvl, 4
 282              	cy_meta_custnvl:
 283 0000 00       		.byte	0
 284 0001 00       		.byte	0
 285 0002 40       		.byte	64
ARM GAS  C:\Users\adria\AppData\Local\Temp\ccIMH8Du.s 			page 6


 286 0003 05       		.byte	5
 287              		.section	.cymeta,"a",%progbits
 288              		.align	2
 289              		.type	cy_metadata, %object
 290              		.size	cy_metadata, 12
 291              	cy_metadata:
 292 0000 00       		.byte	0
 293 0001 01       		.byte	1
 294 0002 2E       		.byte	46
 295 0003 16       		.byte	22
 296 0004 10       		.byte	16
 297 0005 69       		.byte	105
 298 0006 00       		.byte	0
 299 0007 01       		.byte	1
 300 0008 00       		.byte	0
 301 0009 00       		.byte	0
 302 000a 00       		.byte	0
 303 000b 00       		.byte	0
 304              		.section	.cyflashprotect,"a",%progbits
 305              		.align	2
 306              		.type	cy_meta_flashprotect, %object
 307              		.size	cy_meta_flashprotect, 256
 308              	cy_meta_flashprotect:
 309 0000 00000000 		.space	256
 309      00000000 
 309      00000000 
 309      00000000 
 309      00000000 
 310              		.text
 311              	.Letext0:
 312              		.file 1 "c:\\program files (x86)\\cypress\\psoc creator\\4.4\\psoc creator\\import\\gnu\\arm\\5.4.
 313              		.file 2 "c:\\program files (x86)\\cypress\\psoc creator\\4.4\\psoc creator\\import\\gnu\\arm\\5.4.
 314              		.file 3 "Generated_Source\\PSoC5\\cymetadata.c"
 315              		.section	.debug_info,"",%progbits
 316              	.Ldebug_info0:
 317 0000 30010000 		.4byte	0x130
 318 0004 0400     		.2byte	0x4
 319 0006 00000000 		.4byte	.Ldebug_abbrev0
 320 000a 04       		.byte	0x4
 321 000b 01       		.uleb128 0x1
 322 000c 24000000 		.4byte	.LASF17
 323 0010 0C       		.byte	0xc
 324 0011 C7010000 		.4byte	.LASF18
 325 0015 7E010000 		.4byte	.LASF19
 326 0019 00000000 		.4byte	.Ldebug_line0
 327 001d 02       		.uleb128 0x2
 328 001e 01       		.byte	0x1
 329 001f 06       		.byte	0x6
 330 0020 72010000 		.4byte	.LASF0
 331 0024 03       		.uleb128 0x3
 332 0025 00000000 		.4byte	.LASF9
 333 0029 01       		.byte	0x1
 334 002a 1D       		.byte	0x1d
 335 002b 2F000000 		.4byte	0x2f
 336 002f 02       		.uleb128 0x2
 337 0030 01       		.byte	0x1
 338 0031 08       		.byte	0x8
ARM GAS  C:\Users\adria\AppData\Local\Temp\ccIMH8Du.s 			page 7


 339 0032 16000000 		.4byte	.LASF1
 340 0036 02       		.uleb128 0x2
 341 0037 02       		.byte	0x2
 342 0038 05       		.byte	0x5
 343 0039 5F010000 		.4byte	.LASF2
 344 003d 02       		.uleb128 0x2
 345 003e 02       		.byte	0x2
 346 003f 07       		.byte	0x7
 347 0040 C4000000 		.4byte	.LASF3
 348 0044 02       		.uleb128 0x2
 349 0045 04       		.byte	0x4
 350 0046 05       		.byte	0x5
 351 0047 69010000 		.4byte	.LASF4
 352 004b 02       		.uleb128 0x2
 353 004c 04       		.byte	0x4
 354 004d 07       		.byte	0x7
 355 004e B2000000 		.4byte	.LASF5
 356 0052 02       		.uleb128 0x2
 357 0053 08       		.byte	0x8
 358 0054 05       		.byte	0x5
 359 0055 51010000 		.4byte	.LASF6
 360 0059 02       		.uleb128 0x2
 361 005a 08       		.byte	0x8
 362 005b 07       		.byte	0x7
 363 005c 06010000 		.4byte	.LASF7
 364 0060 04       		.uleb128 0x4
 365 0061 04       		.byte	0x4
 366 0062 05       		.byte	0x5
 367 0063 696E7400 		.ascii	"int\000"
 368 0067 02       		.uleb128 0x2
 369 0068 04       		.byte	0x4
 370 0069 07       		.byte	0x7
 371 006a F9000000 		.4byte	.LASF8
 372 006e 03       		.uleb128 0x3
 373 006f 1D010000 		.4byte	.LASF10
 374 0073 02       		.byte	0x2
 375 0074 18       		.byte	0x18
 376 0075 24000000 		.4byte	0x24
 377 0079 05       		.uleb128 0x5
 378 007a 90000000 		.4byte	0x90
 379 007e 89000000 		.4byte	0x89
 380 0082 06       		.uleb128 0x6
 381 0083 89000000 		.4byte	0x89
 382 0087 EF       		.byte	0xef
 383 0088 00       		.byte	0
 384 0089 02       		.uleb128 0x2
 385 008a 04       		.byte	0x4
 386 008b 07       		.byte	0x7
 387 008c 48010000 		.4byte	.LASF11
 388 0090 07       		.uleb128 0x7
 389 0091 6E000000 		.4byte	0x6e
 390 0095 08       		.uleb128 0x8
 391 0096 E7000000 		.4byte	.LASF12
 392 009a 03       		.byte	0x3
 393 009b 1F       		.byte	0x1f
 394 009c A6000000 		.4byte	0xa6
 395 00a0 05       		.uleb128 0x5
ARM GAS  C:\Users\adria\AppData\Local\Temp\ccIMH8Du.s 			page 8


 396 00a1 03       		.byte	0x3
 397 00a2 00000000 		.4byte	cy_meta_configecc
 398 00a6 07       		.uleb128 0x7
 399 00a7 79000000 		.4byte	0x79
 400 00ab 05       		.uleb128 0x5
 401 00ac 90000000 		.4byte	0x90
 402 00b0 BB000000 		.4byte	0xbb
 403 00b4 06       		.uleb128 0x6
 404 00b5 89000000 		.4byte	0x89
 405 00b9 03       		.byte	0x3
 406 00ba 00       		.byte	0
 407 00bb 08       		.uleb128 0x8
 408 00bc D7000000 		.4byte	.LASF13
 409 00c0 03       		.byte	0x3
 410 00c1 4A       		.byte	0x4a
 411 00c2 CC000000 		.4byte	0xcc
 412 00c6 05       		.uleb128 0x5
 413 00c7 03       		.byte	0x3
 414 00c8 00000000 		.4byte	cy_meta_custnvl
 415 00cc 07       		.uleb128 0x7
 416 00cd AB000000 		.4byte	0xab
 417 00d1 08       		.uleb128 0x8
 418 00d2 3A010000 		.4byte	.LASF14
 419 00d6 03       		.byte	0x3
 420 00d7 58       		.byte	0x58
 421 00d8 E2000000 		.4byte	0xe2
 422 00dc 05       		.uleb128 0x5
 423 00dd 03       		.byte	0x3
 424 00de 00000000 		.4byte	cy_meta_wonvl
 425 00e2 07       		.uleb128 0x7
 426 00e3 AB000000 		.4byte	0xab
 427 00e7 05       		.uleb128 0x5
 428 00e8 90000000 		.4byte	0x90
 429 00ec F7000000 		.4byte	0xf7
 430 00f0 06       		.uleb128 0x6
 431 00f1 89000000 		.4byte	0x89
 432 00f5 FF       		.byte	0xff
 433 00f6 00       		.byte	0
 434 00f7 08       		.uleb128 0x8
 435 00f8 25010000 		.4byte	.LASF15
 436 00fc 03       		.byte	0x3
 437 00fd 66       		.byte	0x66
 438 00fe 08010000 		.4byte	0x108
 439 0102 05       		.uleb128 0x5
 440 0103 03       		.byte	0x3
 441 0104 00000000 		.4byte	cy_meta_flashprotect
 442 0108 07       		.uleb128 0x7
 443 0109 E7000000 		.4byte	0xe7
 444 010d 05       		.uleb128 0x5
 445 010e 90000000 		.4byte	0x90
 446 0112 1D010000 		.4byte	0x11d
 447 0116 06       		.uleb128 0x6
 448 0117 89000000 		.4byte	0x89
 449 011b 0B       		.byte	0xb
 450 011c 00       		.byte	0
 451 011d 08       		.uleb128 0x8
 452 011e 0A000000 		.4byte	.LASF16
ARM GAS  C:\Users\adria\AppData\Local\Temp\ccIMH8Du.s 			page 9


 453 0122 03       		.byte	0x3
 454 0123 93       		.byte	0x93
 455 0124 2E010000 		.4byte	0x12e
 456 0128 05       		.uleb128 0x5
 457 0129 03       		.byte	0x3
 458 012a 00000000 		.4byte	cy_metadata
 459 012e 07       		.uleb128 0x7
 460 012f 0D010000 		.4byte	0x10d
 461 0133 00       		.byte	0
 462              		.section	.debug_abbrev,"",%progbits
 463              	.Ldebug_abbrev0:
 464 0000 01       		.uleb128 0x1
 465 0001 11       		.uleb128 0x11
 466 0002 01       		.byte	0x1
 467 0003 25       		.uleb128 0x25
 468 0004 0E       		.uleb128 0xe
 469 0005 13       		.uleb128 0x13
 470 0006 0B       		.uleb128 0xb
 471 0007 03       		.uleb128 0x3
 472 0008 0E       		.uleb128 0xe
 473 0009 1B       		.uleb128 0x1b
 474 000a 0E       		.uleb128 0xe
 475 000b 10       		.uleb128 0x10
 476 000c 17       		.uleb128 0x17
 477 000d 00       		.byte	0
 478 000e 00       		.byte	0
 479 000f 02       		.uleb128 0x2
 480 0010 24       		.uleb128 0x24
 481 0011 00       		.byte	0
 482 0012 0B       		.uleb128 0xb
 483 0013 0B       		.uleb128 0xb
 484 0014 3E       		.uleb128 0x3e
 485 0015 0B       		.uleb128 0xb
 486 0016 03       		.uleb128 0x3
 487 0017 0E       		.uleb128 0xe
 488 0018 00       		.byte	0
 489 0019 00       		.byte	0
 490 001a 03       		.uleb128 0x3
 491 001b 16       		.uleb128 0x16
 492 001c 00       		.byte	0
 493 001d 03       		.uleb128 0x3
 494 001e 0E       		.uleb128 0xe
 495 001f 3A       		.uleb128 0x3a
 496 0020 0B       		.uleb128 0xb
 497 0021 3B       		.uleb128 0x3b
 498 0022 0B       		.uleb128 0xb
 499 0023 49       		.uleb128 0x49
 500 0024 13       		.uleb128 0x13
 501 0025 00       		.byte	0
 502 0026 00       		.byte	0
 503 0027 04       		.uleb128 0x4
 504 0028 24       		.uleb128 0x24
 505 0029 00       		.byte	0
 506 002a 0B       		.uleb128 0xb
 507 002b 0B       		.uleb128 0xb
 508 002c 3E       		.uleb128 0x3e
 509 002d 0B       		.uleb128 0xb
ARM GAS  C:\Users\adria\AppData\Local\Temp\ccIMH8Du.s 			page 10


 510 002e 03       		.uleb128 0x3
 511 002f 08       		.uleb128 0x8
 512 0030 00       		.byte	0
 513 0031 00       		.byte	0
 514 0032 05       		.uleb128 0x5
 515 0033 01       		.uleb128 0x1
 516 0034 01       		.byte	0x1
 517 0035 49       		.uleb128 0x49
 518 0036 13       		.uleb128 0x13
 519 0037 01       		.uleb128 0x1
 520 0038 13       		.uleb128 0x13
 521 0039 00       		.byte	0
 522 003a 00       		.byte	0
 523 003b 06       		.uleb128 0x6
 524 003c 21       		.uleb128 0x21
 525 003d 00       		.byte	0
 526 003e 49       		.uleb128 0x49
 527 003f 13       		.uleb128 0x13
 528 0040 2F       		.uleb128 0x2f
 529 0041 0B       		.uleb128 0xb
 530 0042 00       		.byte	0
 531 0043 00       		.byte	0
 532 0044 07       		.uleb128 0x7
 533 0045 26       		.uleb128 0x26
 534 0046 00       		.byte	0
 535 0047 49       		.uleb128 0x49
 536 0048 13       		.uleb128 0x13
 537 0049 00       		.byte	0
 538 004a 00       		.byte	0
 539 004b 08       		.uleb128 0x8
 540 004c 34       		.uleb128 0x34
 541 004d 00       		.byte	0
 542 004e 03       		.uleb128 0x3
 543 004f 0E       		.uleb128 0xe
 544 0050 3A       		.uleb128 0x3a
 545 0051 0B       		.uleb128 0xb
 546 0052 3B       		.uleb128 0x3b
 547 0053 0B       		.uleb128 0xb
 548 0054 49       		.uleb128 0x49
 549 0055 13       		.uleb128 0x13
 550 0056 3F       		.uleb128 0x3f
 551 0057 19       		.uleb128 0x19
 552 0058 02       		.uleb128 0x2
 553 0059 18       		.uleb128 0x18
 554 005a 00       		.byte	0
 555 005b 00       		.byte	0
 556 005c 00       		.byte	0
 557              		.section	.debug_aranges,"",%progbits
 558 0000 14000000 		.4byte	0x14
 559 0004 0200     		.2byte	0x2
 560 0006 00000000 		.4byte	.Ldebug_info0
 561 000a 04       		.byte	0x4
 562 000b 00       		.byte	0
 563 000c 0000     		.2byte	0
 564 000e 0000     		.2byte	0
 565 0010 00000000 		.4byte	0
 566 0014 00000000 		.4byte	0
ARM GAS  C:\Users\adria\AppData\Local\Temp\ccIMH8Du.s 			page 11


 567              		.section	.debug_line,"",%progbits
 568              	.Ldebug_line0:
 569 0000 3D010000 		.section	.debug_str,"MS",%progbits,1
 569      02003701 
 569      00000201 
 569      FB0E0D00 
 569      01010101 
 570              	.LASF9:
 571 0000 5F5F7569 		.ascii	"__uint8_t\000"
 571      6E74385F 
 571      7400
 572              	.LASF16:
 573 000a 63795F6D 		.ascii	"cy_metadata\000"
 573      65746164 
 573      61746100 
 574              	.LASF1:
 575 0016 756E7369 		.ascii	"unsigned char\000"
 575      676E6564 
 575      20636861 
 575      7200
 576              	.LASF17:
 577 0024 474E5520 		.ascii	"GNU C11 5.4.1 20160609 (release) [ARM/embedded-5-br"
 577      43313120 
 577      352E342E 
 577      31203230 
 577      31363036 
 578 0057 616E6368 		.ascii	"anch revision 237715] -mcpu=cortex-m3 -mthumb -g -O"
 578      20726576 
 578      6973696F 
 578      6E203233 
 578      37373135 
 579 008a 67202D66 		.ascii	"g -ffunction-sections -ffat-lto-objects\000"
 579      66756E63 
 579      74696F6E 
 579      2D736563 
 579      74696F6E 
 580              	.LASF5:
 581 00b2 6C6F6E67 		.ascii	"long unsigned int\000"
 581      20756E73 
 581      69676E65 
 581      6420696E 
 581      7400
 582              	.LASF3:
 583 00c4 73686F72 		.ascii	"short unsigned int\000"
 583      7420756E 
 583      7369676E 
 583      65642069 
 583      6E7400
 584              	.LASF13:
 585 00d7 63795F6D 		.ascii	"cy_meta_custnvl\000"
 585      6574615F 
 585      63757374 
 585      6E766C00 
 586              	.LASF12:
 587 00e7 63795F6D 		.ascii	"cy_meta_configecc\000"
 587      6574615F 
 587      636F6E66 
ARM GAS  C:\Users\adria\AppData\Local\Temp\ccIMH8Du.s 			page 12


 587      69676563 
 587      6300
 588              	.LASF8:
 589 00f9 756E7369 		.ascii	"unsigned int\000"
 589      676E6564 
 589      20696E74 
 589      00
 590              	.LASF7:
 591 0106 6C6F6E67 		.ascii	"long long unsigned int\000"
 591      206C6F6E 
 591      6720756E 
 591      7369676E 
 591      65642069 
 592              	.LASF10:
 593 011d 75696E74 		.ascii	"uint8_t\000"
 593      385F7400 
 594              	.LASF15:
 595 0125 63795F6D 		.ascii	"cy_meta_flashprotect\000"
 595      6574615F 
 595      666C6173 
 595      6870726F 
 595      74656374 
 596              	.LASF14:
 597 013a 63795F6D 		.ascii	"cy_meta_wonvl\000"
 597      6574615F 
 597      776F6E76 
 597      6C00
 598              	.LASF11:
 599 0148 73697A65 		.ascii	"sizetype\000"
 599      74797065 
 599      00
 600              	.LASF6:
 601 0151 6C6F6E67 		.ascii	"long long int\000"
 601      206C6F6E 
 601      6720696E 
 601      7400
 602              	.LASF2:
 603 015f 73686F72 		.ascii	"short int\000"
 603      7420696E 
 603      7400
 604              	.LASF4:
 605 0169 6C6F6E67 		.ascii	"long int\000"
 605      20696E74 
 605      00
 606              	.LASF0:
 607 0172 7369676E 		.ascii	"signed char\000"
 607      65642063 
 607      68617200 
 608              	.LASF19:
 609 017e 433A5C55 		.ascii	"C:\\Users\\adria\\OneDrive\\Documents\\PSoC Creator"
 609      73657273 
 609      5C616472 
 609      69615C4F 
 609      6E654472 
 610 01ac 5C50524F 		.ascii	"\\PROYECTO_IOT\\BME680.cydsn\000"
 610      59454354 
 610      4F5F494F 
ARM GAS  C:\Users\adria\AppData\Local\Temp\ccIMH8Du.s 			page 13


 610      545C424D 
 610      45363830 
 611              	.LASF18:
 612 01c7 47656E65 		.ascii	"Generated_Source\\PSoC5\\cymetadata.c\000"
 612      72617465 
 612      645F536F 
 612      75726365 
 612      5C50536F 
 613              		.ident	"GCC: (GNU Tools for ARM Embedded Processors) 5.4.1 20160609 (release) [ARM/embedded-5-bran
